{
  "fio version" : "fio-3.16",
  "timestamp" : 1601065415,
  "timestamp_ms" : 1601065415942,
  "time" : "Fri Sep 25 16:23:35 2020",
  "global options" : {
    "unified_rw_reporting" : "1",
    "time_based" : "1",
    "runtime" : "90",
    "directory" : "/media/auto/work/tmp",
    "filename" : "testfile.dat",
    "filesize" : "20GiB",
    "direct" : "1",
    "ioengine" : "libaio"
  },
  "jobs" : [
    {
      "jobname" : "jobname",
      "groupid" : 0,
      "error" : 0,
      "eta" : 0,
      "elapsed" : 91,
      "job options" : {
        "name" : "jobname",
        "iodepth" : "6",
        "bs" : "8k",
        "rw" : "read"
      },
      "mixed" : {
        "io_bytes" : 168732606464,
        "io_kbytes" : 164777936,
        "bw_bytes" : 1874785907,
        "bw" : 1830845,
        "iops" : 228855.701603,
        "runtime" : 90001,
        "total_ios" : 20597242,
        "short_ios" : 0,
        "drop_ios" : 0,
        "slat_ns" : {
          "min" : 1352,
          "max" : 716325,
          "mean" : 2718.898309,
          "stddev" : 1293.903268
        },
        "clat_ns" : {
          "min" : 8165,
          "max" : 755237,
          "mean" : 23032.325213,
          "stddev" : 13103.315702,
          "percentile" : {
            "1.000000" : 13120,
            "5.000000" : 14144,
            "10.000000" : 15040,
            "20.000000" : 15936,
            "30.000000" : 16192,
            "40.000000" : 17024,
            "50.000000" : 18816,
            "60.000000" : 21120,
            "70.000000" : 22912,
            "80.000000" : 27520,
            "90.000000" : 31616,
            "95.000000" : 47872,
            "99.000000" : 77312,
            "99.500000" : 89600,
            "99.900000" : 148480,
            "99.950000" : 168960,
            "99.990000" : 220160
          }
        },
        "lat_ns" : {
          "min" : 10069,
          "max" : 759075,
          "mean" : 25850.847088,
          "stddev" : 13204.760998
        },
        "bw_min" : 1772704,
        "bw_max" : 1914544,
        "bw_agg" : 99.989556,
        "bw_mean" : 1830653.782123,
        "bw_dev" : 21304.724492,
        "bw_samples" : 179,
        "iops_min" : 221588,
        "iops_max" : 239318,
        "iops_mean" : 228831.770950,
        "iops_stddev" : 2663.040850,
        "iops_samples" : 179
      },
      "job_runtime" : 90000,
      "usr_cpu" : 19.730000,
      "sys_cpu" : 63.817778,
      "ctx" : 1303013,
      "majf" : 0,
      "minf" : 24,
      "iodepth_level" : {
        "1" : 0.100000,
        "2" : 0.100000,
        "4" : 99.999869,
        "8" : 0.000000,
        "16" : 0.000000,
        "32" : 0.000000,
        ">=64" : 0.000000
      },
      "iodepth_submit" : {
        "0" : 0.000000,
        "4" : 100.000000,
        "8" : 0.000000,
        "16" : 0.000000,
        "32" : 0.000000,
        "64" : 0.000000,
        ">=64" : 0.000000
      },
      "iodepth_complete" : {
        "0" : 0.000000,
        "4" : 99.999956,
        "8" : 0.100000,
        "16" : 0.000000,
        "32" : 0.000000,
        "64" : 0.000000,
        ">=64" : 0.000000
      },
      "latency_ns" : {
        "2" : 0.000000,
        "4" : 0.000000,
        "10" : 0.000000,
        "20" : 0.000000,
        "50" : 0.000000,
        "100" : 0.000000,
        "250" : 0.000000,
        "500" : 0.000000,
        "750" : 0.000000,
        "1000" : 0.000000
      },
      "latency_us" : {
        "2" : 0.000000,
        "4" : 0.000000,
        "10" : 0.010000,
        "20" : 54.669742,
        "50" : 40.801934,
        "100" : 4.206408,
        "250" : 0.319703,
        "500" : 0.010000,
        "750" : 0.010000,
        "1000" : 0.010000
      },
      "latency_ms" : {
        "2" : 0.000000,
        "4" : 0.000000,
        "10" : 0.000000,
        "20" : 0.000000,
        "50" : 0.000000,
        "100" : 0.000000,
        "250" : 0.000000,
        "500" : 0.000000,
        "750" : 0.000000,
        "1000" : 0.000000,
        "2000" : 0.000000,
        ">=2000" : 0.000000
      },
      "latency_depth" : 6,
      "latency_target" : 0,
      "latency_percentile" : 100.000000,
      "latency_window" : 0
    }
  ],
  "disk_util" : [
    {
      "name" : "nvme0n1",
      "read_ios" : 20574454,
      "write_ios" : 0,
      "read_merges" : 0,
      "write_merges" : 0,
      "read_ticks" : 335816,
      "write_ticks" : 0,
      "in_queue" : 0,
      "util" : 99.957762
    }
  ]
}
