{
  "fio version" : "fio-3.16",
  "timestamp" : 1600548710,
  "timestamp_ms" : 1600548710157,
  "time" : "Sat Sep 19 16:51:50 2020",
  "global options" : {
    "unified_rw_reporting" : "1",
    "time_based" : "1",
    "runtime" : "90",
    "directory" : "/media/auto/work/tmp",
    "filename" : "testfile.dat",
    "filesize" : "20GiB",
    "direct" : "1",
    "ioengine" : "libaio"
  },
  "jobs" : [
    {
      "jobname" : "jobname",
      "groupid" : 0,
      "error" : 0,
      "eta" : 0,
      "elapsed" : 91,
      "job options" : {
        "name" : "jobname",
        "iodepth" : "16",
        "bs" : "16k",
        "rw" : "write"
      },
      "mixed" : {
        "io_bytes" : 71920418816,
        "io_kbytes" : 70234784,
        "bw_bytes" : 798645451,
        "bw" : 779927,
        "iops" : 48745.449902,
        "runtime" : 90053,
        "total_ios" : 4389674,
        "short_ios" : 0,
        "drop_ios" : 0,
        "slat_ns" : {
          "min" : 1923,
          "max" : 294221,
          "mean" : 3826.417629,
          "stddev" : 1491.458277
        },
        "clat_ns" : {
          "min" : 44102,
          "max" : 65074766,
          "mean" : 323872.785802,
          "stddev" : 594567.161454,
          "percentile" : {
            "1.000000" : 78336,
            "5.000000" : 88576,
            "10.000000" : 93696,
            "20.000000" : 99840,
            "30.000000" : 108032,
            "40.000000" : 124416,
            "50.000000" : 164864,
            "60.000000" : 222208,
            "70.000000" : 317440,
            "80.000000" : 473088,
            "90.000000" : 757760,
            "95.000000" : 1089536,
            "99.000000" : 1744896,
            "99.500000" : 1974272,
            "99.900000" : 2539520,
            "99.950000" : 3031040,
            "99.990000" : 15532032
          }
        },
        "lat_ns" : {
          "min" : 46998,
          "max" : 65077922,
          "mean" : 327824.235042,
          "stddev" : 594594.148524
        },
        "bw_min" : 483167,
        "bw_max" : 2467840,
        "bw_agg" : 100.000000,
        "bw_mean" : 780328.111111,
        "bw_dev" : 437506.084935,
        "bw_samples" : 180,
        "iops_min" : 30197,
        "iops_max" : 154240,
        "iops_mean" : 48770.488889,
        "iops_stddev" : 27344.129459,
        "iops_samples" : 180
      },
      "job_runtime" : 90052,
      "usr_cpu" : 6.253054,
      "sys_cpu" : 21.507573,
      "ctx" : 2442975,
      "majf" : 0,
      "minf" : 13,
      "iodepth_level" : {
        "1" : 0.100000,
        "2" : 0.100000,
        "4" : 0.100000,
        "8" : 0.100000,
        "16" : 99.998633,
        "32" : 0.000000,
        ">=64" : 0.000000
      },
      "iodepth_submit" : {
        "0" : 0.000000,
        "4" : 100.000000,
        "8" : 0.000000,
        "16" : 0.000000,
        "32" : 0.000000,
        "64" : 0.000000,
        ">=64" : 0.000000
      },
      "iodepth_complete" : {
        "0" : 0.000000,
        "4" : 99.999909,
        "8" : 0.000000,
        "16" : 0.100000,
        "32" : 0.000000,
        "64" : 0.000000,
        ">=64" : 0.000000
      },
      "latency_ns" : {
        "2" : 0.000000,
        "4" : 0.000000,
        "10" : 0.000000,
        "20" : 0.000000,
        "50" : 0.000000,
        "100" : 0.000000,
        "250" : 0.000000,
        "500" : 0.000000,
        "750" : 0.000000,
        "1000" : 0.000000
      },
      "latency_us" : {
        "2" : 0.000000,
        "4" : 0.000000,
        "10" : 0.000000,
        "20" : 0.000000,
        "50" : 0.017928,
        "100" : 20.342991,
        "250" : 43.006474,
        "500" : 17.950422,
        "750" : 8.583713,
        "1000" : 4.103198
      },
      "latency_ms" : {
        "2" : 5.528383,
        "4" : 0.442835,
        "10" : 0.011778,
        "20" : 0.010000,
        "50" : 0.010000,
        "100" : 0.010000,
        "250" : 0.000000,
        "500" : 0.000000,
        "750" : 0.000000,
        "1000" : 0.000000,
        "2000" : 0.000000,
        ">=2000" : 0.000000
      },
      "latency_depth" : 16,
      "latency_target" : 0,
      "latency_percentile" : 100.000000,
      "latency_window" : 0
    }
  ],
  "disk_util" : [
    {
      "name" : "nvme0n1",
      "read_ios" : 0,
      "write_ios" : 4386013,
      "read_merges" : 0,
      "write_merges" : 17,
      "read_ticks" : 0,
      "write_ticks" : 1395274,
      "in_queue" : 22128,
      "util" : 98.686112
    }
  ]
}
