{
  "fio version" : "fio-3.16",
  "timestamp" : 1600551189,
  "timestamp_ms" : 1600551189246,
  "time" : "Sat Sep 19 17:33:09 2020",
  "global options" : {
    "unified_rw_reporting" : "1",
    "time_based" : "1",
    "runtime" : "90",
    "directory" : "/media/auto/work/tmp",
    "filename" : "testfile.dat",
    "filesize" : "20GiB",
    "direct" : "1",
    "ioengine" : "libaio"
  },
  "jobs" : [
    {
      "jobname" : "jobname",
      "groupid" : 0,
      "error" : 0,
      "eta" : 0,
      "elapsed" : 91,
      "job options" : {
        "name" : "jobname",
        "iodepth" : "8",
        "bs" : "8k",
        "rw" : "randwrite"
      },
      "mixed" : {
        "io_bytes" : 66796716032,
        "io_kbytes" : 65231168,
        "bw_bytes" : 742177487,
        "bw" : 724782,
        "iops" : 90597.837802,
        "runtime" : 90001,
        "total_ios" : 8153896,
        "short_ios" : 0,
        "drop_ios" : 0,
        "slat_ns" : {
          "min" : 1603,
          "max" : 275877,
          "mean" : 3853.431264,
          "stddev" : 1471.500036
        },
        "clat_ns" : {
          "min" : 11181,
          "max" : 65768147,
          "mean" : 83780.996871,
          "stddev" : 284642.848056,
          "percentile" : {
            "1.000000" : 22656,
            "5.000000" : 24192,
            "10.000000" : 29056,
            "20.000000" : 33536,
            "30.000000" : 35072,
            "40.000000" : 36096,
            "50.000000" : 37632,
            "60.000000" : 40704,
            "70.000000" : 46336,
            "80.000000" : 56064,
            "90.000000" : 154624,
            "95.000000" : 321536,
            "99.000000" : 847872,
            "99.500000" : 1105920,
            "99.900000" : 1712128,
            "99.950000" : 1957888,
            "99.990000" : 3260416
          }
        },
        "lat_ns" : {
          "min" : 15419,
          "max" : 65771053,
          "mean" : 87753.749764,
          "stddev" : 284570.209847
        },
        "bw_min" : 616703,
        "bw_max" : 2013344,
        "bw_agg" : 100.000000,
        "bw_mean" : 725042.055866,
        "bw_dev" : 271869.656810,
        "bw_samples" : 179,
        "iops_min" : 77087,
        "iops_max" : 251668,
        "iops_mean" : 90630.279330,
        "iops_stddev" : 33983.701380,
        "iops_samples" : 179
      },
      "job_runtime" : 90000,
      "usr_cpu" : 11.346667,
      "sys_cpu" : 35.295556,
      "ctx" : 707939,
      "majf" : 0,
      "minf" : 10,
      "iodepth_level" : {
        "1" : 0.100000,
        "2" : 0.100000,
        "4" : 0.100000,
        "8" : 99.999914,
        "16" : 0.000000,
        "32" : 0.000000,
        ">=64" : 0.000000
      },
      "iodepth_submit" : {
        "0" : 0.000000,
        "4" : 100.000000,
        "8" : 0.000000,
        "16" : 0.000000,
        "32" : 0.000000,
        "64" : 0.000000,
        ">=64" : 0.000000
      },
      "iodepth_complete" : {
        "0" : 0.000000,
        "4" : 99.999988,
        "8" : 0.100000,
        "16" : 0.000000,
        "32" : 0.000000,
        "64" : 0.000000,
        ">=64" : 0.000000
      },
      "latency_ns" : {
        "2" : 0.000000,
        "4" : 0.000000,
        "10" : 0.000000,
        "20" : 0.000000,
        "50" : 0.000000,
        "100" : 0.000000,
        "250" : 0.000000,
        "500" : 0.000000,
        "750" : 0.000000,
        "1000" : 0.000000
      },
      "latency_us" : {
        "2" : 0.000000,
        "4" : 0.000000,
        "10" : 0.000000,
        "20" : 0.010000,
        "50" : 75.703332,
        "100" : 10.249137,
        "250" : 7.490481,
        "500" : 3.814741,
        "750" : 1.420364,
        "1000" : 0.647617
      },
      "latency_ms" : {
        "2" : 0.623211,
        "4" : 0.035259,
        "10" : 0.010000,
        "20" : 0.010000,
        "50" : 0.010000,
        "100" : 0.010000,
        "250" : 0.000000,
        "500" : 0.000000,
        "750" : 0.000000,
        "1000" : 0.000000,
        "2000" : 0.000000,
        ">=2000" : 0.000000
      },
      "latency_depth" : 8,
      "latency_target" : 0,
      "latency_percentile" : 100.000000,
      "latency_window" : 0
    }
  ],
  "disk_util" : [
    {
      "name" : "nvme0n1",
      "read_ios" : 0,
      "write_ios" : 8145289,
      "read_merges" : 0,
      "write_merges" : 17,
      "read_ticks" : 0,
      "write_ticks" : 559426,
      "in_queue" : 11912,
      "util" : 98.643962
    }
  ]
}
