{
  "fio version" : "fio-3.16",
  "timestamp" : 1600551971,
  "timestamp_ms" : 1600551971946,
  "time" : "Sat Sep 19 17:46:11 2020",
  "global options" : {
    "unified_rw_reporting" : "1",
    "time_based" : "1",
    "runtime" : "90",
    "directory" : "/media/auto/work/tmp",
    "filename" : "testfile.dat",
    "filesize" : "20GiB",
    "direct" : "1",
    "ioengine" : "libaio"
  },
  "jobs" : [
    {
      "jobname" : "jobname",
      "groupid" : 0,
      "error" : 0,
      "eta" : 0,
      "elapsed" : 91,
      "job options" : {
        "name" : "jobname",
        "iodepth" : "32",
        "bs" : "16k",
        "rw" : "randwrite"
      },
      "mixed" : {
        "io_bytes" : 66994274304,
        "io_kbytes" : 65424096,
        "bw_bytes" : 744372554,
        "bw" : 726926,
        "iops" : 45432.895190,
        "runtime" : 90001,
        "total_ios" : 4089006,
        "short_ios" : 0,
        "drop_ios" : 0,
        "slat_ns" : {
          "min" : 1964,
          "max" : 312567,
          "mean" : 4068.369370,
          "stddev" : 1459.362109
        },
        "clat_ns" : {
          "min" : 90961,
          "max" : 67798004,
          "mean" : 699614.161731,
          "stddev" : 857231.084371,
          "percentile" : {
            "1.000000" : 177152,
            "5.000000" : 199680,
            "10.000000" : 220160,
            "20.000000" : 264192,
            "30.000000" : 342016,
            "40.000000" : 444416,
            "50.000000" : 561152,
            "60.000000" : 700416,
            "70.000000" : 856064,
            "80.000000" : 1056768,
            "90.000000" : 1368064,
            "95.000000" : 1613824,
            "99.000000" : 2113536,
            "99.500000" : 2310144,
            "99.900000" : 3260416,
            "99.950000" : 4177920,
            "99.990000" : 51642368
          }
        },
        "lat_ns" : {
          "min" : 93886,
          "max" : 67801200,
          "mean" : 703810.224926,
          "stddev" : 857217.308087
        },
        "bw_min" : 614399,
        "bw_max" : 2062720,
        "bw_agg" : 99.994358,
        "bw_mean" : 726884.983333,
        "bw_dev" : 281139.495295,
        "bw_samples" : 180,
        "iops_min" : 38399,
        "iops_max" : 128920,
        "iops_mean" : 45430.294444,
        "iops_stddev" : 17571.222935,
        "iops_samples" : 180
      },
      "job_runtime" : 90000,
      "usr_cpu" : 6.182222,
      "sys_cpu" : 21.485556,
      "ctx" : 2229085,
      "majf" : 0,
      "minf" : 10,
      "iodepth_level" : {
        "1" : 0.100000,
        "2" : 0.100000,
        "4" : 0.100000,
        "8" : 0.100000,
        "16" : 0.100000,
        "32" : 99.999242,
        ">=64" : 0.000000
      },
      "iodepth_submit" : {
        "0" : 0.000000,
        "4" : 100.000000,
        "8" : 0.000000,
        "16" : 0.000000,
        "32" : 0.000000,
        "64" : 0.000000,
        ">=64" : 0.000000
      },
      "iodepth_complete" : {
        "0" : 0.000000,
        "4" : 99.999976,
        "8" : 0.000000,
        "16" : 0.000000,
        "32" : 0.100000,
        "64" : 0.000000,
        ">=64" : 0.000000
      },
      "latency_ns" : {
        "2" : 0.000000,
        "4" : 0.000000,
        "10" : 0.000000,
        "20" : 0.000000,
        "50" : 0.000000,
        "100" : 0.000000,
        "250" : 0.000000,
        "500" : 0.000000,
        "750" : 0.000000,
        "1000" : 0.000000
      },
      "latency_us" : {
        "2" : 0.000000,
        "4" : 0.000000,
        "10" : 0.000000,
        "20" : 0.000000,
        "50" : 0.000000,
        "100" : 0.010000,
        "250" : 17.123281,
        "500" : 27.713459,
        "750" : 18.729784,
        "1000" : 13.963247
      },
      "latency_ms" : {
        "2" : 21.022053,
        "4" : 1.392025,
        "10" : 0.018244,
        "20" : 0.010956,
        "50" : 0.011445,
        "100" : 0.010174,
        "250" : 0.000000,
        "500" : 0.000000,
        "750" : 0.000000,
        "1000" : 0.000000,
        "2000" : 0.000000,
        ">=2000" : 0.000000
      },
      "latency_depth" : 32,
      "latency_target" : 0,
      "latency_percentile" : 100.000000,
      "latency_window" : 0
    }
  ],
  "disk_util" : [
    {
      "name" : "nvme0n1",
      "read_ios" : 0,
      "write_ios" : 4084836,
      "read_merges" : 0,
      "write_merges" : 17,
      "read_ticks" : 0,
      "write_ticks" : 2832697,
      "in_queue" : 48312,
      "util" : 98.483771
    }
  ]
}
