{
  "fio version" : "fio-3.16",
  "timestamp" : 1600570842,
  "timestamp_ms" : 1600570842693,
  "time" : "Sat Sep 19 23:00:42 2020",
  "global options" : {
    "unified_rw_reporting" : "1",
    "time_based" : "1",
    "runtime" : "90",
    "directory" : "/media/auto/work/tmp",
    "filename" : "testfile.dat",
    "filesize" : "20GiB",
    "direct" : "1",
    "ioengine" : "libaio"
  },
  "jobs" : [
    {
      "jobname" : "jobname",
      "groupid" : 0,
      "error" : 0,
      "eta" : 0,
      "elapsed" : 91,
      "job options" : {
        "name" : "jobname",
        "iodepth" : "2",
        "bs" : "4k",
        "rw" : "randwrite"
      },
      "mixed" : {
        "io_bytes" : 45172428800,
        "io_kbytes" : 44113700,
        "bw_bytes" : 501910298,
        "bw" : 490146,
        "iops" : 122536.694037,
        "runtime" : 90001,
        "total_ios" : 11028425,
        "short_ios" : 0,
        "drop_ios" : 0,
        "slat_ns" : {
          "min" : 1633,
          "max" : 197080,
          "mean" : 2542.066648,
          "stddev" : 419.783404
        },
        "clat_ns" : {
          "min" : 3066,
          "max" : 57159610,
          "mean" : 13244.462721,
          "stddev" : 58789.269262,
          "percentile" : {
            "1.000000" : 10432,
            "5.000000" : 11712,
            "10.000000" : 12352,
            "20.000000" : 12480,
            "30.000000" : 12608,
            "40.000000" : 12736,
            "50.000000" : 12864,
            "60.000000" : 12864,
            "70.000000" : 12992,
            "80.000000" : 13120,
            "90.000000" : 13632,
            "95.000000" : 14400,
            "99.000000" : 17280,
            "99.500000" : 22912,
            "99.900000" : 24704,
            "99.950000" : 27520,
            "99.990000" : 301056
          }
        },
        "lat_ns" : {
          "min" : 10260,
          "max" : 57163056,
          "mean" : 15869.607558,
          "stddev" : 58796.889914
        },
        "bw_min" : 175207,
        "bw_max" : 519880,
        "bw_agg" : 99.993374,
        "bw_mean" : 490113.522222,
        "bw_dev" : 37673.147870,
        "bw_samples" : 180,
        "iops_min" : 43801,
        "iops_max" : 129970,
        "iops_mean" : 122528.366667,
        "iops_stddev" : 9418.284026,
        "iops_samples" : 180
      },
      "job_runtime" : 90000,
      "usr_cpu" : 14.593333,
      "sys_cpu" : 44.416667,
      "ctx" : 5517648,
      "majf" : 0,
      "minf" : 12,
      "iodepth_level" : {
        "1" : 0.100000,
        "2" : 99.999991,
        "4" : 0.000000,
        "8" : 0.000000,
        "16" : 0.000000,
        "32" : 0.000000,
        ">=64" : 0.000000
      },
      "iodepth_submit" : {
        "0" : 0.000000,
        "4" : 100.000000,
        "8" : 0.000000,
        "16" : 0.000000,
        "32" : 0.000000,
        "64" : 0.000000,
        ">=64" : 0.000000
      },
      "iodepth_complete" : {
        "0" : 0.000000,
        "4" : 100.000000,
        "8" : 0.000000,
        "16" : 0.000000,
        "32" : 0.000000,
        "64" : 0.000000,
        ">=64" : 0.000000
      },
      "latency_ns" : {
        "2" : 0.000000,
        "4" : 0.000000,
        "10" : 0.000000,
        "20" : 0.000000,
        "50" : 0.000000,
        "100" : 0.000000,
        "250" : 0.000000,
        "500" : 0.000000,
        "750" : 0.000000,
        "1000" : 0.000000
      },
      "latency_us" : {
        "2" : 0.000000,
        "4" : 0.010000,
        "10" : 0.494649,
        "20" : 98.725720,
        "50" : 0.765277,
        "100" : 0.010000,
        "250" : 0.010000,
        "500" : 0.010000,
        "750" : 0.010000,
        "1000" : 0.010000
      },
      "latency_ms" : {
        "2" : 0.010000,
        "4" : 0.010000,
        "10" : 0.010000,
        "20" : 0.010000,
        "50" : 0.010000,
        "100" : 0.010000,
        "250" : 0.000000,
        "500" : 0.000000,
        "750" : 0.000000,
        "1000" : 0.000000,
        "2000" : 0.000000,
        ">=2000" : 0.000000
      },
      "latency_depth" : 2,
      "latency_target" : 0,
      "latency_percentile" : 100.000000,
      "latency_window" : 0
    }
  ],
  "disk_util" : [
    {
      "name" : "nvme0n1",
      "read_ios" : 0,
      "write_ios" : 11015918,
      "read_merges" : 0,
      "write_merges" : 17,
      "read_ticks" : 0,
      "write_ticks" : 119164,
      "in_queue" : 1788,
      "util" : 99.350851
    }
  ]
}
