{
  "fio version" : "fio-3.16",
  "timestamp" : 1600569668,
  "timestamp_ms" : 1600569668292,
  "time" : "Sat Sep 19 22:41:08 2020",
  "global options" : {
    "unified_rw_reporting" : "1",
    "time_based" : "1",
    "runtime" : "90",
    "directory" : "/media/auto/work/tmp",
    "filename" : "testfile.dat",
    "filesize" : "20GiB",
    "direct" : "1",
    "ioengine" : "libaio"
  },
  "jobs" : [
    {
      "jobname" : "jobname",
      "groupid" : 0,
      "error" : 0,
      "eta" : 0,
      "elapsed" : 91,
      "job options" : {
        "name" : "jobname",
        "iodepth" : "1",
        "bs" : "16k",
        "rw" : "write"
      },
      "mixed" : {
        "io_bytes" : 64225378304,
        "io_kbytes" : 62720096,
        "bw_bytes" : 713607385,
        "bw" : 696882,
        "iops" : 43555.138276,
        "runtime" : 90001,
        "total_ios" : 3920006,
        "short_ios" : 0,
        "drop_ios" : 0,
        "slat_ns" : {
          "min" : 2064,
          "max" : 49102,
          "mean" : 3170.398446,
          "stddev" : 429.291127
        },
        "clat_ns" : {
          "min" : 391,
          "max" : 64511841,
          "mean" : 19273.286941,
          "stddev" : 128266.701714,
          "percentile" : {
            "1.000000" : 13632,
            "5.000000" : 13760,
            "10.000000" : 13760,
            "20.000000" : 13888,
            "30.000000" : 14016,
            "40.000000" : 14144,
            "50.000000" : 14272,
            "60.000000" : 14528,
            "70.000000" : 14912,
            "80.000000" : 15296,
            "90.000000" : 16768,
            "95.000000" : 19072,
            "99.000000" : 140288,
            "99.500000" : 284672,
            "99.900000" : 643072,
            "99.950000" : 839680,
            "99.990000" : 1499136
          }
        },
        "lat_ns" : {
          "min" : 14808,
          "max" : 64518153,
          "mean" : 22536.256202,
          "stddev" : 128269.407118
        },
        "bw_min" : 606015,
        "bw_max" : 843200,
        "bw_agg" : 99.889279,
        "bw_mean" : 696110.407821,
        "bw_dev" : 65559.864500,
        "bw_samples" : 179,
        "iops_min" : 37875,
        "iops_max" : 52700,
        "iops_mean" : 43506.888268,
        "iops_stddev" : 4097.508423,
        "iops_samples" : 179
      },
      "job_runtime" : 90000,
      "usr_cpu" : 5.395556,
      "sys_cpu" : 19.021111,
      "ctx" : 3920377,
      "majf" : 0,
      "minf" : 14,
      "iodepth_level" : {
        "1" : 100.000000,
        "2" : 0.000000,
        "4" : 0.000000,
        "8" : 0.000000,
        "16" : 0.000000,
        "32" : 0.000000,
        ">=64" : 0.000000
      },
      "iodepth_submit" : {
        "0" : 0.000000,
        "4" : 100.000000,
        "8" : 0.000000,
        "16" : 0.000000,
        "32" : 0.000000,
        "64" : 0.000000,
        ">=64" : 0.000000
      },
      "iodepth_complete" : {
        "0" : 0.000000,
        "4" : 100.000000,
        "8" : 0.000000,
        "16" : 0.000000,
        "32" : 0.000000,
        "64" : 0.000000,
        ">=64" : 0.000000
      },
      "latency_ns" : {
        "2" : 0.000000,
        "4" : 0.000000,
        "10" : 0.000000,
        "20" : 0.000000,
        "50" : 0.000000,
        "100" : 0.000000,
        "250" : 0.000000,
        "500" : 0.010000,
        "750" : 0.010000,
        "1000" : 0.010000
      },
      "latency_us" : {
        "2" : 0.010000,
        "4" : 0.010000,
        "10" : 0.010000,
        "20" : 95.881256,
        "50" : 2.386348,
        "100" : 0.488290,
        "250" : 0.649463,
        "500" : 0.401658,
        "750" : 0.120459,
        "1000" : 0.037347
      },
      "latency_ms" : {
        "2" : 0.028265,
        "4" : 0.010000,
        "10" : 0.010000,
        "20" : 0.010000,
        "50" : 0.010000,
        "100" : 0.010000,
        "250" : 0.000000,
        "500" : 0.000000,
        "750" : 0.000000,
        "1000" : 0.000000,
        "2000" : 0.000000,
        ">=2000" : 0.000000
      },
      "latency_depth" : 1,
      "latency_target" : 0,
      "latency_percentile" : 100.000000,
      "latency_window" : 0
    }
  ],
  "disk_util" : [
    {
      "name" : "nvme0n1",
      "read_ios" : 0,
      "write_ios" : 3915298,
      "read_merges" : 0,
      "write_merges" : 17,
      "read_ticks" : 0,
      "write_ticks" : 77459,
      "in_queue" : 2172,
      "util" : 98.679413
    }
  ]
}
