{
  "fio version" : "fio-3.16",
  "timestamp" : 1601069171,
  "timestamp_ms" : 1601069171292,
  "time" : "Fri Sep 25 17:26:11 2020",
  "global options" : {
    "unified_rw_reporting" : "1",
    "time_based" : "1",
    "runtime" : "90",
    "directory" : "/media/auto/work/tmp",
    "filename" : "testfile.dat",
    "filesize" : "20GiB",
    "direct" : "1",
    "ioengine" : "libaio"
  },
  "jobs" : [
    {
      "jobname" : "jobname",
      "groupid" : 0,
      "error" : 0,
      "eta" : 0,
      "elapsed" : 91,
      "job options" : {
        "name" : "jobname",
        "iodepth" : "8",
        "bs" : "256k",
        "rw" : "read"
      },
      "mixed" : {
        "io_bytes" : 317544988672,
        "io_kbytes" : 310102528,
        "bw_bytes" : 3528238449,
        "bw" : 3445545,
        "iops" : 13459.161565,
        "runtime" : 90001,
        "total_ios" : 1211338,
        "short_ios" : 0,
        "drop_ios" : 0,
        "slat_ns" : {
          "min" : 6062,
          "max" : 317416,
          "mean" : 10821.215854,
          "stddev" : 2138.452158
        },
        "clat_ns" : {
          "min" : 85109,
          "max" : 3066084,
          "mean" : 582969.729340,
          "stddev" : 95376.209438,
          "percentile" : {
            "1.000000" : 342016,
            "5.000000" : 440320,
            "10.000000" : 489472,
            "20.000000" : 536576,
            "30.000000" : 552960,
            "40.000000" : 561152,
            "50.000000" : 569344,
            "60.000000" : 577536,
            "70.000000" : 593920,
            "80.000000" : 634880,
            "90.000000" : 700416,
            "95.000000" : 749568,
            "99.000000" : 905216,
            "99.500000" : 962560,
            "99.900000" : 1073152,
            "99.950000" : 1122304,
            "99.990000" : 1220608
          }
        },
        "lat_ns" : {
          "min" : 97483,
          "max" : 3075592,
          "mean" : 593900.570308,
          "stddev" : 95227.834275
        },
        "bw_min" : 3416064,
        "bw_max" : 3470336,
        "bw_agg" : 99.996700,
        "bw_mean" : 3445431.312849,
        "bw_dev" : 9305.726994,
        "bw_samples" : 179,
        "iops_min" : 13344,
        "iops_max" : 13556,
        "iops_mean" : 13458.709497,
        "iops_stddev" : 36.363713,
        "iops_samples" : 179
      },
      "job_runtime" : 90000,
      "usr_cpu" : 1.377778,
      "sys_cpu" : 16.897778,
      "ctx" : 1179647,
      "majf" : 0,
      "minf" : 524,
      "iodepth_level" : {
        "1" : 0.100000,
        "2" : 0.100000,
        "4" : 0.100000,
        "8" : 99.990754,
        "16" : 0.000000,
        "32" : 0.000000,
        ">=64" : 0.000000
      },
      "iodepth_submit" : {
        "0" : 0.000000,
        "4" : 100.000000,
        "8" : 0.000000,
        "16" : 0.000000,
        "32" : 0.000000,
        "64" : 0.000000,
        ">=64" : 0.000000
      },
      "iodepth_complete" : {
        "0" : 0.000000,
        "4" : 99.998679,
        "8" : 0.100000,
        "16" : 0.000000,
        "32" : 0.000000,
        "64" : 0.000000,
        ">=64" : 0.000000
      },
      "latency_ns" : {
        "2" : 0.000000,
        "4" : 0.000000,
        "10" : 0.000000,
        "20" : 0.000000,
        "50" : 0.000000,
        "100" : 0.000000,
        "250" : 0.000000,
        "500" : 0.000000,
        "750" : 0.000000,
        "1000" : 0.000000
      },
      "latency_us" : {
        "2" : 0.000000,
        "4" : 0.000000,
        "10" : 0.000000,
        "20" : 0.000000,
        "50" : 0.000000,
        "100" : 0.010000,
        "250" : 0.119620,
        "500" : 11.311624,
        "750" : 83.324638,
        "1000" : 4.930746
      },
      "latency_ms" : {
        "2" : 0.312052,
        "4" : 0.010000,
        "10" : 0.000000,
        "20" : 0.000000,
        "50" : 0.000000,
        "100" : 0.000000,
        "250" : 0.000000,
        "500" : 0.000000,
        "750" : 0.000000,
        "1000" : 0.000000,
        "2000" : 0.000000,
        ">=2000" : 0.000000
      },
      "latency_depth" : 8,
      "latency_target" : 0,
      "latency_percentile" : 100.000000,
      "latency_window" : 0
    }
  ],
  "disk_util" : [
    {
      "name" : "nvme0n1",
      "read_ios" : 1209984,
      "write_ios" : 0,
      "read_merges" : 0,
      "write_merges" : 0,
      "read_ticks" : 708322,
      "write_ticks" : 0,
      "in_queue" : 0,
      "util" : 99.937750
    }
  ]
}
