{
  "fio version" : "fio-3.16",
  "timestamp" : 1601049066,
  "timestamp_ms" : 1601049066027,
  "time" : "Fri Sep 25 11:51:06 2020",
  "global options" : {
    "unified_rw_reporting" : "1",
    "time_based" : "1",
    "runtime" : "90",
    "directory" : "/media/auto/work/tmp",
    "filename" : "testfile.dat",
    "filesize" : "20GiB",
    "direct" : "1",
    "ioengine" : "libaio"
  },
  "jobs" : [
    {
      "jobname" : "jobname",
      "groupid" : 0,
      "error" : 0,
      "eta" : 0,
      "elapsed" : 91,
      "job options" : {
        "name" : "jobname",
        "iodepth" : "6",
        "bs" : "8k",
        "rw" : "randwrite"
      },
      "mixed" : {
        "io_bytes" : 66829344768,
        "io_kbytes" : 65263032,
        "bw_bytes" : 742531774,
        "bw" : 725128,
        "iops" : 90641.085754,
        "runtime" : 90002,
        "total_ios" : 8157879,
        "short_ios" : 0,
        "drop_ios" : 0,
        "slat_ns" : {
          "min" : 1563,
          "max" : 262052,
          "mean" : 3850.083092,
          "stddev" : 1469.652876
        },
        "clat_ns" : {
          "min" : 11582,
          "max" : 63953848,
          "mean" : 61670.651316,
          "stddev" : 255254.007958,
          "percentile" : {
            "1.000000" : 15936,
            "5.000000" : 17536,
            "10.000000" : 21888,
            "20.000000" : 23680,
            "30.000000" : 24960,
            "40.000000" : 25472,
            "50.000000" : 26496,
            "60.000000" : 28288,
            "70.000000" : 33024,
            "80.000000" : 36608,
            "90.000000" : 98816,
            "95.000000" : 230400,
            "99.000000" : 716800,
            "99.500000" : 962560,
            "99.900000" : 1515520,
            "99.950000" : 1794048,
            "99.990000" : 2375680
          }
        },
        "lat_ns" : {
          "min" : 14487,
          "max" : 63956683,
          "mean" : 65645.479033,
          "stddev" : 255192.877534
        },
        "bw_min" : 614479,
        "bw_max" : 1994336,
        "bw_agg" : 99.994139,
        "bw_mean" : 725085.500000,
        "bw_dev" : 267289.367255,
        "bw_samples" : 180,
        "iops_min" : 76809,
        "iops_max" : 249292,
        "iops_mean" : 90635.711111,
        "iops_stddev" : 33411.233336,
        "iops_samples" : 180
      },
      "job_runtime" : 90001,
      "usr_cpu" : 11.049877,
      "sys_cpu" : 35.799602,
      "ctx" : 783426,
      "majf" : 0,
      "minf" : 11,
      "iodepth_level" : {
        "1" : 0.100000,
        "2" : 0.100000,
        "4" : 99.999963,
        "8" : 0.000000,
        "16" : 0.000000,
        "32" : 0.000000,
        ">=64" : 0.000000
      },
      "iodepth_submit" : {
        "0" : 0.000000,
        "4" : 100.000000,
        "8" : 0.000000,
        "16" : 0.000000,
        "32" : 0.000000,
        "64" : 0.000000,
        ">=64" : 0.000000
      },
      "iodepth_complete" : {
        "0" : 0.000000,
        "4" : 99.999988,
        "8" : 0.100000,
        "16" : 0.000000,
        "32" : 0.000000,
        "64" : 0.000000,
        ">=64" : 0.000000
      },
      "latency_ns" : {
        "2" : 0.000000,
        "4" : 0.000000,
        "10" : 0.000000,
        "20" : 0.000000,
        "50" : 0.000000,
        "100" : 0.000000,
        "250" : 0.000000,
        "500" : 0.000000,
        "750" : 0.000000,
        "1000" : 0.000000
      },
      "latency_us" : {
        "2" : 0.000000,
        "4" : 0.000000,
        "10" : 0.000000,
        "20" : 8.371257,
        "50" : 76.813336,
        "100" : 4.870678,
        "250" : 5.318895,
        "500" : 2.735392,
        "750" : 0.985317,
        "1000" : 0.452054
      },
      "latency_ms" : {
        "2" : 0.431411,
        "4" : 0.017272,
        "10" : 0.010000,
        "20" : 0.010000,
        "50" : 0.010000,
        "100" : 0.010000,
        "250" : 0.000000,
        "500" : 0.000000,
        "750" : 0.000000,
        "1000" : 0.000000,
        "2000" : 0.000000,
        ">=2000" : 0.000000
      },
      "latency_depth" : 6,
      "latency_target" : 0,
      "latency_percentile" : 100.000000,
      "latency_window" : 0
    }
  ],
  "disk_util" : [
    {
      "name" : "nvme0n1",
      "read_ios" : 0,
      "write_ios" : 8149504,
      "read_merges" : 0,
      "write_merges" : 17,
      "read_ticks" : 0,
      "write_ticks" : 425508,
      "in_queue" : 9792,
      "util" : 98.473647
    }
  ]
}
