{
  "fio version" : "fio-3.16",
  "timestamp" : 1600552363,
  "timestamp_ms" : 1600552363487,
  "time" : "Sat Sep 19 17:52:43 2020",
  "global options" : {
    "unified_rw_reporting" : "1",
    "time_based" : "1",
    "runtime" : "90",
    "directory" : "/media/auto/work/tmp",
    "filename" : "testfile.dat",
    "filesize" : "20GiB",
    "direct" : "1",
    "ioengine" : "libaio"
  },
  "jobs" : [
    {
      "jobname" : "jobname",
      "groupid" : 0,
      "error" : 0,
      "eta" : 0,
      "elapsed" : 91,
      "job options" : {
        "name" : "jobname",
        "iodepth" : "16",
        "bs" : "32k",
        "rw" : "randwrite"
      },
      "mixed" : {
        "io_bytes" : 67138781184,
        "io_kbytes" : 65565216,
        "bw_bytes" : 745530855,
        "bw" : 728057,
        "iops" : 22751.796125,
        "runtime" : 90055,
        "total_ios" : 2048913,
        "short_ios" : 0,
        "drop_ios" : 0,
        "slat_ns" : {
          "min" : 2464,
          "max" : 261450,
          "mean" : 4632.360679,
          "stddev" : 1042.140056
        },
        "clat_ns" : {
          "min" : 81633,
          "max" : 67575778,
          "mean" : 697923.329516,
          "stddev" : 868136.574422,
          "percentile" : {
            "1.000000" : 162816,
            "5.000000" : 183296,
            "10.000000" : 199680,
            "20.000000" : 259072,
            "30.000000" : 342016,
            "40.000000" : 448512,
            "50.000000" : 569344,
            "60.000000" : 700416,
            "70.000000" : 856064,
            "80.000000" : 1056768,
            "90.000000" : 1368064,
            "95.000000" : 1613824,
            "99.000000" : 2113536,
            "99.500000" : 2277376,
            "99.900000" : 3293184,
            "99.950000" : 4358144,
            "99.990000" : 54788096
          }
        },
        "lat_ns" : {
          "min" : 86842,
          "max" : 67579925,
          "mean" : 702671.721431,
          "stddev" : 868164.761024
        },
        "bw_min" : 617343,
        "bw_max" : 2185472,
        "bw_agg" : 100.000000,
        "bw_mean" : 728459.944444,
        "bw_dev" : 300174.310550,
        "bw_samples" : 180,
        "iops_min" : 19291,
        "iops_max" : 68296,
        "iops_mean" : 22764.361111,
        "iops_stddev" : 9380.449939,
        "iops_samples" : 180
      },
      "job_runtime" : 90054,
      "usr_cpu" : 3.724432,
      "sys_cpu" : 13.389744,
      "ctx" : 1958312,
      "majf" : 0,
      "minf" : 11,
      "iodepth_level" : {
        "1" : 0.100000,
        "2" : 0.100000,
        "4" : 0.100000,
        "8" : 0.100000,
        "16" : 99.999268,
        "32" : 0.000000,
        ">=64" : 0.000000
      },
      "iodepth_submit" : {
        "0" : 0.000000,
        "4" : 100.000000,
        "8" : 0.000000,
        "16" : 0.000000,
        "32" : 0.000000,
        "64" : 0.000000,
        ">=64" : 0.000000
      },
      "iodepth_complete" : {
        "0" : 0.000000,
        "4" : 99.999951,
        "8" : 0.000000,
        "16" : 0.100000,
        "32" : 0.000000,
        "64" : 0.000000,
        ">=64" : 0.000000
      },
      "latency_ns" : {
        "2" : 0.000000,
        "4" : 0.000000,
        "10" : 0.000000,
        "20" : 0.000000,
        "50" : 0.000000,
        "100" : 0.000000,
        "250" : 0.000000,
        "500" : 0.000000,
        "750" : 0.000000,
        "1000" : 0.000000
      },
      "latency_us" : {
        "2" : 0.000000,
        "4" : 0.000000,
        "10" : 0.000000,
        "20" : 0.000000,
        "50" : 0.000000,
        "100" : 0.010000,
        "250" : 18.621630,
        "500" : 25.785282,
        "750" : 18.987824,
        "1000" : 14.151894
      },
      "latency_ms" : {
        "2" : 21.042133,
        "4" : 1.354230,
        "10" : 0.021914,
        "20" : 0.012299,
        "50" : 0.011518,
        "100" : 0.010933,
        "250" : 0.000000,
        "500" : 0.000000,
        "750" : 0.000000,
        "1000" : 0.000000,
        "2000" : 0.000000,
        ">=2000" : 0.000000
      },
      "latency_depth" : 16,
      "latency_target" : 0,
      "latency_percentile" : 100.000000,
      "latency_window" : 0
    }
  ],
  "disk_util" : [
    {
      "name" : "nvme0n1",
      "read_ios" : 0,
      "write_ios" : 2046813,
      "read_merges" : 0,
      "write_merges" : 17,
      "read_ticks" : 0,
      "write_ticks" : 1429728,
      "in_queue" : 25372,
      "util" : 98.506003
    }
  ]
}
