{
  "fio version" : "fio-3.16",
  "timestamp" : 1601062212,
  "timestamp_ms" : 1601062212814,
  "time" : "Fri Sep 25 15:30:12 2020",
  "global options" : {
    "unified_rw_reporting" : "1",
    "time_based" : "1",
    "runtime" : "90",
    "directory" : "/media/auto/work/tmp",
    "filename" : "testfile.dat",
    "filesize" : "20GiB",
    "direct" : "1",
    "ioengine" : "libaio"
  },
  "jobs" : [
    {
      "jobname" : "jobname",
      "groupid" : 0,
      "error" : 0,
      "eta" : 0,
      "elapsed" : 91,
      "job options" : {
        "name" : "jobname",
        "iodepth" : "20",
        "bs" : "256k",
        "rw" : "randread"
      },
      "mixed" : {
        "io_bytes" : 108250005504,
        "io_kbytes" : 105712896,
        "bw_bytes" : 1202711021,
        "bw" : 1174522,
        "iops" : 4587.978446,
        "runtime" : 90005,
        "total_ios" : 412941,
        "short_ios" : 0,
        "drop_ios" : 0,
        "slat_ns" : {
          "min" : 6822,
          "max" : 110728,
          "mean" : 13730.881257,
          "stddev" : 2163.159255
        },
        "clat_ns" : {
          "min" : 499758,
          "max" : 7955389,
          "mean" : 4344572.686641,
          "stddev" : 453573.832436,
          "percentile" : {
            "1.000000" : 2342912,
            "5.000000" : 3817472,
            "10.000000" : 3948544,
            "20.000000" : 4079616,
            "30.000000" : 4177920,
            "40.000000" : 4292608,
            "50.000000" : 4358144,
            "60.000000" : 4423680,
            "70.000000" : 4554752,
            "80.000000" : 4620288,
            "90.000000" : 4816896,
            "95.000000" : 4947968,
            "99.000000" : 5275648,
            "99.500000" : 5472256,
            "99.900000" : 5865472,
            "99.950000" : 6127616,
            "99.990000" : 6717440
          }
        },
        "lat_ns" : {
          "min" : 535575,
          "max" : 7968624,
          "mean" : 4358433.309698,
          "stddev" : 453539.551546
        },
        "bw_min" : 1062912,
        "bw_max" : 1584128,
        "bw_agg" : 99.997697,
        "bw_mean" : 1174494.950000,
        "bw_dev" : 46603.011023,
        "bw_samples" : 180,
        "iops_min" : 4152,
        "iops_max" : 6188,
        "iops_mean" : 4587.855556,
        "iops_stddev" : 182.047207,
        "iops_samples" : 180
      },
      "job_runtime" : 90004,
      "usr_cpu" : 0.893294,
      "sys_cpu" : 7.089685,
      "ctx" : 395742,
      "majf" : 0,
      "minf" : 1289,
      "iodepth_level" : {
        "1" : 0.100000,
        "2" : 0.100000,
        "4" : 0.100000,
        "8" : 0.100000,
        "16" : 99.996368,
        "32" : 0.000000,
        ">=64" : 0.000000
      },
      "iodepth_submit" : {
        "0" : 0.000000,
        "4" : 100.000000,
        "8" : 0.000000,
        "16" : 0.000000,
        "32" : 0.000000,
        "64" : 0.000000,
        ">=64" : 0.000000
      },
      "iodepth_complete" : {
        "0" : 0.000000,
        "4" : 99.999758,
        "8" : 0.000000,
        "16" : 0.000000,
        "32" : 0.100000,
        "64" : 0.000000,
        ">=64" : 0.000000
      },
      "latency_ns" : {
        "2" : 0.000000,
        "4" : 0.000000,
        "10" : 0.000000,
        "20" : 0.000000,
        "50" : 0.000000,
        "100" : 0.000000,
        "250" : 0.000000,
        "500" : 0.000000,
        "750" : 0.000000,
        "1000" : 0.000000
      },
      "latency_us" : {
        "2" : 0.000000,
        "4" : 0.000000,
        "10" : 0.000000,
        "20" : 0.000000,
        "50" : 0.000000,
        "100" : 0.000000,
        "250" : 0.000000,
        "500" : 0.010000,
        "750" : 0.010000,
        "1000" : 0.010000
      },
      "latency_ms" : {
        "2" : 0.741268,
        "4" : 12.998709,
        "10" : 86.257117,
        "20" : 0.000000,
        "50" : 0.000000,
        "100" : 0.000000,
        "250" : 0.000000,
        "500" : 0.000000,
        "750" : 0.000000,
        "1000" : 0.000000,
        "2000" : 0.000000,
        ">=2000" : 0.000000
      },
      "latency_depth" : 20,
      "latency_target" : 0,
      "latency_percentile" : 100.000000,
      "latency_window" : 0
    }
  ],
  "disk_util" : [
    {
      "name" : "nvme0n1",
      "read_ios" : 412468,
      "write_ios" : 0,
      "read_merges" : 0,
      "write_merges" : 0,
      "read_ticks" : 1793236,
      "write_ticks" : 0,
      "in_queue" : 1426640,
      "util" : 99.929971
    }
  ]
}
