{
  "fio version" : "fio-3.16",
  "timestamp" : 1601048674,
  "timestamp_ms" : 1601048674612,
  "time" : "Fri Sep 25 11:44:34 2020",
  "global options" : {
    "unified_rw_reporting" : "1",
    "time_based" : "1",
    "runtime" : "90",
    "directory" : "/media/auto/work/tmp",
    "filename" : "testfile.dat",
    "filesize" : "20GiB",
    "direct" : "1",
    "ioengine" : "libaio"
  },
  "jobs" : [
    {
      "jobname" : "jobname",
      "groupid" : 0,
      "error" : 0,
      "eta" : 0,
      "elapsed" : 91,
      "job options" : {
        "name" : "jobname",
        "iodepth" : "20",
        "bs" : "4k",
        "rw" : "randwrite"
      },
      "mixed" : {
        "io_bytes" : 65153421312,
        "io_kbytes" : 63626388,
        "bw_bytes" : 723918859,
        "bw" : 706952,
        "iops" : 176738.002911,
        "runtime" : 90001,
        "total_ios" : 15906597,
        "short_ios" : 0,
        "drop_ios" : 0,
        "slat_ns" : {
          "min" : 1502,
          "max" : 268514,
          "mean" : 3027.263158,
          "stddev" : 1216.844569
        },
        "clat_ns" : {
          "min" : 12123,
          "max" : 67201012,
          "mean" : 109535.617220,
          "stddev" : 303063.899075,
          "percentile" : {
            "1.000000" : 49920,
            "5.000000" : 58112,
            "10.000000" : 60672,
            "20.000000" : 62720,
            "30.000000" : 63744,
            "40.000000" : 70144,
            "50.000000" : 85504,
            "60.000000" : 87552,
            "70.000000" : 88576,
            "80.000000" : 96768,
            "90.000000" : 134144,
            "95.000000" : 276480,
            "99.000000" : 733184,
            "99.500000" : 962560,
            "99.900000" : 1581056,
            "99.950000" : 1843200,
            "99.990000" : 2899968
          }
        },
        "lat_ns" : {
          "min" : 14677,
          "max" : 67202755,
          "mean" : 112665.592972,
          "stddev" : 303013.430314
        },
        "bw_min" : 608447,
        "bw_max" : 1245864,
        "bw_agg" : 100.000000,
        "bw_mean" : 707087.960894,
        "bw_dev" : 150488.688149,
        "bw_samples" : 179,
        "iops_min" : 152111,
        "iops_max" : 311468,
        "iops_mean" : 176772.055866,
        "iops_stddev" : 37622.189417,
        "iops_samples" : 179
      },
      "job_runtime" : 90000,
      "usr_cpu" : 18.597778,
      "sys_cpu" : 52.636667,
      "ctx" : 175945,
      "majf" : 0,
      "minf" : 11,
      "iodepth_level" : {
        "1" : 0.100000,
        "2" : 0.100000,
        "4" : 0.100000,
        "8" : 0.100000,
        "16" : 99.999906,
        "32" : 0.000000,
        ">=64" : 0.000000
      },
      "iodepth_submit" : {
        "0" : 0.000000,
        "4" : 100.000000,
        "8" : 0.000000,
        "16" : 0.000000,
        "32" : 0.000000,
        "64" : 0.000000,
        ">=64" : 0.000000
      },
      "iodepth_complete" : {
        "0" : 0.000000,
        "4" : 99.999994,
        "8" : 0.000000,
        "16" : 0.000000,
        "32" : 0.100000,
        "64" : 0.000000,
        ">=64" : 0.000000
      },
      "latency_ns" : {
        "2" : 0.000000,
        "4" : 0.000000,
        "10" : 0.000000,
        "20" : 0.000000,
        "50" : 0.000000,
        "100" : 0.000000,
        "250" : 0.000000,
        "500" : 0.000000,
        "750" : 0.000000,
        "1000" : 0.000000
      },
      "latency_us" : {
        "2" : 0.000000,
        "4" : 0.000000,
        "10" : 0.000000,
        "20" : 0.010000,
        "50" : 0.934172,
        "100" : 81.569345,
        "250" : 11.932496,
        "500" : 3.407869,
        "750" : 1.211359,
        "1000" : 0.495235
      },
      "latency_ms" : {
        "2" : 0.420945,
        "4" : 0.021915,
        "10" : 0.010000,
        "20" : 0.010000,
        "50" : 0.010000,
        "100" : 0.010000,
        "250" : 0.000000,
        "500" : 0.000000,
        "750" : 0.000000,
        "1000" : 0.000000,
        "2000" : 0.000000,
        ">=2000" : 0.000000
      },
      "latency_depth" : 20,
      "latency_target" : 0,
      "latency_percentile" : 100.000000,
      "latency_window" : 0
    }
  ],
  "disk_util" : [
    {
      "name" : "nvme0n1",
      "read_ios" : 0,
      "write_ios" : 15890043,
      "read_merges" : 0,
      "write_merges" : 17,
      "read_ticks" : 0,
      "write_ticks" : 820994,
      "in_queue" : 27604,
      "util" : 98.618259
    }
  ]
}
