{
  "fio version" : "fio-3.16",
  "timestamp" : 1601067845,
  "timestamp_ms" : 1601067845850,
  "time" : "Fri Sep 25 17:04:05 2020",
  "global options" : {
    "unified_rw_reporting" : "1",
    "time_based" : "1",
    "runtime" : "90",
    "directory" : "/media/auto/work/tmp",
    "filename" : "testfile.dat",
    "filesize" : "20GiB",
    "direct" : "1",
    "ioengine" : "libaio"
  },
  "jobs" : [
    {
      "jobname" : "jobname",
      "groupid" : 0,
      "error" : 0,
      "eta" : 0,
      "elapsed" : 91,
      "job options" : {
        "name" : "jobname",
        "iodepth" : "6",
        "bs" : "32k",
        "rw" : "read"
      },
      "mixed" : {
        "io_bytes" : 223879200768,
        "io_kbytes" : 218632032,
        "bw_bytes" : 2487519036,
        "bw" : 2429217,
        "iops" : 75913.056522,
        "runtime" : 90001,
        "total_ios" : 6832251,
        "short_ios" : 0,
        "drop_ios" : 0,
        "slat_ns" : {
          "min" : 2104,
          "max" : 317606,
          "mean" : 3998.170429,
          "stddev" : 1453.012208
        },
        "clat_ns" : {
          "min" : 9698,
          "max" : 577674,
          "mean" : 74489.841232,
          "stddev" : 44226.619426,
          "percentile" : {
            "1.000000" : 35584,
            "5.000000" : 41216,
            "10.000000" : 45312,
            "20.000000" : 49408,
            "30.000000" : 50432,
            "40.000000" : 50432,
            "50.000000" : 50944,
            "60.000000" : 56576,
            "70.000000" : 72192,
            "80.000000" : 98816,
            "90.000000" : 144384,
            "95.000000" : 179200,
            "99.000000" : 224256,
            "99.500000" : 240640,
            "99.900000" : 284672,
            "99.950000" : 301056,
            "99.990000" : 346112
          }
        },
        "lat_ns" : {
          "min" : 19997,
          "max" : 580740,
          "mean" : 78605.664203,
          "stddev" : 44117.900428
        },
        "bw_min" : 2411328,
        "bw_max" : 2442944,
        "bw_agg" : 99.993513,
        "bw_mean" : 2429059.418994,
        "bw_dev" : 5507.496009,
        "bw_samples" : 179,
        "iops_min" : 75354,
        "iops_max" : 76342,
        "iops_mean" : 75908.100559,
        "iops_stddev" : 172.140558,
        "iops_samples" : 179
      },
      "job_runtime" : 90000,
      "usr_cpu" : 9.058889,
      "sys_cpu" : 38.566667,
      "ctx" : 5230614,
      "majf" : 0,
      "minf" : 61,
      "iodepth_level" : {
        "1" : 0.100000,
        "2" : 0.100000,
        "4" : 99.999473,
        "8" : 0.000000,
        "16" : 0.000000,
        "32" : 0.000000,
        ">=64" : 0.000000
      },
      "iodepth_submit" : {
        "0" : 0.000000,
        "4" : 100.000000,
        "8" : 0.000000,
        "16" : 0.000000,
        "32" : 0.000000,
        "64" : 0.000000,
        ">=64" : 0.000000
      },
      "iodepth_complete" : {
        "0" : 0.000000,
        "4" : 99.999824,
        "8" : 0.100000,
        "16" : 0.000000,
        "32" : 0.000000,
        "64" : 0.000000,
        ">=64" : 0.000000
      },
      "latency_ns" : {
        "2" : 0.000000,
        "4" : 0.000000,
        "10" : 0.000000,
        "20" : 0.000000,
        "50" : 0.000000,
        "100" : 0.000000,
        "250" : 0.000000,
        "500" : 0.000000,
        "750" : 0.000000,
        "1000" : 0.000000
      },
      "latency_us" : {
        "2" : 0.000000,
        "4" : 0.000000,
        "10" : 0.010000,
        "20" : 0.010000,
        "50" : 21.873567,
        "100" : 58.632345,
        "250" : 19.162484,
        "500" : 0.330843,
        "750" : 0.010000,
        "1000" : 0.000000
      },
      "latency_ms" : {
        "2" : 0.000000,
        "4" : 0.000000,
        "10" : 0.000000,
        "20" : 0.000000,
        "50" : 0.000000,
        "100" : 0.000000,
        "250" : 0.000000,
        "500" : 0.000000,
        "750" : 0.000000,
        "1000" : 0.000000,
        "2000" : 0.000000,
        ">=2000" : 0.000000
      },
      "latency_depth" : 6,
      "latency_target" : 0,
      "latency_percentile" : 100.000000,
      "latency_window" : 0
    }
  ],
  "disk_util" : [
    {
      "name" : "nvme0n1",
      "read_ios" : 6824609,
      "write_ios" : 0,
      "read_merges" : 0,
      "write_merges" : 0,
      "read_ticks" : 507213,
      "write_ticks" : 0,
      "in_queue" : 0,
      "util" : 99.944419
    }
  ]
}
