{
  "fio version" : "fio-3.16",
  "timestamp" : 1600570059,
  "timestamp_ms" : 1600570059732,
  "time" : "Sat Sep 19 22:47:39 2020",
  "global options" : {
    "unified_rw_reporting" : "1",
    "time_based" : "1",
    "runtime" : "90",
    "directory" : "/media/auto/work/tmp",
    "filename" : "testfile.dat",
    "filesize" : "20GiB",
    "direct" : "1",
    "ioengine" : "libaio"
  },
  "jobs" : [
    {
      "jobname" : "jobname",
      "groupid" : 0,
      "error" : 0,
      "eta" : 0,
      "elapsed" : 91,
      "job options" : {
        "name" : "jobname",
        "iodepth" : "2",
        "bs" : "32k",
        "rw" : "write"
      },
      "mixed" : {
        "io_bytes" : 73481551872,
        "io_kbytes" : 71759328,
        "bw_bytes" : 816452615,
        "bw" : 797317,
        "iops" : 24916.156487,
        "runtime" : 90001,
        "total_ios" : 2242479,
        "short_ios" : 0,
        "drop_ios" : 0,
        "slat_ns" : {
          "min" : 2354,
          "max" : 213901,
          "mean" : 4256.975857,
          "stddev" : 754.015309
        },
        "clat_ns" : {
          "min" : 6312,
          "max" : 65686855,
          "mean" : 75429.872205,
          "stddev" : 291364.023781,
          "percentile" : {
            "1.000000" : 19328,
            "5.000000" : 20096,
            "10.000000" : 20352,
            "20.000000" : 21120,
            "30.000000" : 21632,
            "40.000000" : 22400,
            "50.000000" : 23936,
            "60.000000" : 28800,
            "70.000000" : 35584,
            "80.000000" : 58112,
            "90.000000" : 156672,
            "95.000000" : 325632,
            "99.000000" : 847872,
            "99.500000" : 1122304,
            "99.900000" : 1728512,
            "99.950000" : 1974272,
            "99.990000" : 2637824
          }
        },
        "lat_ns" : {
          "min" : 19837,
          "max" : 65691103,
          "mean" : 79793.190382,
          "stddev" : 291395.080118
        },
        "bw_min" : 619967,
        "bw_max" : 2462208,
        "bw_agg" : 100.000000,
        "bw_mean" : 797986.067039,
        "bw_dev" : 450798.366010,
        "bw_samples" : 179,
        "iops_min" : 19373,
        "iops_max" : 76944,
        "iops_mean" : 24937.055866,
        "iops_stddev" : 14087.496504,
        "iops_samples" : 179
      },
      "job_runtime" : 90000,
      "usr_cpu" : 3.668889,
      "sys_cpu" : 13.842222,
      "ctx" : 2224376,
      "majf" : 0,
      "minf" : 12,
      "iodepth_level" : {
        "1" : 0.100000,
        "2" : 99.999822,
        "4" : 0.000000,
        "8" : 0.000000,
        "16" : 0.000000,
        "32" : 0.000000,
        ">=64" : 0.000000
      },
      "iodepth_submit" : {
        "0" : 0.000000,
        "4" : 100.000000,
        "8" : 0.000000,
        "16" : 0.000000,
        "32" : 0.000000,
        "64" : 0.000000,
        ">=64" : 0.000000
      },
      "iodepth_complete" : {
        "0" : 0.000000,
        "4" : 100.000000,
        "8" : 0.000000,
        "16" : 0.000000,
        "32" : 0.000000,
        "64" : 0.000000,
        ">=64" : 0.000000
      },
      "latency_ns" : {
        "2" : 0.000000,
        "4" : 0.000000,
        "10" : 0.000000,
        "20" : 0.000000,
        "50" : 0.000000,
        "100" : 0.000000,
        "250" : 0.000000,
        "500" : 0.000000,
        "750" : 0.000000,
        "1000" : 0.000000
      },
      "latency_us" : {
        "2" : 0.000000,
        "4" : 0.000000,
        "10" : 0.010000,
        "20" : 5.169591,
        "50" : 73.123405,
        "100" : 7.662145,
        "250" : 7.398999,
        "500" : 3.954463,
        "750" : 1.406658,
        "1000" : 0.614499
      },
      "latency_ms" : {
        "2" : 0.624755,
        "4" : 0.038306,
        "10" : 0.010000,
        "20" : 0.010000,
        "50" : 0.010000,
        "100" : 0.010000,
        "250" : 0.000000,
        "500" : 0.000000,
        "750" : 0.000000,
        "1000" : 0.000000,
        "2000" : 0.000000,
        ">=2000" : 0.000000
      },
      "latency_depth" : 2,
      "latency_target" : 0,
      "latency_percentile" : 100.000000,
      "latency_window" : 0
    }
  ],
  "disk_util" : [
    {
      "name" : "nvme0n1",
      "read_ios" : 0,
      "write_ios" : 2240459,
      "read_merges" : 0,
      "write_merges" : 17,
      "read_ticks" : 0,
      "write_ticks" : 171337,
      "in_queue" : 4200,
      "util" : 98.425967
    }
  ]
}
