{
  "fio version" : "fio-3.16",
  "timestamp" : 1601051414,
  "timestamp_ms" : 1601051414248,
  "time" : "Fri Sep 25 12:30:14 2020",
  "global options" : {
    "unified_rw_reporting" : "1",
    "time_based" : "1",
    "runtime" : "90",
    "directory" : "/media/auto/work/tmp",
    "filename" : "testfile.dat",
    "filesize" : "20GiB",
    "direct" : "1",
    "ioengine" : "libaio"
  },
  "jobs" : [
    {
      "jobname" : "jobname",
      "groupid" : 0,
      "error" : 0,
      "eta" : 0,
      "elapsed" : 91,
      "job options" : {
        "name" : "jobname",
        "iodepth" : "24",
        "bs" : "256k",
        "rw" : "randwrite"
      },
      "mixed" : {
        "io_bytes" : 65080918016,
        "io_kbytes" : 63555584,
        "bw_bytes" : 723049006,
        "bw" : 706102,
        "iops" : 2758.213068,
        "runtime" : 90009,
        "total_ios" : 248264,
        "short_ios" : 0,
        "drop_ios" : 0,
        "slat_ns" : {
          "min" : 6602,
          "max" : 62014258,
          "mean" : 15623.243209,
          "stddev" : 132661.462518
        },
        "clat_ns" : {
          "min" : 305172,
          "max" : 657272854,
          "mean" : 8684474.303056,
          "stddev" : 7008407.890777,
          "percentile" : {
            "1.000000" : 2408448,
            "5.000000" : 2539520,
            "10.000000" : 2605056,
            "20.000000" : 8355840,
            "30.000000" : 8716288,
            "40.000000" : 8847360,
            "50.000000" : 8978432,
            "60.000000" : 9109504,
            "70.000000" : 9371648,
            "80.000000" : 9633792,
            "90.000000" : 10551296,
            "95.000000" : 11599872,
            "99.000000" : 15007744,
            "99.500000" : 20578304,
            "99.900000" : 60555264,
            "99.950000" : 65798144,
            "99.990000" : 320864256
          }
        },
        "lat_ns" : {
          "min" : 316914,
          "max" : 657286340,
          "mean" : 8700246.609114,
          "stddev" : 7010611.770647
        },
        "bw_min" : 89087,
        "bw_max" : 2334208,
        "bw_agg" : 99.994913,
        "bw_mean" : 706066.077778,
        "bw_dev" : 321454.861499,
        "bw_samples" : 180,
        "iops_min" : 347,
        "iops_max" : 9118,
        "iops_mean" : 2758.050000,
        "iops_stddev" : 1255.690748,
        "iops_samples" : 180
      },
      "job_runtime" : 90008,
      "usr_cpu" : 1.227669,
      "sys_cpu" : 4.235179,
      "ctx" : 247857,
      "majf" : 0,
      "minf" : 11,
      "iodepth_level" : {
        "1" : 0.100000,
        "2" : 0.100000,
        "4" : 0.100000,
        "8" : 0.100000,
        "16" : 99.993958,
        "32" : 0.000000,
        ">=64" : 0.000000
      },
      "iodepth_submit" : {
        "0" : 0.000000,
        "4" : 100.000000,
        "8" : 0.000000,
        "16" : 0.000000,
        "32" : 0.000000,
        "64" : 0.000000,
        ">=64" : 0.000000
      },
      "iodepth_complete" : {
        "0" : 0.000000,
        "4" : 99.999597,
        "8" : 0.000000,
        "16" : 0.000000,
        "32" : 0.100000,
        "64" : 0.000000,
        ">=64" : 0.000000
      },
      "latency_ns" : {
        "2" : 0.000000,
        "4" : 0.000000,
        "10" : 0.000000,
        "20" : 0.000000,
        "50" : 0.000000,
        "100" : 0.000000,
        "250" : 0.000000,
        "500" : 0.000000,
        "750" : 0.000000,
        "1000" : 0.000000
      },
      "latency_us" : {
        "2" : 0.000000,
        "4" : 0.000000,
        "10" : 0.000000,
        "20" : 0.000000,
        "50" : 0.000000,
        "100" : 0.000000,
        "250" : 0.000000,
        "500" : 0.010000,
        "750" : 0.010000,
        "1000" : 0.010000
      },
      "latency_ms" : {
        "2" : 0.296459,
        "4" : 13.134405,
        "10" : 71.952438,
        "20" : 14.101924,
        "50" : 0.331502,
        "100" : 0.141785,
        "250" : 0.023362,
        "500" : 0.010000,
        "750" : 0.010000,
        "1000" : 0.000000,
        "2000" : 0.000000,
        ">=2000" : 0.000000
      },
      "latency_depth" : 24,
      "latency_target" : 0,
      "latency_percentile" : 100.000000,
      "latency_window" : 0
    }
  ],
  "disk_util" : [
    {
      "name" : "nvme0n1",
      "read_ios" : 0,
      "write_ios" : 248008,
      "read_merges" : 0,
      "write_merges" : 17,
      "read_ticks" : 0,
      "write_ticks" : 2154672,
      "in_queue" : 1769316,
      "util" : 97.367602
    }
  ]
}
