{
  "fio version" : "fio-3.16",
  "timestamp" : 1601060887,
  "timestamp_ms" : 1601060887430,
  "time" : "Fri Sep 25 15:08:07 2020",
  "global options" : {
    "unified_rw_reporting" : "1",
    "time_based" : "1",
    "runtime" : "90",
    "directory" : "/media/auto/work/tmp",
    "filename" : "testfile.dat",
    "filesize" : "20GiB",
    "direct" : "1",
    "ioengine" : "libaio"
  },
  "jobs" : [
    {
      "jobname" : "jobname",
      "groupid" : 0,
      "error" : 0,
      "eta" : 0,
      "elapsed" : 91,
      "job options" : {
        "name" : "jobname",
        "iodepth" : "16",
        "bs" : "32k",
        "rw" : "randread"
      },
      "mixed" : {
        "io_bytes" : 89394020352,
        "io_kbytes" : 87298848,
        "bw_bytes" : 993255856,
        "bw" : 969976,
        "iops" : 30311.763203,
        "runtime" : 90001,
        "total_ios" : 2728089,
        "short_ios" : 0,
        "drop_ios" : 0,
        "slat_ns" : {
          "min" : 2134,
          "max" : 171241,
          "mean" : 3699.946079,
          "stddev" : 962.136738
        },
        "clat_ns" : {
          "min" : 91672,
          "max" : 2050237,
          "mean" : 523521.914272,
          "stddev" : 223574.039183,
          "percentile" : {
            "1.000000" : 158720,
            "5.000000" : 211968,
            "10.000000" : 257024,
            "20.000000" : 321536,
            "30.000000" : 382976,
            "40.000000" : 436224,
            "50.000000" : 493568,
            "60.000000" : 552960,
            "70.000000" : 626688,
            "80.000000" : 708608,
            "90.000000" : 831488,
            "95.000000" : 937984,
            "99.000000" : 1138688,
            "99.500000" : 1220608,
            "99.900000" : 1368064,
            "99.950000" : 1433600,
            "99.990000" : 1581056
          }
        },
        "lat_ns" : {
          "min" : 95770,
          "max" : 2053433,
          "mean" : 527324.730240,
          "stddev" : 223554.574460
        },
        "bw_min" : 951424,
        "bw_max" : 1053253,
        "bw_agg" : 99.991603,
        "bw_mean" : 969894.550000,
        "bw_dev" : 11006.241858,
        "bw_samples" : 180,
        "iops_min" : 29732,
        "iops_max" : 32914,
        "iops_mean" : 30309.200000,
        "iops_stddev" : 343.944022,
        "iops_samples" : 180
      },
      "job_runtime" : 90000,
      "usr_cpu" : 4.080000,
      "sys_cpu" : 14.820000,
      "ctx" : 2219224,
      "majf" : 0,
      "minf" : 138,
      "iodepth_level" : {
        "1" : 0.100000,
        "2" : 0.100000,
        "4" : 0.100000,
        "8" : 0.100000,
        "16" : 99.999450,
        "32" : 0.000000,
        ">=64" : 0.000000
      },
      "iodepth_submit" : {
        "0" : 0.000000,
        "4" : 100.000000,
        "8" : 0.000000,
        "16" : 0.000000,
        "32" : 0.000000,
        "64" : 0.000000,
        ">=64" : 0.000000
      },
      "iodepth_complete" : {
        "0" : 0.000000,
        "4" : 99.999963,
        "8" : 0.000000,
        "16" : 0.100000,
        "32" : 0.000000,
        "64" : 0.000000,
        ">=64" : 0.000000
      },
      "latency_ns" : {
        "2" : 0.000000,
        "4" : 0.000000,
        "10" : 0.000000,
        "20" : 0.000000,
        "50" : 0.000000,
        "100" : 0.000000,
        "250" : 0.000000,
        "500" : 0.000000,
        "750" : 0.000000,
        "1000" : 0.000000
      },
      "latency_us" : {
        "2" : 0.000000,
        "4" : 0.000000,
        "10" : 0.000000,
        "20" : 0.000000,
        "50" : 0.000000,
        "100" : 0.010000,
        "250" : 9.190316,
        "500" : 41.648458,
        "750" : 33.284984,
        "1000" : 12.747348
      },
      "latency_ms" : {
        "2" : 3.128380,
        "4" : 0.010000,
        "10" : 0.000000,
        "20" : 0.000000,
        "50" : 0.000000,
        "100" : 0.000000,
        "250" : 0.000000,
        "500" : 0.000000,
        "750" : 0.000000,
        "1000" : 0.000000,
        "2000" : 0.000000,
        ">=2000" : 0.000000
      },
      "latency_depth" : 16,
      "latency_target" : 0,
      "latency_percentile" : 100.000000,
      "latency_window" : 0
    }
  ],
  "disk_util" : [
    {
      "name" : "nvme0n1",
      "read_ios" : 2725056,
      "write_ios" : 0,
      "read_merges" : 0,
      "write_merges" : 0,
      "read_ticks" : 1425344,
      "write_ticks" : 0,
      "in_queue" : 0,
      "util" : 99.936636
    }
  ]
}
