{
  "fio version" : "fio-3.16",
  "timestamp" : 1601070165,
  "timestamp_ms" : 1601070165355,
  "time" : "Fri Sep 25 17:42:45 2020",
  "global options" : {
    "unified_rw_reporting" : "1",
    "time_based" : "1",
    "runtime" : "90",
    "directory" : "/media/auto/work/tmp",
    "filename" : "testfile.dat",
    "filesize" : "20GiB",
    "direct" : "1",
    "ioengine" : "libaio"
  },
  "jobs" : [
    {
      "jobname" : "jobname",
      "groupid" : 0,
      "error" : 0,
      "eta" : 0,
      "elapsed" : 91,
      "job options" : {
        "name" : "jobname",
        "iodepth" : "4",
        "bs" : "512k",
        "rw" : "read"
      },
      "mixed" : {
        "io_bytes" : 313704054784,
        "io_kbytes" : 306351616,
        "bw_bytes" : 3485561880,
        "bw" : 3403869,
        "iops" : 6648.181687,
        "runtime" : 90001,
        "total_ios" : 598343,
        "short_ios" : 0,
        "drop_ios" : 0,
        "slat_ns" : {
          "min" : 10620,
          "max" : 167544,
          "mean" : 20628.447091,
          "stddev" : 2673.599455
        },
        "clat_ns" : {
          "min" : 152566,
          "max" : 1384047,
          "mean" : 580373.497519,
          "stddev" : 102889.066372,
          "percentile" : {
            "1.000000" : 337920,
            "5.000000" : 440320,
            "10.000000" : 497664,
            "20.000000" : 528384,
            "30.000000" : 544768,
            "40.000000" : 552960,
            "50.000000" : 561152,
            "60.000000" : 569344,
            "70.000000" : 585728,
            "80.000000" : 626688,
            "90.000000" : 700416,
            "95.000000" : 782336,
            "99.000000" : 954368,
            "99.500000" : 1011712,
            "99.900000" : 1105920,
            "99.950000" : 1138688,
            "99.990000" : 1204224
          }
        },
        "lat_ns" : {
          "min" : 193422,
          "max" : 1418272,
          "mean" : 601120.397576,
          "stddev" : 102697.260772
        },
        "bw_min" : 3376128,
        "bw_max" : 3428352,
        "bw_agg" : 99.996950,
        "bw_mean" : 3403765.167598,
        "bw_dev" : 10378.089563,
        "bw_samples" : 179,
        "iops_min" : 6594,
        "iops_max" : 6696,
        "iops_mean" : 6647.966480,
        "iops_stddev" : 20.280588,
        "iops_samples" : 179
      },
      "job_runtime" : 90000,
      "usr_cpu" : 0.996667,
      "sys_cpu" : 14.788889,
      "ctx" : 589075,
      "majf" : 0,
      "minf" : 523,
      "iodepth_level" : {
        "1" : 0.100000,
        "2" : 0.100000,
        "4" : 99.991978,
        "8" : 0.000000,
        "16" : 0.000000,
        "32" : 0.000000,
        ">=64" : 0.000000
      },
      "iodepth_submit" : {
        "0" : 0.000000,
        "4" : 100.000000,
        "8" : 0.000000,
        "16" : 0.000000,
        "32" : 0.000000,
        "64" : 0.000000,
        ">=64" : 0.000000
      },
      "iodepth_complete" : {
        "0" : 0.000000,
        "4" : 100.000000,
        "8" : 0.000000,
        "16" : 0.000000,
        "32" : 0.000000,
        "64" : 0.000000,
        ">=64" : 0.000000
      },
      "latency_ns" : {
        "2" : 0.000000,
        "4" : 0.000000,
        "10" : 0.000000,
        "20" : 0.000000,
        "50" : 0.000000,
        "100" : 0.000000,
        "250" : 0.000000,
        "500" : 0.000000,
        "750" : 0.000000,
        "1000" : 0.000000
      },
      "latency_us" : {
        "2" : 0.000000,
        "4" : 0.000000,
        "10" : 0.000000,
        "20" : 0.000000,
        "50" : 0.000000,
        "100" : 0.000000,
        "250" : 0.122171,
        "500" : 10.585567,
        "750" : 82.652592,
        "1000" : 6.082799
      },
      "latency_ms" : {
        "2" : 0.556871,
        "4" : 0.000000,
        "10" : 0.000000,
        "20" : 0.000000,
        "50" : 0.000000,
        "100" : 0.000000,
        "250" : 0.000000,
        "500" : 0.000000,
        "750" : 0.000000,
        "1000" : 0.000000,
        "2000" : 0.000000,
        ">=2000" : 0.000000
      },
      "latency_depth" : 4,
      "latency_target" : 0,
      "latency_percentile" : 100.000000,
      "latency_window" : 0
    }
  ],
  "disk_util" : [
    {
      "name" : "nvme0n1",
      "read_ios" : 597674,
      "write_ios" : 0,
      "read_merges" : 0,
      "write_merges" : 0,
      "read_ticks" : 350333,
      "write_ticks" : 0,
      "in_queue" : 0,
      "util" : 99.934415
    }
  ]
}
