{
  "fio version" : "fio-3.16",
  "timestamp" : 1601045021,
  "timestamp_ms" : 1601045021577,
  "time" : "Fri Sep 25 10:43:41 2020",
  "global options" : {
    "unified_rw_reporting" : "1",
    "time_based" : "1",
    "runtime" : "90",
    "directory" : "/media/auto/work/tmp",
    "filename" : "testfile.dat",
    "filesize" : "20GiB",
    "direct" : "1",
    "ioengine" : "libaio"
  },
  "jobs" : [
    {
      "jobname" : "jobname",
      "groupid" : 0,
      "error" : 0,
      "eta" : 0,
      "elapsed" : 91,
      "job options" : {
        "name" : "jobname",
        "iodepth" : "28",
        "bs" : "4k",
        "rw" : "write"
      },
      "mixed" : {
        "io_bytes" : 69011599360,
        "io_kbytes" : 67394140,
        "bw_bytes" : 766787028,
        "bw" : 748815,
        "iops" : 187203.864402,
        "runtime" : 90001,
        "total_ios" : 16848535,
        "short_ios" : 0,
        "drop_ios" : 0,
        "slat_ns" : {
          "min" : 1442,
          "max" : 189926,
          "mean" : 2920.687882,
          "stddev" : 1216.443973
        },
        "clat_ns" : {
          "min" : 10149,
          "max" : 66702347,
          "mean" : 146144.341155,
          "stddev" : 339737.125455,
          "percentile" : {
            "1.000000" : 69120,
            "5.000000" : 80384,
            "10.000000" : 81408,
            "20.000000" : 86528,
            "30.000000" : 87552,
            "40.000000" : 93696,
            "50.000000" : 112128,
            "60.000000" : 120320,
            "70.000000" : 122368,
            "80.000000" : 132096,
            "90.000000" : 205824,
            "95.000000" : 378880,
            "99.000000" : 864256,
            "99.500000" : 1089536,
            "99.900000" : 1630208,
            "99.950000" : 1875968,
            "99.990000" : 2637824
          }
        },
        "lat_ns" : {
          "min" : 12964,
          "max" : 66704000,
          "mean" : 149164.660987,
          "stddev" : 339686.546954
        },
        "bw_min" : 589559,
        "bw_max" : 1285096,
        "bw_agg" : 100.000000,
        "bw_mean" : 749430.050279,
        "bw_dev" : 207105.960140,
        "bw_samples" : 179,
        "iops_min" : 147389,
        "iops_max" : 321274,
        "iops_mean" : 187357.581006,
        "iops_stddev" : 51776.503230,
        "iops_samples" : 179
      },
      "job_runtime" : 90000,
      "usr_cpu" : 17.268889,
      "sys_cpu" : 54.454444,
      "ctx" : 363480,
      "majf" : 0,
      "minf" : 11,
      "iodepth_level" : {
        "1" : 0.100000,
        "2" : 0.100000,
        "4" : 0.100000,
        "8" : 0.100000,
        "16" : 99.999644,
        "32" : 0.000000,
        ">=64" : 0.000000
      },
      "iodepth_submit" : {
        "0" : 0.000000,
        "4" : 100.000000,
        "8" : 0.000000,
        "16" : 0.000000,
        "32" : 0.000000,
        "64" : 0.000000,
        ">=64" : 0.000000
      },
      "iodepth_complete" : {
        "0" : 0.000000,
        "4" : 99.999976,
        "8" : 0.000000,
        "16" : 0.000000,
        "32" : 0.100000,
        "64" : 0.000000,
        ">=64" : 0.000000
      },
      "latency_ns" : {
        "2" : 0.000000,
        "4" : 0.000000,
        "10" : 0.000000,
        "20" : 0.000000,
        "50" : 0.000000,
        "100" : 0.000000,
        "250" : 0.000000,
        "500" : 0.000000,
        "750" : 0.000000,
        "1000" : 0.000000
      },
      "latency_us" : {
        "2" : 0.000000,
        "4" : 0.000000,
        "10" : 0.000000,
        "20" : 0.010000,
        "50" : 0.010000,
        "100" : 44.899969,
        "250" : 46.856513,
        "500" : 5.005242,
        "750" : 1.816651,
        "1000" : 0.748635
      },
      "latency_ms" : {
        "2" : 0.644258,
        "4" : 0.021871,
        "10" : 0.010000,
        "20" : 0.010000,
        "50" : 0.010000,
        "100" : 0.010000,
        "250" : 0.000000,
        "500" : 0.000000,
        "750" : 0.000000,
        "1000" : 0.000000,
        "2000" : 0.000000,
        ">=2000" : 0.000000
      },
      "latency_depth" : 28,
      "latency_target" : 0,
      "latency_percentile" : 100.000000,
      "latency_window" : 0
    }
  ],
  "disk_util" : [
    {
      "name" : "nvme0n1",
      "read_ios" : 0,
      "write_ios" : 16833091,
      "read_merges" : 0,
      "write_merges" : 17,
      "read_ticks" : 0,
      "write_ticks" : 1165923,
      "in_queue" : 34264,
      "util" : 98.766091
    }
  ]
}
