{
  "fio version" : "fio-3.16",
  "timestamp" : 1601068839,
  "timestamp_ms" : 1601068839934,
  "time" : "Fri Sep 25 17:20:39 2020",
  "global options" : {
    "unified_rw_reporting" : "1",
    "time_based" : "1",
    "runtime" : "90",
    "directory" : "/media/auto/work/tmp",
    "filename" : "testfile.dat",
    "filesize" : "20GiB",
    "direct" : "1",
    "ioengine" : "libaio"
  },
  "jobs" : [
    {
      "jobname" : "jobname",
      "groupid" : 0,
      "error" : 0,
      "eta" : 0,
      "elapsed" : 91,
      "job options" : {
        "name" : "jobname",
        "iodepth" : "2",
        "bs" : "256k",
        "rw" : "read"
      },
      "mixed" : {
        "io_bytes" : 238025965568,
        "io_kbytes" : 232447232,
        "bw_bytes" : 2644703565,
        "bw" : 2582718,
        "iops" : 10088.743458,
        "runtime" : 90001,
        "total_ios" : 907997,
        "short_ios" : 0,
        "drop_ios" : 0,
        "slat_ns" : {
          "min" : 6322,
          "max" : 109355,
          "mean" : 12519.249241,
          "stddev" : 1890.379100
        },
        "clat_ns" : {
          "min" : 49112,
          "max" : 708098,
          "mean" : 185101.511412,
          "stddev" : 72905.379135,
          "percentile" : {
            "1.000000" : 84480,
            "5.000000" : 90624,
            "10.000000" : 99840,
            "20.000000" : 129536,
            "30.000000" : 132096,
            "40.000000" : 138240,
            "50.000000" : 160768,
            "60.000000" : 203776,
            "70.000000" : 230400,
            "80.000000" : 254976,
            "90.000000" : 284672,
            "95.000000" : 313344,
            "99.000000" : 370688,
            "99.500000" : 391168,
            "99.900000" : 440320,
            "99.950000" : 460800,
            "99.990000" : 497664
          }
        },
        "lat_ns" : {
          "min" : 88035,
          "max" : 721914,
          "mean" : 197734.392447,
          "stddev" : 72766.355828
        },
        "bw_min" : 2550272,
        "bw_max" : 2612736,
        "bw_agg" : 99.997230,
        "bw_mean" : 2582646.452514,
        "bw_dev" : 13494.534562,
        "bw_samples" : 179,
        "iops_min" : 9962,
        "iops_max" : 10206,
        "iops_mean" : 10088.435754,
        "iops_stddev" : 52.709294,
        "iops_samples" : 179
      },
      "job_runtime" : 90000,
      "usr_cpu" : 1.401111,
      "sys_cpu" : 14.273333,
      "ctx" : 875109,
      "majf" : 0,
      "minf" : 141,
      "iodepth_level" : {
        "1" : 0.100000,
        "2" : 99.998678,
        "4" : 0.000000,
        "8" : 0.000000,
        "16" : 0.000000,
        "32" : 0.000000,
        ">=64" : 0.000000
      },
      "iodepth_submit" : {
        "0" : 0.000000,
        "4" : 100.000000,
        "8" : 0.000000,
        "16" : 0.000000,
        "32" : 0.000000,
        "64" : 0.000000,
        ">=64" : 0.000000
      },
      "iodepth_complete" : {
        "0" : 0.000000,
        "4" : 100.000000,
        "8" : 0.000000,
        "16" : 0.000000,
        "32" : 0.000000,
        "64" : 0.000000,
        ">=64" : 0.000000
      },
      "latency_ns" : {
        "2" : 0.000000,
        "4" : 0.000000,
        "10" : 0.000000,
        "20" : 0.000000,
        "50" : 0.000000,
        "100" : 0.000000,
        "250" : 0.000000,
        "500" : 0.000000,
        "750" : 0.000000,
        "1000" : 0.000000
      },
      "latency_us" : {
        "2" : 0.000000,
        "4" : 0.000000,
        "10" : 0.000000,
        "20" : 0.000000,
        "50" : 0.010000,
        "100" : 9.670517,
        "250" : 68.255512,
        "500" : 22.064170,
        "750" : 0.010000,
        "1000" : 0.000000
      },
      "latency_ms" : {
        "2" : 0.000000,
        "4" : 0.000000,
        "10" : 0.000000,
        "20" : 0.000000,
        "50" : 0.000000,
        "100" : 0.000000,
        "250" : 0.000000,
        "500" : 0.000000,
        "750" : 0.000000,
        "1000" : 0.000000,
        "2000" : 0.000000,
        ">=2000" : 0.000000
      },
      "latency_depth" : 2,
      "latency_target" : 0,
      "latency_percentile" : 100.000000,
      "latency_window" : 0
    }
  ],
  "disk_util" : [
    {
      "name" : "nvme0n1",
      "read_ios" : 906990,
      "write_ios" : 0,
      "read_merges" : 0,
      "write_merges" : 0,
      "read_ticks" : 170799,
      "write_ticks" : 0,
      "in_queue" : 0,
      "util" : 99.935528
    }
  ]
}
