{
  "fio version" : "fio-3.16",
  "timestamp" : 1601062544,
  "timestamp_ms" : 1601062544205,
  "time" : "Fri Sep 25 15:35:44 2020",
  "global options" : {
    "unified_rw_reporting" : "1",
    "time_based" : "1",
    "runtime" : "90",
    "directory" : "/media/auto/work/tmp",
    "filename" : "testfile.dat",
    "filesize" : "20GiB",
    "direct" : "1",
    "ioengine" : "libaio"
  },
  "jobs" : [
    {
      "jobname" : "jobname",
      "groupid" : 0,
      "error" : 0,
      "eta" : 0,
      "elapsed" : 91,
      "job options" : {
        "name" : "jobname",
        "iodepth" : "32",
        "bs" : "256k",
        "rw" : "randread"
      },
      "mixed" : {
        "io_bytes" : 108226674688,
        "io_kbytes" : 105690112,
        "bw_bytes" : 1202425085,
        "bw" : 1174243,
        "iops" : 4586.887687,
        "runtime" : 90007,
        "total_ios" : 412852,
        "short_ios" : 0,
        "drop_ios" : 0,
        "slat_ns" : {
          "min" : 6973,
          "max" : 108384,
          "mean" : 13792.104885,
          "stddev" : 1995.224972
        },
        "clat_ns" : {
          "min" : 1810588,
          "max" : 13368909,
          "mean" : 6961698.762586,
          "stddev" : 585404.575597,
          "percentile" : {
            "1.000000" : 4423680,
            "5.000000" : 6389760,
            "10.000000" : 6520832,
            "20.000000" : 6717440,
            "30.000000" : 6782976,
            "40.000000" : 6914048,
            "50.000000" : 6979584,
            "60.000000" : 7110656,
            "70.000000" : 7176192,
            "80.000000" : 7307264,
            "90.000000" : 7503872,
            "95.000000" : 7634944,
            "99.000000" : 8028160,
            "99.500000" : 8224768,
            "99.900000" : 8847360,
            "99.950000" : 9240576,
            "99.990000" : 9895936
          }
        },
        "lat_ns" : {
          "min" : 1823732,
          "max" : 13382304,
          "mean" : 6975614.973300,
          "stddev" : 585406.772765
        },
        "bw_min" : 1071616,
        "bw_max" : 1583616,
        "bw_agg" : 99.996745,
        "bw_mean" : 1174204.777778,
        "bw_dev" : 46696.377785,
        "bw_samples" : 180,
        "iops_min" : 4186,
        "iops_max" : 6186,
        "iops_mean" : 4586.722222,
        "iops_stddev" : 182.410399,
        "iops_samples" : 180
      },
      "job_runtime" : 90006,
      "usr_cpu" : 0.693287,
      "sys_cpu" : 7.282848,
      "ctx" : 396100,
      "majf" : 0,
      "minf" : 2058,
      "iodepth_level" : {
        "1" : 0.100000,
        "2" : 0.100000,
        "4" : 0.100000,
        "8" : 0.100000,
        "16" : 0.100000,
        "32" : 99.992491,
        ">=64" : 0.000000
      },
      "iodepth_submit" : {
        "0" : 0.000000,
        "4" : 100.000000,
        "8" : 0.000000,
        "16" : 0.000000,
        "32" : 0.000000,
        "64" : 0.000000,
        ">=64" : 0.000000
      },
      "iodepth_complete" : {
        "0" : 0.000000,
        "4" : 99.999758,
        "8" : 0.000000,
        "16" : 0.000000,
        "32" : 0.100000,
        "64" : 0.000000,
        ">=64" : 0.000000
      },
      "latency_ns" : {
        "2" : 0.000000,
        "4" : 0.000000,
        "10" : 0.000000,
        "20" : 0.000000,
        "50" : 0.000000,
        "100" : 0.000000,
        "250" : 0.000000,
        "500" : 0.000000,
        "750" : 0.000000,
        "1000" : 0.000000
      },
      "latency_us" : {
        "2" : 0.000000,
        "4" : 0.000000,
        "10" : 0.000000,
        "20" : 0.000000,
        "50" : 0.000000,
        "100" : 0.000000,
        "250" : 0.000000,
        "500" : 0.000000,
        "750" : 0.000000,
        "1000" : 0.000000
      },
      "latency_ms" : {
        "2" : 0.017440,
        "4" : 0.792294,
        "10" : 99.182516,
        "20" : 0.010000,
        "50" : 0.000000,
        "100" : 0.000000,
        "250" : 0.000000,
        "500" : 0.000000,
        "750" : 0.000000,
        "1000" : 0.000000,
        "2000" : 0.000000,
        ">=2000" : 0.000000
      },
      "latency_depth" : 32,
      "latency_target" : 0,
      "latency_percentile" : 100.000000,
      "latency_window" : 0
    }
  ],
  "disk_util" : [
    {
      "name" : "nvme0n1",
      "read_ios" : 412362,
      "write_ios" : 0,
      "read_merges" : 0,
      "write_merges" : 0,
      "read_ticks" : 2871995,
      "write_ticks" : 0,
      "in_queue" : 1654624,
      "util" : 99.931082
    }
  ]
}
