{
  "fio version" : "fio-3.16",
  "timestamp" : 1600551841,
  "timestamp_ms" : 1600551841499,
  "time" : "Sat Sep 19 17:44:01 2020",
  "global options" : {
    "unified_rw_reporting" : "1",
    "time_based" : "1",
    "runtime" : "90",
    "directory" : "/media/auto/work/tmp",
    "filename" : "testfile.dat",
    "filesize" : "20GiB",
    "direct" : "1",
    "ioengine" : "libaio"
  },
  "jobs" : [
    {
      "jobname" : "jobname",
      "groupid" : 0,
      "error" : 0,
      "eta" : 0,
      "elapsed" : 91,
      "job options" : {
        "name" : "jobname",
        "iodepth" : "16",
        "bs" : "16k",
        "rw" : "randwrite"
      },
      "mixed" : {
        "io_bytes" : 64356352000,
        "io_kbytes" : 62848000,
        "bw_bytes" : 715062632,
        "bw" : 698303,
        "iops" : 43643.959512,
        "runtime" : 90001,
        "total_ios" : 3928000,
        "short_ios" : 0,
        "drop_ios" : 0,
        "slat_ns" : {
          "min" : 1983,
          "max" : 250189,
          "mean" : 4162.772532,
          "stddev" : 1504.890884
        },
        "clat_ns" : {
          "min" : 46007,
          "max" : 63566457,
          "mean" : 361811.581554,
          "stddev" : 592674.060952,
          "percentile" : {
            "1.000000" : 82432,
            "5.000000" : 93696,
            "10.000000" : 99840,
            "20.000000" : 111104,
            "30.000000" : 127488,
            "40.000000" : 156672,
            "50.000000" : 199680,
            "60.000000" : 264192,
            "70.000000" : 362496,
            "80.000000" : 528384,
            "90.000000" : 831488,
            "95.000000" : 1220608,
            "99.000000" : 1826816,
            "99.500000" : 2039808,
            "99.900000" : 2637824,
            "99.950000" : 3194880,
            "99.990000" : 23461888
          }
        },
        "lat_ns" : {
          "min" : 49182,
          "max" : 63569764,
          "mean" : 366098.630561,
          "stddev" : 592649.195505
        },
        "bw_min" : 536991,
        "bw_max" : 2063680,
        "bw_agg" : 100.000000,
        "bw_mean" : 698909.039106,
        "bw_dev" : 297347.511845,
        "bw_samples" : 179,
        "iops_min" : 33561,
        "iops_max" : 128980,
        "iops_mean" : 43681.815642,
        "iops_stddev" : 18584.221009,
        "iops_samples" : 179
      },
      "job_runtime" : 90000,
      "usr_cpu" : 5.887778,
      "sys_cpu" : 20.754444,
      "ctx" : 2006346,
      "majf" : 0,
      "minf" : 12,
      "iodepth_level" : {
        "1" : 0.100000,
        "2" : 0.100000,
        "4" : 0.100000,
        "8" : 0.100000,
        "16" : 99.999618,
        "32" : 0.000000,
        ">=64" : 0.000000
      },
      "iodepth_submit" : {
        "0" : 0.000000,
        "4" : 100.000000,
        "8" : 0.000000,
        "16" : 0.000000,
        "32" : 0.000000,
        "64" : 0.000000,
        ">=64" : 0.000000
      },
      "iodepth_complete" : {
        "0" : 0.000000,
        "4" : 99.999975,
        "8" : 0.000000,
        "16" : 0.100000,
        "32" : 0.000000,
        "64" : 0.000000,
        ">=64" : 0.000000
      },
      "latency_ns" : {
        "2" : 0.000000,
        "4" : 0.000000,
        "10" : 0.000000,
        "20" : 0.000000,
        "50" : 0.000000,
        "100" : 0.000000,
        "250" : 0.000000,
        "500" : 0.000000,
        "750" : 0.000000,
        "1000" : 0.000000
      },
      "latency_us" : {
        "2" : 0.000000,
        "4" : 0.000000,
        "10" : 0.000000,
        "20" : 0.000000,
        "50" : 0.010000,
        "100" : 10.226782,
        "250" : 48.166726,
        "500" : 20.351808,
        "750" : 9.479277,
        "1000" : 4.440046
      },
      "latency_ms" : {
        "2" : 6.761711,
        "4" : 0.533605,
        "10" : 0.017464,
        "20" : 0.010000,
        "50" : 0.010000,
        "100" : 0.010000,
        "250" : 0.000000,
        "500" : 0.000000,
        "750" : 0.000000,
        "1000" : 0.000000,
        "2000" : 0.000000,
        ">=2000" : 0.000000
      },
      "latency_depth" : 16,
      "latency_target" : 0,
      "latency_percentile" : 100.000000,
      "latency_window" : 0
    }
  ],
  "disk_util" : [
    {
      "name" : "nvme0n1",
      "read_ios" : 0,
      "write_ios" : 3924408,
      "read_merges" : 0,
      "write_merges" : 17,
      "read_ticks" : 0,
      "write_ticks" : 1402009,
      "in_queue" : 22864,
      "util" : 98.682763
    }
  ]
}
