{
  "fio version" : "fio-3.16",
  "timestamp" : 1601045152,
  "timestamp_ms" : 1601045152086,
  "time" : "Fri Sep 25 10:45:52 2020",
  "global options" : {
    "unified_rw_reporting" : "1",
    "time_based" : "1",
    "runtime" : "90",
    "directory" : "/media/auto/work/tmp",
    "filename" : "testfile.dat",
    "filesize" : "20GiB",
    "direct" : "1",
    "ioengine" : "libaio"
  },
  "jobs" : [
    {
      "jobname" : "jobname",
      "groupid" : 0,
      "error" : 0,
      "eta" : 0,
      "elapsed" : 91,
      "job options" : {
        "name" : "jobname",
        "iodepth" : "6",
        "bs" : "8k",
        "rw" : "write"
      },
      "mixed" : {
        "io_bytes" : 72879865856,
        "io_kbytes" : 71171744,
        "bw_bytes" : 809254767,
        "bw" : 790287,
        "iops" : 98785.982367,
        "runtime" : 90058,
        "total_ios" : 8896468,
        "short_ios" : 0,
        "drop_ios" : 0,
        "slat_ns" : {
          "min" : 1543,
          "max" : 509807,
          "mean" : 3623.873138,
          "stddev" : 1411.915493
        },
        "clat_ns" : {
          "min" : 11141,
          "max" : 63153516,
          "mean" : 56543.054275,
          "stddev" : 245767.458580,
          "percentile" : {
            "1.000000" : 15168,
            "5.000000" : 16192,
            "10.000000" : 17024,
            "20.000000" : 21376,
            "30.000000" : 23936,
            "40.000000" : 24192,
            "50.000000" : 25472,
            "60.000000" : 25984,
            "70.000000" : 30080,
            "80.000000" : 34560,
            "90.000000" : 73216,
            "95.000000" : 205824,
            "99.000000" : 700416,
            "99.500000" : 962560,
            "99.900000" : 1548288,
            "99.950000" : 1826816,
            "99.990000" : 2277376
          }
        },
        "lat_ns" : {
          "min" : 13977,
          "max" : 63156262,
          "mean" : 60286.520911,
          "stddev" : 245730.577440
        },
        "bw_min" : 608815,
        "bw_max" : 2258976,
        "bw_agg" : 100.000000,
        "bw_mean" : 790705.794444,
        "bw_dev" : 397363.102205,
        "bw_samples" : 180,
        "iops_min" : 76101,
        "iops_max" : 282372,
        "iops_mean" : 98838.222222,
        "iops_stddev" : 49670.416716,
        "iops_samples" : 180
      },
      "job_runtime" : 90057,
      "usr_cpu" : 11.013025,
      "sys_cpu" : 36.670109,
      "ctx" : 869089,
      "majf" : 0,
      "minf" : 12,
      "iodepth_level" : {
        "1" : 0.100000,
        "2" : 0.100000,
        "4" : 99.999865,
        "8" : 0.000000,
        "16" : 0.000000,
        "32" : 0.000000,
        ">=64" : 0.000000
      },
      "iodepth_submit" : {
        "0" : 0.000000,
        "4" : 100.000000,
        "8" : 0.000000,
        "16" : 0.000000,
        "32" : 0.000000,
        "64" : 0.000000,
        ">=64" : 0.000000
      },
      "iodepth_complete" : {
        "0" : 0.000000,
        "4" : 99.999955,
        "8" : 0.100000,
        "16" : 0.000000,
        "32" : 0.000000,
        "64" : 0.000000,
        ">=64" : 0.000000
      },
      "latency_ns" : {
        "2" : 0.000000,
        "4" : 0.000000,
        "10" : 0.000000,
        "20" : 0.000000,
        "50" : 0.000000,
        "100" : 0.000000,
        "250" : 0.000000,
        "500" : 0.000000,
        "750" : 0.000000,
        "1000" : 0.000000
      },
      "latency_us" : {
        "2" : 0.000000,
        "4" : 0.000000,
        "10" : 0.000000,
        "20" : 17.844756,
        "50" : 69.672852,
        "100" : 4.120939,
        "250" : 4.165698,
        "500" : 2.436990,
        "750" : 0.890544,
        "1000" : 0.416457
      },
      "latency_ms" : {
        "2" : 0.429541,
        "4" : 0.018187,
        "10" : 0.010000,
        "20" : 0.010000,
        "50" : 0.010000,
        "100" : 0.010000,
        "250" : 0.000000,
        "500" : 0.000000,
        "750" : 0.000000,
        "1000" : 0.000000,
        "2000" : 0.000000,
        ">=2000" : 0.000000
      },
      "latency_depth" : 6,
      "latency_target" : 0,
      "latency_percentile" : 100.000000,
      "latency_window" : 0
    }
  ],
  "disk_util" : [
    {
      "name" : "nvme0n1",
      "read_ios" : 0,
      "write_ios" : 8888115,
      "read_merges" : 0,
      "write_merges" : 17,
      "read_ticks" : 0,
      "write_ticks" : 431835,
      "in_queue" : 9368,
      "util" : 98.591581
    }
  ]
}
