{
  "fio version" : "fio-3.16",
  "timestamp" : 1600569276,
  "timestamp_ms" : 1600569276927,
  "time" : "Sat Sep 19 22:34:36 2020",
  "global options" : {
    "unified_rw_reporting" : "1",
    "time_based" : "1",
    "runtime" : "90",
    "directory" : "/media/auto/work/tmp",
    "filename" : "testfile.dat",
    "filesize" : "20GiB",
    "direct" : "1",
    "ioengine" : "libaio"
  },
  "jobs" : [
    {
      "jobname" : "jobname",
      "groupid" : 0,
      "error" : 0,
      "eta" : 0,
      "elapsed" : 91,
      "job options" : {
        "name" : "jobname",
        "iodepth" : "2",
        "bs" : "4k",
        "rw" : "write"
      },
      "mixed" : {
        "io_bytes" : 45525540864,
        "io_kbytes" : 44458536,
        "bw_bytes" : 505833722,
        "bw" : 493978,
        "iops" : 123494.561172,
        "runtime" : 90001,
        "total_ios" : 11114634,
        "short_ios" : 0,
        "drop_ios" : 0,
        "slat_ns" : {
          "min" : 1583,
          "max" : 322435,
          "mean" : 2449.087484,
          "stddev" : 374.199925
        },
        "clat_ns" : {
          "min" : 3336,
          "max" : 5404297,
          "mean" : 13281.866513,
          "stddev" : 7574.652577,
          "percentile" : {
            "1.000000" : 11840,
            "5.000000" : 12480,
            "10.000000" : 12608,
            "20.000000" : 12736,
            "30.000000" : 12736,
            "40.000000" : 12864,
            "50.000000" : 12864,
            "60.000000" : 12992,
            "70.000000" : 13120,
            "80.000000" : 13376,
            "90.000000" : 14272,
            "95.000000" : 15424,
            "99.000000" : 19328,
            "99.500000" : 22912,
            "99.900000" : 25216,
            "99.950000" : 27008,
            "99.990000" : 31104
          }
        },
        "lat_ns" : {
          "min" : 10390,
          "max" : 5406732,
          "mean" : 15814.630624,
          "stddev" : 7595.475980
        },
        "bw_min" : 438159,
        "bw_max" : 519952,
        "bw_agg" : 99.995543,
        "bw_mean" : 493955.983240,
        "bw_dev" : 11052.636958,
        "bw_samples" : 179,
        "iops_min" : 109539,
        "iops_max" : 129988,
        "iops_mean" : 123489.039106,
        "iops_stddev" : 2763.163137,
        "iops_samples" : 179
      },
      "job_runtime" : 90000,
      "usr_cpu" : 14.071111,
      "sys_cpu" : 43.355556,
      "ctx" : 5566410,
      "majf" : 0,
      "minf" : 12,
      "iodepth_level" : {
        "1" : 0.100000,
        "2" : 99.999973,
        "4" : 0.000000,
        "8" : 0.000000,
        "16" : 0.000000,
        "32" : 0.000000,
        ">=64" : 0.000000
      },
      "iodepth_submit" : {
        "0" : 0.000000,
        "4" : 100.000000,
        "8" : 0.000000,
        "16" : 0.000000,
        "32" : 0.000000,
        "64" : 0.000000,
        ">=64" : 0.000000
      },
      "iodepth_complete" : {
        "0" : 0.000000,
        "4" : 100.000000,
        "8" : 0.000000,
        "16" : 0.000000,
        "32" : 0.000000,
        "64" : 0.000000,
        ">=64" : 0.000000
      },
      "latency_ns" : {
        "2" : 0.000000,
        "4" : 0.000000,
        "10" : 0.000000,
        "20" : 0.000000,
        "50" : 0.000000,
        "100" : 0.000000,
        "250" : 0.000000,
        "500" : 0.000000,
        "750" : 0.000000,
        "1000" : 0.000000
      },
      "latency_us" : {
        "2" : 0.000000,
        "4" : 0.010000,
        "10" : 0.046578,
        "20" : 99.101266,
        "50" : 0.850743,
        "100" : 0.010000,
        "250" : 0.010000,
        "500" : 0.010000,
        "750" : 0.000000,
        "1000" : 0.010000
      },
      "latency_ms" : {
        "2" : 0.000000,
        "4" : 0.010000,
        "10" : 0.010000,
        "20" : 0.000000,
        "50" : 0.000000,
        "100" : 0.000000,
        "250" : 0.000000,
        "500" : 0.000000,
        "750" : 0.000000,
        "1000" : 0.000000,
        "2000" : 0.000000,
        ">=2000" : 0.000000
      },
      "latency_depth" : 2,
      "latency_target" : 0,
      "latency_percentile" : 100.000000,
      "latency_window" : 0
    }
  ],
  "disk_util" : [
    {
      "name" : "nvme0n1",
      "read_ios" : 0,
      "write_ios" : 11101368,
      "read_merges" : 0,
      "write_merges" : 17,
      "read_ticks" : 0,
      "write_ticks" : 121378,
      "in_queue" : 200,
      "util" : 99.936639
    }
  ]
}
