{
  "fio version" : "fio-3.16",
  "timestamp" : 1600571234,
  "timestamp_ms" : 1600571234196,
  "time" : "Sat Sep 19 23:07:14 2020",
  "global options" : {
    "unified_rw_reporting" : "1",
    "time_based" : "1",
    "runtime" : "90",
    "directory" : "/media/auto/work/tmp",
    "filename" : "testfile.dat",
    "filesize" : "20GiB",
    "direct" : "1",
    "ioengine" : "libaio"
  },
  "jobs" : [
    {
      "jobname" : "jobname",
      "groupid" : 0,
      "error" : 0,
      "eta" : 0,
      "elapsed" : 91,
      "job options" : {
        "name" : "jobname",
        "iodepth" : "1",
        "bs" : "16k",
        "rw" : "randwrite"
      },
      "mixed" : {
        "io_bytes" : 62791008256,
        "io_kbytes" : 61319344,
        "bw_bytes" : 697205319,
        "bw" : 680864,
        "iops" : 42554.035598,
        "runtime" : 90061,
        "total_ios" : 3832459,
        "short_ios" : 0,
        "drop_ios" : 0,
        "slat_ns" : {
          "min" : 2114,
          "max" : 213951,
          "mean" : 3261.872359,
          "stddev" : 405.939783
        },
        "clat_ns" : {
          "min" : 380,
          "max" : 63496606,
          "mean" : 19632.785397,
          "stddev" : 138288.088489,
          "percentile" : {
            "1.000000" : 13632,
            "5.000000" : 13632,
            "10.000000" : 13760,
            "20.000000" : 13888,
            "30.000000" : 14016,
            "40.000000" : 14016,
            "50.000000" : 14144,
            "60.000000" : 14272,
            "70.000000" : 14528,
            "80.000000" : 14912,
            "90.000000" : 15552,
            "95.000000" : 18304,
            "99.000000" : 150528,
            "99.500000" : 313344,
            "99.900000" : 724992,
            "99.950000" : 962560,
            "99.990000" : 1662976
          }
        },
        "lat_ns" : {
          "min" : 14808,
          "max" : 63500103,
          "mean" : 22986.001264,
          "stddev" : 138289.388338
        },
        "bw_min" : 618271,
        "bw_max" : 824160,
        "bw_agg" : 100.000000,
        "bw_mean" : 681279.105556,
        "bw_dev" : 49192.599111,
        "bw_samples" : 180,
        "iops_min" : 38641,
        "iops_max" : 51510,
        "iops_mean" : 42579.933333,
        "iops_stddev" : 3074.530761,
        "iops_samples" : 180
      },
      "job_runtime" : 90060,
      "usr_cpu" : 5.818343,
      "sys_cpu" : 18.857428,
      "ctx" : 3832671,
      "majf" : 0,
      "minf" : 12,
      "iodepth_level" : {
        "1" : 100.000000,
        "2" : 0.000000,
        "4" : 0.000000,
        "8" : 0.000000,
        "16" : 0.000000,
        "32" : 0.000000,
        ">=64" : 0.000000
      },
      "iodepth_submit" : {
        "0" : 0.000000,
        "4" : 100.000000,
        "8" : 0.000000,
        "16" : 0.000000,
        "32" : 0.000000,
        "64" : 0.000000,
        ">=64" : 0.000000
      },
      "iodepth_complete" : {
        "0" : 0.000000,
        "4" : 100.000000,
        "8" : 0.000000,
        "16" : 0.000000,
        "32" : 0.000000,
        "64" : 0.000000,
        ">=64" : 0.000000
      },
      "latency_ns" : {
        "2" : 0.000000,
        "4" : 0.000000,
        "10" : 0.000000,
        "20" : 0.000000,
        "50" : 0.000000,
        "100" : 0.000000,
        "250" : 0.000000,
        "500" : 0.010000,
        "750" : 0.010000,
        "1000" : 0.010000
      },
      "latency_us" : {
        "2" : 0.000000,
        "4" : 0.010000,
        "10" : 0.010000,
        "20" : 95.834163,
        "50" : 2.217871,
        "100" : 0.632857,
        "250" : 0.663438,
        "500" : 0.421844,
        "750" : 0.134091,
        "1000" : 0.045793
      },
      "latency_ms" : {
        "2" : 0.041775,
        "4" : 0.010000,
        "10" : 0.010000,
        "20" : 0.010000,
        "50" : 0.010000,
        "100" : 0.010000,
        "250" : 0.000000,
        "500" : 0.000000,
        "750" : 0.000000,
        "1000" : 0.000000,
        "2000" : 0.000000,
        ">=2000" : 0.000000
      },
      "latency_depth" : 1,
      "latency_target" : 0,
      "latency_percentile" : 100.000000,
      "latency_window" : 0
    }
  ],
  "disk_util" : [
    {
      "name" : "nvme0n1",
      "read_ios" : 0,
      "write_ios" : 3828266,
      "read_merges" : 0,
      "write_merges" : 17,
      "read_ticks" : 0,
      "write_ticks" : 77040,
      "in_queue" : 2268,
      "util" : 98.600474
    }
  ]
}
