{
  "fio version" : "fio-3.16",
  "timestamp" : 1601064311,
  "timestamp_ms" : 1601064311460,
  "time" : "Fri Sep 25 16:05:11 2020",
  "global options" : {
    "unified_rw_reporting" : "1",
    "time_based" : "1",
    "runtime" : "90",
    "directory" : "/media/auto/work/tmp",
    "filename" : "testfile.dat",
    "filesize" : "20GiB",
    "direct" : "1",
    "ioengine" : "libaio"
  },
  "jobs" : [
    {
      "jobname" : "jobname",
      "groupid" : 0,
      "error" : 0,
      "eta" : 0,
      "elapsed" : 91,
      "job options" : {
        "name" : "jobname",
        "iodepth" : "8",
        "bs" : "4k",
        "rw" : "read"
      },
      "mixed" : {
        "io_bytes" : 128017678336,
        "io_kbytes" : 125017264,
        "bw_bytes" : 1422402843,
        "bw" : 1389065,
        "iops" : 347266.319263,
        "runtime" : 90001,
        "total_ios" : 31254316,
        "short_ios" : 0,
        "drop_ios" : 0,
        "slat_ns" : {
          "min" : 1253,
          "max" : 78577,
          "mean" : 1907.662446,
          "stddev" : 717.581327
        },
        "clat_ns" : {
          "min" : 6593,
          "max" : 416040,
          "mean" : 20599.537209,
          "stddev" : 4717.262387,
          "percentile" : {
            "1.000000" : 18304,
            "5.000000" : 18816,
            "10.000000" : 19072,
            "20.000000" : 19328,
            "30.000000" : 19328,
            "40.000000" : 19840,
            "50.000000" : 20096,
            "60.000000" : 20608,
            "70.000000" : 20864,
            "80.000000" : 21632,
            "90.000000" : 21888,
            "95.000000" : 22912,
            "99.000000" : 28800,
            "99.500000" : 31104,
            "99.900000" : 75264,
            "99.950000" : 152576,
            "99.990000" : 189440
          }
        },
        "lat_ns" : {
          "min" : 8716,
          "max" : 417413,
          "mean" : 22602.192314,
          "stddev" : 4752.766922
        },
        "bw_min" : 1359192,
        "bw_max" : 1404376,
        "bw_agg" : 99.989383,
        "bw_mean" : 1388917.519553,
        "bw_dev" : 8201.635419,
        "bw_samples" : 179,
        "iops_min" : 339798,
        "iops_max" : 351094,
        "iops_mean" : 347229.385475,
        "iops_stddev" : 2050.356799,
        "iops_samples" : 179
      },
      "job_runtime" : 90000,
      "usr_cpu" : 32.322222,
      "sys_cpu" : 67.053333,
      "ctx" : 18306,
      "majf" : 0,
      "minf" : 20,
      "iodepth_level" : {
        "1" : 0.100000,
        "2" : 0.100000,
        "4" : 0.100000,
        "8" : 99.999843,
        "16" : 0.000000,
        "32" : 0.000000,
        ">=64" : 0.000000
      },
      "iodepth_submit" : {
        "0" : 0.000000,
        "4" : 100.000000,
        "8" : 0.000000,
        "16" : 0.000000,
        "32" : 0.000000,
        "64" : 0.000000,
        ">=64" : 0.000000
      },
      "iodepth_complete" : {
        "0" : 0.000000,
        "4" : 99.999978,
        "8" : 0.100000,
        "16" : 0.000000,
        "32" : 0.000000,
        "64" : 0.000000,
        ">=64" : 0.000000
      },
      "latency_ns" : {
        "2" : 0.000000,
        "4" : 0.000000,
        "10" : 0.000000,
        "20" : 0.000000,
        "50" : 0.000000,
        "100" : 0.000000,
        "250" : 0.000000,
        "500" : 0.000000,
        "750" : 0.000000,
        "1000" : 0.000000
      },
      "latency_us" : {
        "2" : 0.000000,
        "4" : 0.000000,
        "10" : 0.010000,
        "20" : 44.338542,
        "50" : 55.550174,
        "100" : 0.027913,
        "250" : 0.078674,
        "500" : 0.010000,
        "750" : 0.000000,
        "1000" : 0.000000
      },
      "latency_ms" : {
        "2" : 0.000000,
        "4" : 0.000000,
        "10" : 0.000000,
        "20" : 0.000000,
        "50" : 0.000000,
        "100" : 0.000000,
        "250" : 0.000000,
        "500" : 0.000000,
        "750" : 0.000000,
        "1000" : 0.000000,
        "2000" : 0.000000,
        ">=2000" : 0.000000
      },
      "latency_depth" : 8,
      "latency_target" : 0,
      "latency_percentile" : 100.000000,
      "latency_window" : 0
    }
  ],
  "disk_util" : [
    {
      "name" : "nvme0n1",
      "read_ios" : 31219205,
      "write_ios" : 0,
      "read_merges" : 0,
      "write_merges" : 0,
      "read_ticks" : 242350,
      "write_ticks" : 0,
      "in_queue" : 0,
      "util" : 99.975544
    }
  ]
}
