{
  "fio version" : "fio-3.16",
  "timestamp" : 1601046456,
  "timestamp_ms" : 1601046456821,
  "time" : "Fri Sep 25 11:07:36 2020",
  "global options" : {
    "unified_rw_reporting" : "1",
    "time_based" : "1",
    "runtime" : "90",
    "directory" : "/media/auto/work/tmp",
    "filename" : "testfile.dat",
    "filesize" : "20GiB",
    "direct" : "1",
    "ioengine" : "libaio"
  },
  "jobs" : [
    {
      "jobname" : "jobname",
      "groupid" : 0,
      "error" : 0,
      "eta" : 0,
      "elapsed" : 91,
      "job options" : {
        "name" : "jobname",
        "iodepth" : "6",
        "bs" : "32k",
        "rw" : "write"
      },
      "mixed" : {
        "io_bytes" : 71473004544,
        "io_kbytes" : 69797856,
        "bw_bytes" : 793694734,
        "bw" : 775092,
        "iops" : 24221.641070,
        "runtime" : 90051,
        "total_ios" : 2181183,
        "short_ios" : 0,
        "drop_ios" : 0,
        "slat_ns" : {
          "min" : 2165,
          "max" : 425048,
          "mean" : 4292.877025,
          "stddev" : 1209.132727
        },
        "clat_ns" : {
          "min" : 19767,
          "max" : 63154138,
          "mean" : 242774.733617,
          "stddev" : 511320.265468,
          "percentile" : {
            "1.000000" : 51968,
            "5.000000" : 59136,
            "10.000000" : 63232,
            "20.000000" : 67072,
            "30.000000" : 72192,
            "40.000000" : 85504,
            "50.000000" : 113152,
            "60.000000" : 152576,
            "70.000000" : 216064,
            "80.000000" : 337920,
            "90.000000" : 569344,
            "95.000000" : 864256,
            "99.000000" : 1597440,
            "99.500000" : 1826816,
            "99.900000" : 2244608,
            "99.950000" : 2539520,
            "99.990000" : 15400960
          }
        },
        "lat_ns" : {
          "min" : 25678,
          "max" : 63158235,
          "mean" : 247186.602485,
          "stddev" : 511352.871610
        },
        "bw_min" : 542463,
        "bw_max" : 2463936,
        "bw_agg" : 100.000000,
        "bw_mean" : 775486.077778,
        "bw_dev" : 441327.872121,
        "bw_samples" : 180,
        "iops_min" : 16951,
        "iops_max" : 76998,
        "iops_mean" : 24233.916667,
        "iops_stddev" : 13791.502422,
        "iops_samples" : 180
      },
      "job_runtime" : 90050,
      "usr_cpu" : 3.913381,
      "sys_cpu" : 13.501388,
      "ctx" : 2091901,
      "majf" : 0,
      "minf" : 11,
      "iodepth_level" : {
        "1" : 0.100000,
        "2" : 0.100000,
        "4" : 99.999450,
        "8" : 0.000000,
        "16" : 0.000000,
        "32" : 0.000000,
        ">=64" : 0.000000
      },
      "iodepth_submit" : {
        "0" : 0.000000,
        "4" : 100.000000,
        "8" : 0.000000,
        "16" : 0.000000,
        "32" : 0.000000,
        "64" : 0.000000,
        ">=64" : 0.000000
      },
      "iodepth_complete" : {
        "0" : 0.000000,
        "4" : 99.999817,
        "8" : 0.100000,
        "16" : 0.000000,
        "32" : 0.000000,
        "64" : 0.000000,
        ">=64" : 0.000000
      },
      "latency_ns" : {
        "2" : 0.000000,
        "4" : 0.000000,
        "10" : 0.000000,
        "20" : 0.000000,
        "50" : 0.000000,
        "100" : 0.000000,
        "250" : 0.000000,
        "500" : 0.000000,
        "750" : 0.000000,
        "1000" : 0.000000
      },
      "latency_us" : {
        "2" : 0.000000,
        "4" : 0.000000,
        "10" : 0.000000,
        "20" : 0.010000,
        "50" : 0.450948,
        "100" : 45.176081,
        "250" : 27.796384,
        "500" : 14.226867,
        "750" : 5.991015,
        "1000" : 2.582223
      },
      "latency_ms" : {
        "2" : 3.485998,
        "4" : 0.268157,
        "10" : 0.010774,
        "20" : 0.010000,
        "50" : 0.010000,
        "100" : 0.010000,
        "250" : 0.000000,
        "500" : 0.000000,
        "750" : 0.000000,
        "1000" : 0.000000,
        "2000" : 0.000000,
        ">=2000" : 0.000000
      },
      "latency_depth" : 6,
      "latency_target" : 0,
      "latency_percentile" : 100.000000,
      "latency_window" : 0
    }
  ],
  "disk_util" : [
    {
      "name" : "nvme0n1",
      "read_ios" : 0,
      "write_ios" : 2179404,
      "read_merges" : 0,
      "write_merges" : 17,
      "read_ticks" : 0,
      "write_ticks" : 530111,
      "in_queue" : 9820,
      "util" : 98.578241
    }
  ]
}
