{
  "fio version" : "fio-3.16",
  "timestamp" : 1601057573,
  "timestamp_ms" : 1601057573909,
  "time" : "Fri Sep 25 14:12:53 2020",
  "global options" : {
    "unified_rw_reporting" : "1",
    "time_based" : "1",
    "runtime" : "90",
    "directory" : "/media/auto/work/tmp",
    "filename" : "testfile.dat",
    "filesize" : "20GiB",
    "direct" : "1",
    "ioengine" : "libaio"
  },
  "jobs" : [
    {
      "jobname" : "jobname",
      "groupid" : 0,
      "error" : 0,
      "eta" : 0,
      "elapsed" : 91,
      "job options" : {
        "name" : "jobname",
        "iodepth" : "28",
        "bs" : "4k",
        "rw" : "randread"
      },
      "mixed" : {
        "io_bytes" : 71824130048,
        "io_kbytes" : 70140752,
        "bw_bytes" : 798037022,
        "bw" : 779333,
        "iops" : 194833.257408,
        "runtime" : 90001,
        "total_ios" : 17535188,
        "short_ios" : 0,
        "drop_ios" : 0,
        "slat_ns" : {
          "min" : 1323,
          "max" : 420389,
          "mean" : 2551.502387,
          "stddev" : 1471.001817
        },
        "clat_ns" : {
          "min" : 34786,
          "max" : 1150219,
          "mean" : 140609.598988,
          "stddev" : 67530.346846,
          "percentile" : {
            "1.000000" : 66048,
            "5.000000" : 71168,
            "10.000000" : 77312,
            "20.000000" : 86528,
            "30.000000" : 96768,
            "40.000000" : 109056,
            "50.000000" : 123392,
            "60.000000" : 138240,
            "70.000000" : 156672,
            "80.000000" : 183296,
            "90.000000" : 228352,
            "95.000000" : 272384,
            "99.000000" : 378880,
            "99.500000" : 423936,
            "99.900000" : 522240,
            "99.950000" : 561152,
            "99.990000" : 659456
          }
        },
        "lat_ns" : {
          "min" : 46708,
          "max" : 1151772,
          "mean" : 143257.465613,
          "stddev" : 67580.599171
        },
        "bw_min" : 764504,
        "bw_max" : 798400,
        "bw_agg" : 99.996996,
        "bw_mean" : 779309.586592,
        "bw_dev" : 5009.813412,
        "bw_samples" : 179,
        "iops_min" : 191126,
        "iops_max" : 199600,
        "iops_mean" : 194827.402235,
        "iops_stddev" : 1252.413380,
        "iops_samples" : 179
      },
      "job_runtime" : 90000,
      "usr_cpu" : 19.862222,
      "sys_cpu" : 55.742222,
      "ctx" : 4024808,
      "majf" : 0,
      "minf" : 39,
      "iodepth_level" : {
        "1" : 0.100000,
        "2" : 0.100000,
        "4" : 0.100000,
        "8" : 0.100000,
        "16" : 99.999914,
        "32" : 0.000000,
        ">=64" : 0.000000
      },
      "iodepth_submit" : {
        "0" : 0.000000,
        "4" : 100.000000,
        "8" : 0.000000,
        "16" : 0.000000,
        "32" : 0.000000,
        "64" : 0.000000,
        ">=64" : 0.000000
      },
      "iodepth_complete" : {
        "0" : 0.000000,
        "4" : 99.999994,
        "8" : 0.000000,
        "16" : 0.000000,
        "32" : 0.100000,
        "64" : 0.000000,
        ">=64" : 0.000000
      },
      "latency_ns" : {
        "2" : 0.000000,
        "4" : 0.000000,
        "10" : 0.000000,
        "20" : 0.000000,
        "50" : 0.000000,
        "100" : 0.000000,
        "250" : 0.000000,
        "500" : 0.000000,
        "750" : 0.000000,
        "1000" : 0.000000
      },
      "latency_us" : {
        "2" : 0.000000,
        "4" : 0.000000,
        "10" : 0.000000,
        "20" : 0.000000,
        "50" : 0.033920,
        "100" : 33.079303,
        "250" : 59.656070,
        "500" : 7.089585,
        "750" : 0.138921,
        "1000" : 0.010000
      },
      "latency_ms" : {
        "2" : 0.010000,
        "4" : 0.000000,
        "10" : 0.000000,
        "20" : 0.000000,
        "50" : 0.000000,
        "100" : 0.000000,
        "250" : 0.000000,
        "500" : 0.000000,
        "750" : 0.000000,
        "1000" : 0.000000,
        "2000" : 0.000000,
        ">=2000" : 0.000000
      },
      "latency_depth" : 28,
      "latency_target" : 0,
      "latency_percentile" : 100.000000,
      "latency_window" : 0
    }
  ],
  "disk_util" : [
    {
      "name" : "nvme0n1",
      "read_ios" : 17515192,
      "write_ios" : 0,
      "read_merges" : 0,
      "write_merges" : 0,
      "read_ticks" : 2312810,
      "write_ticks" : 0,
      "in_queue" : 0,
      "util" : 99.983326
    }
  ]
}
