{
  "fio version" : "fio-3.16",
  "timestamp" : 1600550928,
  "timestamp_ms" : 1600550928328,
  "time" : "Sat Sep 19 17:28:48 2020",
  "global options" : {
    "unified_rw_reporting" : "1",
    "time_based" : "1",
    "runtime" : "90",
    "directory" : "/media/auto/work/tmp",
    "filename" : "testfile.dat",
    "filesize" : "20GiB",
    "direct" : "1",
    "ioengine" : "libaio"
  },
  "jobs" : [
    {
      "jobname" : "jobname",
      "groupid" : 0,
      "error" : 0,
      "eta" : 0,
      "elapsed" : 91,
      "job options" : {
        "name" : "jobname",
        "iodepth" : "32",
        "bs" : "4k",
        "rw" : "randwrite"
      },
      "mixed" : {
        "io_bytes" : 65136562176,
        "io_kbytes" : 63609924,
        "bw_bytes" : 723305596,
        "bw" : 706353,
        "iops" : 176588.280365,
        "runtime" : 90054,
        "total_ios" : 15902481,
        "short_ios" : 0,
        "drop_ios" : 0,
        "slat_ns" : {
          "min" : 1513,
          "max" : 222898,
          "mean" : 3027.261003,
          "stddev" : 1257.542370
        },
        "clat_ns" : {
          "min" : 68949,
          "max" : 62516848,
          "mean" : 177601.363190,
          "stddev" : 383910.285109,
          "percentile" : {
            "1.000000" : 81408,
            "5.000000" : 95744,
            "10.000000" : 98816,
            "20.000000" : 102912,
            "30.000000" : 105984,
            "40.000000" : 121344,
            "50.000000" : 142336,
            "60.000000" : 144384,
            "70.000000" : 148480,
            "80.000000" : 175104,
            "90.000000" : 284672,
            "95.000000" : 452608,
            "99.000000" : 888832,
            "99.500000" : 1089536,
            "99.900000" : 1712128,
            "99.950000" : 1957888,
            "99.990000" : 4947968
          }
        },
        "lat_ns" : {
          "min" : 70643,
          "max" : 62519393,
          "mean" : 180726.510972,
          "stddev" : 383859.243911
        },
        "bw_min" : 616935,
        "bw_max" : 1233624,
        "bw_agg" : 100.000000,
        "bw_mean" : 706689.300000,
        "bw_dev" : 149361.719695,
        "bw_samples" : 180,
        "iops_min" : 154233,
        "iops_max" : 308406,
        "iops_mean" : 176672.405556,
        "iops_stddev" : 37340.415885,
        "iops_samples" : 180
      },
      "job_runtime" : 90053,
      "usr_cpu" : 18.133766,
      "sys_cpu" : 52.931052,
      "ctx" : 159901,
      "majf" : 0,
      "minf" : 10,
      "iodepth_level" : {
        "1" : 0.100000,
        "2" : 0.100000,
        "4" : 0.100000,
        "8" : 0.100000,
        "16" : 0.100000,
        "32" : 99.999805,
        ">=64" : 0.000000
      },
      "iodepth_submit" : {
        "0" : 0.000000,
        "4" : 100.000000,
        "8" : 0.000000,
        "16" : 0.000000,
        "32" : 0.000000,
        "64" : 0.000000,
        ">=64" : 0.000000
      },
      "iodepth_complete" : {
        "0" : 0.000000,
        "4" : 99.999994,
        "8" : 0.000000,
        "16" : 0.000000,
        "32" : 0.100000,
        "64" : 0.000000,
        ">=64" : 0.000000
      },
      "latency_ns" : {
        "2" : 0.000000,
        "4" : 0.000000,
        "10" : 0.000000,
        "20" : 0.000000,
        "50" : 0.000000,
        "100" : 0.000000,
        "250" : 0.000000,
        "500" : 0.000000,
        "750" : 0.000000,
        "1000" : 0.000000
      },
      "latency_us" : {
        "2" : 0.000000,
        "4" : 0.000000,
        "10" : 0.000000,
        "20" : 0.000000,
        "50" : 0.000000,
        "100" : 10.764113,
        "250" : 77.601369,
        "500" : 7.494101,
        "750" : 2.520324,
        "1000" : 0.932924
      },
      "latency_ms" : {
        "2" : 0.645340,
        "4" : 0.030096,
        "10" : 0.010000,
        "20" : 0.010000,
        "50" : 0.010000,
        "100" : 0.010000,
        "250" : 0.000000,
        "500" : 0.000000,
        "750" : 0.000000,
        "1000" : 0.000000,
        "2000" : 0.000000,
        ">=2000" : 0.000000
      },
      "latency_depth" : 32,
      "latency_target" : 0,
      "latency_percentile" : 100.000000,
      "latency_window" : 0
    }
  ],
  "disk_util" : [
    {
      "name" : "nvme0n1",
      "read_ios" : 0,
      "write_ios" : 15885943,
      "read_merges" : 0,
      "write_merges" : 17,
      "read_ticks" : 0,
      "write_ticks" : 1385929,
      "in_queue" : 43700,
      "util" : 98.677102
    }
  ]
}
