{
  "fio version" : "fio-3.16",
  "timestamp" : 1601056911,
  "timestamp_ms" : 1601056911309,
  "time" : "Fri Sep 25 14:01:51 2020",
  "global options" : {
    "unified_rw_reporting" : "1",
    "time_based" : "1",
    "runtime" : "90",
    "directory" : "/media/auto/work/tmp",
    "filename" : "testfile.dat",
    "filesize" : "20GiB",
    "direct" : "1",
    "ioengine" : "libaio"
  },
  "jobs" : [
    {
      "jobname" : "jobname",
      "groupid" : 0,
      "error" : 0,
      "eta" : 0,
      "elapsed" : 91,
      "job options" : {
        "name" : "jobname",
        "iodepth" : "6",
        "bs" : "4k",
        "rw" : "randread"
      },
      "mixed" : {
        "io_bytes" : 25590571008,
        "io_kbytes" : 24990792,
        "bw_bytes" : 284336518,
        "bw" : 277672,
        "iops" : 69418.095354,
        "runtime" : 90001,
        "total_ios" : 6247698,
        "short_ios" : 0,
        "drop_ios" : 0,
        "slat_ns" : {
          "min" : 1442,
          "max" : 215575,
          "mean" : 2505.352900,
          "stddev" : 782.923355
        },
        "clat_ns" : {
          "min" : 9037,
          "max" : 1770943,
          "mean" : 83318.687697,
          "stddev" : 21571.173463,
          "percentile" : {
            "1.000000" : 56576,
            "5.000000" : 66048,
            "10.000000" : 66048,
            "20.000000" : 67072,
            "30.000000" : 69120,
            "40.000000" : 71168,
            "50.000000" : 77312,
            "60.000000" : 82432,
            "70.000000" : 85504,
            "80.000000" : 92672,
            "90.000000" : 114176,
            "95.000000" : 129536,
            "99.000000" : 158720,
            "99.500000" : 173056,
            "99.900000" : 205824,
            "99.950000" : 220160,
            "99.990000" : 254976
          }
        },
        "lat_ns" : {
          "min" : 11301,
          "max" : 1773127,
          "mean" : 85924.344030,
          "stddev" : 21567.446014
        },
        "bw_min" : 264112,
        "bw_max" : 279576,
        "bw_agg" : 99.994630,
        "bw_mean" : 277657.089385,
        "bw_dev" : 1279.893760,
        "bw_samples" : 179,
        "iops_min" : 66028,
        "iops_max" : 69894,
        "iops_mean" : 69414.256983,
        "iops_stddev" : 319.964922,
        "iops_samples" : 179
      },
      "job_runtime" : 90000,
      "usr_cpu" : 8.890000,
      "sys_cpu" : 24.198889,
      "ctx" : 4238209,
      "majf" : 0,
      "minf" : 18,
      "iodepth_level" : {
        "1" : 0.100000,
        "2" : 0.100000,
        "4" : 99.999952,
        "8" : 0.000000,
        "16" : 0.000000,
        "32" : 0.000000,
        ">=64" : 0.000000
      },
      "iodepth_submit" : {
        "0" : 0.000000,
        "4" : 100.000000,
        "8" : 0.000000,
        "16" : 0.000000,
        "32" : 0.000000,
        "64" : 0.000000,
        ">=64" : 0.000000
      },
      "iodepth_complete" : {
        "0" : 0.000000,
        "4" : 99.999984,
        "8" : 0.100000,
        "16" : 0.000000,
        "32" : 0.000000,
        "64" : 0.000000,
        ">=64" : 0.000000
      },
      "latency_ns" : {
        "2" : 0.000000,
        "4" : 0.000000,
        "10" : 0.000000,
        "20" : 0.000000,
        "50" : 0.000000,
        "100" : 0.000000,
        "250" : 0.000000,
        "500" : 0.000000,
        "750" : 0.000000,
        "1000" : 0.000000
      },
      "latency_us" : {
        "2" : 0.000000,
        "4" : 0.000000,
        "10" : 0.010000,
        "20" : 0.010000,
        "50" : 0.360709,
        "100" : 84.491680,
        "250" : 15.134678,
        "500" : 0.012357,
        "750" : 0.010000,
        "1000" : 0.010000
      },
      "latency_ms" : {
        "2" : 0.010000,
        "4" : 0.000000,
        "10" : 0.000000,
        "20" : 0.000000,
        "50" : 0.000000,
        "100" : 0.000000,
        "250" : 0.000000,
        "500" : 0.000000,
        "750" : 0.000000,
        "1000" : 0.000000,
        "2000" : 0.000000,
        ">=2000" : 0.000000
      },
      "latency_depth" : 6,
      "latency_target" : 0,
      "latency_percentile" : 100.000000,
      "latency_window" : 0
    }
  ],
  "disk_util" : [
    {
      "name" : "nvme0n1",
      "read_ios" : 6240744,
      "write_ios" : 0,
      "read_merges" : 0,
      "write_merges" : 0,
      "read_ticks" : 512393,
      "write_ticks" : 0,
      "in_queue" : 0,
      "util" : 99.932196
    }
  ]
}
