{
  "fio version" : "fio-3.16",
  "timestamp" : 1600551580,
  "timestamp_ms" : 1600551580604,
  "time" : "Sat Sep 19 17:39:40 2020",
  "global options" : {
    "unified_rw_reporting" : "1",
    "time_based" : "1",
    "runtime" : "90",
    "directory" : "/media/auto/work/tmp",
    "filename" : "testfile.dat",
    "filesize" : "20GiB",
    "direct" : "1",
    "ioengine" : "libaio"
  },
  "jobs" : [
    {
      "jobname" : "jobname",
      "groupid" : 0,
      "error" : 0,
      "eta" : 0,
      "elapsed" : 91,
      "job options" : {
        "name" : "jobname",
        "iodepth" : "4",
        "bs" : "16k",
        "rw" : "randwrite"
      },
      "mixed" : {
        "io_bytes" : 67024601088,
        "io_kbytes" : 65453712,
        "bw_bytes" : 744709515,
        "bw" : 727255,
        "iops" : 45453.461628,
        "runtime" : 90001,
        "total_ios" : 4090857,
        "short_ios" : 0,
        "drop_ios" : 0,
        "slat_ns" : {
          "min" : 1963,
          "max" : 256321,
          "mean" : 3987.534664,
          "stddev" : 1400.540163
        },
        "clat_ns" : {
          "min" : 10350,
          "max" : 64208075,
          "mean" : 83407.600559,
          "stddev" : 298947.761693,
          "percentile" : {
            "1.000000" : 16192,
            "5.000000" : 17280,
            "10.000000" : 19328,
            "20.000000" : 21376,
            "30.000000" : 23168,
            "40.000000" : 24704,
            "50.000000" : 27776,
            "60.000000" : 34560,
            "70.000000" : 44288,
            "80.000000" : 75264,
            "90.000000" : 173056,
            "95.000000" : 346112,
            "99.000000" : 937984,
            "99.500000" : 1220608,
            "99.900000" : 1777664,
            "99.950000" : 1957888,
            "99.990000" : 2637824
          }
        },
        "lat_ns" : {
          "min" : 14878,
          "max" : 64212303,
          "mean" : 87516.909107,
          "stddev" : 298872.196304
        },
        "bw_min" : 622303,
        "bw_max" : 2073152,
        "bw_agg" : 100.000000,
        "bw_mean" : 727511.201117,
        "bw_dev" : 283333.546262,
        "bw_samples" : 179,
        "iops_min" : 38893,
        "iops_max" : 129572,
        "iops_mean" : 45469.430168,
        "iops_stddev" : 17708.328328,
        "iops_samples" : 179
      },
      "job_runtime" : 90000,
      "usr_cpu" : 6.132222,
      "sys_cpu" : 21.098889,
      "ctx" : 2364353,
      "majf" : 0,
      "minf" : 12,
      "iodepth_level" : {
        "1" : 0.100000,
        "2" : 0.100000,
        "4" : 99.999927,
        "8" : 0.000000,
        "16" : 0.000000,
        "32" : 0.000000,
        ">=64" : 0.000000
      },
      "iodepth_submit" : {
        "0" : 0.000000,
        "4" : 100.000000,
        "8" : 0.000000,
        "16" : 0.000000,
        "32" : 0.000000,
        "64" : 0.000000,
        ">=64" : 0.000000
      },
      "iodepth_complete" : {
        "0" : 0.000000,
        "4" : 100.000000,
        "8" : 0.000000,
        "16" : 0.000000,
        "32" : 0.000000,
        "64" : 0.000000,
        ">=64" : 0.000000
      },
      "latency_ns" : {
        "2" : 0.000000,
        "4" : 0.000000,
        "10" : 0.000000,
        "20" : 0.000000,
        "50" : 0.000000,
        "100" : 0.000000,
        "250" : 0.000000,
        "500" : 0.000000,
        "750" : 0.000000,
        "1000" : 0.000000
      },
      "latency_us" : {
        "2" : 0.000000,
        "4" : 0.000000,
        "10" : 0.000000,
        "20" : 12.566780,
        "50" : 61.732199,
        "100" : 9.258280,
        "250" : 9.360533,
        "500" : 4.045729,
        "750" : 1.471843,
        "1000" : 0.703740
      },
      "latency_ms" : {
        "2" : 0.821319,
        "4" : 0.033734,
        "10" : 0.010000,
        "20" : 0.010000,
        "50" : 0.010000,
        "100" : 0.010000,
        "250" : 0.000000,
        "500" : 0.000000,
        "750" : 0.000000,
        "1000" : 0.000000,
        "2000" : 0.000000,
        ">=2000" : 0.000000
      },
      "latency_depth" : 4,
      "latency_target" : 0,
      "latency_percentile" : 100.000000,
      "latency_window" : 0
    }
  ],
  "disk_util" : [
    {
      "name" : "nvme0n1",
      "read_ios" : 0,
      "write_ios" : 4086707,
      "read_merges" : 0,
      "write_merges" : 17,
      "read_ticks" : 0,
      "write_ticks" : 340979,
      "in_queue" : 6800,
      "util" : 98.514896
    }
  ]
}
