{
  "fio version" : "fio-3.16",
  "timestamp" : 1601067293,
  "timestamp_ms" : 1601067293603,
  "time" : "Fri Sep 25 16:54:53 2020",
  "global options" : {
    "unified_rw_reporting" : "1",
    "time_based" : "1",
    "runtime" : "90",
    "directory" : "/media/auto/work/tmp",
    "filename" : "testfile.dat",
    "filesize" : "20GiB",
    "direct" : "1",
    "ioengine" : "libaio"
  },
  "jobs" : [
    {
      "jobname" : "jobname",
      "groupid" : 0,
      "error" : 0,
      "eta" : 0,
      "elapsed" : 91,
      "job options" : {
        "name" : "jobname",
        "iodepth" : "28",
        "bs" : "16k",
        "rw" : "read"
      },
      "mixed" : {
        "io_bytes" : 229245583360,
        "io_kbytes" : 223872640,
        "bw_bytes" : 2547144846,
        "bw" : 2487446,
        "iops" : 155465.383718,
        "runtime" : 90001,
        "total_ios" : 13992040,
        "short_ios" : 0,
        "drop_ios" : 0,
        "slat_ns" : {
          "min" : 1613,
          "max" : 282049,
          "mean" : 3261.115065,
          "stddev" : 1686.716594
        },
        "clat_ns" : {
          "min" : 45345,
          "max" : 820801,
          "mean" : 176321.494416,
          "stddev" : 73460.638009,
          "percentile" : {
            "1.000000" : 89600,
            "5.000000" : 102912,
            "10.000000" : 111104,
            "20.000000" : 121344,
            "30.000000" : 127488,
            "40.000000" : 136192,
            "50.000000" : 146432,
            "60.000000" : 162816,
            "70.000000" : 185344,
            "80.000000" : 246784,
            "90.000000" : 292864,
            "95.000000" : 325632,
            "99.000000" : 391168,
            "99.500000" : 423936,
            "99.900000" : 497664,
            "99.950000" : 522240,
            "99.990000" : 577536
          }
        },
        "lat_ns" : {
          "min" : 57328,
          "max" : 824798,
          "mean" : 179695.269180,
          "stddev" : 73348.696912
        },
        "bw_min" : 2460704,
        "bw_max" : 2517408,
        "bw_agg" : 99.989664,
        "bw_mean" : 2487188.905028,
        "bw_dev" : 10597.426368,
        "bw_samples" : 179,
        "iops_min" : 153794,
        "iops_max" : 157338,
        "iops_mean" : 155449.346369,
        "iops_stddev" : 662.312677,
        "iops_samples" : 179
      },
      "job_runtime" : 90000,
      "usr_cpu" : 15.182222,
      "sys_cpu" : 55.041111,
      "ctx" : 2912977,
      "majf" : 0,
      "minf" : 124,
      "iodepth_level" : {
        "1" : 0.100000,
        "2" : 0.100000,
        "4" : 0.100000,
        "8" : 0.100000,
        "16" : 99.998714,
        "32" : 0.000000,
        ">=64" : 0.000000
      },
      "iodepth_submit" : {
        "0" : 0.000000,
        "4" : 100.000000,
        "8" : 0.000000,
        "16" : 0.000000,
        "32" : 0.000000,
        "64" : 0.000000,
        ">=64" : 0.000000
      },
      "iodepth_complete" : {
        "0" : 0.000000,
        "4" : 99.999914,
        "8" : 0.000000,
        "16" : 0.000000,
        "32" : 0.100000,
        "64" : 0.000000,
        ">=64" : 0.000000
      },
      "latency_ns" : {
        "2" : 0.000000,
        "4" : 0.000000,
        "10" : 0.000000,
        "20" : 0.000000,
        "50" : 0.000000,
        "100" : 0.000000,
        "250" : 0.000000,
        "500" : 0.000000,
        "750" : 0.000000,
        "1000" : 0.000000
      },
      "latency_us" : {
        "2" : 0.000000,
        "4" : 0.000000,
        "10" : 0.000000,
        "20" : 0.000000,
        "50" : 0.010000,
        "100" : 3.603820,
        "250" : 76.806820,
        "500" : 19.495606,
        "750" : 0.093668,
        "1000" : 0.010000
      },
      "latency_ms" : {
        "2" : 0.000000,
        "4" : 0.000000,
        "10" : 0.000000,
        "20" : 0.000000,
        "50" : 0.000000,
        "100" : 0.000000,
        "250" : 0.000000,
        "500" : 0.000000,
        "750" : 0.000000,
        "1000" : 0.000000,
        "2000" : 0.000000,
        ">=2000" : 0.000000
      },
      "latency_depth" : 28,
      "latency_target" : 0,
      "latency_percentile" : 100.000000,
      "latency_window" : 0
    }
  ],
  "disk_util" : [
    {
      "name" : "nvme0n1",
      "read_ios" : 13976341,
      "write_ios" : 0,
      "read_merges" : 0,
      "write_merges" : 0,
      "read_ticks" : 2021290,
      "write_ticks" : 0,
      "in_queue" : 0,
      "util" : 99.955540
    }
  ]
}
