{
  "fio version" : "fio-3.16",
  "timestamp" : 1601062323,
  "timestamp_ms" : 1601062323272,
  "time" : "Fri Sep 25 15:32:03 2020",
  "global options" : {
    "unified_rw_reporting" : "1",
    "time_based" : "1",
    "runtime" : "90",
    "directory" : "/media/auto/work/tmp",
    "filename" : "testfile.dat",
    "filesize" : "20GiB",
    "direct" : "1",
    "ioengine" : "libaio"
  },
  "jobs" : [
    {
      "jobname" : "jobname",
      "groupid" : 0,
      "error" : 0,
      "eta" : 0,
      "elapsed" : 91,
      "job options" : {
        "name" : "jobname",
        "iodepth" : "24",
        "bs" : "256k",
        "rw" : "randread"
      },
      "mixed" : {
        "io_bytes" : 108227723264,
        "io_kbytes" : 105691136,
        "bw_bytes" : 1202463454,
        "bw" : 1174280,
        "iops" : 4587.034054,
        "runtime" : 90005,
        "total_ios" : 412856,
        "short_ios" : 0,
        "drop_ios" : 0,
        "slat_ns" : {
          "min" : 6803,
          "max" : 106510,
          "mean" : 14047.664326,
          "stddev" : 2243.992719
        },
        "clat_ns" : {
          "min" : 1297335,
          "max" : 9818225,
          "mean" : 5217199.128142,
          "stddev" : 497778.985841,
          "percentile" : {
            "1.000000" : 2965504,
            "5.000000" : 4685824,
            "10.000000" : 4816896,
            "20.000000" : 4947968,
            "30.000000" : 5079040,
            "40.000000" : 5144576,
            "50.000000" : 5210112,
            "60.000000" : 5341184,
            "70.000000" : 5406720,
            "80.000000" : 5537792,
            "90.000000" : 5734400,
            "95.000000" : 5865472,
            "99.000000" : 6193152,
            "99.500000" : 6389760,
            "99.900000" : 6914048,
            "99.950000" : 7241728,
            "99.990000" : 7766016
          }
        },
        "lat_ns" : {
          "min" : 1310640,
          "max" : 9832492,
          "mean" : 5231374.699031,
          "stddev" : 497769.557970
        },
        "bw_min" : 1070080,
        "bw_max" : 1588224,
        "bw_agg" : 99.993436,
        "bw_mean" : 1174202.916667,
        "bw_dev" : 46978.587647,
        "bw_samples" : 180,
        "iops_min" : 4180,
        "iops_max" : 6204,
        "iops_mean" : 4586.700000,
        "iops_stddev" : 183.516790,
        "iops_samples" : 180
      },
      "job_runtime" : 90004,
      "usr_cpu" : 0.649971,
      "sys_cpu" : 7.491889,
      "ctx" : 395432,
      "majf" : 0,
      "minf" : 1546,
      "iodepth_level" : {
        "1" : 0.100000,
        "2" : 0.100000,
        "4" : 0.100000,
        "8" : 0.100000,
        "16" : 99.996367,
        "32" : 0.000000,
        ">=64" : 0.000000
      },
      "iodepth_submit" : {
        "0" : 0.000000,
        "4" : 100.000000,
        "8" : 0.000000,
        "16" : 0.000000,
        "32" : 0.000000,
        "64" : 0.000000,
        ">=64" : 0.000000
      },
      "iodepth_complete" : {
        "0" : 0.000000,
        "4" : 99.999758,
        "8" : 0.000000,
        "16" : 0.000000,
        "32" : 0.100000,
        "64" : 0.000000,
        ">=64" : 0.000000
      },
      "latency_ns" : {
        "2" : 0.000000,
        "4" : 0.000000,
        "10" : 0.000000,
        "20" : 0.000000,
        "50" : 0.000000,
        "100" : 0.000000,
        "250" : 0.000000,
        "500" : 0.000000,
        "750" : 0.000000,
        "1000" : 0.000000
      },
      "latency_us" : {
        "2" : 0.000000,
        "4" : 0.000000,
        "10" : 0.000000,
        "20" : 0.000000,
        "50" : 0.000000,
        "100" : 0.000000,
        "250" : 0.000000,
        "500" : 0.000000,
        "750" : 0.000000,
        "1000" : 0.000000
      },
      "latency_ms" : {
        "2" : 0.497510,
        "4" : 1.143498,
        "10" : 98.358992,
        "20" : 0.000000,
        "50" : 0.000000,
        "100" : 0.000000,
        "250" : 0.000000,
        "500" : 0.000000,
        "750" : 0.000000,
        "1000" : 0.000000,
        "2000" : 0.000000,
        ">=2000" : 0.000000
      },
      "latency_depth" : 24,
      "latency_target" : 0,
      "latency_percentile" : 100.000000,
      "latency_window" : 0
    }
  ],
  "disk_util" : [
    {
      "name" : "nvme0n1",
      "read_ios" : 412381,
      "write_ios" : 0,
      "read_merges" : 0,
      "write_merges" : 0,
      "read_ticks" : 2152743,
      "write_ticks" : 0,
      "in_queue" : 1622512,
      "util" : 99.937750
    }
  ]
}
