{
  "fio version" : "fio-3.16",
  "timestamp" : 1600550667,
  "timestamp_ms" : 1600550667314,
  "time" : "Sat Sep 19 17:24:27 2020",
  "global options" : {
    "unified_rw_reporting" : "1",
    "time_based" : "1",
    "runtime" : "90",
    "directory" : "/media/auto/work/tmp",
    "filename" : "testfile.dat",
    "filesize" : "20GiB",
    "direct" : "1",
    "ioengine" : "libaio"
  },
  "jobs" : [
    {
      "jobname" : "jobname",
      "groupid" : 0,
      "error" : 0,
      "eta" : 0,
      "elapsed" : 91,
      "job options" : {
        "name" : "jobname",
        "iodepth" : "8",
        "bs" : "4k",
        "rw" : "randwrite"
      },
      "mixed" : {
        "io_bytes" : 65077575680,
        "io_kbytes" : 63552320,
        "bw_bytes" : 723076140,
        "bw" : 706129,
        "iops" : 176532.260753,
        "runtime" : 90001,
        "total_ios" : 15888080,
        "short_ios" : 0,
        "drop_ios" : 0,
        "slat_ns" : {
          "min" : 1513,
          "max" : 262462,
          "mean" : 3062.493727,
          "stddev" : 1125.570869
        },
        "clat_ns" : {
          "min" : 15629,
          "max" : 64898285,
          "mean" : 41663.313704,
          "stddev" : 190850.277842,
          "percentile" : {
            "1.000000" : 20608,
            "5.000000" : 21888,
            "10.000000" : 22656,
            "20.000000" : 23424,
            "30.000000" : 23424,
            "40.000000" : 24448,
            "50.000000" : 30848,
            "60.000000" : 32384,
            "70.000000" : 32640,
            "80.000000" : 34048,
            "90.000000" : 41728,
            "95.000000" : 59648,
            "99.000000" : 391168,
            "99.500000" : 569344,
            "99.900000" : 1056768,
            "99.950000" : 1335296,
            "99.990000" : 1941504
          }
        },
        "lat_ns" : {
          "min" : 18725,
          "max" : 64900810,
          "mean" : 44822.784620,
          "stddev" : 190823.243602
        },
        "bw_min" : 597807,
        "bw_max" : 1238232,
        "bw_agg" : 99.991745,
        "bw_mean" : 706070.705556,
        "bw_dev" : 150159.703951,
        "bw_samples" : 180,
        "iops_min" : 149451,
        "iops_max" : 309558,
        "iops_mean" : 176517.694444,
        "iops_stddev" : 37539.966683,
        "iops_samples" : 180
      },
      "job_runtime" : 90000,
      "usr_cpu" : 18.437778,
      "sys_cpu" : 53.395556,
      "ctx" : 211105,
      "majf" : 0,
      "minf" : 11,
      "iodepth_level" : {
        "1" : 0.100000,
        "2" : 0.100000,
        "4" : 0.100000,
        "8" : 99.999956,
        "16" : 0.000000,
        "32" : 0.000000,
        ">=64" : 0.000000
      },
      "iodepth_submit" : {
        "0" : 0.000000,
        "4" : 100.000000,
        "8" : 0.000000,
        "16" : 0.000000,
        "32" : 0.000000,
        "64" : 0.000000,
        ">=64" : 0.000000
      },
      "iodepth_complete" : {
        "0" : 0.000000,
        "4" : 99.999994,
        "8" : 0.100000,
        "16" : 0.000000,
        "32" : 0.000000,
        "64" : 0.000000,
        ">=64" : 0.000000
      },
      "latency_ns" : {
        "2" : 0.000000,
        "4" : 0.000000,
        "10" : 0.000000,
        "20" : 0.000000,
        "50" : 0.000000,
        "100" : 0.000000,
        "250" : 0.000000,
        "500" : 0.000000,
        "750" : 0.000000,
        "1000" : 0.000000
      },
      "latency_us" : {
        "2" : 0.000000,
        "4" : 0.000000,
        "10" : 0.000000,
        "20" : 0.446221,
        "50" : 93.899873,
        "100" : 1.978918,
        "250" : 1.896705,
        "500" : 1.119921,
        "750" : 0.387164,
        "1000" : 0.148753
      },
      "latency_ms" : {
        "2" : 0.113758,
        "4" : 0.010000,
        "10" : 0.010000,
        "20" : 0.010000,
        "50" : 0.010000,
        "100" : 0.010000,
        "250" : 0.000000,
        "500" : 0.000000,
        "750" : 0.000000,
        "1000" : 0.000000,
        "2000" : 0.000000,
        ">=2000" : 0.000000
      },
      "latency_depth" : 8,
      "latency_target" : 0,
      "latency_percentile" : 100.000000,
      "latency_window" : 0
    }
  ],
  "disk_util" : [
    {
      "name" : "nvme0n1",
      "read_ios" : 0,
      "write_ios" : 15870921,
      "read_merges" : 0,
      "write_merges" : 17,
      "read_ticks" : 0,
      "write_ticks" : 376695,
      "in_queue" : 12224,
      "util" : 98.574954
    }
  ]
}
