{
  "fio version" : "fio-3.16",
  "timestamp" : 1601067514,
  "timestamp_ms" : 1601067514497,
  "time" : "Fri Sep 25 16:58:34 2020",
  "global options" : {
    "unified_rw_reporting" : "1",
    "time_based" : "1",
    "runtime" : "90",
    "directory" : "/media/auto/work/tmp",
    "filename" : "testfile.dat",
    "filesize" : "20GiB",
    "direct" : "1",
    "ioengine" : "libaio"
  },
  "jobs" : [
    {
      "jobname" : "jobname",
      "groupid" : 0,
      "error" : 0,
      "eta" : 0,
      "elapsed" : 91,
      "job options" : {
        "name" : "jobname",
        "iodepth" : "1",
        "bs" : "32k",
        "rw" : "read"
      },
      "mixed" : {
        "io_bytes" : 126841094144,
        "io_kbytes" : 123868256,
        "bw_bytes" : 1409345490,
        "bw" : 1376313,
        "iops" : 43009.811111,
        "runtime" : 90000,
        "total_ios" : 3870883,
        "short_ios" : 0,
        "drop_ios" : 0,
        "slat_ns" : {
          "min" : 2064,
          "max" : 69710,
          "mean" : 3284.157532,
          "stddev" : 533.539815
        },
        "clat_ns" : {
          "min" : 400,
          "max" : 2217201,
          "mean" : 19456.582189,
          "stddev" : 7559.298487,
          "percentile" : {
            "1.000000" : 17792,
            "5.000000" : 18048,
            "10.000000" : 18048,
            "20.000000" : 18304,
            "30.000000" : 18304,
            "40.000000" : 18304,
            "50.000000" : 18560,
            "60.000000" : 18560,
            "70.000000" : 18816,
            "80.000000" : 19328,
            "90.000000" : 20096,
            "95.000000" : 21376,
            "99.000000" : 27264,
            "99.500000" : 87552,
            "99.900000" : 125440,
            "99.950000" : 164864,
            "99.990000" : 177152
          }
        },
        "lat_ns" : {
          "min" : 18254,
          "max" : 2220447,
          "mean" : 22834.184939,
          "stddev" : 7614.011205
        },
        "bw_min" : 1334272,
        "bw_max" : 1408000,
        "bw_agg" : 99.998594,
        "bw_mean" : 1376293.642458,
        "bw_dev" : 15753.806612,
        "bw_samples" : 179,
        "iops_min" : 41696,
        "iops_max" : 44000,
        "iops_mean" : 43009.162011,
        "iops_stddev" : 492.324972,
        "iops_samples" : 179
      },
      "job_runtime" : 90000,
      "usr_cpu" : 4.956667,
      "sys_cpu" : 19.770000,
      "ctx" : 3871250,
      "majf" : 0,
      "minf" : 21,
      "iodepth_level" : {
        "1" : 100.000000,
        "2" : 0.000000,
        "4" : 0.000000,
        "8" : 0.000000,
        "16" : 0.000000,
        "32" : 0.000000,
        ">=64" : 0.000000
      },
      "iodepth_submit" : {
        "0" : 0.000000,
        "4" : 100.000000,
        "8" : 0.000000,
        "16" : 0.000000,
        "32" : 0.000000,
        "64" : 0.000000,
        ">=64" : 0.000000
      },
      "iodepth_complete" : {
        "0" : 0.000000,
        "4" : 100.000000,
        "8" : 0.000000,
        "16" : 0.000000,
        "32" : 0.000000,
        "64" : 0.000000,
        ">=64" : 0.000000
      },
      "latency_ns" : {
        "2" : 0.000000,
        "4" : 0.000000,
        "10" : 0.000000,
        "20" : 0.000000,
        "50" : 0.000000,
        "100" : 0.000000,
        "250" : 0.000000,
        "500" : 0.010000,
        "750" : 0.010000,
        "1000" : 0.010000
      },
      "latency_us" : {
        "2" : 0.010000,
        "4" : 0.010000,
        "10" : 0.010000,
        "20" : 88.565813,
        "50" : 10.774622,
        "100" : 0.326618,
        "250" : 0.329796,
        "500" : 0.010000,
        "750" : 0.010000,
        "1000" : 0.000000
      },
      "latency_ms" : {
        "2" : 0.000000,
        "4" : 0.010000,
        "10" : 0.000000,
        "20" : 0.000000,
        "50" : 0.000000,
        "100" : 0.000000,
        "250" : 0.000000,
        "500" : 0.000000,
        "750" : 0.000000,
        "1000" : 0.000000,
        "2000" : 0.000000,
        ">=2000" : 0.000000
      },
      "latency_depth" : 1,
      "latency_target" : 0,
      "latency_percentile" : 100.000000,
      "latency_window" : 0
    }
  ],
  "disk_util" : [
    {
      "name" : "nvme0n1",
      "read_ios" : 3866673,
      "write_ios" : 0,
      "read_merges" : 0,
      "write_merges" : 0,
      "read_ticks" : 76180,
      "write_ticks" : 0,
      "in_queue" : 0,
      "util" : 99.937750
    }
  ]
}
