{
  "fio version" : "fio-3.16",
  "timestamp" : 1601047891,
  "timestamp_ms" : 1601047891935,
  "time" : "Fri Sep 25 11:31:31 2020",
  "global options" : {
    "unified_rw_reporting" : "1",
    "time_based" : "1",
    "runtime" : "90",
    "directory" : "/media/auto/work/tmp",
    "filename" : "testfile.dat",
    "filesize" : "20GiB",
    "direct" : "1",
    "ioengine" : "libaio"
  },
  "jobs" : [
    {
      "jobname" : "jobname",
      "groupid" : 0,
      "error" : 0,
      "eta" : 0,
      "elapsed" : 91,
      "job options" : {
        "name" : "jobname",
        "iodepth" : "12",
        "bs" : "512k",
        "rw" : "write"
      },
      "mixed" : {
        "io_bytes" : 73421291520,
        "io_kbytes" : 71700480,
        "bw_bytes" : 815710556,
        "bw" : 796592,
        "iops" : 1555.844416,
        "runtime" : 90009,
        "total_ios" : 140040,
        "short_ios" : 0,
        "drop_ios" : 0,
        "slat_ns" : {
          "min" : 10901,
          "max" : 6642706,
          "mean" : 28771.352963,
          "stddev" : 54651.738432
        },
        "clat_ns" : {
          "min" : 258445,
          "max" : 70988750,
          "mean" : 7682066.666717,
          "stddev" : 3751343.451970,
          "percentile" : {
            "1.000000" : 2277376,
            "5.000000" : 2342912,
            "10.000000" : 2408448,
            "20.000000" : 2637824,
            "30.000000" : 8355840,
            "40.000000" : 8716288,
            "50.000000" : 8847360,
            "60.000000" : 8978432,
            "70.000000" : 9109504,
            "80.000000" : 9240576,
            "90.000000" : 9633792,
            "95.000000" : 10158080,
            "99.000000" : 13828096,
            "99.500000" : 16908288,
            "99.900000" : 57409536,
            "99.950000" : 63176704,
            "99.990000" : 67633152
          }
        },
        "lat_ns" : {
          "min" : 293821,
          "max" : 72773289,
          "mean" : 7711066.990296,
          "stddev" : 3759405.230848
        },
        "bw_min" : 617471,
        "bw_max" : 2460672,
        "bw_agg" : 99.997752,
        "bw_mean" : 796574.088889,
        "bw_dev" : 446337.936526,
        "bw_samples" : 180,
        "iops_min" : 1205,
        "iops_max" : 4806,
        "iops_mean" : 1555.800000,
        "iops_stddev" : 871.756350,
        "iops_samples" : 180
      },
      "job_runtime" : 90008,
      "usr_cpu" : 1.151009,
      "sys_cpu" : 4.422940,
      "ctx" : 139826,
      "majf" : 0,
      "minf" : 11,
      "iodepth_level" : {
        "1" : 0.100000,
        "2" : 0.100000,
        "4" : 0.100000,
        "8" : 99.980006,
        "16" : 0.000000,
        "32" : 0.000000,
        ">=64" : 0.000000
      },
      "iodepth_submit" : {
        "0" : 0.000000,
        "4" : 100.000000,
        "8" : 0.000000,
        "16" : 0.000000,
        "32" : 0.000000,
        "64" : 0.000000,
        ">=64" : 0.000000
      },
      "iodepth_complete" : {
        "0" : 0.000000,
        "4" : 99.997143,
        "8" : 0.000000,
        "16" : 0.100000,
        "32" : 0.000000,
        "64" : 0.000000,
        ">=64" : 0.000000
      },
      "latency_ns" : {
        "2" : 0.000000,
        "4" : 0.000000,
        "10" : 0.000000,
        "20" : 0.000000,
        "50" : 0.000000,
        "100" : 0.000000,
        "250" : 0.000000,
        "500" : 0.000000,
        "750" : 0.000000,
        "1000" : 0.000000
      },
      "latency_us" : {
        "2" : 0.000000,
        "4" : 0.000000,
        "10" : 0.000000,
        "20" : 0.000000,
        "50" : 0.000000,
        "100" : 0.000000,
        "250" : 0.000000,
        "500" : 0.010000,
        "750" : 0.010000,
        "1000" : 0.010000
      },
      "latency_ms" : {
        "2" : 0.283490,
        "4" : 23.046272,
        "10" : 70.537704,
        "20" : 5.791203,
        "50" : 0.192802,
        "100" : 0.140674,
        "250" : 0.000000,
        "500" : 0.000000,
        "750" : 0.000000,
        "1000" : 0.000000,
        "2000" : 0.000000,
        ">=2000" : 0.000000
      },
      "latency_depth" : 12,
      "latency_target" : 0,
      "latency_percentile" : 100.000000,
      "latency_window" : 0
    }
  ],
  "disk_util" : [
    {
      "name" : "nvme0n1",
      "read_ios" : 0,
      "write_ios" : 139925,
      "read_merges" : 0,
      "write_merges" : 17,
      "read_ticks" : 0,
      "write_ticks" : 1076246,
      "in_queue" : 864228,
      "util" : 98.387043
    }
  ]
}
