{
  "fio version" : "fio-3.16",
  "timestamp" : 1601046195,
  "timestamp_ms" : 1601046195873,
  "time" : "Fri Sep 25 11:03:15 2020",
  "global options" : {
    "unified_rw_reporting" : "1",
    "time_based" : "1",
    "runtime" : "90",
    "directory" : "/media/auto/work/tmp",
    "filename" : "testfile.dat",
    "filesize" : "20GiB",
    "direct" : "1",
    "ioengine" : "libaio"
  },
  "jobs" : [
    {
      "jobname" : "jobname",
      "groupid" : 0,
      "error" : 0,
      "eta" : 0,
      "elapsed" : 91,
      "job options" : {
        "name" : "jobname",
        "iodepth" : "24",
        "bs" : "16k",
        "rw" : "write"
      },
      "mixed" : {
        "io_bytes" : 73426681856,
        "io_kbytes" : 71705744,
        "bw_bytes" : 815272271,
        "bw" : 796164,
        "iops" : 49760.270474,
        "runtime" : 90064,
        "total_ios" : 4481609,
        "short_ios" : 0,
        "drop_ios" : 0,
        "slat_ns" : {
          "min" : 1913,
          "max" : 497604,
          "mean" : 3895.953543,
          "stddev" : 1629.923244
        },
        "clat_ns" : {
          "min" : 66364,
          "max" : 67310218,
          "mean" : 477860.911623,
          "stddev" : 741216.051343,
          "percentile" : {
            "1.000000" : 118272,
            "5.000000" : 134144,
            "10.000000" : 144384,
            "20.000000" : 154624,
            "30.000000" : 175104,
            "40.000000" : 234496,
            "50.000000" : 321536,
            "60.000000" : 428032,
            "70.000000" : 561152,
            "80.000000" : 733184,
            "90.000000" : 1028096,
            "95.000000" : 1302528,
            "99.000000" : 1875968,
            "99.500000" : 2113536,
            "99.900000" : 2637824,
            "99.950000" : 3588096,
            "99.990000" : 28180480
          }
        },
        "lat_ns" : {
          "min" : 69350,
          "max" : 67313965,
          "mean" : 481885.169210,
          "stddev" : 741274.806689
        },
        "bw_min" : 617247,
        "bw_max" : 2459968,
        "bw_agg" : 100.000000,
        "bw_mean" : 796681.344444,
        "bw_dev" : 449061.846697,
        "bw_samples" : 180,
        "iops_min" : 38577,
        "iops_max" : 153748,
        "iops_mean" : 49792.594444,
        "iops_stddev" : 28066.404313,
        "iops_samples" : 180
      },
      "job_runtime" : 90063,
      "usr_cpu" : 6.213428,
      "sys_cpu" : 22.684121,
      "ctx" : 2506722,
      "majf" : 0,
      "minf" : 12,
      "iodepth_level" : {
        "1" : 0.100000,
        "2" : 0.100000,
        "4" : 0.100000,
        "8" : 0.100000,
        "16" : 99.998661,
        "32" : 0.000000,
        ">=64" : 0.000000
      },
      "iodepth_submit" : {
        "0" : 0.000000,
        "4" : 100.000000,
        "8" : 0.000000,
        "16" : 0.000000,
        "32" : 0.000000,
        "64" : 0.000000,
        ">=64" : 0.000000
      },
      "iodepth_complete" : {
        "0" : 0.000000,
        "4" : 99.999911,
        "8" : 0.000000,
        "16" : 0.000000,
        "32" : 0.100000,
        "64" : 0.000000,
        ">=64" : 0.000000
      },
      "latency_ns" : {
        "2" : 0.000000,
        "4" : 0.000000,
        "10" : 0.000000,
        "20" : 0.000000,
        "50" : 0.000000,
        "100" : 0.000000,
        "250" : 0.000000,
        "500" : 0.000000,
        "750" : 0.000000,
        "1000" : 0.000000
      },
      "latency_us" : {
        "2" : 0.000000,
        "4" : 0.000000,
        "10" : 0.000000,
        "20" : 0.000000,
        "50" : 0.000000,
        "100" : 0.078142,
        "250" : 41.803089,
        "500" : 23.717352,
        "750" : 15.245507,
        "1000" : 8.570159
      },
      "latency_ms" : {
        "2" : 9.854519,
        "4" : 0.695063,
        "10" : 0.013120,
        "20" : 0.010000,
        "50" : 0.010000,
        "100" : 0.010000,
        "250" : 0.000000,
        "500" : 0.000000,
        "750" : 0.000000,
        "1000" : 0.000000,
        "2000" : 0.000000,
        ">=2000" : 0.000000
      },
      "latency_depth" : 24,
      "latency_target" : 0,
      "latency_percentile" : 100.000000,
      "latency_window" : 0
    }
  ],
  "disk_util" : [
    {
      "name" : "nvme0n1",
      "read_ios" : 0,
      "write_ios" : 4477504,
      "read_merges" : 0,
      "write_merges" : 17,
      "read_ticks" : 0,
      "write_ticks" : 2098314,
      "in_queue" : 37564,
      "util" : 98.459350
    }
  ]
}
