{
  "fio version" : "fio-3.16",
  "timestamp" : 1601058236,
  "timestamp_ms" : 1601058236619,
  "time" : "Fri Sep 25 14:23:56 2020",
  "global options" : {
    "unified_rw_reporting" : "1",
    "time_based" : "1",
    "runtime" : "90",
    "directory" : "/media/auto/work/tmp",
    "filename" : "testfile.dat",
    "filesize" : "20GiB",
    "direct" : "1",
    "ioengine" : "libaio"
  },
  "jobs" : [
    {
      "jobname" : "jobname",
      "groupid" : 0,
      "error" : 0,
      "eta" : 0,
      "elapsed" : 91,
      "job options" : {
        "name" : "jobname",
        "iodepth" : "8",
        "bs" : "8k",
        "rw" : "randread"
      },
      "mixed" : {
        "io_bytes" : 50488033280,
        "io_kbytes" : 49304720,
        "bw_bytes" : 560971914,
        "bw" : 547824,
        "iops" : 68478.016911,
        "runtime" : 90001,
        "total_ios" : 6163090,
        "short_ios" : 0,
        "drop_ios" : 0,
        "slat_ns" : {
          "min" : 1472,
          "max" : 64011,
          "mean" : 2638.891528,
          "stddev" : 820.204975
        },
        "clat_ns" : {
          "min" : 22443,
          "max" : 722296,
          "mean" : 113584.724817,
          "stddev" : 38342.948644,
          "percentile" : {
            "1.000000" : 67072,
            "5.000000" : 70144,
            "10.000000" : 75264,
            "20.000000" : 82432,
            "30.000000" : 87552,
            "40.000000" : 93696,
            "50.000000" : 102912,
            "60.000000" : 114176,
            "70.000000" : 127488,
            "80.000000" : 142336,
            "90.000000" : 164864,
            "95.000000" : 187392,
            "99.000000" : 238592,
            "99.500000" : 261120,
            "99.900000" : 309248,
            "99.950000" : 333824,
            "99.990000" : 378880
          }
        },
        "lat_ns" : {
          "min" : 26590,
          "max" : 724510,
          "mean" : 116320.292813,
          "stddev" : 38318.788295
        },
        "bw_min" : 536416,
        "bw_max" : 552064,
        "bw_agg" : 99.994257,
        "bw_mean" : 547792.536313,
        "bw_dev" : 1898.790988,
        "bw_samples" : 179,
        "iops_min" : 67052,
        "iops_max" : 69008,
        "iops_mean" : 68474.050279,
        "iops_stddev" : 237.350077,
        "iops_samples" : 179
      },
      "job_runtime" : 90000,
      "usr_cpu" : 8.713333,
      "sys_cpu" : 25.016667,
      "ctx" : 4181441,
      "majf" : 0,
      "minf" : 28,
      "iodepth_level" : {
        "1" : 0.100000,
        "2" : 0.100000,
        "4" : 0.100000,
        "8" : 99.999886,
        "16" : 0.000000,
        "32" : 0.000000,
        ">=64" : 0.000000
      },
      "iodepth_submit" : {
        "0" : 0.000000,
        "4" : 100.000000,
        "8" : 0.000000,
        "16" : 0.000000,
        "32" : 0.000000,
        "64" : 0.000000,
        ">=64" : 0.000000
      },
      "iodepth_complete" : {
        "0" : 0.000000,
        "4" : 99.999984,
        "8" : 0.100000,
        "16" : 0.000000,
        "32" : 0.000000,
        "64" : 0.000000,
        ">=64" : 0.000000
      },
      "latency_ns" : {
        "2" : 0.000000,
        "4" : 0.000000,
        "10" : 0.000000,
        "20" : 0.000000,
        "50" : 0.000000,
        "100" : 0.000000,
        "250" : 0.000000,
        "500" : 0.000000,
        "750" : 0.000000,
        "1000" : 0.000000
      },
      "latency_us" : {
        "2" : 0.000000,
        "4" : 0.000000,
        "10" : 0.000000,
        "20" : 0.000000,
        "50" : 0.010000,
        "100" : 47.635034,
        "250" : 51.660871,
        "500" : 0.703332,
        "750" : 0.010000,
        "1000" : 0.000000
      },
      "latency_ms" : {
        "2" : 0.000000,
        "4" : 0.000000,
        "10" : 0.000000,
        "20" : 0.000000,
        "50" : 0.000000,
        "100" : 0.000000,
        "250" : 0.000000,
        "500" : 0.000000,
        "750" : 0.000000,
        "1000" : 0.000000,
        "2000" : 0.000000,
        ">=2000" : 0.000000
      },
      "latency_depth" : 8,
      "latency_target" : 0,
      "latency_percentile" : 100.000000,
      "latency_window" : 0
    }
  ],
  "disk_util" : [
    {
      "name" : "nvme0n1",
      "read_ios" : 6156245,
      "write_ios" : 0,
      "read_merges" : 0,
      "write_merges" : 0,
      "read_ticks" : 691479,
      "write_ticks" : 0,
      "in_queue" : 0,
      "util" : 99.957758
    }
  ]
}
