{
  "fio version" : "fio-3.16",
  "timestamp" : 1601064090,
  "timestamp_ms" : 1601064090569,
  "time" : "Fri Sep 25 16:01:30 2020",
  "global options" : {
    "unified_rw_reporting" : "1",
    "time_based" : "1",
    "runtime" : "90",
    "directory" : "/media/auto/work/tmp",
    "filename" : "testfile.dat",
    "filesize" : "20GiB",
    "direct" : "1",
    "ioengine" : "libaio"
  },
  "jobs" : [
    {
      "jobname" : "jobname",
      "groupid" : 0,
      "error" : 0,
      "eta" : 0,
      "elapsed" : 91,
      "job options" : {
        "name" : "jobname",
        "iodepth" : "4",
        "bs" : "4k",
        "rw" : "read"
      },
      "mixed" : {
        "io_bytes" : 106489233408,
        "io_kbytes" : 103993392,
        "bw_bytes" : 1183200557,
        "bw" : 1155469,
        "iops" : 288867.323696,
        "runtime" : 90001,
        "total_ios" : 25998348,
        "short_ios" : 0,
        "drop_ios" : 0,
        "slat_ns" : {
          "min" : 1262,
          "max" : 194986,
          "mean" : 2172.133529,
          "stddev" : 958.728738
        },
        "clat_ns" : {
          "min" : 5710,
          "max" : 328537,
          "mean" : 10989.996425,
          "stddev" : 4530.447069,
          "percentile" : {
            "1.000000" : 7584,
            "5.000000" : 8096,
            "10.000000" : 8384,
            "20.000000" : 8640,
            "30.000000" : 9152,
            "40.000000" : 9408,
            "50.000000" : 9536,
            "60.000000" : 10176,
            "70.000000" : 10816,
            "80.000000" : 12736,
            "90.000000" : 16064,
            "95.000000" : 16512,
            "99.000000" : 19072,
            "99.500000" : 21888,
            "99.900000" : 59136,
            "99.950000" : 93696,
            "99.990000" : 158720
          }
        },
        "lat_ns" : {
          "min" : 8216,
          "max" : 331312,
          "mean" : 13281.070831,
          "stddev" : 4829.563320
        },
        "bw_min" : 1085197,
        "bw_max" : 1256912,
        "bw_agg" : 100.000000,
        "bw_mean" : 1155528.748603,
        "bw_dev" : 27480.224360,
        "bw_samples" : 179,
        "iops_min" : 271299,
        "iops_max" : 314228,
        "iops_mean" : 288882.206704,
        "iops_stddev" : 6870.038321,
        "iops_samples" : 179
      },
      "job_runtime" : 90000,
      "usr_cpu" : 33.528889,
      "sys_cpu" : 64.778889,
      "ctx" : 282539,
      "majf" : 0,
      "minf" : 15,
      "iodepth_level" : {
        "1" : 0.100000,
        "2" : 0.100000,
        "4" : 99.999931,
        "8" : 0.000000,
        "16" : 0.000000,
        "32" : 0.000000,
        ">=64" : 0.000000
      },
      "iodepth_submit" : {
        "0" : 0.000000,
        "4" : 100.000000,
        "8" : 0.000000,
        "16" : 0.000000,
        "32" : 0.000000,
        "64" : 0.000000,
        ">=64" : 0.000000
      },
      "iodepth_complete" : {
        "0" : 0.000000,
        "4" : 100.000000,
        "8" : 0.000000,
        "16" : 0.000000,
        "32" : 0.000000,
        "64" : 0.000000,
        ">=64" : 0.000000
      },
      "latency_ns" : {
        "2" : 0.000000,
        "4" : 0.000000,
        "10" : 0.000000,
        "20" : 0.000000,
        "50" : 0.000000,
        "100" : 0.000000,
        "250" : 0.000000,
        "500" : 0.000000,
        "750" : 0.000000,
        "1000" : 0.000000
      },
      "latency_us" : {
        "2" : 0.000000,
        "4" : 0.000000,
        "10" : 53.602779,
        "20" : 45.690138,
        "50" : 0.601792,
        "100" : 0.060212,
        "250" : 0.045037,
        "500" : 0.010000,
        "750" : 0.000000,
        "1000" : 0.000000
      },
      "latency_ms" : {
        "2" : 0.000000,
        "4" : 0.000000,
        "10" : 0.000000,
        "20" : 0.000000,
        "50" : 0.000000,
        "100" : 0.000000,
        "250" : 0.000000,
        "500" : 0.000000,
        "750" : 0.000000,
        "1000" : 0.000000,
        "2000" : 0.000000,
        ">=2000" : 0.000000
      },
      "latency_depth" : 4,
      "latency_target" : 0,
      "latency_percentile" : 100.000000,
      "latency_window" : 0
    }
  ],
  "disk_util" : [
    {
      "name" : "nvme0n1",
      "read_ios" : 25969814,
      "write_ios" : 0,
      "read_merges" : 0,
      "write_merges" : 0,
      "read_ticks" : 206983,
      "write_ticks" : 0,
      "in_queue" : 0,
      "util" : 100.000000
    }
  ]
}
