{
  "fio version" : "fio-3.16",
  "timestamp" : 1601060224,
  "timestamp_ms" : 1601060224786,
  "time" : "Fri Sep 25 14:57:04 2020",
  "global options" : {
    "unified_rw_reporting" : "1",
    "time_based" : "1",
    "runtime" : "90",
    "directory" : "/media/auto/work/tmp",
    "filename" : "testfile.dat",
    "filesize" : "20GiB",
    "direct" : "1",
    "ioengine" : "libaio"
  },
  "jobs" : [
    {
      "jobname" : "jobname",
      "groupid" : 0,
      "error" : 0,
      "eta" : 0,
      "elapsed" : 91,
      "job options" : {
        "name" : "jobname",
        "iodepth" : "1",
        "bs" : "32k",
        "rw" : "randread"
      },
      "mixed" : {
        "io_bytes" : 18800771072,
        "io_kbytes" : 18360128,
        "bw_bytes" : 208895135,
        "bw" : 203999,
        "iops" : 6374.973611,
        "runtime" : 90001,
        "total_ios" : 573754,
        "short_ios" : 0,
        "drop_ios" : 0,
        "slat_ns" : {
          "min" : 2214,
          "max" : 285225,
          "mean" : 4366.353882,
          "stddev" : 1359.293183
        },
        "clat_ns" : {
          "min" : 82144,
          "max" : 1985576,
          "mean" : 151721.433212,
          "stddev" : 16128.972325,
          "percentile" : {
            "1.000000" : 129536,
            "5.000000" : 130560,
            "10.000000" : 132096,
            "20.000000" : 132096,
            "30.000000" : 134144,
            "40.000000" : 158720,
            "50.000000" : 160768,
            "60.000000" : 160768,
            "70.000000" : 162816,
            "80.000000" : 162816,
            "90.000000" : 164864,
            "95.000000" : 166912,
            "99.000000" : 189440,
            "99.500000" : 195584,
            "99.900000" : 226304,
            "99.950000" : 238592,
            "99.990000" : 244736
          }
        },
        "lat_ns" : {
          "min" : 89868,
          "max" : 1993612,
          "mean" : 156206.255711,
          "stddev" : 16355.978193
        },
        "bw_min" : 200576,
        "bw_max" : 205540,
        "bw_agg" : 99.994052,
        "bw_mean" : 203986.865922,
        "bw_dev" : 868.091057,
        "bw_samples" : 179,
        "iops_min" : 6268,
        "iops_max" : 6423,
        "iops_mean" : 6374.581006,
        "iops_stddev" : 27.134038,
        "iops_samples" : 179
      },
      "job_runtime" : 90000,
      "usr_cpu" : 1.125556,
      "sys_cpu" : 3.814444,
      "ctx" : 573847,
      "majf" : 0,
      "minf" : 18,
      "iodepth_level" : {
        "1" : 100.000000,
        "2" : 0.000000,
        "4" : 0.000000,
        "8" : 0.000000,
        "16" : 0.000000,
        "32" : 0.000000,
        ">=64" : 0.000000
      },
      "iodepth_submit" : {
        "0" : 0.000000,
        "4" : 100.000000,
        "8" : 0.000000,
        "16" : 0.000000,
        "32" : 0.000000,
        "64" : 0.000000,
        ">=64" : 0.000000
      },
      "iodepth_complete" : {
        "0" : 0.000000,
        "4" : 100.000000,
        "8" : 0.000000,
        "16" : 0.000000,
        "32" : 0.000000,
        "64" : 0.000000,
        ">=64" : 0.000000
      },
      "latency_ns" : {
        "2" : 0.000000,
        "4" : 0.000000,
        "10" : 0.000000,
        "20" : 0.000000,
        "50" : 0.000000,
        "100" : 0.000000,
        "250" : 0.000000,
        "500" : 0.000000,
        "750" : 0.000000,
        "1000" : 0.000000
      },
      "latency_us" : {
        "2" : 0.000000,
        "4" : 0.000000,
        "10" : 0.000000,
        "20" : 0.000000,
        "50" : 0.000000,
        "100" : 0.010000,
        "250" : 99.983791,
        "500" : 0.010000,
        "750" : 0.010000,
        "1000" : 0.010000
      },
      "latency_ms" : {
        "2" : 0.010000,
        "4" : 0.000000,
        "10" : 0.000000,
        "20" : 0.000000,
        "50" : 0.000000,
        "100" : 0.000000,
        "250" : 0.000000,
        "500" : 0.000000,
        "750" : 0.000000,
        "1000" : 0.000000,
        "2000" : 0.000000,
        ">=2000" : 0.000000
      },
      "latency_depth" : 1,
      "latency_target" : 0,
      "latency_percentile" : 100.000000,
      "latency_window" : 0
    }
  ],
  "disk_util" : [
    {
      "name" : "nvme0n1",
      "read_ios" : 573113,
      "write_ios" : 0,
      "read_merges" : 0,
      "write_merges" : 0,
      "read_ticks" : 87058,
      "write_ticks" : 0,
      "in_queue" : 0,
      "util" : 99.932196
    }
  ]
}
