{
  "fio version" : "fio-3.16",
  "timestamp" : 1601064753,
  "timestamp_ms" : 1601064753262,
  "time" : "Fri Sep 25 16:12:33 2020",
  "global options" : {
    "unified_rw_reporting" : "1",
    "time_based" : "1",
    "runtime" : "90",
    "directory" : "/media/auto/work/tmp",
    "filename" : "testfile.dat",
    "filesize" : "20GiB",
    "direct" : "1",
    "ioengine" : "libaio"
  },
  "jobs" : [
    {
      "jobname" : "jobname",
      "groupid" : 0,
      "error" : 0,
      "eta" : 0,
      "elapsed" : 91,
      "job options" : {
        "name" : "jobname",
        "iodepth" : "24",
        "bs" : "4k",
        "rw" : "read"
      },
      "mixed" : {
        "io_bytes" : 126960041984,
        "io_kbytes" : 123984416,
        "bw_bytes" : 1410651459,
        "bw" : 1377589,
        "iops" : 344397.328919,
        "runtime" : 90001,
        "total_ios" : 30996104,
        "short_ios" : 0,
        "drop_ios" : 0,
        "slat_ns" : {
          "min" : 1262,
          "max" : 284254,
          "mean" : 1901.732100,
          "stddev" : 768.899906
        },
        "clat_ns" : {
          "min" : 6512,
          "max" : 534453,
          "mean" : 67262.161322,
          "stddev" : 7681.322395,
          "percentile" : {
            "1.000000" : 62208,
            "5.000000" : 62720,
            "10.000000" : 63232,
            "20.000000" : 63744,
            "30.000000" : 64256,
            "40.000000" : 64768,
            "50.000000" : 66048,
            "60.000000" : 68096,
            "70.000000" : 69120,
            "80.000000" : 69120,
            "90.000000" : 70144,
            "95.000000" : 74240,
            "99.000000" : 79360,
            "99.500000" : 89600,
            "99.900000" : 205824,
            "99.950000" : 240640,
            "99.990000" : 284672
          }
        },
        "lat_ns" : {
          "min" : 9067,
          "max" : 535906,
          "mean" : 69273.219855,
          "stddev" : 7730.199491
        },
        "bw_min" : 1336544,
        "bw_max" : 1398680,
        "bw_agg" : 99.996033,
        "bw_mean" : 1377534.346369,
        "bw_dev" : 8276.233276,
        "bw_samples" : 179,
        "iops_min" : 334136,
        "iops_max" : 349670,
        "iops_mean" : 344383.581006,
        "iops_stddev" : 2069.055663,
        "iops_samples" : 179
      },
      "job_runtime" : 90000,
      "usr_cpu" : 33.305556,
      "sys_cpu" : 66.256667,
      "ctx" : 17779,
      "majf" : 0,
      "minf" : 35,
      "iodepth_level" : {
        "1" : 0.100000,
        "2" : 0.100000,
        "4" : 0.100000,
        "8" : 0.100000,
        "16" : 99.999661,
        "32" : 0.000000,
        ">=64" : 0.000000
      },
      "iodepth_submit" : {
        "0" : 0.000000,
        "4" : 100.000000,
        "8" : 0.000000,
        "16" : 0.000000,
        "32" : 0.000000,
        "64" : 0.000000,
        ">=64" : 0.000000
      },
      "iodepth_complete" : {
        "0" : 0.000000,
        "4" : 99.999977,
        "8" : 0.000000,
        "16" : 0.000000,
        "32" : 0.100000,
        "64" : 0.000000,
        ">=64" : 0.000000
      },
      "latency_ns" : {
        "2" : 0.000000,
        "4" : 0.000000,
        "10" : 0.000000,
        "20" : 0.000000,
        "50" : 0.000000,
        "100" : 0.000000,
        "250" : 0.000000,
        "500" : 0.000000,
        "750" : 0.000000,
        "1000" : 0.000000
      },
      "latency_us" : {
        "2" : 0.000000,
        "4" : 0.000000,
        "10" : 0.010000,
        "20" : 0.010000,
        "50" : 0.039405,
        "100" : 99.627692,
        "250" : 0.294895,
        "500" : 0.037911,
        "750" : 0.010000,
        "1000" : 0.000000
      },
      "latency_ms" : {
        "2" : 0.000000,
        "4" : 0.000000,
        "10" : 0.000000,
        "20" : 0.000000,
        "50" : 0.000000,
        "100" : 0.000000,
        "250" : 0.000000,
        "500" : 0.000000,
        "750" : 0.000000,
        "1000" : 0.000000,
        "2000" : 0.000000,
        ">=2000" : 0.000000
      },
      "latency_depth" : 24,
      "latency_target" : 0,
      "latency_percentile" : 100.000000,
      "latency_window" : 0
    }
  ],
  "disk_util" : [
    {
      "name" : "nvme0n1",
      "read_ios" : 30960992,
      "write_ios" : 0,
      "read_merges" : 0,
      "write_merges" : 0,
      "read_ticks" : 246191,
      "write_ticks" : 0,
      "in_queue" : 0,
      "util" : 99.985550
    }
  ]
}
