{
  "fio version" : "fio-3.16",
  "timestamp" : 1601067404,
  "timestamp_ms" : 1601067404049,
  "time" : "Fri Sep 25 16:56:44 2020",
  "global options" : {
    "unified_rw_reporting" : "1",
    "time_based" : "1",
    "runtime" : "90",
    "directory" : "/media/auto/work/tmp",
    "filename" : "testfile.dat",
    "filesize" : "20GiB",
    "direct" : "1",
    "ioengine" : "libaio"
  },
  "jobs" : [
    {
      "jobname" : "jobname",
      "groupid" : 0,
      "error" : 0,
      "eta" : 0,
      "elapsed" : 91,
      "job options" : {
        "name" : "jobname",
        "iodepth" : "32",
        "bs" : "16k",
        "rw" : "read"
      },
      "mixed" : {
        "io_bytes" : 237810008064,
        "io_kbytes" : 232236336,
        "bw_bytes" : 2642304063,
        "bw" : 2580375,
        "iops" : 161273.441406,
        "runtime" : 90001,
        "total_ios" : 14514771,
        "short_ios" : 0,
        "drop_ios" : 0,
        "slat_ns" : {
          "min" : 1623,
          "max" : 69450,
          "mean" : 3296.185130,
          "stddev" : 1669.091804
        },
        "clat_ns" : {
          "min" : 56326,
          "max" : 765176,
          "mean" : 194597.087616,
          "stddev" : 74020.791531,
          "percentile" : {
            "1.000000" : 104960,
            "5.000000" : 119296,
            "10.000000" : 127488,
            "20.000000" : 138240,
            "30.000000" : 148480,
            "40.000000" : 154624,
            "50.000000" : 164864,
            "60.000000" : 183296,
            "70.000000" : 207872,
            "80.000000" : 257024,
            "90.000000" : 309248,
            "95.000000" : 342016,
            "99.000000" : 423936,
            "99.500000" : 464896,
            "99.900000" : 536576,
            "99.950000" : 569344,
            "99.990000" : 618496
          }
        },
        "lat_ns" : {
          "min" : 60454,
          "max" : 767060,
          "mean" : 198006.511746,
          "stddev" : 73984.764465
        },
        "bw_min" : 2532096,
        "bw_max" : 2624448,
        "bw_agg" : 99.993924,
        "bw_mean" : 2580218.212291,
        "bw_dev" : 18096.457003,
        "bw_samples" : 179,
        "iops_min" : 158256,
        "iops_max" : 164028,
        "iops_mean" : 161263.653631,
        "iops_stddev" : 1131.031180,
        "iops_samples" : 179
      },
      "job_runtime" : 90000,
      "usr_cpu" : 16.523333,
      "sys_cpu" : 56.478889,
      "ctx" : 2586562,
      "majf" : 0,
      "minf" : 139,
      "iodepth_level" : {
        "1" : 0.100000,
        "2" : 0.100000,
        "4" : 0.100000,
        "8" : 0.100000,
        "16" : 0.100000,
        "32" : 99.997437,
        ">=64" : 0.000000
      },
      "iodepth_submit" : {
        "0" : 0.000000,
        "4" : 100.000000,
        "8" : 0.000000,
        "16" : 0.000000,
        "32" : 0.000000,
        "64" : 0.000000,
        ">=64" : 0.000000
      },
      "iodepth_complete" : {
        "0" : 0.000000,
        "4" : 99.999917,
        "8" : 0.000000,
        "16" : 0.000000,
        "32" : 0.100000,
        "64" : 0.000000,
        ">=64" : 0.000000
      },
      "latency_ns" : {
        "2" : 0.000000,
        "4" : 0.000000,
        "10" : 0.000000,
        "20" : 0.000000,
        "50" : 0.000000,
        "100" : 0.000000,
        "250" : 0.000000,
        "500" : 0.000000,
        "750" : 0.000000,
        "1000" : 0.000000
      },
      "latency_us" : {
        "2" : 0.000000,
        "4" : 0.000000,
        "10" : 0.000000,
        "20" : 0.000000,
        "50" : 0.000000,
        "100" : 0.476742,
        "250" : 78.451510,
        "500" : 20.822444,
        "750" : 0.249284,
        "1000" : 0.010000
      },
      "latency_ms" : {
        "2" : 0.000000,
        "4" : 0.000000,
        "10" : 0.000000,
        "20" : 0.000000,
        "50" : 0.000000,
        "100" : 0.000000,
        "250" : 0.000000,
        "500" : 0.000000,
        "750" : 0.000000,
        "1000" : 0.000000,
        "2000" : 0.000000,
        ">=2000" : 0.000000
      },
      "latency_depth" : 32,
      "latency_target" : 0,
      "latency_percentile" : 100.000000,
      "latency_window" : 0
    }
  ],
  "disk_util" : [
    {
      "name" : "nvme0n1",
      "read_ios" : 14498637,
      "write_ios" : 0,
      "read_merges" : 0,
      "write_merges" : 0,
      "read_ticks" : 2339091,
      "write_ticks" : 0,
      "in_queue" : 0,
      "util" : 99.989995
    }
  ]
}
