{
  "fio version" : "fio-3.16",
  "timestamp" : 1600569407,
  "timestamp_ms" : 1600569407406,
  "time" : "Sat Sep 19 22:36:47 2020",
  "global options" : {
    "unified_rw_reporting" : "1",
    "time_based" : "1",
    "runtime" : "90",
    "directory" : "/media/auto/work/tmp",
    "filename" : "testfile.dat",
    "filesize" : "20GiB",
    "direct" : "1",
    "ioengine" : "libaio"
  },
  "jobs" : [
    {
      "jobname" : "jobname",
      "groupid" : 0,
      "error" : 0,
      "eta" : 0,
      "elapsed" : 91,
      "job options" : {
        "name" : "jobname",
        "iodepth" : "1",
        "bs" : "8k",
        "rw" : "write"
      },
      "mixed" : {
        "io_bytes" : 42667057152,
        "io_kbytes" : 41667048,
        "bw_bytes" : 474073145,
        "bw" : 462962,
        "iops" : 57870.256997,
        "runtime" : 90001,
        "total_ios" : 5208381,
        "short_ios" : 0,
        "drop_ios" : 0,
        "slat_ns" : {
          "min" : 2625,
          "max" : 178264,
          "mean" : 2816.776777,
          "stddev" : 354.075374
        },
        "clat_ns" : {
          "min" : 410,
          "max" : 4711808,
          "mean" : 13951.352961,
          "stddev" : 7419.404640,
          "percentile" : {
            "1.000000" : 12352,
            "5.000000" : 12480,
            "10.000000" : 12608,
            "20.000000" : 12736,
            "30.000000" : 12736,
            "40.000000" : 12864,
            "50.000000" : 13120,
            "60.000000" : 13760,
            "70.000000" : 15040,
            "80.000000" : 15680,
            "90.000000" : 16064,
            "95.000000" : 16320,
            "99.000000" : 17280,
            "99.500000" : 18560,
            "99.900000" : 26496,
            "99.950000" : 27008,
            "99.990000" : 29056
          }
        },
        "lat_ns" : {
          "min" : 13956,
          "max" : 4714794,
          "mean" : 16856.870909,
          "stddev" : 7435.073718
        },
        "bw_min" : 428991,
        "bw_max" : 480416,
        "bw_agg" : 100.000000,
        "bw_mean" : 462980.592179,
        "bw_dev" : 8080.540629,
        "bw_samples" : 179,
        "iops_min" : 53623,
        "iops_max" : 60052,
        "iops_mean" : 57872.564246,
        "iops_stddev" : 1010.077225,
        "iops_samples" : 179
      },
      "job_runtime" : 90000,
      "usr_cpu" : 7.210000,
      "sys_cpu" : 23.021111,
      "ctx" : 5208576,
      "majf" : 0,
      "minf" : 14,
      "iodepth_level" : {
        "1" : 100.000000,
        "2" : 0.000000,
        "4" : 0.000000,
        "8" : 0.000000,
        "16" : 0.000000,
        "32" : 0.000000,
        ">=64" : 0.000000
      },
      "iodepth_submit" : {
        "0" : 0.000000,
        "4" : 100.000000,
        "8" : 0.000000,
        "16" : 0.000000,
        "32" : 0.000000,
        "64" : 0.000000,
        ">=64" : 0.000000
      },
      "iodepth_complete" : {
        "0" : 0.000000,
        "4" : 100.000000,
        "8" : 0.000000,
        "16" : 0.000000,
        "32" : 0.000000,
        "64" : 0.000000,
        ">=64" : 0.000000
      },
      "latency_ns" : {
        "2" : 0.000000,
        "4" : 0.000000,
        "10" : 0.000000,
        "20" : 0.000000,
        "50" : 0.000000,
        "100" : 0.000000,
        "250" : 0.000000,
        "500" : 0.010000,
        "750" : 0.010000,
        "1000" : 0.010000
      },
      "latency_us" : {
        "2" : 0.000000,
        "4" : 0.010000,
        "10" : 0.010000,
        "20" : 99.582212,
        "50" : 0.409551,
        "100" : 0.010000,
        "250" : 0.010000,
        "500" : 0.000000,
        "750" : 0.000000,
        "1000" : 0.000000
      },
      "latency_ms" : {
        "2" : 0.010000,
        "4" : 0.010000,
        "10" : 0.010000,
        "20" : 0.000000,
        "50" : 0.000000,
        "100" : 0.000000,
        "250" : 0.000000,
        "500" : 0.000000,
        "750" : 0.000000,
        "1000" : 0.000000,
        "2000" : 0.000000,
        ">=2000" : 0.000000
      },
      "latency_depth" : 1,
      "latency_target" : 0,
      "latency_percentile" : 100.000000,
      "latency_window" : 0
    }
  ],
  "disk_util" : [
    {
      "name" : "nvme0n1",
      "read_ios" : 0,
      "write_ios" : 5202114,
      "read_merges" : 0,
      "write_merges" : 17,
      "read_ticks" : 0,
      "write_ticks" : 73373,
      "in_queue" : 152,
      "util" : 99.941083
    }
  ]
}
