{
  "fio version" : "fio-3.16",
  "timestamp" : 1601064201,
  "timestamp_ms" : 1601064201013,
  "time" : "Fri Sep 25 16:03:21 2020",
  "global options" : {
    "unified_rw_reporting" : "1",
    "time_based" : "1",
    "runtime" : "90",
    "directory" : "/media/auto/work/tmp",
    "filename" : "testfile.dat",
    "filesize" : "20GiB",
    "direct" : "1",
    "ioengine" : "libaio"
  },
  "jobs" : [
    {
      "jobname" : "jobname",
      "groupid" : 0,
      "error" : 0,
      "eta" : 0,
      "elapsed" : 91,
      "job options" : {
        "name" : "jobname",
        "iodepth" : "6",
        "bs" : "4k",
        "rw" : "read"
      },
      "mixed" : {
        "io_bytes" : 120364609536,
        "io_kbytes" : 117543564,
        "bw_bytes" : 1337369690,
        "bw" : 1306025,
        "iops" : 326506.272153,
        "runtime" : 90001,
        "total_ios" : 29385891,
        "short_ios" : 0,
        "drop_ios" : 0,
        "slat_ns" : {
          "min" : 1262,
          "max" : 255630,
          "mean" : 2008.676558,
          "stddev" : 856.531810
        },
        "clat_ns" : {
          "min" : 7053,
          "max" : 400060,
          "mean" : 15778.154572,
          "stddev" : 4981.252068,
          "percentile" : {
            "1.000000" : 12864,
            "5.000000" : 13632,
            "10.000000" : 13760,
            "20.000000" : 13760,
            "30.000000" : 13888,
            "40.000000" : 14656,
            "50.000000" : 14784,
            "60.000000" : 14912,
            "70.000000" : 15552,
            "80.000000" : 15936,
            "90.000000" : 20352,
            "95.000000" : 25472,
            "99.000000" : 27776,
            "99.500000" : 29056,
            "99.900000" : 69120,
            "99.950000" : 130560,
            "99.990000" : 175104
          }
        },
        "lat_ns" : {
          "min" : 9588,
          "max" : 401433,
          "mean" : 17892.705961,
          "stddev" : 5199.411690
        },
        "bw_min" : 1241656,
        "bw_max" : 1378608,
        "bw_agg" : 100.000000,
        "bw_mean" : 1306137.139665,
        "bw_dev" : 25446.433735,
        "bw_samples" : 179,
        "iops_min" : 310414,
        "iops_max" : 344652,
        "iops_mean" : 326534.301676,
        "iops_stddev" : 6361.496956,
        "iops_samples" : 179
      },
      "job_runtime" : 90000,
      "usr_cpu" : 33.684444,
      "sys_cpu" : 65.570000,
      "ctx" : 39477,
      "majf" : 0,
      "minf" : 18,
      "iodepth_level" : {
        "1" : 0.100000,
        "2" : 0.100000,
        "4" : 99.999929,
        "8" : 0.000000,
        "16" : 0.000000,
        "32" : 0.000000,
        ">=64" : 0.000000
      },
      "iodepth_submit" : {
        "0" : 0.000000,
        "4" : 100.000000,
        "8" : 0.000000,
        "16" : 0.000000,
        "32" : 0.000000,
        "64" : 0.000000,
        ">=64" : 0.000000
      },
      "iodepth_complete" : {
        "0" : 0.000000,
        "4" : 99.999976,
        "8" : 0.100000,
        "16" : 0.000000,
        "32" : 0.000000,
        "64" : 0.000000,
        ">=64" : 0.000000
      },
      "latency_ns" : {
        "2" : 0.000000,
        "4" : 0.000000,
        "10" : 0.000000,
        "20" : 0.000000,
        "50" : 0.000000,
        "100" : 0.000000,
        "250" : 0.000000,
        "500" : 0.000000,
        "750" : 0.000000,
        "1000" : 0.000000
      },
      "latency_us" : {
        "2" : 0.000000,
        "4" : 0.000000,
        "10" : 0.051974,
        "20" : 89.756952,
        "50" : 10.069713,
        "100" : 0.064705,
        "250" : 0.056493,
        "500" : 0.010000,
        "750" : 0.000000,
        "1000" : 0.000000
      },
      "latency_ms" : {
        "2" : 0.000000,
        "4" : 0.000000,
        "10" : 0.000000,
        "20" : 0.000000,
        "50" : 0.000000,
        "100" : 0.000000,
        "250" : 0.000000,
        "500" : 0.000000,
        "750" : 0.000000,
        "1000" : 0.000000,
        "2000" : 0.000000,
        ">=2000" : 0.000000
      },
      "latency_depth" : 6,
      "latency_target" : 0,
      "latency_percentile" : 100.000000,
      "latency_window" : 0
    }
  ],
  "disk_util" : [
    {
      "name" : "nvme0n1",
      "read_ios" : 29354468,
      "write_ios" : 0,
      "read_merges" : 0,
      "write_merges" : 0,
      "read_ticks" : 229495,
      "write_ticks" : 0,
      "in_queue" : 0,
      "util" : 99.974431
    }
  ]
}
