{
  "fio version" : "fio-3.16",
  "timestamp" : 1600552232,
  "timestamp_ms" : 1600552232983,
  "time" : "Sat Sep 19 17:50:32 2020",
  "global options" : {
    "unified_rw_reporting" : "1",
    "time_based" : "1",
    "runtime" : "90",
    "directory" : "/media/auto/work/tmp",
    "filename" : "testfile.dat",
    "filesize" : "20GiB",
    "direct" : "1",
    "ioengine" : "libaio"
  },
  "jobs" : [
    {
      "jobname" : "jobname",
      "groupid" : 0,
      "error" : 0,
      "eta" : 0,
      "elapsed" : 91,
      "job options" : {
        "name" : "jobname",
        "iodepth" : "8",
        "bs" : "32k",
        "rw" : "randwrite"
      },
      "mixed" : {
        "io_bytes" : 67097034752,
        "io_kbytes" : 65524448,
        "bw_bytes" : 745009379,
        "bw" : 727548,
        "iops" : 22735.881948,
        "runtime" : 90062,
        "total_ios" : 2047639,
        "short_ios" : 0,
        "drop_ios" : 0,
        "slat_ns" : {
          "min" : 2375,
          "max" : 300354,
          "mean" : 4582.242406,
          "stddev" : 1033.751357
        },
        "clat_ns" : {
          "min" : 37090,
          "max" : 66461788,
          "mean" : 346608.077862,
          "stddev" : 621380.906727,
          "percentile" : {
            "1.000000" : 73216,
            "5.000000" : 85504,
            "10.000000" : 91648,
            "20.000000" : 102912,
            "30.000000" : 127488,
            "40.000000" : 164864,
            "50.000000" : 211968,
            "60.000000" : 276480,
            "70.000000" : 374784,
            "80.000000" : 518144,
            "90.000000" : 765952,
            "95.000000" : 1036288,
            "99.000000" : 1646592,
            "99.500000" : 1875968,
            "99.900000" : 2277376,
            "99.950000" : 2736128,
            "99.990000" : 26345472
          }
        },
        "lat_ns" : {
          "min" : 41017,
          "max" : 66467067,
          "mean" : 351299.758450,
          "stddev" : 621401.961932
        },
        "bw_min" : 609919,
        "bw_max" : 2169472,
        "bw_agg" : 100.000000,
        "bw_mean" : 727994.877778,
        "bw_dev" : 300989.903673,
        "bw_samples" : 180,
        "iops_min" : 19059,
        "iops_max" : 67796,
        "iops_mean" : 22749.822222,
        "iops_stddev" : 9405.938310,
        "iops_samples" : 180
      },
      "job_runtime" : 90061,
      "usr_cpu" : 3.690832,
      "sys_cpu" : 13.275447,
      "ctx" : 1965377,
      "majf" : 0,
      "minf" : 10,
      "iodepth_level" : {
        "1" : 0.100000,
        "2" : 0.100000,
        "4" : 0.100000,
        "8" : 99.999658,
        "16" : 0.000000,
        "32" : 0.000000,
        ">=64" : 0.000000
      },
      "iodepth_submit" : {
        "0" : 0.000000,
        "4" : 100.000000,
        "8" : 0.000000,
        "16" : 0.000000,
        "32" : 0.000000,
        "64" : 0.000000,
        ">=64" : 0.000000
      },
      "iodepth_complete" : {
        "0" : 0.000000,
        "4" : 99.999951,
        "8" : 0.100000,
        "16" : 0.000000,
        "32" : 0.000000,
        "64" : 0.000000,
        ">=64" : 0.000000
      },
      "latency_ns" : {
        "2" : 0.000000,
        "4" : 0.000000,
        "10" : 0.000000,
        "20" : 0.000000,
        "50" : 0.000000,
        "100" : 0.000000,
        "250" : 0.000000,
        "500" : 0.000000,
        "750" : 0.000000,
        "1000" : 0.000000
      },
      "latency_us" : {
        "2" : 0.000000,
        "4" : 0.000000,
        "10" : 0.000000,
        "20" : 0.000000,
        "50" : 0.010000,
        "100" : 18.268796,
        "250" : 37.854622,
        "500" : 22.931191,
        "750" : 10.549125,
        "1000" : 4.912927
      },
      "latency_ms" : {
        "2" : 5.123706,
        "4" : 0.331504,
        "10" : 0.010000,
        "20" : 0.010000,
        "50" : 0.010000,
        "100" : 0.010000,
        "250" : 0.000000,
        "500" : 0.000000,
        "750" : 0.000000,
        "1000" : 0.000000,
        "2000" : 0.000000,
        ">=2000" : 0.000000
      },
      "latency_depth" : 8,
      "latency_target" : 0,
      "latency_percentile" : 100.000000,
      "latency_window" : 0
    }
  ],
  "disk_util" : [
    {
      "name" : "nvme0n1",
      "read_ios" : 0,
      "write_ios" : 2045616,
      "read_merges" : 0,
      "write_merges" : 17,
      "read_ticks" : 0,
      "write_ticks" : 710576,
      "in_queue" : 13480,
      "util" : 98.421521
    }
  ]
}
