{
  "fio version" : "fio-3.16",
  "timestamp" : 1600571886,
  "timestamp_ms" : 1600571886715,
  "time" : "Sat Sep 19 23:18:06 2020",
  "global options" : {
    "unified_rw_reporting" : "1",
    "time_based" : "1",
    "runtime" : "90",
    "directory" : "/media/auto/work/tmp",
    "filename" : "testfile.dat",
    "filesize" : "20GiB",
    "direct" : "1",
    "ioengine" : "libaio"
  },
  "jobs" : [
    {
      "jobname" : "jobname",
      "groupid" : 0,
      "error" : 0,
      "eta" : 0,
      "elapsed" : 91,
      "job options" : {
        "name" : "jobname",
        "iodepth" : "2",
        "bs" : "256k",
        "rw" : "randwrite"
      },
      "mixed" : {
        "io_bytes" : 67265101824,
        "io_kbytes" : 65688576,
        "bw_bytes" : 747381716,
        "bw" : 729864,
        "iops" : 2851.034989,
        "runtime" : 90001,
        "total_ios" : 256596,
        "short_ios" : 0,
        "drop_ios" : 0,
        "slat_ns" : {
          "min" : 7694,
          "max" : 65002,
          "mean" : 15100.786439,
          "stddev" : 1852.647382
        },
        "clat_ns" : {
          "min" : 85921,
          "max" : 65029020,
          "mean" : 685579.914059,
          "stddev" : 841556.013993,
          "percentile" : {
            "1.000000" : 140288,
            "5.000000" : 158720,
            "10.000000" : 175104,
            "20.000000" : 226304,
            "30.000000" : 305152,
            "40.000000" : 415744,
            "50.000000" : 544768,
            "60.000000" : 684032,
            "70.000000" : 847872,
            "80.000000" : 1056768,
            "90.000000" : 1384448,
            "95.000000" : 1646592,
            "99.000000" : 2179072,
            "99.500000" : 2342912,
            "99.900000" : 3489792,
            "99.950000" : 7110656,
            "99.990000" : 44826624
          }
        },
        "lat_ns" : {
          "min" : 115216,
          "max" : 65044108,
          "mean" : 700811.964555,
          "stddev" : 841615.617909
        },
        "bw_min" : 615423,
        "bw_max" : 2331136,
        "bw_agg" : 100.000000,
        "bw_mean" : 730129.826816,
        "bw_dev" : 311123.774707,
        "bw_samples" : 179,
        "iops_min" : 2403,
        "iops_max" : 9106,
        "iops_mean" : 2852.027933,
        "iops_stddev" : 1215.300011,
        "iops_samples" : 179
      },
      "job_runtime" : 90000,
      "usr_cpu" : 0.998889,
      "sys_cpu" : 4.304444,
      "ctx" : 256664,
      "majf" : 0,
      "minf" : 11,
      "iodepth_level" : {
        "1" : 0.100000,
        "2" : 99.999610,
        "4" : 0.000000,
        "8" : 0.000000,
        "16" : 0.000000,
        "32" : 0.000000,
        ">=64" : 0.000000
      },
      "iodepth_submit" : {
        "0" : 0.000000,
        "4" : 100.000000,
        "8" : 0.000000,
        "16" : 0.000000,
        "32" : 0.000000,
        "64" : 0.000000,
        ">=64" : 0.000000
      },
      "iodepth_complete" : {
        "0" : 0.000000,
        "4" : 100.000000,
        "8" : 0.000000,
        "16" : 0.000000,
        "32" : 0.000000,
        "64" : 0.000000,
        ">=64" : 0.000000
      },
      "latency_ns" : {
        "2" : 0.000000,
        "4" : 0.000000,
        "10" : 0.000000,
        "20" : 0.000000,
        "50" : 0.000000,
        "100" : 0.000000,
        "250" : 0.000000,
        "500" : 0.000000,
        "750" : 0.000000,
        "1000" : 0.000000
      },
      "latency_us" : {
        "2" : 0.000000,
        "4" : 0.000000,
        "10" : 0.000000,
        "20" : 0.000000,
        "50" : 0.000000,
        "100" : 0.010000,
        "250" : 23.575582,
        "500" : 22.818750,
        "750" : 17.838548,
        "1000" : 13.112831
      },
      "latency_ms" : {
        "2" : 20.950054,
        "4" : 1.630579,
        "10" : 0.029229,
        "20" : 0.018317,
        "50" : 0.015589,
        "100" : 0.010000,
        "250" : 0.000000,
        "500" : 0.000000,
        "750" : 0.000000,
        "1000" : 0.000000,
        "2000" : 0.000000,
        ">=2000" : 0.000000
      },
      "latency_depth" : 2,
      "latency_target" : 0,
      "latency_percentile" : 100.000000,
      "latency_window" : 0
    }
  ],
  "disk_util" : [
    {
      "name" : "nvme0n1",
      "read_ios" : 0,
      "write_ios" : 256355,
      "read_merges" : 0,
      "write_merges" : 17,
      "read_ticks" : 0,
      "write_ticks" : 178037,
      "in_queue" : 4368,
      "util" : 98.430344
    }
  ]
}
