{
  "fio version" : "fio-3.16",
  "timestamp" : 1601049196,
  "timestamp_ms" : 1601049196514,
  "time" : "Fri Sep 25 11:53:16 2020",
  "global options" : {
    "unified_rw_reporting" : "1",
    "time_based" : "1",
    "runtime" : "90",
    "directory" : "/media/auto/work/tmp",
    "filename" : "testfile.dat",
    "filesize" : "20GiB",
    "direct" : "1",
    "ioengine" : "libaio"
  },
  "jobs" : [
    {
      "jobname" : "jobname",
      "groupid" : 0,
      "error" : 0,
      "eta" : 0,
      "elapsed" : 91,
      "job options" : {
        "name" : "jobname",
        "iodepth" : "12",
        "bs" : "8k",
        "rw" : "randwrite"
      },
      "mixed" : {
        "io_bytes" : 66793332736,
        "io_kbytes" : 65227864,
        "bw_bytes" : 741653705,
        "bw" : 724271,
        "iops" : 90533.899622,
        "runtime" : 90060,
        "total_ios" : 8153483,
        "short_ios" : 0,
        "drop_ios" : 0,
        "slat_ns" : {
          "min" : 1573,
          "max" : 220554,
          "mean" : 3841.260966,
          "stddev" : 1456.901154
        },
        "clat_ns" : {
          "min" : 26459,
          "max" : 66340317,
          "mean" : 128027.606352,
          "stddev" : 368322.241434,
          "percentile" : {
            "1.000000" : 35584,
            "5.000000" : 37632,
            "10.000000" : 44800,
            "20.000000" : 52992,
            "30.000000" : 55040,
            "40.000000" : 57600,
            "50.000000" : 63232,
            "60.000000" : 68096,
            "70.000000" : 80384,
            "80.000000" : 136192,
            "90.000000" : 272384,
            "95.000000" : 456704,
            "99.000000" : 995328,
            "99.500000" : 1220608,
            "99.900000" : 1810432,
            "99.950000" : 1990656,
            "99.990000" : 4423680
          }
        },
        "lat_ns" : {
          "min" : 28373,
          "max" : 66343162,
          "mean" : 131992.173894,
          "stddev" : 368249.976180
        },
        "bw_min" : 604287,
        "bw_max" : 1975584,
        "bw_agg" : 100.000000,
        "bw_mean" : 724709.377778,
        "bw_dev" : 264667.658838,
        "bw_samples" : 180,
        "iops_min" : 75535,
        "iops_max" : 246948,
        "iops_mean" : 90588.661111,
        "iops_stddev" : 33083.437034,
        "iops_samples" : 180
      },
      "job_runtime" : 90059,
      "usr_cpu" : 10.993904,
      "sys_cpu" : 35.689937,
      "ctx" : 744643,
      "majf" : 0,
      "minf" : 11,
      "iodepth_level" : {
        "1" : 0.100000,
        "2" : 0.100000,
        "4" : 0.100000,
        "8" : 99.999914,
        "16" : 0.000000,
        "32" : 0.000000,
        ">=64" : 0.000000
      },
      "iodepth_submit" : {
        "0" : 0.000000,
        "4" : 100.000000,
        "8" : 0.000000,
        "16" : 0.000000,
        "32" : 0.000000,
        "64" : 0.000000,
        ">=64" : 0.000000
      },
      "iodepth_complete" : {
        "0" : 0.000000,
        "4" : 99.999988,
        "8" : 0.000000,
        "16" : 0.100000,
        "32" : 0.000000,
        "64" : 0.000000,
        ">=64" : 0.000000
      },
      "latency_ns" : {
        "2" : 0.000000,
        "4" : 0.000000,
        "10" : 0.000000,
        "20" : 0.000000,
        "50" : 0.000000,
        "100" : 0.000000,
        "250" : 0.000000,
        "500" : 0.000000,
        "750" : 0.000000,
        "1000" : 0.000000
      },
      "latency_us" : {
        "2" : 0.000000,
        "4" : 0.000000,
        "10" : 0.000000,
        "20" : 0.000000,
        "50" : 14.901018,
        "100" : 59.850986,
        "250" : 14.312607,
        "500" : 6.651243,
        "750" : 2.325742,
        "1000" : 0.977423
      },
      "latency_ms" : {
        "2" : 0.932191,
        "4" : 0.038487,
        "10" : 0.010000,
        "20" : 0.010000,
        "50" : 0.010000,
        "100" : 0.010000,
        "250" : 0.000000,
        "500" : 0.000000,
        "750" : 0.000000,
        "1000" : 0.000000,
        "2000" : 0.000000,
        ">=2000" : 0.000000
      },
      "latency_depth" : 12,
      "latency_target" : 0,
      "latency_percentile" : 100.000000,
      "latency_window" : 0
    }
  ],
  "disk_util" : [
    {
      "name" : "nvme0n1",
      "read_ios" : 0,
      "write_ios" : 8144908,
      "read_merges" : 0,
      "write_merges" : 17,
      "read_ticks" : 0,
      "write_ticks" : 850622,
      "in_queue" : 18556,
      "util" : 98.568316
    }
  ]
}
