{
  "fio version" : "fio-3.16",
  "timestamp" : 1600553407,
  "timestamp_ms" : 1600553407232,
  "time" : "Sat Sep 19 18:10:07 2020",
  "global options" : {
    "unified_rw_reporting" : "1",
    "time_based" : "1",
    "runtime" : "90",
    "directory" : "/media/auto/work/tmp",
    "filename" : "testfile.dat",
    "filesize" : "20GiB",
    "direct" : "1",
    "ioengine" : "libaio"
  },
  "jobs" : [
    {
      "jobname" : "jobname",
      "groupid" : 0,
      "error" : 0,
      "eta" : 0,
      "elapsed" : 91,
      "job options" : {
        "name" : "jobname",
        "iodepth" : "16",
        "bs" : "512k",
        "rw" : "randwrite"
      },
      "mixed" : {
        "io_bytes" : 65234010112,
        "io_kbytes" : 63705088,
        "bw_bytes" : 724733756,
        "bw" : 707747,
        "iops" : 1382.319939,
        "runtime" : 90011,
        "total_ios" : 124424,
        "short_ios" : 0,
        "drop_ios" : 0,
        "slat_ns" : {
          "min" : 17172,
          "max" : 10845083,
          "mean" : 31435.921165,
          "stddev" : 92382.349734
        },
        "clat_ns" : {
          "min" : 431930,
          "max" : 566253901,
          "mean" : 11541160.182794,
          "stddev" : 9518218.196369,
          "percentile" : {
            "1.000000" : 3293184,
            "5.000000" : 3325952,
            "10.000000" : 3424256,
            "20.000000" : 11206656,
            "30.000000" : 11599872,
            "40.000000" : 11730944,
            "50.000000" : 11993088,
            "60.000000" : 12124160,
            "70.000000" : 12386304,
            "80.000000" : 12779520,
            "90.000000" : 13434880,
            "95.000000" : 14745600,
            "99.000000" : 20054016,
            "99.500000" : 29229056,
            "99.900000" : 74973184,
            "99.950000" : 160432128,
            "99.990000" : 549453824
          }
        },
        "lat_ns" : {
          "min" : 459452,
          "max" : 566290149,
          "mean" : 11572816.248634,
          "stddev" : 9521347.365600
        },
        "bw_min" : 198258,
        "bw_max" : 2353152,
        "bw_agg" : 99.991304,
        "bw_mean" : 707685.455556,
        "bw_dev" : 324781.000553,
        "bw_samples" : 180,
        "iops_min" : 386,
        "iops_max" : 4596,
        "iops_mean" : 1382.183333,
        "iops_stddev" : 634.318316,
        "iops_samples" : 180
      },
      "job_runtime" : 90010,
      "usr_cpu" : 1.239862,
      "sys_cpu" : 4.106210,
      "ctx" : 124036,
      "majf" : 0,
      "minf" : 11,
      "iodepth_level" : {
        "1" : 0.100000,
        "2" : 0.100000,
        "4" : 0.100000,
        "8" : 0.100000,
        "16" : 99.987944,
        "32" : 0.000000,
        ">=64" : 0.000000
      },
      "iodepth_submit" : {
        "0" : 0.000000,
        "4" : 100.000000,
        "8" : 0.000000,
        "16" : 0.000000,
        "32" : 0.000000,
        "64" : 0.000000,
        ">=64" : 0.000000
      },
      "iodepth_complete" : {
        "0" : 0.000000,
        "4" : 99.999196,
        "8" : 0.000000,
        "16" : 0.100000,
        "32" : 0.000000,
        "64" : 0.000000,
        ">=64" : 0.000000
      },
      "latency_ns" : {
        "2" : 0.000000,
        "4" : 0.000000,
        "10" : 0.000000,
        "20" : 0.000000,
        "50" : 0.000000,
        "100" : 0.000000,
        "250" : 0.000000,
        "500" : 0.000000,
        "750" : 0.000000,
        "1000" : 0.000000
      },
      "latency_us" : {
        "2" : 0.000000,
        "4" : 0.000000,
        "10" : 0.000000,
        "20" : 0.000000,
        "50" : 0.000000,
        "100" : 0.000000,
        "250" : 0.000000,
        "500" : 0.010000,
        "750" : 0.010000,
        "1000" : 0.010000
      },
      "latency_ms" : {
        "2" : 0.012056,
        "4" : 11.672989,
        "10" : 2.987366,
        "20" : 84.296438,
        "50" : 0.728155,
        "100" : 0.212178,
        "250" : 0.057063,
        "500" : 0.013663,
        "750" : 0.014467,
        "1000" : 0.000000,
        "2000" : 0.000000,
        ">=2000" : 0.000000
      },
      "latency_depth" : 16,
      "latency_target" : 0,
      "latency_percentile" : 100.000000,
      "latency_window" : 0
    }
  ],
  "disk_util" : [
    {
      "name" : "nvme0n1",
      "read_ios" : 0,
      "write_ios" : 124319,
      "read_merges" : 0,
      "write_merges" : 17,
      "read_ticks" : 0,
      "write_ticks" : 1435617,
      "in_queue" : 1164972,
      "util" : 96.720546
    }
  ]
}
