{
  "fio version" : "fio-3.16",
  "timestamp" : 1601064421,
  "timestamp_ms" : 1601064421913,
  "time" : "Fri Sep 25 16:07:01 2020",
  "global options" : {
    "unified_rw_reporting" : "1",
    "time_based" : "1",
    "runtime" : "90",
    "directory" : "/media/auto/work/tmp",
    "filename" : "testfile.dat",
    "filesize" : "20GiB",
    "direct" : "1",
    "ioengine" : "libaio"
  },
  "jobs" : [
    {
      "jobname" : "jobname",
      "groupid" : 0,
      "error" : 0,
      "eta" : 0,
      "elapsed" : 91,
      "job options" : {
        "name" : "jobname",
        "iodepth" : "12",
        "bs" : "4k",
        "rw" : "read"
      },
      "mixed" : {
        "io_bytes" : 128102141952,
        "io_kbytes" : 125099748,
        "bw_bytes" : 1423341317,
        "bw" : 1389981,
        "iops" : 347495.438940,
        "runtime" : 90001,
        "total_ios" : 31274937,
        "short_ios" : 0,
        "drop_ios" : 0,
        "slat_ns" : {
          "min" : 1243,
          "max" : 205977,
          "mean" : 1905.275564,
          "stddev" : 728.849064
        },
        "clat_ns" : {
          "min" : 6392,
          "max" : 403598,
          "mean" : 32101.844553,
          "stddev" : 5475.737201,
          "percentile" : {
            "1.000000" : 29056,
            "5.000000" : 29824,
            "10.000000" : 29824,
            "20.000000" : 30080,
            "30.000000" : 30336,
            "40.000000" : 31104,
            "50.000000" : 31360,
            "60.000000" : 32128,
            "70.000000" : 32640,
            "80.000000" : 33536,
            "90.000000" : 34048,
            "95.000000" : 35584,
            "99.000000" : 41728,
            "99.500000" : 44288,
            "99.900000" : 85504,
            "99.950000" : 160768,
            "99.990000" : 259072
          }
        },
        "lat_ns" : {
          "min" : 8936,
          "max" : 405050,
          "mean" : 34106.465165,
          "stddev" : 5514.174450
        },
        "bw_min" : 1327136,
        "bw_max" : 1410016,
        "bw_agg" : 99.989852,
        "bw_mean" : 1389839.938547,
        "bw_dev" : 10681.892418,
        "bw_samples" : 179,
        "iops_min" : 331784,
        "iops_max" : 352504,
        "iops_mean" : 347460.000000,
        "iops_stddev" : 2670.468044,
        "iops_samples" : 179
      },
      "job_runtime" : 90000,
      "usr_cpu" : 32.286667,
      "sys_cpu" : 67.217778,
      "ctx" : 17054,
      "majf" : 0,
      "minf" : 24,
      "iodepth_level" : {
        "1" : 0.100000,
        "2" : 0.100000,
        "4" : 0.100000,
        "8" : 99.999843,
        "16" : 0.000000,
        "32" : 0.000000,
        ">=64" : 0.000000
      },
      "iodepth_submit" : {
        "0" : 0.000000,
        "4" : 100.000000,
        "8" : 0.000000,
        "16" : 0.000000,
        "32" : 0.000000,
        "64" : 0.000000,
        ">=64" : 0.000000
      },
      "iodepth_complete" : {
        "0" : 0.000000,
        "4" : 99.999978,
        "8" : 0.000000,
        "16" : 0.100000,
        "32" : 0.000000,
        "64" : 0.000000,
        ">=64" : 0.000000
      },
      "latency_ns" : {
        "2" : 0.000000,
        "4" : 0.000000,
        "10" : 0.000000,
        "20" : 0.000000,
        "50" : 0.000000,
        "100" : 0.000000,
        "250" : 0.000000,
        "500" : 0.000000,
        "750" : 0.000000,
        "1000" : 0.000000
      },
      "latency_us" : {
        "2" : 0.000000,
        "4" : 0.000000,
        "10" : 0.010000,
        "20" : 0.010000,
        "50" : 99.699833,
        "100" : 0.206958,
        "250" : 0.072102,
        "500" : 0.014638,
        "750" : 0.000000,
        "1000" : 0.000000
      },
      "latency_ms" : {
        "2" : 0.000000,
        "4" : 0.000000,
        "10" : 0.000000,
        "20" : 0.000000,
        "50" : 0.000000,
        "100" : 0.000000,
        "250" : 0.000000,
        "500" : 0.000000,
        "750" : 0.000000,
        "1000" : 0.000000,
        "2000" : 0.000000,
        ">=2000" : 0.000000
      },
      "latency_depth" : 12,
      "latency_target" : 0,
      "latency_percentile" : 100.000000,
      "latency_window" : 0
    }
  ],
  "disk_util" : [
    {
      "name" : "nvme0n1",
      "read_ios" : 31239728,
      "write_ios" : 0,
      "read_merges" : 0,
      "write_merges" : 0,
      "read_ticks" : 243498,
      "write_ticks" : 0,
      "in_queue" : 0,
      "util" : 99.977769
    }
  ]
}
