{
  "fio version" : "fio-3.16",
  "timestamp" : 1601061771,
  "timestamp_ms" : 1601061771013,
  "time" : "Fri Sep 25 15:22:51 2020",
  "global options" : {
    "unified_rw_reporting" : "1",
    "time_based" : "1",
    "runtime" : "90",
    "directory" : "/media/auto/work/tmp",
    "filename" : "testfile.dat",
    "filesize" : "20GiB",
    "direct" : "1",
    "ioengine" : "libaio"
  },
  "jobs" : [
    {
      "jobname" : "jobname",
      "groupid" : 0,
      "error" : 0,
      "eta" : 0,
      "elapsed" : 91,
      "job options" : {
        "name" : "jobname",
        "iodepth" : "6",
        "bs" : "256k",
        "rw" : "randread"
      },
      "mixed" : {
        "io_bytes" : 106702307328,
        "io_kbytes" : 104201472,
        "bw_bytes" : 1185554846,
        "bw" : 1157768,
        "iops" : 4522.532833,
        "runtime" : 90002,
        "total_ios" : 407037,
        "short_ios" : 0,
        "drop_ios" : 0,
        "slat_ns" : {
          "min" : 6733,
          "max" : 549922,
          "mean" : 13488.531915,
          "stddev" : 2005.877822
        },
        "clat_ns" : {
          "min" : 205706,
          "max" : 3544331,
          "mean" : 1312401.927473,
          "stddev" : 255828.894458,
          "percentile" : {
            "1.000000" : 493568,
            "5.000000" : 929792,
            "10.000000" : 1019904,
            "20.000000" : 1122304,
            "30.000000" : 1187840,
            "40.000000" : 1253376,
            "50.000000" : 1302528,
            "60.000000" : 1368064,
            "70.000000" : 1433600,
            "80.000000" : 1515520,
            "90.000000" : 1630208,
            "95.000000" : 1728512,
            "99.000000" : 1941504,
            "99.500000" : 2023424,
            "99.900000" : 2244608,
            "99.950000" : 2375680,
            "99.990000" : 2703360
          }
        },
        "lat_ns" : {
          "min" : 215906,
          "max" : 3557706,
          "mean" : 1326017.647032,
          "stddev" : 255785.515965
        },
        "bw_min" : 1052160,
        "bw_max" : 1558016,
        "bw_agg" : 99.991079,
        "bw_mean" : 1157664.716667,
        "bw_dev" : 48698.408166,
        "bw_samples" : 180,
        "iops_min" : 4110,
        "iops_max" : 6086,
        "iops_mean" : 4522.100000,
        "iops_stddev" : 190.228768,
        "iops_samples" : 180
      },
      "job_runtime" : 90001,
      "usr_cpu" : 0.779991,
      "sys_cpu" : 6.875479,
      "ctx" : 388753,
      "majf" : 0,
      "minf" : 393,
      "iodepth_level" : {
        "1" : 0.100000,
        "2" : 0.100000,
        "4" : 99.999263,
        "8" : 0.000000,
        "16" : 0.000000,
        "32" : 0.000000,
        ">=64" : 0.000000
      },
      "iodepth_submit" : {
        "0" : 0.000000,
        "4" : 100.000000,
        "8" : 0.000000,
        "16" : 0.000000,
        "32" : 0.000000,
        "64" : 0.000000,
        ">=64" : 0.000000
      },
      "iodepth_complete" : {
        "0" : 0.000000,
        "4" : 99.999754,
        "8" : 0.100000,
        "16" : 0.000000,
        "32" : 0.000000,
        "64" : 0.000000,
        ">=64" : 0.000000
      },
      "latency_ns" : {
        "2" : 0.000000,
        "4" : 0.000000,
        "10" : 0.000000,
        "20" : 0.000000,
        "50" : 0.000000,
        "100" : 0.000000,
        "250" : 0.000000,
        "500" : 0.000000,
        "750" : 0.000000,
        "1000" : 0.000000
      },
      "latency_us" : {
        "2" : 0.000000,
        "4" : 0.000000,
        "10" : 0.000000,
        "20" : 0.000000,
        "50" : 0.000000,
        "100" : 0.000000,
        "250" : 0.010000,
        "500" : 1.008508,
        "750" : 0.587662,
        "1000" : 6.864978
      },
      "latency_ms" : {
        "2" : 90.916796,
        "4" : 0.619108,
        "10" : 0.000000,
        "20" : 0.000000,
        "50" : 0.000000,
        "100" : 0.000000,
        "250" : 0.000000,
        "500" : 0.000000,
        "750" : 0.000000,
        "1000" : 0.000000,
        "2000" : 0.000000,
        ">=2000" : 0.000000
      },
      "latency_depth" : 6,
      "latency_target" : 0,
      "latency_percentile" : 100.000000,
      "latency_window" : 0
    }
  ],
  "disk_util" : [
    {
      "name" : "nvme0n1",
      "read_ios" : 406584,
      "write_ios" : 0,
      "read_merges" : 0,
      "write_merges" : 0,
      "read_ticks" : 534890,
      "write_ticks" : 0,
      "in_queue" : 0,
      "util" : 99.937750
    }
  ]
}
