{
  "fio version" : "fio-3.16",
  "timestamp" : 1600570712,
  "timestamp_ms" : 1600570712225,
  "time" : "Sat Sep 19 22:58:32 2020",
  "global options" : {
    "unified_rw_reporting" : "1",
    "time_based" : "1",
    "runtime" : "90",
    "directory" : "/media/auto/work/tmp",
    "filename" : "testfile.dat",
    "filesize" : "20GiB",
    "direct" : "1",
    "ioengine" : "libaio"
  },
  "jobs" : [
    {
      "jobname" : "jobname",
      "groupid" : 0,
      "error" : 0,
      "eta" : 0,
      "elapsed" : 91,
      "job options" : {
        "name" : "jobname",
        "iodepth" : "1",
        "bs" : "4k",
        "rw" : "randwrite"
      },
      "mixed" : {
        "io_bytes" : 22735642624,
        "io_kbytes" : 22202776,
        "bw_bytes" : 252612637,
        "bw" : 246692,
        "iops" : 61673.007267,
        "runtime" : 90002,
        "total_ios" : 5550694,
        "short_ios" : 0,
        "drop_ios" : 0,
        "slat_ns" : {
          "min" : 1703,
          "max" : 178394,
          "mean" : 2639.573875,
          "stddev" : 378.110907
        },
        "clat_ns" : {
          "min" : 400,
          "max" : 99454636,
          "mean" : 13001.835074,
          "stddev" : 91379.015074,
          "percentile" : {
            "1.000000" : 10432,
            "5.000000" : 11072,
            "10.000000" : 11200,
            "20.000000" : 11328,
            "30.000000" : 11456,
            "40.000000" : 11456,
            "50.000000" : 11712,
            "60.000000" : 13504,
            "70.000000" : 14016,
            "80.000000" : 14144,
            "90.000000" : 14400,
            "95.000000" : 14656,
            "99.000000" : 15552,
            "99.500000" : 16768,
            "99.900000" : 24704,
            "99.950000" : 25472,
            "99.990000" : 288768
          }
        },
        "lat_ns" : {
          "min" : 10980,
          "max" : 99458333,
          "mean" : 15730.225006,
          "stddev" : 91383.978489
        },
        "bw_min" : 7343,
        "bw_max" : 277816,
        "bw_agg" : 99.999914,
        "bw_mean" : 246691.788889,
        "bw_dev" : 30414.363054,
        "bw_samples" : 180,
        "iops_min" : 1835,
        "iops_max" : 69454,
        "iops_mean" : 61672.961111,
        "iops_stddev" : 7603.592658,
        "iops_samples" : 180
      },
      "job_runtime" : 90001,
      "usr_cpu" : 8.062133,
      "sys_cpu" : 23.489739,
      "ctx" : 5550850,
      "majf" : 0,
      "minf" : 12,
      "iodepth_level" : {
        "1" : 100.000000,
        "2" : 0.000000,
        "4" : 0.000000,
        "8" : 0.000000,
        "16" : 0.000000,
        "32" : 0.000000,
        ">=64" : 0.000000
      },
      "iodepth_submit" : {
        "0" : 0.000000,
        "4" : 100.000000,
        "8" : 0.000000,
        "16" : 0.000000,
        "32" : 0.000000,
        "64" : 0.000000,
        ">=64" : 0.000000
      },
      "iodepth_complete" : {
        "0" : 0.000000,
        "4" : 100.000000,
        "8" : 0.000000,
        "16" : 0.000000,
        "32" : 0.000000,
        "64" : 0.000000,
        ">=64" : 0.000000
      },
      "latency_ns" : {
        "2" : 0.000000,
        "4" : 0.000000,
        "10" : 0.000000,
        "20" : 0.000000,
        "50" : 0.000000,
        "100" : 0.000000,
        "250" : 0.000000,
        "500" : 0.010000,
        "750" : 0.010000,
        "1000" : 0.000000
      },
      "latency_us" : {
        "2" : 0.010000,
        "4" : 0.010000,
        "10" : 0.049183,
        "20" : 99.575026,
        "50" : 0.359577,
        "100" : 0.010000,
        "250" : 0.010000,
        "500" : 0.010000,
        "750" : 0.010000,
        "1000" : 0.010000
      },
      "latency_ms" : {
        "2" : 0.010000,
        "4" : 0.010000,
        "10" : 0.010000,
        "20" : 0.010000,
        "50" : 0.010000,
        "100" : 0.010000,
        "250" : 0.000000,
        "500" : 0.000000,
        "750" : 0.000000,
        "1000" : 0.000000,
        "2000" : 0.000000,
        ">=2000" : 0.000000
      },
      "latency_depth" : 1,
      "latency_target" : 0,
      "latency_percentile" : 100.000000,
      "latency_window" : 0
    }
  ],
  "disk_util" : [
    {
      "name" : "nvme0n1",
      "read_ios" : 0,
      "write_ios" : 5544383,
      "read_merges" : 0,
      "write_merges" : 17,
      "read_ticks" : 0,
      "write_ticks" : 71817,
      "in_queue" : 1484,
      "util" : 98.833939
    }
  ]
}
