{
  "fio version" : "fio-3.16",
  "timestamp" : 1601062433,
  "timestamp_ms" : 1601062433738,
  "time" : "Fri Sep 25 15:33:53 2020",
  "global options" : {
    "unified_rw_reporting" : "1",
    "time_based" : "1",
    "runtime" : "90",
    "directory" : "/media/auto/work/tmp",
    "filename" : "testfile.dat",
    "filesize" : "20GiB",
    "direct" : "1",
    "ioengine" : "libaio"
  },
  "jobs" : [
    {
      "jobname" : "jobname",
      "groupid" : 0,
      "error" : 0,
      "eta" : 0,
      "elapsed" : 91,
      "job options" : {
        "name" : "jobname",
        "iodepth" : "28",
        "bs" : "256k",
        "rw" : "randread"
      },
      "mixed" : {
        "io_bytes" : 108241616896,
        "io_kbytes" : 105704704,
        "bw_bytes" : 1202591097,
        "bw" : 1174405,
        "iops" : 4587.520971,
        "runtime" : 90007,
        "total_ios" : 412909,
        "short_ios" : 0,
        "drop_ios" : 0,
        "slat_ns" : {
          "min" : 6542,
          "max" : 107301,
          "mean" : 12971.911579,
          "stddev" : 1900.173823
        },
        "clat_ns" : {
          "min" : 1480408,
          "max" : 12110247,
          "mean" : 6089605.285322,
          "stddev" : 541797.225568,
          "percentile" : {
            "1.000000" : 3686400,
            "5.000000" : 5537792,
            "10.000000" : 5668864,
            "20.000000" : 5799936,
            "30.000000" : 5931008,
            "40.000000" : 5996544,
            "50.000000" : 6127616,
            "60.000000" : 6193152,
            "70.000000" : 6324224,
            "80.000000" : 6455296,
            "90.000000" : 6586368,
            "95.000000" : 6782976,
            "99.000000" : 7110656,
            "99.500000" : 7307264,
            "99.900000" : 7897088,
            "99.950000" : 8224768,
            "99.990000" : 8847360
          }
        },
        "lat_ns" : {
          "min" : 1493994,
          "max" : 12122430,
          "mean" : 6102705.714109,
          "stddev" : 541785.438891
        },
        "bw_min" : 1073152,
        "bw_max" : 1581568,
        "bw_agg" : 99.992223,
        "bw_mean" : 1174313.672222,
        "bw_dev" : 46571.734836,
        "bw_samples" : 180,
        "iops_min" : 4192,
        "iops_max" : 6178,
        "iops_mean" : 4587.122222,
        "iops_stddev" : 181.931065,
        "iops_samples" : 180
      },
      "job_runtime" : 90006,
      "usr_cpu" : 0.621070,
      "sys_cpu" : 6.942870,
      "ctx" : 396835,
      "majf" : 0,
      "minf" : 1801,
      "iodepth_level" : {
        "1" : 0.100000,
        "2" : 0.100000,
        "4" : 0.100000,
        "8" : 0.100000,
        "16" : 99.996367,
        "32" : 0.000000,
        ">=64" : 0.000000
      },
      "iodepth_submit" : {
        "0" : 0.000000,
        "4" : 100.000000,
        "8" : 0.000000,
        "16" : 0.000000,
        "32" : 0.000000,
        "64" : 0.000000,
        ">=64" : 0.000000
      },
      "iodepth_complete" : {
        "0" : 0.000000,
        "4" : 99.999758,
        "8" : 0.000000,
        "16" : 0.000000,
        "32" : 0.100000,
        "64" : 0.000000,
        ">=64" : 0.000000
      },
      "latency_ns" : {
        "2" : 0.000000,
        "4" : 0.000000,
        "10" : 0.000000,
        "20" : 0.000000,
        "50" : 0.000000,
        "100" : 0.000000,
        "250" : 0.000000,
        "500" : 0.000000,
        "750" : 0.000000,
        "1000" : 0.000000
      },
      "latency_us" : {
        "2" : 0.000000,
        "4" : 0.000000,
        "10" : 0.000000,
        "20" : 0.000000,
        "50" : 0.000000,
        "100" : 0.000000,
        "250" : 0.000000,
        "500" : 0.000000,
        "750" : 0.000000,
        "1000" : 0.000000
      },
      "latency_ms" : {
        "2" : 0.256957,
        "4" : 1.022259,
        "10" : 98.718846,
        "20" : 0.010000,
        "50" : 0.000000,
        "100" : 0.000000,
        "250" : 0.000000,
        "500" : 0.000000,
        "750" : 0.000000,
        "1000" : 0.000000,
        "2000" : 0.000000,
        ">=2000" : 0.000000
      },
      "latency_depth" : 28,
      "latency_target" : 0,
      "latency_percentile" : 100.000000,
      "latency_window" : 0
    }
  ],
  "disk_util" : [
    {
      "name" : "nvme0n1",
      "read_ios" : 412427,
      "write_ios" : 0,
      "read_merges" : 0,
      "write_merges" : 0,
      "read_ticks" : 2512587,
      "write_ticks" : 0,
      "in_queue" : 1629948,
      "util" : 99.939972
    }
  ]
}
