{
  "fio version" : "fio-3.16",
  "timestamp" : 1601065195,
  "timestamp_ms" : 1601065195048,
  "time" : "Fri Sep 25 16:19:55 2020",
  "global options" : {
    "unified_rw_reporting" : "1",
    "time_based" : "1",
    "runtime" : "90",
    "directory" : "/media/auto/work/tmp",
    "filename" : "testfile.dat",
    "filesize" : "20GiB",
    "direct" : "1",
    "ioengine" : "libaio"
  },
  "jobs" : [
    {
      "jobname" : "jobname",
      "groupid" : 0,
      "error" : 0,
      "eta" : 0,
      "elapsed" : 91,
      "job options" : {
        "name" : "jobname",
        "iodepth" : "2",
        "bs" : "8k",
        "rw" : "read"
      },
      "mixed" : {
        "io_bytes" : 87800242176,
        "io_kbytes" : 85742424,
        "bw_bytes" : 975547406,
        "bw" : 952683,
        "iops" : 119085.376829,
        "runtime" : 90001,
        "total_ios" : 10717803,
        "short_ios" : 0,
        "drop_ios" : 0,
        "slat_ns" : {
          "min" : 1492,
          "max" : 40365,
          "mean" : 2458.712529,
          "stddev" : 350.773067
        },
        "clat_ns" : {
          "min" : 3156,
          "max" : 876004,
          "mean" : 13884.494085,
          "stddev" : 4051.248181,
          "percentile" : {
            "1.000000" : 11840,
            "5.000000" : 12864,
            "10.000000" : 12992,
            "20.000000" : 12992,
            "30.000000" : 13120,
            "40.000000" : 13248,
            "50.000000" : 13248,
            "60.000000" : 13376,
            "70.000000" : 13504,
            "80.000000" : 14272,
            "90.000000" : 15168,
            "95.000000" : 16320,
            "99.000000" : 20608,
            "99.500000" : 24192,
            "99.900000" : 84480,
            "99.950000" : 92672,
            "99.990000" : 156672
          }
        },
        "lat_ns" : {
          "min" : 10089,
          "max" : 880302,
          "mean" : 16430.354455,
          "stddev" : 4084.431656
        },
        "bw_min" : 938048,
        "bw_max" : 973232,
        "bw_agg" : 99.998844,
        "bw_mean" : 952671.983240,
        "bw_dev" : 4765.073531,
        "bw_samples" : 179,
        "iops_min" : 117256,
        "iops_max" : 121654,
        "iops_mean" : 119083.994413,
        "iops_stddev" : 595.649466,
        "iops_samples" : 179
      },
      "job_runtime" : 90000,
      "usr_cpu" : 12.948889,
      "sys_cpu" : 43.027778,
      "ctx" : 5363659,
      "majf" : 0,
      "minf" : 16,
      "iodepth_level" : {
        "1" : 0.100000,
        "2" : 99.999953,
        "4" : 0.000000,
        "8" : 0.000000,
        "16" : 0.000000,
        "32" : 0.000000,
        ">=64" : 0.000000
      },
      "iodepth_submit" : {
        "0" : 0.000000,
        "4" : 100.000000,
        "8" : 0.000000,
        "16" : 0.000000,
        "32" : 0.000000,
        "64" : 0.000000,
        ">=64" : 0.000000
      },
      "iodepth_complete" : {
        "0" : 0.000000,
        "4" : 100.000000,
        "8" : 0.000000,
        "16" : 0.000000,
        "32" : 0.000000,
        "64" : 0.000000,
        ">=64" : 0.000000
      },
      "latency_ns" : {
        "2" : 0.000000,
        "4" : 0.000000,
        "10" : 0.000000,
        "20" : 0.000000,
        "50" : 0.000000,
        "100" : 0.000000,
        "250" : 0.000000,
        "500" : 0.000000,
        "750" : 0.000000,
        "1000" : 0.000000
      },
      "latency_us" : {
        "2" : 0.000000,
        "4" : 0.010000,
        "10" : 0.041949,
        "20" : 98.928362,
        "50" : 0.844427,
        "100" : 0.140150,
        "250" : 0.042163,
        "500" : 0.010000,
        "750" : 0.000000,
        "1000" : 0.010000
      },
      "latency_ms" : {
        "2" : 0.000000,
        "4" : 0.000000,
        "10" : 0.000000,
        "20" : 0.000000,
        "50" : 0.000000,
        "100" : 0.000000,
        "250" : 0.000000,
        "500" : 0.000000,
        "750" : 0.000000,
        "1000" : 0.000000,
        "2000" : 0.000000,
        ">=2000" : 0.000000
      },
      "latency_depth" : 2,
      "latency_target" : 0,
      "latency_percentile" : 100.000000,
      "latency_window" : 0
    }
  ],
  "disk_util" : [
    {
      "name" : "nvme0n1",
      "read_ios" : 10705932,
      "write_ios" : 0,
      "read_merges" : 0,
      "write_merges" : 0,
      "read_ticks" : 124491,
      "write_ticks" : 0,
      "in_queue" : 0,
      "util" : 99.943305
    }
  ]
}
