{
  "fio version" : "fio-3.16",
  "timestamp" : 1601058126,
  "timestamp_ms" : 1601058126157,
  "time" : "Fri Sep 25 14:22:06 2020",
  "global options" : {
    "unified_rw_reporting" : "1",
    "time_based" : "1",
    "runtime" : "90",
    "directory" : "/media/auto/work/tmp",
    "filename" : "testfile.dat",
    "filesize" : "20GiB",
    "direct" : "1",
    "ioengine" : "libaio"
  },
  "jobs" : [
    {
      "jobname" : "jobname",
      "groupid" : 0,
      "error" : 0,
      "eta" : 0,
      "elapsed" : 91,
      "job options" : {
        "name" : "jobname",
        "iodepth" : "6",
        "bs" : "8k",
        "rw" : "randread"
      },
      "mixed" : {
        "io_bytes" : 41550626816,
        "io_kbytes" : 40576784,
        "bw_bytes" : 461668501,
        "bw" : 450848,
        "iops" : 56356.018266,
        "runtime" : 90001,
        "total_ios" : 5072098,
        "short_ios" : 0,
        "drop_ios" : 0,
        "slat_ns" : {
          "min" : 1573,
          "max" : 282580,
          "mean" : 2808.168220,
          "stddev" : 814.755953
        },
        "clat_ns" : {
          "min" : 10189,
          "max" : 538601,
          "mean" : 103035.632941,
          "stddev" : 31219.981914,
          "percentile" : {
            "1.000000" : 67072,
            "5.000000" : 69120,
            "10.000000" : 70144,
            "20.000000" : 78336,
            "30.000000" : 83456,
            "40.000000" : 87552,
            "50.000000" : 92672,
            "60.000000" : 100864,
            "70.000000" : 113152,
            "80.000000" : 127488,
            "90.000000" : 144384,
            "95.000000" : 162816,
            "99.000000" : 205824,
            "99.500000" : 222208,
            "99.900000" : 264192,
            "99.950000" : 280576,
            "99.990000" : 321536
          }
        },
        "lat_ns" : {
          "min" : 12634,
          "max" : 543941,
          "mean" : 105940.445173,
          "stddev" : 31197.293423
        },
        "bw_min" : 437424,
        "bw_max" : 454960,
        "bw_agg" : 99.996485,
        "bw_mean" : 450832.150838,
        "bw_dev" : 1843.809812,
        "bw_samples" : 179,
        "iops_min" : 54678,
        "iops_max" : 56870,
        "iops_mean" : 56354.005587,
        "iops_stddev" : 230.473730,
        "iops_samples" : 179
      },
      "job_runtime" : 90000,
      "usr_cpu" : 7.387778,
      "sys_cpu" : 21.834444,
      "ctx" : 3749064,
      "majf" : 0,
      "minf" : 22,
      "iodepth_level" : {
        "1" : 0.100000,
        "2" : 0.100000,
        "4" : 99.999941,
        "8" : 0.000000,
        "16" : 0.000000,
        "32" : 0.000000,
        ">=64" : 0.000000
      },
      "iodepth_submit" : {
        "0" : 0.000000,
        "4" : 100.000000,
        "8" : 0.000000,
        "16" : 0.000000,
        "32" : 0.000000,
        "64" : 0.000000,
        ">=64" : 0.000000
      },
      "iodepth_complete" : {
        "0" : 0.000000,
        "4" : 99.999980,
        "8" : 0.100000,
        "16" : 0.000000,
        "32" : 0.000000,
        "64" : 0.000000,
        ">=64" : 0.000000
      },
      "latency_ns" : {
        "2" : 0.000000,
        "4" : 0.000000,
        "10" : 0.000000,
        "20" : 0.000000,
        "50" : 0.000000,
        "100" : 0.000000,
        "250" : 0.000000,
        "500" : 0.000000,
        "750" : 0.000000,
        "1000" : 0.000000
      },
      "latency_us" : {
        "2" : 0.000000,
        "4" : 0.000000,
        "10" : 0.000000,
        "20" : 0.010000,
        "50" : 0.010000,
        "100" : 59.373222,
        "250" : 40.460338,
        "500" : 0.165454,
        "750" : 0.010000,
        "1000" : 0.000000
      },
      "latency_ms" : {
        "2" : 0.000000,
        "4" : 0.000000,
        "10" : 0.000000,
        "20" : 0.000000,
        "50" : 0.000000,
        "100" : 0.000000,
        "250" : 0.000000,
        "500" : 0.000000,
        "750" : 0.000000,
        "1000" : 0.000000,
        "2000" : 0.000000,
        ">=2000" : 0.000000
      },
      "latency_depth" : 6,
      "latency_target" : 0,
      "latency_percentile" : 100.000000,
      "latency_window" : 0
    }
  ],
  "disk_util" : [
    {
      "name" : "nvme0n1",
      "read_ios" : 5066427,
      "write_ios" : 0,
      "read_merges" : 0,
      "write_merges" : 0,
      "read_ticks" : 517599,
      "write_ticks" : 0,
      "in_queue" : 0,
      "util" : 99.932196
    }
  ]
}
