{
  "fio version" : "fio-3.16",
  "timestamp" : 1601066630,
  "timestamp_ms" : 1601066630920,
  "time" : "Fri Sep 25 16:43:50 2020",
  "global options" : {
    "unified_rw_reporting" : "1",
    "time_based" : "1",
    "runtime" : "90",
    "directory" : "/media/auto/work/tmp",
    "filename" : "testfile.dat",
    "filesize" : "20GiB",
    "direct" : "1",
    "ioengine" : "libaio"
  },
  "jobs" : [
    {
      "jobname" : "jobname",
      "groupid" : 0,
      "error" : 0,
      "eta" : 0,
      "elapsed" : 91,
      "job options" : {
        "name" : "jobname",
        "iodepth" : "6",
        "bs" : "16k",
        "rw" : "read"
      },
      "mixed" : {
        "io_bytes" : 203948326912,
        "io_kbytes" : 199168288,
        "bw_bytes" : 2266067342,
        "bw" : 2212956,
        "iops" : 138309.774336,
        "runtime" : 90001,
        "total_ios" : 12448018,
        "short_ios" : 0,
        "drop_ios" : 0,
        "slat_ns" : {
          "min" : 1693,
          "max" : 256461,
          "mean" : 3711.224123,
          "stddev" : 1395.719928
        },
        "clat_ns" : {
          "min" : 5901,
          "max" : 683492,
          "mean" : 39123.791090,
          "stddev" : 32118.281730,
          "percentile" : {
            "1.000000" : 20608,
            "5.000000" : 22400,
            "10.000000" : 23424,
            "20.000000" : 23680,
            "30.000000" : 23936,
            "40.000000" : 24960,
            "50.000000" : 25472,
            "60.000000" : 28544,
            "70.000000" : 34048,
            "80.000000" : 40704,
            "90.000000" : 75264,
            "95.000000" : 115200,
            "99.000000" : 173056,
            "99.500000" : 191488,
            "99.900000" : 240640,
            "99.950000" : 264192,
            "99.990000" : 292864
          }
        },
        "lat_ns" : {
          "min" : 12614,
          "max" : 685426,
          "mean" : 42956.713242,
          "stddev" : 31952.249194
        },
        "bw_min" : 2194208,
        "bw_max" : 2226752,
        "bw_agg" : 99.999601,
        "bw_mean" : 2212947.173184,
        "bw_dev" : 5712.182938,
        "bw_samples" : 179,
        "iops_min" : 137138,
        "iops_max" : 139172,
        "iops_mean" : 138309.189944,
        "iops_stddev" : 357.008714,
        "iops_samples" : 179
      },
      "job_runtime" : 90000,
      "usr_cpu" : 14.392222,
      "sys_cpu" : 54.065556,
      "ctx" : 1836867,
      "majf" : 0,
      "minf" : 35,
      "iodepth_level" : {
        "1" : 0.100000,
        "2" : 0.100000,
        "4" : 99.999735,
        "8" : 0.000000,
        "16" : 0.000000,
        "32" : 0.000000,
        ">=64" : 0.000000
      },
      "iodepth_submit" : {
        "0" : 0.000000,
        "4" : 100.000000,
        "8" : 0.000000,
        "16" : 0.000000,
        "32" : 0.000000,
        "64" : 0.000000,
        ">=64" : 0.000000
      },
      "iodepth_complete" : {
        "0" : 0.000000,
        "4" : 99.999912,
        "8" : 0.100000,
        "16" : 0.000000,
        "32" : 0.000000,
        "64" : 0.000000,
        ">=64" : 0.000000
      },
      "latency_ns" : {
        "2" : 0.000000,
        "4" : 0.000000,
        "10" : 0.000000,
        "20" : 0.000000,
        "50" : 0.000000,
        "100" : 0.000000,
        "250" : 0.000000,
        "500" : 0.000000,
        "750" : 0.000000,
        "1000" : 0.000000
      },
      "latency_us" : {
        "2" : 0.000000,
        "4" : 0.000000,
        "10" : 0.010000,
        "20" : 0.837748,
        "50" : 83.074559,
        "100" : 9.676408,
        "250" : 6.331008,
        "500" : 0.080109,
        "750" : 0.010000,
        "1000" : 0.000000
      },
      "latency_ms" : {
        "2" : 0.000000,
        "4" : 0.000000,
        "10" : 0.000000,
        "20" : 0.000000,
        "50" : 0.000000,
        "100" : 0.000000,
        "250" : 0.000000,
        "500" : 0.000000,
        "750" : 0.000000,
        "1000" : 0.000000,
        "2000" : 0.000000,
        ">=2000" : 0.000000
      },
      "latency_depth" : 6,
      "latency_target" : 0,
      "latency_percentile" : 100.000000,
      "latency_window" : 0
    }
  ],
  "disk_util" : [
    {
      "name" : "nvme0n1",
      "read_ios" : 12434254,
      "write_ios" : 0,
      "read_merges" : 0,
      "write_merges" : 0,
      "read_ticks" : 425088,
      "write_ticks" : 0,
      "in_queue" : 0,
      "util" : 99.973321
    }
  ]
}
