{
  "fio version" : "fio-3.16",
  "timestamp" : 1601067624,
  "timestamp_ms" : 1601067624947,
  "time" : "Fri Sep 25 17:00:24 2020",
  "global options" : {
    "unified_rw_reporting" : "1",
    "time_based" : "1",
    "runtime" : "90",
    "directory" : "/media/auto/work/tmp",
    "filename" : "testfile.dat",
    "filesize" : "20GiB",
    "direct" : "1",
    "ioengine" : "libaio"
  },
  "jobs" : [
    {
      "jobname" : "jobname",
      "groupid" : 0,
      "error" : 0,
      "eta" : 0,
      "elapsed" : 91,
      "job options" : {
        "name" : "jobname",
        "iodepth" : "2",
        "bs" : "32k",
        "rw" : "read"
      },
      "mixed" : {
        "io_bytes" : 214928916480,
        "io_kbytes" : 209891520,
        "bw_bytes" : 2388072537,
        "bw" : 2332102,
        "iops" : 72878.190242,
        "runtime" : 90001,
        "total_ios" : 6559110,
        "short_ios" : 0,
        "drop_ios" : 0,
        "slat_ns" : {
          "min" : 1954,
          "max" : 55004,
          "mean" : 3469.135833,
          "stddev" : 1001.971638
        },
        "clat_ns" : {
          "min" : 4449,
          "max" : 584628,
          "mean" : 23460.358035,
          "stddev" : 13352.487790,
          "percentile" : {
            "1.000000" : 17024,
            "5.000000" : 17536,
            "10.000000" : 18048,
            "20.000000" : 18816,
            "30.000000" : 19072,
            "40.000000" : 19584,
            "50.000000" : 20352,
            "60.000000" : 21888,
            "70.000000" : 22656,
            "80.000000" : 23424,
            "90.000000" : 27520,
            "95.000000" : 38144,
            "99.000000" : 85504,
            "99.500000" : 142336,
            "99.900000" : 162816,
            "99.950000" : 171008,
            "99.990000" : 207872
          }
        },
        "lat_ns" : {
          "min" : 18215,
          "max" : 587683,
          "mean" : 27022.847177,
          "stddev" : 13324.622920
        },
        "bw_min" : 2294144,
        "bw_max" : 2362880,
        "bw_agg" : 99.991935,
        "bw_mean" : 2331913.916201,
        "bw_dev" : 16415.405547,
        "bw_samples" : 179,
        "iops_min" : 71692,
        "iops_max" : 73840,
        "iops_mean" : 72872.284916,
        "iops_stddev" : 512.997462,
        "iops_samples" : 179
      },
      "job_runtime" : 90000,
      "usr_cpu" : 8.180000,
      "sys_cpu" : 34.516667,
      "ctx" : 6157378,
      "majf" : 0,
      "minf" : 28,
      "iodepth_level" : {
        "1" : 0.100000,
        "2" : 99.999832,
        "4" : 0.000000,
        "8" : 0.000000,
        "16" : 0.000000,
        "32" : 0.000000,
        ">=64" : 0.000000
      },
      "iodepth_submit" : {
        "0" : 0.000000,
        "4" : 100.000000,
        "8" : 0.000000,
        "16" : 0.000000,
        "32" : 0.000000,
        "64" : 0.000000,
        ">=64" : 0.000000
      },
      "iodepth_complete" : {
        "0" : 0.000000,
        "4" : 100.000000,
        "8" : 0.000000,
        "16" : 0.000000,
        "32" : 0.000000,
        "64" : 0.000000,
        ">=64" : 0.000000
      },
      "latency_ns" : {
        "2" : 0.000000,
        "4" : 0.000000,
        "10" : 0.000000,
        "20" : 0.000000,
        "50" : 0.000000,
        "100" : 0.000000,
        "250" : 0.000000,
        "500" : 0.000000,
        "750" : 0.000000,
        "1000" : 0.000000
      },
      "latency_us" : {
        "2" : 0.000000,
        "4" : 0.000000,
        "10" : 0.010000,
        "20" : 47.155635,
        "50" : 50.215730,
        "100" : 1.821589,
        "250" : 0.802212,
        "500" : 0.010000,
        "750" : 0.010000,
        "1000" : 0.000000
      },
      "latency_ms" : {
        "2" : 0.000000,
        "4" : 0.000000,
        "10" : 0.000000,
        "20" : 0.000000,
        "50" : 0.000000,
        "100" : 0.000000,
        "250" : 0.000000,
        "500" : 0.000000,
        "750" : 0.000000,
        "1000" : 0.000000,
        "2000" : 0.000000,
        ">=2000" : 0.000000
      },
      "latency_depth" : 2,
      "latency_target" : 0,
      "latency_percentile" : 100.000000,
      "latency_window" : 0
    }
  ],
  "disk_util" : [
    {
      "name" : "nvme0n1",
      "read_ios" : 6551926,
      "write_ios" : 0,
      "read_merges" : 0,
      "write_merges" : 0,
      "read_ticks" : 155530,
      "write_ticks" : 0,
      "in_queue" : 0,
      "util" : 99.951087
    }
  ]
}
