{
  "fio version" : "fio-3.16",
  "timestamp" : 1601070938,
  "timestamp_ms" : 1601070938519,
  "time" : "Fri Sep 25 17:55:38 2020",
  "global options" : {
    "unified_rw_reporting" : "1",
    "time_based" : "1",
    "runtime" : "90",
    "directory" : "/media/auto/work/tmp",
    "filename" : "testfile.dat",
    "filesize" : "20GiB",
    "direct" : "1",
    "ioengine" : "libaio"
  },
  "jobs" : [
    {
      "jobname" : "jobname",
      "groupid" : 0,
      "error" : 0,
      "eta" : 0,
      "elapsed" : 91,
      "job options" : {
        "name" : "jobname",
        "iodepth" : "28",
        "bs" : "512k",
        "rw" : "read"
      },
      "mixed" : {
        "io_bytes" : 326057328640,
        "io_kbytes" : 318415360,
        "bw_bytes" : 3622698198,
        "bw" : 3537791,
        "iops" : 6909.748456,
        "runtime" : 90004,
        "total_ios" : 621905,
        "short_ios" : 0,
        "drop_ios" : 0,
        "slat_ns" : {
          "min" : 10229,
          "max" : 291968,
          "mean" : 19821.866396,
          "stddev" : 2431.536283
        },
        "clat_ns" : {
          "min" : 445516,
          "max" : 7935773,
          "mean" : 4031312.055653,
          "stddev" : 150205.917782,
          "percentile" : {
            "1.000000" : 3751936,
            "5.000000" : 3817472,
            "10.000000" : 3850240,
            "20.000000" : 3915776,
            "30.000000" : 3981312,
            "40.000000" : 4014080,
            "50.000000" : 4046848,
            "60.000000" : 4046848,
            "70.000000" : 4079616,
            "80.000000" : 4145152,
            "90.000000" : 4227072,
            "95.000000" : 4227072,
            "99.000000" : 4292608,
            "99.500000" : 4358144,
            "99.900000" : 4423680,
            "99.950000" : 5210112,
            "99.990000" : 7307264
          }
        },
        "lat_ns" : {
          "min" : 465774,
          "max" : 7955550,
          "mean" : 4051257.314464,
          "stddev" : 150090.424382
        },
        "bw_min" : 3529728,
        "bw_max" : 3542016,
        "bw_agg" : 99.993451,
        "bw_mean" : 3537559.300000,
        "bw_dev" : 3398.771901,
        "bw_samples" : 180,
        "iops_min" : 6894,
        "iops_max" : 6918,
        "iops_mean" : 6909.288889,
        "iops_stddev" : 6.647122,
        "iops_samples" : 180
      },
      "job_runtime" : 90004,
      "usr_cpu" : 0.953291,
      "sys_cpu" : 14.983778,
      "ctx" : 622112,
      "majf" : 0,
      "minf" : 3596,
      "iodepth_level" : {
        "1" : 0.100000,
        "2" : 0.100000,
        "4" : 0.100000,
        "8" : 0.100000,
        "16" : 99.958997,
        "32" : 0.000000,
        ">=64" : 0.000000
      },
      "iodepth_submit" : {
        "0" : 0.000000,
        "4" : 100.000000,
        "8" : 0.000000,
        "16" : 0.000000,
        "32" : 0.000000,
        "64" : 0.000000,
        ">=64" : 0.000000
      },
      "iodepth_complete" : {
        "0" : 0.000000,
        "4" : 99.997265,
        "8" : 0.000000,
        "16" : 0.000000,
        "32" : 0.100000,
        "64" : 0.000000,
        ">=64" : 0.000000
      },
      "latency_ns" : {
        "2" : 0.000000,
        "4" : 0.000000,
        "10" : 0.000000,
        "20" : 0.000000,
        "50" : 0.000000,
        "100" : 0.000000,
        "250" : 0.000000,
        "500" : 0.000000,
        "750" : 0.000000,
        "1000" : 0.000000
      },
      "latency_us" : {
        "2" : 0.000000,
        "4" : 0.000000,
        "10" : 0.000000,
        "20" : 0.000000,
        "50" : 0.000000,
        "100" : 0.000000,
        "250" : 0.000000,
        "500" : 0.010000,
        "750" : 0.010000,
        "1000" : 0.010000
      },
      "latency_ms" : {
        "2" : 0.022672,
        "4" : 33.088816,
        "10" : 66.875487,
        "20" : 0.000000,
        "50" : 0.000000,
        "100" : 0.000000,
        "250" : 0.000000,
        "500" : 0.000000,
        "750" : 0.000000,
        "1000" : 0.000000,
        "2000" : 0.000000,
        ">=2000" : 0.000000
      },
      "latency_depth" : 28,
      "latency_target" : 0,
      "latency_percentile" : 100.000000,
      "latency_window" : 0
    }
  ],
  "disk_util" : [
    {
      "name" : "nvme0n1",
      "read_ios" : 621184,
      "write_ios" : 0,
      "read_merges" : 0,
      "write_merges" : 0,
      "read_ticks" : 2506540,
      "write_ticks" : 0,
      "in_queue" : 1694648,
      "util" : 99.933304
    }
  ]
}
