{
  "fio version" : "fio-3.16",
  "timestamp" : 1601050240,
  "timestamp_ms" : 1601050240202,
  "time" : "Fri Sep 25 12:10:40 2020",
  "global options" : {
    "unified_rw_reporting" : "1",
    "time_based" : "1",
    "runtime" : "90",
    "directory" : "/media/auto/work/tmp",
    "filename" : "testfile.dat",
    "filesize" : "20GiB",
    "direct" : "1",
    "ioengine" : "libaio"
  },
  "jobs" : [
    {
      "jobname" : "jobname",
      "groupid" : 0,
      "error" : 0,
      "eta" : 0,
      "elapsed" : 91,
      "job options" : {
        "name" : "jobname",
        "iodepth" : "28",
        "bs" : "16k",
        "rw" : "randwrite"
      },
      "mixed" : {
        "io_bytes" : 66987409408,
        "io_kbytes" : 65417392,
        "bw_bytes" : 744296279,
        "bw" : 726851,
        "iops" : 45428.239686,
        "runtime" : 90001,
        "total_ios" : 4088587,
        "short_ios" : 0,
        "drop_ios" : 0,
        "slat_ns" : {
          "min" : 1923,
          "max" : 226645,
          "mean" : 3968.614631,
          "stddev" : 1421.760610
        },
        "clat_ns" : {
          "min" : 77275,
          "max" : 65247085,
          "mean" : 611757.120374,
          "stddev" : 773539.538812,
          "percentile" : {
            "1.000000" : 152576,
            "5.000000" : 173056,
            "10.000000" : 189440,
            "20.000000" : 226304,
            "30.000000" : 284672,
            "40.000000" : 366592,
            "50.000000" : 464896,
            "60.000000" : 585728,
            "70.000000" : 733184,
            "80.000000" : 921600,
            "90.000000" : 1236992,
            "95.000000" : 1499136,
            "99.000000" : 2007040,
            "99.500000" : 2211840,
            "99.900000" : 2965504,
            "99.950000" : 3981312,
            "99.990000" : 40108032
          }
        },
        "lat_ns" : {
          "min" : 79369,
          "max" : 65250361,
          "mean" : 615851.267162,
          "stddev" : 773524.529353
        },
        "bw_min" : 606719,
        "bw_max" : 2086368,
        "bw_agg" : 100.000000,
        "bw_mean" : 727084.910615,
        "bw_dev" : 281925.944343,
        "bw_samples" : 179,
        "iops_min" : 37919,
        "iops_max" : 130398,
        "iops_mean" : 45442.798883,
        "iops_stddev" : 17620.359445,
        "iops_samples" : 179
      },
      "job_runtime" : 90000,
      "usr_cpu" : 6.363333,
      "sys_cpu" : 20.912222,
      "ctx" : 2303999,
      "majf" : 0,
      "minf" : 11,
      "iodepth_level" : {
        "1" : 0.100000,
        "2" : 0.100000,
        "4" : 0.100000,
        "8" : 0.100000,
        "16" : 99.999633,
        "32" : 0.000000,
        ">=64" : 0.000000
      },
      "iodepth_submit" : {
        "0" : 0.000000,
        "4" : 100.000000,
        "8" : 0.000000,
        "16" : 0.000000,
        "32" : 0.000000,
        "64" : 0.000000,
        ">=64" : 0.000000
      },
      "iodepth_complete" : {
        "0" : 0.000000,
        "4" : 99.999976,
        "8" : 0.000000,
        "16" : 0.000000,
        "32" : 0.100000,
        "64" : 0.000000,
        ">=64" : 0.000000
      },
      "latency_ns" : {
        "2" : 0.000000,
        "4" : 0.000000,
        "10" : 0.000000,
        "20" : 0.000000,
        "50" : 0.000000,
        "100" : 0.000000,
        "250" : 0.000000,
        "500" : 0.000000,
        "750" : 0.000000,
        "1000" : 0.000000
      },
      "latency_us" : {
        "2" : 0.000000,
        "4" : 0.000000,
        "10" : 0.000000,
        "20" : 0.000000,
        "50" : 0.000000,
        "100" : 0.010000,
        "250" : 24.639980,
        "500" : 28.389661,
        "750" : 18.110487,
        "1000" : 11.842111
      },
      "latency_ms" : {
        "2" : 16.003157,
        "4" : 0.956027,
        "10" : 0.017390,
        "20" : 0.012596,
        "50" : 0.012058,
        "100" : 0.010000,
        "250" : 0.000000,
        "500" : 0.000000,
        "750" : 0.000000,
        "1000" : 0.000000,
        "2000" : 0.000000,
        ">=2000" : 0.000000
      },
      "latency_depth" : 28,
      "latency_target" : 0,
      "latency_percentile" : 100.000000,
      "latency_window" : 0
    }
  ],
  "disk_util" : [
    {
      "name" : "nvme0n1",
      "read_ios" : 0,
      "write_ios" : 4084366,
      "read_merges" : 0,
      "write_merges" : 17,
      "read_ticks" : 0,
      "write_ticks" : 2478614,
      "in_queue" : 43552,
      "util" : 98.494853
    }
  ]
}
