{
  "fio version" : "fio-3.16",
  "timestamp" : 1601069502,
  "timestamp_ms" : 1601069502642,
  "time" : "Fri Sep 25 17:31:42 2020",
  "global options" : {
    "unified_rw_reporting" : "1",
    "time_based" : "1",
    "runtime" : "90",
    "directory" : "/media/auto/work/tmp",
    "filename" : "testfile.dat",
    "filesize" : "20GiB",
    "direct" : "1",
    "ioengine" : "libaio"
  },
  "jobs" : [
    {
      "jobname" : "jobname",
      "groupid" : 0,
      "error" : 0,
      "eta" : 0,
      "elapsed" : 91,
      "job options" : {
        "name" : "jobname",
        "iodepth" : "20",
        "bs" : "256k",
        "rw" : "read"
      },
      "mixed" : {
        "io_bytes" : 325994938368,
        "io_kbytes" : 318354432,
        "bw_bytes" : 3622085491,
        "bw" : 3537192,
        "iops" : 13817.159619,
        "runtime" : 90002,
        "total_ios" : 1243572,
        "short_ios" : 0,
        "drop_ios" : 0,
        "slat_ns" : {
          "min" : 8746,
          "max" : 103985,
          "mean" : 10333.333074,
          "stddev" : 1799.485737
        },
        "clat_ns" : {
          "min" : 202059,
          "max" : 2872160,
          "mean" : 1436483.150951,
          "stddev" : 117418.150036,
          "percentile" : {
            "1.000000" : 1171456,
            "5.000000" : 1236992,
            "10.000000" : 1269760,
            "20.000000" : 1351680,
            "30.000000" : 1400832,
            "40.000000" : 1417216,
            "50.000000" : 1433600,
            "60.000000" : 1449984,
            "70.000000" : 1466368,
            "80.000000" : 1531904,
            "90.000000" : 1597440,
            "95.000000" : 1646592,
            "99.000000" : 1712128,
            "99.500000" : 1728512,
            "99.900000" : 1777664,
            "99.950000" : 1794048,
            "99.990000" : 2179072
          }
        },
        "lat_ns" : {
          "min" : 214613,
          "max" : 2881337,
          "mean" : 1446922.349710,
          "stddev" : 117371.423332
        },
        "bw_min" : 3526656,
        "bw_max" : 3540992,
        "bw_agg" : 99.992953,
        "bw_mean" : 3536942.744444,
        "bw_dev" : 3677.048437,
        "bw_samples" : 180,
        "iops_min" : 13776,
        "iops_max" : 13832,
        "iops_mean" : 13816.166667,
        "iops_stddev" : 14.390989,
        "iops_samples" : 180
      },
      "job_runtime" : 90001,
      "usr_cpu" : 1.504428,
      "sys_cpu" : 16.506483,
      "ctx" : 1238672,
      "majf" : 0,
      "minf" : 1291,
      "iodepth_level" : {
        "1" : 0.100000,
        "2" : 0.100000,
        "4" : 0.100000,
        "8" : 0.100000,
        "16" : 99.979495,
        "32" : 0.000000,
        ">=64" : 0.000000
      },
      "iodepth_submit" : {
        "0" : 0.000000,
        "4" : 100.000000,
        "8" : 0.000000,
        "16" : 0.000000,
        "32" : 0.000000,
        "64" : 0.000000,
        ">=64" : 0.000000
      },
      "iodepth_complete" : {
        "0" : 0.000000,
        "4" : 99.998633,
        "8" : 0.000000,
        "16" : 0.000000,
        "32" : 0.100000,
        "64" : 0.000000,
        ">=64" : 0.000000
      },
      "latency_ns" : {
        "2" : 0.000000,
        "4" : 0.000000,
        "10" : 0.000000,
        "20" : 0.000000,
        "50" : 0.000000,
        "100" : 0.000000,
        "250" : 0.000000,
        "500" : 0.000000,
        "750" : 0.000000,
        "1000" : 0.000000
      },
      "latency_us" : {
        "2" : 0.000000,
        "4" : 0.000000,
        "10" : 0.000000,
        "20" : 0.000000,
        "50" : 0.000000,
        "100" : 0.000000,
        "250" : 0.010000,
        "500" : 0.010000,
        "750" : 0.010000,
        "1000" : 0.010000
      },
      "latency_ms" : {
        "2" : 99.975715,
        "4" : 0.013349,
        "10" : 0.000000,
        "20" : 0.000000,
        "50" : 0.000000,
        "100" : 0.000000,
        "250" : 0.000000,
        "500" : 0.000000,
        "750" : 0.000000,
        "1000" : 0.000000,
        "2000" : 0.000000,
        ">=2000" : 0.000000
      },
      "latency_depth" : 20,
      "latency_target" : 0,
      "latency_percentile" : 100.000000,
      "latency_window" : 0
    }
  ],
  "disk_util" : [
    {
      "name" : "nvme0n1",
      "read_ios" : 1242172,
      "write_ios" : 0,
      "read_merges" : 0,
      "write_merges" : 0,
      "read_ticks" : 1787334,
      "write_ticks" : 0,
      "in_queue" : 0,
      "util" : 99.937750
    }
  ]
}
