{
  "fio version" : "fio-3.16",
  "timestamp" : 1601070607,
  "timestamp_ms" : 1601070607170,
  "time" : "Fri Sep 25 17:50:07 2020",
  "global options" : {
    "unified_rw_reporting" : "1",
    "time_based" : "1",
    "runtime" : "90",
    "directory" : "/media/auto/work/tmp",
    "filename" : "testfile.dat",
    "filesize" : "20GiB",
    "direct" : "1",
    "ioengine" : "libaio"
  },
  "jobs" : [
    {
      "jobname" : "jobname",
      "groupid" : 0,
      "error" : 0,
      "eta" : 0,
      "elapsed" : 91,
      "job options" : {
        "name" : "jobname",
        "iodepth" : "16",
        "bs" : "512k",
        "rw" : "read"
      },
      "mixed" : {
        "io_bytes" : 326050512896,
        "io_kbytes" : 318408704,
        "bw_bytes" : 3622662721,
        "bw" : 3537756,
        "iops" : 6909.680788,
        "runtime" : 90003,
        "total_ios" : 621892,
        "short_ios" : 0,
        "drop_ios" : 0,
        "slat_ns" : {
          "min" : 14657,
          "max" : 178485,
          "mean" : 19513.046601,
          "stddev" : 3150.447888
        },
        "clat_ns" : {
          "min" : 326793,
          "max" : 4435694,
          "mean" : 2295245.428996,
          "stddev" : 128242.785220,
          "percentile" : {
            "1.000000" : 2023424,
            "5.000000" : 2072576,
            "10.000000" : 2113536,
            "20.000000" : 2179072,
            "30.000000" : 2244608,
            "40.000000" : 2277376,
            "50.000000" : 2310144,
            "60.000000" : 2310144,
            "70.000000" : 2342912,
            "80.000000" : 2408448,
            "90.000000" : 2473984,
            "95.000000" : 2506752,
            "99.000000" : 2572288,
            "99.500000" : 2605056,
            "99.900000" : 2637824,
            "99.950000" : 2703360,
            "99.990000" : 3850240
          }
        },
        "lat_ns" : {
          "min" : 354225,
          "max" : 4451194,
          "mean" : 2314875.295987,
          "stddev" : 128136.099142
        },
        "bw_min" : 3527680,
        "bw_max" : 3542016,
        "bw_agg" : 99.996339,
        "bw_mean" : 3537626.477778,
        "bw_dev" : 3336.691174,
        "bw_samples" : 180,
        "iops_min" : 6890,
        "iops_max" : 6918,
        "iops_mean" : 6909.433333,
        "iops_stddev" : 6.530633,
        "iops_samples" : 180
      },
      "job_runtime" : 90002,
      "usr_cpu" : 0.857759,
      "sys_cpu" : 14.754117,
      "ctx" : 622124,
      "majf" : 0,
      "minf" : 2058,
      "iodepth_level" : {
        "1" : 0.100000,
        "2" : 0.100000,
        "4" : 0.100000,
        "8" : 0.100000,
        "16" : 99.958996,
        "32" : 0.000000,
        ">=64" : 0.000000
      },
      "iodepth_submit" : {
        "0" : 0.000000,
        "4" : 100.000000,
        "8" : 0.000000,
        "16" : 0.000000,
        "32" : 0.000000,
        "64" : 0.000000,
        ">=64" : 0.000000
      },
      "iodepth_complete" : {
        "0" : 0.000000,
        "4" : 99.997265,
        "8" : 0.000000,
        "16" : 0.100000,
        "32" : 0.000000,
        "64" : 0.000000,
        ">=64" : 0.000000
      },
      "latency_ns" : {
        "2" : 0.000000,
        "4" : 0.000000,
        "10" : 0.000000,
        "20" : 0.000000,
        "50" : 0.000000,
        "100" : 0.000000,
        "250" : 0.000000,
        "500" : 0.000000,
        "750" : 0.000000,
        "1000" : 0.000000
      },
      "latency_us" : {
        "2" : 0.000000,
        "4" : 0.000000,
        "10" : 0.000000,
        "20" : 0.000000,
        "50" : 0.000000,
        "100" : 0.000000,
        "250" : 0.000000,
        "500" : 0.010000,
        "750" : 0.010000,
        "1000" : 0.010000
      },
      "latency_ms" : {
        "2" : 0.551382,
        "4" : 99.426749,
        "10" : 0.010000,
        "20" : 0.000000,
        "50" : 0.000000,
        "100" : 0.000000,
        "250" : 0.000000,
        "500" : 0.000000,
        "750" : 0.000000,
        "1000" : 0.000000,
        "2000" : 0.000000,
        ">=2000" : 0.000000
      },
      "latency_depth" : 16,
      "latency_target" : 0,
      "latency_percentile" : 100.000000,
      "latency_window" : 0
    }
  ],
  "disk_util" : [
    {
      "name" : "nvme0n1",
      "read_ios" : 660028,
      "write_ios" : 0,
      "read_merges" : 0,
      "write_merges" : 0,
      "read_ticks" : 1514717,
      "write_ticks" : 0,
      "in_queue" : 0,
      "util" : 99.931082
    }
  ]
}
