{
  "fio version" : "fio-3.16",
  "timestamp" : 1600549362,
  "timestamp_ms" : 1600549362587,
  "time" : "Sat Sep 19 17:02:42 2020",
  "global options" : {
    "unified_rw_reporting" : "1",
    "time_based" : "1",
    "runtime" : "90",
    "directory" : "/media/auto/work/tmp",
    "filename" : "testfile.dat",
    "filesize" : "20GiB",
    "direct" : "1",
    "ioengine" : "libaio"
  },
  "jobs" : [
    {
      "jobname" : "jobname",
      "groupid" : 0,
      "error" : 0,
      "eta" : 0,
      "elapsed" : 91,
      "job options" : {
        "name" : "jobname",
        "iodepth" : "32",
        "bs" : "32k",
        "rw" : "write"
      },
      "mixed" : {
        "io_bytes" : 73474179072,
        "io_kbytes" : 71752128,
        "bw_bytes" : 816316276,
        "bw" : 797183,
        "iops" : 24911.995734,
        "runtime" : 90007,
        "total_ios" : 2242254,
        "short_ios" : 0,
        "drop_ios" : 0,
        "slat_ns" : {
          "min" : 2264,
          "max" : 63249,
          "mean" : 4324.030146,
          "stddev" : 929.854620
        },
        "clat_ns" : {
          "min" : 132789,
          "max" : 71567084,
          "mean" : 1279603.094950,
          "stddev" : 1178215.310823,
          "percentile" : {
            "1.000000" : 337920,
            "5.000000" : 362496,
            "10.000000" : 378880,
            "20.000000" : 436224,
            "30.000000" : 692224,
            "40.000000" : 1044480,
            "50.000000" : 1302528,
            "60.000000" : 1515520,
            "70.000000" : 1712128,
            "80.000000" : 1892352,
            "90.000000" : 2088960,
            "95.000000" : 2277376,
            "99.000000" : 3031040,
            "99.500000" : 3555328,
            "99.900000" : 4751360,
            "99.950000" : 16056320,
            "99.990000" : 58458112
          }
        },
        "lat_ns" : {
          "min" : 137037,
          "max" : 71570992,
          "mean" : 1284038.385143,
          "stddev" : 1178326.851475
        },
        "bw_min" : 611903,
        "bw_max" : 2474176,
        "bw_agg" : 100.000000,
        "bw_mean" : 797192.288889,
        "bw_dev" : 449754.333806,
        "bw_samples" : 180,
        "iops_min" : 19121,
        "iops_max" : 77318,
        "iops_mean" : 24912.244444,
        "iops_stddev" : 14054.825385,
        "iops_samples" : 180
      },
      "job_runtime" : 90006,
      "usr_cpu" : 3.651979,
      "sys_cpu" : 14.016843,
      "ctx" : 2168934,
      "majf" : 0,
      "minf" : 12,
      "iodepth_level" : {
        "1" : 0.100000,
        "2" : 0.100000,
        "4" : 0.100000,
        "8" : 0.100000,
        "16" : 0.100000,
        "32" : 99.994470,
        ">=64" : 0.000000
      },
      "iodepth_submit" : {
        "0" : 0.000000,
        "4" : 100.000000,
        "8" : 0.000000,
        "16" : 0.000000,
        "32" : 0.000000,
        "64" : 0.000000,
        ">=64" : 0.000000
      },
      "iodepth_complete" : {
        "0" : 0.000000,
        "4" : 99.999822,
        "8" : 0.000000,
        "16" : 0.000000,
        "32" : 0.100000,
        "64" : 0.000000,
        ">=64" : 0.000000
      },
      "latency_ns" : {
        "2" : 0.000000,
        "4" : 0.000000,
        "10" : 0.000000,
        "20" : 0.000000,
        "50" : 0.000000,
        "100" : 0.000000,
        "250" : 0.000000,
        "500" : 0.000000,
        "750" : 0.000000,
        "1000" : 0.000000
      },
      "latency_us" : {
        "2" : 0.000000,
        "4" : 0.000000,
        "10" : 0.000000,
        "20" : 0.000000,
        "50" : 0.000000,
        "100" : 0.000000,
        "250" : 0.010000,
        "500" : 24.855213,
        "750" : 6.578782,
        "1000" : 7.012051
      },
      "latency_ms" : {
        "2" : 47.521333,
        "4" : 13.768110,
        "10" : 0.204036,
        "20" : 0.015565,
        "50" : 0.023592,
        "100" : 0.018419,
        "250" : 0.000000,
        "500" : 0.000000,
        "750" : 0.000000,
        "1000" : 0.000000,
        "2000" : 0.000000,
        ">=2000" : 0.000000
      },
      "latency_depth" : 32,
      "latency_target" : 0,
      "latency_percentile" : 100.000000,
      "latency_window" : 0
    }
  ],
  "disk_util" : [
    {
      "name" : "nvme0n1",
      "read_ios" : 0,
      "write_ios" : 2240492,
      "read_merges" : 0,
      "write_merges" : 17,
      "read_ticks" : 0,
      "write_ticks" : 2867873,
      "in_queue" : 63100,
      "util" : 98.543765
    }
  ]
}
