{
  "fio version" : "fio-3.16",
  "timestamp" : 1600549623,
  "timestamp_ms" : 1600549623505,
  "time" : "Sat Sep 19 17:07:03 2020",
  "global options" : {
    "unified_rw_reporting" : "1",
    "time_based" : "1",
    "runtime" : "90",
    "directory" : "/media/auto/work/tmp",
    "filename" : "testfile.dat",
    "filesize" : "20GiB",
    "direct" : "1",
    "ioengine" : "libaio"
  },
  "jobs" : [
    {
      "jobname" : "jobname",
      "groupid" : 0,
      "error" : 0,
      "eta" : 0,
      "elapsed" : 91,
      "job options" : {
        "name" : "jobname",
        "iodepth" : "8",
        "bs" : "256k",
        "rw" : "write"
      },
      "mixed" : {
        "io_bytes" : 73420242944,
        "io_kbytes" : 71699456,
        "bw_bytes" : 815753285,
        "bw" : 796634,
        "iops" : 3111.851827,
        "runtime" : 90003,
        "total_ios" : 280076,
        "short_ios" : 0,
        "drop_ios" : 0,
        "slat_ns" : {
          "min" : 6813,
          "max" : 436910,
          "mean" : 13682.421318,
          "stddev" : 2388.947420
        },
        "clat_ns" : {
          "min" : 100629,
          "max" : 68639323,
          "mean" : 2556302.810898,
          "stddev" : 1785495.667803,
          "percentile" : {
            "1.000000" : 684032,
            "5.000000" : 741376,
            "10.000000" : 774144,
            "20.000000" : 888832,
            "30.000000" : 2310144,
            "40.000000" : 2572288,
            "50.000000" : 2768896,
            "60.000000" : 2932736,
            "70.000000" : 3129344,
            "80.000000" : 3391488,
            "90.000000" : 3751936,
            "95.000000" : 4046848,
            "99.000000" : 4816896,
            "99.500000" : 5799936,
            "99.900000" : 13697024,
            "99.950000" : 45350912,
            "99.990000" : 62652416
          }
        },
        "lat_ns" : {
          "min" : 120827,
          "max" : 68652738,
          "mean" : 2570114.088872,
          "stddev" : 1785638.548941
        },
        "bw_min" : 615935,
        "bw_max" : 2469376,
        "bw_agg" : 99.991588,
        "bw_mean" : 796566.988889,
        "bw_dev" : 449177.005752,
        "bw_samples" : 180,
        "iops_min" : 2405,
        "iops_max" : 9646,
        "iops_mean" : 3111.561111,
        "iops_stddev" : 1754.594057,
        "iops_samples" : 180
      },
      "job_runtime" : 90002,
      "usr_cpu" : 1.156641,
      "sys_cpu" : 4.243239,
      "ctx" : 280021,
      "majf" : 0,
      "minf" : 11,
      "iodepth_level" : {
        "1" : 0.100000,
        "2" : 0.100000,
        "4" : 0.100000,
        "8" : 99.990003,
        "16" : 0.000000,
        "32" : 0.000000,
        ">=64" : 0.000000
      },
      "iodepth_submit" : {
        "0" : 0.000000,
        "4" : 100.000000,
        "8" : 0.000000,
        "16" : 0.000000,
        "32" : 0.000000,
        "64" : 0.000000,
        ">=64" : 0.000000
      },
      "iodepth_complete" : {
        "0" : 0.000000,
        "4" : 99.998572,
        "8" : 0.100000,
        "16" : 0.000000,
        "32" : 0.000000,
        "64" : 0.000000,
        ">=64" : 0.000000
      },
      "latency_ns" : {
        "2" : 0.000000,
        "4" : 0.000000,
        "10" : 0.000000,
        "20" : 0.000000,
        "50" : 0.000000,
        "100" : 0.000000,
        "250" : 0.000000,
        "500" : 0.000000,
        "750" : 0.000000,
        "1000" : 0.000000
      },
      "latency_us" : {
        "2" : 0.000000,
        "4" : 0.000000,
        "10" : 0.000000,
        "20" : 0.000000,
        "50" : 0.000000,
        "100" : 0.000000,
        "250" : 0.013211,
        "500" : 0.019280,
        "750" : 6.742099,
        "1000" : 15.520073
      },
      "latency_ms" : {
        "2" : 3.803253,
        "4" : 68.410003,
        "10" : 5.368543,
        "20" : 0.036776,
        "50" : 0.045702,
        "100" : 0.041060,
        "250" : 0.000000,
        "500" : 0.000000,
        "750" : 0.000000,
        "1000" : 0.000000,
        "2000" : 0.000000,
        ">=2000" : 0.000000
      },
      "latency_depth" : 8,
      "latency_target" : 0,
      "latency_percentile" : 100.000000,
      "latency_window" : 0
    }
  ],
  "disk_util" : [
    {
      "name" : "nvme0n1",
      "read_ios" : 0,
      "write_ios" : 279835,
      "read_merges" : 0,
      "write_merges" : 17,
      "read_ticks" : 0,
      "write_ticks" : 717303,
      "in_queue" : 74176,
      "util" : 98.442589
    }
  ]
}
