{
  "fio version" : "fio-3.16",
  "timestamp" : 1601068398,
  "timestamp_ms" : 1601068398130,
  "time" : "Fri Sep 25 17:13:18 2020",
  "global options" : {
    "unified_rw_reporting" : "1",
    "time_based" : "1",
    "runtime" : "90",
    "directory" : "/media/auto/work/tmp",
    "filename" : "testfile.dat",
    "filesize" : "20GiB",
    "direct" : "1",
    "ioengine" : "libaio"
  },
  "jobs" : [
    {
      "jobname" : "jobname",
      "groupid" : 0,
      "error" : 0,
      "eta" : 0,
      "elapsed" : 91,
      "job options" : {
        "name" : "jobname",
        "iodepth" : "24",
        "bs" : "32k",
        "rw" : "read"
      },
      "mixed" : {
        "io_bytes" : 274229428224,
        "io_kbytes" : 267802176,
        "bw_bytes" : 3046959791,
        "bw" : 2975546,
        "iops" : 92985.833491,
        "runtime" : 90001,
        "total_ios" : 8368818,
        "short_ios" : 0,
        "drop_ios" : 0,
        "slat_ns" : {
          "min" : 1974,
          "max" : 273072,
          "mean" : 4065.447009,
          "stddev" : 1714.942776
        },
        "clat_ns" : {
          "min" : 71905,
          "max" : 882075,
          "mean" : 253478.074594,
          "stddev" : 79361.103825,
          "percentile" : {
            "1.000000" : 134144,
            "5.000000" : 154624,
            "10.000000" : 168960,
            "20.000000" : 185344,
            "30.000000" : 199680,
            "40.000000" : 214016,
            "50.000000" : 234496,
            "60.000000" : 264192,
            "70.000000" : 292864,
            "80.000000" : 317440,
            "90.000000" : 354304,
            "95.000000" : 391168,
            "99.000000" : 509952,
            "99.500000" : 552960,
            "99.900000" : 626688,
            "99.950000" : 651264,
            "99.990000" : 700416
          }
        },
        "lat_ns" : {
          "min" : 74279,
          "max" : 885261,
          "mean" : 257654.371902,
          "stddev" : 79203.163429
        },
        "bw_min" : 2952832,
        "bw_max" : 2999040,
        "bw_agg" : 99.989133,
        "bw_mean" : 2975222.648045,
        "bw_dev" : 8176.414880,
        "bw_samples" : 179,
        "iops_min" : 92276,
        "iops_max" : 93720,
        "iops_mean" : 92975.698324,
        "iops_stddev" : 255.515712,
        "iops_samples" : 179
      },
      "job_runtime" : 90000,
      "usr_cpu" : 10.913333,
      "sys_cpu" : 44.497778,
      "ctx" : 3664750,
      "majf" : 0,
      "minf" : 203,
      "iodepth_level" : {
        "1" : 0.100000,
        "2" : 0.100000,
        "4" : 0.100000,
        "8" : 0.100000,
        "16" : 99.997491,
        "32" : 0.000000,
        ">=64" : 0.000000
      },
      "iodepth_submit" : {
        "0" : 0.000000,
        "4" : 100.000000,
        "8" : 0.000000,
        "16" : 0.000000,
        "32" : 0.000000,
        "64" : 0.000000,
        ">=64" : 0.000000
      },
      "iodepth_complete" : {
        "0" : 0.000000,
        "4" : 99.999833,
        "8" : 0.000000,
        "16" : 0.000000,
        "32" : 0.100000,
        "64" : 0.000000,
        ">=64" : 0.000000
      },
      "latency_ns" : {
        "2" : 0.000000,
        "4" : 0.000000,
        "10" : 0.000000,
        "20" : 0.000000,
        "50" : 0.000000,
        "100" : 0.000000,
        "250" : 0.000000,
        "500" : 0.000000,
        "750" : 0.000000,
        "1000" : 0.000000
      },
      "latency_us" : {
        "2" : 0.000000,
        "4" : 0.000000,
        "10" : 0.000000,
        "20" : 0.000000,
        "50" : 0.000000,
        "100" : 0.010000,
        "250" : 55.170635,
        "500" : 43.662271,
        "750" : 1.163677,
        "1000" : 0.010000
      },
      "latency_ms" : {
        "2" : 0.000000,
        "4" : 0.000000,
        "10" : 0.000000,
        "20" : 0.000000,
        "50" : 0.000000,
        "100" : 0.000000,
        "250" : 0.000000,
        "500" : 0.000000,
        "750" : 0.000000,
        "1000" : 0.000000,
        "2000" : 0.000000,
        ">=2000" : 0.000000
      },
      "latency_depth" : 24,
      "latency_target" : 0,
      "latency_percentile" : 100.000000,
      "latency_window" : 0
    }
  ],
  "disk_util" : [
    {
      "name" : "nvme0n1",
      "read_ios" : 8359548,
      "write_ios" : 0,
      "read_merges" : 0,
      "write_merges" : 0,
      "read_ticks" : 2087579,
      "write_ticks" : 0,
      "in_queue" : 0,
      "util" : 99.942194
    }
  ]
}
