{
  "fio version" : "fio-3.16",
  "timestamp" : 1600547796,
  "timestamp_ms" : 1600547796445,
  "time" : "Sat Sep 19 16:36:36 2020",
  "global options" : {
    "unified_rw_reporting" : "1",
    "time_based" : "1",
    "runtime" : "90",
    "directory" : "/media/auto/work/tmp",
    "filename" : "testfile.dat",
    "filesize" : "20GiB",
    "direct" : "1",
    "ioengine" : "libaio"
  },
  "jobs" : [
    {
      "jobname" : "jobname",
      "groupid" : 0,
      "error" : 0,
      "eta" : 0,
      "elapsed" : 91,
      "job options" : {
        "name" : "jobname",
        "iodepth" : "32",
        "bs" : "4k",
        "rw" : "write"
      },
      "mixed" : {
        "io_bytes" : 69290377216,
        "io_kbytes" : 67666384,
        "bw_bytes" : 769884525,
        "bw" : 751840,
        "iops" : 187960.089332,
        "runtime" : 90001,
        "total_ios" : 16916596,
        "short_ios" : 0,
        "drop_ios" : 0,
        "slat_ns" : {
          "min" : 1453,
          "max" : 229991,
          "mean" : 2913.177540,
          "stddev" : 1245.839887
        },
        "clat_ns" : {
          "min" : 9729,
          "max" : 66480252,
          "mean" : 166858.177264,
          "stddev" : 371931.547540,
          "percentile" : {
            "1.000000" : 79360,
            "5.000000" : 91648,
            "10.000000" : 92672,
            "20.000000" : 97792,
            "30.000000" : 99840,
            "40.000000" : 107008,
            "50.000000" : 130560,
            "60.000000" : 138240,
            "70.000000" : 140288,
            "80.000000" : 158720,
            "90.000000" : 259072,
            "95.000000" : 428032,
            "99.000000" : 880640,
            "99.500000" : 1089536,
            "99.900000" : 1728512,
            "99.950000" : 1957888,
            "99.990000" : 3915776
          }
        },
        "lat_ns" : {
          "min" : 13426,
          "max" : 66482777,
          "mean" : 169868.301518,
          "stddev" : 371886.220647
        },
        "bw_min" : 614127,
        "bw_max" : 1291752,
        "bw_agg" : 100.000000,
        "bw_mean" : 752316.307263,
        "bw_dev" : 209922.708295,
        "bw_samples" : 179,
        "iops_min" : 153531,
        "iops_max" : 322938,
        "iops_mean" : 188079.134078,
        "iops_stddev" : 52480.650607,
        "iops_samples" : 179
      },
      "job_runtime" : 90000,
      "usr_cpu" : 16.758889,
      "sys_cpu" : 54.546667,
      "ctx" : 391175,
      "majf" : 0,
      "minf" : 11,
      "iodepth_level" : {
        "1" : 0.100000,
        "2" : 0.100000,
        "4" : 0.100000,
        "8" : 0.100000,
        "16" : 0.100000,
        "32" : 99.999267,
        ">=64" : 0.000000
      },
      "iodepth_submit" : {
        "0" : 0.000000,
        "4" : 100.000000,
        "8" : 0.000000,
        "16" : 0.000000,
        "32" : 0.000000,
        "64" : 0.000000,
        ">=64" : 0.000000
      },
      "iodepth_complete" : {
        "0" : 0.000000,
        "4" : 99.999976,
        "8" : 0.000000,
        "16" : 0.000000,
        "32" : 0.100000,
        "64" : 0.000000,
        ">=64" : 0.000000
      },
      "latency_ns" : {
        "2" : 0.000000,
        "4" : 0.000000,
        "10" : 0.000000,
        "20" : 0.000000,
        "50" : 0.000000,
        "100" : 0.000000,
        "250" : 0.000000,
        "500" : 0.000000,
        "750" : 0.000000,
        "1000" : 0.000000
      },
      "latency_us" : {
        "2" : 0.000000,
        "4" : 0.000000,
        "10" : 0.010000,
        "20" : 0.010000,
        "50" : 0.010000,
        "100" : 31.432447,
        "250" : 58.157386,
        "500" : 6.576465,
        "750" : 2.299511,
        "1000" : 0.843657
      },
      "latency_ms" : {
        "2" : 0.647483,
        "4" : 0.033068,
        "10" : 0.010000,
        "20" : 0.010000,
        "50" : 0.010000,
        "100" : 0.010000,
        "250" : 0.000000,
        "500" : 0.000000,
        "750" : 0.000000,
        "1000" : 0.000000,
        "2000" : 0.000000,
        ">=2000" : 0.000000
      },
      "latency_depth" : 32,
      "latency_target" : 0,
      "latency_percentile" : 100.000000,
      "latency_window" : 0
    }
  ],
  "disk_util" : [
    {
      "name" : "nvme0n1",
      "read_ios" : 0,
      "write_ios" : 16901047,
      "read_merges" : 0,
      "write_merges" : 17,
      "read_ticks" : 0,
      "write_ticks" : 1395867,
      "in_queue" : 41840,
      "util" : 98.727170
    }
  ]
}
