{
  "fio version" : "fio-3.16",
  "timestamp" : 1601057242,
  "timestamp_ms" : 1601057242617,
  "time" : "Fri Sep 25 14:07:22 2020",
  "global options" : {
    "unified_rw_reporting" : "1",
    "time_based" : "1",
    "runtime" : "90",
    "directory" : "/media/auto/work/tmp",
    "filename" : "testfile.dat",
    "filesize" : "20GiB",
    "direct" : "1",
    "ioengine" : "libaio"
  },
  "jobs" : [
    {
      "jobname" : "jobname",
      "groupid" : 0,
      "error" : 0,
      "eta" : 0,
      "elapsed" : 91,
      "job options" : {
        "name" : "jobname",
        "iodepth" : "16",
        "bs" : "4k",
        "rw" : "randread"
      },
      "mixed" : {
        "io_bytes" : 53557698560,
        "io_kbytes" : 52302440,
        "bw_bytes" : 595078927,
        "bw" : 581131,
        "iops" : 145282.941301,
        "runtime" : 90001,
        "total_ios" : 13075610,
        "short_ios" : 0,
        "drop_ios" : 0,
        "slat_ns" : {
          "min" : 1323,
          "max" : 361689,
          "mean" : 2562.963274,
          "stddev" : 1299.346999
        },
        "clat_ns" : {
          "min" : 22512,
          "max" : 671130,
          "mean" : 106986.059278,
          "stddev" : 40989.428443,
          "percentile" : {
            "1.000000" : 64256,
            "5.000000" : 67072,
            "10.000000" : 69120,
            "20.000000" : 75264,
            "30.000000" : 81408,
            "40.000000" : 86528,
            "50.000000" : 93696,
            "60.000000" : 102912,
            "70.000000" : 117248,
            "80.000000" : 134144,
            "90.000000" : 160768,
            "95.000000" : 187392,
            "99.000000" : 250880,
            "99.500000" : 276480,
            "99.900000" : 342016,
            "99.950000" : 366592,
            "99.990000" : 428032
          }
        },
        "lat_ns" : {
          "min" : 34625,
          "max" : 674205,
          "mean" : 109647.380825,
          "stddev" : 40996.263426
        },
        "bw_min" : 567688,
        "bw_max" : 586800,
        "bw_agg" : 99.994468,
        "bw_mean" : 581098.850000,
        "bw_dev" : 2132.193251,
        "bw_samples" : 180,
        "iops_min" : 141922,
        "iops_max" : 146700,
        "iops_mean" : 145274.700000,
        "iops_stddev" : 533.029792,
        "iops_samples" : 180
      },
      "job_runtime" : 90000,
      "usr_cpu" : 16.727778,
      "sys_cpu" : 45.015556,
      "ctx" : 4848339,
      "majf" : 0,
      "minf" : 26,
      "iodepth_level" : {
        "1" : 0.100000,
        "2" : 0.100000,
        "4" : 0.100000,
        "8" : 0.100000,
        "16" : 99.999885,
        "32" : 0.000000,
        ">=64" : 0.000000
      },
      "iodepth_submit" : {
        "0" : 0.000000,
        "4" : 100.000000,
        "8" : 0.000000,
        "16" : 0.000000,
        "32" : 0.000000,
        "64" : 0.000000,
        ">=64" : 0.000000
      },
      "iodepth_complete" : {
        "0" : 0.000000,
        "4" : 99.999992,
        "8" : 0.000000,
        "16" : 0.100000,
        "32" : 0.000000,
        "64" : 0.000000,
        ">=64" : 0.000000
      },
      "latency_ns" : {
        "2" : 0.000000,
        "4" : 0.000000,
        "10" : 0.000000,
        "20" : 0.000000,
        "50" : 0.000000,
        "100" : 0.000000,
        "250" : 0.000000,
        "500" : 0.000000,
        "750" : 0.000000,
        "1000" : 0.000000
      },
      "latency_us" : {
        "2" : 0.000000,
        "4" : 0.000000,
        "10" : 0.000000,
        "20" : 0.000000,
        "50" : 0.097250,
        "100" : 57.409130,
        "250" : 41.468819,
        "500" : 1.023386,
        "750" : 0.010000,
        "1000" : 0.000000
      },
      "latency_ms" : {
        "2" : 0.000000,
        "4" : 0.000000,
        "10" : 0.000000,
        "20" : 0.000000,
        "50" : 0.000000,
        "100" : 0.000000,
        "250" : 0.000000,
        "500" : 0.000000,
        "750" : 0.000000,
        "1000" : 0.000000,
        "2000" : 0.000000,
        ">=2000" : 0.000000
      },
      "latency_depth" : 16,
      "latency_target" : 0,
      "latency_percentile" : 100.000000,
      "latency_window" : 0
    }
  ],
  "disk_util" : [
    {
      "name" : "nvme0n1",
      "read_ios" : 13060982,
      "write_ios" : 0,
      "read_merges" : 0,
      "write_merges" : 0,
      "read_ticks" : 1353383,
      "write_ticks" : 0,
      "in_queue" : 0,
      "util" : 99.949983
    }
  ]
}
