{
  "fio version" : "fio-3.16",
  "timestamp" : 1601050501,
  "timestamp_ms" : 1601050501134,
  "time" : "Fri Sep 25 12:15:01 2020",
  "global options" : {
    "unified_rw_reporting" : "1",
    "time_based" : "1",
    "runtime" : "90",
    "directory" : "/media/auto/work/tmp",
    "filename" : "testfile.dat",
    "filesize" : "20GiB",
    "direct" : "1",
    "ioengine" : "libaio"
  },
  "jobs" : [
    {
      "jobname" : "jobname",
      "groupid" : 0,
      "error" : 0,
      "eta" : 0,
      "elapsed" : 91,
      "job options" : {
        "name" : "jobname",
        "iodepth" : "12",
        "bs" : "32k",
        "rw" : "randwrite"
      },
      "mixed" : {
        "io_bytes" : 64514228224,
        "io_kbytes" : 63002176,
        "bw_bytes" : 716816793,
        "bw" : 700016,
        "iops" : 21875.512494,
        "runtime" : 90001,
        "total_ios" : 1968818,
        "short_ios" : 0,
        "drop_ios" : 0,
        "slat_ns" : {
          "min" : 2464,
          "max" : 101571,
          "mean" : 4725.181494,
          "stddev" : 1068.662639
        },
        "clat_ns" : {
          "min" : 54071,
          "max" : 89338326,
          "mean" : 543127.157040,
          "stddev" : 895137.503229,
          "percentile" : {
            "1.000000" : 117248,
            "5.000000" : 134144,
            "10.000000" : 144384,
            "20.000000" : 185344,
            "30.000000" : 238592,
            "40.000000" : 305152,
            "50.000000" : 387072,
            "60.000000" : 497664,
            "70.000000" : 626688,
            "80.000000" : 806912,
            "90.000000" : 1122304,
            "95.000000" : 1433600,
            "99.000000" : 1990656,
            "99.500000" : 2211840,
            "99.900000" : 3260416,
            "99.950000" : 4882432,
            "99.990000" : 49545216
          }
        },
        "lat_ns" : {
          "min" : 59551,
          "max" : 89345460,
          "mean" : 547985.924518,
          "stddev" : 895236.000268
        },
        "bw_min" : 7423,
        "bw_max" : 2174080,
        "bw_agg" : 99.998484,
        "bw_mean" : 700005.388889,
        "bw_dev" : 292985.608608,
        "bw_samples" : 180,
        "iops_min" : 231,
        "iops_max" : 67940,
        "iops_mean" : 21875.161111,
        "iops_stddev" : 9155.825208,
        "iops_samples" : 180
      },
      "job_runtime" : 90000,
      "usr_cpu" : 3.536667,
      "sys_cpu" : 13.285556,
      "ctx" : 1865322,
      "majf" : 0,
      "minf" : 11,
      "iodepth_level" : {
        "1" : 0.100000,
        "2" : 0.100000,
        "4" : 0.100000,
        "8" : 99.999644,
        "16" : 0.000000,
        "32" : 0.000000,
        ">=64" : 0.000000
      },
      "iodepth_submit" : {
        "0" : 0.000000,
        "4" : 100.000000,
        "8" : 0.000000,
        "16" : 0.000000,
        "32" : 0.000000,
        "64" : 0.000000,
        ">=64" : 0.000000
      },
      "iodepth_complete" : {
        "0" : 0.000000,
        "4" : 99.999949,
        "8" : 0.000000,
        "16" : 0.100000,
        "32" : 0.000000,
        "64" : 0.000000,
        ">=64" : 0.000000
      },
      "latency_ns" : {
        "2" : 0.000000,
        "4" : 0.000000,
        "10" : 0.000000,
        "20" : 0.000000,
        "50" : 0.000000,
        "100" : 0.000000,
        "250" : 0.000000,
        "500" : 0.000000,
        "750" : 0.000000,
        "1000" : 0.000000
      },
      "latency_us" : {
        "2" : 0.000000,
        "4" : 0.000000,
        "10" : 0.000000,
        "20" : 0.000000,
        "50" : 0.000000,
        "100" : 0.018183,
        "250" : 31.859065,
        "500" : 28.429189,
        "750" : 17.227748,
        "1000" : 9.501183
      },
      "latency_ms" : {
        "2" : 11.989732,
        "4" : 0.907905,
        "10" : 0.029053,
        "20" : 0.010000,
        "50" : 0.020672,
        "100" : 0.010000,
        "250" : 0.000000,
        "500" : 0.000000,
        "750" : 0.000000,
        "1000" : 0.000000,
        "2000" : 0.000000,
        ">=2000" : 0.000000
      },
      "latency_depth" : 12,
      "latency_target" : 0,
      "latency_percentile" : 100.000000,
      "latency_window" : 0
    }
  ],
  "disk_util" : [
    {
      "name" : "nvme0n1",
      "read_ios" : 0,
      "write_ios" : 1966710,
      "read_merges" : 0,
      "write_merges" : 17,
      "read_ticks" : 0,
      "write_ticks" : 1070126,
      "in_queue" : 29908,
      "util" : 98.071429
    }
  ]
}
