{
  "fio version" : "fio-3.16",
  "timestamp" : 1601047239,
  "timestamp_ms" : 1601047239715,
  "time" : "Fri Sep 25 11:20:39 2020",
  "global options" : {
    "unified_rw_reporting" : "1",
    "time_based" : "1",
    "runtime" : "90",
    "directory" : "/media/auto/work/tmp",
    "filename" : "testfile.dat",
    "filesize" : "20GiB",
    "direct" : "1",
    "ioengine" : "libaio"
  },
  "jobs" : [
    {
      "jobname" : "jobname",
      "groupid" : 0,
      "error" : 0,
      "eta" : 0,
      "elapsed" : 91,
      "job options" : {
        "name" : "jobname",
        "iodepth" : "12",
        "bs" : "256k",
        "rw" : "write"
      },
      "mixed" : {
        "io_bytes" : 73384853504,
        "io_kbytes" : 71664896,
        "bw_bytes" : 815341964,
        "bw" : 796232,
        "iops" : 3110.282762,
        "runtime" : 90005,
        "total_ios" : 279941,
        "short_ios" : 0,
        "drop_ios" : 0,
        "slat_ns" : {
          "min" : 6883,
          "max" : 1609080,
          "mean" : 14356.311780,
          "stddev" : 6185.216661
        },
        "clat_ns" : {
          "min" : 152497,
          "max" : 69979396,
          "mean" : 3842850.693175,
          "stddev" : 2332540.991184,
          "percentile" : {
            "1.000000" : 1056768,
            "5.000000" : 1122304,
            "10.000000" : 1171456,
            "20.000000" : 1335296,
            "30.000000" : 3784704,
            "40.000000" : 4227072,
            "50.000000" : 4358144,
            "60.000000" : 4489216,
            "70.000000" : 4620288,
            "80.000000" : 4751360,
            "90.000000" : 5144576,
            "95.000000" : 5603328,
            "99.000000" : 6914048,
            "99.500000" : 8585216,
            "99.900000" : 31850496,
            "99.950000" : 58982400,
            "99.990000" : 65798144
          }
        },
        "lat_ns" : {
          "min" : 176391,
          "max" : 69993122,
          "mean" : 3857350.564508,
          "stddev" : 2332912.884149
        },
        "bw_min" : 611839,
        "bw_max" : 2471424,
        "bw_agg" : 99.990660,
        "bw_mean" : 796157.633333,
        "bw_dev" : 447275.468274,
        "bw_samples" : 180,
        "iops_min" : 2389,
        "iops_max" : 9654,
        "iops_mean" : 3109.961111,
        "iops_stddev" : 1747.154384,
        "iops_samples" : 180
      },
      "job_runtime" : 90004,
      "usr_cpu" : 1.018844,
      "sys_cpu" : 4.717568,
      "ctx" : 279801,
      "majf" : 0,
      "minf" : 12,
      "iodepth_level" : {
        "1" : 0.100000,
        "2" : 0.100000,
        "4" : 0.100000,
        "8" : 99.989998,
        "16" : 0.000000,
        "32" : 0.000000,
        ">=64" : 0.000000
      },
      "iodepth_submit" : {
        "0" : 0.000000,
        "4" : 100.000000,
        "8" : 0.000000,
        "16" : 0.000000,
        "32" : 0.000000,
        "64" : 0.000000,
        ">=64" : 0.000000
      },
      "iodepth_complete" : {
        "0" : 0.000000,
        "4" : 99.998571,
        "8" : 0.000000,
        "16" : 0.100000,
        "32" : 0.000000,
        "64" : 0.000000,
        ">=64" : 0.000000
      },
      "latency_ns" : {
        "2" : 0.000000,
        "4" : 0.000000,
        "10" : 0.000000,
        "20" : 0.000000,
        "50" : 0.000000,
        "100" : 0.000000,
        "250" : 0.000000,
        "500" : 0.000000,
        "750" : 0.000000,
        "1000" : 0.000000
      },
      "latency_us" : {
        "2" : 0.000000,
        "4" : 0.000000,
        "10" : 0.000000,
        "20" : 0.000000,
        "50" : 0.000000,
        "100" : 0.000000,
        "250" : 0.010000,
        "500" : 0.010000,
        "750" : 0.015718,
        "1000" : 0.444022
      },
      "latency_ms" : {
        "2" : 23.218107,
        "4" : 9.658107,
        "10" : 66.385417,
        "20" : 0.092877,
        "50" : 0.110380,
        "100" : 0.064299,
        "250" : 0.000000,
        "500" : 0.000000,
        "750" : 0.000000,
        "1000" : 0.000000,
        "2000" : 0.000000,
        ">=2000" : 0.000000
      },
      "latency_depth" : 12,
      "latency_target" : 0,
      "latency_percentile" : 100.000000,
      "latency_window" : 0
    }
  ],
  "disk_util" : [
    {
      "name" : "nvme0n1",
      "read_ios" : 0,
      "write_ios" : 279720,
      "read_merges" : 0,
      "write_merges" : 17,
      "read_ticks" : 0,
      "write_ticks" : 1076650,
      "in_queue" : 770452,
      "util" : 98.329239
    }
  ]
}
