{
  "fio version" : "fio-3.16",
  "timestamp" : 1601057794,
  "timestamp_ms" : 1601057794795,
  "time" : "Fri Sep 25 14:16:34 2020",
  "global options" : {
    "unified_rw_reporting" : "1",
    "time_based" : "1",
    "runtime" : "90",
    "directory" : "/media/auto/work/tmp",
    "filename" : "testfile.dat",
    "filesize" : "20GiB",
    "direct" : "1",
    "ioengine" : "libaio"
  },
  "jobs" : [
    {
      "jobname" : "jobname",
      "groupid" : 0,
      "error" : 0,
      "eta" : 0,
      "elapsed" : 91,
      "job options" : {
        "name" : "jobname",
        "iodepth" : "1",
        "bs" : "8k",
        "rw" : "randread"
      },
      "mixed" : {
        "io_bytes" : 9053945856,
        "io_kbytes" : 8841744,
        "bw_bytes" : 100598280,
        "bw" : 98240,
        "iops" : 12280.063555,
        "runtime" : 90001,
        "total_ios" : 1105218,
        "short_ios" : 0,
        "drop_ios" : 0,
        "slat_ns" : {
          "min" : 1734,
          "max" : 72676,
          "mean" : 3302.612384,
          "stddev" : 656.347654
        },
        "clat_ns" : {
          "min" : 49352,
          "max" : 2737658,
          "mean" : 77412.726866,
          "stddev" : 8638.078718,
          "percentile" : {
            "1.000000" : 68096,
            "5.000000" : 68096,
            "10.000000" : 69120,
            "20.000000" : 69120,
            "30.000000" : 70144,
            "40.000000" : 70144,
            "50.000000" : 78336,
            "60.000000" : 83456,
            "70.000000" : 84480,
            "80.000000" : 84480,
            "90.000000" : 85504,
            "95.000000" : 86528,
            "99.000000" : 88576,
            "99.500000" : 95744,
            "99.900000" : 132096,
            "99.950000" : 140288,
            "99.990000" : 158720
          }
        },
        "lat_ns" : {
          "min" : 53090,
          "max" : 2745723,
          "mean" : 80828.709211,
          "stddev" : 8738.144356
        },
        "bw_min" : 96704,
        "bw_max" : 98688,
        "bw_agg" : 99.995638,
        "bw_mean" : 98235.715084,
        "bw_dev" : 260.328687,
        "bw_samples" : 179,
        "iops_min" : 12088,
        "iops_max" : 12336,
        "iops_mean" : 12279.452514,
        "iops_stddev" : 32.543864,
        "iops_samples" : 179
      },
      "job_runtime" : 90000,
      "usr_cpu" : 1.830000,
      "sys_cpu" : 6.126667,
      "ctx" : 1105333,
      "majf" : 0,
      "minf" : 12,
      "iodepth_level" : {
        "1" : 100.000000,
        "2" : 0.000000,
        "4" : 0.000000,
        "8" : 0.000000,
        "16" : 0.000000,
        "32" : 0.000000,
        ">=64" : 0.000000
      },
      "iodepth_submit" : {
        "0" : 0.000000,
        "4" : 100.000000,
        "8" : 0.000000,
        "16" : 0.000000,
        "32" : 0.000000,
        "64" : 0.000000,
        ">=64" : 0.000000
      },
      "iodepth_complete" : {
        "0" : 0.000000,
        "4" : 100.000000,
        "8" : 0.000000,
        "16" : 0.000000,
        "32" : 0.000000,
        "64" : 0.000000,
        ">=64" : 0.000000
      },
      "latency_ns" : {
        "2" : 0.000000,
        "4" : 0.000000,
        "10" : 0.000000,
        "20" : 0.000000,
        "50" : 0.000000,
        "100" : 0.000000,
        "250" : 0.000000,
        "500" : 0.000000,
        "750" : 0.000000,
        "1000" : 0.000000
      },
      "latency_us" : {
        "2" : 0.000000,
        "4" : 0.000000,
        "10" : 0.000000,
        "20" : 0.000000,
        "50" : 0.010000,
        "100" : 99.592026,
        "250" : 0.406888,
        "500" : 0.010000,
        "750" : 0.010000,
        "1000" : 0.000000
      },
      "latency_ms" : {
        "2" : 0.000000,
        "4" : 0.010000,
        "10" : 0.000000,
        "20" : 0.000000,
        "50" : 0.000000,
        "100" : 0.000000,
        "250" : 0.000000,
        "500" : 0.000000,
        "750" : 0.000000,
        "1000" : 0.000000,
        "2000" : 0.000000,
        ">=2000" : 0.000000
      },
      "latency_depth" : 1,
      "latency_target" : 0,
      "latency_percentile" : 100.000000,
      "latency_window" : 0
    }
  ],
  "disk_util" : [
    {
      "name" : "nvme0n1",
      "read_ios" : 1103985,
      "write_ios" : 0,
      "read_merges" : 0,
      "write_merges" : 0,
      "read_ticks" : 85415,
      "write_ticks" : 0,
      "in_queue" : 0,
      "util" : 99.938861
    }
  ]
}
