{
  "fio version" : "fio-3.16",
  "timestamp" : 1601070386,
  "timestamp_ms" : 1601070386263,
  "time" : "Fri Sep 25 17:46:26 2020",
  "global options" : {
    "unified_rw_reporting" : "1",
    "time_based" : "1",
    "runtime" : "90",
    "directory" : "/media/auto/work/tmp",
    "filename" : "testfile.dat",
    "filesize" : "20GiB",
    "direct" : "1",
    "ioengine" : "libaio"
  },
  "jobs" : [
    {
      "jobname" : "jobname",
      "groupid" : 0,
      "error" : 0,
      "eta" : 0,
      "elapsed" : 91,
      "job options" : {
        "name" : "jobname",
        "iodepth" : "8",
        "bs" : "512k",
        "rw" : "read"
      },
      "mixed" : {
        "io_bytes" : 326045794304,
        "io_kbytes" : 318404096,
        "bw_bytes" : 3622690795,
        "bw" : 3537783,
        "iops" : 6909.734336,
        "runtime" : 90001,
        "total_ios" : 621883,
        "short_ios" : 0,
        "drop_ios" : 0,
        "slat_ns" : {
          "min" : 15629,
          "max" : 165160,
          "mean" : 19779.848697,
          "stddev" : 3181.662766
        },
        "clat_ns" : {
          "min" : 208722,
          "max" : 2365590,
          "mean" : 1137324.550306,
          "stddev" : 111252.434748,
          "percentile" : {
            "1.000000" : 888832,
            "5.000000" : 946176,
            "10.000000" : 987136,
            "20.000000" : 1056768,
            "30.000000" : 1105920,
            "40.000000" : 1122304,
            "50.000000" : 1138688,
            "60.000000" : 1138688,
            "70.000000" : 1171456,
            "80.000000" : 1220608,
            "90.000000" : 1302528,
            "95.000000" : 1351680,
            "99.000000" : 1400832,
            "99.500000" : 1417216,
            "99.900000" : 1466368,
            "99.950000" : 1499136,
            "99.990000" : 1581056
          }
        },
        "lat_ns" : {
          "min" : 245931,
          "max" : 2382060,
          "mean" : 1157213.451189,
          "stddev" : 111165.898799
        },
        "bw_min" : 3528704,
        "bw_max" : 3542016,
        "bw_agg" : 99.992036,
        "bw_mean" : 3537501.262570,
        "bw_dev" : 3496.640011,
        "bw_samples" : 179,
        "iops_min" : 6892,
        "iops_max" : 6918,
        "iops_mean" : 6909.173184,
        "iops_stddev" : 6.842379,
        "iops_samples" : 179
      },
      "job_runtime" : 90000,
      "usr_cpu" : 0.906667,
      "sys_cpu" : 14.813333,
      "ctx" : 622083,
      "majf" : 0,
      "minf" : 1036,
      "iodepth_level" : {
        "1" : 0.100000,
        "2" : 0.100000,
        "4" : 0.100000,
        "8" : 99.980865,
        "16" : 0.000000,
        "32" : 0.000000,
        ">=64" : 0.000000
      },
      "iodepth_submit" : {
        "0" : 0.000000,
        "4" : 100.000000,
        "8" : 0.000000,
        "16" : 0.000000,
        "32" : 0.000000,
        "64" : 0.000000,
        ">=64" : 0.000000
      },
      "iodepth_complete" : {
        "0" : 0.000000,
        "4" : 99.997266,
        "8" : 0.100000,
        "16" : 0.000000,
        "32" : 0.000000,
        "64" : 0.000000,
        ">=64" : 0.000000
      },
      "latency_ns" : {
        "2" : 0.000000,
        "4" : 0.000000,
        "10" : 0.000000,
        "20" : 0.000000,
        "50" : 0.000000,
        "100" : 0.000000,
        "250" : 0.000000,
        "500" : 0.000000,
        "750" : 0.000000,
        "1000" : 0.000000
      },
      "latency_us" : {
        "2" : 0.000000,
        "4" : 0.000000,
        "10" : 0.000000,
        "20" : 0.000000,
        "50" : 0.000000,
        "100" : 0.000000,
        "250" : 0.010000,
        "500" : 0.010000,
        "750" : 0.010000,
        "1000" : 11.752693
      },
      "latency_ms" : {
        "2" : 88.236533,
        "4" : 0.010000,
        "10" : 0.000000,
        "20" : 0.000000,
        "50" : 0.000000,
        "100" : 0.000000,
        "250" : 0.000000,
        "500" : 0.000000,
        "750" : 0.000000,
        "1000" : 0.000000,
        "2000" : 0.000000,
        ">=2000" : 0.000000
      },
      "latency_depth" : 8,
      "latency_target" : 0,
      "latency_percentile" : 100.000000,
      "latency_window" : 0
    }
  ],
  "disk_util" : [
    {
      "name" : "nvme0n1",
      "read_ios" : 621185,
      "write_ios" : 0,
      "read_merges" : 0,
      "write_merges" : 0,
      "read_ticks" : 710156,
      "write_ticks" : 0,
      "in_queue" : 0,
      "util" : 99.938861
    }
  ]
}
