{
  "fio version" : "fio-3.16",
  "timestamp" : 1601049718,
  "timestamp_ms" : 1601049718400,
  "time" : "Fri Sep 25 12:01:58 2020",
  "global options" : {
    "unified_rw_reporting" : "1",
    "time_based" : "1",
    "runtime" : "90",
    "directory" : "/media/auto/work/tmp",
    "filename" : "testfile.dat",
    "filesize" : "20GiB",
    "direct" : "1",
    "ioengine" : "libaio"
  },
  "jobs" : [
    {
      "jobname" : "jobname",
      "groupid" : 0,
      "error" : 0,
      "eta" : 0,
      "elapsed" : 91,
      "job options" : {
        "name" : "jobname",
        "iodepth" : "6",
        "bs" : "16k",
        "rw" : "randwrite"
      },
      "mixed" : {
        "io_bytes" : 64803274752,
        "io_kbytes" : 63284448,
        "bw_bytes" : 719540702,
        "bw" : 702676,
        "iops" : 43917.279208,
        "runtime" : 90062,
        "total_ios" : 3955278,
        "short_ios" : 0,
        "drop_ios" : 0,
        "slat_ns" : {
          "min" : 1953,
          "max" : 271640,
          "mean" : 4063.585644,
          "stddev" : 1460.408780
        },
        "clat_ns" : {
          "min" : 14718,
          "max" : 273854948,
          "mean" : 131923.091773,
          "stddev" : 551134.552094,
          "percentile" : {
            "1.000000" : 26496,
            "5.000000" : 29824,
            "10.000000" : 32128,
            "20.000000" : 35072,
            "30.000000" : 37632,
            "40.000000" : 40704,
            "50.000000" : 46848,
            "60.000000" : 59648,
            "70.000000" : 91648,
            "80.000000" : 148480,
            "90.000000" : 292864,
            "95.000000" : 501760,
            "99.000000" : 1204224,
            "99.500000" : 1482752,
            "99.900000" : 2023424,
            "99.950000" : 2277376,
            "99.990000" : 15794176
          }
        },
        "lat_ns" : {
          "min" : 17283,
          "max" : 273860688,
          "mean" : 136116.014549,
          "stddev" : 551127.540306
        },
        "bw_min" : 162815,
        "bw_max" : 2063008,
        "bw_agg" : 100.000000,
        "bw_mean" : 703108.038889,
        "bw_dev" : 292543.891551,
        "bw_samples" : 180,
        "iops_min" : 10175,
        "iops_max" : 128938,
        "iops_mean" : 43944.233333,
        "iops_stddev" : 18283.995798,
        "iops_samples" : 180
      },
      "job_runtime" : 90061,
      "usr_cpu" : 5.832713,
      "sys_cpu" : 20.919155,
      "ctx" : 2189054,
      "majf" : 0,
      "minf" : 12,
      "iodepth_level" : {
        "1" : 0.100000,
        "2" : 0.100000,
        "4" : 99.999924,
        "8" : 0.000000,
        "16" : 0.000000,
        "32" : 0.000000,
        ">=64" : 0.000000
      },
      "iodepth_submit" : {
        "0" : 0.000000,
        "4" : 100.000000,
        "8" : 0.000000,
        "16" : 0.000000,
        "32" : 0.000000,
        "64" : 0.000000,
        ">=64" : 0.000000
      },
      "iodepth_complete" : {
        "0" : 0.000000,
        "4" : 99.999975,
        "8" : 0.100000,
        "16" : 0.000000,
        "32" : 0.000000,
        "64" : 0.000000,
        ">=64" : 0.000000
      },
      "latency_ns" : {
        "2" : 0.000000,
        "4" : 0.000000,
        "10" : 0.000000,
        "20" : 0.000000,
        "50" : 0.000000,
        "100" : 0.000000,
        "250" : 0.000000,
        "500" : 0.000000,
        "750" : 0.000000,
        "1000" : 0.000000
      },
      "latency_us" : {
        "2" : 0.000000,
        "4" : 0.000000,
        "10" : 0.000000,
        "20" : 0.010000,
        "50" : 52.558708,
        "100" : 19.279176,
        "250" : 16.382666,
        "500" : 6.770042,
        "750" : 2.366104,
        "1000" : 1.106218
      },
      "latency_ms" : {
        "2" : 1.416538,
        "4" : 0.090183,
        "10" : 0.010000,
        "20" : 0.010000,
        "50" : 0.010000,
        "100" : 0.010000,
        "250" : 0.000000,
        "500" : 0.010000,
        "750" : 0.000000,
        "1000" : 0.000000,
        "2000" : 0.000000,
        ">=2000" : 0.000000
      },
      "latency_depth" : 6,
      "latency_target" : 0,
      "latency_percentile" : 100.000000,
      "latency_window" : 0
    }
  ],
  "disk_util" : [
    {
      "name" : "nvme0n1",
      "read_ios" : 0,
      "write_ios" : 3951141,
      "read_merges" : 0,
      "write_merges" : 17,
      "read_ticks" : 0,
      "write_ticks" : 515845,
      "in_queue" : 18972,
      "util" : 97.538961
    }
  ]
}
