{
  "fio version" : "fio-3.16",
  "timestamp" : 1601065968,
  "timestamp_ms" : 1601065968192,
  "time" : "Fri Sep 25 16:32:48 2020",
  "global options" : {
    "unified_rw_reporting" : "1",
    "time_based" : "1",
    "runtime" : "90",
    "directory" : "/media/auto/work/tmp",
    "filename" : "testfile.dat",
    "filesize" : "20GiB",
    "direct" : "1",
    "ioengine" : "libaio"
  },
  "jobs" : [
    {
      "jobname" : "jobname",
      "groupid" : 0,
      "error" : 0,
      "eta" : 0,
      "elapsed" : 91,
      "job options" : {
        "name" : "jobname",
        "iodepth" : "24",
        "bs" : "8k",
        "rw" : "read"
      },
      "mixed" : {
        "io_bytes" : 181364531200,
        "io_kbytes" : 177113800,
        "bw_bytes" : 2015139067,
        "bw" : 1967909,
        "iops" : 245988.655682,
        "runtime" : 90001,
        "total_ios" : 22139225,
        "short_ios" : 0,
        "drop_ios" : 0,
        "slat_ns" : {
          "min" : 1452,
          "max" : 698200,
          "mean" : 2478.161843,
          "stddev" : 1104.633068
        },
        "clat_ns" : {
          "min" : 10711,
          "max" : 840608,
          "mean" : 94663.600267,
          "stddev" : 46706.504833,
          "percentile" : {
            "1.000000" : 52480,
            "5.000000" : 57088,
            "10.000000" : 62208,
            "20.000000" : 68096,
            "30.000000" : 70144,
            "40.000000" : 71168,
            "50.000000" : 74240,
            "60.000000" : 80384,
            "70.000000" : 89600,
            "80.000000" : 114176,
            "90.000000" : 168960,
            "95.000000" : 211968,
            "99.000000" : 257024,
            "99.500000" : 272384,
            "99.900000" : 313344,
            "99.950000" : 329728,
            "99.990000" : 370688
          }
        },
        "lat_ns" : {
          "min" : 13025,
          "max" : 844094,
          "mean" : 97228.705082,
          "stddev" : 46610.040388
        },
        "bw_min" : 1906128,
        "bw_max" : 2015488,
        "bw_agg" : 99.991047,
        "bw_mean" : 1967732.822222,
        "bw_dev" : 22313.731773,
        "bw_samples" : 180,
        "iops_min" : 238266,
        "iops_max" : 251936,
        "iops_mean" : 245966.577778,
        "iops_stddev" : 2789.184326,
        "iops_samples" : 180
      },
      "job_runtime" : 90000,
      "usr_cpu" : 18.926667,
      "sys_cpu" : 61.810000,
      "ctx" : 636252,
      "majf" : 0,
      "minf" : 61,
      "iodepth_level" : {
        "1" : 0.100000,
        "2" : 0.100000,
        "4" : 0.100000,
        "8" : 0.100000,
        "16" : 99.999322,
        "32" : 0.000000,
        ">=64" : 0.000000
      },
      "iodepth_submit" : {
        "0" : 0.000000,
        "4" : 100.000000,
        "8" : 0.000000,
        "16" : 0.000000,
        "32" : 0.000000,
        "64" : 0.000000,
        ">=64" : 0.000000
      },
      "iodepth_complete" : {
        "0" : 0.000000,
        "4" : 99.999955,
        "8" : 0.000000,
        "16" : 0.000000,
        "32" : 0.100000,
        "64" : 0.000000,
        ">=64" : 0.000000
      },
      "latency_ns" : {
        "2" : 0.000000,
        "4" : 0.000000,
        "10" : 0.000000,
        "20" : 0.000000,
        "50" : 0.000000,
        "100" : 0.000000,
        "250" : 0.000000,
        "500" : 0.000000,
        "750" : 0.000000,
        "1000" : 0.000000
      },
      "latency_us" : {
        "2" : 0.000000,
        "4" : 0.000000,
        "10" : 0.000000,
        "20" : 0.010000,
        "50" : 0.109371,
        "100" : 76.099882,
        "250" : 22.392762,
        "500" : 1.397556,
        "750" : 0.010000,
        "1000" : 0.010000
      },
      "latency_ms" : {
        "2" : 0.000000,
        "4" : 0.000000,
        "10" : 0.000000,
        "20" : 0.000000,
        "50" : 0.000000,
        "100" : 0.000000,
        "250" : 0.000000,
        "500" : 0.000000,
        "750" : 0.000000,
        "1000" : 0.000000,
        "2000" : 0.000000,
        ">=2000" : 0.000000
      },
      "latency_depth" : 24,
      "latency_target" : 0,
      "latency_percentile" : 100.000000,
      "latency_window" : 0
    }
  ],
  "disk_util" : [
    {
      "name" : "nvme0n1",
      "read_ios" : 22114182,
      "write_ios" : 0,
      "read_merges" : 0,
      "write_merges" : 0,
      "read_ticks" : 1082731,
      "write_ticks" : 0,
      "in_queue" : 0,
      "util" : 99.995553
    }
  ]
}
