{
  "fio version" : "fio-3.16",
  "timestamp" : 1601060556,
  "timestamp_ms" : 1601060556125,
  "time" : "Fri Sep 25 15:02:36 2020",
  "global options" : {
    "unified_rw_reporting" : "1",
    "time_based" : "1",
    "runtime" : "90",
    "directory" : "/media/auto/work/tmp",
    "filename" : "testfile.dat",
    "filesize" : "20GiB",
    "direct" : "1",
    "ioengine" : "libaio"
  },
  "jobs" : [
    {
      "jobname" : "jobname",
      "groupid" : 0,
      "error" : 0,
      "eta" : 0,
      "elapsed" : 91,
      "job options" : {
        "name" : "jobname",
        "iodepth" : "6",
        "bs" : "32k",
        "rw" : "randread"
      },
      "mixed" : {
        "io_bytes" : 66283143168,
        "io_kbytes" : 64729632,
        "bw_bytes" : 736471185,
        "bw" : 719210,
        "iops" : 22475.316941,
        "runtime" : 90001,
        "total_ios" : 2022801,
        "short_ios" : 0,
        "drop_ios" : 0,
        "slat_ns" : {
          "min" : 2164,
          "max" : 274646,
          "mean" : 4289.815474,
          "stddev" : 977.778378
        },
        "clat_ns" : {
          "min" : 18264,
          "max" : 1635109,
          "mean" : 261985.570566,
          "stddev" : 91489.936671,
          "percentile" : {
            "1.000000" : 132096,
            "5.000000" : 140288,
            "10.000000" : 160768,
            "20.000000" : 175104,
            "30.000000" : 201728,
            "40.000000" : 224256,
            "50.000000" : 246784,
            "60.000000" : 272384,
            "70.000000" : 301056,
            "80.000000" : 333824,
            "90.000000" : 387072,
            "95.000000" : 436224,
            "99.000000" : 528384,
            "99.500000" : 561152,
            "99.900000" : 634880,
            "99.950000" : 659456,
            "99.990000" : 708608
          }
        },
        "lat_ns" : {
          "min" : 88566,
          "max" : 1639678,
          "mean" : 266387.076445,
          "stddev" : 91453.807586
        },
        "bw_min" : 710272,
        "bw_max" : 787712,
        "bw_agg" : 99.993281,
        "bw_mean" : 719161.675978,
        "bw_dev" : 8303.013151,
        "bw_samples" : 179,
        "iops_min" : 22196,
        "iops_max" : 24616,
        "iops_mean" : 22473.793296,
        "iops_stddev" : 259.484400,
        "iops_samples" : 179
      },
      "job_runtime" : 90000,
      "usr_cpu" : 3.334444,
      "sys_cpu" : 12.743333,
      "ctx" : 1744859,
      "majf" : 0,
      "minf" : 58,
      "iodepth_level" : {
        "1" : 0.100000,
        "2" : 0.100000,
        "4" : 99.999852,
        "8" : 0.000000,
        "16" : 0.000000,
        "32" : 0.000000,
        ">=64" : 0.000000
      },
      "iodepth_submit" : {
        "0" : 0.000000,
        "4" : 100.000000,
        "8" : 0.000000,
        "16" : 0.000000,
        "32" : 0.000000,
        "64" : 0.000000,
        ">=64" : 0.000000
      },
      "iodepth_complete" : {
        "0" : 0.000000,
        "4" : 99.999951,
        "8" : 0.100000,
        "16" : 0.000000,
        "32" : 0.000000,
        "64" : 0.000000,
        ">=64" : 0.000000
      },
      "latency_ns" : {
        "2" : 0.000000,
        "4" : 0.000000,
        "10" : 0.000000,
        "20" : 0.000000,
        "50" : 0.000000,
        "100" : 0.000000,
        "250" : 0.000000,
        "500" : 0.000000,
        "750" : 0.000000,
        "1000" : 0.000000
      },
      "latency_us" : {
        "2" : 0.000000,
        "4" : 0.000000,
        "10" : 0.000000,
        "20" : 0.010000,
        "50" : 0.000000,
        "100" : 0.010000,
        "250" : 50.972439,
        "500" : 47.296743,
        "750" : 1.720683,
        "1000" : 0.010000
      },
      "latency_ms" : {
        "2" : 0.010000,
        "4" : 0.000000,
        "10" : 0.000000,
        "20" : 0.000000,
        "50" : 0.000000,
        "100" : 0.000000,
        "250" : 0.000000,
        "500" : 0.000000,
        "750" : 0.000000,
        "1000" : 0.000000,
        "2000" : 0.000000,
        ">=2000" : 0.000000
      },
      "latency_depth" : 6,
      "latency_target" : 0,
      "latency_percentile" : 100.000000,
      "latency_window" : 0
    }
  ],
  "disk_util" : [
    {
      "name" : "nvme0n1",
      "read_ios" : 2020566,
      "write_ios" : 0,
      "read_merges" : 0,
      "write_merges" : 0,
      "read_ticks" : 529027,
      "write_ticks" : 0,
      "in_queue" : 0,
      "util" : 99.937750
    }
  ]
}
