{
  "fio version" : "fio-3.16",
  "timestamp" : 1601068619,
  "timestamp_ms" : 1601068619032,
  "time" : "Fri Sep 25 17:16:59 2020",
  "global options" : {
    "unified_rw_reporting" : "1",
    "time_based" : "1",
    "runtime" : "90",
    "directory" : "/media/auto/work/tmp",
    "filename" : "testfile.dat",
    "filesize" : "20GiB",
    "direct" : "1",
    "ioengine" : "libaio"
  },
  "jobs" : [
    {
      "jobname" : "jobname",
      "groupid" : 0,
      "error" : 0,
      "eta" : 0,
      "elapsed" : 91,
      "job options" : {
        "name" : "jobname",
        "iodepth" : "32",
        "bs" : "32k",
        "rw" : "read"
      },
      "mixed" : {
        "io_bytes" : 298225369088,
        "io_kbytes" : 291235712,
        "bw_bytes" : 3313578394,
        "bw" : 3235916,
        "iops" : 101122.387529,
        "runtime" : 90001,
        "total_ios" : 9101116,
        "short_ios" : 0,
        "drop_ios" : 0,
        "slat_ns" : {
          "min" : 2124,
          "max" : 323497,
          "mean" : 4193.744624,
          "stddev" : 1757.689167
        },
        "clat_ns" : {
          "min" : 91472,
          "max" : 1298797,
          "mean" : 311704.766065,
          "stddev" : 73917.196684,
          "percentile" : {
            "1.000000" : 162816,
            "5.000000" : 203776,
            "10.000000" : 250880,
            "20.000000" : 268288,
            "30.000000" : 280576,
            "40.000000" : 288768,
            "50.000000" : 296960,
            "60.000000" : 309248,
            "70.000000" : 325632,
            "80.000000" : 346112,
            "90.000000" : 391168,
            "95.000000" : 452608,
            "99.000000" : 593920,
            "99.500000" : 643072,
            "99.900000" : 724992,
            "99.950000" : 757760,
            "99.990000" : 815104
          }
        },
        "lat_ns" : {
          "min" : 101010,
          "max" : 1302213,
          "mean" : 316004.692402,
          "stddev" : 73767.792382
        },
        "bw_min" : 3202688,
        "bw_max" : 3270592,
        "bw_agg" : 99.993317,
        "bw_mean" : 3235699.737430,
        "bw_dev" : 10561.350560,
        "bw_samples" : 179,
        "iops_min" : 100084,
        "iops_max" : 102206,
        "iops_mean" : 101115.608939,
        "iops_stddev" : 330.037916,
        "iops_samples" : 179
      },
      "job_runtime" : 90000,
      "usr_cpu" : 11.646667,
      "sys_cpu" : 48.857778,
      "ctx" : 3556113,
      "majf" : 0,
      "minf" : 268,
      "iodepth_level" : {
        "1" : 0.100000,
        "2" : 0.100000,
        "4" : 0.100000,
        "8" : 0.100000,
        "16" : 0.100000,
        "32" : 99.994891,
        ">=64" : 0.000000
      },
      "iodepth_submit" : {
        "0" : 0.000000,
        "4" : 100.000000,
        "8" : 0.000000,
        "16" : 0.000000,
        "32" : 0.000000,
        "64" : 0.000000,
        ">=64" : 0.000000
      },
      "iodepth_complete" : {
        "0" : 0.000000,
        "4" : 99.999835,
        "8" : 0.000000,
        "16" : 0.000000,
        "32" : 0.100000,
        "64" : 0.000000,
        ">=64" : 0.000000
      },
      "latency_ns" : {
        "2" : 0.000000,
        "4" : 0.000000,
        "10" : 0.000000,
        "20" : 0.000000,
        "50" : 0.000000,
        "100" : 0.000000,
        "250" : 0.000000,
        "500" : 0.000000,
        "750" : 0.000000,
        "1000" : 0.000000
      },
      "latency_us" : {
        "2" : 0.000000,
        "4" : 0.000000,
        "10" : 0.000000,
        "20" : 0.000000,
        "50" : 0.000000,
        "100" : 0.010000,
        "250" : 9.860406,
        "500" : 87.160728,
        "750" : 2.922697,
        "1000" : 0.055422
      },
      "latency_ms" : {
        "2" : 0.010000,
        "4" : 0.000000,
        "10" : 0.000000,
        "20" : 0.000000,
        "50" : 0.000000,
        "100" : 0.000000,
        "250" : 0.000000,
        "500" : 0.000000,
        "750" : 0.000000,
        "1000" : 0.000000,
        "2000" : 0.000000,
        ">=2000" : 0.000000
      },
      "latency_depth" : 32,
      "latency_target" : 0,
      "latency_percentile" : 100.000000,
      "latency_window" : 0
    }
  ],
  "disk_util" : [
    {
      "name" : "nvme0n1",
      "read_ios" : 9090916,
      "write_ios" : 0,
      "read_merges" : 0,
      "write_merges" : 0,
      "read_ticks" : 2796720,
      "write_ticks" : 0,
      "in_queue" : 0,
      "util" : 99.951087
    }
  ]
}
