{
  "fio version" : "fio-3.16",
  "timestamp" : 1601059120,
  "timestamp_ms" : 1601059120250,
  "time" : "Fri Sep 25 14:38:40 2020",
  "global options" : {
    "unified_rw_reporting" : "1",
    "time_based" : "1",
    "runtime" : "90",
    "directory" : "/media/auto/work/tmp",
    "filename" : "testfile.dat",
    "filesize" : "20GiB",
    "direct" : "1",
    "ioengine" : "libaio"
  },
  "jobs" : [
    {
      "jobname" : "jobname",
      "groupid" : 0,
      "error" : 0,
      "eta" : 0,
      "elapsed" : 91,
      "job options" : {
        "name" : "jobname",
        "iodepth" : "2",
        "bs" : "16k",
        "rw" : "randread"
      },
      "mixed" : {
        "io_bytes" : 30518394880,
        "io_kbytes" : 29803120,
        "bw_bytes" : 339089508,
        "bw" : 331142,
        "iops" : 20696.381151,
        "runtime" : 90001,
        "total_ios" : 1862695,
        "short_ios" : 0,
        "drop_ios" : 0,
        "slat_ns" : {
          "min" : 1904,
          "max" : 50414,
          "mean" : 3691.638321,
          "stddev" : 568.629802
        },
        "clat_ns" : {
          "min" : 38532,
          "max" : 1180786,
          "mean" : 92219.610631,
          "stddev" : 17692.665094,
          "percentile" : {
            "1.000000" : 70144,
            "5.000000" : 71168,
            "10.000000" : 72192,
            "20.000000" : 77312,
            "30.000000" : 84480,
            "40.000000" : 85504,
            "50.000000" : 87552,
            "60.000000" : 92672,
            "70.000000" : 95744,
            "80.000000" : 104960,
            "90.000000" : 118272,
            "95.000000" : 126464,
            "99.000000" : 146432,
            "99.500000" : 154624,
            "99.900000" : 191488,
            "99.950000" : 199680,
            "99.990000" : 216064
          }
        },
        "lat_ns" : {
          "min" : 42209,
          "max" : 1184503,
          "mean" : 96028.686791,
          "stddev" : 17690.868839
        },
        "bw_min" : 288960,
        "bw_max" : 336512,
        "bw_agg" : 99.998331,
        "bw_mean" : 331136.474860,
        "bw_dev" : 3285.365258,
        "bw_samples" : 179,
        "iops_min" : 18060,
        "iops_max" : 21034,
        "iops_mean" : 20696.011173,
        "iops_stddev" : 205.352807,
        "iops_samples" : 179
      },
      "job_runtime" : 90000,
      "usr_cpu" : 3.338889,
      "sys_cpu" : 10.772222,
      "ctx" : 1816369,
      "majf" : 0,
      "minf" : 19,
      "iodepth_level" : {
        "1" : 0.100000,
        "2" : 99.999946,
        "4" : 0.000000,
        "8" : 0.000000,
        "16" : 0.000000,
        "32" : 0.000000,
        ">=64" : 0.000000
      },
      "iodepth_submit" : {
        "0" : 0.000000,
        "4" : 100.000000,
        "8" : 0.000000,
        "16" : 0.000000,
        "32" : 0.000000,
        "64" : 0.000000,
        ">=64" : 0.000000
      },
      "iodepth_complete" : {
        "0" : 0.000000,
        "4" : 100.000000,
        "8" : 0.000000,
        "16" : 0.000000,
        "32" : 0.000000,
        "64" : 0.000000,
        ">=64" : 0.000000
      },
      "latency_ns" : {
        "2" : 0.000000,
        "4" : 0.000000,
        "10" : 0.000000,
        "20" : 0.000000,
        "50" : 0.000000,
        "100" : 0.000000,
        "250" : 0.000000,
        "500" : 0.000000,
        "750" : 0.000000,
        "1000" : 0.000000
      },
      "latency_us" : {
        "2" : 0.000000,
        "4" : 0.000000,
        "10" : 0.000000,
        "20" : 0.000000,
        "50" : 0.010000,
        "100" : 75.684157,
        "250" : 24.315414,
        "500" : 0.010000,
        "750" : 0.000000,
        "1000" : 0.000000
      },
      "latency_ms" : {
        "2" : 0.010000,
        "4" : 0.000000,
        "10" : 0.000000,
        "20" : 0.000000,
        "50" : 0.000000,
        "100" : 0.000000,
        "250" : 0.000000,
        "500" : 0.000000,
        "750" : 0.000000,
        "1000" : 0.000000,
        "2000" : 0.000000,
        ">=2000" : 0.000000
      },
      "latency_depth" : 2,
      "latency_target" : 0,
      "latency_percentile" : 100.000000,
      "latency_window" : 0
    }
  ],
  "disk_util" : [
    {
      "name" : "nvme0n1",
      "read_ios" : 1860649,
      "write_ios" : 0,
      "read_merges" : 0,
      "write_merges" : 0,
      "read_ticks" : 171817,
      "write_ticks" : 0,
      "in_queue" : 0,
      "util" : 99.937750
    }
  ]
}
