{
  "fio version" : "fio-3.16",
  "timestamp" : 1601060114,
  "timestamp_ms" : 1601060114316,
  "time" : "Fri Sep 25 14:55:14 2020",
  "global options" : {
    "unified_rw_reporting" : "1",
    "time_based" : "1",
    "runtime" : "90",
    "directory" : "/media/auto/work/tmp",
    "filename" : "testfile.dat",
    "filesize" : "20GiB",
    "direct" : "1",
    "ioengine" : "libaio"
  },
  "jobs" : [
    {
      "jobname" : "jobname",
      "groupid" : 0,
      "error" : 0,
      "eta" : 0,
      "elapsed" : 91,
      "job options" : {
        "name" : "jobname",
        "iodepth" : "32",
        "bs" : "16k",
        "rw" : "randread"
      },
      "mixed" : {
        "io_bytes" : 97833385984,
        "io_kbytes" : 95540416,
        "bw_bytes" : 1087025543,
        "bw" : 1061548,
        "iops" : 66346.773925,
        "runtime" : 90001,
        "total_ios" : 5971276,
        "short_ios" : 0,
        "drop_ios" : 0,
        "slat_ns" : {
          "min" : 1773,
          "max" : 314169,
          "mean" : 3321.767546,
          "stddev" : 1148.193990
        },
        "clat_ns" : {
          "min" : 68097,
          "max" : 1954358,
          "mean" : 478359.635993,
          "stddev" : 214928.695155,
          "percentile" : {
            "1.000000" : 117248,
            "5.000000" : 173056,
            "10.000000" : 218112,
            "20.000000" : 284672,
            "30.000000" : 342016,
            "40.000000" : 399360,
            "50.000000" : 452608,
            "60.000000" : 509952,
            "70.000000" : 577536,
            "80.000000" : 659456,
            "90.000000" : 774144,
            "95.000000" : 872448,
            "99.000000" : 1056768,
            "99.500000" : 1122304,
            "99.900000" : 1253376,
            "99.950000" : 1318912,
            "99.990000" : 1433600
          }
        },
        "lat_ns" : {
          "min" : 72857,
          "max" : 1957253,
          "mean" : 481788.516253,
          "stddev" : 214910.639637
        },
        "bw_min" : 1038784,
        "bw_max" : 1070592,
        "bw_agg" : 99.993969,
        "bw_mean" : 1061483.977778,
        "bw_dev" : 4356.785471,
        "bw_samples" : 180,
        "iops_min" : 64924,
        "iops_max" : 66912,
        "iops_mean" : 66342.733333,
        "iops_stddev" : 272.268180,
        "iops_samples" : 180
      },
      "job_runtime" : 90000,
      "usr_cpu" : 8.521111,
      "sys_cpu" : 28.895556,
      "ctx" : 3784371,
      "majf" : 0,
      "minf" : 138,
      "iodepth_level" : {
        "1" : 0.100000,
        "2" : 0.100000,
        "4" : 0.100000,
        "8" : 0.100000,
        "16" : 0.100000,
        "32" : 99.999481,
        ">=64" : 0.000000
      },
      "iodepth_submit" : {
        "0" : 0.000000,
        "4" : 100.000000,
        "8" : 0.000000,
        "16" : 0.000000,
        "32" : 0.000000,
        "64" : 0.000000,
        ">=64" : 0.000000
      },
      "iodepth_complete" : {
        "0" : 0.000000,
        "4" : 99.999983,
        "8" : 0.000000,
        "16" : 0.000000,
        "32" : 0.100000,
        "64" : 0.000000,
        ">=64" : 0.000000
      },
      "latency_ns" : {
        "2" : 0.000000,
        "4" : 0.000000,
        "10" : 0.000000,
        "20" : 0.000000,
        "50" : 0.000000,
        "100" : 0.000000,
        "250" : 0.000000,
        "500" : 0.000000,
        "750" : 0.000000,
        "1000" : 0.000000
      },
      "latency_us" : {
        "2" : 0.000000,
        "4" : 0.000000,
        "10" : 0.000000,
        "20" : 0.000000,
        "50" : 0.000000,
        "100" : 0.396615,
        "250" : 14.050414,
        "500" : 43.707476,
        "750" : 30.188673,
        "1000" : 9.939366
      },
      "latency_ms" : {
        "2" : 1.717455,
        "4" : 0.000000,
        "10" : 0.000000,
        "20" : 0.000000,
        "50" : 0.000000,
        "100" : 0.000000,
        "250" : 0.000000,
        "500" : 0.000000,
        "750" : 0.000000,
        "1000" : 0.000000,
        "2000" : 0.000000,
        ">=2000" : 0.000000
      },
      "latency_depth" : 32,
      "latency_target" : 0,
      "latency_percentile" : 100.000000,
      "latency_window" : 0
    }
  ],
  "disk_util" : [
    {
      "name" : "nvme0n1",
      "read_ios" : 5964619,
      "write_ios" : 0,
      "read_merges" : 0,
      "write_merges" : 0,
      "read_ticks" : 2845119,
      "write_ticks" : 0,
      "in_queue" : 0,
      "util" : 99.931085
    }
  ]
}
