{
  "fio version" : "fio-3.16",
  "timestamp" : 1601068508,
  "timestamp_ms" : 1601068508582,
  "time" : "Fri Sep 25 17:15:08 2020",
  "global options" : {
    "unified_rw_reporting" : "1",
    "time_based" : "1",
    "runtime" : "90",
    "directory" : "/media/auto/work/tmp",
    "filename" : "testfile.dat",
    "filesize" : "20GiB",
    "direct" : "1",
    "ioengine" : "libaio"
  },
  "jobs" : [
    {
      "jobname" : "jobname",
      "groupid" : 0,
      "error" : 0,
      "eta" : 0,
      "elapsed" : 91,
      "job options" : {
        "name" : "jobname",
        "iodepth" : "28",
        "bs" : "32k",
        "rw" : "read"
      },
      "mixed" : {
        "io_bytes" : 288137478144,
        "io_kbytes" : 281384256,
        "bw_bytes" : 3201491962,
        "bw" : 3126456,
        "iops" : 97701.781091,
        "runtime" : 90001,
        "total_ios" : 8793258,
        "short_ios" : 0,
        "drop_ios" : 0,
        "slat_ns" : {
          "min" : 1984,
          "max" : 302668,
          "mean" : 3973.461780,
          "stddev" : 1634.754947
        },
        "clat_ns" : {
          "min" : 72456,
          "max" : 932871,
          "mean" : 282046.912803,
          "stddev" : 77134.510736,
          "percentile" : {
            "1.000000" : 144384,
            "5.000000" : 168960,
            "10.000000" : 195584,
            "20.000000" : 228352,
            "30.000000" : 242688,
            "40.000000" : 254976,
            "50.000000" : 272384,
            "60.000000" : 288768,
            "70.000000" : 309248,
            "80.000000" : 333824,
            "90.000000" : 370688,
            "95.000000" : 419840,
            "99.000000" : 544768,
            "99.500000" : 593920,
            "99.900000" : 675840,
            "99.950000" : 700416,
            "99.990000" : 749568
          }
        },
        "lat_ns" : {
          "min" : 83778,
          "max" : 939604,
          "mean" : 286131.537425,
          "stddev" : 76991.664310
        },
        "bw_min" : 3100288,
        "bw_max" : 3157120,
        "bw_agg" : 100.000000,
        "bw_mean" : 3126489.307263,
        "bw_dev" : 9335.925301,
        "bw_samples" : 179,
        "iops_min" : 96884,
        "iops_max" : 98660,
        "iops_mean" : 97702.798883,
        "iops_stddev" : 291.771023,
        "iops_samples" : 179
      },
      "job_runtime" : 90000,
      "usr_cpu" : 11.282222,
      "sys_cpu" : 45.905556,
      "ctx" : 3664800,
      "majf" : 0,
      "minf" : 235,
      "iodepth_level" : {
        "1" : 0.100000,
        "2" : 0.100000,
        "4" : 0.100000,
        "8" : 0.100000,
        "16" : 99.997441,
        "32" : 0.000000,
        ">=64" : 0.000000
      },
      "iodepth_submit" : {
        "0" : 0.000000,
        "4" : 100.000000,
        "8" : 0.000000,
        "16" : 0.000000,
        "32" : 0.000000,
        "64" : 0.000000,
        ">=64" : 0.000000
      },
      "iodepth_complete" : {
        "0" : 0.000000,
        "4" : 99.999829,
        "8" : 0.000000,
        "16" : 0.000000,
        "32" : 0.100000,
        "64" : 0.000000,
        ">=64" : 0.000000
      },
      "latency_ns" : {
        "2" : 0.000000,
        "4" : 0.000000,
        "10" : 0.000000,
        "20" : 0.000000,
        "50" : 0.000000,
        "100" : 0.000000,
        "250" : 0.000000,
        "500" : 0.000000,
        "750" : 0.000000,
        "1000" : 0.000000
      },
      "latency_us" : {
        "2" : 0.000000,
        "4" : 0.000000,
        "10" : 0.000000,
        "20" : 0.000000,
        "50" : 0.000000,
        "100" : 0.010000,
        "250" : 35.925137,
        "500" : 62.180627,
        "750" : 1.883181,
        "1000" : 0.010656
      },
      "latency_ms" : {
        "2" : 0.000000,
        "4" : 0.000000,
        "10" : 0.000000,
        "20" : 0.000000,
        "50" : 0.000000,
        "100" : 0.000000,
        "250" : 0.000000,
        "500" : 0.000000,
        "750" : 0.000000,
        "1000" : 0.000000,
        "2000" : 0.000000,
        ">=2000" : 0.000000
      },
      "latency_depth" : 28,
      "latency_target" : 0,
      "latency_percentile" : 100.000000,
      "latency_window" : 0
    }
  ],
  "disk_util" : [
    {
      "name" : "nvme0n1",
      "read_ios" : 8783524,
      "write_ios" : 0,
      "read_merges" : 0,
      "write_merges" : 0,
      "read_ticks" : 2446265,
      "write_ticks" : 0,
      "in_queue" : 0,
      "util" : 99.932193
    }
  ]
}
