{
  "fio version" : "fio-3.16",
  "timestamp" : 1601046717,
  "timestamp_ms" : 1601046717824,
  "time" : "Fri Sep 25 11:11:57 2020",
  "global options" : {
    "unified_rw_reporting" : "1",
    "time_based" : "1",
    "runtime" : "90",
    "directory" : "/media/auto/work/tmp",
    "filename" : "testfile.dat",
    "filesize" : "20GiB",
    "direct" : "1",
    "ioengine" : "libaio"
  },
  "jobs" : [
    {
      "jobname" : "jobname",
      "groupid" : 0,
      "error" : 0,
      "eta" : 0,
      "elapsed" : 91,
      "job options" : {
        "name" : "jobname",
        "iodepth" : "20",
        "bs" : "32k",
        "rw" : "write"
      },
      "mixed" : {
        "io_bytes" : 73415458816,
        "io_kbytes" : 71694784,
        "bw_bytes" : 815111458,
        "bw" : 796007,
        "iops" : 24875.227606,
        "runtime" : 90068,
        "total_ios" : 2240462,
        "short_ios" : 0,
        "drop_ios" : 0,
        "slat_ns" : {
          "min" : 2224,
          "max" : 452480,
          "mean" : 4578.336697,
          "stddev" : 1507.172620
        },
        "clat_ns" : {
          "min" : 86572,
          "max" : 67978250,
          "mean" : 798775.368476,
          "stddev" : 953301.926530,
          "percentile" : {
            "1.000000" : 197632,
            "5.000000" : 218112,
            "10.000000" : 232448,
            "20.000000" : 259072,
            "30.000000" : 337920,
            "40.000000" : 505856,
            "50.000000" : 675840,
            "60.000000" : 847872,
            "70.000000" : 1028096,
            "80.000000" : 1236992,
            "90.000000" : 1548288,
            "95.000000" : 1794048,
            "99.000000" : 2277376,
            "99.500000" : 2473984,
            "99.900000" : 3620864,
            "99.950000" : 4947968,
            "99.990000" : 58982400
          }
        },
        "lat_ns" : {
          "min" : 90861,
          "max" : 67981847,
          "mean" : 803474.407667,
          "stddev" : 953369.433669
        },
        "bw_min" : 613887,
        "bw_max" : 2459776,
        "bw_agg" : 100.000000,
        "bw_mean" : 796552.633333,
        "bw_dev" : 445924.111920,
        "bw_samples" : 180,
        "iops_min" : 19183,
        "iops_max" : 76868,
        "iops_mean" : 24892.255556,
        "iops_stddev" : 13935.118289,
        "iops_samples" : 180
      },
      "job_runtime" : 90067,
      "usr_cpu" : 3.861570,
      "sys_cpu" : 14.647984,
      "ctx" : 2103781,
      "majf" : 0,
      "minf" : 11,
      "iodepth_level" : {
        "1" : 0.100000,
        "2" : 0.100000,
        "4" : 0.100000,
        "8" : 0.100000,
        "16" : 99.997322,
        "32" : 0.000000,
        ">=64" : 0.000000
      },
      "iodepth_submit" : {
        "0" : 0.000000,
        "4" : 100.000000,
        "8" : 0.000000,
        "16" : 0.000000,
        "32" : 0.000000,
        "64" : 0.000000,
        ">=64" : 0.000000
      },
      "iodepth_complete" : {
        "0" : 0.000000,
        "4" : 99.999821,
        "8" : 0.000000,
        "16" : 0.000000,
        "32" : 0.100000,
        "64" : 0.000000,
        ">=64" : 0.000000
      },
      "latency_ns" : {
        "2" : 0.000000,
        "4" : 0.000000,
        "10" : 0.000000,
        "20" : 0.000000,
        "50" : 0.000000,
        "100" : 0.000000,
        "250" : 0.000000,
        "500" : 0.000000,
        "750" : 0.000000,
        "1000" : 0.000000
      },
      "latency_us" : {
        "2" : 0.000000,
        "4" : 0.000000,
        "10" : 0.000000,
        "20" : 0.000000,
        "50" : 0.000000,
        "100" : 0.010000,
        "250" : 17.345842,
        "500" : 22.268354,
        "750" : 14.890322,
        "1000" : 14.033802
      },
      "latency_ms" : {
        "2" : 29.033119,
        "4" : 2.354961,
        "10" : 0.037448,
        "20" : 0.010000,
        "50" : 0.012408,
        "100" : 0.013345,
        "250" : 0.000000,
        "500" : 0.000000,
        "750" : 0.000000,
        "1000" : 0.000000,
        "2000" : 0.000000,
        ">=2000" : 0.000000
      },
      "latency_depth" : 20,
      "latency_target" : 0,
      "latency_percentile" : 100.000000,
      "latency_window" : 0
    }
  ],
  "disk_util" : [
    {
      "name" : "nvme0n1",
      "read_ios" : 0,
      "write_ios" : 2238352,
      "read_merges" : 0,
      "write_merges" : 17,
      "read_ticks" : 0,
      "write_ticks" : 1787827,
      "in_queue" : 31792,
      "util" : 98.524949
    }
  ]
}
