{
  "fio version" : "fio-3.16",
  "timestamp" : 1601051544,
  "timestamp_ms" : 1601051544699,
  "time" : "Fri Sep 25 12:32:24 2020",
  "global options" : {
    "unified_rw_reporting" : "1",
    "time_based" : "1",
    "runtime" : "90",
    "directory" : "/media/auto/work/tmp",
    "filename" : "testfile.dat",
    "filesize" : "20GiB",
    "direct" : "1",
    "ioengine" : "libaio"
  },
  "jobs" : [
    {
      "jobname" : "jobname",
      "groupid" : 0,
      "error" : 0,
      "eta" : 0,
      "elapsed" : 91,
      "job options" : {
        "name" : "jobname",
        "iodepth" : "28",
        "bs" : "256k",
        "rw" : "randwrite"
      },
      "mixed" : {
        "io_bytes" : 64831356928,
        "io_kbytes" : 63311872,
        "bw_bytes" : 720236373,
        "bw" : 703355,
        "iops" : 2747.483725,
        "runtime" : 90014,
        "total_ios" : 247312,
        "short_ios" : 0,
        "drop_ios" : 0,
        "slat_ns" : {
          "min" : 6482,
          "max" : 12802826,
          "mean" : 15707.809754,
          "stddev" : 58700.960565
        },
        "clat_ns" : {
          "min" : 406082,
          "max" : 416126700,
          "mean" : 10174198.467054,
          "stddev" : 6193647.114925,
          "percentile" : {
            "1.000000" : 2834432,
            "5.000000" : 2965504,
            "10.000000" : 3063808,
            "20.000000" : 9633792,
            "30.000000" : 10158080,
            "40.000000" : 10420224,
            "50.000000" : 10682368,
            "60.000000" : 10813440,
            "70.000000" : 11075584,
            "80.000000" : 11599872,
            "90.000000" : 12648448,
            "95.000000" : 13697024,
            "99.000000" : 17432576,
            "99.500000" : 20840448,
            "99.900000" : 60555264,
            "99.950000" : 66846720,
            "99.990000" : 304087040
          }
        },
        "lat_ns" : {
          "min" : 453721,
          "max" : 416139925,
          "mean" : 10190057.331759,
          "stddev" : 6194070.248950
        },
        "bw_min" : 289279,
        "bw_max" : 2338304,
        "bw_agg" : 99.998155,
        "bw_mean" : 703342.022222,
        "bw_dev" : 323345.719643,
        "bw_samples" : 180,
        "iops_min" : 1129,
        "iops_max" : 9134,
        "iops_mean" : 2747.405556,
        "iops_stddev" : 1263.072554,
        "iops_samples" : 180
      },
      "job_runtime" : 90013,
      "usr_cpu" : 1.246487,
      "sys_cpu" : 4.260496,
      "ctx" : 246834,
      "majf" : 0,
      "minf" : 13,
      "iodepth_level" : {
        "1" : 0.100000,
        "2" : 0.100000,
        "4" : 0.100000,
        "8" : 0.100000,
        "16" : 99.993935,
        "32" : 0.000000,
        ">=64" : 0.000000
      },
      "iodepth_submit" : {
        "0" : 0.000000,
        "4" : 100.000000,
        "8" : 0.000000,
        "16" : 0.000000,
        "32" : 0.000000,
        "64" : 0.000000,
        ">=64" : 0.000000
      },
      "iodepth_complete" : {
        "0" : 0.000000,
        "4" : 99.999596,
        "8" : 0.000000,
        "16" : 0.000000,
        "32" : 0.100000,
        "64" : 0.000000,
        ">=64" : 0.000000
      },
      "latency_ns" : {
        "2" : 0.000000,
        "4" : 0.000000,
        "10" : 0.000000,
        "20" : 0.000000,
        "50" : 0.000000,
        "100" : 0.000000,
        "250" : 0.000000,
        "500" : 0.000000,
        "750" : 0.000000,
        "1000" : 0.000000
      },
      "latency_us" : {
        "2" : 0.000000,
        "4" : 0.000000,
        "10" : 0.000000,
        "20" : 0.000000,
        "50" : 0.000000,
        "100" : 0.000000,
        "250" : 0.000000,
        "500" : 0.010000,
        "750" : 0.010000,
        "1000" : 0.010000
      },
      "latency_ms" : {
        "2" : 0.028304,
        "4" : 13.159895,
        "10" : 13.612360,
        "20" : 72.628906,
        "50" : 0.414861,
        "100" : 0.122113,
        "250" : 0.010000,
        "500" : 0.018600,
        "750" : 0.000000,
        "1000" : 0.000000,
        "2000" : 0.000000,
        ">=2000" : 0.000000
      },
      "latency_depth" : 28,
      "latency_target" : 0,
      "latency_percentile" : 100.000000,
      "latency_window" : 0
    }
  ],
  "disk_util" : [
    {
      "name" : "nvme0n1",
      "read_ios" : 0,
      "write_ios" : 247080,
      "read_merges" : 0,
      "write_merges" : 17,
      "read_ticks" : 0,
      "write_ticks" : 2513591,
      "in_queue" : 1911432,
      "util" : 97.953467
    }
  ]
}
