{
  "fio version" : "fio-3.16",
  "timestamp" : 1601044760,
  "timestamp_ms" : 1601044760634,
  "time" : "Fri Sep 25 10:39:20 2020",
  "global options" : {
    "unified_rw_reporting" : "1",
    "time_based" : "1",
    "runtime" : "90",
    "directory" : "/media/auto/work/tmp",
    "filename" : "testfile.dat",
    "filesize" : "20GiB",
    "direct" : "1",
    "ioengine" : "libaio"
  },
  "jobs" : [
    {
      "jobname" : "jobname",
      "groupid" : 0,
      "error" : 0,
      "eta" : 0,
      "elapsed" : 91,
      "job options" : {
        "name" : "jobname",
        "iodepth" : "20",
        "bs" : "4k",
        "rw" : "write"
      },
      "mixed" : {
        "io_bytes" : 69338656768,
        "io_kbytes" : 67713532,
        "bw_bytes" : 770420959,
        "bw" : 752364,
        "iops" : 188091.054544,
        "runtime" : 90001,
        "total_ios" : 16928383,
        "short_ios" : 0,
        "drop_ios" : 0,
        "slat_ns" : {
          "min" : 1432,
          "max" : 141957,
          "mean" : 2921.545538,
          "stddev" : 1212.746181
        },
        "clat_ns" : {
          "min" : 8817,
          "max" : 65180531,
          "mean" : 102922.406258,
          "stddev" : 303111.243926,
          "percentile" : {
            "1.000000" : 48896,
            "5.000000" : 55552,
            "10.000000" : 56576,
            "20.000000" : 59648,
            "30.000000" : 60672,
            "40.000000" : 63232,
            "50.000000" : 76288,
            "60.000000" : 83456,
            "70.000000" : 84480,
            "80.000000" : 90624,
            "90.000000" : 120320,
            "95.000000" : 252928,
            "99.000000" : 692224,
            "99.500000" : 921600,
            "99.900000" : 1548288,
            "99.950000" : 1826816,
            "99.990000" : 2539520
          }
        },
        "lat_ns" : {
          "min" : 10530,
          "max" : 65182214,
          "mean" : 105942.843151,
          "stddev" : 303072.005798
        },
        "bw_min" : 609767,
        "bw_max" : 1303576,
        "bw_agg" : 100.000000,
        "bw_mean" : 752750.452514,
        "bw_dev" : 212881.651726,
        "bw_samples" : 179,
        "iops_min" : 152441,
        "iops_max" : 325894,
        "iops_mean" : 188187.636872,
        "iops_stddev" : 53220.454879,
        "iops_samples" : 179
      },
      "job_runtime" : 90000,
      "usr_cpu" : 17.052222,
      "sys_cpu" : 54.630000,
      "ctx" : 380773,
      "majf" : 0,
      "minf" : 11,
      "iodepth_level" : {
        "1" : 0.100000,
        "2" : 0.100000,
        "4" : 0.100000,
        "8" : 0.100000,
        "16" : 99.999646,
        "32" : 0.000000,
        ">=64" : 0.000000
      },
      "iodepth_submit" : {
        "0" : 0.000000,
        "4" : 100.000000,
        "8" : 0.000000,
        "16" : 0.000000,
        "32" : 0.000000,
        "64" : 0.000000,
        ">=64" : 0.000000
      },
      "iodepth_complete" : {
        "0" : 0.000000,
        "4" : 99.999976,
        "8" : 0.000000,
        "16" : 0.000000,
        "32" : 0.100000,
        "64" : 0.000000,
        ">=64" : 0.000000
      },
      "latency_ns" : {
        "2" : 0.000000,
        "4" : 0.000000,
        "10" : 0.000000,
        "20" : 0.000000,
        "50" : 0.000000,
        "100" : 0.000000,
        "250" : 0.000000,
        "500" : 0.000000,
        "750" : 0.000000,
        "1000" : 0.000000
      },
      "latency_us" : {
        "2" : 0.000000,
        "4" : 0.000000,
        "10" : 0.010000,
        "20" : 0.010000,
        "50" : 1.261562,
        "100" : 82.999392,
        "250" : 10.675580,
        "500" : 3.101608,
        "750" : 1.130043,
        "1000" : 0.433680
      },
      "latency_ms" : {
        "2" : 0.372375,
        "4" : 0.020150,
        "10" : 0.010000,
        "20" : 0.010000,
        "50" : 0.010000,
        "100" : 0.010000,
        "250" : 0.000000,
        "500" : 0.000000,
        "750" : 0.000000,
        "1000" : 0.000000,
        "2000" : 0.000000,
        ">=2000" : 0.000000
      },
      "latency_depth" : 20,
      "latency_target" : 0,
      "latency_percentile" : 100.000000,
      "latency_window" : 0
    }
  ],
  "disk_util" : [
    {
      "name" : "nvme0n1",
      "read_ios" : 0,
      "write_ios" : 16912506,
      "read_merges" : 0,
      "write_merges" : 17,
      "read_ticks" : 0,
      "write_ticks" : 836406,
      "in_queue" : 28300,
      "util" : 98.567093
    }
  ]
}
