{
  "fio version" : "fio-3.16",
  "timestamp" : 1601050631,
  "timestamp_ms" : 1601050631616,
  "time" : "Fri Sep 25 12:17:11 2020",
  "global options" : {
    "unified_rw_reporting" : "1",
    "time_based" : "1",
    "runtime" : "90",
    "directory" : "/media/auto/work/tmp",
    "filename" : "testfile.dat",
    "filesize" : "20GiB",
    "direct" : "1",
    "ioengine" : "libaio"
  },
  "jobs" : [
    {
      "jobname" : "jobname",
      "groupid" : 0,
      "error" : 0,
      "eta" : 0,
      "elapsed" : 91,
      "job options" : {
        "name" : "jobname",
        "iodepth" : "20",
        "bs" : "32k",
        "rw" : "randwrite"
      },
      "mixed" : {
        "io_bytes" : 67119218688,
        "io_kbytes" : 65546112,
        "bw_bytes" : 745297075,
        "bw" : 727829,
        "iops" : 22744.661714,
        "runtime" : 90057,
        "total_ios" : 2048316,
        "short_ios" : 0,
        "drop_ios" : 0,
        "slat_ns" : {
          "min" : 2404,
          "max" : 293360,
          "mean" : 4638.581193,
          "stddev" : 1192.834299
        },
        "clat_ns" : {
          "min" : 98134,
          "max" : 67413781,
          "mean" : 873972.986590,
          "stddev" : 960823.992627,
          "percentile" : {
            "1.000000" : 205824,
            "5.000000" : 234496,
            "10.000000" : 264192,
            "20.000000" : 362496,
            "30.000000" : 489472,
            "40.000000" : 634880,
            "50.000000" : 782336,
            "60.000000" : 929792,
            "70.000000" : 1089536,
            "80.000000" : 1286144,
            "90.000000" : 1564672,
            "95.000000" : 1777664,
            "99.000000" : 2244608,
            "99.500000" : 2441216,
            "99.900000" : 3784704,
            "99.950000" : 7241728,
            "99.990000" : 54263808
          }
        },
        "lat_ns" : {
          "min" : 103334,
          "max" : 67417799,
          "mean" : 878731.301277,
          "stddev" : 960858.665520
        },
        "bw_min" : 616319,
        "bw_max" : 2160768,
        "bw_agg" : 100.000000,
        "bw_mean" : 728261.355556,
        "bw_dev" : 299611.728302,
        "bw_samples" : 180,
        "iops_min" : 19259,
        "iops_max" : 67524,
        "iops_mean" : 22758.161111,
        "iops_stddev" : 9362.867996,
        "iops_samples" : 180
      },
      "job_runtime" : 90056,
      "usr_cpu" : 3.809852,
      "sys_cpu" : 13.390557,
      "ctx" : 1961906,
      "majf" : 0,
      "minf" : 11,
      "iodepth_level" : {
        "1" : 0.100000,
        "2" : 0.100000,
        "4" : 0.100000,
        "8" : 0.100000,
        "16" : 99.999268,
        "32" : 0.000000,
        ">=64" : 0.000000
      },
      "iodepth_submit" : {
        "0" : 0.000000,
        "4" : 100.000000,
        "8" : 0.000000,
        "16" : 0.000000,
        "32" : 0.000000,
        "64" : 0.000000,
        ">=64" : 0.000000
      },
      "iodepth_complete" : {
        "0" : 0.000000,
        "4" : 99.999951,
        "8" : 0.000000,
        "16" : 0.000000,
        "32" : 0.100000,
        "64" : 0.000000,
        ">=64" : 0.000000
      },
      "latency_ns" : {
        "2" : 0.000000,
        "4" : 0.000000,
        "10" : 0.000000,
        "20" : 0.000000,
        "50" : 0.000000,
        "100" : 0.000000,
        "250" : 0.000000,
        "500" : 0.000000,
        "750" : 0.000000,
        "1000" : 0.000000
      },
      "latency_us" : {
        "2" : 0.000000,
        "4" : 0.000000,
        "10" : 0.000000,
        "20" : 0.000000,
        "50" : 0.000000,
        "100" : 0.010000,
        "250" : 7.922655,
        "500" : 22.755327,
        "750" : 17.104978,
        "1000" : 16.563655
      },
      "latency_ms" : {
        "2" : 33.385376,
        "4" : 2.184429,
        "10" : 0.039447,
        "20" : 0.010692,
        "50" : 0.018454,
        "100" : 0.014597,
        "250" : 0.000000,
        "500" : 0.000000,
        "750" : 0.000000,
        "1000" : 0.000000,
        "2000" : 0.000000,
        ">=2000" : 0.000000
      },
      "latency_depth" : 20,
      "latency_target" : 0,
      "latency_percentile" : 100.000000,
      "latency_window" : 0
    }
  ],
  "disk_util" : [
    {
      "name" : "nvme0n1",
      "read_ios" : 0,
      "write_ios" : 2046266,
      "read_merges" : 0,
      "write_merges" : 17,
      "read_ticks" : 0,
      "write_ticks" : 1789036,
      "in_queue" : 33744,
      "util" : 98.458255
    }
  ]
}
