{
  "fio version" : "fio-3.16",
  "timestamp" : 1601046848,
  "timestamp_ms" : 1601046848332,
  "time" : "Fri Sep 25 11:14:08 2020",
  "global options" : {
    "unified_rw_reporting" : "1",
    "time_based" : "1",
    "runtime" : "90",
    "directory" : "/media/auto/work/tmp",
    "filename" : "testfile.dat",
    "filesize" : "20GiB",
    "direct" : "1",
    "ioengine" : "libaio"
  },
  "jobs" : [
    {
      "jobname" : "jobname",
      "groupid" : 0,
      "error" : 0,
      "eta" : 0,
      "elapsed" : 91,
      "job options" : {
        "name" : "jobname",
        "iodepth" : "24",
        "bs" : "32k",
        "rw" : "write"
      },
      "mixed" : {
        "io_bytes" : 73450192896,
        "io_kbytes" : 71728704,
        "bw_bytes" : 815478992,
        "bw" : 796366,
        "iops" : 24886.443877,
        "runtime" : 90070,
        "total_ios" : 2241522,
        "short_ios" : 0,
        "drop_ios" : 0,
        "slat_ns" : {
          "min" : 2335,
          "max" : 784172,
          "mean" : 4557.713461,
          "stddev" : 1381.153071
        },
        "clat_ns" : {
          "min" : 96521,
          "max" : 70283196,
          "mean" : 959168.859277,
          "stddev" : 1022950.740771,
          "percentile" : {
            "1.000000" : 242688,
            "5.000000" : 264192,
            "10.000000" : 280576,
            "20.000000" : 321536,
            "30.000000" : 456704,
            "40.000000" : 684032,
            "50.000000" : 880640,
            "60.000000" : 1073152,
            "70.000000" : 1253376,
            "80.000000" : 1466368,
            "90.000000" : 1744896,
            "95.000000" : 1941504,
            "99.000000" : 2408448,
            "99.500000" : 2670592,
            "99.900000" : 3981312,
            "99.950000" : 6979584,
            "99.990000" : 51642368
          }
        },
        "lat_ns" : {
          "min" : 100789,
          "max" : 70288857,
          "mean" : 963848.352387,
          "stddev" : 1023033.342616
        },
        "bw_min" : 614143,
        "bw_max" : 2476160,
        "bw_agg" : 100.000000,
        "bw_mean" : 796886.905556,
        "bw_dev" : 451541.221091,
        "bw_samples" : 180,
        "iops_min" : 19191,
        "iops_max" : 77382,
        "iops_mean" : 24902.711111,
        "iops_stddev" : 14110.687750,
        "iops_samples" : 180
      },
      "job_runtime" : 90069,
      "usr_cpu" : 4.179018,
      "sys_cpu" : 14.216878,
      "ctx" : 2123650,
      "majf" : 0,
      "minf" : 11,
      "iodepth_level" : {
        "1" : 0.100000,
        "2" : 0.100000,
        "4" : 0.100000,
        "8" : 0.100000,
        "16" : 99.997323,
        "32" : 0.000000,
        ">=64" : 0.000000
      },
      "iodepth_submit" : {
        "0" : 0.000000,
        "4" : 100.000000,
        "8" : 0.000000,
        "16" : 0.000000,
        "32" : 0.000000,
        "64" : 0.000000,
        ">=64" : 0.000000
      },
      "iodepth_complete" : {
        "0" : 0.000000,
        "4" : 99.999822,
        "8" : 0.000000,
        "16" : 0.000000,
        "32" : 0.100000,
        "64" : 0.000000,
        ">=64" : 0.000000
      },
      "latency_ns" : {
        "2" : 0.000000,
        "4" : 0.000000,
        "10" : 0.000000,
        "20" : 0.000000,
        "50" : 0.000000,
        "100" : 0.000000,
        "250" : 0.000000,
        "500" : 0.000000,
        "750" : 0.000000,
        "1000" : 0.000000
      },
      "latency_us" : {
        "2" : 0.000000,
        "4" : 0.000000,
        "10" : 0.000000,
        "20" : 0.000000,
        "50" : 0.000000,
        "100" : 0.010000,
        "250" : 1.823315,
        "500" : 29.834550,
        "750" : 11.590027,
        "1000" : 13.037213
      },
      "latency_ms" : {
        "2" : 39.656269,
        "4" : 3.959631,
        "10" : 0.055855,
        "20" : 0.010000,
        "50" : 0.022663,
        "100" : 0.011956,
        "250" : 0.000000,
        "500" : 0.000000,
        "750" : 0.000000,
        "1000" : 0.000000,
        "2000" : 0.000000,
        ">=2000" : 0.000000
      },
      "latency_depth" : 24,
      "latency_target" : 0,
      "latency_percentile" : 100.000000,
      "latency_window" : 0
    }
  ],
  "disk_util" : [
    {
      "name" : "nvme0n1",
      "read_ios" : 0,
      "write_ios" : 2239414,
      "read_merges" : 0,
      "write_merges" : 17,
      "read_ticks" : 0,
      "write_ticks" : 2147883,
      "in_queue" : 39200,
      "util" : 98.502651
    }
  ]
}
