{
  "fio version" : "fio-3.16",
  "timestamp" : 1601057463,
  "timestamp_ms" : 1601057463480,
  "time" : "Fri Sep 25 14:11:03 2020",
  "global options" : {
    "unified_rw_reporting" : "1",
    "time_based" : "1",
    "runtime" : "90",
    "directory" : "/media/auto/work/tmp",
    "filename" : "testfile.dat",
    "filesize" : "20GiB",
    "direct" : "1",
    "ioengine" : "libaio"
  },
  "jobs" : [
    {
      "jobname" : "jobname",
      "groupid" : 0,
      "error" : 0,
      "eta" : 0,
      "elapsed" : 91,
      "job options" : {
        "name" : "jobname",
        "iodepth" : "24",
        "bs" : "4k",
        "rw" : "randread"
      },
      "mixed" : {
        "io_bytes" : 66960523264,
        "io_kbytes" : 65391136,
        "bw_bytes" : 743997547,
        "bw" : 726560,
        "iops" : 181640.026222,
        "runtime" : 90001,
        "total_ios" : 16347784,
        "short_ios" : 0,
        "drop_ios" : 0,
        "slat_ns" : {
          "min" : 1312,
          "max" : 722265,
          "mean" : 2686.689807,
          "stddev" : 1532.847601
        },
        "clat_ns" : {
          "min" : 29084,
          "max" : 918964,
          "mean" : 128852.371349,
          "stddev" : 58009.367303,
          "percentile" : {
            "1.000000" : 66048,
            "5.000000" : 70144,
            "10.000000" : 75264,
            "20.000000" : 83456,
            "30.000000" : 91648,
            "40.000000" : 99840,
            "50.000000" : 112128,
            "60.000000" : 126464,
            "70.000000" : 142336,
            "80.000000" : 164864,
            "90.000000" : 203776,
            "95.000000" : 242688,
            "99.000000" : 333824,
            "99.500000" : 370688,
            "99.900000" : 456704,
            "99.950000" : 493568,
            "99.990000" : 577536
          }
        },
        "lat_ns" : {
          "min" : 39775,
          "max" : 920637,
          "mean" : 131642.234708,
          "stddev" : 58039.751026
        },
        "bw_min" : 716552,
        "bw_max" : 734184,
        "bw_agg" : 100.000000,
        "bw_mean" : 726563.111732,
        "bw_dev" : 3178.680190,
        "bw_samples" : 179,
        "iops_min" : 179138,
        "iops_max" : 183548,
        "iops_mean" : 181640.776536,
        "iops_stddev" : 794.619961,
        "iops_samples" : 179
      },
      "job_runtime" : 90000,
      "usr_cpu" : 20.045556,
      "sys_cpu" : 55.050000,
      "ctx" : 3876534,
      "majf" : 0,
      "minf" : 35,
      "iodepth_level" : {
        "1" : 0.100000,
        "2" : 0.100000,
        "4" : 0.100000,
        "8" : 0.100000,
        "16" : 99.999908,
        "32" : 0.000000,
        ">=64" : 0.000000
      },
      "iodepth_submit" : {
        "0" : 0.000000,
        "4" : 100.000000,
        "8" : 0.000000,
        "16" : 0.000000,
        "32" : 0.000000,
        "64" : 0.000000,
        ">=64" : 0.000000
      },
      "iodepth_complete" : {
        "0" : 0.000000,
        "4" : 99.999994,
        "8" : 0.000000,
        "16" : 0.000000,
        "32" : 0.100000,
        "64" : 0.000000,
        ">=64" : 0.000000
      },
      "latency_ns" : {
        "2" : 0.000000,
        "4" : 0.000000,
        "10" : 0.000000,
        "20" : 0.000000,
        "50" : 0.000000,
        "100" : 0.000000,
        "250" : 0.000000,
        "500" : 0.000000,
        "750" : 0.000000,
        "1000" : 0.000000
      },
      "latency_us" : {
        "2" : 0.000000,
        "4" : 0.000000,
        "10" : 0.000000,
        "20" : 0.000000,
        "50" : 0.040122,
        "100" : 39.750372,
        "250" : 55.736882,
        "500" : 4.428441,
        "750" : 0.043871,
        "1000" : 0.010000
      },
      "latency_ms" : {
        "2" : 0.000000,
        "4" : 0.000000,
        "10" : 0.000000,
        "20" : 0.000000,
        "50" : 0.000000,
        "100" : 0.000000,
        "250" : 0.000000,
        "500" : 0.000000,
        "750" : 0.000000,
        "1000" : 0.000000,
        "2000" : 0.000000,
        ">=2000" : 0.000000
      },
      "latency_depth" : 24,
      "latency_target" : 0,
      "latency_percentile" : 100.000000,
      "latency_window" : 0
    }
  ],
  "disk_util" : [
    {
      "name" : "nvme0n1",
      "read_ios" : 16329563,
      "write_ios" : 0,
      "read_merges" : 0,
      "write_merges" : 0,
      "read_ticks" : 1993595,
      "write_ticks" : 0,
      "in_queue" : 0,
      "util" : 99.944426
    }
  ]
}
