{
  "fio version" : "fio-3.16",
  "timestamp" : 1601046587,
  "timestamp_ms" : 1601046587316,
  "time" : "Fri Sep 25 11:09:47 2020",
  "global options" : {
    "unified_rw_reporting" : "1",
    "time_based" : "1",
    "runtime" : "90",
    "directory" : "/media/auto/work/tmp",
    "filename" : "testfile.dat",
    "filesize" : "20GiB",
    "direct" : "1",
    "ioengine" : "libaio"
  },
  "jobs" : [
    {
      "jobname" : "jobname",
      "groupid" : 0,
      "error" : 0,
      "eta" : 0,
      "elapsed" : 91,
      "job options" : {
        "name" : "jobname",
        "iodepth" : "12",
        "bs" : "32k",
        "rw" : "write"
      },
      "mixed" : {
        "io_bytes" : 73413263360,
        "io_kbytes" : 71692640,
        "bw_bytes" : 815168537,
        "bw" : 796063,
        "iops" : 24876.969542,
        "runtime" : 90059,
        "total_ios" : 2240395,
        "short_ios" : 0,
        "drop_ios" : 0,
        "slat_ns" : {
          "min" : 2274,
          "max" : 755899,
          "mean" : 4535.881540,
          "stddev" : 1382.998194
        },
        "clat_ns" : {
          "min" : 53540,
          "max" : 65454835,
          "mean" : 477223.367942,
          "stddev" : 749122.311408,
          "percentile" : {
            "1.000000" : 111104,
            "5.000000" : 126464,
            "10.000000" : 134144,
            "20.000000" : 148480,
            "30.000000" : 179200,
            "40.000000" : 244736,
            "50.000000" : 329728,
            "60.000000" : 440320,
            "70.000000" : 569344,
            "80.000000" : 733184,
            "90.000000" : 1011712,
            "95.000000" : 1286144,
            "99.000000" : 1843200,
            "99.500000" : 2088960,
            "99.900000" : 2506752,
            "99.950000" : 3424256,
            "99.990000" : 38535168
          }
        },
        "lat_ns" : {
          "min" : 58370,
          "max" : 65459063,
          "mean" : 481878.917112,
          "stddev" : 749172.275940
        },
        "bw_min" : 619647,
        "bw_max" : 2481920,
        "bw_agg" : 100.000000,
        "bw_mean" : 796566.144444,
        "bw_dev" : 452509.613436,
        "bw_samples" : 180,
        "iops_min" : 19363,
        "iops_max" : 77560,
        "iops_mean" : 24892.688889,
        "iops_stddev" : 14140.926060,
        "iops_samples" : 180
      },
      "job_runtime" : 90058,
      "usr_cpu" : 4.049612,
      "sys_cpu" : 14.315219,
      "ctx" : 2131085,
      "majf" : 0,
      "minf" : 12,
      "iodepth_level" : {
        "1" : 0.100000,
        "2" : 0.100000,
        "4" : 0.100000,
        "8" : 99.998750,
        "16" : 0.000000,
        "32" : 0.000000,
        ">=64" : 0.000000
      },
      "iodepth_submit" : {
        "0" : 0.000000,
        "4" : 100.000000,
        "8" : 0.000000,
        "16" : 0.000000,
        "32" : 0.000000,
        "64" : 0.000000,
        ">=64" : 0.000000
      },
      "iodepth_complete" : {
        "0" : 0.000000,
        "4" : 99.999821,
        "8" : 0.000000,
        "16" : 0.100000,
        "32" : 0.000000,
        "64" : 0.000000,
        ">=64" : 0.000000
      },
      "latency_ns" : {
        "2" : 0.000000,
        "4" : 0.000000,
        "10" : 0.000000,
        "20" : 0.000000,
        "50" : 0.000000,
        "100" : 0.000000,
        "250" : 0.000000,
        "500" : 0.000000,
        "750" : 0.000000,
        "1000" : 0.000000
      },
      "latency_us" : {
        "2" : 0.000000,
        "4" : 0.000000,
        "10" : 0.000000,
        "20" : 0.000000,
        "50" : 0.000000,
        "100" : 0.051553,
        "250" : 40.525934,
        "500" : 24.347715,
        "750" : 15.885190,
        "1000" : 8.833844
      },
      "latency_ms" : {
        "2" : 9.692621,
        "4" : 0.622971,
        "10" : 0.015354,
        "20" : 0.010000,
        "50" : 0.010000,
        "100" : 0.010000,
        "250" : 0.000000,
        "500" : 0.000000,
        "750" : 0.000000,
        "1000" : 0.000000,
        "2000" : 0.000000,
        ">=2000" : 0.000000
      },
      "latency_depth" : 12,
      "latency_target" : 0,
      "latency_percentile" : 100.000000,
      "latency_window" : 0
    }
  ],
  "disk_util" : [
    {
      "name" : "nvme0n1",
      "read_ios" : 0,
      "write_ios" : 2238370,
      "read_merges" : 0,
      "write_merges" : 17,
      "read_ticks" : 0,
      "write_ticks" : 1069388,
      "in_queue" : 20740,
      "util" : 98.384856
    }
  ]
}
