{
  "fio version" : "fio-3.16",
  "timestamp" : 1601064974,
  "timestamp_ms" : 1601064974156,
  "time" : "Fri Sep 25 16:16:14 2020",
  "global options" : {
    "unified_rw_reporting" : "1",
    "time_based" : "1",
    "runtime" : "90",
    "directory" : "/media/auto/work/tmp",
    "filename" : "testfile.dat",
    "filesize" : "20GiB",
    "direct" : "1",
    "ioengine" : "libaio"
  },
  "jobs" : [
    {
      "jobname" : "jobname",
      "groupid" : 0,
      "error" : 0,
      "eta" : 0,
      "elapsed" : 91,
      "job options" : {
        "name" : "jobname",
        "iodepth" : "32",
        "bs" : "4k",
        "rw" : "read"
      },
      "mixed" : {
        "io_bytes" : 128530194432,
        "io_kbytes" : 125517768,
        "bw_bytes" : 1428097403,
        "bw" : 1394626,
        "iops" : 348656.592705,
        "runtime" : 90001,
        "total_ios" : 31379442,
        "short_ios" : 0,
        "drop_ios" : 0,
        "slat_ns" : {
          "min" : 1262,
          "max" : 217859,
          "mean" : 1908.906330,
          "stddev" : 737.245042
        },
        "clat_ns" : {
          "min" : 6732,
          "max" : 537008,
          "mean" : 89344.898852,
          "stddev" : 9396.092472,
          "percentile" : {
            "1.000000" : 83456,
            "5.000000" : 84480,
            "10.000000" : 84480,
            "20.000000" : 84480,
            "30.000000" : 85504,
            "40.000000" : 85504,
            "50.000000" : 87552,
            "60.000000" : 90624,
            "70.000000" : 91648,
            "80.000000" : 92672,
            "90.000000" : 93696,
            "95.000000" : 97792,
            "99.000000" : 102912,
            "99.500000" : 114176,
            "99.900000" : 261120,
            "99.950000" : 280576,
            "99.990000" : 325632
          }
        },
        "lat_ns" : {
          "min" : 8846,
          "max" : 538360,
          "mean" : 91351.623200,
          "stddev" : 9426.277088
        },
        "bw_min" : 1370864,
        "bw_max" : 1414544,
        "bw_agg" : 99.986117,
        "bw_mean" : 1394432.385475,
        "bw_dev" : 7769.998196,
        "bw_samples" : 179,
        "iops_min" : 342714,
        "iops_max" : 353638,
        "iops_mean" : 348608.122905,
        "iops_stddev" : 1942.464870,
        "iops_samples" : 179
      },
      "job_runtime" : 90000,
      "usr_cpu" : 32.152222,
      "sys_cpu" : 67.406667,
      "ctx" : 18079,
      "majf" : 0,
      "minf" : 43,
      "iodepth_level" : {
        "1" : 0.100000,
        "2" : 0.100000,
        "4" : 0.100000,
        "8" : 0.100000,
        "16" : 0.100000,
        "32" : 99.999308,
        ">=64" : 0.000000
      },
      "iodepth_submit" : {
        "0" : 0.000000,
        "4" : 100.000000,
        "8" : 0.000000,
        "16" : 0.000000,
        "32" : 0.000000,
        "64" : 0.000000,
        ">=64" : 0.000000
      },
      "iodepth_complete" : {
        "0" : 0.000000,
        "4" : 99.999978,
        "8" : 0.000000,
        "16" : 0.000000,
        "32" : 0.100000,
        "64" : 0.000000,
        ">=64" : 0.000000
      },
      "latency_ns" : {
        "2" : 0.000000,
        "4" : 0.000000,
        "10" : 0.000000,
        "20" : 0.000000,
        "50" : 0.000000,
        "100" : 0.000000,
        "250" : 0.000000,
        "500" : 0.000000,
        "750" : 0.000000,
        "1000" : 0.000000
      },
      "latency_us" : {
        "2" : 0.000000,
        "4" : 0.000000,
        "10" : 0.010000,
        "20" : 0.010000,
        "50" : 0.010000,
        "100" : 96.963984,
        "250" : 2.907270,
        "500" : 0.127960,
        "750" : 0.010000,
        "1000" : 0.000000
      },
      "latency_ms" : {
        "2" : 0.000000,
        "4" : 0.000000,
        "10" : 0.000000,
        "20" : 0.000000,
        "50" : 0.000000,
        "100" : 0.000000,
        "250" : 0.000000,
        "500" : 0.000000,
        "750" : 0.000000,
        "1000" : 0.000000,
        "2000" : 0.000000,
        ">=2000" : 0.000000
      },
      "latency_depth" : 32,
      "latency_target" : 0,
      "latency_percentile" : 100.000000,
      "latency_window" : 0
    }
  ],
  "disk_util" : [
    {
      "name" : "nvme0n1",
      "read_ios" : 31344333,
      "write_ios" : 0,
      "read_merges" : 0,
      "write_merges" : 0,
      "read_ticks" : 253454,
      "write_ticks" : 0,
      "in_queue" : 0,
      "util" : 99.979990
    }
  ]
}
