{
  "fio version" : "fio-3.16",
  "timestamp" : 1601049979,
  "timestamp_ms" : 1601049979330,
  "time" : "Fri Sep 25 12:06:19 2020",
  "global options" : {
    "unified_rw_reporting" : "1",
    "time_based" : "1",
    "runtime" : "90",
    "directory" : "/media/auto/work/tmp",
    "filename" : "testfile.dat",
    "filesize" : "20GiB",
    "direct" : "1",
    "ioengine" : "libaio"
  },
  "jobs" : [
    {
      "jobname" : "jobname",
      "groupid" : 0,
      "error" : 0,
      "eta" : 0,
      "elapsed" : 91,
      "job options" : {
        "name" : "jobname",
        "iodepth" : "20",
        "bs" : "16k",
        "rw" : "randwrite"
      },
      "mixed" : {
        "io_bytes" : 66969534464,
        "io_kbytes" : 65399936,
        "bw_bytes" : 744097670,
        "bw" : 726657,
        "iops" : 45416.117599,
        "runtime" : 90001,
        "total_ios" : 4087496,
        "short_ios" : 0,
        "drop_ios" : 0,
        "slat_ns" : {
          "min" : 1903,
          "max" : 78136,
          "mean" : 4021.340198,
          "stddev" : 1420.041940
        },
        "clat_ns" : {
          "min" : 56005,
          "max" : 65672544,
          "mean" : 435713.834130,
          "stddev" : 660989.972341,
          "percentile" : {
            "1.000000" : 105984,
            "5.000000" : 121344,
            "10.000000" : 129536,
            "20.000000" : 148480,
            "30.000000" : 181248,
            "40.000000" : 230400,
            "50.000000" : 292864,
            "60.000000" : 378880,
            "70.000000" : 493568,
            "80.000000" : 651264,
            "90.000000" : 929792,
            "95.000000" : 1204224,
            "99.000000" : 1744896,
            "99.500000" : 1990656,
            "99.900000" : 2441216,
            "99.950000" : 3162112,
            "99.990000" : 28442624
          }
        },
        "lat_ns" : {
          "min" : 58049,
          "max" : 65675800,
          "mean" : 439861.057613,
          "stddev" : 660968.432123
        },
        "bw_min" : 612927,
        "bw_max" : 2070272,
        "bw_agg" : 100.000000,
        "bw_mean" : 726936.044693,
        "bw_dev" : 280738.822160,
        "bw_samples" : 179,
        "iops_min" : 38307,
        "iops_max" : 129392,
        "iops_mean" : 45433.491620,
        "iops_stddev" : 17546.155070,
        "iops_samples" : 179
      },
      "job_runtime" : 90000,
      "usr_cpu" : 6.308889,
      "sys_cpu" : 21.263333,
      "ctx" : 2279486,
      "majf" : 0,
      "minf" : 10,
      "iodepth_level" : {
        "1" : 0.100000,
        "2" : 0.100000,
        "4" : 0.100000,
        "8" : 0.100000,
        "16" : 99.999633,
        "32" : 0.000000,
        ">=64" : 0.000000
      },
      "iodepth_submit" : {
        "0" : 0.000000,
        "4" : 100.000000,
        "8" : 0.000000,
        "16" : 0.000000,
        "32" : 0.000000,
        "64" : 0.000000,
        ">=64" : 0.000000
      },
      "iodepth_complete" : {
        "0" : 0.000000,
        "4" : 99.999976,
        "8" : 0.000000,
        "16" : 0.000000,
        "32" : 0.100000,
        "64" : 0.000000,
        ">=64" : 0.000000
      },
      "latency_ns" : {
        "2" : 0.000000,
        "4" : 0.000000,
        "10" : 0.000000,
        "20" : 0.000000,
        "50" : 0.000000,
        "100" : 0.000000,
        "250" : 0.000000,
        "500" : 0.000000,
        "750" : 0.000000,
        "1000" : 0.000000
      },
      "latency_us" : {
        "2" : 0.000000,
        "4" : 0.000000,
        "10" : 0.000000,
        "20" : 0.000000,
        "50" : 0.000000,
        "100" : 0.377028,
        "250" : 42.978097,
        "500" : 27.079611,
        "750" : 14.037053,
        "1000" : 7.201377
      },
      "latency_ms" : {
        "2" : 7.834797,
        "4" : 0.459768,
        "10" : 0.010000,
        "20" : 0.010000,
        "50" : 0.010000,
        "100" : 0.010000,
        "250" : 0.000000,
        "500" : 0.000000,
        "750" : 0.000000,
        "1000" : 0.000000,
        "2000" : 0.000000,
        ">=2000" : 0.000000
      },
      "latency_depth" : 20,
      "latency_target" : 0,
      "latency_percentile" : 100.000000,
      "latency_window" : 0
    }
  ],
  "disk_util" : [
    {
      "name" : "nvme0n1",
      "read_ios" : 0,
      "write_ios" : 4083270,
      "read_merges" : 0,
      "write_merges" : 17,
      "read_ticks" : 0,
      "write_ticks" : 1761400,
      "in_queue" : 30252,
      "util" : 98.500395
    }
  ]
}
