{
  "fio version" : "fio-3.16",
  "timestamp" : 1600572147,
  "timestamp_ms" : 1600572147694,
  "time" : "Sat Sep 19 23:22:27 2020",
  "global options" : {
    "unified_rw_reporting" : "1",
    "time_based" : "1",
    "runtime" : "90",
    "directory" : "/media/auto/work/tmp",
    "filename" : "testfile.dat",
    "filesize" : "20GiB",
    "direct" : "1",
    "ioengine" : "libaio"
  },
  "jobs" : [
    {
      "jobname" : "jobname",
      "groupid" : 0,
      "error" : 0,
      "eta" : 0,
      "elapsed" : 91,
      "job options" : {
        "name" : "jobname",
        "iodepth" : "2",
        "bs" : "512k",
        "rw" : "randwrite"
      },
      "mixed" : {
        "io_bytes" : 67323297792,
        "io_kbytes" : 65745408,
        "bw_bytes" : 747596390,
        "bw" : 730074,
        "iops" : 1425.926954,
        "runtime" : 90053,
        "total_ios" : 128409,
        "short_ios" : 0,
        "drop_ios" : 0,
        "slat_ns" : {
          "min" : 13205,
          "max" : 245461,
          "mean" : 27958.495378,
          "stddev" : 2862.824603
        },
        "clat_ns" : {
          "min" : 191269,
          "max" : 71081955,
          "mean" : 1373701.059918,
          "stddev" : 1240485.396465,
          "percentile" : {
            "1.000000" : 301056,
            "5.000000" : 337920,
            "10.000000" : 391168,
            "20.000000" : 593920,
            "30.000000" : 946176,
            "40.000000" : 1204224,
            "50.000000" : 1400832,
            "60.000000" : 1581056,
            "70.000000" : 1744896,
            "80.000000" : 1908736,
            "90.000000" : 2113536,
            "95.000000" : 2277376,
            "99.000000" : 3227648,
            "99.500000" : 3751936,
            "99.900000" : 6127616,
            "99.950000" : 23461888,
            "99.990000" : 62128128
          }
        },
        "lat_ns" : {
          "min" : 263895,
          "max" : 71110097,
          "mean" : 1401799.383182,
          "stddev" : 1240524.582231
        },
        "bw_min" : 610303,
        "bw_max" : 2376704,
        "bw_agg" : 100.000000,
        "bw_mean" : 730478.233333,
        "bw_dev" : 318813.506624,
        "bw_samples" : 180,
        "iops_min" : 1191,
        "iops_max" : 4642,
        "iops_mean" : 1426.711111,
        "iops_stddev" : 622.683412,
        "iops_samples" : 180
      },
      "job_runtime" : 90052,
      "usr_cpu" : 0.657398,
      "sys_cpu" : 3.898858,
      "ctx" : 128466,
      "majf" : 0,
      "minf" : 10,
      "iodepth_level" : {
        "1" : 0.100000,
        "2" : 99.999221,
        "4" : 0.000000,
        "8" : 0.000000,
        "16" : 0.000000,
        "32" : 0.000000,
        ">=64" : 0.000000
      },
      "iodepth_submit" : {
        "0" : 0.000000,
        "4" : 100.000000,
        "8" : 0.000000,
        "16" : 0.000000,
        "32" : 0.000000,
        "64" : 0.000000,
        ">=64" : 0.000000
      },
      "iodepth_complete" : {
        "0" : 0.000000,
        "4" : 100.000000,
        "8" : 0.000000,
        "16" : 0.000000,
        "32" : 0.000000,
        "64" : 0.000000,
        ">=64" : 0.000000
      },
      "latency_ns" : {
        "2" : 0.000000,
        "4" : 0.000000,
        "10" : 0.000000,
        "20" : 0.000000,
        "50" : 0.000000,
        "100" : 0.000000,
        "250" : 0.000000,
        "500" : 0.000000,
        "750" : 0.000000,
        "1000" : 0.000000
      },
      "latency_us" : {
        "2" : 0.000000,
        "4" : 0.000000,
        "10" : 0.000000,
        "20" : 0.000000,
        "50" : 0.000000,
        "100" : 0.000000,
        "250" : 0.010000,
        "500" : 17.268260,
        "750" : 6.657633,
        "1000" : 7.765032
      },
      "latency_ms" : {
        "2" : 52.986161,
        "4" : 15.000506,
        "10" : 0.245310,
        "20" : 0.016354,
        "50" : 0.037381,
        "100" : 0.018690,
        "250" : 0.000000,
        "500" : 0.000000,
        "750" : 0.000000,
        "1000" : 0.000000,
        "2000" : 0.000000,
        ">=2000" : 0.000000
      },
      "latency_depth" : 2,
      "latency_target" : 0,
      "latency_percentile" : 100.000000,
      "latency_window" : 0
    }
  ],
  "disk_util" : [
    {
      "name" : "nvme0n1",
      "read_ios" : 0,
      "write_ios" : 192463,
      "read_merges" : 0,
      "write_merges" : 17,
      "read_ticks" : 0,
      "write_ticks" : 266449,
      "in_queue" : 7608,
      "util" : 98.368164
    }
  ]
}
