{
  "fio version" : "fio-3.16",
  "timestamp" : 1601058457,
  "timestamp_ms" : 1601058457517,
  "time" : "Fri Sep 25 14:27:37 2020",
  "global options" : {
    "unified_rw_reporting" : "1",
    "time_based" : "1",
    "runtime" : "90",
    "directory" : "/media/auto/work/tmp",
    "filename" : "testfile.dat",
    "filesize" : "20GiB",
    "direct" : "1",
    "ioengine" : "libaio"
  },
  "jobs" : [
    {
      "jobname" : "jobname",
      "groupid" : 0,
      "error" : 0,
      "eta" : 0,
      "elapsed" : 91,
      "job options" : {
        "name" : "jobname",
        "iodepth" : "16",
        "bs" : "8k",
        "rw" : "randread"
      },
      "mixed" : {
        "io_bytes" : 72896561152,
        "io_kbytes" : 71188048,
        "bw_bytes" : 809952791,
        "bw" : 790969,
        "iops" : 98871.190320,
        "runtime" : 90001,
        "total_ios" : 8898506,
        "short_ios" : 0,
        "drop_ios" : 0,
        "slat_ns" : {
          "min" : 1453,
          "max" : 53089,
          "mean" : 2727.338261,
          "stddev" : 1056.018339
        },
        "clat_ns" : {
          "min" : 44083,
          "max" : 824187,
          "mean" : 158468.749335,
          "stddev" : 69394.709141,
          "percentile" : {
            "1.000000" : 70144,
            "5.000000" : 79360,
            "10.000000" : 86528,
            "20.000000" : 98816,
            "30.000000" : 113152,
            "40.000000" : 128512,
            "50.000000" : 142336,
            "60.000000" : 158720,
            "70.000000" : 179200,
            "80.000000" : 207872,
            "90.000000" : 252928,
            "95.000000" : 292864,
            "99.000000" : 382976,
            "99.500000" : 419840,
            "99.900000" : 497664,
            "99.950000" : 528384,
            "99.990000" : 602112
          }
        },
        "lat_ns" : {
          "min" : 46647,
          "max" : 826521,
          "mean" : 161298.788822,
          "stddev" : 69369.789257
        },
        "bw_min" : 785376,
        "bw_max" : 797248,
        "bw_agg" : 99.994726,
        "bw_mean" : 790927.284916,
        "bw_dev" : 2330.853888,
        "bw_samples" : 179,
        "iops_min" : 98170,
        "iops_max" : 99656,
        "iops_mean" : 98865.893855,
        "iops_stddev" : 291.381550,
        "iops_samples" : 179
      },
      "job_runtime" : 90000,
      "usr_cpu" : 12.496667,
      "sys_cpu" : 35.390000,
      "ctx" : 4561467,
      "majf" : 0,
      "minf" : 44,
      "iodepth_level" : {
        "1" : 0.100000,
        "2" : 0.100000,
        "4" : 0.100000,
        "8" : 0.100000,
        "16" : 99.999831,
        "32" : 0.000000,
        ">=64" : 0.000000
      },
      "iodepth_submit" : {
        "0" : 0.000000,
        "4" : 100.000000,
        "8" : 0.000000,
        "16" : 0.000000,
        "32" : 0.000000,
        "64" : 0.000000,
        ">=64" : 0.000000
      },
      "iodepth_complete" : {
        "0" : 0.000000,
        "4" : 99.999989,
        "8" : 0.000000,
        "16" : 0.100000,
        "32" : 0.000000,
        "64" : 0.000000,
        ">=64" : 0.000000
      },
      "latency_ns" : {
        "2" : 0.000000,
        "4" : 0.000000,
        "10" : 0.000000,
        "20" : 0.000000,
        "50" : 0.000000,
        "100" : 0.000000,
        "250" : 0.000000,
        "500" : 0.000000,
        "750" : 0.000000,
        "1000" : 0.000000
      },
      "latency_us" : {
        "2" : 0.000000,
        "4" : 0.000000,
        "10" : 0.000000,
        "20" : 0.000000,
        "50" : 0.010000,
        "100" : 21.202379,
        "250" : 68.359273,
        "500" : 10.341320,
        "750" : 0.096758,
        "1000" : 0.010000
      },
      "latency_ms" : {
        "2" : 0.000000,
        "4" : 0.000000,
        "10" : 0.000000,
        "20" : 0.000000,
        "50" : 0.000000,
        "100" : 0.000000,
        "250" : 0.000000,
        "500" : 0.000000,
        "750" : 0.000000,
        "1000" : 0.000000,
        "2000" : 0.000000,
        ">=2000" : 0.000000
      },
      "latency_depth" : 16,
      "latency_target" : 0,
      "latency_percentile" : 100.000000,
      "latency_window" : 0
    }
  ],
  "disk_util" : [
    {
      "name" : "nvme0n1",
      "read_ios" : 8888547,
      "write_ios" : 0,
      "read_merges" : 0,
      "write_merges" : 0,
      "read_ticks" : 1388238,
      "write_ticks" : 0,
      "in_queue" : 0,
      "util" : 99.954421
    }
  ]
}
