{
  "fio version" : "fio-3.16",
  "timestamp" : 1601061108,
  "timestamp_ms" : 1601061108335,
  "time" : "Fri Sep 25 15:11:48 2020",
  "global options" : {
    "unified_rw_reporting" : "1",
    "time_based" : "1",
    "runtime" : "90",
    "directory" : "/media/auto/work/tmp",
    "filename" : "testfile.dat",
    "filesize" : "20GiB",
    "direct" : "1",
    "ioengine" : "libaio"
  },
  "jobs" : [
    {
      "jobname" : "jobname",
      "groupid" : 0,
      "error" : 0,
      "eta" : 0,
      "elapsed" : 91,
      "job options" : {
        "name" : "jobname",
        "iodepth" : "24",
        "bs" : "32k",
        "rw" : "randread"
      },
      "mixed" : {
        "io_bytes" : 94717083648,
        "io_kbytes" : 92497152,
        "bw_bytes" : 1052388654,
        "bw" : 1027723,
        "iops" : 32116.352970,
        "runtime" : 90002,
        "total_ios" : 2890536,
        "short_ios" : 0,
        "drop_ios" : 0,
        "slat_ns" : {
          "min" : 2245,
          "max" : 65814,
          "mean" : 3904.321239,
          "stddev" : 936.742324
        },
        "clat_ns" : {
          "min" : 89618,
          "max" : 3286307,
          "mean" : 742757.777501,
          "stddev" : 322748.083809,
          "percentile" : {
            "1.000000" : 185344,
            "5.000000" : 284672,
            "10.000000" : 354304,
            "20.000000" : 456704,
            "30.000000" : 544768,
            "40.000000" : 626688,
            "50.000000" : 708608,
            "60.000000" : 790528,
            "70.000000" : 888832,
            "80.000000" : 1003520,
            "90.000000" : 1171456,
            "95.000000" : 1335296,
            "99.000000" : 1630208,
            "99.500000" : 1744896,
            "99.900000" : 2023424,
            "99.950000" : 2146304,
            "99.990000" : 2441216
          }
        },
        "lat_ns" : {
          "min" : 94217,
          "max" : 3289984,
          "mean" : 746760.849466,
          "stddev" : 322733.496213
        },
        "bw_min" : 997056,
        "bw_max" : 1117312,
        "bw_agg" : 99.997053,
        "bw_mean" : 1027692.711111,
        "bw_dev" : 12024.369280,
        "bw_samples" : 180,
        "iops_min" : 31158,
        "iops_max" : 34916,
        "iops_mean" : 32115.388889,
        "iops_stddev" : 375.779390,
        "iops_samples" : 180
      },
      "job_runtime" : 90001,
      "usr_cpu" : 4.242175,
      "sys_cpu" : 16.170931,
      "ctx" : 2293306,
      "majf" : 0,
      "minf" : 203,
      "iodepth_level" : {
        "1" : 0.100000,
        "2" : 0.100000,
        "4" : 0.100000,
        "8" : 0.100000,
        "16" : 99.999481,
        "32" : 0.000000,
        ">=64" : 0.000000
      },
      "iodepth_submit" : {
        "0" : 0.000000,
        "4" : 100.000000,
        "8" : 0.000000,
        "16" : 0.000000,
        "32" : 0.000000,
        "64" : 0.000000,
        ">=64" : 0.000000
      },
      "iodepth_complete" : {
        "0" : 0.000000,
        "4" : 99.999965,
        "8" : 0.000000,
        "16" : 0.000000,
        "32" : 0.100000,
        "64" : 0.000000,
        ">=64" : 0.000000
      },
      "latency_ns" : {
        "2" : 0.000000,
        "4" : 0.000000,
        "10" : 0.000000,
        "20" : 0.000000,
        "50" : 0.000000,
        "100" : 0.000000,
        "250" : 0.000000,
        "500" : 0.000000,
        "750" : 0.000000,
        "1000" : 0.000000
      },
      "latency_us" : {
        "2" : 0.000000,
        "4" : 0.000000,
        "10" : 0.000000,
        "20" : 0.000000,
        "50" : 0.000000,
        "100" : 0.010000,
        "250" : 3.261713,
        "500" : 21.411704,
        "750" : 30.677874,
        "1000" : 24.302448
      },
      "latency_ms" : {
        "2" : 20.231853,
        "4" : 0.114131,
        "10" : 0.000000,
        "20" : 0.000000,
        "50" : 0.000000,
        "100" : 0.000000,
        "250" : 0.000000,
        "500" : 0.000000,
        "750" : 0.000000,
        "1000" : 0.000000,
        "2000" : 0.000000,
        ">=2000" : 0.000000
      },
      "latency_depth" : 24,
      "latency_target" : 0,
      "latency_percentile" : 100.000000,
      "latency_window" : 0
    }
  ],
  "disk_util" : [
    {
      "name" : "nvme0n1",
      "read_ios" : 2887323,
      "write_ios" : 0,
      "read_merges" : 0,
      "write_merges" : 0,
      "read_ticks" : 2143520,
      "write_ticks" : 0,
      "in_queue" : 0,
      "util" : 99.939972
    }
  ]
}
