{
  "fio version" : "fio-3.16",
  "timestamp" : 1600570190,
  "timestamp_ms" : 1600570190195,
  "time" : "Sat Sep 19 22:49:50 2020",
  "global options" : {
    "unified_rw_reporting" : "1",
    "time_based" : "1",
    "runtime" : "90",
    "directory" : "/media/auto/work/tmp",
    "filename" : "testfile.dat",
    "filesize" : "20GiB",
    "direct" : "1",
    "ioengine" : "libaio"
  },
  "jobs" : [
    {
      "jobname" : "jobname",
      "groupid" : 0,
      "error" : 0,
      "eta" : 0,
      "elapsed" : 91,
      "job options" : {
        "name" : "jobname",
        "iodepth" : "1",
        "bs" : "256k",
        "rw" : "write"
      },
      "mixed" : {
        "io_bytes" : 70723305472,
        "io_kbytes" : 69065728,
        "bw_bytes" : 785797043,
        "bw" : 767379,
        "iops" : 2997.577832,
        "runtime" : 90002,
        "total_ios" : 269788,
        "short_ios" : 0,
        "drop_ios" : 0,
        "slat_ns" : {
          "min" : 10840,
          "max" : 63720,
          "mean" : 14789.528915,
          "stddev" : 1485.419852
        },
        "clat_ns" : {
          "min" : 62948,
          "max" : 64793659,
          "mean" : 318106.256008,
          "stddev" : 551148.573015,
          "percentile" : {
            "1.000000" : 85504,
            "5.000000" : 86528,
            "10.000000" : 87552,
            "20.000000" : 92672,
            "30.000000" : 98816,
            "40.000000" : 118272,
            "50.000000" : 154624,
            "60.000000" : 209920,
            "70.000000" : 305152,
            "80.000000" : 464896,
            "90.000000" : 757760,
            "95.000000" : 1122304,
            "99.000000" : 1744896,
            "99.500000" : 1974272,
            "99.900000" : 2572288,
            "99.950000" : 3162112,
            "99.990000" : 22675456
          }
        },
        "lat_ns" : {
          "min" : 94978,
          "max" : 64810059,
          "mean" : 333026.338607,
          "stddev" : 551227.826698
        },
        "bw_min" : 547327,
        "bw_max" : 2434560,
        "bw_agg" : 99.995506,
        "bw_mean" : 767344.511111,
        "bw_dev" : 429996.917413,
        "bw_samples" : 180,
        "iops_min" : 2137,
        "iops_max" : 9510,
        "iops_mean" : 2997.416667,
        "iops_stddev" : 1679.681756,
        "iops_samples" : 180
      },
      "job_runtime" : 90001,
      "usr_cpu" : 0.941101,
      "sys_cpu" : 4.485506,
      "ctx" : 269908,
      "majf" : 0,
      "minf" : 13,
      "iodepth_level" : {
        "1" : 100.000000,
        "2" : 0.000000,
        "4" : 0.000000,
        "8" : 0.000000,
        "16" : 0.000000,
        "32" : 0.000000,
        ">=64" : 0.000000
      },
      "iodepth_submit" : {
        "0" : 0.000000,
        "4" : 100.000000,
        "8" : 0.000000,
        "16" : 0.000000,
        "32" : 0.000000,
        "64" : 0.000000,
        ">=64" : 0.000000
      },
      "iodepth_complete" : {
        "0" : 0.000000,
        "4" : 100.000000,
        "8" : 0.000000,
        "16" : 0.000000,
        "32" : 0.000000,
        "64" : 0.000000,
        ">=64" : 0.000000
      },
      "latency_ns" : {
        "2" : 0.000000,
        "4" : 0.000000,
        "10" : 0.000000,
        "20" : 0.000000,
        "50" : 0.000000,
        "100" : 0.000000,
        "250" : 0.000000,
        "500" : 0.000000,
        "750" : 0.000000,
        "1000" : 0.000000
      },
      "latency_us" : {
        "2" : 0.000000,
        "4" : 0.000000,
        "10" : 0.000000,
        "20" : 0.000000,
        "50" : 0.000000,
        "100" : 31.478791,
        "250" : 33.347666,
        "500" : 16.868801,
        "750" : 8.163076,
        "1000" : 3.882678
      },
      "latency_ms" : {
        "2" : 5.793808,
        "4" : 0.440716,
        "10" : 0.011861,
        "20" : 0.010000,
        "50" : 0.010000,
        "100" : 0.010000,
        "250" : 0.000000,
        "500" : 0.000000,
        "750" : 0.000000,
        "1000" : 0.000000,
        "2000" : 0.000000,
        ">=2000" : 0.000000
      },
      "latency_depth" : 1,
      "latency_target" : 0,
      "latency_percentile" : 100.000000,
      "latency_window" : 0
    }
  ],
  "disk_util" : [
    {
      "name" : "nvme0n1",
      "read_ios" : 0,
      "write_ios" : 269549,
      "read_merges" : 0,
      "write_merges" : 17,
      "read_ticks" : 0,
      "write_ticks" : 87907,
      "in_queue" : 2136,
      "util" : 98.780528
    }
  ]
}
