{
  "fio version" : "fio-3.16",
  "timestamp" : 1601061218,
  "timestamp_ms" : 1601061218770,
  "time" : "Fri Sep 25 15:13:38 2020",
  "global options" : {
    "unified_rw_reporting" : "1",
    "time_based" : "1",
    "runtime" : "90",
    "directory" : "/media/auto/work/tmp",
    "filename" : "testfile.dat",
    "filesize" : "20GiB",
    "direct" : "1",
    "ioengine" : "libaio"
  },
  "jobs" : [
    {
      "jobname" : "jobname",
      "groupid" : 0,
      "error" : 0,
      "eta" : 0,
      "elapsed" : 91,
      "job options" : {
        "name" : "jobname",
        "iodepth" : "28",
        "bs" : "32k",
        "rw" : "randread"
      },
      "mixed" : {
        "io_bytes" : 96340082688,
        "io_kbytes" : 94082112,
        "bw_bytes" : 1070421576,
        "bw" : 1045333,
        "iops" : 32666.674074,
        "runtime" : 90002,
        "total_ios" : 2940066,
        "short_ios" : 0,
        "drop_ios" : 0,
        "slat_ns" : {
          "min" : 2114,
          "max" : 185798,
          "mean" : 3823.147324,
          "stddev" : 955.134447
        },
        "clat_ns" : {
          "min" : 90520,
          "max" : 3772129,
          "mean" : 852706.462526,
          "stddev" : 369694.582629,
          "percentile" : {
            "1.000000" : 211968,
            "5.000000" : 321536,
            "10.000000" : 407552,
            "20.000000" : 528384,
            "30.000000" : 626688,
            "40.000000" : 716800,
            "50.000000" : 806912,
            "60.000000" : 905216,
            "70.000000" : 1019904,
            "80.000000" : 1155072,
            "90.000000" : 1351680,
            "95.000000" : 1515520,
            "99.000000" : 1875968,
            "99.500000" : 2007040,
            "99.900000" : 2342912,
            "99.950000" : 2473984,
            "99.990000" : 2801664
          }
        },
        "lat_ns" : {
          "min" : 93856,
          "max" : 3775856,
          "mean" : 856632.785918,
          "stddev" : 369681.333667
        },
        "bw_min" : 1009920,
        "bw_max" : 1125632,
        "bw_agg" : 99.992464,
        "bw_mean" : 1045254.227778,
        "bw_dev" : 11645.911944,
        "bw_samples" : 180,
        "iops_min" : 31560,
        "iops_max" : 35176,
        "iops_mean" : 32664.172222,
        "iops_stddev" : 363.935500,
        "iops_samples" : 180
      },
      "job_runtime" : 90001,
      "usr_cpu" : 4.035511,
      "sys_cpu" : 16.385373,
      "ctx" : 2323456,
      "majf" : 0,
      "minf" : 235,
      "iodepth_level" : {
        "1" : 0.100000,
        "2" : 0.100000,
        "4" : 0.100000,
        "8" : 0.100000,
        "16" : 99.999490,
        "32" : 0.000000,
        ">=64" : 0.000000
      },
      "iodepth_submit" : {
        "0" : 0.000000,
        "4" : 100.000000,
        "8" : 0.000000,
        "16" : 0.000000,
        "32" : 0.000000,
        "64" : 0.000000,
        ">=64" : 0.000000
      },
      "iodepth_complete" : {
        "0" : 0.000000,
        "4" : 99.999966,
        "8" : 0.000000,
        "16" : 0.000000,
        "32" : 0.100000,
        "64" : 0.000000,
        ">=64" : 0.000000
      },
      "latency_ns" : {
        "2" : 0.000000,
        "4" : 0.000000,
        "10" : 0.000000,
        "20" : 0.000000,
        "50" : 0.000000,
        "100" : 0.000000,
        "250" : 0.000000,
        "500" : 0.000000,
        "750" : 0.000000,
        "1000" : 0.000000
      },
      "latency_us" : {
        "2" : 0.000000,
        "4" : 0.000000,
        "10" : 0.000000,
        "20" : 0.000000,
        "50" : 0.000000,
        "100" : 0.010000,
        "250" : 1.978493,
        "500" : 15.469789,
        "750" : 25.909793,
        "1000" : 25.211067
      },
      "latency_ms" : {
        "2" : 30.891007,
        "4" : 0.539716,
        "10" : 0.000000,
        "20" : 0.000000,
        "50" : 0.000000,
        "100" : 0.000000,
        "250" : 0.000000,
        "500" : 0.000000,
        "750" : 0.000000,
        "1000" : 0.000000,
        "2000" : 0.000000,
        ">=2000" : 0.000000
      },
      "latency_depth" : 28,
      "latency_target" : 0,
      "latency_percentile" : 100.000000,
      "latency_window" : 0
    }
  ],
  "disk_util" : [
    {
      "name" : "nvme0n1",
      "read_ios" : 2936759,
      "write_ios" : 0,
      "read_merges" : 0,
      "write_merges" : 0,
      "read_ticks" : 2502964,
      "write_ticks" : 0,
      "in_queue" : 0,
      "util" : 99.936639
    }
  ]
}
