{
  "fio version" : "fio-3.16",
  "timestamp" : 1601069281,
  "timestamp_ms" : 1601069281741,
  "time" : "Fri Sep 25 17:28:01 2020",
  "global options" : {
    "unified_rw_reporting" : "1",
    "time_based" : "1",
    "runtime" : "90",
    "directory" : "/media/auto/work/tmp",
    "filename" : "testfile.dat",
    "filesize" : "20GiB",
    "direct" : "1",
    "ioengine" : "libaio"
  },
  "jobs" : [
    {
      "jobname" : "jobname",
      "groupid" : 0,
      "error" : 0,
      "eta" : 0,
      "elapsed" : 91,
      "job options" : {
        "name" : "jobname",
        "iodepth" : "12",
        "bs" : "256k",
        "rw" : "read"
      },
      "mixed" : {
        "io_bytes" : 325979734016,
        "io_kbytes" : 318339584,
        "bw_bytes" : 3621956800,
        "bw" : 3537067,
        "iops" : 13816.668704,
        "runtime" : 90001,
        "total_ios" : 1243514,
        "short_ios" : 0,
        "drop_ios" : 0,
        "slat_ns" : {
          "min" : 6072,
          "max" : 256141,
          "mean" : 10397.896931,
          "stddev" : 1879.728733
        },
        "clat_ns" : {
          "min" : 196739,
          "max" : 1743161,
          "mean" : 857527.612420,
          "stddev" : 96879.092930,
          "percentile" : {
            "1.000000" : 643072,
            "5.000000" : 684032,
            "10.000000" : 724992,
            "20.000000" : 790528,
            "30.000000" : 823296,
            "40.000000" : 847872,
            "50.000000" : 856064,
            "60.000000" : 864256,
            "70.000000" : 880640,
            "80.000000" : 913408,
            "90.000000" : 995328,
            "95.000000" : 1044480,
            "99.000000" : 1105920,
            "99.500000" : 1122304,
            "99.900000" : 1171456,
            "99.950000" : 1187840,
            "99.990000" : 1286144
          }
        },
        "lat_ns" : {
          "min" : 209653,
          "max" : 1752529,
          "mean" : 868026.613784,
          "stddev" : 96828.579442
        },
        "bw_min" : 3526656,
        "bw_max" : 3541504,
        "bw_agg" : 99.991355,
        "bw_mean" : 3536761.211111,
        "bw_dev" : 3521.731797,
        "bw_samples" : 180,
        "iops_min" : 13776,
        "iops_max" : 13834,
        "iops_mean" : 13815.455556,
        "iops_stddev" : 13.780126,
        "iops_samples" : 180
      },
      "job_runtime" : 90000,
      "usr_cpu" : 1.583333,
      "sys_cpu" : 16.495556,
      "ctx" : 1238337,
      "majf" : 0,
      "minf" : 779,
      "iodepth_level" : {
        "1" : 0.100000,
        "2" : 0.100000,
        "4" : 0.100000,
        "8" : 99.990430,
        "16" : 0.000000,
        "32" : 0.000000,
        ">=64" : 0.000000
      },
      "iodepth_submit" : {
        "0" : 0.000000,
        "4" : 100.000000,
        "8" : 0.000000,
        "16" : 0.000000,
        "32" : 0.000000,
        "64" : 0.000000,
        ">=64" : 0.000000
      },
      "iodepth_complete" : {
        "0" : 0.000000,
        "4" : 99.998633,
        "8" : 0.000000,
        "16" : 0.100000,
        "32" : 0.000000,
        "64" : 0.000000,
        ">=64" : 0.000000
      },
      "latency_ns" : {
        "2" : 0.000000,
        "4" : 0.000000,
        "10" : 0.000000,
        "20" : 0.000000,
        "50" : 0.000000,
        "100" : 0.000000,
        "250" : 0.000000,
        "500" : 0.000000,
        "750" : 0.000000,
        "1000" : 0.000000
      },
      "latency_us" : {
        "2" : 0.000000,
        "4" : 0.000000,
        "10" : 0.000000,
        "20" : 0.000000,
        "50" : 0.000000,
        "100" : 0.000000,
        "250" : 0.010000,
        "500" : 0.010000,
        "750" : 13.368728,
        "1000" : 77.183208
      },
      "latency_ms" : {
        "2" : 9.441389,
        "4" : 0.000000,
        "10" : 0.000000,
        "20" : 0.000000,
        "50" : 0.000000,
        "100" : 0.000000,
        "250" : 0.000000,
        "500" : 0.000000,
        "750" : 0.000000,
        "1000" : 0.000000,
        "2000" : 0.000000,
        ">=2000" : 0.000000
      },
      "latency_depth" : 12,
      "latency_target" : 0,
      "latency_percentile" : 100.000000,
      "latency_window" : 0
    }
  ],
  "disk_util" : [
    {
      "name" : "nvme0n1",
      "read_ios" : 1242106,
      "write_ios" : 0,
      "read_merges" : 0,
      "write_merges" : 0,
      "read_ticks" : 1068328,
      "write_ticks" : 0,
      "in_queue" : 0,
      "util" : 99.933304
    }
  ]
}
