{
  "fio version" : "fio-3.16",
  "timestamp" : 1601045674,
  "timestamp_ms" : 1601045674021,
  "time" : "Fri Sep 25 10:54:34 2020",
  "global options" : {
    "unified_rw_reporting" : "1",
    "time_based" : "1",
    "runtime" : "90",
    "directory" : "/media/auto/work/tmp",
    "filename" : "testfile.dat",
    "filesize" : "20GiB",
    "direct" : "1",
    "ioengine" : "libaio"
  },
  "jobs" : [
    {
      "jobname" : "jobname",
      "groupid" : 0,
      "error" : 0,
      "eta" : 0,
      "elapsed" : 91,
      "job options" : {
        "name" : "jobname",
        "iodepth" : "28",
        "bs" : "8k",
        "rw" : "write"
      },
      "mixed" : {
        "io_bytes" : 69235343360,
        "io_kbytes" : 67612640,
        "bw_bytes" : 768820300,
        "bw" : 750801,
        "iops" : 93850.134364,
        "runtime" : 90054,
        "total_ios" : 8451580,
        "short_ios" : 0,
        "drop_ios" : 0,
        "slat_ns" : {
          "min" : 1492,
          "max" : 400833,
          "mean" : 3332.746979,
          "stddev" : 1349.741075
        },
        "clat_ns" : {
          "min" : 58500,
          "max" : 65317016,
          "mean" : 294421.936268,
          "stddev" : 509194.599098,
          "percentile" : {
            "1.000000" : 81408,
            "5.000000" : 88576,
            "10.000000" : 91648,
            "20.000000" : 114176,
            "30.000000" : 123392,
            "40.000000" : 134144,
            "50.000000" : 146432,
            "60.000000" : 175104,
            "70.000000" : 242688,
            "80.000000" : 391168,
            "90.000000" : 667648,
            "95.000000" : 1028096,
            "99.000000" : 1728512,
            "99.500000" : 1957888,
            "99.900000" : 2736128,
            "99.950000" : 3194880,
            "99.990000" : 11075584
          }
        },
        "lat_ns" : {
          "min" : 61005,
          "max" : 65319441,
          "mean" : 297881.965317,
          "stddev" : 509134.354405
        },
        "bw_min" : 532719,
        "bw_max" : 2182496,
        "bw_agg" : 100.000000,
        "bw_mean" : 751222.088889,
        "bw_dev" : 382675.134170,
        "bw_samples" : 180,
        "iops_min" : 66589,
        "iops_max" : 272812,
        "iops_mean" : 93902.761111,
        "iops_stddev" : 47834.429351,
        "iops_samples" : 180
      },
      "job_runtime" : 90053,
      "usr_cpu" : 11.172310,
      "sys_cpu" : 31.606943,
      "ctx" : 832210,
      "majf" : 0,
      "minf" : 11,
      "iodepth_level" : {
        "1" : 0.100000,
        "2" : 0.100000,
        "4" : 0.100000,
        "8" : 0.100000,
        "16" : 99.999290,
        "32" : 0.000000,
        ">=64" : 0.000000
      },
      "iodepth_submit" : {
        "0" : 0.000000,
        "4" : 100.000000,
        "8" : 0.000000,
        "16" : 0.000000,
        "32" : 0.000000,
        "64" : 0.000000,
        ">=64" : 0.000000
      },
      "iodepth_complete" : {
        "0" : 0.000000,
        "4" : 99.999953,
        "8" : 0.000000,
        "16" : 0.000000,
        "32" : 0.100000,
        "64" : 0.000000,
        ">=64" : 0.000000
      },
      "latency_ns" : {
        "2" : 0.000000,
        "4" : 0.000000,
        "10" : 0.000000,
        "20" : 0.000000,
        "50" : 0.000000,
        "100" : 0.000000,
        "250" : 0.000000,
        "500" : 0.000000,
        "750" : 0.000000,
        "1000" : 0.000000
      },
      "latency_us" : {
        "2" : 0.000000,
        "4" : 0.000000,
        "10" : 0.000000,
        "20" : 0.000000,
        "50" : 0.000000,
        "100" : 15.528872,
        "250" : 55.119031,
        "500" : 14.231292,
        "750" : 6.668422,
        "1000" : 3.169751
      },
      "latency_ms" : {
        "2" : 4.846810,
        "4" : 0.404918,
        "10" : 0.020304,
        "20" : 0.010000,
        "50" : 0.010000,
        "100" : 0.010000,
        "250" : 0.000000,
        "500" : 0.000000,
        "750" : 0.000000,
        "1000" : 0.000000,
        "2000" : 0.000000,
        ">=2000" : 0.000000
      },
      "latency_depth" : 28,
      "latency_target" : 0,
      "latency_percentile" : 100.000000,
      "latency_window" : 0
    }
  ],
  "disk_util" : [
    {
      "name" : "nvme0n1",
      "read_ios" : 0,
      "write_ios" : 8444075,
      "read_merges" : 0,
      "write_merges" : 17,
      "read_ticks" : 0,
      "write_ticks" : 2176531,
      "in_queue" : 33920,
      "util" : 98.935153
    }
  ]
}
