{
  "fio version" : "fio-3.16",
  "timestamp" : 1600549493,
  "timestamp_ms" : 1600549493049,
  "time" : "Sat Sep 19 17:04:53 2020",
  "global options" : {
    "unified_rw_reporting" : "1",
    "time_based" : "1",
    "runtime" : "90",
    "directory" : "/media/auto/work/tmp",
    "filename" : "testfile.dat",
    "filesize" : "20GiB",
    "direct" : "1",
    "ioengine" : "libaio"
  },
  "jobs" : [
    {
      "jobname" : "jobname",
      "groupid" : 0,
      "error" : 0,
      "eta" : 0,
      "elapsed" : 91,
      "job options" : {
        "name" : "jobname",
        "iodepth" : "4",
        "bs" : "256k",
        "rw" : "write"
      },
      "mixed" : {
        "io_bytes" : 73438068736,
        "io_kbytes" : 71716864,
        "bw_bytes" : 815960409,
        "bw" : 796836,
        "iops" : 3112.641941,
        "runtime" : 90002,
        "total_ios" : 280144,
        "short_ios" : 0,
        "drop_ios" : 0,
        "slat_ns" : {
          "min" : 6653,
          "max" : 149971,
          "mean" : 13721.794559,
          "stddev" : 2112.558607
        },
        "clat_ns" : {
          "min" : 88115,
          "max" : 67166400,
          "mean" : 1270566.571717,
          "stddev" : 1226646.389718,
          "percentile" : {
            "1.000000" : 313344,
            "5.000000" : 337920,
            "10.000000" : 362496,
            "20.000000" : 432128,
            "30.000000" : 708608,
            "40.000000" : 1056768,
            "50.000000" : 1302528,
            "60.000000" : 1499136,
            "70.000000" : 1679360,
            "80.000000" : 1859584,
            "90.000000" : 2072576,
            "95.000000" : 2244608,
            "99.000000" : 2965504,
            "99.500000" : 3457024,
            "99.900000" : 4816896,
            "99.950000" : 17432576,
            "99.990000" : 58458112
          }
        },
        "lat_ns" : {
          "min" : 105708,
          "max" : 67180176,
          "mean" : 1284422.862585,
          "stddev" : 1226746.944656
        },
        "bw_min" : 609791,
        "bw_max" : 2462720,
        "bw_agg" : 99.997498,
        "bw_mean" : 796816.066667,
        "bw_dev" : 451545.506838,
        "bw_samples" : 180,
        "iops_min" : 2381,
        "iops_max" : 9618,
        "iops_mean" : 3112.544444,
        "iops_stddev" : 1763.855121,
        "iops_samples" : 180
      },
      "job_runtime" : 90001,
      "usr_cpu" : 1.084432,
      "sys_cpu" : 4.325507,
      "ctx" : 280241,
      "majf" : 0,
      "minf" : 13,
      "iodepth_level" : {
        "1" : 0.100000,
        "2" : 0.100000,
        "4" : 99.995716,
        "8" : 0.000000,
        "16" : 0.000000,
        "32" : 0.000000,
        ">=64" : 0.000000
      },
      "iodepth_submit" : {
        "0" : 0.000000,
        "4" : 100.000000,
        "8" : 0.000000,
        "16" : 0.000000,
        "32" : 0.000000,
        "64" : 0.000000,
        ">=64" : 0.000000
      },
      "iodepth_complete" : {
        "0" : 0.000000,
        "4" : 100.000000,
        "8" : 0.000000,
        "16" : 0.000000,
        "32" : 0.000000,
        "64" : 0.000000,
        ">=64" : 0.000000
      },
      "latency_ns" : {
        "2" : 0.000000,
        "4" : 0.000000,
        "10" : 0.000000,
        "20" : 0.000000,
        "50" : 0.000000,
        "100" : 0.000000,
        "250" : 0.000000,
        "500" : 0.000000,
        "750" : 0.000000,
        "1000" : 0.000000
      },
      "latency_us" : {
        "2" : 0.000000,
        "4" : 0.000000,
        "10" : 0.000000,
        "20" : 0.000000,
        "50" : 0.000000,
        "100" : 0.010000,
        "250" : 0.010000,
        "500" : 24.286795,
        "750" : 6.682635,
        "1000" : 7.163102
      },
      "latency_ms" : {
        "2" : 48.974813,
        "4" : 12.654563,
        "10" : 0.174553,
        "20" : 0.013564,
        "50" : 0.026415,
        "100" : 0.019990,
        "250" : 0.000000,
        "500" : 0.000000,
        "750" : 0.000000,
        "1000" : 0.000000,
        "2000" : 0.000000,
        ">=2000" : 0.000000
      },
      "latency_depth" : 4,
      "latency_target" : 0,
      "latency_percentile" : 100.000000,
      "latency_window" : 0
    }
  ],
  "disk_util" : [
    {
      "name" : "nvme0n1",
      "read_ios" : 0,
      "write_ios" : 279911,
      "read_merges" : 0,
      "write_merges" : 17,
      "read_ticks" : 0,
      "write_ticks" : 357726,
      "in_queue" : 9412,
      "util" : 98.303728
    }
  ]
}
