{
  "fio version" : "fio-3.16",
  "timestamp" : 1601048283,
  "timestamp_ms" : 1601048283311,
  "time" : "Fri Sep 25 11:38:03 2020",
  "global options" : {
    "unified_rw_reporting" : "1",
    "time_based" : "1",
    "runtime" : "90",
    "directory" : "/media/auto/work/tmp",
    "filename" : "testfile.dat",
    "filesize" : "20GiB",
    "direct" : "1",
    "ioengine" : "libaio"
  },
  "jobs" : [
    {
      "jobname" : "jobname",
      "groupid" : 0,
      "error" : 0,
      "eta" : 0,
      "elapsed" : 91,
      "job options" : {
        "name" : "jobname",
        "iodepth" : "28",
        "bs" : "512k",
        "rw" : "write"
      },
      "mixed" : {
        "io_bytes" : 72198127616,
        "io_kbytes" : 70505984,
        "bw_bytes" : 801996463,
        "bw" : 783199,
        "iops" : 1529.686858,
        "runtime" : 90023,
        "total_ios" : 137707,
        "short_ios" : 0,
        "drop_ios" : 0,
        "slat_ns" : {
          "min" : 13195,
          "max" : 21626425,
          "mean" : 32967.954432,
          "stddev" : 179240.015944
        },
        "clat_ns" : {
          "min" : 699252,
          "max" : 71759336,
          "mean" : 18268634.474508,
          "stddev" : 7414229.495715,
          "percentile" : {
            "1.000000" : 5472256,
            "5.000000" : 5537792,
            "10.000000" : 5603328,
            "20.000000" : 6782976,
            "30.000000" : 20054016,
            "40.000000" : 20578304,
            "50.000000" : 20840448,
            "60.000000" : 21364736,
            "70.000000" : 21626880,
            "80.000000" : 22151168,
            "90.000000" : 23724032,
            "95.000000" : 25559040,
            "99.000000" : 32374784,
            "99.500000" : 40632320,
            "99.900000" : 63176704,
            "99.950000" : 67633152,
            "99.990000" : 69730304
          }
        },
        "lat_ns" : {
          "min" : 724600,
          "max" : 81947636,
          "mean" : 18301820.777164,
          "stddev" : 7424878.178590
        },
        "bw_min" : 531455,
        "bw_max" : 2467840,
        "bw_agg" : 99.998930,
        "bw_mean" : 783190.616667,
        "bw_dev" : 435648.477603,
        "bw_samples" : 180,
        "iops_min" : 1037,
        "iops_max" : 4820,
        "iops_mean" : 1529.661111,
        "iops_stddev" : 850.868457,
        "iops_samples" : 180
      },
      "job_runtime" : 90022,
      "usr_cpu" : 1.935083,
      "sys_cpu" : 3.953478,
      "ctx" : 137242,
      "majf" : 0,
      "minf" : 11,
      "iodepth_level" : {
        "1" : 0.100000,
        "2" : 0.100000,
        "4" : 0.100000,
        "8" : 0.100000,
        "16" : 99.956429,
        "32" : 0.000000,
        ">=64" : 0.000000
      },
      "iodepth_submit" : {
        "0" : 0.000000,
        "4" : 100.000000,
        "8" : 0.000000,
        "16" : 0.000000,
        "32" : 0.000000,
        "64" : 0.000000,
        ">=64" : 0.000000
      },
      "iodepth_complete" : {
        "0" : 0.000000,
        "4" : 99.997093,
        "8" : 0.000000,
        "16" : 0.000000,
        "32" : 0.100000,
        "64" : 0.000000,
        ">=64" : 0.000000
      },
      "latency_ns" : {
        "2" : 0.000000,
        "4" : 0.000000,
        "10" : 0.000000,
        "20" : 0.000000,
        "50" : 0.000000,
        "100" : 0.000000,
        "250" : 0.000000,
        "500" : 0.000000,
        "750" : 0.000000,
        "1000" : 0.000000
      },
      "latency_us" : {
        "2" : 0.000000,
        "4" : 0.000000,
        "10" : 0.000000,
        "20" : 0.000000,
        "50" : 0.000000,
        "100" : 0.000000,
        "250" : 0.000000,
        "500" : 0.000000,
        "750" : 0.010000,
        "1000" : 0.010000
      },
      "latency_ms" : {
        "2" : 0.010000,
        "4" : 0.021059,
        "10" : 23.300922,
        "20" : 4.898807,
        "50" : 71.457515,
        "100" : 0.306448,
        "250" : 0.000000,
        "500" : 0.000000,
        "750" : 0.000000,
        "1000" : 0.000000,
        "2000" : 0.000000,
        ">=2000" : 0.000000
      },
      "latency_depth" : 28,
      "latency_target" : 0,
      "latency_percentile" : 100.000000,
      "latency_window" : 0
    }
  ],
  "disk_util" : [
    {
      "name" : "nvme0n1",
      "read_ios" : 0,
      "write_ios" : 137577,
      "read_merges" : 0,
      "write_merges" : 17,
      "read_ticks" : 0,
      "write_ticks" : 2510137,
      "in_queue" : 2291824,
      "util" : 98.518181
    }
  ]
}
