{
  "fio version" : "fio-3.16",
  "timestamp" : 1601059230,
  "timestamp_ms" : 1601059230698,
  "time" : "Fri Sep 25 14:40:30 2020",
  "global options" : {
    "unified_rw_reporting" : "1",
    "time_based" : "1",
    "runtime" : "90",
    "directory" : "/media/auto/work/tmp",
    "filename" : "testfile.dat",
    "filesize" : "20GiB",
    "direct" : "1",
    "ioengine" : "libaio"
  },
  "jobs" : [
    {
      "jobname" : "jobname",
      "groupid" : 0,
      "error" : 0,
      "eta" : 0,
      "elapsed" : 91,
      "job options" : {
        "name" : "jobname",
        "iodepth" : "4",
        "bs" : "16k",
        "rw" : "randread"
      },
      "mixed" : {
        "io_bytes" : 49469538304,
        "io_kbytes" : 48310096,
        "bw_bytes" : 549655429,
        "bw" : 536772,
        "iops" : 33548.305019,
        "runtime" : 90001,
        "total_ios" : 3019381,
        "short_ios" : 0,
        "drop_ios" : 0,
        "slat_ns" : {
          "min" : 1853,
          "max" : 275196,
          "mean" : 2994.203787,
          "stddev" : 670.679663
        },
        "clat_ns" : {
          "min" : 9558,
          "max" : 1048989,
          "mean" : 115648.004574,
          "stddev" : 32024.662762,
          "percentile" : {
            "1.000000" : 70144,
            "5.000000" : 75264,
            "10.000000" : 81408,
            "20.000000" : 87552,
            "30.000000" : 94720,
            "40.000000" : 99840,
            "50.000000" : 109056,
            "60.000000" : 119296,
            "70.000000" : 128512,
            "80.000000" : 142336,
            "90.000000" : 158720,
            "95.000000" : 175104,
            "99.000000" : 211968,
            "99.500000" : 228352,
            "99.900000" : 268288,
            "99.950000" : 288768,
            "99.990000" : 317440
          }
        },
        "lat_ns" : {
          "min" : 68860,
          "max" : 1051904,
          "mean" : 118736.456779,
          "stddev" : 31994.906312
        },
        "bw_min" : 516064,
        "bw_max" : 545056,
        "bw_agg" : 99.995376,
        "bw_mean" : 536747.178771,
        "bw_dev" : 2613.424277,
        "bw_samples" : 179,
        "iops_min" : 32254,
        "iops_max" : 34066,
        "iops_mean" : 33546.675978,
        "iops_stddev" : 163.345419,
        "iops_samples" : 179
      },
      "job_runtime" : 90000,
      "usr_cpu" : 4.142222,
      "sys_cpu" : 14.155556,
      "ctx" : 2629434,
      "majf" : 0,
      "minf" : 27,
      "iodepth_level" : {
        "1" : 0.100000,
        "2" : 0.100000,
        "4" : 99.999901,
        "8" : 0.000000,
        "16" : 0.000000,
        "32" : 0.000000,
        ">=64" : 0.000000
      },
      "iodepth_submit" : {
        "0" : 0.000000,
        "4" : 100.000000,
        "8" : 0.000000,
        "16" : 0.000000,
        "32" : 0.000000,
        "64" : 0.000000,
        ">=64" : 0.000000
      },
      "iodepth_complete" : {
        "0" : 0.000000,
        "4" : 100.000000,
        "8" : 0.000000,
        "16" : 0.000000,
        "32" : 0.000000,
        "64" : 0.000000,
        ">=64" : 0.000000
      },
      "latency_ns" : {
        "2" : 0.000000,
        "4" : 0.000000,
        "10" : 0.000000,
        "20" : 0.000000,
        "50" : 0.000000,
        "100" : 0.000000,
        "250" : 0.000000,
        "500" : 0.000000,
        "750" : 0.000000,
        "1000" : 0.000000
      },
      "latency_us" : {
        "2" : 0.000000,
        "4" : 0.000000,
        "10" : 0.010000,
        "20" : 0.010000,
        "50" : 0.010000,
        "100" : 39.900993,
        "250" : 59.890885,
        "500" : 0.207824,
        "750" : 0.000000,
        "1000" : 0.010000
      },
      "latency_ms" : {
        "2" : 0.010000,
        "4" : 0.000000,
        "10" : 0.000000,
        "20" : 0.000000,
        "50" : 0.000000,
        "100" : 0.000000,
        "250" : 0.000000,
        "500" : 0.000000,
        "750" : 0.000000,
        "1000" : 0.000000,
        "2000" : 0.000000,
        ">=2000" : 0.000000
      },
      "latency_depth" : 4,
      "latency_target" : 0,
      "latency_percentile" : 100.000000,
      "latency_window" : 0
    }
  ],
  "disk_util" : [
    {
      "name" : "nvme0n1",
      "read_ios" : 3016031,
      "write_ios" : 0,
      "read_merges" : 0,
      "write_merges" : 0,
      "read_ticks" : 347967,
      "write_ticks" : 0,
      "in_queue" : 0,
      "util" : 99.933307
    }
  ]
}
