{
  "fio version" : "fio-3.16",
  "timestamp" : 1601048805,
  "timestamp_ms" : 1601048805095,
  "time" : "Fri Sep 25 11:46:45 2020",
  "global options" : {
    "unified_rw_reporting" : "1",
    "time_based" : "1",
    "runtime" : "90",
    "directory" : "/media/auto/work/tmp",
    "filename" : "testfile.dat",
    "filesize" : "20GiB",
    "direct" : "1",
    "ioengine" : "libaio"
  },
  "jobs" : [
    {
      "jobname" : "jobname",
      "groupid" : 0,
      "error" : 0,
      "eta" : 0,
      "elapsed" : 91,
      "job options" : {
        "name" : "jobname",
        "iodepth" : "24",
        "bs" : "4k",
        "rw" : "randwrite"
      },
      "mixed" : {
        "io_bytes" : 65068834816,
        "io_kbytes" : 63543784,
        "bw_bytes" : 722569568,
        "bw" : 705634,
        "iops" : 176408.586150,
        "runtime" : 90052,
        "total_ios" : 15885946,
        "short_ios" : 0,
        "drop_ios" : 0,
        "slat_ns" : {
          "min" : 1492,
          "max" : 233498,
          "mean" : 3016.013290,
          "stddev" : 1241.192343
        },
        "clat_ns" : {
          "min" : 50645,
          "max" : 64522195,
          "mean" : 132425.206420,
          "stddev" : 348430.271247,
          "percentile" : {
            "1.000000" : 60160,
            "5.000000" : 71168,
            "10.000000" : 73216,
            "20.000000" : 76288,
            "30.000000" : 77312,
            "40.000000" : 85504,
            "50.000000" : 104960,
            "60.000000" : 107008,
            "70.000000" : 108032,
            "80.000000" : 118272,
            "90.000000" : 179200,
            "95.000000" : 342016,
            "99.000000" : 806912,
            "99.500000" : 1028096,
            "99.900000" : 1630208,
            "99.950000" : 1892352,
            "99.990000" : 4177920
          }
        },
        "lat_ns" : {
          "min" : 52298,
          "max" : 64524720,
          "mean" : 135543.311199,
          "stddev" : 348378.756906
        },
        "bw_min" : 620399,
        "bw_max" : 1235784,
        "bw_agg" : 100.000000,
        "bw_mean" : 705976.155556,
        "bw_dev" : 149115.789249,
        "bw_samples" : 180,
        "iops_min" : 155099,
        "iops_max" : 308946,
        "iops_mean" : 176494.083333,
        "iops_stddev" : 37278.936685,
        "iops_samples" : 180
      },
      "job_runtime" : 90051,
      "usr_cpu" : 18.629443,
      "sys_cpu" : 52.596862,
      "ctx" : 164218,
      "majf" : 0,
      "minf" : 10,
      "iodepth_level" : {
        "1" : 0.100000,
        "2" : 0.100000,
        "4" : 0.100000,
        "8" : 0.100000,
        "16" : 99.999906,
        "32" : 0.000000,
        ">=64" : 0.000000
      },
      "iodepth_submit" : {
        "0" : 0.000000,
        "4" : 100.000000,
        "8" : 0.000000,
        "16" : 0.000000,
        "32" : 0.000000,
        "64" : 0.000000,
        ">=64" : 0.000000
      },
      "iodepth_complete" : {
        "0" : 0.000000,
        "4" : 99.999994,
        "8" : 0.000000,
        "16" : 0.000000,
        "32" : 0.100000,
        "64" : 0.000000,
        ">=64" : 0.000000
      },
      "latency_ns" : {
        "2" : 0.000000,
        "4" : 0.000000,
        "10" : 0.000000,
        "20" : 0.000000,
        "50" : 0.000000,
        "100" : 0.000000,
        "250" : 0.000000,
        "500" : 0.000000,
        "750" : 0.000000,
        "1000" : 0.000000
      },
      "latency_us" : {
        "2" : 0.000000,
        "4" : 0.000000,
        "10" : 0.000000,
        "20" : 0.000000,
        "50" : 0.000000,
        "100" : 47.464218,
        "250" : 45.358344,
        "500" : 4.392933,
        "750" : 1.585496,
        "1000" : 0.656303
      },
      "latency_ms" : {
        "2" : 0.512327,
        "4" : 0.020018,
        "10" : 0.010000,
        "20" : 0.010000,
        "50" : 0.010000,
        "100" : 0.010000,
        "250" : 0.000000,
        "500" : 0.000000,
        "750" : 0.000000,
        "1000" : 0.000000,
        "2000" : 0.000000,
        ">=2000" : 0.000000
      },
      "latency_depth" : 24,
      "latency_target" : 0,
      "latency_percentile" : 100.000000,
      "latency_window" : 0
    }
  ],
  "disk_util" : [
    {
      "name" : "nvme0n1",
      "read_ios" : 0,
      "write_ios" : 15869405,
      "read_merges" : 0,
      "write_merges" : 17,
      "read_ticks" : 0,
      "write_ticks" : 984403,
      "in_queue" : 36428,
      "util" : 98.533776
    }
  ]
}
