{
  "fio version" : "fio-3.16",
  "timestamp" : 1601082648,
  "timestamp_ms" : 1601082648043,
  "time" : "Fri Sep 25 21:10:48 2020",
  "global options" : {
    "unified_rw_reporting" : "1",
    "time_based" : "1",
    "runtime" : "90",
    "directory" : "/media/auto/work/tmp",
    "filename" : "testfile.dat",
    "filesize" : "20GiB",
    "direct" : "1",
    "ioengine" : "libaio"
  },
  "jobs" : [
    {
      "jobname" : "jobname",
      "groupid" : 0,
      "error" : 0,
      "eta" : 0,
      "elapsed" : 91,
      "job options" : {
        "name" : "jobname",
        "iodepth" : "8",
        "bs" : "512k",
        "rw" : "randread"
      },
      "mixed" : {
        "io_bytes" : 109109051392,
        "io_kbytes" : 106551808,
        "bw_bytes" : 1212268914,
        "bw" : 1183856,
        "iops" : 2312.219457,
        "runtime" : 90004,
        "total_ios" : 208109,
        "short_ios" : 0,
        "drop_ios" : 0,
        "slat_ns" : {
          "min" : 10861,
          "max" : 177433,
          "mean" : 22313.121638,
          "stddev" : 3436.632768
        },
        "clat_ns" : {
          "min" : 737414,
          "max" : 6820339,
          "mean" : 3436544.773244,
          "stddev" : 430162.143607,
          "percentile" : {
            "1.000000" : 1138688,
            "5.000000" : 2899968,
            "10.000000" : 3063808,
            "20.000000" : 3194880,
            "30.000000" : 3293184,
            "40.000000" : 3391488,
            "50.000000" : 3457024,
            "60.000000" : 3555328,
            "70.000000" : 3620864,
            "80.000000" : 3719168,
            "90.000000" : 3883008,
            "95.000000" : 4014080,
            "99.000000" : 4227072,
            "99.500000" : 4358144,
            "99.900000" : 4554752,
            "99.950000" : 4685824,
            "99.990000" : 4882432
          }
        },
        "lat_ns" : {
          "min" : 758283,
          "max" : 6842521,
          "mean" : 3458998.286489,
          "stddev" : 430075.277443
        },
        "bw_min" : 1155072,
        "bw_max" : 1609728,
        "bw_agg" : 99.995602,
        "bw_mean" : 1183803.938889,
        "bw_dev" : 59479.005032,
        "bw_samples" : 180,
        "iops_min" : 2256,
        "iops_max" : 3144,
        "iops_mean" : 2312.105556,
        "iops_stddev" : 116.171973,
        "iops_samples" : 180
      },
      "job_runtime" : 90003,
      "usr_cpu" : 0.382209,
      "sys_cpu" : 5.775363,
      "ctx" : 204120,
      "majf" : 0,
      "minf" : 1033,
      "iodepth_level" : {
        "1" : 0.100000,
        "2" : 0.100000,
        "4" : 0.100000,
        "8" : 99.996636,
        "16" : 0.000000,
        "32" : 0.000000,
        ">=64" : 0.000000
      },
      "iodepth_submit" : {
        "0" : 0.000000,
        "4" : 100.000000,
        "8" : 0.000000,
        "16" : 0.000000,
        "32" : 0.000000,
        "64" : 0.000000,
        ">=64" : 0.000000
      },
      "iodepth_complete" : {
        "0" : 0.000000,
        "4" : 99.999519,
        "8" : 0.100000,
        "16" : 0.000000,
        "32" : 0.000000,
        "64" : 0.000000,
        ">=64" : 0.000000
      },
      "latency_ns" : {
        "2" : 0.000000,
        "4" : 0.000000,
        "10" : 0.000000,
        "20" : 0.000000,
        "50" : 0.000000,
        "100" : 0.000000,
        "250" : 0.000000,
        "500" : 0.000000,
        "750" : 0.000000,
        "1000" : 0.000000
      },
      "latency_us" : {
        "2" : 0.000000,
        "4" : 0.000000,
        "10" : 0.000000,
        "20" : 0.000000,
        "50" : 0.000000,
        "100" : 0.000000,
        "250" : 0.000000,
        "500" : 0.000000,
        "750" : 0.010000,
        "1000" : 0.583829
      },
      "latency_ms" : {
        "2" : 0.964879,
        "4" : 93.363574,
        "10" : 5.086757,
        "20" : 0.000000,
        "50" : 0.000000,
        "100" : 0.000000,
        "250" : 0.000000,
        "500" : 0.000000,
        "750" : 0.000000,
        "1000" : 0.000000,
        "2000" : 0.000000,
        ">=2000" : 0.000000
      },
      "latency_depth" : 8,
      "latency_target" : 0,
      "latency_percentile" : 100.000000,
      "latency_window" : 0
    }
  ],
  "disk_util" : [
    {
      "name" : "nvme0n1",
      "read_ios" : 207870,
      "write_ios" : 0,
      "read_merges" : 0,
      "write_merges" : 0,
      "read_ticks" : 715485,
      "write_ticks" : 0,
      "in_queue" : 43812,
      "util" : 99.934417
    }
  ]
}
