{
  "fio version" : "fio-3.16",
  "timestamp" : 1601050892,
  "timestamp_ms" : 1601050892477,
  "time" : "Fri Sep 25 12:21:32 2020",
  "global options" : {
    "unified_rw_reporting" : "1",
    "time_based" : "1",
    "runtime" : "90",
    "directory" : "/media/auto/work/tmp",
    "filename" : "testfile.dat",
    "filesize" : "20GiB",
    "direct" : "1",
    "ioengine" : "libaio"
  },
  "jobs" : [
    {
      "jobname" : "jobname",
      "groupid" : 0,
      "error" : 0,
      "eta" : 0,
      "elapsed" : 91,
      "job options" : {
        "name" : "jobname",
        "iodepth" : "28",
        "bs" : "32k",
        "rw" : "randwrite"
      },
      "mixed" : {
        "io_bytes" : 67110207488,
        "io_kbytes" : 65537312,
        "bw_bytes" : 745652402,
        "bw" : 728176,
        "iops" : 22755.505433,
        "runtime" : 90002,
        "total_ios" : 2048041,
        "short_ios" : 0,
        "drop_ios" : 0,
        "slat_ns" : {
          "min" : 2295,
          "max" : 219662,
          "mean" : 4461.864922,
          "stddev" : 1022.988461
        },
        "clat_ns" : {
          "min" : 194966,
          "max" : 68622289,
          "mean" : 1225312.831794,
          "stddev" : 1120797.449780,
          "percentile" : {
            "1.000000" : 301056,
            "5.000000" : 337920,
            "10.000000" : 395264,
            "20.000000" : 544768,
            "30.000000" : 806912,
            "40.000000" : 1019904,
            "50.000000" : 1204224,
            "60.000000" : 1384448,
            "70.000000" : 1564672,
            "80.000000" : 1744896,
            "90.000000" : 1957888,
            "95.000000" : 2146304,
            "99.000000" : 2736128,
            "99.500000" : 3194880,
            "99.900000" : 4620288,
            "99.950000" : 17432576,
            "99.990000" : 56885248
          }
        },
        "lat_ns" : {
          "min" : 202380,
          "max" : 68627078,
          "mean" : 1229890.369658,
          "stddev" : 1120850.996635
        },
        "bw_min" : 602815,
        "bw_max" : 2161280,
        "bw_agg" : 99.993829,
        "bw_mean" : 728131.066667,
        "bw_dev" : 301415.929858,
        "bw_samples" : 180,
        "iops_min" : 18837,
        "iops_max" : 67540,
        "iops_mean" : 22754.072222,
        "iops_stddev" : 9419.253362,
        "iops_samples" : 180
      },
      "job_runtime" : 90001,
      "usr_cpu" : 3.591071,
      "sys_cpu" : 13.338741,
      "ctx" : 1974091,
      "majf" : 0,
      "minf" : 10,
      "iodepth_level" : {
        "1" : 0.100000,
        "2" : 0.100000,
        "4" : 0.100000,
        "8" : 0.100000,
        "16" : 99.999268,
        "32" : 0.000000,
        ">=64" : 0.000000
      },
      "iodepth_submit" : {
        "0" : 0.000000,
        "4" : 100.000000,
        "8" : 0.000000,
        "16" : 0.000000,
        "32" : 0.000000,
        "64" : 0.000000,
        ">=64" : 0.000000
      },
      "iodepth_complete" : {
        "0" : 0.000000,
        "4" : 99.999951,
        "8" : 0.000000,
        "16" : 0.000000,
        "32" : 0.100000,
        "64" : 0.000000,
        ">=64" : 0.000000
      },
      "latency_ns" : {
        "2" : 0.000000,
        "4" : 0.000000,
        "10" : 0.000000,
        "20" : 0.000000,
        "50" : 0.000000,
        "100" : 0.000000,
        "250" : 0.000000,
        "500" : 0.000000,
        "750" : 0.000000,
        "1000" : 0.000000
      },
      "latency_us" : {
        "2" : 0.000000,
        "4" : 0.000000,
        "10" : 0.000000,
        "20" : 0.000000,
        "50" : 0.000000,
        "100" : 0.000000,
        "250" : 0.010840,
        "500" : 17.877181,
        "750" : 9.919333,
        "1000" : 11.046117
      },
      "latency_ms" : {
        "2" : 52.473315,
        "4" : 8.503736,
        "10" : 0.105027,
        "20" : 0.020605,
        "50" : 0.030175,
        "100" : 0.013672,
        "250" : 0.000000,
        "500" : 0.000000,
        "750" : 0.000000,
        "1000" : 0.000000,
        "2000" : 0.000000,
        ">=2000" : 0.000000
      },
      "latency_depth" : 28,
      "latency_target" : 0,
      "latency_percentile" : 100.000000,
      "latency_window" : 0
    }
  ],
  "disk_util" : [
    {
      "name" : "nvme0n1",
      "read_ios" : 0,
      "write_ios" : 2045887,
      "read_merges" : 0,
      "write_merges" : 17,
      "read_ticks" : 0,
      "write_ticks" : 2508299,
      "in_queue" : 52292,
      "util" : 98.390396
    }
  ]
}
