{
  "fio version" : "fio-3.16",
  "timestamp" : 1601065526,
  "timestamp_ms" : 1601065526390,
  "time" : "Fri Sep 25 16:25:26 2020",
  "global options" : {
    "unified_rw_reporting" : "1",
    "time_based" : "1",
    "runtime" : "90",
    "directory" : "/media/auto/work/tmp",
    "filename" : "testfile.dat",
    "filesize" : "20GiB",
    "direct" : "1",
    "ioengine" : "libaio"
  },
  "jobs" : [
    {
      "jobname" : "jobname",
      "groupid" : 0,
      "error" : 0,
      "eta" : 0,
      "elapsed" : 91,
      "job options" : {
        "name" : "jobname",
        "iodepth" : "8",
        "bs" : "8k",
        "rw" : "read"
      },
      "mixed" : {
        "io_bytes" : 174604255232,
        "io_kbytes" : 170511968,
        "bw_bytes" : 1940025724,
        "bw" : 1894556,
        "iops" : 236819.546449,
        "runtime" : 90001,
        "total_ios" : 21313996,
        "short_ios" : 0,
        "drop_ios" : 0,
        "slat_ns" : {
          "min" : 1352,
          "max" : 710423,
          "mean" : 2463.136335,
          "stddev" : 1077.118745
        },
        "clat_ns" : {
          "min" : 8306,
          "max" : 759886,
          "mean" : 30890.975635,
          "stddev" : 21478.182884,
          "percentile" : {
            "1.000000" : 17280,
            "5.000000" : 18304,
            "10.000000" : 19072,
            "20.000000" : 20352,
            "30.000000" : 21888,
            "40.000000" : 22144,
            "50.000000" : 22400,
            "60.000000" : 23168,
            "70.000000" : 26240,
            "80.000000" : 38144,
            "90.000000" : 52992,
            "95.000000" : 78336,
            "99.000000" : 123392,
            "99.500000" : 144384,
            "99.900000" : 183296,
            "99.950000" : 195584,
            "99.990000" : 252928
          }
        },
        "lat_ns" : {
          "min" : 10249,
          "max" : 764766,
          "mean" : 33441.717544,
          "stddev" : 21427.987041
        },
        "bw_min" : 1832048,
        "bw_max" : 1955328,
        "bw_agg" : 99.999126,
        "bw_mean" : 1894539.446927,
        "bw_dev" : 21880.892685,
        "bw_samples" : 179,
        "iops_min" : 229006,
        "iops_max" : 244414,
        "iops_mean" : 236817.435754,
        "iops_stddev" : 2735.120409,
        "iops_samples" : 179
      },
      "job_runtime" : 90000,
      "usr_cpu" : 18.458889,
      "sys_cpu" : 59.425556,
      "ctx" : 831082,
      "majf" : 0,
      "minf" : 28,
      "iodepth_level" : {
        "1" : 0.100000,
        "2" : 0.100000,
        "4" : 0.100000,
        "8" : 99.999704,
        "16" : 0.000000,
        "32" : 0.000000,
        ">=64" : 0.000000
      },
      "iodepth_submit" : {
        "0" : 0.000000,
        "4" : 100.000000,
        "8" : 0.000000,
        "16" : 0.000000,
        "32" : 0.000000,
        "64" : 0.000000,
        ">=64" : 0.000000
      },
      "iodepth_complete" : {
        "0" : 0.000000,
        "4" : 99.999958,
        "8" : 0.100000,
        "16" : 0.000000,
        "32" : 0.000000,
        "64" : 0.000000,
        ">=64" : 0.000000
      },
      "latency_ns" : {
        "2" : 0.000000,
        "4" : 0.000000,
        "10" : 0.000000,
        "20" : 0.000000,
        "50" : 0.000000,
        "100" : 0.000000,
        "250" : 0.000000,
        "500" : 0.000000,
        "750" : 0.000000,
        "1000" : 0.000000
      },
      "latency_us" : {
        "2" : 0.000000,
        "4" : 0.000000,
        "10" : 0.010000,
        "20" : 14.543073,
        "50" : 74.737093,
        "100" : 8.412660,
        "250" : 2.295257,
        "500" : 0.010880,
        "750" : 0.010000,
        "1000" : 0.010000
      },
      "latency_ms" : {
        "2" : 0.000000,
        "4" : 0.000000,
        "10" : 0.000000,
        "20" : 0.000000,
        "50" : 0.000000,
        "100" : 0.000000,
        "250" : 0.000000,
        "500" : 0.000000,
        "750" : 0.000000,
        "1000" : 0.000000,
        "2000" : 0.000000,
        ">=2000" : 0.000000
      },
      "latency_depth" : 8,
      "latency_target" : 0,
      "latency_percentile" : 100.000000,
      "latency_window" : 0
    }
  ],
  "disk_util" : [
    {
      "name" : "nvme0n1",
      "read_ios" : 21289669,
      "write_ios" : 0,
      "read_merges" : 0,
      "write_merges" : 0,
      "read_ticks" : 473358,
      "write_ticks" : 0,
      "in_queue" : 0,
      "util" : 99.972213
    }
  ]
}
