{
  "fio version" : "fio-3.16",
  "timestamp" : 1601051805,
  "timestamp_ms" : 1601051805614,
  "time" : "Fri Sep 25 12:36:45 2020",
  "global options" : {
    "unified_rw_reporting" : "1",
    "time_based" : "1",
    "runtime" : "90",
    "directory" : "/media/auto/work/tmp",
    "filename" : "testfile.dat",
    "filesize" : "20GiB",
    "direct" : "1",
    "ioengine" : "libaio"
  },
  "jobs" : [
    {
      "jobname" : "jobname",
      "groupid" : 0,
      "error" : 0,
      "eta" : 0,
      "elapsed" : 91,
      "job options" : {
        "name" : "jobname",
        "iodepth" : "12",
        "bs" : "512k",
        "rw" : "randwrite"
      },
      "mixed" : {
        "io_bytes" : 67389882368,
        "io_kbytes" : 65810432,
        "bw_bytes" : 748693282,
        "bw" : 731145,
        "iops" : 1428.019109,
        "runtime" : 90010,
        "total_ios" : 128536,
        "short_ios" : 0,
        "drop_ios" : 0,
        "slat_ns" : {
          "min" : 10640,
          "max" : 6565952,
          "mean" : 29433.615415,
          "stddev" : 57625.320268
        },
        "clat_ns" : {
          "min" : 292348,
          "max" : 71101331,
          "mean" : 8371599.607044,
          "stddev" : 3422627.331109,
          "percentile" : {
            "1.000000" : 2342912,
            "5.000000" : 2473984,
            "10.000000" : 2572288,
            "20.000000" : 8290304,
            "30.000000" : 8716288,
            "40.000000" : 8847360,
            "50.000000" : 8978432,
            "60.000000" : 9109504,
            "70.000000" : 9240576,
            "80.000000" : 9371648,
            "90.000000" : 9764864,
            "95.000000" : 10420224,
            "99.000000" : 14221312,
            "99.500000" : 17694720,
            "99.900000" : 55836672,
            "99.950000" : 63700992,
            "99.990000" : 69730304
          }
        },
        "lat_ns" : {
          "min" : 355908,
          "max" : 75565930,
          "mean" : 8401278.456254,
          "stddev" : 3431368.808411
        },
        "bw_min" : 614399,
        "bw_max" : 2374656,
        "bw_agg" : 99.998859,
        "bw_mean" : 731136.655556,
        "bw_dev" : 319033.407270,
        "bw_samples" : 180,
        "iops_min" : 1199,
        "iops_max" : 4638,
        "iops_mean" : 1427.994444,
        "iops_stddev" : 623.113623,
        "iops_samples" : 180
      },
      "job_runtime" : 90009,
      "usr_cpu" : 1.254319,
      "sys_cpu" : 4.057372,
      "ctx" : 128305,
      "majf" : 0,
      "minf" : 11,
      "iodepth_level" : {
        "1" : 0.100000,
        "2" : 0.100000,
        "4" : 0.100000,
        "8" : 99.994554,
        "16" : 0.000000,
        "32" : 0.000000,
        ">=64" : 0.000000
      },
      "iodepth_submit" : {
        "0" : 0.000000,
        "4" : 100.000000,
        "8" : 0.000000,
        "16" : 0.000000,
        "32" : 0.000000,
        "64" : 0.000000,
        ">=64" : 0.000000
      },
      "iodepth_complete" : {
        "0" : 0.000000,
        "4" : 99.999222,
        "8" : 0.000000,
        "16" : 0.100000,
        "32" : 0.000000,
        "64" : 0.000000,
        ">=64" : 0.000000
      },
      "latency_ns" : {
        "2" : 0.000000,
        "4" : 0.000000,
        "10" : 0.000000,
        "20" : 0.000000,
        "50" : 0.000000,
        "100" : 0.000000,
        "250" : 0.000000,
        "500" : 0.000000,
        "750" : 0.000000,
        "1000" : 0.000000
      },
      "latency_us" : {
        "2" : 0.000000,
        "4" : 0.000000,
        "10" : 0.000000,
        "20" : 0.000000,
        "50" : 0.000000,
        "100" : 0.000000,
        "250" : 0.000000,
        "500" : 0.010000,
        "750" : 0.010000,
        "1000" : 0.010000
      },
      "latency_ms" : {
        "2" : 0.351652,
        "4" : 13.045373,
        "10" : 79.503797,
        "20" : 6.668171,
        "50" : 0.294859,
        "100" : 0.130703,
        "250" : 0.000000,
        "500" : 0.000000,
        "750" : 0.000000,
        "1000" : 0.000000,
        "2000" : 0.000000,
        ">=2000" : 0.000000
      },
      "latency_depth" : 12,
      "latency_target" : 0,
      "latency_percentile" : 100.000000,
      "latency_window" : 0
    }
  ],
  "disk_util" : [
    {
      "name" : "nvme0n1",
      "read_ios" : 0,
      "write_ios" : 139121,
      "read_merges" : 0,
      "write_merges" : 17,
      "read_ticks" : 0,
      "write_ticks" : 1165823,
      "in_queue" : 970880,
      "util" : 98.261372
    }
  ]
}
