{
  "fio version" : "fio-3.16",
  "timestamp" : 1601062102,
  "timestamp_ms" : 1601062102371,
  "time" : "Fri Sep 25 15:28:22 2020",
  "global options" : {
    "unified_rw_reporting" : "1",
    "time_based" : "1",
    "runtime" : "90",
    "directory" : "/media/auto/work/tmp",
    "filename" : "testfile.dat",
    "filesize" : "20GiB",
    "direct" : "1",
    "ioengine" : "libaio"
  },
  "jobs" : [
    {
      "jobname" : "jobname",
      "groupid" : 0,
      "error" : 0,
      "eta" : 0,
      "elapsed" : 91,
      "job options" : {
        "name" : "jobname",
        "iodepth" : "16",
        "bs" : "256k",
        "rw" : "randread"
      },
      "mixed" : {
        "io_bytes" : 108256821248,
        "io_kbytes" : 105719552,
        "bw_bytes" : 1202800111,
        "bw" : 1174609,
        "iops" : 4588.318297,
        "runtime" : 90004,
        "total_ios" : 412967,
        "short_ios" : 0,
        "drop_ios" : 0,
        "slat_ns" : {
          "min" : 6242,
          "max" : 112632,
          "mean" : 12957.034385,
          "stddev" : 2430.867052
        },
        "clat_ns" : {
          "min" : 582813,
          "max" : 6545804,
          "mean" : 3473253.213087,
          "stddev" : 411377.323135,
          "percentile" : {
            "1.000000" : 1794048,
            "5.000000" : 2965504,
            "10.000000" : 3063808,
            "20.000000" : 3227648,
            "30.000000" : 3293184,
            "40.000000" : 3391488,
            "50.000000" : 3489792,
            "60.000000" : 3555328,
            "70.000000" : 3653632,
            "80.000000" : 3751936,
            "90.000000" : 3915776,
            "95.000000" : 4079616,
            "99.000000" : 4358144,
            "99.500000" : 4489216,
            "99.900000" : 4882432,
            "99.950000" : 5079040,
            "99.990000" : 5537792
          }
        },
        "lat_ns" : {
          "min" : 595036,
          "max" : 6563898,
          "mean" : 3486339.268777,
          "stddev" : 411356.811939
        },
        "bw_min" : 1070592,
        "bw_max" : 1585664,
        "bw_agg" : 99.997545,
        "bw_mean" : 1174580.161111,
        "bw_dev" : 46677.171189,
        "bw_samples" : 180,
        "iops_min" : 4182,
        "iops_max" : 6194,
        "iops_mean" : 4588.188889,
        "iops_stddev" : 182.335647,
        "iops_samples" : 180
      },
      "job_runtime" : 90003,
      "usr_cpu" : 0.722198,
      "sys_cpu" : 6.955324,
      "ctx" : 396203,
      "majf" : 0,
      "minf" : 1035,
      "iodepth_level" : {
        "1" : 0.100000,
        "2" : 0.100000,
        "4" : 0.100000,
        "8" : 0.100000,
        "16" : 99.996368,
        "32" : 0.000000,
        ">=64" : 0.000000
      },
      "iodepth_submit" : {
        "0" : 0.000000,
        "4" : 100.000000,
        "8" : 0.000000,
        "16" : 0.000000,
        "32" : 0.000000,
        "64" : 0.000000,
        ">=64" : 0.000000
      },
      "iodepth_complete" : {
        "0" : 0.000000,
        "4" : 99.999758,
        "8" : 0.000000,
        "16" : 0.100000,
        "32" : 0.000000,
        "64" : 0.000000,
        ">=64" : 0.000000
      },
      "latency_ns" : {
        "2" : 0.000000,
        "4" : 0.000000,
        "10" : 0.000000,
        "20" : 0.000000,
        "50" : 0.000000,
        "100" : 0.000000,
        "250" : 0.000000,
        "500" : 0.000000,
        "750" : 0.000000,
        "1000" : 0.000000
      },
      "latency_us" : {
        "2" : 0.000000,
        "4" : 0.000000,
        "10" : 0.000000,
        "20" : 0.000000,
        "50" : 0.000000,
        "100" : 0.000000,
        "250" : 0.000000,
        "500" : 0.000000,
        "750" : 0.010000,
        "1000" : 0.170716
      },
      "latency_ms" : {
        "2" : 0.963031,
        "4" : 91.791596,
        "10" : 7.074173,
        "20" : 0.000000,
        "50" : 0.000000,
        "100" : 0.000000,
        "250" : 0.000000,
        "500" : 0.000000,
        "750" : 0.000000,
        "1000" : 0.000000,
        "2000" : 0.000000,
        ">=2000" : 0.000000
      },
      "latency_depth" : 16,
      "latency_target" : 0,
      "latency_percentile" : 100.000000,
      "latency_window" : 0
    }
  ],
  "disk_util" : [
    {
      "name" : "nvme0n1",
      "read_ios" : 412499,
      "write_ios" : 0,
      "read_merges" : 0,
      "write_merges" : 0,
      "read_ticks" : 1433714,
      "write_ticks" : 0,
      "in_queue" : 118068,
      "util" : 99.934417
    }
  ]
}
