{
  "fio version" : "fio-3.16",
  "timestamp" : 1601047761,
  "timestamp_ms" : 1601047761494,
  "time" : "Fri Sep 25 11:29:21 2020",
  "global options" : {
    "unified_rw_reporting" : "1",
    "time_based" : "1",
    "runtime" : "90",
    "directory" : "/media/auto/work/tmp",
    "filename" : "testfile.dat",
    "filesize" : "20GiB",
    "direct" : "1",
    "ioengine" : "libaio"
  },
  "jobs" : [
    {
      "jobname" : "jobname",
      "groupid" : 0,
      "error" : 0,
      "eta" : 0,
      "elapsed" : 91,
      "job options" : {
        "name" : "jobname",
        "iodepth" : "6",
        "bs" : "512k",
        "rw" : "write"
      },
      "mixed" : {
        "io_bytes" : 73464283136,
        "io_kbytes" : 71742464,
        "bw_bytes" : 816224466,
        "bw" : 797094,
        "iops" : 1556.824621,
        "runtime" : 90005,
        "total_ios" : 140122,
        "short_ios" : 0,
        "drop_ios" : 0,
        "slat_ns" : {
          "min" : 10710,
          "max" : 2234584,
          "mean" : 25946.196664,
          "stddev" : 12048.452565
        },
        "clat_ns" : {
          "min" : 215905,
          "max" : 65710906,
          "mean" : 3826377.659582,
          "stddev" : 2302661.015341,
          "percentile" : {
            "1.000000" : 1056768,
            "5.000000" : 1122304,
            "10.000000" : 1171456,
            "20.000000" : 1302528,
            "30.000000" : 3784704,
            "40.000000" : 4227072,
            "50.000000" : 4358144,
            "60.000000" : 4489216,
            "70.000000" : 4620288,
            "80.000000" : 4751360,
            "90.000000" : 5079040,
            "95.000000" : 5472256,
            "99.000000" : 6782976,
            "99.500000" : 8454144,
            "99.900000" : 31588352,
            "99.950000" : 57409536,
            "99.990000" : 63700992
          }
        },
        "lat_ns" : {
          "min" : 243387,
          "max" : 65732607,
          "mean" : 3852535.710117,
          "stddev" : 2304976.783780
        },
        "bw_min" : 617471,
        "bw_max" : 2463744,
        "bw_agg" : 99.995097,
        "bw_mean" : 797054.916667,
        "bw_dev" : 451593.643939,
        "bw_samples" : 180,
        "iops_min" : 1205,
        "iops_max" : 4812,
        "iops_mean" : 1556.738889,
        "iops_stddev" : 882.010833,
        "iops_samples" : 180
      },
      "job_runtime" : 90004,
      "usr_cpu" : 1.126617,
      "sys_cpu" : 3.967601,
      "ctx" : 140054,
      "majf" : 0,
      "minf" : 11,
      "iodepth_level" : {
        "1" : 0.100000,
        "2" : 0.100000,
        "4" : 99.991436,
        "8" : 0.000000,
        "16" : 0.000000,
        "32" : 0.000000,
        ">=64" : 0.000000
      },
      "iodepth_submit" : {
        "0" : 0.000000,
        "4" : 100.000000,
        "8" : 0.000000,
        "16" : 0.000000,
        "32" : 0.000000,
        "64" : 0.000000,
        ">=64" : 0.000000
      },
      "iodepth_complete" : {
        "0" : 0.000000,
        "4" : 99.997145,
        "8" : 0.100000,
        "16" : 0.000000,
        "32" : 0.000000,
        "64" : 0.000000,
        ">=64" : 0.000000
      },
      "latency_ns" : {
        "2" : 0.000000,
        "4" : 0.000000,
        "10" : 0.000000,
        "20" : 0.000000,
        "50" : 0.000000,
        "100" : 0.000000,
        "250" : 0.000000,
        "500" : 0.000000,
        "750" : 0.000000,
        "1000" : 0.000000
      },
      "latency_us" : {
        "2" : 0.000000,
        "4" : 0.000000,
        "10" : 0.000000,
        "20" : 0.000000,
        "50" : 0.000000,
        "100" : 0.000000,
        "250" : 0.010000,
        "500" : 0.010000,
        "750" : 0.021410,
        "1000" : 0.446754
      },
      "latency_ms" : {
        "2" : 23.086311,
        "4" : 9.870684,
        "10" : 66.325773,
        "20" : 0.081358,
        "50" : 0.087067,
        "100" : 0.069225,
        "250" : 0.000000,
        "500" : 0.000000,
        "750" : 0.000000,
        "1000" : 0.000000,
        "2000" : 0.000000,
        ">=2000" : 0.000000
      },
      "latency_depth" : 6,
      "latency_target" : 0,
      "latency_percentile" : 100.000000,
      "latency_window" : 0
    }
  ],
  "disk_util" : [
    {
      "name" : "nvme0n1",
      "read_ios" : 0,
      "write_ios" : 140016,
      "read_merges" : 0,
      "write_merges" : 17,
      "read_ticks" : 0,
      "write_ticks" : 537565,
      "in_queue" : 385308,
      "util" : 98.385878
    }
  ]
}
