{
  "fio version" : "fio-3.16",
  "timestamp" : 1600569798,
  "timestamp_ms" : 1600569798763,
  "time" : "Sat Sep 19 22:43:18 2020",
  "global options" : {
    "unified_rw_reporting" : "1",
    "time_based" : "1",
    "runtime" : "90",
    "directory" : "/media/auto/work/tmp",
    "filename" : "testfile.dat",
    "filesize" : "20GiB",
    "direct" : "1",
    "ioengine" : "libaio"
  },
  "jobs" : [
    {
      "jobname" : "jobname",
      "groupid" : 0,
      "error" : 0,
      "eta" : 0,
      "elapsed" : 91,
      "job options" : {
        "name" : "jobname",
        "iodepth" : "2",
        "bs" : "16k",
        "rw" : "write"
      },
      "mixed" : {
        "io_bytes" : 69350653952,
        "io_kbytes" : 67725248,
        "bw_bytes" : 770554259,
        "bw" : 752494,
        "iops" : 47030.899657,
        "runtime" : 90001,
        "total_ios" : 4232828,
        "short_ios" : 0,
        "drop_ios" : 0,
        "slat_ns" : {
          "min" : 1944,
          "max" : 233187,
          "mean" : 3521.523696,
          "stddev" : 1015.137370
        },
        "clat_ns" : {
          "min" : 3817,
          "max" : 67587410,
          "mean" : 38498.146428,
          "stddev" : 201917.399091,
          "percentile" : {
            "1.000000" : 13376,
            "5.000000" : 14144,
            "10.000000" : 14400,
            "20.000000" : 14656,
            "30.000000" : 14912,
            "40.000000" : 15168,
            "50.000000" : 15552,
            "60.000000" : 16064,
            "70.000000" : 17024,
            "80.000000" : 19072,
            "90.000000" : 31360,
            "95.000000" : 101888,
            "99.000000" : 593920,
            "99.500000" : 921600,
            "99.900000" : 1564672,
            "99.950000" : 1826816,
            "99.990000" : 2572288
          }
        },
        "lat_ns" : {
          "min" : 13856,
          "max" : 67590806,
          "mean" : 42115.416374,
          "stddev" : 201892.399236
        },
        "bw_min" : 570367,
        "bw_max" : 1641952,
        "bw_agg" : 99.995352,
        "bw_mean" : 752459.027778,
        "bw_dev" : 282849.816710,
        "bw_samples" : 180,
        "iops_min" : 35647,
        "iops_max" : 102622,
        "iops_mean" : 47028.688889,
        "iops_stddev" : 17678.184087,
        "iops_samples" : 180
      },
      "job_runtime" : 90000,
      "usr_cpu" : 5.573333,
      "sys_cpu" : 21.233333,
      "ctx" : 3403182,
      "majf" : 0,
      "minf" : 13,
      "iodepth_level" : {
        "1" : 0.100000,
        "2" : 99.999906,
        "4" : 0.000000,
        "8" : 0.000000,
        "16" : 0.000000,
        "32" : 0.000000,
        ">=64" : 0.000000
      },
      "iodepth_submit" : {
        "0" : 0.000000,
        "4" : 100.000000,
        "8" : 0.000000,
        "16" : 0.000000,
        "32" : 0.000000,
        "64" : 0.000000,
        ">=64" : 0.000000
      },
      "iodepth_complete" : {
        "0" : 0.000000,
        "4" : 100.000000,
        "8" : 0.000000,
        "16" : 0.000000,
        "32" : 0.000000,
        "64" : 0.000000,
        ">=64" : 0.000000
      },
      "latency_ns" : {
        "2" : 0.000000,
        "4" : 0.000000,
        "10" : 0.000000,
        "20" : 0.000000,
        "50" : 0.000000,
        "100" : 0.000000,
        "250" : 0.000000,
        "500" : 0.000000,
        "750" : 0.000000,
        "1000" : 0.000000
      },
      "latency_us" : {
        "2" : 0.000000,
        "4" : 0.010000,
        "10" : 0.010000,
        "20" : 82.191339,
        "50" : 10.464021,
        "100" : 2.277366,
        "250" : 2.395751,
        "500" : 1.410830,
        "750" : 0.543679,
        "1000" : 0.283687
      },
      "latency_ms" : {
        "2" : 0.398670,
        "4" : 0.023389,
        "10" : 0.010000,
        "20" : 0.010000,
        "50" : 0.010000,
        "100" : 0.010000,
        "250" : 0.000000,
        "500" : 0.000000,
        "750" : 0.000000,
        "1000" : 0.000000,
        "2000" : 0.000000,
        ">=2000" : 0.000000
      },
      "latency_depth" : 2,
      "latency_target" : 0,
      "latency_percentile" : 100.000000,
      "latency_window" : 0
    }
  ],
  "disk_util" : [
    {
      "name" : "nvme0n1",
      "read_ios" : 0,
      "write_ios" : 4228635,
      "read_merges" : 0,
      "write_merges" : 17,
      "read_ticks" : 0,
      "write_ticks" : 163686,
      "in_queue" : 3608,
      "util" : 98.622706
    }
  ]
}
