{
  "fio version" : "fio-3.16",
  "timestamp" : 1601065084,
  "timestamp_ms" : 1601065084603,
  "time" : "Fri Sep 25 16:18:04 2020",
  "global options" : {
    "unified_rw_reporting" : "1",
    "time_based" : "1",
    "runtime" : "90",
    "directory" : "/media/auto/work/tmp",
    "filename" : "testfile.dat",
    "filesize" : "20GiB",
    "direct" : "1",
    "ioengine" : "libaio"
  },
  "jobs" : [
    {
      "jobname" : "jobname",
      "groupid" : 0,
      "error" : 0,
      "eta" : 0,
      "elapsed" : 91,
      "job options" : {
        "name" : "jobname",
        "iodepth" : "1",
        "bs" : "8k",
        "rw" : "read"
      },
      "mixed" : {
        "io_bytes" : 47688998912,
        "io_kbytes" : 46571288,
        "bw_bytes" : 529871878,
        "bw" : 517453,
        "iops" : 64681.625760,
        "runtime" : 90001,
        "total_ios" : 5821411,
        "short_ios" : 0,
        "drop_ios" : 0,
        "slat_ns" : {
          "min" : 1703,
          "max" : 209864,
          "mean" : 2600.755082,
          "stddev" : 445.909686
        },
        "clat_ns" : {
          "min" : 370,
          "max" : 748294,
          "mean" : 12352.382870,
          "stddev" : 3815.304804,
          "percentile" : {
            "1.000000" : 11072,
            "5.000000" : 11200,
            "10.000000" : 11328,
            "20.000000" : 11328,
            "30.000000" : 11456,
            "40.000000" : 11456,
            "50.000000" : 11584,
            "60.000000" : 11712,
            "70.000000" : 12352,
            "80.000000" : 13632,
            "90.000000" : 14144,
            "95.000000" : 14528,
            "99.000000" : 15680,
            "99.500000" : 22144,
            "99.900000" : 81408,
            "99.950000" : 90624,
            "99.990000" : 156672
          }
        },
        "lat_ns" : {
          "min" : 11973,
          "max" : 752132,
          "mean" : 15041.841212,
          "stddev" : 3863.285795
        },
        "bw_min" : 497856,
        "bw_max" : 528400,
        "bw_agg" : 99.993325,
        "bw_mean" : 517418.458101,
        "bw_dev" : 4995.147468,
        "bw_samples" : 179,
        "iops_min" : 62232,
        "iops_max" : 66050,
        "iops_mean" : 64677.312849,
        "iops_stddev" : 624.420704,
        "iops_samples" : 179
      },
      "job_runtime" : 90000,
      "usr_cpu" : 7.840000,
      "sys_cpu" : 24.811111,
      "ctx" : 5821700,
      "majf" : 0,
      "minf" : 14,
      "iodepth_level" : {
        "1" : 100.000000,
        "2" : 0.000000,
        "4" : 0.000000,
        "8" : 0.000000,
        "16" : 0.000000,
        "32" : 0.000000,
        ">=64" : 0.000000
      },
      "iodepth_submit" : {
        "0" : 0.000000,
        "4" : 100.000000,
        "8" : 0.000000,
        "16" : 0.000000,
        "32" : 0.000000,
        "64" : 0.000000,
        ">=64" : 0.000000
      },
      "iodepth_complete" : {
        "0" : 0.000000,
        "4" : 100.000000,
        "8" : 0.000000,
        "16" : 0.000000,
        "32" : 0.000000,
        "64" : 0.000000,
        ">=64" : 0.000000
      },
      "latency_ns" : {
        "2" : 0.000000,
        "4" : 0.000000,
        "10" : 0.000000,
        "20" : 0.000000,
        "50" : 0.000000,
        "100" : 0.000000,
        "250" : 0.000000,
        "500" : 0.010000,
        "750" : 0.010000,
        "1000" : 0.010000
      },
      "latency_us" : {
        "2" : 0.010000,
        "4" : 0.010000,
        "10" : 0.010238,
        "20" : 99.407240,
        "50" : 0.412151,
        "100" : 0.137681,
        "250" : 0.029082,
        "500" : 0.010000,
        "750" : 0.010000,
        "1000" : 0.000000
      },
      "latency_ms" : {
        "2" : 0.000000,
        "4" : 0.000000,
        "10" : 0.000000,
        "20" : 0.000000,
        "50" : 0.000000,
        "100" : 0.000000,
        "250" : 0.000000,
        "500" : 0.000000,
        "750" : 0.000000,
        "1000" : 0.000000,
        "2000" : 0.000000,
        ">=2000" : 0.000000
      },
      "latency_depth" : 1,
      "latency_target" : 0,
      "latency_percentile" : 100.000000,
      "latency_window" : 0
    }
  ],
  "disk_util" : [
    {
      "name" : "nvme0n1",
      "read_ios" : 5814884,
      "write_ios" : 0,
      "read_merges" : 0,
      "write_merges" : 0,
      "read_ticks" : 72138,
      "write_ticks" : 0,
      "in_queue" : 0,
      "util" : 99.934417
    }
  ]
}
