{
  "fio version" : "fio-3.16",
  "timestamp" : 1601058347,
  "timestamp_ms" : 1601058347070,
  "time" : "Fri Sep 25 14:25:47 2020",
  "global options" : {
    "unified_rw_reporting" : "1",
    "time_based" : "1",
    "runtime" : "90",
    "directory" : "/media/auto/work/tmp",
    "filename" : "testfile.dat",
    "filesize" : "20GiB",
    "direct" : "1",
    "ioengine" : "libaio"
  },
  "jobs" : [
    {
      "jobname" : "jobname",
      "groupid" : 0,
      "error" : 0,
      "eta" : 0,
      "elapsed" : 91,
      "job options" : {
        "name" : "jobname",
        "iodepth" : "12",
        "bs" : "8k",
        "rw" : "randread"
      },
      "mixed" : {
        "io_bytes" : 63739527168,
        "io_kbytes" : 62245632,
        "bw_bytes" : 708209099,
        "bw" : 691610,
        "iops" : 86451.306097,
        "runtime" : 90001,
        "total_ios" : 7780704,
        "short_ios" : 0,
        "drop_ios" : 0,
        "slat_ns" : {
          "min" : 1463,
          "max" : 286558,
          "mean" : 2772.056466,
          "stddev" : 1027.793108
        },
        "clat_ns" : {
          "min" : 17062,
          "max" : 864463,
          "mean" : 135409.201545,
          "stddev" : 53260.803169,
          "percentile" : {
            "1.000000" : 68096,
            "5.000000" : 75264,
            "10.000000" : 81408,
            "20.000000" : 90624,
            "30.000000" : 98816,
            "40.000000" : 111104,
            "50.000000" : 124416,
            "60.000000" : 138240,
            "70.000000" : 152576,
            "80.000000" : 173056,
            "90.000000" : 207872,
            "95.000000" : 238592,
            "99.000000" : 309248,
            "99.500000" : 337920,
            "99.900000" : 403456,
            "99.950000" : 432128,
            "99.990000" : 489472
          }
        },
        "lat_ns" : {
          "min" : 20688,
          "max" : 867729,
          "mean" : 138283.331014,
          "stddev" : 53233.094763
        },
        "bw_min" : 684448,
        "bw_max" : 696080,
        "bw_agg" : 99.992738,
        "bw_mean" : 691559.776536,
        "bw_dev" : 2065.153080,
        "bw_samples" : 179,
        "iops_min" : 85556,
        "iops_max" : 87010,
        "iops_mean" : 86444.944134,
        "iops_stddev" : 258.145454,
        "iops_samples" : 179
      },
      "job_runtime" : 90000,
      "usr_cpu" : 10.768889,
      "sys_cpu" : 32.132222,
      "ctx" : 4445377,
      "majf" : 0,
      "minf" : 34,
      "iodepth_level" : {
        "1" : 0.100000,
        "2" : 0.100000,
        "4" : 0.100000,
        "8" : 99.999910,
        "16" : 0.000000,
        "32" : 0.000000,
        ">=64" : 0.000000
      },
      "iodepth_submit" : {
        "0" : 0.000000,
        "4" : 100.000000,
        "8" : 0.000000,
        "16" : 0.000000,
        "32" : 0.000000,
        "64" : 0.000000,
        ">=64" : 0.000000
      },
      "iodepth_complete" : {
        "0" : 0.000000,
        "4" : 99.999987,
        "8" : 0.000000,
        "16" : 0.100000,
        "32" : 0.000000,
        "64" : 0.000000,
        ">=64" : 0.000000
      },
      "latency_ns" : {
        "2" : 0.000000,
        "4" : 0.000000,
        "10" : 0.000000,
        "20" : 0.000000,
        "50" : 0.000000,
        "100" : 0.000000,
        "250" : 0.000000,
        "500" : 0.000000,
        "750" : 0.000000,
        "1000" : 0.000000
      },
      "latency_us" : {
        "2" : 0.000000,
        "4" : 0.000000,
        "10" : 0.000000,
        "20" : 0.010000,
        "50" : 0.010000,
        "100" : 31.076417,
        "250" : 64.964314,
        "500" : 3.951686,
        "750" : 0.010000,
        "1000" : 0.010000
      },
      "latency_ms" : {
        "2" : 0.000000,
        "4" : 0.000000,
        "10" : 0.000000,
        "20" : 0.000000,
        "50" : 0.000000,
        "100" : 0.000000,
        "250" : 0.000000,
        "500" : 0.000000,
        "750" : 0.000000,
        "1000" : 0.000000,
        "2000" : 0.000000,
        ">=2000" : 0.000000
      },
      "latency_depth" : 12,
      "latency_target" : 0,
      "latency_percentile" : 100.000000,
      "latency_window" : 0
    }
  ],
  "disk_util" : [
    {
      "name" : "nvme0n1",
      "read_ios" : 7772119,
      "write_ios" : 0,
      "read_merges" : 0,
      "write_merges" : 0,
      "read_ticks" : 1038095,
      "write_ticks" : 0,
      "in_queue" : 0,
      "util" : 99.942199
    }
  ]
}
