{
  "fio version" : "fio-3.16",
  "timestamp" : 1600551058,
  "timestamp_ms" : 1600551058785,
  "time" : "Sat Sep 19 17:30:58 2020",
  "global options" : {
    "unified_rw_reporting" : "1",
    "time_based" : "1",
    "runtime" : "90",
    "directory" : "/media/auto/work/tmp",
    "filename" : "testfile.dat",
    "filesize" : "20GiB",
    "direct" : "1",
    "ioengine" : "libaio"
  },
  "jobs" : [
    {
      "jobname" : "jobname",
      "groupid" : 0,
      "error" : 0,
      "eta" : 0,
      "elapsed" : 91,
      "job options" : {
        "name" : "jobname",
        "iodepth" : "4",
        "bs" : "8k",
        "rw" : "randwrite"
      },
      "mixed" : {
        "io_bytes" : 66795577344,
        "io_kbytes" : 65230056,
        "bw_bytes" : 742164835,
        "bw" : 724770,
        "iops" : 90596.293375,
        "runtime" : 90001,
        "total_ios" : 8153757,
        "short_ios" : 0,
        "drop_ios" : 0,
        "slat_ns" : {
          "min" : 1763,
          "max" : 212819,
          "mean" : 4026.580942,
          "stddev" : 1440.168529
        },
        "clat_ns" : {
          "min" : 7394,
          "max" : 62826659,
          "mean" : 39443.409446,
          "stddev" : 197724.584451,
          "percentile" : {
            "1.000000" : 10432,
            "5.000000" : 10816,
            "10.000000" : 14016,
            "20.000000" : 15424,
            "30.000000" : 15552,
            "40.000000" : 15808,
            "50.000000" : 16320,
            "60.000000" : 17280,
            "70.000000" : 20096,
            "80.000000" : 22400,
            "90.000000" : 38656,
            "95.000000" : 126464,
            "99.000000" : 544768,
            "99.500000" : 782336,
            "99.900000" : 1368064,
            "99.950000" : 1662976,
            "99.990000" : 2179072
          }
        },
        "lat_ns" : {
          "min" : 11271,
          "max" : 62829665,
          "mean" : 43598.534089,
          "stddev" : 197673.052064
        },
        "bw_min" : 612847,
        "bw_max" : 1944720,
        "bw_agg" : 100.000000,
        "bw_mean" : 725046.653631,
        "bw_dev" : 262191.288798,
        "bw_samples" : 179,
        "iops_min" : 76605,
        "iops_max" : 243090,
        "iops_mean" : 90630.832402,
        "iops_stddev" : 32773.913703,
        "iops_samples" : 179
      },
      "job_runtime" : 90000,
      "usr_cpu" : 11.630000,
      "sys_cpu" : 37.125556,
      "ctx" : 781782,
      "majf" : 0,
      "minf" : 11,
      "iodepth_level" : {
        "1" : 0.100000,
        "2" : 0.100000,
        "4" : 99.999963,
        "8" : 0.000000,
        "16" : 0.000000,
        "32" : 0.000000,
        ">=64" : 0.000000
      },
      "iodepth_submit" : {
        "0" : 0.000000,
        "4" : 100.000000,
        "8" : 0.000000,
        "16" : 0.000000,
        "32" : 0.000000,
        "64" : 0.000000,
        ">=64" : 0.000000
      },
      "iodepth_complete" : {
        "0" : 0.000000,
        "4" : 100.000000,
        "8" : 0.000000,
        "16" : 0.000000,
        "32" : 0.000000,
        "64" : 0.000000,
        ">=64" : 0.000000
      },
      "latency_ns" : {
        "2" : 0.000000,
        "4" : 0.000000,
        "10" : 0.000000,
        "20" : 0.000000,
        "50" : 0.000000,
        "100" : 0.000000,
        "250" : 0.000000,
        "500" : 0.000000,
        "750" : 0.000000,
        "1000" : 0.000000
      },
      "latency_us" : {
        "2" : 0.000000,
        "4" : 0.000000,
        "10" : 0.278068,
        "20" : 69.265665,
        "50" : 21.540291,
        "100" : 3.018351,
        "250" : 3.085461,
        "500" : 1.656194,
        "750" : 0.605279,
        "1000" : 0.271789
      },
      "latency_ms" : {
        "2" : 0.262909,
        "4" : 0.012522,
        "10" : 0.010000,
        "20" : 0.010000,
        "50" : 0.010000,
        "100" : 0.010000,
        "250" : 0.000000,
        "500" : 0.000000,
        "750" : 0.000000,
        "1000" : 0.000000,
        "2000" : 0.000000,
        ">=2000" : 0.000000
      },
      "latency_depth" : 4,
      "latency_target" : 0,
      "latency_percentile" : 100.000000,
      "latency_window" : 0
    }
  ],
  "disk_util" : [
    {
      "name" : "nvme0n1",
      "read_ios" : 0,
      "write_ios" : 8145412,
      "read_merges" : 0,
      "write_merges" : 17,
      "read_ticks" : 0,
      "write_ticks" : 293473,
      "in_queue" : 6476,
      "util" : 98.621671
    }
  ]
}
