{
  "fio version" : "fio-3.16",
  "timestamp" : 1601069833,
  "timestamp_ms" : 1601069833999,
  "time" : "Fri Sep 25 17:37:13 2020",
  "global options" : {
    "unified_rw_reporting" : "1",
    "time_based" : "1",
    "runtime" : "90",
    "directory" : "/media/auto/work/tmp",
    "filename" : "testfile.dat",
    "filesize" : "20GiB",
    "direct" : "1",
    "ioengine" : "libaio"
  },
  "jobs" : [
    {
      "jobname" : "jobname",
      "groupid" : 0,
      "error" : 0,
      "eta" : 0,
      "elapsed" : 91,
      "job options" : {
        "name" : "jobname",
        "iodepth" : "32",
        "bs" : "256k",
        "rw" : "read"
      },
      "mixed" : {
        "io_bytes" : 325998608384,
        "io_kbytes" : 318358016,
        "bw_bytes" : 3622086023,
        "bw" : 3537193,
        "iops" : 13817.161650,
        "runtime" : 90003,
        "total_ios" : 1243586,
        "short_ios" : 0,
        "drop_ios" : 0,
        "slat_ns" : {
          "min" : 8746,
          "max" : 177373,
          "mean" : 10323.906805,
          "stddev" : 1779.822481
        },
        "clat_ns" : {
          "min" : 298530,
          "max" : 4612656,
          "mean" : 2304901.627797,
          "stddev" : 126831.831281,
          "percentile" : {
            "1.000000" : 2023424,
            "5.000000" : 2088960,
            "10.000000" : 2146304,
            "20.000000" : 2211840,
            "30.000000" : 2277376,
            "40.000000" : 2277376,
            "50.000000" : 2310144,
            "60.000000" : 2310144,
            "70.000000" : 2342912,
            "80.000000" : 2408448,
            "90.000000" : 2473984,
            "95.000000" : 2506752,
            "99.000000" : 2572288,
            "99.500000" : 2605056,
            "99.900000" : 2670592,
            "99.950000" : 2703360,
            "99.990000" : 3948544
          }
        },
        "lat_ns" : {
          "min" : 311074,
          "max" : 4622204,
          "mean" : 2315328.915148,
          "stddev" : 126783.419784
        },
        "bw_min" : 3525748,
        "bw_max" : 3541504,
        "bw_agg" : 99.989758,
        "bw_mean" : 3536830.705556,
        "bw_dev" : 3557.561540,
        "bw_samples" : 180,
        "iops_min" : 13772,
        "iops_max" : 13834,
        "iops_mean" : 13815.722222,
        "iops_stddev" : 13.904324,
        "iops_samples" : 180
      },
      "job_runtime" : 90002,
      "usr_cpu" : 1.705518,
      "sys_cpu" : 16.320748,
      "ctx" : 1238666,
      "majf" : 0,
      "minf" : 2059,
      "iodepth_level" : {
        "1" : 0.100000,
        "2" : 0.100000,
        "4" : 0.100000,
        "8" : 0.100000,
        "16" : 0.100000,
        "32" : 99.957623,
        ">=64" : 0.000000
      },
      "iodepth_submit" : {
        "0" : 0.000000,
        "4" : 100.000000,
        "8" : 0.000000,
        "16" : 0.000000,
        "32" : 0.000000,
        "64" : 0.000000,
        ">=64" : 0.000000
      },
      "iodepth_complete" : {
        "0" : 0.000000,
        "4" : 99.998632,
        "8" : 0.000000,
        "16" : 0.000000,
        "32" : 0.100000,
        "64" : 0.000000,
        ">=64" : 0.000000
      },
      "latency_ns" : {
        "2" : 0.000000,
        "4" : 0.000000,
        "10" : 0.000000,
        "20" : 0.000000,
        "50" : 0.000000,
        "100" : 0.000000,
        "250" : 0.000000,
        "500" : 0.000000,
        "750" : 0.000000,
        "1000" : 0.000000
      },
      "latency_us" : {
        "2" : 0.000000,
        "4" : 0.000000,
        "10" : 0.000000,
        "20" : 0.000000,
        "50" : 0.000000,
        "100" : 0.000000,
        "250" : 0.000000,
        "500" : 0.010000,
        "750" : 0.010000,
        "1000" : 0.010000
      },
      "latency_ms" : {
        "2" : 0.398042,
        "4" : 99.582337,
        "10" : 0.010000,
        "20" : 0.000000,
        "50" : 0.000000,
        "100" : 0.000000,
        "250" : 0.000000,
        "500" : 0.000000,
        "750" : 0.000000,
        "1000" : 0.000000,
        "2000" : 0.000000,
        ">=2000" : 0.000000
      },
      "latency_depth" : 32,
      "latency_target" : 0,
      "latency_percentile" : 100.000000,
      "latency_window" : 0
    }
  ],
  "disk_util" : [
    {
      "name" : "nvme0n1",
      "read_ios" : 1242170,
      "write_ios" : 0,
      "read_merges" : 0,
      "write_merges" : 0,
      "read_ticks" : 2865571,
      "write_ticks" : 0,
      "in_queue" : 0,
      "util" : 99.938861
    }
  ]
}
