{
  "fio version" : "fio-3.16",
  "timestamp" : 1601068066,
  "timestamp_ms" : 1601068066769,
  "time" : "Fri Sep 25 17:07:46 2020",
  "global options" : {
    "unified_rw_reporting" : "1",
    "time_based" : "1",
    "runtime" : "90",
    "directory" : "/media/auto/work/tmp",
    "filename" : "testfile.dat",
    "filesize" : "20GiB",
    "direct" : "1",
    "ioengine" : "libaio"
  },
  "jobs" : [
    {
      "jobname" : "jobname",
      "groupid" : 0,
      "error" : 0,
      "eta" : 0,
      "elapsed" : 91,
      "job options" : {
        "name" : "jobname",
        "iodepth" : "12",
        "bs" : "32k",
        "rw" : "read"
      },
      "mixed" : {
        "io_bytes" : 234097115136,
        "io_kbytes" : 228610464,
        "bw_bytes" : 2601050156,
        "bw" : 2540088,
        "iops" : 79377.751358,
        "runtime" : 90001,
        "total_ios" : 7144077,
        "short_ios" : 0,
        "drop_ios" : 0,
        "slat_ns" : {
          "min" : 2114,
          "max" : 257503,
          "mean" : 4200.255927,
          "stddev" : 1587.926080
        },
        "clat_ns" : {
          "min" : 26250,
          "max" : 677952,
          "mean" : 146413.963918,
          "stddev" : 74647.673785,
          "percentile" : {
            "1.000000" : 70144,
            "5.000000" : 81408,
            "10.000000" : 85504,
            "20.000000" : 90624,
            "30.000000" : 97792,
            "40.000000" : 103936,
            "50.000000" : 104960,
            "60.000000" : 119296,
            "70.000000" : 160768,
            "80.000000" : 228352,
            "90.000000" : 268288,
            "95.000000" : 292864,
            "99.000000" : 350208,
            "99.500000" : 374784,
            "99.900000" : 428032,
            "99.950000" : 452608,
            "99.990000" : 505856
          }
        },
        "lat_ns" : {
          "min" : 29676,
          "max" : 681178,
          "mean" : 150728.540909,
          "stddev" : 74451.608774
        },
        "bw_min" : 2526912,
        "bw_max" : 2553728,
        "bw_agg" : 99.994834,
        "bw_mean" : 2539956.787709,
        "bw_dev" : 5434.952589,
        "bw_samples" : 179,
        "iops_min" : 78966,
        "iops_max" : 79804,
        "iops_mean" : 79373.659218,
        "iops_stddev" : 169.829826,
        "iops_samples" : 179
      },
      "job_runtime" : 90000,
      "usr_cpu" : 9.551111,
      "sys_cpu" : 40.308889,
      "ctx" : 4242187,
      "majf" : 0,
      "minf" : 108,
      "iodepth_level" : {
        "1" : 0.100000,
        "2" : 0.100000,
        "4" : 0.100000,
        "8" : 99.998824,
        "16" : 0.000000,
        "32" : 0.000000,
        ">=64" : 0.000000
      },
      "iodepth_submit" : {
        "0" : 0.000000,
        "4" : 100.000000,
        "8" : 0.000000,
        "16" : 0.000000,
        "32" : 0.000000,
        "64" : 0.000000,
        ">=64" : 0.000000
      },
      "iodepth_complete" : {
        "0" : 0.000000,
        "4" : 99.999832,
        "8" : 0.000000,
        "16" : 0.100000,
        "32" : 0.000000,
        "64" : 0.000000,
        ">=64" : 0.000000
      },
      "latency_ns" : {
        "2" : 0.000000,
        "4" : 0.000000,
        "10" : 0.000000,
        "20" : 0.000000,
        "50" : 0.000000,
        "100" : 0.000000,
        "250" : 0.000000,
        "500" : 0.000000,
        "750" : 0.000000,
        "1000" : 0.000000
      },
      "latency_us" : {
        "2" : 0.000000,
        "4" : 0.000000,
        "10" : 0.000000,
        "20" : 0.000000,
        "50" : 0.010000,
        "100" : 34.053538,
        "250" : 51.566885,
        "500" : 14.364921,
        "750" : 0.012696,
        "1000" : 0.000000
      },
      "latency_ms" : {
        "2" : 0.000000,
        "4" : 0.000000,
        "10" : 0.000000,
        "20" : 0.000000,
        "50" : 0.000000,
        "100" : 0.000000,
        "250" : 0.000000,
        "500" : 0.000000,
        "750" : 0.000000,
        "1000" : 0.000000,
        "2000" : 0.000000,
        ">=2000" : 0.000000
      },
      "latency_depth" : 12,
      "latency_target" : 0,
      "latency_percentile" : 100.000000,
      "latency_window" : 0
    }
  ],
  "disk_util" : [
    {
      "name" : "nvme0n1",
      "read_ios" : 7136147,
      "write_ios" : 0,
      "read_merges" : 0,
      "write_merges" : 0,
      "read_ticks" : 1026277,
      "write_ticks" : 0,
      "in_queue" : 0,
      "util" : 99.946643
    }
  ]
}
