{
  "fio version" : "fio-3.16",
  "timestamp" : 1600551450,
  "timestamp_ms" : 1600551450156,
  "time" : "Sat Sep 19 17:37:30 2020",
  "global options" : {
    "unified_rw_reporting" : "1",
    "time_based" : "1",
    "runtime" : "90",
    "directory" : "/media/auto/work/tmp",
    "filename" : "testfile.dat",
    "filesize" : "20GiB",
    "direct" : "1",
    "ioengine" : "libaio"
  },
  "jobs" : [
    {
      "jobname" : "jobname",
      "groupid" : 0,
      "error" : 0,
      "eta" : 0,
      "elapsed" : 91,
      "job options" : {
        "name" : "jobname",
        "iodepth" : "32",
        "bs" : "8k",
        "rw" : "randwrite"
      },
      "mixed" : {
        "io_bytes" : 66875891712,
        "io_kbytes" : 65308488,
        "bw_bytes" : 743057207,
        "bw" : 725641,
        "iops" : 90705.225497,
        "runtime" : 90001,
        "total_ios" : 8163561,
        "short_ios" : 0,
        "drop_ios" : 0,
        "slat_ns" : {
          "min" : 1563,
          "max" : 283712,
          "mean" : 3581.518955,
          "stddev" : 1416.497008
        },
        "clat_ns" : {
          "min" : 70262,
          "max" : 62407193,
          "mean" : 348540.919392,
          "stddev" : 583595.650841,
          "percentile" : {
            "1.000000" : 95744,
            "5.000000" : 107008,
            "10.000000" : 124416,
            "20.000000" : 148480,
            "30.000000" : 160768,
            "40.000000" : 181248,
            "50.000000" : 211968,
            "60.000000" : 268288,
            "70.000000" : 358400,
            "80.000000" : 497664,
            "90.000000" : 741376,
            "95.000000" : 987136,
            "99.000000" : 1531904,
            "99.500000" : 1777664,
            "99.900000" : 2277376,
            "99.950000" : 2801664,
            "99.990000" : 22937600
          }
        },
        "lat_ns" : {
          "min" : 72907,
          "max" : 62409848,
          "mean" : 352244.535897,
          "stddev" : 583545.455802
        },
        "bw_min" : 599439,
        "bw_max" : 2026752,
        "bw_agg" : 100.000000,
        "bw_mean" : 725996.240223,
        "bw_dev" : 271122.236102,
        "bw_samples" : 179,
        "iops_min" : 74929,
        "iops_max" : 253344,
        "iops_mean" : 90749.541899,
        "iops_stddev" : 33890.275597,
        "iops_samples" : 179
      },
      "job_runtime" : 90000,
      "usr_cpu" : 11.448889,
      "sys_cpu" : 32.964444,
      "ctx" : 853953,
      "majf" : 0,
      "minf" : 11,
      "iodepth_level" : {
        "1" : 0.100000,
        "2" : 0.100000,
        "4" : 0.100000,
        "8" : 0.100000,
        "16" : 0.100000,
        "32" : 99.999620,
        ">=64" : 0.000000
      },
      "iodepth_submit" : {
        "0" : 0.000000,
        "4" : 100.000000,
        "8" : 0.000000,
        "16" : 0.000000,
        "32" : 0.000000,
        "64" : 0.000000,
        ">=64" : 0.000000
      },
      "iodepth_complete" : {
        "0" : 0.000000,
        "4" : 99.999988,
        "8" : 0.000000,
        "16" : 0.000000,
        "32" : 0.100000,
        "64" : 0.000000,
        ">=64" : 0.000000
      },
      "latency_ns" : {
        "2" : 0.000000,
        "4" : 0.000000,
        "10" : 0.000000,
        "20" : 0.000000,
        "50" : 0.000000,
        "100" : 0.000000,
        "250" : 0.000000,
        "500" : 0.000000,
        "750" : 0.000000,
        "1000" : 0.000000
      },
      "latency_us" : {
        "2" : 0.000000,
        "4" : 0.000000,
        "10" : 0.000000,
        "20" : 0.000000,
        "50" : 0.000000,
        "100" : 2.591455,
        "250" : 54.690190,
        "500" : 22.866149,
        "750" : 10.197780,
        "1000" : 4.852711
      },
      "latency_ms" : {
        "2" : 4.505865,
        "4" : 0.267873,
        "10" : 0.010731,
        "20" : 0.010000,
        "50" : 0.010000,
        "100" : 0.010000,
        "250" : 0.000000,
        "500" : 0.000000,
        "750" : 0.000000,
        "1000" : 0.000000,
        "2000" : 0.000000,
        ">=2000" : 0.000000
      },
      "latency_depth" : 32,
      "latency_target" : 0,
      "latency_percentile" : 100.000000,
      "latency_window" : 0
    }
  ],
  "disk_util" : [
    {
      "name" : "nvme0n1",
      "read_ios" : 0,
      "write_ios" : 8155051,
      "read_merges" : 0,
      "write_merges" : 17,
      "read_ticks" : 0,
      "write_ticks" : 2516028,
      "in_queue" : 48412,
      "util" : 98.523854
    }
  ]
}
