{
  "fio version" : "fio-3.16",
  "timestamp" : 1601065636,
  "timestamp_ms" : 1601065636851,
  "time" : "Fri Sep 25 16:27:16 2020",
  "global options" : {
    "unified_rw_reporting" : "1",
    "time_based" : "1",
    "runtime" : "90",
    "directory" : "/media/auto/work/tmp",
    "filename" : "testfile.dat",
    "filesize" : "20GiB",
    "direct" : "1",
    "ioengine" : "libaio"
  },
  "jobs" : [
    {
      "jobname" : "jobname",
      "groupid" : 0,
      "error" : 0,
      "eta" : 0,
      "elapsed" : 91,
      "job options" : {
        "name" : "jobname",
        "iodepth" : "12",
        "bs" : "8k",
        "rw" : "read"
      },
      "mixed" : {
        "io_bytes" : 176238960640,
        "io_kbytes" : 172108360,
        "bw_bytes" : 1958188916,
        "bw" : 1912293,
        "iops" : 239036.732925,
        "runtime" : 90001,
        "total_ios" : 21513545,
        "short_ios" : 0,
        "drop_ios" : 0,
        "slat_ns" : {
          "min" : 1463,
          "max" : 251411,
          "mean" : 2485.751082,
          "stddev" : 1032.893385
        },
        "clat_ns" : {
          "min" : 7454,
          "max" : 543711,
          "mean" : 47292.945380,
          "stddev" : 27326.935734,
          "percentile" : {
            "1.000000" : 27520,
            "5.000000" : 30336,
            "10.000000" : 31360,
            "20.000000" : 32384,
            "30.000000" : 33536,
            "40.000000" : 35072,
            "50.000000" : 35584,
            "60.000000" : 37632,
            "70.000000" : 43776,
            "80.000000" : 60160,
            "90.000000" : 78336,
            "95.000000" : 104960,
            "99.000000" : 162816,
            "99.500000" : 181248,
            "99.900000" : 220160,
            "99.950000" : 240640,
            "99.990000" : 280576
          }
        },
        "lat_ns" : {
          "min" : 11091,
          "max" : 546155,
          "mean" : 49865.945271,
          "stddev" : 27249.386186
        },
        "bw_min" : 1848800,
        "bw_max" : 1966384,
        "bw_agg" : 99.991364,
        "bw_mean" : 1912127.849162,
        "bw_dev" : 19225.922136,
        "bw_samples" : 179,
        "iops_min" : 231100,
        "iops_max" : 245798,
        "iops_mean" : 239015.994413,
        "iops_stddev" : 2403.266407,
        "iops_samples" : 179
      },
      "job_runtime" : 90000,
      "usr_cpu" : 18.470000,
      "sys_cpu" : 60.657778,
      "ctx" : 819865,
      "majf" : 0,
      "minf" : 36,
      "iodepth_level" : {
        "1" : 0.100000,
        "2" : 0.100000,
        "4" : 0.100000,
        "8" : 99.999707,
        "16" : 0.000000,
        "32" : 0.000000,
        ">=64" : 0.000000
      },
      "iodepth_submit" : {
        "0" : 0.000000,
        "4" : 100.000000,
        "8" : 0.000000,
        "16" : 0.000000,
        "32" : 0.000000,
        "64" : 0.000000,
        ">=64" : 0.000000
      },
      "iodepth_complete" : {
        "0" : 0.000000,
        "4" : 99.999958,
        "8" : 0.000000,
        "16" : 0.100000,
        "32" : 0.000000,
        "64" : 0.000000,
        ">=64" : 0.000000
      },
      "latency_ns" : {
        "2" : 0.000000,
        "4" : 0.000000,
        "10" : 0.000000,
        "20" : 0.000000,
        "50" : 0.000000,
        "100" : 0.000000,
        "250" : 0.000000,
        "500" : 0.000000,
        "750" : 0.000000,
        "1000" : 0.000000
      },
      "latency_us" : {
        "2" : 0.000000,
        "4" : 0.000000,
        "10" : 0.010000,
        "20" : 0.013852,
        "50" : 75.936806,
        "100" : 18.337935,
        "250" : 5.674830,
        "500" : 0.036484,
        "750" : 0.010000,
        "1000" : 0.000000
      },
      "latency_ms" : {
        "2" : 0.000000,
        "4" : 0.000000,
        "10" : 0.000000,
        "20" : 0.000000,
        "50" : 0.000000,
        "100" : 0.000000,
        "250" : 0.000000,
        "500" : 0.000000,
        "750" : 0.000000,
        "1000" : 0.000000,
        "2000" : 0.000000,
        ">=2000" : 0.000000
      },
      "latency_depth" : 12,
      "latency_target" : 0,
      "latency_percentile" : 100.000000,
      "latency_window" : 0
    }
  ],
  "disk_util" : [
    {
      "name" : "nvme0n1",
      "read_ios" : 21489223,
      "write_ios" : 0,
      "read_merges" : 0,
      "write_merges" : 0,
      "read_ticks" : 618296,
      "write_ticks" : 0,
      "in_queue" : 0,
      "util" : 99.984437
    }
  ]
}
