{
  "fio version" : "fio-3.16",
  "timestamp" : 1601051022,
  "timestamp_ms" : 1601051022916,
  "time" : "Fri Sep 25 12:23:42 2020",
  "global options" : {
    "unified_rw_reporting" : "1",
    "time_based" : "1",
    "runtime" : "90",
    "directory" : "/media/auto/work/tmp",
    "filename" : "testfile.dat",
    "filesize" : "20GiB",
    "direct" : "1",
    "ioengine" : "libaio"
  },
  "jobs" : [
    {
      "jobname" : "jobname",
      "groupid" : 0,
      "error" : 0,
      "eta" : 0,
      "elapsed" : 91,
      "job options" : {
        "name" : "jobname",
        "iodepth" : "6",
        "bs" : "256k",
        "rw" : "randwrite"
      },
      "mixed" : {
        "io_bytes" : 64864649216,
        "io_kbytes" : 63344384,
        "bw_bytes" : 720694301,
        "bw" : 703803,
        "iops" : 2749.230581,
        "runtime" : 90003,
        "total_ios" : 247439,
        "short_ios" : 0,
        "drop_ios" : 0,
        "slat_ns" : {
          "min" : 6352,
          "max" : 75021,
          "mean" : 14104.280930,
          "stddev" : 2620.814731
        },
        "clat_ns" : {
          "min" : 109095,
          "max" : 263950941,
          "mean" : 2167372.691277,
          "stddev" : 2703700.433214,
          "percentile" : {
            "1.000000" : 505856,
            "5.000000" : 593920,
            "10.000000" : 667648,
            "20.000000" : 1400832,
            "30.000000" : 1941504,
            "40.000000" : 2146304,
            "50.000000" : 2211840,
            "60.000000" : 2277376,
            "70.000000" : 2408448,
            "80.000000" : 2605056,
            "90.000000" : 3031040,
            "95.000000" : 3522560,
            "99.000000" : 4423680,
            "99.500000" : 4882432,
            "99.900000" : 22413312,
            "99.950000" : 49020928,
            "99.990000" : 158334976
          }
        },
        "lat_ns" : {
          "min" : 161954,
          "max" : 264007407,
          "mean" : 2181612.715413,
          "stddev" : 2704065.513724
        },
        "bw_min" : 115711,
        "bw_max" : 2335744,
        "bw_agg" : 99.993409,
        "bw_mean" : 703756.611111,
        "bw_dev" : 322372.975167,
        "bw_samples" : 180,
        "iops_min" : 451,
        "iops_max" : 9124,
        "iops_mean" : 2749.027778,
        "iops_stddev" : 1259.246061,
        "iops_samples" : 180
      },
      "job_runtime" : 90002,
      "usr_cpu" : 0.975534,
      "sys_cpu" : 3.983245,
      "ctx" : 247470,
      "majf" : 0,
      "minf" : 11,
      "iodepth_level" : {
        "1" : 0.100000,
        "2" : 0.100000,
        "4" : 99.998788,
        "8" : 0.000000,
        "16" : 0.000000,
        "32" : 0.000000,
        ">=64" : 0.000000
      },
      "iodepth_submit" : {
        "0" : 0.000000,
        "4" : 100.000000,
        "8" : 0.000000,
        "16" : 0.000000,
        "32" : 0.000000,
        "64" : 0.000000,
        ">=64" : 0.000000
      },
      "iodepth_complete" : {
        "0" : 0.000000,
        "4" : 99.999596,
        "8" : 0.100000,
        "16" : 0.000000,
        "32" : 0.000000,
        "64" : 0.000000,
        ">=64" : 0.000000
      },
      "latency_ns" : {
        "2" : 0.000000,
        "4" : 0.000000,
        "10" : 0.000000,
        "20" : 0.000000,
        "50" : 0.000000,
        "100" : 0.000000,
        "250" : 0.000000,
        "500" : 0.000000,
        "750" : 0.000000,
        "1000" : 0.000000
      },
      "latency_us" : {
        "2" : 0.000000,
        "4" : 0.000000,
        "10" : 0.000000,
        "20" : 0.000000,
        "50" : 0.000000,
        "100" : 0.000000,
        "250" : 0.010000,
        "500" : 0.786456,
        "750" : 12.961983,
        "1000" : 2.895259
      },
      "latency_ms" : {
        "2" : 15.280130,
        "4" : 65.816221,
        "10" : 2.120927,
        "20" : 0.021824,
        "50" : 0.063046,
        "100" : 0.033948,
        "250" : 0.014549,
        "500" : 0.010000,
        "750" : 0.000000,
        "1000" : 0.000000,
        "2000" : 0.000000,
        ">=2000" : 0.000000
      },
      "latency_depth" : 6,
      "latency_target" : 0,
      "latency_percentile" : 100.000000,
      "latency_window" : 0
    }
  ],
  "disk_util" : [
    {
      "name" : "nvme0n1",
      "read_ios" : 0,
      "write_ios" : 247203,
      "read_merges" : 0,
      "write_merges" : 17,
      "read_ticks" : 0,
      "write_ticks" : 537749,
      "in_queue" : 39224,
      "util" : 97.163184
    }
  ]
}
