{
  "fio version" : "fio-3.16",
  "timestamp" : 1601059341,
  "timestamp_ms" : 1601059341147,
  "time" : "Fri Sep 25 14:42:21 2020",
  "global options" : {
    "unified_rw_reporting" : "1",
    "time_based" : "1",
    "runtime" : "90",
    "directory" : "/media/auto/work/tmp",
    "filename" : "testfile.dat",
    "filesize" : "20GiB",
    "direct" : "1",
    "ioengine" : "libaio"
  },
  "jobs" : [
    {
      "jobname" : "jobname",
      "groupid" : 0,
      "error" : 0,
      "eta" : 0,
      "elapsed" : 91,
      "job options" : {
        "name" : "jobname",
        "iodepth" : "6",
        "bs" : "16k",
        "rw" : "randread"
      },
      "mixed" : {
        "io_bytes" : 62078746624,
        "io_kbytes" : 60623776,
        "bw_bytes" : 689756187,
        "bw" : 673590,
        "iops" : 42099.376674,
        "runtime" : 90001,
        "total_ios" : 3788986,
        "short_ios" : 0,
        "drop_ios" : 0,
        "slat_ns" : {
          "min" : 1853,
          "max" : 323968,
          "mean" : 3092.710342,
          "stddev" : 815.766384
        },
        "clat_ns" : {
          "min" : 22131,
          "max" : 1224778,
          "mean" : 138837.690948,
          "stddev" : 44575.170166,
          "percentile" : {
            "1.000000" : 72192,
            "5.000000" : 82432,
            "10.000000" : 88576,
            "20.000000" : 98816,
            "30.000000" : 110080,
            "40.000000" : 121344,
            "50.000000" : 132096,
            "60.000000" : 144384,
            "70.000000" : 156672,
            "80.000000" : 171008,
            "90.000000" : 199680,
            "95.000000" : 222208,
            "99.000000" : 276480,
            "99.500000" : 296960,
            "99.900000" : 346112,
            "99.950000" : 362496,
            "99.990000" : 399360
          }
        },
        "lat_ns" : {
          "min" : 69109,
          "max" : 1231641,
          "mean" : 142025.175186,
          "stddev" : 44539.478584
        },
        "bw_min" : 656736,
        "bw_max" : 679872,
        "bw_agg" : 99.997105,
        "bw_mean" : 673570.502793,
        "bw_dev" : 2853.838988,
        "bw_samples" : 179,
        "iops_min" : 41046,
        "iops_max" : 42492,
        "iops_mean" : 42098.150838,
        "iops_stddev" : 178.344461,
        "iops_samples" : 179
      },
      "job_runtime" : 90000,
      "usr_cpu" : 5.037778,
      "sys_cpu" : 18.111111,
      "ctx" : 3035754,
      "majf" : 0,
      "minf" : 35,
      "iodepth_level" : {
        "1" : 0.100000,
        "2" : 0.100000,
        "4" : 99.999921,
        "8" : 0.000000,
        "16" : 0.000000,
        "32" : 0.000000,
        ">=64" : 0.000000
      },
      "iodepth_submit" : {
        "0" : 0.000000,
        "4" : 100.000000,
        "8" : 0.000000,
        "16" : 0.000000,
        "32" : 0.000000,
        "64" : 0.000000,
        ">=64" : 0.000000
      },
      "iodepth_complete" : {
        "0" : 0.000000,
        "4" : 99.999974,
        "8" : 0.100000,
        "16" : 0.000000,
        "32" : 0.000000,
        "64" : 0.000000,
        ">=64" : 0.000000
      },
      "latency_ns" : {
        "2" : 0.000000,
        "4" : 0.000000,
        "10" : 0.000000,
        "20" : 0.000000,
        "50" : 0.000000,
        "100" : 0.000000,
        "250" : 0.000000,
        "500" : 0.000000,
        "750" : 0.000000,
        "1000" : 0.000000
      },
      "latency_us" : {
        "2" : 0.000000,
        "4" : 0.000000,
        "10" : 0.000000,
        "20" : 0.000000,
        "50" : 0.010000,
        "100" : 21.431328,
        "250" : 76.350955,
        "500" : 2.217295,
        "750" : 0.010000,
        "1000" : 0.010000
      },
      "latency_ms" : {
        "2" : 0.010000,
        "4" : 0.000000,
        "10" : 0.000000,
        "20" : 0.000000,
        "50" : 0.000000,
        "100" : 0.000000,
        "250" : 0.000000,
        "500" : 0.000000,
        "750" : 0.000000,
        "1000" : 0.000000,
        "2000" : 0.000000,
        ">=2000" : 0.000000
      },
      "latency_depth" : 6,
      "latency_target" : 0,
      "latency_percentile" : 100.000000,
      "latency_window" : 0
    }
  ],
  "disk_util" : [
    {
      "name" : "nvme0n1",
      "read_ios" : 3784722,
      "write_ios" : 0,
      "read_merges" : 0,
      "write_merges" : 0,
      "read_ticks" : 523495,
      "write_ticks" : 0,
      "in_queue" : 0,
      "util" : 99.934415
    }
  ]
}
