{
  "fio version" : "fio-3.16",
  "timestamp" : 1600548840,
  "timestamp_ms" : 1600548840675,
  "time" : "Sat Sep 19 16:54:00 2020",
  "global options" : {
    "unified_rw_reporting" : "1",
    "time_based" : "1",
    "runtime" : "90",
    "directory" : "/media/auto/work/tmp",
    "filename" : "testfile.dat",
    "filesize" : "20GiB",
    "direct" : "1",
    "ioengine" : "libaio"
  },
  "jobs" : [
    {
      "jobname" : "jobname",
      "groupid" : 0,
      "error" : 0,
      "eta" : 0,
      "elapsed" : 91,
      "job options" : {
        "name" : "jobname",
        "iodepth" : "32",
        "bs" : "16k",
        "rw" : "write"
      },
      "mixed" : {
        "io_bytes" : 71338917888,
        "io_kbytes" : 69666912,
        "bw_bytes" : 792073789,
        "bw" : 773509,
        "iops" : 48344.347479,
        "runtime" : 90066,
        "total_ios" : 4354182,
        "short_ios" : 0,
        "drop_ios" : 0,
        "slat_ns" : {
          "min" : 1924,
          "max" : 266680,
          "mean" : 3906.902515,
          "stddev" : 1510.724763
        },
        "clat_ns" : {
          "min" : 86251,
          "max" : 66780075,
          "mean" : 657441.180789,
          "stddev" : 837155.857500,
          "percentile" : {
            "1.000000" : 162816,
            "5.000000" : 185344,
            "10.000000" : 197632,
            "20.000000" : 214016,
            "30.000000" : 246784,
            "40.000000" : 325632,
            "50.000000" : 452608,
            "60.000000" : 602112,
            "70.000000" : 782336,
            "80.000000" : 1044480,
            "90.000000" : 1466368,
            "95.000000" : 1777664,
            "99.000000" : 2211840,
            "99.500000" : 2473984,
            "99.900000" : 3522560,
            "99.950000" : 4554752,
            "99.990000" : 38010880
          }
        },
        "lat_ns" : {
          "min" : 90599,
          "max" : 66783302,
          "mean" : 661474.264046,
          "stddev" : 837202.166066
        },
        "bw_min" : 505343,
        "bw_max" : 2466912,
        "bw_agg" : 100.000000,
        "bw_mean" : 774006.450000,
        "bw_dev" : 431162.769449,
        "bw_samples" : 180,
        "iops_min" : 31583,
        "iops_max" : 154182,
        "iops_mean" : 48375.377778,
        "iops_stddev" : 26947.672064,
        "iops_samples" : 180
      },
      "job_runtime" : 90065,
      "usr_cpu" : 6.040082,
      "sys_cpu" : 21.763171,
      "ctx" : 2289828,
      "majf" : 0,
      "minf" : 11,
      "iodepth_level" : {
        "1" : 0.100000,
        "2" : 0.100000,
        "4" : 0.100000,
        "8" : 0.100000,
        "16" : 0.100000,
        "32" : 99.997152,
        ">=64" : 0.000000
      },
      "iodepth_submit" : {
        "0" : 0.000000,
        "4" : 100.000000,
        "8" : 0.000000,
        "16" : 0.000000,
        "32" : 0.000000,
        "64" : 0.000000,
        ">=64" : 0.000000
      },
      "iodepth_complete" : {
        "0" : 0.000000,
        "4" : 99.999908,
        "8" : 0.000000,
        "16" : 0.000000,
        "32" : 0.100000,
        "64" : 0.000000,
        ">=64" : 0.000000
      },
      "latency_ns" : {
        "2" : 0.000000,
        "4" : 0.000000,
        "10" : 0.000000,
        "20" : 0.000000,
        "50" : 0.000000,
        "100" : 0.000000,
        "250" : 0.000000,
        "500" : 0.000000,
        "750" : 0.000000,
        "1000" : 0.000000
      },
      "latency_us" : {
        "2" : 0.000000,
        "4" : 0.000000,
        "10" : 0.000000,
        "20" : 0.000000,
        "50" : 0.000000,
        "100" : 0.046530,
        "250" : 30.667620,
        "500" : 22.561942,
        "750" : 15.043790,
        "1000" : 10.228144
      },
      "latency_ms" : {
        "2" : 19.320828,
        "4" : 2.064613,
        "10" : 0.041386,
        "20" : 0.010000,
        "50" : 0.011759,
        "100" : 0.010000,
        "250" : 0.000000,
        "500" : 0.000000,
        "750" : 0.000000,
        "1000" : 0.000000,
        "2000" : 0.000000,
        ">=2000" : 0.000000
      },
      "latency_depth" : 32,
      "latency_target" : 0,
      "latency_percentile" : 100.000000,
      "latency_window" : 0
    }
  ],
  "disk_util" : [
    {
      "name" : "nvme0n1",
      "read_ios" : 0,
      "write_ios" : 4349916,
      "read_merges" : 0,
      "write_merges" : 17,
      "read_ticks" : 0,
      "write_ticks" : 2805512,
      "in_queue" : 44756,
      "util" : 98.717236
    }
  ]
}
