{
  "fio version" : "fio-3.16",
  "timestamp" : 1601069944,
  "timestamp_ms" : 1601069944453,
  "time" : "Fri Sep 25 17:39:04 2020",
  "global options" : {
    "unified_rw_reporting" : "1",
    "time_based" : "1",
    "runtime" : "90",
    "directory" : "/media/auto/work/tmp",
    "filename" : "testfile.dat",
    "filesize" : "20GiB",
    "direct" : "1",
    "ioengine" : "libaio"
  },
  "jobs" : [
    {
      "jobname" : "jobname",
      "groupid" : 0,
      "error" : 0,
      "eta" : 0,
      "elapsed" : 91,
      "job options" : {
        "name" : "jobname",
        "iodepth" : "1",
        "bs" : "512k",
        "rw" : "read"
      },
      "mixed" : {
        "io_bytes" : 220507668480,
        "io_kbytes" : 215339520,
        "bw_bytes" : 2450057982,
        "bw" : 2392634,
        "iops" : 4673.114743,
        "runtime" : 90001,
        "total_ios" : 420585,
        "short_ios" : 0,
        "drop_ios" : 0,
        "slat_ns" : {
          "min" : 12463,
          "max" : 173445,
          "mean" : 24320.893020,
          "stddev" : 1780.577606
        },
        "clat_ns" : {
          "min" : 138580,
          "max" : 1374810,
          "mean" : 188984.480362,
          "stddev" : 47400.070272,
          "percentile" : {
            "1.000000" : 158720,
            "5.000000" : 158720,
            "10.000000" : 160768,
            "20.000000" : 160768,
            "30.000000" : 162816,
            "40.000000" : 164864,
            "50.000000" : 166912,
            "60.000000" : 173056,
            "70.000000" : 185344,
            "80.000000" : 205824,
            "90.000000" : 254976,
            "95.000000" : 288768,
            "99.000000" : 382976,
            "99.500000" : 415744,
            "99.900000" : 473088,
            "99.950000" : 493568,
            "99.990000" : 536576
          }
        },
        "lat_ns" : {
          "min" : 167595,
          "max" : 1399005,
          "mean" : 213431.907077,
          "stddev" : 47448.381804
        },
        "bw_min" : 2306048,
        "bw_max" : 2480128,
        "bw_agg" : 99.987305,
        "bw_mean" : 2392330.245810,
        "bw_dev" : 38503.452620,
        "bw_samples" : 179,
        "iops_min" : 4504,
        "iops_max" : 4844,
        "iops_mean" : 4672.491620,
        "iops_stddev" : 75.202077,
        "iops_samples" : 179
      },
      "job_runtime" : 90000,
      "usr_cpu" : 0.677778,
      "sys_cpu" : 12.231111,
      "ctx" : 420815,
      "majf" : 0,
      "minf" : 139,
      "iodepth_level" : {
        "1" : 100.000000,
        "2" : 0.000000,
        "4" : 0.000000,
        "8" : 0.000000,
        "16" : 0.000000,
        "32" : 0.000000,
        ">=64" : 0.000000
      },
      "iodepth_submit" : {
        "0" : 0.000000,
        "4" : 100.000000,
        "8" : 0.000000,
        "16" : 0.000000,
        "32" : 0.000000,
        "64" : 0.000000,
        ">=64" : 0.000000
      },
      "iodepth_complete" : {
        "0" : 0.000000,
        "4" : 100.000000,
        "8" : 0.000000,
        "16" : 0.000000,
        "32" : 0.000000,
        "64" : 0.000000,
        ">=64" : 0.000000
      },
      "latency_ns" : {
        "2" : 0.000000,
        "4" : 0.000000,
        "10" : 0.000000,
        "20" : 0.000000,
        "50" : 0.000000,
        "100" : 0.000000,
        "250" : 0.000000,
        "500" : 0.000000,
        "750" : 0.000000,
        "1000" : 0.000000
      },
      "latency_us" : {
        "2" : 0.000000,
        "4" : 0.000000,
        "10" : 0.000000,
        "20" : 0.000000,
        "50" : 0.000000,
        "100" : 0.000000,
        "250" : 89.110406,
        "500" : 10.851076,
        "750" : 0.038280,
        "1000" : 0.000000
      },
      "latency_ms" : {
        "2" : 0.010000,
        "4" : 0.000000,
        "10" : 0.000000,
        "20" : 0.000000,
        "50" : 0.000000,
        "100" : 0.000000,
        "250" : 0.000000,
        "500" : 0.000000,
        "750" : 0.000000,
        "1000" : 0.000000,
        "2000" : 0.000000,
        ">=2000" : 0.000000
      },
      "latency_depth" : 1,
      "latency_target" : 0,
      "latency_percentile" : 100.000000,
      "latency_window" : 0
    }
  ],
  "disk_util" : [
    {
      "name" : "nvme0n1",
      "read_ios" : 420126,
      "write_ios" : 0,
      "read_merges" : 0,
      "write_merges" : 0,
      "read_ticks" : 82935,
      "write_ticks" : 0,
      "in_queue" : 0,
      "util" : 99.936636
    }
  ]
}
