{
  "fio version" : "fio-3.16",
  "timestamp" : 1601060003,
  "timestamp_ms" : 1601060003865,
  "time" : "Fri Sep 25 14:53:23 2020",
  "global options" : {
    "unified_rw_reporting" : "1",
    "time_based" : "1",
    "runtime" : "90",
    "directory" : "/media/auto/work/tmp",
    "filename" : "testfile.dat",
    "filesize" : "20GiB",
    "direct" : "1",
    "ioengine" : "libaio"
  },
  "jobs" : [
    {
      "jobname" : "jobname",
      "groupid" : 0,
      "error" : 0,
      "eta" : 0,
      "elapsed" : 91,
      "job options" : {
        "name" : "jobname",
        "iodepth" : "28",
        "bs" : "16k",
        "rw" : "randread"
      },
      "mixed" : {
        "io_bytes" : 96455098368,
        "io_kbytes" : 94194432,
        "bw_bytes" : 1071711407,
        "bw" : 1046593,
        "iops" : 65412.073199,
        "runtime" : 90001,
        "total_ios" : 5887152,
        "short_ios" : 0,
        "drop_ios" : 0,
        "slat_ns" : {
          "min" : 1813,
          "max" : 337313,
          "mean" : 3411.987442,
          "stddev" : 1151.761930
        },
        "clat_ns" : {
          "min" : 66074,
          "max" : 1620070,
          "mean" : 424017.141504,
          "stddev" : 190000.097078,
          "percentile" : {
            "1.000000" : 108032,
            "5.000000" : 156672,
            "10.000000" : 193536,
            "20.000000" : 252928,
            "30.000000" : 305152,
            "40.000000" : 350208,
            "50.000000" : 399360,
            "60.000000" : 452608,
            "70.000000" : 509952,
            "80.000000" : 585728,
            "90.000000" : 684032,
            "95.000000" : 774144,
            "99.000000" : 937984,
            "99.500000" : 995328,
            "99.900000" : 1122304,
            "99.950000" : 1155072,
            "99.990000" : 1253376
          }
        },
        "lat_ns" : {
          "min" : 71364,
          "max" : 1623036,
          "mean" : 427533.792611,
          "stddev" : 189980.447733
        },
        "bw_min" : 1031616,
        "bw_max" : 1056128,
        "bw_agg" : 99.992491,
        "bw_mean" : 1046514.413408,
        "bw_dev" : 4043.353240,
        "bw_samples" : 179,
        "iops_min" : 64476,
        "iops_max" : 66008,
        "iops_mean" : 65407.145251,
        "iops_stddev" : 252.724283,
        "iops_samples" : 179
      },
      "job_runtime" : 90000,
      "usr_cpu" : 8.443333,
      "sys_cpu" : 29.170000,
      "ctx" : 3721157,
      "majf" : 0,
      "minf" : 124,
      "iodepth_level" : {
        "1" : 0.100000,
        "2" : 0.100000,
        "4" : 0.100000,
        "8" : 0.100000,
        "16" : 99.999745,
        "32" : 0.000000,
        ">=64" : 0.000000
      },
      "iodepth_submit" : {
        "0" : 0.000000,
        "4" : 100.000000,
        "8" : 0.000000,
        "16" : 0.000000,
        "32" : 0.000000,
        "64" : 0.000000,
        ">=64" : 0.000000
      },
      "iodepth_complete" : {
        "0" : 0.000000,
        "4" : 99.999983,
        "8" : 0.000000,
        "16" : 0.000000,
        "32" : 0.100000,
        "64" : 0.000000,
        ">=64" : 0.000000
      },
      "latency_ns" : {
        "2" : 0.000000,
        "4" : 0.000000,
        "10" : 0.000000,
        "20" : 0.000000,
        "50" : 0.000000,
        "100" : 0.000000,
        "250" : 0.000000,
        "500" : 0.000000,
        "750" : 0.000000,
        "1000" : 0.000000
      },
      "latency_us" : {
        "2" : 0.000000,
        "4" : 0.000000,
        "10" : 0.000000,
        "20" : 0.000000,
        "50" : 0.000000,
        "100" : 0.591678,
        "250" : 18.916345,
        "500" : 48.701987,
        "750" : 25.722251,
        "1000" : 5.590343
      },
      "latency_ms" : {
        "2" : 0.477396,
        "4" : 0.000000,
        "10" : 0.000000,
        "20" : 0.000000,
        "50" : 0.000000,
        "100" : 0.000000,
        "250" : 0.000000,
        "500" : 0.000000,
        "750" : 0.000000,
        "1000" : 0.000000,
        "2000" : 0.000000,
        ">=2000" : 0.000000
      },
      "latency_depth" : 28,
      "latency_target" : 0,
      "latency_percentile" : 100.000000,
      "latency_window" : 0
    }
  ],
  "disk_util" : [
    {
      "name" : "nvme0n1",
      "read_ios" : 5880612,
      "write_ios" : 0,
      "read_merges" : 0,
      "write_merges" : 0,
      "read_ticks" : 2485443,
      "write_ticks" : 0,
      "in_queue" : 0,
      "util" : 99.941083
    }
  ]
}
