{
  "fio version" : "fio-3.16",
  "timestamp" : 1601057905,
  "timestamp_ms" : 1601057905239,
  "time" : "Fri Sep 25 14:18:25 2020",
  "global options" : {
    "unified_rw_reporting" : "1",
    "time_based" : "1",
    "runtime" : "90",
    "directory" : "/media/auto/work/tmp",
    "filename" : "testfile.dat",
    "filesize" : "20GiB",
    "direct" : "1",
    "ioengine" : "libaio"
  },
  "jobs" : [
    {
      "jobname" : "jobname",
      "groupid" : 0,
      "error" : 0,
      "eta" : 0,
      "elapsed" : 91,
      "job options" : {
        "name" : "jobname",
        "iodepth" : "2",
        "bs" : "8k",
        "rw" : "randread"
      },
      "mixed" : {
        "io_bytes" : 17155579904,
        "io_kbytes" : 16753496,
        "bw_bytes" : 190615436,
        "bw" : 186147,
        "iops" : 23268.485906,
        "runtime" : 90001,
        "total_ios" : 2094187,
        "short_ios" : 0,
        "drop_ios" : 0,
        "slat_ns" : {
          "min" : 1503,
          "max" : 101931,
          "mean" : 2954.004881,
          "stddev" : 619.087138
        },
        "clat_ns" : {
          "min" : 25578,
          "max" : 1297615,
          "mean" : 82287.983612,
          "stddev" : 15327.604432,
          "percentile" : {
            "1.000000" : 67072,
            "5.000000" : 68096,
            "10.000000" : 68096,
            "20.000000" : 69120,
            "30.000000" : 70144,
            "40.000000" : 76288,
            "50.000000" : 82432,
            "60.000000" : 83456,
            "70.000000" : 84480,
            "80.000000" : 87552,
            "90.000000" : 97792,
            "95.000000" : 116224,
            "99.000000" : 140288,
            "99.500000" : 144384,
            "99.900000" : 158720,
            "99.950000" : 168960,
            "99.990000" : 201728
          }
        },
        "lat_ns" : {
          "min" : 51938,
          "max" : 1302274,
          "mean" : 85349.347967,
          "stddev" : 15337.683674
        },
        "bw_min" : 183808,
        "bw_max" : 187392,
        "bw_agg" : 99.994241,
        "bw_mean" : 186136.279330,
        "bw_dev" : 489.769792,
        "bw_samples" : 179,
        "iops_min" : 22976,
        "iops_max" : 23424,
        "iops_mean" : 23267.022346,
        "iops_stddev" : 61.227055,
        "iops_samples" : 179
      },
      "job_runtime" : 90000,
      "usr_cpu" : 3.463333,
      "sys_cpu" : 10.424444,
      "ctx" : 1939729,
      "majf" : 0,
      "minf" : 14,
      "iodepth_level" : {
        "1" : 0.100000,
        "2" : 99.999952,
        "4" : 0.000000,
        "8" : 0.000000,
        "16" : 0.000000,
        "32" : 0.000000,
        ">=64" : 0.000000
      },
      "iodepth_submit" : {
        "0" : 0.000000,
        "4" : 100.000000,
        "8" : 0.000000,
        "16" : 0.000000,
        "32" : 0.000000,
        "64" : 0.000000,
        ">=64" : 0.000000
      },
      "iodepth_complete" : {
        "0" : 0.000000,
        "4" : 100.000000,
        "8" : 0.000000,
        "16" : 0.000000,
        "32" : 0.000000,
        "64" : 0.000000,
        ">=64" : 0.000000
      },
      "latency_ns" : {
        "2" : 0.000000,
        "4" : 0.000000,
        "10" : 0.000000,
        "20" : 0.000000,
        "50" : 0.000000,
        "100" : 0.000000,
        "250" : 0.000000,
        "500" : 0.000000,
        "750" : 0.000000,
        "1000" : 0.000000
      },
      "latency_us" : {
        "2" : 0.000000,
        "4" : 0.000000,
        "10" : 0.000000,
        "20" : 0.000000,
        "50" : 0.010000,
        "100" : 90.422011,
        "250" : 9.575172,
        "500" : 0.010000,
        "750" : 0.000000,
        "1000" : 0.000000
      },
      "latency_ms" : {
        "2" : 0.010000,
        "4" : 0.000000,
        "10" : 0.000000,
        "20" : 0.000000,
        "50" : 0.000000,
        "100" : 0.000000,
        "250" : 0.000000,
        "500" : 0.000000,
        "750" : 0.000000,
        "1000" : 0.000000,
        "2000" : 0.000000,
        ">=2000" : 0.000000
      },
      "latency_depth" : 2,
      "latency_target" : 0,
      "latency_percentile" : 100.000000,
      "latency_window" : 0
    }
  ],
  "disk_util" : [
    {
      "name" : "nvme0n1",
      "read_ios" : 2091868,
      "write_ios" : 0,
      "read_merges" : 0,
      "write_merges" : 0,
      "read_ticks" : 170986,
      "write_ticks" : 0,
      "in_queue" : 0,
      "util" : 99.936639
    }
  ]
}
