{
  "fio version" : "fio-3.16",
  "timestamp" : 1601057132,
  "timestamp_ms" : 1601057132195,
  "time" : "Fri Sep 25 14:05:32 2020",
  "global options" : {
    "unified_rw_reporting" : "1",
    "time_based" : "1",
    "runtime" : "90",
    "directory" : "/media/auto/work/tmp",
    "filename" : "testfile.dat",
    "filesize" : "20GiB",
    "direct" : "1",
    "ioengine" : "libaio"
  },
  "jobs" : [
    {
      "jobname" : "jobname",
      "groupid" : 0,
      "error" : 0,
      "eta" : 0,
      "elapsed" : 91,
      "job options" : {
        "name" : "jobname",
        "iodepth" : "12",
        "bs" : "4k",
        "rw" : "randread"
      },
      "mixed" : {
        "io_bytes" : 43919720448,
        "io_kbytes" : 42890352,
        "bw_bytes" : 487991471,
        "bw" : 476554,
        "iops" : 119138.542905,
        "runtime" : 90001,
        "total_ios" : 10722588,
        "short_ios" : 0,
        "drop_ios" : 0,
        "slat_ns" : {
          "min" : 1322,
          "max" : 426160,
          "mean" : 2671.430321,
          "stddev" : 1175.885525
        },
        "clat_ns" : {
          "min" : 21591,
          "max" : 1077041,
          "mean" : 97414.556645,
          "stddev" : 32956.856794,
          "percentile" : {
            "1.000000" : 62720,
            "5.000000" : 67072,
            "10.000000" : 68096,
            "20.000000" : 71168,
            "30.000000" : 76288,
            "40.000000" : 82432,
            "50.000000" : 86528,
            "60.000000" : 93696,
            "70.000000" : 103936,
            "80.000000" : 120320,
            "90.000000" : 142336,
            "95.000000" : 162816,
            "99.000000" : 211968,
            "99.500000" : 234496,
            "99.900000" : 284672,
            "99.950000" : 305152,
            "99.990000" : 358400
          }
        },
        "lat_ns" : {
          "min" : 23715,
          "max" : 1079335,
          "mean" : 100191.381608,
          "stddev" : 32956.940307
        },
        "bw_min" : 460560,
        "bw_max" : 483016,
        "bw_agg" : 100.000000,
        "bw_mean" : 476558.670391,
        "bw_dev" : 2115.513003,
        "bw_samples" : 179,
        "iops_min" : 115140,
        "iops_max" : 120754,
        "iops_mean" : 119139.664804,
        "iops_stddev" : 528.879736,
        "iops_samples" : 179
      },
      "job_runtime" : 90000,
      "usr_cpu" : 15.395556,
      "sys_cpu" : 39.930000,
      "ctx" : 4744205,
      "majf" : 0,
      "minf" : 23,
      "iodepth_level" : {
        "1" : 0.100000,
        "2" : 0.100000,
        "4" : 0.100000,
        "8" : 99.999935,
        "16" : 0.000000,
        "32" : 0.000000,
        ">=64" : 0.000000
      },
      "iodepth_submit" : {
        "0" : 0.000000,
        "4" : 100.000000,
        "8" : 0.000000,
        "16" : 0.000000,
        "32" : 0.000000,
        "64" : 0.000000,
        ">=64" : 0.000000
      },
      "iodepth_complete" : {
        "0" : 0.000000,
        "4" : 99.999991,
        "8" : 0.000000,
        "16" : 0.100000,
        "32" : 0.000000,
        "64" : 0.000000,
        ">=64" : 0.000000
      },
      "latency_ns" : {
        "2" : 0.000000,
        "4" : 0.000000,
        "10" : 0.000000,
        "20" : 0.000000,
        "50" : 0.000000,
        "100" : 0.000000,
        "250" : 0.000000,
        "500" : 0.000000,
        "750" : 0.000000,
        "1000" : 0.000000
      },
      "latency_us" : {
        "2" : 0.000000,
        "4" : 0.000000,
        "10" : 0.000000,
        "20" : 0.000000,
        "50" : 0.137215,
        "100" : 67.377344,
        "250" : 32.191622,
        "500" : 0.292793,
        "750" : 0.010000,
        "1000" : 0.010000
      },
      "latency_ms" : {
        "2" : 0.010000,
        "4" : 0.000000,
        "10" : 0.000000,
        "20" : 0.000000,
        "50" : 0.000000,
        "100" : 0.000000,
        "250" : 0.000000,
        "500" : 0.000000,
        "750" : 0.000000,
        "1000" : 0.000000,
        "2000" : 0.000000,
        ">=2000" : 0.000000
      },
      "latency_depth" : 12,
      "latency_target" : 0,
      "latency_percentile" : 100.000000,
      "latency_window" : 0
    }
  ],
  "disk_util" : [
    {
      "name" : "nvme0n1",
      "read_ios" : 10710667,
      "write_ios" : 0,
      "read_merges" : 0,
      "write_merges" : 0,
      "read_ticks" : 1014594,
      "write_ticks" : 0,
      "in_queue" : 0,
      "util" : 99.976658
    }
  ]
}
