{
  "fio version" : "fio-3.16",
  "timestamp" : 1601061439,
  "timestamp_ms" : 1601061439658,
  "time" : "Fri Sep 25 15:17:19 2020",
  "global options" : {
    "unified_rw_reporting" : "1",
    "time_based" : "1",
    "runtime" : "90",
    "directory" : "/media/auto/work/tmp",
    "filename" : "testfile.dat",
    "filesize" : "20GiB",
    "direct" : "1",
    "ioengine" : "libaio"
  },
  "jobs" : [
    {
      "jobname" : "jobname",
      "groupid" : 0,
      "error" : 0,
      "eta" : 0,
      "elapsed" : 91,
      "job options" : {
        "name" : "jobname",
        "iodepth" : "1",
        "bs" : "256k",
        "rw" : "randread"
      },
      "mixed" : {
        "io_bytes" : 65704820736,
        "io_kbytes" : 64164864,
        "bw_bytes" : 730045452,
        "bw" : 712935,
        "iops" : 2784.902390,
        "runtime" : 90001,
        "total_ios" : 250644,
        "short_ios" : 0,
        "drop_ios" : 0,
        "slat_ns" : {
          "min" : 7143,
          "max" : 137839,
          "mean" : 14029.300203,
          "stddev" : 1870.370735
        },
        "clat_ns" : {
          "min" : 85060,
          "max" : 1263140,
          "mean" : 344229.528183,
          "stddev" : 64327.518379,
          "percentile" : {
            "1.000000" : 203776,
            "5.000000" : 284672,
            "10.000000" : 284672,
            "20.000000" : 288768,
            "30.000000" : 317440,
            "40.000000" : 342016,
            "50.000000" : 346112,
            "60.000000" : 346112,
            "70.000000" : 350208,
            "80.000000" : 354304,
            "90.000000" : 403456,
            "95.000000" : 468992,
            "99.000000" : 585728,
            "99.500000" : 593920,
            "99.900000" : 659456,
            "99.950000" : 684032,
            "99.990000" : 716800
          }
        },
        "lat_ns" : {
          "min" : 98495,
          "max" : 1276756,
          "mean" : 358385.035421,
          "stddev" : 64426.709364
        },
        "bw_min" : 599552,
        "bw_max" : 883481,
        "bw_agg" : 100.000000,
        "bw_mean" : 712966.670391,
        "bw_dev" : 26799.901796,
        "bw_samples" : 179,
        "iops_min" : 2342,
        "iops_max" : 3451,
        "iops_mean" : 2785.016760,
        "iops_stddev" : 104.672549,
        "iops_samples" : 179
      },
      "job_runtime" : 90000,
      "usr_cpu" : 0.431111,
      "sys_cpu" : 4.480000,
      "ctx" : 250730,
      "majf" : 0,
      "minf" : 75,
      "iodepth_level" : {
        "1" : 100.000000,
        "2" : 0.000000,
        "4" : 0.000000,
        "8" : 0.000000,
        "16" : 0.000000,
        "32" : 0.000000,
        ">=64" : 0.000000
      },
      "iodepth_submit" : {
        "0" : 0.000000,
        "4" : 100.000000,
        "8" : 0.000000,
        "16" : 0.000000,
        "32" : 0.000000,
        "64" : 0.000000,
        ">=64" : 0.000000
      },
      "iodepth_complete" : {
        "0" : 0.000000,
        "4" : 100.000000,
        "8" : 0.000000,
        "16" : 0.000000,
        "32" : 0.000000,
        "64" : 0.000000,
        ">=64" : 0.000000
      },
      "latency_ns" : {
        "2" : 0.000000,
        "4" : 0.000000,
        "10" : 0.000000,
        "20" : 0.000000,
        "50" : 0.000000,
        "100" : 0.000000,
        "250" : 0.000000,
        "500" : 0.000000,
        "750" : 0.000000,
        "1000" : 0.000000
      },
      "latency_us" : {
        "2" : 0.000000,
        "4" : 0.000000,
        "10" : 0.000000,
        "20" : 0.000000,
        "50" : 0.000000,
        "100" : 0.010000,
        "250" : 1.168191,
        "500" : 94.443912,
        "750" : 4.381912,
        "1000" : 0.010000
      },
      "latency_ms" : {
        "2" : 0.010000,
        "4" : 0.000000,
        "10" : 0.000000,
        "20" : 0.000000,
        "50" : 0.000000,
        "100" : 0.000000,
        "250" : 0.000000,
        "500" : 0.000000,
        "750" : 0.000000,
        "1000" : 0.000000,
        "2000" : 0.000000,
        ">=2000" : 0.000000
      },
      "latency_depth" : 1,
      "latency_target" : 0,
      "latency_percentile" : 100.000000,
      "latency_window" : 0
    }
  ],
  "disk_util" : [
    {
      "name" : "nvme0n1",
      "read_ios" : 250370,
      "write_ios" : 0,
      "read_merges" : 0,
      "write_merges" : 0,
      "read_ticks" : 87157,
      "write_ticks" : 0,
      "in_queue" : 0,
      "util" : 99.936639
    }
  ]
}
