{
  "fio version" : "fio-3.16",
  "timestamp" : 1600547405,
  "timestamp_ms" : 1600547405119,
  "time" : "Sat Sep 19 16:30:05 2020",
  "global options" : {
    "unified_rw_reporting" : "1",
    "time_based" : "1",
    "runtime" : "90",
    "directory" : "/media/auto/work/tmp",
    "filename" : "testfile.dat",
    "filesize" : "20GiB",
    "direct" : "1",
    "ioengine" : "libaio"
  },
  "jobs" : [
    {
      "jobname" : "jobname",
      "groupid" : 0,
      "error" : 0,
      "eta" : 0,
      "elapsed" : 91,
      "job options" : {
        "name" : "jobname",
        "iodepth" : "4",
        "bs" : "4k",
        "rw" : "write"
      },
      "mixed" : {
        "io_bytes" : 68026589184,
        "io_kbytes" : 66432216,
        "bw_bytes" : 755842592,
        "bw" : 738127,
        "iops" : 184531.882979,
        "runtime" : 90001,
        "total_ios" : 16608054,
        "short_ios" : 0,
        "drop_ios" : 0,
        "slat_ns" : {
          "min" : 1473,
          "max" : 304882,
          "mean" : 3060.939753,
          "stddev" : 1277.115132
        },
        "clat_ns" : {
          "min" : 6212,
          "max" : 62267210,
          "mean" : 18141.105640,
          "stddev" : 131381.312788,
          "percentile" : {
            "1.000000" : 8640,
            "5.000000" : 9024,
            "10.000000" : 9664,
            "20.000000" : 9792,
            "30.000000" : 10048,
            "40.000000" : 12224,
            "50.000000" : 13376,
            "60.000000" : 13504,
            "70.000000" : 14016,
            "80.000000" : 15808,
            "90.000000" : 18560,
            "95.000000" : 19328,
            "99.000000" : 154624,
            "99.500000" : 321536,
            "99.900000" : 765952,
            "99.950000" : 987136,
            "99.990000" : 1646592
          }
        },
        "lat_ns" : {
          "min" : 9598,
          "max" : 62271979,
          "mean" : 21299.563054,
          "stddev" : 131373.212214
        },
        "bw_min" : 613095,
        "bw_max" : 1184000,
        "bw_agg" : 100.000000,
        "bw_mean" : 738479.698324,
        "bw_dev" : 163603.064942,
        "bw_samples" : 179,
        "iops_min" : 153273,
        "iops_max" : 296000,
        "iops_mean" : 184619.949721,
        "iops_stddev" : 40900.748153,
        "iops_samples" : 179
      },
      "job_runtime" : 90000,
      "usr_cpu" : 16.978889,
      "sys_cpu" : 57.191111,
      "ctx" : 1062522,
      "majf" : 0,
      "minf" : 12,
      "iodepth_level" : {
        "1" : 0.100000,
        "2" : 0.100000,
        "4" : 99.999928,
        "8" : 0.000000,
        "16" : 0.000000,
        "32" : 0.000000,
        ">=64" : 0.000000
      },
      "iodepth_submit" : {
        "0" : 0.000000,
        "4" : 100.000000,
        "8" : 0.000000,
        "16" : 0.000000,
        "32" : 0.000000,
        "64" : 0.000000,
        ">=64" : 0.000000
      },
      "iodepth_complete" : {
        "0" : 0.000000,
        "4" : 100.000000,
        "8" : 0.000000,
        "16" : 0.000000,
        "32" : 0.000000,
        "64" : 0.000000,
        ">=64" : 0.000000
      },
      "latency_ns" : {
        "2" : 0.000000,
        "4" : 0.000000,
        "10" : 0.000000,
        "20" : 0.000000,
        "50" : 0.000000,
        "100" : 0.000000,
        "250" : 0.000000,
        "500" : 0.000000,
        "750" : 0.000000,
        "1000" : 0.000000
      },
      "latency_us" : {
        "2" : 0.000000,
        "4" : 0.000000,
        "10" : 29.964516,
        "20" : 65.841561,
        "50" : 2.366400,
        "100" : 0.516701,
        "250" : 0.648071,
        "500" : 0.411343,
        "750" : 0.145213,
        "1000" : 0.058688
      },
      "latency_ms" : {
        "2" : 0.044418,
        "4" : 0.010000,
        "10" : 0.010000,
        "20" : 0.010000,
        "50" : 0.010000,
        "100" : 0.010000,
        "250" : 0.000000,
        "500" : 0.000000,
        "750" : 0.000000,
        "1000" : 0.000000,
        "2000" : 0.000000,
        ">=2000" : 0.000000
      },
      "latency_depth" : 4,
      "latency_target" : 0,
      "latency_percentile" : 100.000000,
      "latency_window" : 0
    }
  ],
  "disk_util" : [
    {
      "name" : "nvme0n1",
      "read_ios" : 0,
      "write_ios" : 16592073,
      "read_merges" : 0,
      "write_merges" : 17,
      "read_ticks" : 0,
      "write_ticks" : 255475,
      "in_queue" : 6244,
      "util" : 98.613936
    }
  ]
}
