{
  "fio version" : "fio-3.16",
  "timestamp" : 1600551319,
  "timestamp_ms" : 1600551319695,
  "time" : "Sat Sep 19 17:35:19 2020",
  "global options" : {
    "unified_rw_reporting" : "1",
    "time_based" : "1",
    "runtime" : "90",
    "directory" : "/media/auto/work/tmp",
    "filename" : "testfile.dat",
    "filesize" : "20GiB",
    "direct" : "1",
    "ioengine" : "libaio"
  },
  "jobs" : [
    {
      "jobname" : "jobname",
      "groupid" : 0,
      "error" : 0,
      "eta" : 0,
      "elapsed" : 91,
      "job options" : {
        "name" : "jobname",
        "iodepth" : "16",
        "bs" : "8k",
        "rw" : "randwrite"
      },
      "mixed" : {
        "io_bytes" : 66832875520,
        "io_kbytes" : 65266480,
        "bw_bytes" : 742571004,
        "bw" : 725166,
        "iops" : 90645.874536,
        "runtime" : 90002,
        "total_ios" : 8158310,
        "short_ios" : 0,
        "drop_ios" : 0,
        "slat_ns" : {
          "min" : 1743,
          "max" : 279465,
          "mean" : 3958.912098,
          "stddev" : 1485.383295
        },
        "clat_ns" : {
          "min" : 38111,
          "max" : 65519911,
          "mean" : 171889.055945,
          "stddev" : 422432.041739,
          "percentile" : {
            "1.000000" : 49920,
            "5.000000" : 51968,
            "10.000000" : 60160,
            "20.000000" : 74240,
            "30.000000" : 77312,
            "40.000000" : 82432,
            "50.000000" : 89600,
            "60.000000" : 101888,
            "70.000000" : 132096,
            "80.000000" : 203776,
            "90.000000" : 374784,
            "95.000000" : 569344,
            "99.000000" : 1105920,
            "99.500000" : 1351680,
            "99.900000" : 1974272,
            "99.950000" : 2146304,
            "99.990000" : 4685824
          }
        },
        "lat_ns" : {
          "min" : 40647,
          "max" : 65524099,
          "mean" : 175966.707975,
          "stddev" : 422369.420584
        },
        "bw_min" : 602751,
        "bw_max" : 1999808,
        "bw_agg" : 99.993031,
        "bw_mean" : 725115.466667,
        "bw_dev" : 269217.878663,
        "bw_samples" : 180,
        "iops_min" : 75343,
        "iops_max" : 249978,
        "iops_mean" : 90639.450000,
        "iops_stddev" : 33652.286778,
        "iops_samples" : 180
      },
      "job_runtime" : 90001,
      "usr_cpu" : 11.130987,
      "sys_cpu" : 36.284041,
      "ctx" : 634075,
      "majf" : 0,
      "minf" : 10,
      "iodepth_level" : {
        "1" : 0.100000,
        "2" : 0.100000,
        "4" : 0.100000,
        "8" : 0.100000,
        "16" : 99.999816,
        "32" : 0.000000,
        ">=64" : 0.000000
      },
      "iodepth_submit" : {
        "0" : 0.000000,
        "4" : 100.000000,
        "8" : 0.000000,
        "16" : 0.000000,
        "32" : 0.000000,
        "64" : 0.000000,
        ">=64" : 0.000000
      },
      "iodepth_complete" : {
        "0" : 0.000000,
        "4" : 99.999988,
        "8" : 0.000000,
        "16" : 0.100000,
        "32" : 0.000000,
        "64" : 0.000000,
        ">=64" : 0.000000
      },
      "latency_ns" : {
        "2" : 0.000000,
        "4" : 0.000000,
        "10" : 0.000000,
        "20" : 0.000000,
        "50" : 0.000000,
        "100" : 0.000000,
        "250" : 0.000000,
        "500" : 0.000000,
        "750" : 0.000000,
        "1000" : 0.000000
      },
      "latency_us" : {
        "2" : 0.000000,
        "4" : 0.000000,
        "10" : 0.000000,
        "20" : 0.000000,
        "50" : 1.265041,
        "100" : 58.138646,
        "250" : 24.438542,
        "500" : 9.785409,
        "750" : 3.494989,
        "1000" : 1.485847
      },
      "latency_ms" : {
        "2" : 1.304412,
        "4" : 0.073814,
        "10" : 0.010000,
        "20" : 0.010000,
        "50" : 0.010000,
        "100" : 0.010000,
        "250" : 0.000000,
        "500" : 0.000000,
        "750" : 0.000000,
        "1000" : 0.000000,
        "2000" : 0.000000,
        ">=2000" : 0.000000
      },
      "latency_depth" : 16,
      "latency_target" : 0,
      "latency_percentile" : 100.000000,
      "latency_window" : 0
    }
  ],
  "disk_util" : [
    {
      "name" : "nvme0n1",
      "read_ios" : 0,
      "write_ios" : 8149776,
      "read_merges" : 0,
      "write_merges" : 17,
      "read_ticks" : 0,
      "write_ticks" : 1143171,
      "in_queue" : 25024,
      "util" : 98.516057
    }
  ]
}
