{
  "fio version" : "fio-3.16",
  "timestamp" : 1600570973,
  "timestamp_ms" : 1600570973155,
  "time" : "Sat Sep 19 23:02:53 2020",
  "global options" : {
    "unified_rw_reporting" : "1",
    "time_based" : "1",
    "runtime" : "90",
    "directory" : "/media/auto/work/tmp",
    "filename" : "testfile.dat",
    "filesize" : "20GiB",
    "direct" : "1",
    "ioengine" : "libaio"
  },
  "jobs" : [
    {
      "jobname" : "jobname",
      "groupid" : 0,
      "error" : 0,
      "eta" : 0,
      "elapsed" : 91,
      "job options" : {
        "name" : "jobname",
        "iodepth" : "1",
        "bs" : "8k",
        "rw" : "randwrite"
      },
      "mixed" : {
        "io_bytes" : 42343956480,
        "io_kbytes" : 41351520,
        "bw_bytes" : 470483177,
        "bw" : 459456,
        "iops" : 57432.028533,
        "runtime" : 90001,
        "total_ios" : 5168940,
        "short_ios" : 0,
        "drop_ios" : 0,
        "slat_ns" : {
          "min" : 1913,
          "max" : 233808,
          "mean" : 2952.414066,
          "stddev" : 409.377895
        },
        "clat_ns" : {
          "min" : 390,
          "max" : 21186301,
          "mean" : 13880.296785,
          "stddev" : 12460.681782,
          "percentile" : {
            "1.000000" : 11712,
            "5.000000" : 12352,
            "10.000000" : 12352,
            "20.000000" : 12480,
            "30.000000" : 12608,
            "40.000000" : 12736,
            "50.000000" : 12992,
            "60.000000" : 14016,
            "70.000000" : 15296,
            "80.000000" : 15552,
            "90.000000" : 15808,
            "95.000000" : 16064,
            "99.000000" : 17024,
            "99.500000" : 18304,
            "99.900000" : 26496,
            "99.950000" : 27008,
            "99.990000" : 29056
          }
        },
        "lat_ns" : {
          "min" : 13134,
          "max" : 21189717,
          "mean" : 16921.557546,
          "stddev" : 12470.968092
        },
        "bw_min" : 444303,
        "bw_max" : 473488,
        "bw_agg" : 99.994362,
        "bw_mean" : 459430.094972,
        "bw_dev" : 3707.159705,
        "bw_samples" : 179,
        "iops_min" : 55537,
        "iops_max" : 59186,
        "iops_mean" : 57428.743017,
        "iops_stddev" : 463.398742,
        "iops_samples" : 179
      },
      "job_runtime" : 90000,
      "usr_cpu" : 7.610000,
      "sys_cpu" : 23.617778,
      "ctx" : 5169187,
      "majf" : 0,
      "minf" : 12,
      "iodepth_level" : {
        "1" : 100.000000,
        "2" : 0.000000,
        "4" : 0.000000,
        "8" : 0.000000,
        "16" : 0.000000,
        "32" : 0.000000,
        ">=64" : 0.000000
      },
      "iodepth_submit" : {
        "0" : 0.000000,
        "4" : 100.000000,
        "8" : 0.000000,
        "16" : 0.000000,
        "32" : 0.000000,
        "64" : 0.000000,
        ">=64" : 0.000000
      },
      "iodepth_complete" : {
        "0" : 0.000000,
        "4" : 100.000000,
        "8" : 0.000000,
        "16" : 0.000000,
        "32" : 0.000000,
        "64" : 0.000000,
        ">=64" : 0.000000
      },
      "latency_ns" : {
        "2" : 0.000000,
        "4" : 0.000000,
        "10" : 0.000000,
        "20" : 0.000000,
        "50" : 0.000000,
        "100" : 0.000000,
        "250" : 0.000000,
        "500" : 0.010000,
        "750" : 0.010000,
        "1000" : 0.010000
      },
      "latency_us" : {
        "2" : 0.000000,
        "4" : 0.010000,
        "10" : 0.010000,
        "20" : 99.587594,
        "50" : 0.402597,
        "100" : 0.010000,
        "250" : 0.010000,
        "500" : 0.010000,
        "750" : 0.000000,
        "1000" : 0.010000
      },
      "latency_ms" : {
        "2" : 0.010000,
        "4" : 0.010000,
        "10" : 0.010000,
        "20" : 0.000000,
        "50" : 0.010000,
        "100" : 0.000000,
        "250" : 0.000000,
        "500" : 0.000000,
        "750" : 0.000000,
        "1000" : 0.000000,
        "2000" : 0.000000,
        ">=2000" : 0.000000
      },
      "latency_depth" : 1,
      "latency_target" : 0,
      "latency_percentile" : 100.000000,
      "latency_window" : 0
    }
  ],
  "disk_util" : [
    {
      "name" : "nvme0n1",
      "read_ios" : 0,
      "write_ios" : 5163076,
      "read_merges" : 0,
      "write_merges" : 17,
      "read_ticks" : 0,
      "write_ticks" : 72523,
      "in_queue" : 212,
      "util" : 99.924407
    }
  ]
}
