{
  "fio version" : "fio-3.16",
  "timestamp" : 1601066741,
  "timestamp_ms" : 1601066741365,
  "time" : "Fri Sep 25 16:45:41 2020",
  "global options" : {
    "unified_rw_reporting" : "1",
    "time_based" : "1",
    "runtime" : "90",
    "directory" : "/media/auto/work/tmp",
    "filename" : "testfile.dat",
    "filesize" : "20GiB",
    "direct" : "1",
    "ioengine" : "libaio"
  },
  "jobs" : [
    {
      "jobname" : "jobname",
      "groupid" : 0,
      "error" : 0,
      "eta" : 0,
      "elapsed" : 91,
      "job options" : {
        "name" : "jobname",
        "iodepth" : "8",
        "bs" : "16k",
        "rw" : "read"
      },
      "mixed" : {
        "io_bytes" : 206260174848,
        "io_kbytes" : 201425952,
        "bw_bytes" : 2291754256,
        "bw" : 2238041,
        "iops" : 139877.579138,
        "runtime" : 90001,
        "total_ios" : 12589122,
        "short_ios" : 0,
        "drop_ios" : 0,
        "slat_ns" : {
          "min" : 1643,
          "max" : 707337,
          "mean" : 3657.607496,
          "stddev" : 1345.623975
        },
        "clat_ns" : {
          "min" : 9397,
          "max" : 1062684,
          "mean" : 52985.601606,
          "stddev" : 38898.148590,
          "percentile" : {
            "1.000000" : 27520,
            "5.000000" : 31360,
            "10.000000" : 32640,
            "20.000000" : 33024,
            "30.000000" : 33536,
            "40.000000" : 34560,
            "50.000000" : 35072,
            "60.000000" : 40192,
            "70.000000" : 47360,
            "80.000000" : 59136,
            "90.000000" : 101888,
            "95.000000" : 152576,
            "99.000000" : 203776,
            "99.500000" : 224256,
            "99.900000" : 276480,
            "99.950000" : 288768,
            "99.990000" : 329728
          }
        },
        "lat_ns" : {
          "min" : 13074,
          "max" : 1066742,
          "mean" : 56761.034736,
          "stddev" : 38714.076452
        },
        "bw_min" : 2223424,
        "bw_max" : 2252608,
        "bw_agg" : 99.991069,
        "bw_mean" : 2237841.116667,
        "bw_dev" : 5105.361705,
        "bw_samples" : 180,
        "iops_min" : 138964,
        "iops_max" : 140788,
        "iops_mean" : 139865.055556,
        "iops_stddev" : 319.105851,
        "iops_samples" : 180
      },
      "job_runtime" : 90000,
      "usr_cpu" : 14.928889,
      "sys_cpu" : 53.537778,
      "ctx" : 1796076,
      "majf" : 0,
      "minf" : 44,
      "iodepth_level" : {
        "1" : 0.100000,
        "2" : 0.100000,
        "4" : 0.100000,
        "8" : 99.999388,
        "16" : 0.000000,
        "32" : 0.000000,
        ">=64" : 0.000000
      },
      "iodepth_submit" : {
        "0" : 0.000000,
        "4" : 100.000000,
        "8" : 0.000000,
        "16" : 0.000000,
        "32" : 0.000000,
        "64" : 0.000000,
        ">=64" : 0.000000
      },
      "iodepth_complete" : {
        "0" : 0.000000,
        "4" : 99.999913,
        "8" : 0.100000,
        "16" : 0.000000,
        "32" : 0.000000,
        "64" : 0.000000,
        ">=64" : 0.000000
      },
      "latency_ns" : {
        "2" : 0.000000,
        "4" : 0.000000,
        "10" : 0.000000,
        "20" : 0.000000,
        "50" : 0.000000,
        "100" : 0.000000,
        "250" : 0.000000,
        "500" : 0.000000,
        "750" : 0.000000,
        "1000" : 0.000000
      },
      "latency_us" : {
        "2" : 0.000000,
        "4" : 0.000000,
        "10" : 0.010000,
        "20" : 0.074850,
        "50" : 75.275758,
        "100" : 14.439903,
        "250" : 9.973833,
        "500" : 0.235513,
        "750" : 0.010000,
        "1000" : 0.000000
      },
      "latency_ms" : {
        "2" : 0.010000,
        "4" : 0.000000,
        "10" : 0.000000,
        "20" : 0.000000,
        "50" : 0.000000,
        "100" : 0.000000,
        "250" : 0.000000,
        "500" : 0.000000,
        "750" : 0.000000,
        "1000" : 0.000000,
        "2000" : 0.000000,
        ">=2000" : 0.000000
      },
      "latency_depth" : 8,
      "latency_target" : 0,
      "latency_percentile" : 100.000000,
      "latency_window" : 0
    }
  ],
  "disk_util" : [
    {
      "name" : "nvme0n1",
      "read_ios" : 12575164,
      "write_ios" : 0,
      "read_merges" : 0,
      "write_merges" : 0,
      "read_ticks" : 559488,
      "write_ticks" : 0,
      "in_queue" : 0,
      "util" : 99.978878
    }
  ]
}
