{
  "fio version" : "fio-3.16",
  "timestamp" : 1600550797,
  "timestamp_ms" : 1600550797823,
  "time" : "Sat Sep 19 17:26:37 2020",
  "global options" : {
    "unified_rw_reporting" : "1",
    "time_based" : "1",
    "runtime" : "90",
    "directory" : "/media/auto/work/tmp",
    "filename" : "testfile.dat",
    "filesize" : "20GiB",
    "direct" : "1",
    "ioengine" : "libaio"
  },
  "jobs" : [
    {
      "jobname" : "jobname",
      "groupid" : 0,
      "error" : 0,
      "eta" : 0,
      "elapsed" : 91,
      "job options" : {
        "name" : "jobname",
        "iodepth" : "16",
        "bs" : "4k",
        "rw" : "randwrite"
      },
      "mixed" : {
        "io_bytes" : 65129521152,
        "io_kbytes" : 63603048,
        "bw_bytes" : 723211347,
        "bw" : 706261,
        "iops" : 176565.270498,
        "runtime" : 90056,
        "total_ios" : 15900762,
        "short_ios" : 0,
        "drop_ios" : 0,
        "slat_ns" : {
          "min" : 1503,
          "max" : 257333,
          "mean" : 3036.289024,
          "stddev" : 1168.772223
        },
        "clat_ns" : {
          "min" : 33503,
          "max" : 65558854,
          "mean" : 86979.097665,
          "stddev" : 282152.261906,
          "percentile" : {
            "1.000000" : 40704,
            "5.000000" : 46336,
            "10.000000" : 48384,
            "20.000000" : 49920,
            "30.000000" : 50432,
            "40.000000" : 54528,
            "50.000000" : 67072,
            "60.000000" : 69120,
            "70.000000" : 70144,
            "80.000000" : 72192,
            "90.000000" : 99840,
            "95.000000" : 205824,
            "99.000000" : 634880,
            "99.500000" : 839680,
            "99.900000" : 1417216,
            "99.950000" : 1712128,
            "99.990000" : 2539520
          }
        },
        "lat_ns" : {
          "min" : 35206,
          "max" : 65560648,
          "mean" : 90112.250033,
          "stddev" : 282109.690401
        },
        "bw_min" : 616983,
        "bw_max" : 1236024,
        "bw_agg" : 100.000000,
        "bw_mean" : 706648.233333,
        "bw_dev" : 149323.097590,
        "bw_samples" : 180,
        "iops_min" : 154245,
        "iops_max" : 309006,
        "iops_mean" : 176662.077778,
        "iops_stddev" : 37330.813259,
        "iops_samples" : 180
      },
      "job_runtime" : 90055,
      "usr_cpu" : 18.338793,
      "sys_cpu" : 53.227472,
      "ctx" : 177419,
      "majf" : 0,
      "minf" : 11,
      "iodepth_level" : {
        "1" : 0.100000,
        "2" : 0.100000,
        "4" : 0.100000,
        "8" : 0.100000,
        "16" : 99.999906,
        "32" : 0.000000,
        ">=64" : 0.000000
      },
      "iodepth_submit" : {
        "0" : 0.000000,
        "4" : 100.000000,
        "8" : 0.000000,
        "16" : 0.000000,
        "32" : 0.000000,
        "64" : 0.000000,
        ">=64" : 0.000000
      },
      "iodepth_complete" : {
        "0" : 0.000000,
        "4" : 99.999994,
        "8" : 0.000000,
        "16" : 0.100000,
        "32" : 0.000000,
        "64" : 0.000000,
        ">=64" : 0.000000
      },
      "latency_ns" : {
        "2" : 0.000000,
        "4" : 0.000000,
        "10" : 0.000000,
        "20" : 0.000000,
        "50" : 0.000000,
        "100" : 0.000000,
        "250" : 0.000000,
        "500" : 0.000000,
        "750" : 0.000000,
        "1000" : 0.000000
      },
      "latency_us" : {
        "2" : 0.000000,
        "4" : 0.000000,
        "10" : 0.000000,
        "20" : 0.000000,
        "50" : 21.868575,
        "100" : 68.247559,
        "250" : 5.743681,
        "500" : 2.551884,
        "750" : 0.907340,
        "1000" : 0.377573
      },
      "latency_ms" : {
        "2" : 0.282622,
        "4" : 0.016037,
        "10" : 0.010000,
        "20" : 0.010000,
        "50" : 0.010000,
        "100" : 0.010000,
        "250" : 0.000000,
        "500" : 0.000000,
        "750" : 0.000000,
        "1000" : 0.000000,
        "2000" : 0.000000,
        ">=2000" : 0.000000
      },
      "latency_depth" : 16,
      "latency_target" : 0,
      "latency_percentile" : 100.000000,
      "latency_window" : 0
    }
  ],
  "disk_util" : [
    {
      "name" : "nvme0n1",
      "read_ios" : 0,
      "write_ios" : 15884304,
      "read_merges" : 0,
      "write_merges" : 17,
      "read_ticks" : 0,
      "write_ticks" : 657822,
      "in_queue" : 22972,
      "util" : 98.592677
    }
  ]
}
