{
  "fio version" : "fio-3.16",
  "timestamp" : 1601045934,
  "timestamp_ms" : 1601045934911,
  "time" : "Fri Sep 25 10:58:54 2020",
  "global options" : {
    "unified_rw_reporting" : "1",
    "time_based" : "1",
    "runtime" : "90",
    "directory" : "/media/auto/work/tmp",
    "filename" : "testfile.dat",
    "filesize" : "20GiB",
    "direct" : "1",
    "ioengine" : "libaio"
  },
  "jobs" : [
    {
      "jobname" : "jobname",
      "groupid" : 0,
      "error" : 0,
      "eta" : 0,
      "elapsed" : 91,
      "job options" : {
        "name" : "jobname",
        "iodepth" : "12",
        "bs" : "16k",
        "rw" : "write"
      },
      "mixed" : {
        "io_bytes" : 71293501440,
        "io_kbytes" : 69622560,
        "bw_bytes" : 792132413,
        "bw" : 773566,
        "iops" : 48347.925602,
        "runtime" : 90002,
        "total_ios" : 4351410,
        "short_ios" : 0,
        "drop_ios" : 0,
        "slat_ns" : {
          "min" : 1904,
          "max" : 373972,
          "mean" : 3944.914796,
          "stddev" : 1557.912247
        },
        "clat_ns" : {
          "min" : 30698,
          "max" : 66505196,
          "mean" : 243697.496387,
          "stddev" : 506036.179580,
          "percentile" : {
            "1.000000" : 57088,
            "5.000000" : 64256,
            "10.000000" : 68096,
            "20.000000" : 73216,
            "30.000000" : 77312,
            "40.000000" : 83456,
            "50.000000" : 98816,
            "60.000000" : 136192,
            "70.000000" : 195584,
            "80.000000" : 321536,
            "90.000000" : 577536,
            "95.000000" : 929792,
            "99.000000" : 1679360,
            "99.500000" : 1859584,
            "99.900000" : 2441216,
            "99.950000" : 2768896,
            "99.990000" : 8978432
          }
        },
        "lat_ns" : {
          "min" : 33894,
          "max" : 66511458,
          "mean" : 247772.752486,
          "stddev" : 506021.721604
        },
        "bw_min" : 516703,
        "bw_max" : 2476704,
        "bw_agg" : 99.997572,
        "bw_mean" : 773547.216667,
        "bw_dev" : 426159.706553,
        "bw_samples" : 180,
        "iops_min" : 32293,
        "iops_max" : 154794,
        "iops_mean" : 48346.700000,
        "iops_stddev" : 26634.980918,
        "iops_samples" : 180
      },
      "job_runtime" : 90001,
      "usr_cpu" : 6.027711,
      "sys_cpu" : 22.068644,
      "ctx" : 2263588,
      "majf" : 0,
      "minf" : 11,
      "iodepth_level" : {
        "1" : 0.100000,
        "2" : 0.100000,
        "4" : 0.100000,
        "8" : 99.999357,
        "16" : 0.000000,
        "32" : 0.000000,
        ">=64" : 0.000000
      },
      "iodepth_submit" : {
        "0" : 0.000000,
        "4" : 100.000000,
        "8" : 0.000000,
        "16" : 0.000000,
        "32" : 0.000000,
        "64" : 0.000000,
        ">=64" : 0.000000
      },
      "iodepth_complete" : {
        "0" : 0.000000,
        "4" : 99.999908,
        "8" : 0.000000,
        "16" : 0.100000,
        "32" : 0.000000,
        "64" : 0.000000,
        ">=64" : 0.000000
      },
      "latency_ns" : {
        "2" : 0.000000,
        "4" : 0.000000,
        "10" : 0.000000,
        "20" : 0.000000,
        "50" : 0.000000,
        "100" : 0.000000,
        "250" : 0.000000,
        "500" : 0.000000,
        "750" : 0.000000,
        "1000" : 0.000000
      },
      "latency_us" : {
        "2" : 0.000000,
        "4" : 0.000000,
        "10" : 0.000000,
        "20" : 0.000000,
        "50" : 0.054488,
        "100" : 50.208645,
        "250" : 25.025681,
        "500" : 12.302541,
        "750" : 5.508720,
        "1000" : 2.481288
      },
      "latency_ms" : {
        "2" : 4.118527,
        "4" : 0.279174,
        "10" : 0.011468,
        "20" : 0.010000,
        "50" : 0.010000,
        "100" : 0.010000,
        "250" : 0.000000,
        "500" : 0.000000,
        "750" : 0.000000,
        "1000" : 0.000000,
        "2000" : 0.000000,
        ">=2000" : 0.000000
      },
      "latency_depth" : 12,
      "latency_target" : 0,
      "latency_percentile" : 100.000000,
      "latency_window" : 0
    }
  ],
  "disk_util" : [
    {
      "name" : "nvme0n1",
      "read_ios" : 0,
      "write_ios" : 4348480,
      "read_merges" : 0,
      "write_merges" : 17,
      "read_ticks" : 0,
      "write_ticks" : 1040520,
      "in_queue" : 17216,
      "util" : 98.696160
    }
  ]
}
