{
  "fio version" : "fio-3.16",
  "timestamp" : 1601082919,
  "timestamp_ms" : 1601082919437,
  "time" : "Fri Sep 25 21:15:19 2020",
  "global options" : {
    "unified_rw_reporting" : "1",
    "time_based" : "1",
    "runtime" : "90",
    "directory" : "/media/auto/work/tmp",
    "filename" : "testfile.dat",
    "filesize" : "20GiB",
    "direct" : "1",
    "ioengine" : "libaio"
  },
  "jobs" : [
    {
      "jobname" : "jobname",
      "groupid" : 0,
      "error" : 0,
      "eta" : 0,
      "elapsed" : 91,
      "job options" : {
        "name" : "jobname",
        "iodepth" : "20",
        "bs" : "512k",
        "rw" : "randread"
      },
      "mixed" : {
        "io_bytes" : 109116391424,
        "io_kbytes" : 106558976,
        "bw_bytes" : 1212283120,
        "bw" : 1183870,
        "iops" : 2312.246553,
        "runtime" : 90009,
        "total_ios" : 208123,
        "short_ios" : 0,
        "drop_ios" : 0,
        "slat_ns" : {
          "min" : 10741,
          "max" : 168596,
          "mean" : 22803.816311,
          "stddev" : 3931.869542
        },
        "clat_ns" : {
          "min" : 2151849,
          "max" : 16759782,
          "mean" : 8625609.592914,
          "stddev" : 754886.047103,
          "percentile" : {
            "1.000000" : 4292608,
            "5.000000" : 8028160,
            "10.000000" : 8224768,
            "20.000000" : 8454144,
            "30.000000" : 8454144,
            "40.000000" : 8585216,
            "50.000000" : 8716288,
            "60.000000" : 8847360,
            "70.000000" : 8847360,
            "80.000000" : 8978432,
            "90.000000" : 9240576,
            "95.000000" : 9371648,
            "99.000000" : 9633792,
            "99.500000" : 9764864,
            "99.900000" : 10027008,
            "99.950000" : 10158080,
            "99.990000" : 10551296
          }
        },
        "lat_ns" : {
          "min" : 2172828,
          "max" : 16780882,
          "mean" : 8648559.638618,
          "stddev" : 754811.745463
        },
        "bw_min" : 1157876,
        "bw_max" : 1606656,
        "bw_agg" : 99.997609,
        "bw_mean" : 1183841.688889,
        "bw_dev" : 59725.427723,
        "bw_samples" : 180,
        "iops_min" : 2261,
        "iops_max" : 3138,
        "iops_mean" : 2312.183333,
        "iops_stddev" : 116.653643,
        "iops_samples" : 180
      },
      "job_runtime" : 90008,
      "usr_cpu" : 0.348858,
      "sys_cpu" : 5.997245,
      "ctx" : 204093,
      "majf" : 0,
      "minf" : 2570,
      "iodepth_level" : {
        "1" : 0.100000,
        "2" : 0.100000,
        "4" : 0.100000,
        "8" : 0.100000,
        "16" : 99.992793,
        "32" : 0.000000,
        ">=64" : 0.000000
      },
      "iodepth_submit" : {
        "0" : 0.000000,
        "4" : 100.000000,
        "8" : 0.000000,
        "16" : 0.000000,
        "32" : 0.000000,
        "64" : 0.000000,
        ">=64" : 0.000000
      },
      "iodepth_complete" : {
        "0" : 0.000000,
        "4" : 99.999519,
        "8" : 0.000000,
        "16" : 0.000000,
        "32" : 0.100000,
        "64" : 0.000000,
        ">=64" : 0.000000
      },
      "latency_ns" : {
        "2" : 0.000000,
        "4" : 0.000000,
        "10" : 0.000000,
        "20" : 0.000000,
        "50" : 0.000000,
        "100" : 0.000000,
        "250" : 0.000000,
        "500" : 0.000000,
        "750" : 0.000000,
        "1000" : 0.000000
      },
      "latency_us" : {
        "2" : 0.000000,
        "4" : 0.000000,
        "10" : 0.000000,
        "20" : 0.000000,
        "50" : 0.000000,
        "100" : 0.000000,
        "250" : 0.000000,
        "500" : 0.000000,
        "750" : 0.000000,
        "1000" : 0.000000
      },
      "latency_ms" : {
        "2" : 0.000000,
        "4" : 0.789437,
        "10" : 99.082754,
        "20" : 0.127809,
        "50" : 0.000000,
        "100" : 0.000000,
        "250" : 0.000000,
        "500" : 0.000000,
        "750" : 0.000000,
        "1000" : 0.000000,
        "2000" : 0.000000,
        ">=2000" : 0.000000
      },
      "latency_depth" : 20,
      "latency_target" : 0,
      "latency_percentile" : 100.000000,
      "latency_window" : 0
    }
  ],
  "disk_util" : [
    {
      "name" : "nvme0n1",
      "read_ios" : 207870,
      "write_ios" : 0,
      "read_merges" : 0,
      "write_merges" : 0,
      "read_ticks" : 1794057,
      "write_ticks" : 0,
      "in_queue" : 1617988,
      "util" : 99.937750
    }
  ]
}
