{
  "fio version" : "fio-3.16",
  "timestamp" : 1601083100,
  "timestamp_ms" : 1601083100355,
  "time" : "Fri Sep 25 21:18:20 2020",
  "global options" : {
    "unified_rw_reporting" : "1",
    "time_based" : "1",
    "runtime" : "90",
    "directory" : "/media/auto/work/tmp",
    "filename" : "testfile.dat",
    "filesize" : "20GiB",
    "direct" : "1",
    "ioengine" : "libaio"
  },
  "jobs" : [
    {
      "jobname" : "jobname",
      "groupid" : 0,
      "error" : 0,
      "eta" : 0,
      "elapsed" : 91,
      "job options" : {
        "name" : "jobname",
        "iodepth" : "28",
        "bs" : "512k",
        "rw" : "randread"
      },
      "mixed" : {
        "io_bytes" : 109112721408,
        "io_kbytes" : 106555392,
        "bw_bytes" : 1212188477,
        "bw" : 1183777,
        "iops" : 2312.066035,
        "runtime" : 90013,
        "total_ios" : 208116,
        "short_ios" : 0,
        "drop_ios" : 0,
        "slat_ns" : {
          "min" : 11752,
          "max" : 172524,
          "mean" : 24062.209869,
          "stddev" : 3556.268336
        },
        "clat_ns" : {
          "min" : 3110457,
          "max" : 23350590,
          "mean" : 12084924.413534,
          "stddev" : 961914.903785,
          "percentile" : {
            "1.000000" : 7110656,
            "5.000000" : 11468800,
            "10.000000" : 11599872,
            "20.000000" : 11862016,
            "30.000000" : 11993088,
            "40.000000" : 12124160,
            "50.000000" : 12255232,
            "60.000000" : 12255232,
            "70.000000" : 12386304,
            "80.000000" : 12517376,
            "90.000000" : 12779520,
            "95.000000" : 12910592,
            "99.000000" : 13172736,
            "99.500000" : 13303808,
            "99.900000" : 13565952,
            "99.950000" : 13697024,
            "99.990000" : 14614528
          }
        },
        "lat_ns" : {
          "min" : 3262643,
          "max" : 23373243,
          "mean" : 12109130.802125,
          "stddev" : 961859.919335
        },
        "bw_min" : 1158144,
        "bw_max" : 1610752,
        "bw_agg" : 99.993257,
        "bw_mean" : 1183697.172222,
        "bw_dev" : 59767.743003,
        "bw_samples" : 180,
        "iops_min" : 2262,
        "iops_max" : 3146,
        "iops_mean" : 2311.894444,
        "iops_stddev" : 116.734455,
        "iops_samples" : 180
      },
      "job_runtime" : 90012,
      "usr_cpu" : 0.374395,
      "sys_cpu" : 6.195841,
      "ctx" : 204195,
      "majf" : 0,
      "minf" : 3593,
      "iodepth_level" : {
        "1" : 0.100000,
        "2" : 0.100000,
        "4" : 0.100000,
        "8" : 0.100000,
        "16" : 99.992792,
        "32" : 0.000000,
        ">=64" : 0.000000
      },
      "iodepth_submit" : {
        "0" : 0.000000,
        "4" : 100.000000,
        "8" : 0.000000,
        "16" : 0.000000,
        "32" : 0.000000,
        "64" : 0.000000,
        ">=64" : 0.000000
      },
      "iodepth_complete" : {
        "0" : 0.000000,
        "4" : 99.999519,
        "8" : 0.000000,
        "16" : 0.000000,
        "32" : 0.100000,
        "64" : 0.000000,
        ">=64" : 0.000000
      },
      "latency_ns" : {
        "2" : 0.000000,
        "4" : 0.000000,
        "10" : 0.000000,
        "20" : 0.000000,
        "50" : 0.000000,
        "100" : 0.000000,
        "250" : 0.000000,
        "500" : 0.000000,
        "750" : 0.000000,
        "1000" : 0.000000
      },
      "latency_us" : {
        "2" : 0.000000,
        "4" : 0.000000,
        "10" : 0.000000,
        "20" : 0.000000,
        "50" : 0.000000,
        "100" : 0.000000,
        "250" : 0.000000,
        "500" : 0.000000,
        "750" : 0.000000,
        "1000" : 0.000000
      },
      "latency_ms" : {
        "2" : 0.000000,
        "4" : 0.211901,
        "10" : 2.394818,
        "20" : 97.388956,
        "50" : 0.010000,
        "100" : 0.000000,
        "250" : 0.000000,
        "500" : 0.000000,
        "750" : 0.000000,
        "1000" : 0.000000,
        "2000" : 0.000000,
        ">=2000" : 0.000000
      },
      "latency_depth" : 28,
      "latency_target" : 0,
      "latency_percentile" : 100.000000,
      "latency_window" : 0
    }
  ],
  "disk_util" : [
    {
      "name" : "nvme0n1",
      "read_ios" : 207864,
      "write_ios" : 0,
      "read_merges" : 0,
      "write_merges" : 0,
      "read_ticks" : 2513109,
      "write_ticks" : 0,
      "in_queue" : 2223924,
      "util" : 99.938861
    }
  ]
}
