{
  "fio version" : "fio-3.16",
  "timestamp" : 1601067072,
  "timestamp_ms" : 1601067072708,
  "time" : "Fri Sep 25 16:51:12 2020",
  "global options" : {
    "unified_rw_reporting" : "1",
    "time_based" : "1",
    "runtime" : "90",
    "directory" : "/media/auto/work/tmp",
    "filename" : "testfile.dat",
    "filesize" : "20GiB",
    "direct" : "1",
    "ioengine" : "libaio"
  },
  "jobs" : [
    {
      "jobname" : "jobname",
      "groupid" : 0,
      "error" : 0,
      "eta" : 0,
      "elapsed" : 91,
      "job options" : {
        "name" : "jobname",
        "iodepth" : "20",
        "bs" : "16k",
        "rw" : "read"
      },
      "mixed" : {
        "io_bytes" : 215591944192,
        "io_kbytes" : 210539008,
        "bw_bytes" : 2395439430,
        "bw" : 2339296,
        "iops" : 146206.019933,
        "runtime" : 90001,
        "total_ios" : 13158688,
        "short_ios" : 0,
        "drop_ios" : 0,
        "slat_ns" : {
          "min" : 1683,
          "max" : 70653,
          "mean" : 3337.261737,
          "stddev" : 1561.104698
        },
        "clat_ns" : {
          "min" : 15358,
          "max" : 677301,
          "mean" : 132932.640989,
          "stddev" : 67466.257748,
          "percentile" : {
            "1.000000" : 63232,
            "5.000000" : 74240,
            "10.000000" : 80384,
            "20.000000" : 87552,
            "30.000000" : 90624,
            "40.000000" : 92672,
            "50.000000" : 101888,
            "60.000000" : 117248,
            "70.000000" : 129536,
            "80.000000" : 191488,
            "90.000000" : 250880,
            "95.000000" : 276480,
            "99.000000" : 329728,
            "99.500000" : 350208,
            "99.900000" : 407552,
            "99.950000" : 432128,
            "99.990000" : 485376
          }
        },
        "lat_ns" : {
          "min" : 21310,
          "max" : 680848,
          "mean" : 136385.759866,
          "stddev" : 67260.689862
        },
        "bw_min" : 2316992,
        "bw_max" : 2356064,
        "bw_agg" : 99.992359,
        "bw_mean" : 2339117.262570,
        "bw_dev" : 6466.646693,
        "bw_samples" : 179,
        "iops_min" : 144812,
        "iops_max" : 147254,
        "iops_mean" : 146194.843575,
        "iops_stddev" : 404.251477,
        "iops_samples" : 179
      },
      "job_runtime" : 90000,
      "usr_cpu" : 15.028889,
      "sys_cpu" : 52.232222,
      "ctx" : 2705854,
      "majf" : 0,
      "minf" : 93,
      "iodepth_level" : {
        "1" : 0.100000,
        "2" : 0.100000,
        "4" : 0.100000,
        "8" : 0.100000,
        "16" : 99.998746,
        "32" : 0.000000,
        ">=64" : 0.000000
      },
      "iodepth_submit" : {
        "0" : 0.000000,
        "4" : 100.000000,
        "8" : 0.000000,
        "16" : 0.000000,
        "32" : 0.000000,
        "64" : 0.000000,
        ">=64" : 0.000000
      },
      "iodepth_complete" : {
        "0" : 0.000000,
        "4" : 99.999916,
        "8" : 0.000000,
        "16" : 0.000000,
        "32" : 0.100000,
        "64" : 0.000000,
        ">=64" : 0.000000
      },
      "latency_ns" : {
        "2" : 0.000000,
        "4" : 0.000000,
        "10" : 0.000000,
        "20" : 0.000000,
        "50" : 0.000000,
        "100" : 0.000000,
        "250" : 0.000000,
        "500" : 0.000000,
        "750" : 0.000000,
        "1000" : 0.000000
      },
      "latency_us" : {
        "2" : 0.000000,
        "4" : 0.000000,
        "10" : 0.000000,
        "20" : 0.010000,
        "50" : 0.010000,
        "100" : 48.424691,
        "250" : 41.575877,
        "500" : 9.987493,
        "750" : 0.010000,
        "1000" : 0.000000
      },
      "latency_ms" : {
        "2" : 0.000000,
        "4" : 0.000000,
        "10" : 0.000000,
        "20" : 0.000000,
        "50" : 0.000000,
        "100" : 0.000000,
        "250" : 0.000000,
        "500" : 0.000000,
        "750" : 0.000000,
        "1000" : 0.000000,
        "2000" : 0.000000,
        ">=2000" : 0.000000
      },
      "latency_depth" : 20,
      "latency_target" : 0,
      "latency_percentile" : 100.000000,
      "latency_window" : 0
    }
  ],
  "disk_util" : [
    {
      "name" : "nvme0n1",
      "read_ios" : 13143692,
      "write_ios" : 0,
      "read_merges" : 0,
      "write_merges" : 0,
      "read_ticks" : 1420617,
      "write_ticks" : 0,
      "in_queue" : 0,
      "util" : 99.993330
    }
  ]
}
