{
  "fio version" : "fio-3.16",
  "timestamp" : 1600552102,
  "timestamp_ms" : 1600552102465,
  "time" : "Sat Sep 19 17:48:22 2020",
  "global options" : {
    "unified_rw_reporting" : "1",
    "time_based" : "1",
    "runtime" : "90",
    "directory" : "/media/auto/work/tmp",
    "filename" : "testfile.dat",
    "filesize" : "20GiB",
    "direct" : "1",
    "ioengine" : "libaio"
  },
  "jobs" : [
    {
      "jobname" : "jobname",
      "groupid" : 0,
      "error" : 0,
      "eta" : 0,
      "elapsed" : 91,
      "job options" : {
        "name" : "jobname",
        "iodepth" : "4",
        "bs" : "32k",
        "rw" : "randwrite"
      },
      "mixed" : {
        "io_bytes" : 67041165312,
        "io_kbytes" : 65469888,
        "bw_bytes" : 744397300,
        "bw" : 726950,
        "iops" : 22717.202785,
        "runtime" : 90061,
        "total_ios" : 2045934,
        "short_ios" : 0,
        "drop_ios" : 0,
        "slat_ns" : {
          "min" : 2444,
          "max" : 380334,
          "mean" : 4583.335025,
          "stddev" : 1101.651770
        },
        "clat_ns" : {
          "min" : 15249,
          "max" : 64740499,
          "mean" : 170808.211080,
          "stddev" : 445859.934241,
          "percentile" : {
            "1.000000" : 32384,
            "5.000000" : 37632,
            "10.000000" : 40704,
            "20.000000" : 44800,
            "30.000000" : 48896,
            "40.000000" : 56064,
            "50.000000" : 72192,
            "60.000000" : 102912,
            "70.000000" : 146432,
            "80.000000" : 218112,
            "90.000000" : 399360,
            "95.000000" : 618496,
            "99.000000" : 1286144,
            "99.500000" : 1531904,
            "99.900000" : 2039808,
            "99.950000" : 2179072,
            "99.990000" : 7110656
          }
        },
        "lat_ns" : {
          "min" : 23765,
          "max" : 64745999,
          "mean" : 175503.903162,
          "stddev" : 445867.033402
        },
        "bw_min" : 621631,
        "bw_max" : 2177408,
        "bw_agg" : 100.000000,
        "bw_mean" : 727405.038889,
        "bw_dev" : 291274.273184,
        "bw_samples" : 180,
        "iops_min" : 19425,
        "iops_max" : 68044,
        "iops_mean" : 22731.394444,
        "iops_stddev" : 9102.323865,
        "iops_samples" : 180
      },
      "job_runtime" : 90060,
      "usr_cpu" : 3.718632,
      "sys_cpu" : 13.266711,
      "ctx" : 1965201,
      "majf" : 0,
      "minf" : 12,
      "iodepth_level" : {
        "1" : 0.100000,
        "2" : 0.100000,
        "4" : 99.999853,
        "8" : 0.000000,
        "16" : 0.000000,
        "32" : 0.000000,
        ">=64" : 0.000000
      },
      "iodepth_submit" : {
        "0" : 0.000000,
        "4" : 100.000000,
        "8" : 0.000000,
        "16" : 0.000000,
        "32" : 0.000000,
        "64" : 0.000000,
        ">=64" : 0.000000
      },
      "iodepth_complete" : {
        "0" : 0.000000,
        "4" : 100.000000,
        "8" : 0.000000,
        "16" : 0.000000,
        "32" : 0.000000,
        "64" : 0.000000,
        ">=64" : 0.000000
      },
      "latency_ns" : {
        "2" : 0.000000,
        "4" : 0.000000,
        "10" : 0.000000,
        "20" : 0.000000,
        "50" : 0.000000,
        "100" : 0.000000,
        "250" : 0.000000,
        "500" : 0.000000,
        "750" : 0.000000,
        "1000" : 0.000000
      },
      "latency_us" : {
        "2" : 0.000000,
        "4" : 0.000000,
        "10" : 0.000000,
        "20" : 0.010000,
        "50" : 32.292097,
        "100" : 27.011624,
        "250" : 23.294593,
        "500" : 10.223350,
        "750" : 3.624750,
        "1000" : 1.592085
      },
      "latency_ms" : {
        "2" : 1.836276,
        "4" : 0.110170,
        "10" : 0.010000,
        "20" : 0.010000,
        "50" : 0.010000,
        "100" : 0.010000,
        "250" : 0.000000,
        "500" : 0.000000,
        "750" : 0.000000,
        "1000" : 0.000000,
        "2000" : 0.000000,
        ">=2000" : 0.000000
      },
      "latency_depth" : 4,
      "latency_target" : 0,
      "latency_percentile" : 100.000000,
      "latency_window" : 0
    }
  ],
  "disk_util" : [
    {
      "name" : "nvme0n1",
      "read_ios" : 0,
      "write_ios" : 2043835,
      "read_merges" : 0,
      "write_merges" : 17,
      "read_ticks" : 0,
      "write_ticks" : 350989,
      "in_queue" : 7336,
      "util" : 98.381503
    }
  ]
}
