{
  "fio version" : "fio-3.16",
  "timestamp" : 1601049587,
  "timestamp_ms" : 1601049587907,
  "time" : "Fri Sep 25 11:59:47 2020",
  "global options" : {
    "unified_rw_reporting" : "1",
    "time_based" : "1",
    "runtime" : "90",
    "directory" : "/media/auto/work/tmp",
    "filename" : "testfile.dat",
    "filesize" : "20GiB",
    "direct" : "1",
    "ioengine" : "libaio"
  },
  "jobs" : [
    {
      "jobname" : "jobname",
      "groupid" : 0,
      "error" : 0,
      "eta" : 0,
      "elapsed" : 91,
      "job options" : {
        "name" : "jobname",
        "iodepth" : "28",
        "bs" : "8k",
        "rw" : "randwrite"
      },
      "mixed" : {
        "io_bytes" : 65948262400,
        "io_kbytes" : 64402600,
        "bw_bytes" : 732481755,
        "bw" : 715314,
        "iops" : 89414.276829,
        "runtime" : 90034,
        "total_ios" : 8050325,
        "short_ios" : 0,
        "drop_ios" : 0,
        "slat_ns" : {
          "min" : 1543,
          "max" : 183664,
          "mean" : 3732.279867,
          "stddev" : 1473.186736
        },
        "clat_ns" : {
          "min" : 63188,
          "max" : 60464079,
          "mean" : 308731.211043,
          "stddev" : 536426.842488,
          "percentile" : {
            "1.000000" : 86528,
            "5.000000" : 92672,
            "10.000000" : 107008,
            "20.000000" : 132096,
            "30.000000" : 142336,
            "40.000000" : 156672,
            "50.000000" : 177152,
            "60.000000" : 220160,
            "70.000000" : 296960,
            "80.000000" : 428032,
            "90.000000" : 659456,
            "95.000000" : 921600,
            "99.000000" : 1531904,
            "99.500000" : 1761280,
            "99.900000" : 2211840,
            "99.950000" : 2637824,
            "99.990000" : 21626880
          }
        },
        "lat_ns" : {
          "min" : 65994,
          "max" : 60466674,
          "mean" : 312591.032176,
          "stddev" : 536355.235928
        },
        "bw_min" : 557327,
        "bw_max" : 2005856,
        "bw_agg" : 100.000000,
        "bw_mean" : 715500.811111,
        "bw_dev" : 271233.789322,
        "bw_samples" : 180,
        "iops_min" : 69665,
        "iops_max" : 250732,
        "iops_mean" : 89437.605556,
        "iops_stddev" : 33904.311974,
        "iops_samples" : 180
      },
      "job_runtime" : 90033,
      "usr_cpu" : 11.032621,
      "sys_cpu" : 34.120822,
      "ctx" : 717447,
      "majf" : 0,
      "minf" : 11,
      "iodepth_level" : {
        "1" : 0.100000,
        "2" : 0.100000,
        "4" : 0.100000,
        "8" : 0.100000,
        "16" : 99.999814,
        "32" : 0.000000,
        ">=64" : 0.000000
      },
      "iodepth_submit" : {
        "0" : 0.000000,
        "4" : 100.000000,
        "8" : 0.000000,
        "16" : 0.000000,
        "32" : 0.000000,
        "64" : 0.000000,
        ">=64" : 0.000000
      },
      "iodepth_complete" : {
        "0" : 0.000000,
        "4" : 99.999988,
        "8" : 0.000000,
        "16" : 0.000000,
        "32" : 0.100000,
        "64" : 0.000000,
        ">=64" : 0.000000
      },
      "latency_ns" : {
        "2" : 0.000000,
        "4" : 0.000000,
        "10" : 0.000000,
        "20" : 0.000000,
        "50" : 0.000000,
        "100" : 0.000000,
        "250" : 0.000000,
        "500" : 0.000000,
        "750" : 0.000000,
        "1000" : 0.000000
      },
      "latency_us" : {
        "2" : 0.000000,
        "4" : 0.000000,
        "10" : 0.000000,
        "20" : 0.000000,
        "50" : 0.000000,
        "100" : 7.890675,
        "250" : 56.544935,
        "500" : 19.526976,
        "750" : 8.217072,
        "1000" : 3.727825
      },
      "latency_ms" : {
        "2" : 3.850391,
        "4" : 0.216426,
        "10" : 0.010000,
        "20" : 0.010000,
        "50" : 0.010000,
        "100" : 0.010000,
        "250" : 0.000000,
        "500" : 0.000000,
        "750" : 0.000000,
        "1000" : 0.000000,
        "2000" : 0.000000,
        ">=2000" : 0.000000
      },
      "latency_depth" : 28,
      "latency_target" : 0,
      "latency_percentile" : 100.000000,
      "latency_window" : 0
    }
  ],
  "disk_util" : [
    {
      "name" : "nvme0n1",
      "read_ios" : 0,
      "write_ios" : 8042511,
      "read_merges" : 0,
      "write_merges" : 17,
      "read_ticks" : 0,
      "write_ticks" : 2141090,
      "in_queue" : 40952,
      "util" : 98.624899
    }
  ]
}
