{
  "fio version" : "fio-3.16",
  "timestamp" : 1601070717,
  "timestamp_ms" : 1601070717614,
  "time" : "Fri Sep 25 17:51:57 2020",
  "global options" : {
    "unified_rw_reporting" : "1",
    "time_based" : "1",
    "runtime" : "90",
    "directory" : "/media/auto/work/tmp",
    "filename" : "testfile.dat",
    "filesize" : "20GiB",
    "direct" : "1",
    "ioengine" : "libaio"
  },
  "jobs" : [
    {
      "jobname" : "jobname",
      "groupid" : 0,
      "error" : 0,
      "eta" : 0,
      "elapsed" : 91,
      "job options" : {
        "name" : "jobname",
        "iodepth" : "20",
        "bs" : "512k",
        "rw" : "read"
      },
      "mixed" : {
        "io_bytes" : 326054707200,
        "io_kbytes" : 318412800,
        "bw_bytes" : 3622709323,
        "bw" : 3537802,
        "iops" : 6909.769674,
        "runtime" : 90003,
        "total_ios" : 621900,
        "short_ios" : 0,
        "drop_ios" : 0,
        "slat_ns" : {
          "min" : 9999,
          "max" : 168336,
          "mean" : 19787.075871,
          "stddev" : 2042.652959
        },
        "clat_ns" : {
          "min" : 376657,
          "max" : 5588387,
          "mean" : 2873742.660577,
          "stddev" : 133292.165100,
          "percentile" : {
            "1.000000" : 2605056,
            "5.000000" : 2670592,
            "10.000000" : 2703360,
            "20.000000" : 2768896,
            "30.000000" : 2834432,
            "40.000000" : 2867200,
            "50.000000" : 2867200,
            "60.000000" : 2899968,
            "70.000000" : 2932736,
            "80.000000" : 2965504,
            "90.000000" : 3031040,
            "95.000000" : 3096576,
            "99.000000" : 3162112,
            "99.500000" : 3162112,
            "99.900000" : 3227648,
            "99.950000" : 3293184,
            "99.990000" : 5013504
          }
        },
        "lat_ns" : {
          "min" : 398899,
          "max" : 5608345,
          "mean" : 2893653.876689,
          "stddev" : 133217.144236
        },
        "bw_min" : 3527680,
        "bw_max" : 3542016,
        "bw_agg" : 99.992514,
        "bw_mean" : 3537537.166667,
        "bw_dev" : 3267.879868,
        "bw_samples" : 180,
        "iops_min" : 6890,
        "iops_max" : 6918,
        "iops_mean" : 6909.244444,
        "iops_stddev" : 6.395374,
        "iops_samples" : 180
      },
      "job_runtime" : 90002,
      "usr_cpu" : 0.955534,
      "sys_cpu" : 14.949668,
      "ctx" : 622144,
      "majf" : 0,
      "minf" : 2570,
      "iodepth_level" : {
        "1" : 0.100000,
        "2" : 0.100000,
        "4" : 0.100000,
        "8" : 0.100000,
        "16" : 99.958997,
        "32" : 0.000000,
        ">=64" : 0.000000
      },
      "iodepth_submit" : {
        "0" : 0.000000,
        "4" : 100.000000,
        "8" : 0.000000,
        "16" : 0.000000,
        "32" : 0.000000,
        "64" : 0.000000,
        ">=64" : 0.000000
      },
      "iodepth_complete" : {
        "0" : 0.000000,
        "4" : 99.997265,
        "8" : 0.000000,
        "16" : 0.000000,
        "32" : 0.100000,
        "64" : 0.000000,
        ">=64" : 0.000000
      },
      "latency_ns" : {
        "2" : 0.000000,
        "4" : 0.000000,
        "10" : 0.000000,
        "20" : 0.000000,
        "50" : 0.000000,
        "100" : 0.000000,
        "250" : 0.000000,
        "500" : 0.000000,
        "750" : 0.000000,
        "1000" : 0.000000
      },
      "latency_us" : {
        "2" : 0.000000,
        "4" : 0.000000,
        "10" : 0.000000,
        "20" : 0.000000,
        "50" : 0.000000,
        "100" : 0.000000,
        "250" : 0.000000,
        "500" : 0.010000,
        "750" : 0.010000,
        "1000" : 0.010000
      },
      "latency_ms" : {
        "2" : 0.021547,
        "4" : 99.936163,
        "10" : 0.028944,
        "20" : 0.000000,
        "50" : 0.000000,
        "100" : 0.000000,
        "250" : 0.000000,
        "500" : 0.000000,
        "750" : 0.000000,
        "1000" : 0.000000,
        "2000" : 0.000000,
        ">=2000" : 0.000000
      },
      "latency_depth" : 20,
      "latency_target" : 0,
      "latency_percentile" : 100.000000,
      "latency_window" : 0
    }
  ],
  "disk_util" : [
    {
      "name" : "nvme0n1",
      "read_ios" : 621185,
      "write_ios" : 0,
      "read_merges" : 0,
      "write_merges" : 0,
      "read_ticks" : 1787934,
      "write_ticks" : 0,
      "in_queue" : 0,
      "util" : 99.931082
    }
  ]
}
