{
  "fio version" : "fio-3.16",
  "timestamp" : 1600549753,
  "timestamp_ms" : 1600549753969,
  "time" : "Sat Sep 19 17:09:13 2020",
  "global options" : {
    "unified_rw_reporting" : "1",
    "time_based" : "1",
    "runtime" : "90",
    "directory" : "/media/auto/work/tmp",
    "filename" : "testfile.dat",
    "filesize" : "20GiB",
    "direct" : "1",
    "ioengine" : "libaio"
  },
  "jobs" : [
    {
      "jobname" : "jobname",
      "groupid" : 0,
      "error" : 0,
      "eta" : 0,
      "elapsed" : 91,
      "job options" : {
        "name" : "jobname",
        "iodepth" : "16",
        "bs" : "256k",
        "rw" : "write"
      },
      "mixed" : {
        "io_bytes" : 73441476608,
        "io_kbytes" : 71720192,
        "bw_bytes" : 815952943,
        "bw" : 796829,
        "iops" : 3112.613463,
        "runtime" : 90007,
        "total_ios" : 280157,
        "short_ios" : 0,
        "drop_ios" : 0,
        "slat_ns" : {
          "min" : 7764,
          "max" : 3015937,
          "mean" : 14669.239227,
          "stddev" : 14778.947631
        },
        "clat_ns" : {
          "min" : 216236,
          "max" : 71190518,
          "mean" : 5124706.422445,
          "stddev" : 2882987.614898,
          "percentile" : {
            "1.000000" : 1449984,
            "5.000000" : 1531904,
            "10.000000" : 1597440,
            "20.000000" : 1744896,
            "30.000000" : 5144576,
            "40.000000" : 5537792,
            "50.000000" : 5865472,
            "60.000000" : 6062080,
            "70.000000" : 6258688,
            "80.000000" : 6455296,
            "90.000000" : 6651904,
            "95.000000" : 6979584,
            "99.000000" : 9109504,
            "99.500000" : 11337728,
            "99.900000" : 46399488,
            "99.950000" : 62652416,
            "99.990000" : 67633152
          }
        },
        "lat_ns" : {
          "min" : 242034,
          "max" : 71203513,
          "mean" : 5139513.053427,
          "stddev" : 2883556.847614
        },
        "bw_min" : 611327,
        "bw_max" : 2476544,
        "bw_agg" : 99.999668,
        "bw_mean" : 796826.355556,
        "bw_dev" : 451423.521151,
        "bw_samples" : 180,
        "iops_min" : 2387,
        "iops_max" : 9674,
        "iops_mean" : 3112.594444,
        "iops_stddev" : 1763.375473,
        "iops_samples" : 180
      },
      "job_runtime" : 90006,
      "usr_cpu" : 1.189921,
      "sys_cpu" : 4.623025,
      "ctx" : 279986,
      "majf" : 0,
      "minf" : 11,
      "iodepth_level" : {
        "1" : 0.100000,
        "2" : 0.100000,
        "4" : 0.100000,
        "8" : 0.100000,
        "16" : 99.978583,
        "32" : 0.000000,
        ">=64" : 0.000000
      },
      "iodepth_submit" : {
        "0" : 0.000000,
        "4" : 100.000000,
        "8" : 0.000000,
        "16" : 0.000000,
        "32" : 0.000000,
        "64" : 0.000000,
        ">=64" : 0.000000
      },
      "iodepth_complete" : {
        "0" : 0.000000,
        "4" : 99.998572,
        "8" : 0.000000,
        "16" : 0.100000,
        "32" : 0.000000,
        "64" : 0.000000,
        ">=64" : 0.000000
      },
      "latency_ns" : {
        "2" : 0.000000,
        "4" : 0.000000,
        "10" : 0.000000,
        "20" : 0.000000,
        "50" : 0.000000,
        "100" : 0.000000,
        "250" : 0.000000,
        "500" : 0.000000,
        "750" : 0.000000,
        "1000" : 0.000000
      },
      "latency_us" : {
        "2" : 0.000000,
        "4" : 0.000000,
        "10" : 0.000000,
        "20" : 0.000000,
        "50" : 0.000000,
        "100" : 0.000000,
        "250" : 0.010000,
        "500" : 0.010000,
        "750" : 0.010000,
        "1000" : 0.011065
      },
      "latency_ms" : {
        "2" : 21.980532,
        "4" : 2.351539,
        "10" : 74.936553,
        "20" : 0.469023,
        "50" : 0.154556,
        "100" : 0.089950,
        "250" : 0.000000,
        "500" : 0.000000,
        "750" : 0.000000,
        "1000" : 0.000000,
        "2000" : 0.000000,
        ">=2000" : 0.000000
      },
      "latency_depth" : 16,
      "latency_target" : 0,
      "latency_percentile" : 100.000000,
      "latency_window" : 0
    }
  ],
  "disk_util" : [
    {
      "name" : "nvme0n1",
      "read_ios" : 0,
      "write_ios" : 279924,
      "read_merges" : 0,
      "write_merges" : 17,
      "read_ticks" : 0,
      "write_ticks" : 1436154,
      "in_queue" : 894032,
      "util" : 98.234771
    }
  ]
}
