{
  "fio version" : "fio-3.16",
  "timestamp" : 1601070496,
  "timestamp_ms" : 1601070496722,
  "time" : "Fri Sep 25 17:48:16 2020",
  "global options" : {
    "unified_rw_reporting" : "1",
    "time_based" : "1",
    "runtime" : "90",
    "directory" : "/media/auto/work/tmp",
    "filename" : "testfile.dat",
    "filesize" : "20GiB",
    "direct" : "1",
    "ioengine" : "libaio"
  },
  "jobs" : [
    {
      "jobname" : "jobname",
      "groupid" : 0,
      "error" : 0,
      "eta" : 0,
      "elapsed" : 91,
      "job options" : {
        "name" : "jobname",
        "iodepth" : "12",
        "bs" : "512k",
        "rw" : "read"
      },
      "mixed" : {
        "io_bytes" : 326049464320,
        "io_kbytes" : 318407680,
        "bw_bytes" : 3622691321,
        "bw" : 3537784,
        "iops" : 6909.735339,
        "runtime" : 90002,
        "total_ios" : 621890,
        "short_ios" : 0,
        "drop_ios" : 0,
        "slat_ns" : {
          "min" : 10089,
          "max" : 173104,
          "mean" : 19869.046762,
          "stddev" : 1796.223820
        },
        "clat_ns" : {
          "min" : 259417,
          "max" : 3164539,
          "mean" : 1716010.732064,
          "stddev" : 122766.934267,
          "percentile" : {
            "1.000000" : 1449984,
            "5.000000" : 1499136,
            "10.000000" : 1548288,
            "20.000000" : 1613824,
            "30.000000" : 1679360,
            "40.000000" : 1712128,
            "50.000000" : 1712128,
            "60.000000" : 1728512,
            "70.000000" : 1761280,
            "80.000000" : 1810432,
            "90.000000" : 1892352,
            "95.000000" : 1925120,
            "99.000000" : 1990656,
            "99.500000" : 2007040,
            "99.900000" : 2056192,
            "99.950000" : 2088960,
            "99.990000" : 2605056
          }
        },
        "lat_ns" : {
          "min" : 287189,
          "max" : 3184998,
          "mean" : 1736002.845990,
          "stddev" : 122720.362020
        },
        "bw_min" : 3526656,
        "bw_max" : 3542016,
        "bw_agg" : 99.990482,
        "bw_mean" : 3537447.288889,
        "bw_dev" : 3475.212572,
        "bw_samples" : 180,
        "iops_min" : 6888,
        "iops_max" : 6918,
        "iops_mean" : 6909.055556,
        "iops_stddev" : 6.796090,
        "iops_samples" : 180
      },
      "job_runtime" : 90001,
      "usr_cpu" : 0.994433,
      "sys_cpu" : 14.962056,
      "ctx" : 622178,
      "majf" : 0,
      "minf" : 1547,
      "iodepth_level" : {
        "1" : 0.100000,
        "2" : 0.100000,
        "4" : 0.100000,
        "8" : 99.980865,
        "16" : 0.000000,
        "32" : 0.000000,
        ">=64" : 0.000000
      },
      "iodepth_submit" : {
        "0" : 0.000000,
        "4" : 100.000000,
        "8" : 0.000000,
        "16" : 0.000000,
        "32" : 0.000000,
        "64" : 0.000000,
        ">=64" : 0.000000
      },
      "iodepth_complete" : {
        "0" : 0.000000,
        "4" : 99.997266,
        "8" : 0.000000,
        "16" : 0.100000,
        "32" : 0.000000,
        "64" : 0.000000,
        ">=64" : 0.000000
      },
      "latency_ns" : {
        "2" : 0.000000,
        "4" : 0.000000,
        "10" : 0.000000,
        "20" : 0.000000,
        "50" : 0.000000,
        "100" : 0.000000,
        "250" : 0.000000,
        "500" : 0.000000,
        "750" : 0.000000,
        "1000" : 0.000000
      },
      "latency_us" : {
        "2" : 0.000000,
        "4" : 0.000000,
        "10" : 0.000000,
        "20" : 0.000000,
        "50" : 0.000000,
        "100" : 0.000000,
        "250" : 0.000000,
        "500" : 0.010000,
        "750" : 0.010000,
        "1000" : 0.010000
      },
      "latency_ms" : {
        "2" : 99.290550,
        "4" : 0.695461,
        "10" : 0.000000,
        "20" : 0.000000,
        "50" : 0.000000,
        "100" : 0.000000,
        "250" : 0.000000,
        "500" : 0.000000,
        "750" : 0.000000,
        "1000" : 0.000000,
        "2000" : 0.000000,
        ">=2000" : 0.000000
      },
      "latency_depth" : 12,
      "latency_target" : 0,
      "latency_percentile" : 100.000000,
      "latency_window" : 0
    }
  ],
  "disk_util" : [
    {
      "name" : "nvme0n1",
      "read_ios" : 621188,
      "write_ios" : 0,
      "read_merges" : 0,
      "write_merges" : 0,
      "read_ticks" : 1069046,
      "write_ticks" : 0,
      "in_queue" : 0,
      "util" : 99.936639
    }
  ]
}
