{
  "fio version" : "fio-3.16",
  "timestamp" : 1600553276,
  "timestamp_ms" : 1600553276764,
  "time" : "Sat Sep 19 18:07:56 2020",
  "global options" : {
    "unified_rw_reporting" : "1",
    "time_based" : "1",
    "runtime" : "90",
    "directory" : "/media/auto/work/tmp",
    "filename" : "testfile.dat",
    "filesize" : "20GiB",
    "direct" : "1",
    "ioengine" : "libaio"
  },
  "jobs" : [
    {
      "jobname" : "jobname",
      "groupid" : 0,
      "error" : 0,
      "eta" : 0,
      "elapsed" : 91,
      "job options" : {
        "name" : "jobname",
        "iodepth" : "8",
        "bs" : "512k",
        "rw" : "randwrite"
      },
      "mixed" : {
        "io_bytes" : 67414523904,
        "io_kbytes" : 65834496,
        "bw_bytes" : 748992010,
        "bw" : 731437,
        "iops" : 1428.588888,
        "runtime" : 90007,
        "total_ios" : 128583,
        "short_ios" : 0,
        "drop_ios" : 0,
        "slat_ns" : {
          "min" : 12363,
          "max" : 5055202,
          "mean" : 29221.903308,
          "stddev" : 29093.757880
        },
        "clat_ns" : {
          "min" : 201679,
          "max" : 66852801,
          "mean" : 5568617.393318,
          "stddev" : 2573117.584760,
          "percentile" : {
            "1.000000" : 1515520,
            "5.000000" : 1613824,
            "10.000000" : 1744896,
            "20.000000" : 5079040,
            "30.000000" : 5472256,
            "40.000000" : 5734400,
            "50.000000" : 5931008,
            "60.000000" : 6127616,
            "70.000000" : 6258688,
            "80.000000" : 6455296,
            "90.000000" : 6717440,
            "95.000000" : 7045120,
            "99.000000" : 9502720,
            "99.500000" : 11730944,
            "99.900000" : 45350912,
            "99.950000" : 60555264,
            "99.990000" : 64225280
          }
        },
        "lat_ns" : {
          "min" : 264136,
          "max" : 68632189,
          "mean" : 5598059.198673,
          "stddev" : 2576651.807827
        },
        "bw_min" : 617471,
        "bw_max" : 2363392,
        "bw_agg" : 99.996539,
        "bw_mean" : 731411.683333,
        "bw_dev" : 316258.425787,
        "bw_samples" : 180,
        "iops_min" : 1205,
        "iops_max" : 4616,
        "iops_mean" : 1428.527778,
        "iops_stddev" : 617.694374,
        "iops_samples" : 180
      },
      "job_runtime" : 90006,
      "usr_cpu" : 1.148812,
      "sys_cpu" : 4.153056,
      "ctx" : 128444,
      "majf" : 0,
      "minf" : 11,
      "iodepth_level" : {
        "1" : 0.100000,
        "2" : 0.100000,
        "4" : 0.100000,
        "8" : 99.994556,
        "16" : 0.000000,
        "32" : 0.000000,
        ">=64" : 0.000000
      },
      "iodepth_submit" : {
        "0" : 0.000000,
        "4" : 100.000000,
        "8" : 0.000000,
        "16" : 0.000000,
        "32" : 0.000000,
        "64" : 0.000000,
        ">=64" : 0.000000
      },
      "iodepth_complete" : {
        "0" : 0.000000,
        "4" : 99.999222,
        "8" : 0.100000,
        "16" : 0.000000,
        "32" : 0.000000,
        "64" : 0.000000,
        ">=64" : 0.000000
      },
      "latency_ns" : {
        "2" : 0.000000,
        "4" : 0.000000,
        "10" : 0.000000,
        "20" : 0.000000,
        "50" : 0.000000,
        "100" : 0.000000,
        "250" : 0.000000,
        "500" : 0.000000,
        "750" : 0.000000,
        "1000" : 0.000000
      },
      "latency_us" : {
        "2" : 0.000000,
        "4" : 0.000000,
        "10" : 0.000000,
        "20" : 0.000000,
        "50" : 0.000000,
        "100" : 0.000000,
        "250" : 0.010000,
        "500" : 0.010000,
        "750" : 0.010000,
        "1000" : 0.016332
      },
      "latency_ms" : {
        "2" : 12.479877,
        "4" : 1.940381,
        "10" : 84.675268,
        "20" : 0.647053,
        "50" : 0.150098,
        "100" : 0.086326,
        "250" : 0.000000,
        "500" : 0.000000,
        "750" : 0.000000,
        "1000" : 0.000000,
        "2000" : 0.000000,
        ">=2000" : 0.000000
      },
      "latency_depth" : 8,
      "latency_target" : 0,
      "latency_percentile" : 100.000000,
      "latency_window" : 0
    }
  ],
  "disk_util" : [
    {
      "name" : "nvme0n1",
      "read_ios" : 0,
      "write_ios" : 128473,
      "read_merges" : 0,
      "write_merges" : 17,
      "read_ticks" : 0,
      "write_ticks" : 717156,
      "in_queue" : 464160,
      "util" : 98.387043
    }
  ]
}
