{
  "fio version" : "fio-3.16",
  "timestamp" : 1601051675,
  "timestamp_ms" : 1601051675154,
  "time" : "Fri Sep 25 12:34:35 2020",
  "global options" : {
    "unified_rw_reporting" : "1",
    "time_based" : "1",
    "runtime" : "90",
    "directory" : "/media/auto/work/tmp",
    "filename" : "testfile.dat",
    "filesize" : "20GiB",
    "direct" : "1",
    "ioengine" : "libaio"
  },
  "jobs" : [
    {
      "jobname" : "jobname",
      "groupid" : 0,
      "error" : 0,
      "eta" : 0,
      "elapsed" : 91,
      "job options" : {
        "name" : "jobname",
        "iodepth" : "6",
        "bs" : "512k",
        "rw" : "randwrite"
      },
      "mixed" : {
        "io_bytes" : 67405086720,
        "io_kbytes" : 65825280,
        "bw_bytes" : 748903802,
        "bw" : 731351,
        "iops" : 1428.420643,
        "runtime" : 90005,
        "total_ios" : 128565,
        "short_ios" : 0,
        "drop_ios" : 0,
        "slat_ns" : {
          "min" : 10821,
          "max" : 4232212,
          "mean" : 28559.065095,
          "stddev" : 15584.246862
        },
        "clat_ns" : {
          "min" : 202841,
          "max" : 67574243,
          "mean" : 4170033.176098,
          "stddev" : 2202879.111723,
          "percentile" : {
            "1.000000" : 1073152,
            "5.000000" : 1187840,
            "10.000000" : 1302528,
            "20.000000" : 3719168,
            "30.000000" : 4177920,
            "40.000000" : 4358144,
            "50.000000" : 4423680,
            "60.000000" : 4554752,
            "70.000000" : 4620288,
            "80.000000" : 4816896,
            "90.000000" : 5144576,
            "95.000000" : 5668864,
            "99.000000" : 7241728,
            "99.500000" : 8716288,
            "99.900000" : 36962304,
            "99.950000" : 54788096,
            "99.990000" : 64749568
          }
        },
        "lat_ns" : {
          "min" : 274946,
          "max" : 67607936,
          "mean" : 4198809.784568,
          "stddev" : 2205789.014561
        },
        "bw_min" : 613375,
        "bw_max" : 2375680,
        "bw_agg" : 99.990022,
        "bw_mean" : 731278.022222,
        "bw_dev" : 318402.333162,
        "bw_samples" : 180,
        "iops_min" : 1197,
        "iops_max" : 4640,
        "iops_mean" : 1428.255556,
        "iops_stddev" : 621.874128,
        "iops_samples" : 180
      },
      "job_runtime" : 90004,
      "usr_cpu" : 1.061064,
      "sys_cpu" : 4.033154,
      "ctx" : 128445,
      "majf" : 0,
      "minf" : 11,
      "iodepth_level" : {
        "1" : 0.100000,
        "2" : 0.100000,
        "4" : 99.997667,
        "8" : 0.000000,
        "16" : 0.000000,
        "32" : 0.000000,
        ">=64" : 0.000000
      },
      "iodepth_submit" : {
        "0" : 0.000000,
        "4" : 100.000000,
        "8" : 0.000000,
        "16" : 0.000000,
        "32" : 0.000000,
        "64" : 0.000000,
        ">=64" : 0.000000
      },
      "iodepth_complete" : {
        "0" : 0.000000,
        "4" : 99.999222,
        "8" : 0.100000,
        "16" : 0.000000,
        "32" : 0.000000,
        "64" : 0.000000,
        ">=64" : 0.000000
      },
      "latency_ns" : {
        "2" : 0.000000,
        "4" : 0.000000,
        "10" : 0.000000,
        "20" : 0.000000,
        "50" : 0.000000,
        "100" : 0.000000,
        "250" : 0.000000,
        "500" : 0.000000,
        "750" : 0.000000,
        "1000" : 0.000000
      },
      "latency_us" : {
        "2" : 0.000000,
        "4" : 0.000000,
        "10" : 0.000000,
        "20" : 0.000000,
        "50" : 0.000000,
        "100" : 0.000000,
        "250" : 0.010000,
        "500" : 0.010000,
        "750" : 0.017112,
        "1000" : 0.539805
      },
      "latency_ms" : {
        "2" : 13.261774,
        "4" : 11.013884,
        "10" : 74.855521,
        "20" : 0.109672,
        "50" : 0.131451,
        "100" : 0.063003,
        "250" : 0.000000,
        "500" : 0.000000,
        "750" : 0.000000,
        "1000" : 0.000000,
        "2000" : 0.000000,
        ">=2000" : 0.000000
      },
      "latency_depth" : 6,
      "latency_target" : 0,
      "latency_percentile" : 100.000000,
      "latency_window" : 0
    }
  ],
  "disk_util" : [
    {
      "name" : "nvme0n1",
      "read_ios" : 0,
      "write_ios" : 149861,
      "read_merges" : 0,
      "write_merges" : 17,
      "read_ticks" : 0,
      "write_ticks" : 626599,
      "in_queue" : 465808,
      "util" : 98.270342
    }
  ]
}
