{
  "fio version" : "fio-3.16",
  "timestamp" : 1601049326,
  "timestamp_ms" : 1601049326943,
  "time" : "Fri Sep 25 11:55:26 2020",
  "global options" : {
    "unified_rw_reporting" : "1",
    "time_based" : "1",
    "runtime" : "90",
    "directory" : "/media/auto/work/tmp",
    "filename" : "testfile.dat",
    "filesize" : "20GiB",
    "direct" : "1",
    "ioengine" : "libaio"
  },
  "jobs" : [
    {
      "jobname" : "jobname",
      "groupid" : 0,
      "error" : 0,
      "eta" : 0,
      "elapsed" : 91,
      "job options" : {
        "name" : "jobname",
        "iodepth" : "20",
        "bs" : "8k",
        "rw" : "randwrite"
      },
      "mixed" : {
        "io_bytes" : 66888278016,
        "io_kbytes" : 65320584,
        "bw_bytes" : 743194831,
        "bw" : 725776,
        "iops" : 90722.025311,
        "runtime" : 90001,
        "total_ios" : 8165073,
        "short_ios" : 0,
        "drop_ios" : 0,
        "slat_ns" : {
          "min" : 1533,
          "max" : 297639,
          "mean" : 3650.605838,
          "stddev" : 1491.867777
        },
        "clat_ns" : {
          "min" : 44674,
          "max" : 65403539,
          "mean" : 216116.908576,
          "stddev" : 454788.359782,
          "percentile" : {
            "1.000000" : 59648,
            "5.000000" : 65280,
            "10.000000" : 75264,
            "20.000000" : 89600,
            "30.000000" : 94720,
            "40.000000" : 103936,
            "50.000000" : 113152,
            "60.000000" : 134144,
            "70.000000" : 183296,
            "80.000000" : 276480,
            "90.000000" : 477184,
            "95.000000" : 700416,
            "99.000000" : 1269760,
            "99.500000" : 1499136,
            "99.900000" : 2023424,
            "99.950000" : 2179072,
            "99.990000" : 10551296
          }
        },
        "lat_ns" : {
          "min" : 46658,
          "max" : 65406114,
          "mean" : 219894.908507,
          "stddev" : 454720.797741
        },
        "bw_min" : 615583,
        "bw_max" : 2002224,
        "bw_agg" : 100.000000,
        "bw_mean" : 726027.067039,
        "bw_dev" : 269848.613302,
        "bw_samples" : 179,
        "iops_min" : 76947,
        "iops_max" : 250278,
        "iops_mean" : 90753.368715,
        "iops_stddev" : 33731.077433,
        "iops_samples" : 179
      },
      "job_runtime" : 90000,
      "usr_cpu" : 11.215556,
      "sys_cpu" : 33.947778,
      "ctx" : 808367,
      "majf" : 0,
      "minf" : 11,
      "iodepth_level" : {
        "1" : 0.100000,
        "2" : 0.100000,
        "4" : 0.100000,
        "8" : 0.100000,
        "16" : 99.999816,
        "32" : 0.000000,
        ">=64" : 0.000000
      },
      "iodepth_submit" : {
        "0" : 0.000000,
        "4" : 100.000000,
        "8" : 0.000000,
        "16" : 0.000000,
        "32" : 0.000000,
        "64" : 0.000000,
        ">=64" : 0.000000
      },
      "iodepth_complete" : {
        "0" : 0.000000,
        "4" : 99.999988,
        "8" : 0.000000,
        "16" : 0.000000,
        "32" : 0.100000,
        "64" : 0.000000,
        ">=64" : 0.000000
      },
      "latency_ns" : {
        "2" : 0.000000,
        "4" : 0.000000,
        "10" : 0.000000,
        "20" : 0.000000,
        "50" : 0.000000,
        "100" : 0.000000,
        "250" : 0.000000,
        "500" : 0.000000,
        "750" : 0.000000,
        "1000" : 0.000000
      },
      "latency_us" : {
        "2" : 0.000000,
        "4" : 0.000000,
        "10" : 0.000000,
        "20" : 0.000000,
        "50" : 0.018444,
        "100" : 35.938038,
        "250" : 41.915339,
        "500" : 12.883020,
        "750" : 4.912436,
        "1000" : 2.145259
      },
      "latency_ms" : {
        "2" : 2.073000,
        "4" : 0.098983,
        "10" : 0.010000,
        "20" : 0.010000,
        "50" : 0.010000,
        "100" : 0.010000,
        "250" : 0.000000,
        "500" : 0.000000,
        "750" : 0.000000,
        "1000" : 0.000000,
        "2000" : 0.000000,
        ">=2000" : 0.000000
      },
      "latency_depth" : 20,
      "latency_target" : 0,
      "latency_percentile" : 100.000000,
      "latency_window" : 0
    }
  ],
  "disk_util" : [
    {
      "name" : "nvme0n1",
      "read_ios" : 0,
      "write_ios" : 8156648,
      "read_merges" : 0,
      "write_merges" : 17,
      "read_ticks" : 0,
      "write_ticks" : 1497062,
      "in_queue" : 29416,
      "util" : 98.552787
    }
  ]
}
