{
  "fio version" : "fio-3.16",
  "timestamp" : 1600553146,
  "timestamp_ms" : 1600553146305,
  "time" : "Sat Sep 19 18:05:46 2020",
  "global options" : {
    "unified_rw_reporting" : "1",
    "time_based" : "1",
    "runtime" : "90",
    "directory" : "/media/auto/work/tmp",
    "filename" : "testfile.dat",
    "filesize" : "20GiB",
    "direct" : "1",
    "ioengine" : "libaio"
  },
  "jobs" : [
    {
      "jobname" : "jobname",
      "groupid" : 0,
      "error" : 0,
      "eta" : 0,
      "elapsed" : 91,
      "job options" : {
        "name" : "jobname",
        "iodepth" : "4",
        "bs" : "512k",
        "rw" : "randwrite"
      },
      "mixed" : {
        "io_bytes" : 66073919488,
        "io_kbytes" : 64525312,
        "bw_bytes" : 734113876,
        "bw" : 716908,
        "iops" : 1400.211099,
        "runtime" : 90005,
        "total_ios" : 126026,
        "short_ios" : 0,
        "drop_ios" : 0,
        "slat_ns" : {
          "min" : 11452,
          "max" : 92514,
          "mean" : 25072.514719,
          "stddev" : 4442.039512
        },
        "clat_ns" : {
          "min" : 164338,
          "max" : 66476285,
          "mean" : 2830342.894308,
          "stddev" : 1728177.524547,
          "percentile" : {
            "1.000000" : 708608,
            "5.000000" : 782336,
            "10.000000" : 856064,
            "20.000000" : 2277376,
            "30.000000" : 2539520,
            "40.000000" : 2703360,
            "50.000000" : 2867200,
            "60.000000" : 3063808,
            "70.000000" : 3260416,
            "80.000000" : 3522560,
            "90.000000" : 3948544,
            "95.000000" : 4292608,
            "99.000000" : 5275648,
            "99.500000" : 6193152,
            "99.900000" : 18481152,
            "99.950000" : 41680896,
            "99.990000" : 61079552
          }
        },
        "lat_ns" : {
          "min" : 227497,
          "max" : 66499208,
          "mean" : 2855576.741617,
          "stddev" : 1728529.776678
        },
        "bw_min" : 525311,
        "bw_max" : 2345984,
        "bw_agg" : 99.996163,
        "bw_mean" : 716880.494444,
        "bw_dev" : 320533.613688,
        "bw_samples" : 180,
        "iops_min" : 1025,
        "iops_max" : 4582,
        "iops_mean" : 1400.144444,
        "iops_stddev" : 626.044148,
        "iops_samples" : 180
      },
      "job_runtime" : 90004,
      "usr_cpu" : 0.674414,
      "sys_cpu" : 3.572063,
      "ctx" : 125978,
      "majf" : 0,
      "minf" : 11,
      "iodepth_level" : {
        "1" : 0.100000,
        "2" : 0.100000,
        "4" : 99.997620,
        "8" : 0.000000,
        "16" : 0.000000,
        "32" : 0.000000,
        ">=64" : 0.000000
      },
      "iodepth_submit" : {
        "0" : 0.000000,
        "4" : 100.000000,
        "8" : 0.000000,
        "16" : 0.000000,
        "32" : 0.000000,
        "64" : 0.000000,
        ">=64" : 0.000000
      },
      "iodepth_complete" : {
        "0" : 0.000000,
        "4" : 100.000000,
        "8" : 0.000000,
        "16" : 0.000000,
        "32" : 0.000000,
        "64" : 0.000000,
        ">=64" : 0.000000
      },
      "latency_ns" : {
        "2" : 0.000000,
        "4" : 0.000000,
        "10" : 0.000000,
        "20" : 0.000000,
        "50" : 0.000000,
        "100" : 0.000000,
        "250" : 0.000000,
        "500" : 0.000000,
        "750" : 0.000000,
        "1000" : 0.000000
      },
      "latency_us" : {
        "2" : 0.000000,
        "4" : 0.000000,
        "10" : 0.000000,
        "20" : 0.000000,
        "50" : 0.000000,
        "100" : 0.000000,
        "250" : 0.013489,
        "500" : 0.019837,
        "750" : 1.871042,
        "1000" : 11.461921
      },
      "latency_ms" : {
        "2" : 3.232666,
        "4" : 74.406075,
        "10" : 8.848174,
        "20" : 0.051577,
        "50" : 0.050783,
        "100" : 0.044435,
        "250" : 0.000000,
        "500" : 0.000000,
        "750" : 0.000000,
        "1000" : 0.000000,
        "2000" : 0.000000,
        ">=2000" : 0.000000
      },
      "latency_depth" : 4,
      "latency_target" : 0,
      "latency_percentile" : 100.000000,
      "latency_window" : 0
    }
  ],
  "disk_util" : [
    {
      "name" : "nvme0n1",
      "read_ios" : 0,
      "write_ios" : 125947,
      "read_merges" : 0,
      "write_merges" : 17,
      "read_ticks" : 0,
      "write_ticks" : 358272,
      "in_queue" : 52340,
      "util" : 98.450388
    }
  ]
}
