{
  "fio version" : "fio-3.16",
  "timestamp" : 1601059672,
  "timestamp_ms" : 1601059672520,
  "time" : "Fri Sep 25 14:47:52 2020",
  "global options" : {
    "unified_rw_reporting" : "1",
    "time_based" : "1",
    "runtime" : "90",
    "directory" : "/media/auto/work/tmp",
    "filename" : "testfile.dat",
    "filesize" : "20GiB",
    "direct" : "1",
    "ioengine" : "libaio"
  },
  "jobs" : [
    {
      "jobname" : "jobname",
      "groupid" : 0,
      "error" : 0,
      "eta" : 0,
      "elapsed" : 91,
      "job options" : {
        "name" : "jobname",
        "iodepth" : "16",
        "bs" : "16k",
        "rw" : "randread"
      },
      "mixed" : {
        "io_bytes" : 88009785344,
        "io_kbytes" : 85947056,
        "bw_bytes" : 977875638,
        "bw" : 954956,
        "iops" : 59684.792391,
        "runtime" : 90001,
        "total_ios" : 5371691,
        "short_ios" : 0,
        "drop_ios" : 0,
        "slat_ns" : {
          "min" : 1763,
          "max" : 272963,
          "mean" : 3352.113166,
          "stddev" : 1107.837762
        },
        "clat_ns" : {
          "min" : 41448,
          "max" : 1214770,
          "mean" : 264098.194886,
          "stddev" : 111396.252682,
          "percentile" : {
            "1.000000" : 88576,
            "5.000000" : 112128,
            "10.000000" : 134144,
            "20.000000" : 164864,
            "30.000000" : 193536,
            "40.000000" : 220160,
            "50.000000" : 246784,
            "60.000000" : 276480,
            "70.000000" : 313344,
            "80.000000" : 354304,
            "90.000000" : 415744,
            "95.000000" : 473088,
            "99.000000" : 577536,
            "99.500000" : 618496,
            "99.900000" : 692224,
            "99.950000" : 724992,
            "99.990000" : 790528
          }
        },
        "lat_ns" : {
          "min" : 71004,
          "max" : 1217495,
          "mean" : 267554.556745,
          "stddev" : 111368.584358
        },
        "bw_min" : 941088,
        "bw_max" : 964480,
        "bw_agg" : 100.000000,
        "bw_mean" : 954956.379888,
        "bw_dev" : 3639.532275,
        "bw_samples" : 179,
        "iops_min" : 58818,
        "iops_max" : 60280,
        "iops_mean" : 59684.759777,
        "iops_stddev" : 227.485531,
        "iops_samples" : 179
      },
      "job_runtime" : 90000,
      "usr_cpu" : 7.858889,
      "sys_cpu" : 26.198889,
      "ctx" : 3593864,
      "majf" : 0,
      "minf" : 75,
      "iodepth_level" : {
        "1" : 0.100000,
        "2" : 0.100000,
        "4" : 0.100000,
        "8" : 0.100000,
        "16" : 99.999721,
        "32" : 0.000000,
        ">=64" : 0.000000
      },
      "iodepth_submit" : {
        "0" : 0.000000,
        "4" : 100.000000,
        "8" : 0.000000,
        "16" : 0.000000,
        "32" : 0.000000,
        "64" : 0.000000,
        ">=64" : 0.000000
      },
      "iodepth_complete" : {
        "0" : 0.000000,
        "4" : 99.999981,
        "8" : 0.000000,
        "16" : 0.100000,
        "32" : 0.000000,
        "64" : 0.000000,
        ">=64" : 0.000000
      },
      "latency_ns" : {
        "2" : 0.000000,
        "4" : 0.000000,
        "10" : 0.000000,
        "20" : 0.000000,
        "50" : 0.000000,
        "100" : 0.000000,
        "250" : 0.000000,
        "500" : 0.000000,
        "750" : 0.000000,
        "1000" : 0.000000
      },
      "latency_us" : {
        "2" : 0.000000,
        "4" : 0.000000,
        "10" : 0.000000,
        "20" : 0.000000,
        "50" : 0.010000,
        "100" : 2.727037,
        "250" : 48.029531,
        "500" : 45.878830,
        "750" : 3.336119,
        "1000" : 0.028241
      },
      "latency_ms" : {
        "2" : 0.010000,
        "4" : 0.000000,
        "10" : 0.000000,
        "20" : 0.000000,
        "50" : 0.000000,
        "100" : 0.000000,
        "250" : 0.000000,
        "500" : 0.000000,
        "750" : 0.000000,
        "1000" : 0.000000,
        "2000" : 0.000000,
        ">=2000" : 0.000000
      },
      "latency_depth" : 16,
      "latency_target" : 0,
      "latency_percentile" : 100.000000,
      "latency_window" : 0
    }
  ],
  "disk_util" : [
    {
      "name" : "nvme0n1",
      "read_ios" : 5365620,
      "write_ios" : 0,
      "read_merges" : 0,
      "write_merges" : 0,
      "read_ticks" : 1410968,
      "write_ticks" : 0,
      "in_queue" : 0,
      "util" : 99.933310
    }
  ]
}
