{
  "fio version" : "fio-3.16",
  "timestamp" : 1600571756,
  "timestamp_ms" : 1600571756251,
  "time" : "Sat Sep 19 23:15:56 2020",
  "global options" : {
    "unified_rw_reporting" : "1",
    "time_based" : "1",
    "runtime" : "90",
    "directory" : "/media/auto/work/tmp",
    "filename" : "testfile.dat",
    "filesize" : "20GiB",
    "direct" : "1",
    "ioengine" : "libaio"
  },
  "jobs" : [
    {
      "jobname" : "jobname",
      "groupid" : 0,
      "error" : 0,
      "eta" : 0,
      "elapsed" : 91,
      "job options" : {
        "name" : "jobname",
        "iodepth" : "1",
        "bs" : "256k",
        "rw" : "randwrite"
      },
      "mixed" : {
        "io_bytes" : 67298394112,
        "io_kbytes" : 65721088,
        "bw_bytes" : 747236868,
        "bw" : 729723,
        "iops" : 2850.482440,
        "runtime" : 90063,
        "total_ios" : 256723,
        "short_ios" : 0,
        "drop_ios" : 0,
        "slat_ns" : {
          "min" : 7404,
          "max" : 85901,
          "mean" : 15221.718292,
          "stddev" : 1794.623419
        },
        "clat_ns" : {
          "min" : 64471,
          "max" : 65322962,
          "mean" : 334704.073725,
          "stddev" : 623544.415990,
          "percentile" : {
            "1.000000" : 85504,
            "5.000000" : 86528,
            "10.000000" : 91648,
            "20.000000" : 96768,
            "30.000000" : 109056,
            "40.000000" : 144384,
            "50.000000" : 193536,
            "60.000000" : 264192,
            "70.000000" : 362496,
            "80.000000" : 505856,
            "90.000000" : 757760,
            "95.000000" : 1019904,
            "99.000000" : 1597440,
            "99.500000" : 1843200,
            "99.900000" : 2211840,
            "99.950000" : 2637824,
            "99.990000" : 26607616
          }
        },
        "lat_ns" : {
          "min" : 90761,
          "max" : 65337990,
          "mean" : 350052.395925,
          "stddev" : 623566.401567
        },
        "bw_min" : 617471,
        "bw_max" : 2301952,
        "bw_agg" : 100.000000,
        "bw_mean" : 730169.666667,
        "bw_dev" : 305157.182138,
        "bw_samples" : 180,
        "iops_min" : 2411,
        "iops_max" : 8992,
        "iops_mean" : 2852.205556,
        "iops_stddev" : 1192.008758,
        "iops_samples" : 180
      },
      "job_runtime" : 90062,
      "usr_cpu" : 1.048167,
      "sys_cpu" : 4.317026,
      "ctx" : 256817,
      "majf" : 0,
      "minf" : 11,
      "iodepth_level" : {
        "1" : 100.000000,
        "2" : 0.000000,
        "4" : 0.000000,
        "8" : 0.000000,
        "16" : 0.000000,
        "32" : 0.000000,
        ">=64" : 0.000000
      },
      "iodepth_submit" : {
        "0" : 0.000000,
        "4" : 100.000000,
        "8" : 0.000000,
        "16" : 0.000000,
        "32" : 0.000000,
        "64" : 0.000000,
        ">=64" : 0.000000
      },
      "iodepth_complete" : {
        "0" : 0.000000,
        "4" : 100.000000,
        "8" : 0.000000,
        "16" : 0.000000,
        "32" : 0.000000,
        "64" : 0.000000,
        ">=64" : 0.000000
      },
      "latency_ns" : {
        "2" : 0.000000,
        "4" : 0.000000,
        "10" : 0.000000,
        "20" : 0.000000,
        "50" : 0.000000,
        "100" : 0.000000,
        "250" : 0.000000,
        "500" : 0.000000,
        "750" : 0.000000,
        "1000" : 0.000000
      },
      "latency_us" : {
        "2" : 0.000000,
        "4" : 0.000000,
        "10" : 0.000000,
        "20" : 0.000000,
        "50" : 0.000000,
        "100" : 24.230396,
        "250" : 34.145752,
        "500" : 21.163667,
        "750" : 10.364478,
        "1000" : 4.787261
      },
      "latency_ms" : {
        "2" : 4.978518,
        "4" : 0.304219,
        "10" : 0.010000,
        "20" : 0.010000,
        "50" : 0.010000,
        "100" : 0.010000,
        "250" : 0.000000,
        "500" : 0.000000,
        "750" : 0.000000,
        "1000" : 0.000000,
        "2000" : 0.000000,
        ">=2000" : 0.000000
      },
      "latency_depth" : 1,
      "latency_target" : 0,
      "latency_percentile" : 100.000000,
      "latency_window" : 0
    }
  ],
  "disk_util" : [
    {
      "name" : "nvme0n1",
      "read_ios" : 0,
      "write_ios" : 256487,
      "read_merges" : 0,
      "write_merges" : 17,
      "read_ticks" : 0,
      "write_ticks" : 88115,
      "in_queue" : 2728,
      "util" : 98.379244
    }
  ]
}
