{
  "fio version" : "fio-3.16",
  "timestamp" : 1601058567,
  "timestamp_ms" : 1601058567988,
  "time" : "Fri Sep 25 14:29:27 2020",
  "global options" : {
    "unified_rw_reporting" : "1",
    "time_based" : "1",
    "runtime" : "90",
    "directory" : "/media/auto/work/tmp",
    "filename" : "testfile.dat",
    "filesize" : "20GiB",
    "direct" : "1",
    "ioengine" : "libaio"
  },
  "jobs" : [
    {
      "jobname" : "jobname",
      "groupid" : 0,
      "error" : 0,
      "eta" : 0,
      "elapsed" : 91,
      "job options" : {
        "name" : "jobname",
        "iodepth" : "20",
        "bs" : "8k",
        "rw" : "randread"
      },
      "mixed" : {
        "io_bytes" : 79277809664,
        "io_kbytes" : 77419736,
        "bw_bytes" : 880854764,
        "bw" : 860209,
        "iops" : 107526.216375,
        "runtime" : 90001,
        "total_ios" : 9677467,
        "short_ios" : 0,
        "drop_ios" : 0,
        "slat_ns" : {
          "min" : 1383,
          "max" : 308189,
          "mean" : 2756.975997,
          "stddev" : 1140.469037
        },
        "clat_ns" : {
          "min" : 27451,
          "max" : 1618207,
          "mean" : 182620.920641,
          "stddev" : 86624.029428,
          "percentile" : {
            "1.000000" : 72192,
            "5.000000" : 83456,
            "10.000000" : 92672,
            "20.000000" : 109056,
            "30.000000" : 127488,
            "40.000000" : 144384,
            "50.000000" : 162816,
            "60.000000" : 183296,
            "70.000000" : 209920,
            "80.000000" : 244736,
            "90.000000" : 301056,
            "95.000000" : 354304,
            "99.000000" : 464896,
            "99.500000" : 505856,
            "99.900000" : 602112,
            "99.950000" : 634880,
            "99.990000" : 716800
          }
        },
        "lat_ns" : {
          "min" : 54362,
          "max" : 1621403,
          "mean" : 185479.127404,
          "stddev" : 86601.861520
        },
        "bw_min" : 853680,
        "bw_max" : 868192,
        "bw_agg" : 99.993278,
        "bw_mean" : 860151.173184,
        "bw_dev" : 2582.160227,
        "bw_samples" : 179,
        "iops_min" : 106710,
        "iops_max" : 108524,
        "iops_mean" : 107518.905028,
        "iops_stddev" : 322.740820,
        "iops_samples" : 179
      },
      "job_runtime" : 90000,
      "usr_cpu" : 13.221111,
      "sys_cpu" : 38.150000,
      "ctx" : 4587197,
      "majf" : 0,
      "minf" : 50,
      "iodepth_level" : {
        "1" : 0.100000,
        "2" : 0.100000,
        "4" : 0.100000,
        "8" : 0.100000,
        "16" : 99.999845,
        "32" : 0.000000,
        ">=64" : 0.000000
      },
      "iodepth_submit" : {
        "0" : 0.000000,
        "4" : 100.000000,
        "8" : 0.000000,
        "16" : 0.000000,
        "32" : 0.000000,
        "64" : 0.000000,
        ">=64" : 0.000000
      },
      "iodepth_complete" : {
        "0" : 0.000000,
        "4" : 99.999990,
        "8" : 0.000000,
        "16" : 0.000000,
        "32" : 0.100000,
        "64" : 0.000000,
        ">=64" : 0.000000
      },
      "latency_ns" : {
        "2" : 0.000000,
        "4" : 0.000000,
        "10" : 0.000000,
        "20" : 0.000000,
        "50" : 0.000000,
        "100" : 0.000000,
        "250" : 0.000000,
        "500" : 0.000000,
        "750" : 0.000000,
        "1000" : 0.000000
      },
      "latency_us" : {
        "2" : 0.000000,
        "4" : 0.000000,
        "10" : 0.000000,
        "20" : 0.000000,
        "50" : 0.010000,
        "100" : 15.185957,
        "250" : 65.941139,
        "500" : 18.312292,
        "750" : 0.555073,
        "1000" : 0.010000
      },
      "latency_ms" : {
        "2" : 0.010000,
        "4" : 0.000000,
        "10" : 0.000000,
        "20" : 0.000000,
        "50" : 0.000000,
        "100" : 0.000000,
        "250" : 0.000000,
        "500" : 0.000000,
        "750" : 0.000000,
        "1000" : 0.000000,
        "2000" : 0.000000,
        ">=2000" : 0.000000
      },
      "latency_depth" : 20,
      "latency_target" : 0,
      "latency_percentile" : 100.000000,
      "latency_window" : 0
    }
  ],
  "disk_util" : [
    {
      "name" : "nvme0n1",
      "read_ios" : 9666606,
      "write_ios" : 0,
      "read_merges" : 0,
      "write_merges" : 0,
      "read_ticks" : 1740752,
      "write_ticks" : 0,
      "in_queue" : 0,
      "util" : 99.955532
    }
  ]
}
