{
  "fio version" : "fio-3.16",
  "timestamp" : 1600571625,
  "timestamp_ms" : 1600571625727,
  "time" : "Sat Sep 19 23:13:45 2020",
  "global options" : {
    "unified_rw_reporting" : "1",
    "time_based" : "1",
    "runtime" : "90",
    "directory" : "/media/auto/work/tmp",
    "filename" : "testfile.dat",
    "filesize" : "20GiB",
    "direct" : "1",
    "ioengine" : "libaio"
  },
  "jobs" : [
    {
      "jobname" : "jobname",
      "groupid" : 0,
      "error" : 0,
      "eta" : 0,
      "elapsed" : 91,
      "job options" : {
        "name" : "jobname",
        "iodepth" : "2",
        "bs" : "32k",
        "rw" : "randwrite"
      },
      "mixed" : {
        "io_bytes" : 63820300288,
        "io_kbytes" : 62324512,
        "bw_bytes" : 708712843,
        "bw" : 692102,
        "iops" : 21628.199576,
        "runtime" : 90051,
        "total_ios" : 1947641,
        "short_ios" : 0,
        "drop_ios" : 0,
        "slat_ns" : {
          "min" : 2385,
          "max" : 152386,
          "mean" : 4518.968923,
          "stddev" : 916.982608
        },
        "clat_ns" : {
          "min" : 5961,
          "max" : 64459091,
          "mean" : 87273.572346,
          "stddev" : 371286.079633,
          "percentile" : {
            "1.000000" : 19328,
            "5.000000" : 20096,
            "10.000000" : 20608,
            "20.000000" : 21376,
            "30.000000" : 22144,
            "40.000000" : 23168,
            "50.000000" : 25984,
            "60.000000" : 32128,
            "70.000000" : 41728,
            "80.000000" : 75264,
            "90.000000" : 181248,
            "95.000000" : 358400,
            "99.000000" : 970752,
            "99.500000" : 1302528,
            "99.900000" : 1974272,
            "99.950000" : 2375680,
            "99.990000" : 9240576
          }
        },
        "lat_ns" : {
          "min" : 20018,
          "max" : 64463279,
          "mean" : 91899.825141,
          "stddev" : 371408.138780
        },
        "bw_min" : 8447,
        "bw_max" : 2177856,
        "bw_agg" : 100.000000,
        "bw_mean" : 692443.877778,
        "bw_dev" : 319976.949928,
        "bw_samples" : 180,
        "iops_min" : 263,
        "iops_max" : 68058,
        "iops_mean" : 21638.861111,
        "iops_stddev" : 9999.261469,
        "iops_samples" : 180
      },
      "job_runtime" : 90050,
      "usr_cpu" : 3.439200,
      "sys_cpu" : 12.621877,
      "ctx" : 1925368,
      "majf" : 0,
      "minf" : 12,
      "iodepth_level" : {
        "1" : 0.100000,
        "2" : 99.999949,
        "4" : 0.000000,
        "8" : 0.000000,
        "16" : 0.000000,
        "32" : 0.000000,
        ">=64" : 0.000000
      },
      "iodepth_submit" : {
        "0" : 0.000000,
        "4" : 100.000000,
        "8" : 0.000000,
        "16" : 0.000000,
        "32" : 0.000000,
        "64" : 0.000000,
        ">=64" : 0.000000
      },
      "iodepth_complete" : {
        "0" : 0.000000,
        "4" : 100.000000,
        "8" : 0.000000,
        "16" : 0.000000,
        "32" : 0.000000,
        "64" : 0.000000,
        ">=64" : 0.000000
      },
      "latency_ns" : {
        "2" : 0.000000,
        "4" : 0.000000,
        "10" : 0.000000,
        "20" : 0.000000,
        "50" : 0.000000,
        "100" : 0.000000,
        "250" : 0.000000,
        "500" : 0.000000,
        "750" : 0.000000,
        "1000" : 0.000000
      },
      "latency_us" : {
        "2" : 0.000000,
        "4" : 0.000000,
        "10" : 0.010000,
        "20" : 3.909909,
        "50" : 71.528634,
        "100" : 8.053332,
        "250" : 9.040578,
        "500" : 4.280306,
        "750" : 1.560503,
        "1000" : 0.698024
      },
      "latency_ms" : {
        "2" : 0.836910,
        "4" : 0.058276,
        "10" : 0.023670,
        "20" : 0.010000,
        "50" : 0.010000,
        "100" : 0.010000,
        "250" : 0.000000,
        "500" : 0.000000,
        "750" : 0.000000,
        "1000" : 0.000000,
        "2000" : 0.000000,
        ">=2000" : 0.000000
      },
      "latency_depth" : 2,
      "latency_target" : 0,
      "latency_percentile" : 100.000000,
      "latency_window" : 0
    }
  ],
  "disk_util" : [
    {
      "name" : "nvme0n1",
      "read_ios" : 0,
      "write_ios" : 1945835,
      "read_merges" : 0,
      "write_merges" : 17,
      "read_ticks" : 0,
      "write_ticks" : 171772,
      "in_queue" : 8120,
      "util" : 97.173157
    }
  ]
}
