{
  "fio version" : "fio-3.16",
  "timestamp" : 1601066299,
  "timestamp_ms" : 1601066299568,
  "time" : "Fri Sep 25 16:38:19 2020",
  "global options" : {
    "unified_rw_reporting" : "1",
    "time_based" : "1",
    "runtime" : "90",
    "directory" : "/media/auto/work/tmp",
    "filename" : "testfile.dat",
    "filesize" : "20GiB",
    "direct" : "1",
    "ioengine" : "libaio"
  },
  "jobs" : [
    {
      "jobname" : "jobname",
      "groupid" : 0,
      "error" : 0,
      "eta" : 0,
      "elapsed" : 91,
      "job options" : {
        "name" : "jobname",
        "iodepth" : "1",
        "bs" : "16k",
        "rw" : "read"
      },
      "mixed" : {
        "io_bytes" : 81587290112,
        "io_kbytes" : 79675088,
        "bw_bytes" : 906515373,
        "bw" : 885268,
        "iops" : 55329.307452,
        "runtime" : 90001,
        "total_ios" : 4979693,
        "short_ios" : 0,
        "drop_ios" : 0,
        "slat_ns" : {
          "min" : 1873,
          "max" : 235191,
          "mean" : 2883.098299,
          "stddev" : 526.146752
        },
        "clat_ns" : {
          "min" : 371,
          "max" : 1666778,
          "mean" : 14686.419442,
          "stddev" : 5186.352801,
          "percentile" : {
            "1.000000" : 13504,
            "5.000000" : 13632,
            "10.000000" : 13632,
            "20.000000" : 13760,
            "30.000000" : 13760,
            "40.000000" : 13888,
            "50.000000" : 14016,
            "60.000000" : 14016,
            "70.000000" : 14272,
            "80.000000" : 15040,
            "90.000000" : 15808,
            "95.000000" : 16768,
            "99.000000" : 18304,
            "99.500000" : 24960,
            "99.900000" : 93696,
            "99.950000" : 118272,
            "99.990000" : 164864
          }
        },
        "lat_ns" : {
          "min" : 14207,
          "max" : 1671116,
          "mean" : 17659.029851,
          "stddev" : 5240.289692
        },
        "bw_min" : 854976,
        "bw_max" : 902656,
        "bw_agg" : 99.990769,
        "bw_mean" : 885186.279330,
        "bw_dev" : 8499.973480,
        "bw_samples" : 179,
        "iops_min" : 53436,
        "iops_max" : 56416,
        "iops_mean" : 55324.139665,
        "iops_stddev" : 531.243345,
        "iops_samples" : 179
      },
      "job_runtime" : 90000,
      "usr_cpu" : 6.314444,
      "sys_cpu" : 23.207778,
      "ctx" : 4980014,
      "majf" : 0,
      "minf" : 17,
      "iodepth_level" : {
        "1" : 100.000000,
        "2" : 0.000000,
        "4" : 0.000000,
        "8" : 0.000000,
        "16" : 0.000000,
        "32" : 0.000000,
        ">=64" : 0.000000
      },
      "iodepth_submit" : {
        "0" : 0.000000,
        "4" : 100.000000,
        "8" : 0.000000,
        "16" : 0.000000,
        "32" : 0.000000,
        "64" : 0.000000,
        ">=64" : 0.000000
      },
      "iodepth_complete" : {
        "0" : 0.000000,
        "4" : 100.000000,
        "8" : 0.000000,
        "16" : 0.000000,
        "32" : 0.000000,
        "64" : 0.000000,
        ">=64" : 0.000000
      },
      "latency_ns" : {
        "2" : 0.000000,
        "4" : 0.000000,
        "10" : 0.000000,
        "20" : 0.000000,
        "50" : 0.000000,
        "100" : 0.000000,
        "250" : 0.000000,
        "500" : 0.010000,
        "750" : 0.010000,
        "1000" : 0.010000
      },
      "latency_us" : {
        "2" : 0.010000,
        "4" : 0.010000,
        "10" : 0.010000,
        "20" : 99.191777,
        "50" : 0.478985,
        "100" : 0.269796,
        "250" : 0.054582,
        "500" : 0.010000,
        "750" : 0.010000,
        "1000" : 0.000000
      },
      "latency_ms" : {
        "2" : 0.010000,
        "4" : 0.000000,
        "10" : 0.000000,
        "20" : 0.000000,
        "50" : 0.000000,
        "100" : 0.000000,
        "250" : 0.000000,
        "500" : 0.000000,
        "750" : 0.000000,
        "1000" : 0.000000,
        "2000" : 0.000000,
        ">=2000" : 0.000000
      },
      "latency_depth" : 1,
      "latency_target" : 0,
      "latency_percentile" : 100.000000,
      "latency_window" : 0
    }
  ],
  "disk_util" : [
    {
      "name" : "nvme0n1",
      "read_ios" : 4974229,
      "write_ios" : 0,
      "read_merges" : 0,
      "write_merges" : 0,
      "read_ticks" : 73919,
      "write_ticks" : 0,
      "in_queue" : 0,
      "util" : 99.934417
    }
  ]
}
