{
  "fio version" : "fio-3.16",
  "timestamp" : 1601061881,
  "timestamp_ms" : 1601061881461,
  "time" : "Fri Sep 25 15:24:41 2020",
  "global options" : {
    "unified_rw_reporting" : "1",
    "time_based" : "1",
    "runtime" : "90",
    "directory" : "/media/auto/work/tmp",
    "filename" : "testfile.dat",
    "filesize" : "20GiB",
    "direct" : "1",
    "ioengine" : "libaio"
  },
  "jobs" : [
    {
      "jobname" : "jobname",
      "groupid" : 0,
      "error" : 0,
      "eta" : 0,
      "elapsed" : 91,
      "job options" : {
        "name" : "jobname",
        "iodepth" : "8",
        "bs" : "256k",
        "rw" : "randread"
      },
      "mixed" : {
        "io_bytes" : 107805671424,
        "io_kbytes" : 105278976,
        "bw_bytes" : 1197814175,
        "bw" : 1169740,
        "iops" : 4569.298460,
        "runtime" : 90002,
        "total_ios" : 411246,
        "short_ios" : 0,
        "drop_ios" : 0,
        "slat_ns" : {
          "min" : 6923,
          "max" : 226354,
          "mean" : 14142.318517,
          "stddev" : 2032.101839
        },
        "clat_ns" : {
          "min" : 243247,
          "max" : 4210512,
          "mean" : 1735851.283774,
          "stddev" : 315491.517108,
          "percentile" : {
            "1.000000" : 675840,
            "5.000000" : 1286144,
            "10.000000" : 1384448,
            "20.000000" : 1499136,
            "30.000000" : 1581056,
            "40.000000" : 1646592,
            "50.000000" : 1728512,
            "60.000000" : 1794048,
            "70.000000" : 1875968,
            "80.000000" : 1990656,
            "90.000000" : 2113536,
            "95.000000" : 2244608,
            "99.000000" : 2506752,
            "99.500000" : 2605056,
            "99.900000" : 2899968,
            "99.950000" : 3031040,
            "99.990000" : 3358720
          }
        },
        "lat_ns" : {
          "min" : 257383,
          "max" : 4224839,
          "mean" : 1750118.446273,
          "stddev" : 315440.006800
        },
        "bw_min" : 1047040,
        "bw_max" : 1546752,
        "bw_agg" : 99.996138,
        "bw_mean" : 1169694.822222,
        "bw_dev" : 47954.538777,
        "bw_samples" : 180,
        "iops_min" : 4090,
        "iops_max" : 6042,
        "iops_mean" : 4569.100000,
        "iops_stddev" : 187.325698,
        "iops_samples" : 180
      },
      "job_runtime" : 90001,
      "usr_cpu" : 0.676659,
      "sys_cpu" : 7.386585,
      "ctx" : 391971,
      "majf" : 0,
      "minf" : 523,
      "iodepth_level" : {
        "1" : 0.100000,
        "2" : 0.100000,
        "4" : 0.100000,
        "8" : 99.998298,
        "16" : 0.000000,
        "32" : 0.000000,
        ">=64" : 0.000000
      },
      "iodepth_submit" : {
        "0" : 0.000000,
        "4" : 100.000000,
        "8" : 0.000000,
        "16" : 0.000000,
        "32" : 0.000000,
        "64" : 0.000000,
        ">=64" : 0.000000
      },
      "iodepth_complete" : {
        "0" : 0.000000,
        "4" : 99.999757,
        "8" : 0.100000,
        "16" : 0.000000,
        "32" : 0.000000,
        "64" : 0.000000,
        ">=64" : 0.000000
      },
      "latency_ns" : {
        "2" : 0.000000,
        "4" : 0.000000,
        "10" : 0.000000,
        "20" : 0.000000,
        "50" : 0.000000,
        "100" : 0.000000,
        "250" : 0.000000,
        "500" : 0.000000,
        "750" : 0.000000,
        "1000" : 0.000000
      },
      "latency_us" : {
        "2" : 0.000000,
        "4" : 0.000000,
        "10" : 0.000000,
        "20" : 0.000000,
        "50" : 0.000000,
        "100" : 0.000000,
        "250" : 0.010000,
        "500" : 0.358666,
        "750" : 0.735083,
        "1000" : 0.248027
      },
      "latency_ms" : {
        "2" : 80.198713,
        "4" : 18.458052,
        "10" : 0.010000,
        "20" : 0.000000,
        "50" : 0.000000,
        "100" : 0.000000,
        "250" : 0.000000,
        "500" : 0.000000,
        "750" : 0.000000,
        "1000" : 0.000000,
        "2000" : 0.000000,
        ">=2000" : 0.000000
      },
      "latency_depth" : 8,
      "latency_target" : 0,
      "latency_percentile" : 100.000000,
      "latency_window" : 0
    }
  ],
  "disk_util" : [
    {
      "name" : "nvme0n1",
      "read_ios" : 410791,
      "write_ios" : 0,
      "read_merges" : 0,
      "write_merges" : 0,
      "read_ticks" : 714546,
      "write_ticks" : 0,
      "in_queue" : 20,
      "util" : 99.935528
    }
  ]
}
