{
  "fio version" : "fio-3.16",
  "timestamp" : 1601070828,
  "timestamp_ms" : 1601070828069,
  "time" : "Fri Sep 25 17:53:48 2020",
  "global options" : {
    "unified_rw_reporting" : "1",
    "time_based" : "1",
    "runtime" : "90",
    "directory" : "/media/auto/work/tmp",
    "filename" : "testfile.dat",
    "filesize" : "20GiB",
    "direct" : "1",
    "ioengine" : "libaio"
  },
  "jobs" : [
    {
      "jobname" : "jobname",
      "groupid" : 0,
      "error" : 0,
      "eta" : 0,
      "elapsed" : 91,
      "job options" : {
        "name" : "jobname",
        "iodepth" : "24",
        "bs" : "512k",
        "rw" : "read"
      },
      "mixed" : {
        "io_bytes" : 326051561472,
        "io_kbytes" : 318409728,
        "bw_bytes" : 3622634121,
        "bw" : 3537728,
        "iops" : 6909.626239,
        "runtime" : 90004,
        "total_ios" : 621894,
        "short_ios" : 0,
        "drop_ios" : 0,
        "slat_ns" : {
          "min" : 10099,
          "max" : 283762,
          "mean" : 19704.447999,
          "stddev" : 2866.245035
        },
        "clat_ns" : {
          "min" : 377138,
          "max" : 6697569,
          "mean" : 3452614.523353,
          "stddev" : 139849.806528,
          "percentile" : {
            "1.000000" : 3162112,
            "5.000000" : 3227648,
            "10.000000" : 3293184,
            "20.000000" : 3358720,
            "30.000000" : 3424256,
            "40.000000" : 3424256,
            "50.000000" : 3457024,
            "60.000000" : 3457024,
            "70.000000" : 3489792,
            "80.000000" : 3555328,
            "90.000000" : 3620864,
            "95.000000" : 3653632,
            "99.000000" : 3719168,
            "99.500000" : 3751936,
            "99.900000" : 3850240,
            "99.950000" : 4112384,
            "99.990000" : 6127616
          }
        },
        "lat_ns" : {
          "min" : 397867,
          "max" : 6717767,
          "mean" : 3472452.410472,
          "stddev" : 139724.433107
        },
        "bw_min" : 3527680,
        "bw_max" : 3540992,
        "bw_agg" : 99.989669,
        "bw_mean" : 3537362.522222,
        "bw_dev" : 3557.641397,
        "bw_samples" : 180,
        "iops_min" : 6890,
        "iops_max" : 6916,
        "iops_mean" : 6908.900000,
        "iops_stddev" : 6.964475,
        "iops_samples" : 180
      },
      "job_runtime" : 90003,
      "usr_cpu" : 0.952190,
      "sys_cpu" : 14.971723,
      "ctx" : 622145,
      "majf" : 0,
      "minf" : 3082,
      "iodepth_level" : {
        "1" : 0.100000,
        "2" : 0.100000,
        "4" : 0.100000,
        "8" : 0.100000,
        "16" : 99.958996,
        "32" : 0.000000,
        ">=64" : 0.000000
      },
      "iodepth_submit" : {
        "0" : 0.000000,
        "4" : 100.000000,
        "8" : 0.000000,
        "16" : 0.000000,
        "32" : 0.000000,
        "64" : 0.000000,
        ">=64" : 0.000000
      },
      "iodepth_complete" : {
        "0" : 0.000000,
        "4" : 99.997265,
        "8" : 0.000000,
        "16" : 0.000000,
        "32" : 0.100000,
        "64" : 0.000000,
        ">=64" : 0.000000
      },
      "latency_ns" : {
        "2" : 0.000000,
        "4" : 0.000000,
        "10" : 0.000000,
        "20" : 0.000000,
        "50" : 0.000000,
        "100" : 0.000000,
        "250" : 0.000000,
        "500" : 0.000000,
        "750" : 0.000000,
        "1000" : 0.000000
      },
      "latency_us" : {
        "2" : 0.000000,
        "4" : 0.000000,
        "10" : 0.000000,
        "20" : 0.000000,
        "50" : 0.000000,
        "100" : 0.000000,
        "250" : 0.000000,
        "500" : 0.010000,
        "750" : 0.010000,
        "1000" : 0.010000
      },
      "latency_ms" : {
        "2" : 0.022673,
        "4" : 99.909631,
        "10" : 0.055315,
        "20" : 0.000000,
        "50" : 0.000000,
        "100" : 0.000000,
        "250" : 0.000000,
        "500" : 0.000000,
        "750" : 0.000000,
        "1000" : 0.000000,
        "2000" : 0.000000,
        ">=2000" : 0.000000
      },
      "latency_depth" : 24,
      "latency_target" : 0,
      "latency_percentile" : 100.000000,
      "latency_window" : 0
    }
  ],
  "disk_util" : [
    {
      "name" : "nvme0n1",
      "read_ios" : 621181,
      "write_ios" : 0,
      "read_merges" : 0,
      "write_merges" : 0,
      "read_ticks" : 2147309,
      "write_ticks" : 0,
      "in_queue" : 108,
      "util" : 99.933307
    }
  ]
}
