{
  "fio version" : "fio-3.16",
  "timestamp" : 1601067735,
  "timestamp_ms" : 1601067735397,
  "time" : "Fri Sep 25 17:02:15 2020",
  "global options" : {
    "unified_rw_reporting" : "1",
    "time_based" : "1",
    "runtime" : "90",
    "directory" : "/media/auto/work/tmp",
    "filename" : "testfile.dat",
    "filesize" : "20GiB",
    "direct" : "1",
    "ioengine" : "libaio"
  },
  "jobs" : [
    {
      "jobname" : "jobname",
      "groupid" : 0,
      "error" : 0,
      "eta" : 0,
      "elapsed" : 91,
      "job options" : {
        "name" : "jobname",
        "iodepth" : "4",
        "bs" : "32k",
        "rw" : "read"
      },
      "mixed" : {
        "io_bytes" : 218961444864,
        "io_kbytes" : 213829536,
        "bw_bytes" : 2432877910,
        "bw" : 2375857,
        "iops" : 74245.541716,
        "runtime" : 90001,
        "total_ios" : 6682173,
        "short_ios" : 0,
        "drop_ios" : 0,
        "slat_ns" : {
          "min" : 2054,
          "max" : 49413,
          "mean" : 3827.739306,
          "stddev" : 1231.883391
        },
        "clat_ns" : {
          "min" : 13726,
          "max" : 455104,
          "mean" : 49512.822501,
          "stddev" : 31814.904811,
          "percentile" : {
            "1.000000" : 24192,
            "5.000000" : 27776,
            "10.000000" : 30080,
            "20.000000" : 32128,
            "30.000000" : 32384,
            "40.000000" : 32640,
            "50.000000" : 33024,
            "60.000000" : 35584,
            "70.000000" : 47360,
            "80.000000" : 66048,
            "90.000000" : 94720,
            "95.000000" : 119296,
            "99.000000" : 171008,
            "99.500000" : 185344,
            "99.900000" : 220160,
            "99.950000" : 242688,
            "99.990000" : 284672
          }
        },
        "lat_ns" : {
          "min" : 19086,
          "max" : 459813,
          "mean" : 53452.388748,
          "stddev" : 31728.161498
        },
        "bw_min" : 2356352,
        "bw_max" : 2391488,
        "bw_agg" : 99.997089,
        "bw_mean" : 2375787.832402,
        "bw_dev" : 6590.485055,
        "bw_samples" : 179,
        "iops_min" : 73636,
        "iops_max" : 74734,
        "iops_mean" : 74243.363128,
        "iops_stddev" : 205.961208,
        "iops_samples" : 179
      },
      "job_runtime" : 90000,
      "usr_cpu" : 9.044444,
      "sys_cpu" : 36.972222,
      "ctx" : 5662500,
      "majf" : 0,
      "minf" : 43,
      "iodepth_level" : {
        "1" : 0.100000,
        "2" : 0.100000,
        "4" : 99.999506,
        "8" : 0.000000,
        "16" : 0.000000,
        "32" : 0.000000,
        ">=64" : 0.000000
      },
      "iodepth_submit" : {
        "0" : 0.000000,
        "4" : 100.000000,
        "8" : 0.000000,
        "16" : 0.000000,
        "32" : 0.000000,
        "64" : 0.000000,
        ">=64" : 0.000000
      },
      "iodepth_complete" : {
        "0" : 0.000000,
        "4" : 100.000000,
        "8" : 0.000000,
        "16" : 0.000000,
        "32" : 0.000000,
        "64" : 0.000000,
        ">=64" : 0.000000
      },
      "latency_ns" : {
        "2" : 0.000000,
        "4" : 0.000000,
        "10" : 0.000000,
        "20" : 0.000000,
        "50" : 0.000000,
        "100" : 0.000000,
        "250" : 0.000000,
        "500" : 0.000000,
        "750" : 0.000000,
        "1000" : 0.000000
      },
      "latency_us" : {
        "2" : 0.000000,
        "4" : 0.000000,
        "10" : 0.000000,
        "20" : 0.070217,
        "50" : 71.521569,
        "100" : 19.839100,
        "250" : 8.529995,
        "500" : 0.039119,
        "750" : 0.000000,
        "1000" : 0.000000
      },
      "latency_ms" : {
        "2" : 0.000000,
        "4" : 0.000000,
        "10" : 0.000000,
        "20" : 0.000000,
        "50" : 0.000000,
        "100" : 0.000000,
        "250" : 0.000000,
        "500" : 0.000000,
        "750" : 0.000000,
        "1000" : 0.000000,
        "2000" : 0.000000,
        ">=2000" : 0.000000
      },
      "latency_depth" : 4,
      "latency_target" : 0,
      "latency_percentile" : 100.000000,
      "latency_window" : 0
    }
  ],
  "disk_util" : [
    {
      "name" : "nvme0n1",
      "read_ios" : 6674734,
      "write_ios" : 0,
      "read_merges" : 0,
      "write_merges" : 0,
      "read_ticks" : 332865,
      "write_ticks" : 0,
      "in_queue" : 0,
      "util" : 99.951087
    }
  ]
}
