{
  "fio version" : "fio-3.16",
  "timestamp" : 1601082828,
  "timestamp_ms" : 1601082828977,
  "time" : "Fri Sep 25 21:13:48 2020",
  "global options" : {
    "unified_rw_reporting" : "1",
    "time_based" : "1",
    "runtime" : "90",
    "directory" : "/media/auto/work/tmp",
    "filename" : "testfile.dat",
    "filesize" : "20GiB",
    "direct" : "1",
    "ioengine" : "libaio"
  },
  "jobs" : [
    {
      "jobname" : "jobname",
      "groupid" : 0,
      "error" : 0,
      "eta" : 0,
      "elapsed" : 91,
      "job options" : {
        "name" : "jobname",
        "iodepth" : "16",
        "bs" : "512k",
        "rw" : "randread"
      },
      "mixed" : {
        "io_bytes" : 109093847040,
        "io_kbytes" : 106536960,
        "bw_bytes" : 1212059584,
        "bw" : 1183651,
        "iops" : 2311.820192,
        "runtime" : 90007,
        "total_ios" : 208080,
        "short_ios" : 0,
        "drop_ios" : 0,
        "slat_ns" : {
          "min" : 10770,
          "max" : 209003,
          "mean" : 22404.286356,
          "stddev" : 3706.220350
        },
        "clat_ns" : {
          "min" : 1645418,
          "max" : 12898946,
          "mean" : 6897392.424707,
          "stddev" : 651655.972166,
          "percentile" : {
            "1.000000" : 3096576,
            "5.000000" : 6324224,
            "10.000000" : 6455296,
            "20.000000" : 6651904,
            "30.000000" : 6782976,
            "40.000000" : 6848512,
            "50.000000" : 6979584,
            "60.000000" : 7045120,
            "70.000000" : 7176192,
            "80.000000" : 7241728,
            "90.000000" : 7438336,
            "95.000000" : 7569408,
            "99.000000" : 7831552,
            "99.500000" : 7962624,
            "99.900000" : 8224768,
            "99.950000" : 8355840,
            "99.990000" : 8847360
          }
        },
        "lat_ns" : {
          "min" : 1666287,
          "max" : 12920326,
          "mean" : 6919938.788677,
          "stddev" : 651641.442021
        },
        "bw_min" : 1157120,
        "bw_max" : 1610752,
        "bw_agg" : 99.997335,
        "bw_mean" : 1183619.455556,
        "bw_dev" : 59728.305228,
        "bw_samples" : 180,
        "iops_min" : 2260,
        "iops_max" : 3146,
        "iops_mean" : 2311.750000,
        "iops_stddev" : 116.657828,
        "iops_samples" : 180
      },
      "job_runtime" : 90006,
      "usr_cpu" : 0.331089,
      "sys_cpu" : 5.884052,
      "ctx" : 204152,
      "majf" : 0,
      "minf" : 2057,
      "iodepth_level" : {
        "1" : 0.100000,
        "2" : 0.100000,
        "4" : 0.100000,
        "8" : 0.100000,
        "16" : 99.992791,
        "32" : 0.000000,
        ">=64" : 0.000000
      },
      "iodepth_submit" : {
        "0" : 0.000000,
        "4" : 100.000000,
        "8" : 0.000000,
        "16" : 0.000000,
        "32" : 0.000000,
        "64" : 0.000000,
        ">=64" : 0.000000
      },
      "iodepth_complete" : {
        "0" : 0.000000,
        "4" : 99.999519,
        "8" : 0.000000,
        "16" : 0.100000,
        "32" : 0.000000,
        "64" : 0.000000,
        ">=64" : 0.000000
      },
      "latency_ns" : {
        "2" : 0.000000,
        "4" : 0.000000,
        "10" : 0.000000,
        "20" : 0.000000,
        "50" : 0.000000,
        "100" : 0.000000,
        "250" : 0.000000,
        "500" : 0.000000,
        "750" : 0.000000,
        "1000" : 0.000000
      },
      "latency_us" : {
        "2" : 0.000000,
        "4" : 0.000000,
        "10" : 0.000000,
        "20" : 0.000000,
        "50" : 0.000000,
        "100" : 0.000000,
        "250" : 0.000000,
        "500" : 0.000000,
        "750" : 0.000000,
        "1000" : 0.000000
      },
      "latency_ms" : {
        "2" : 0.132161,
        "4" : 1.327855,
        "10" : 98.536140,
        "20" : 0.010000,
        "50" : 0.000000,
        "100" : 0.000000,
        "250" : 0.000000,
        "500" : 0.000000,
        "750" : 0.000000,
        "1000" : 0.000000,
        "2000" : 0.000000,
        ">=2000" : 0.000000
      },
      "latency_depth" : 16,
      "latency_target" : 0,
      "latency_percentile" : 100.000000,
      "latency_window" : 0
    }
  ],
  "disk_util" : [
    {
      "name" : "nvme0n1",
      "read_ios" : 207836,
      "write_ios" : 0,
      "read_merges" : 0,
      "write_merges" : 0,
      "read_ticks" : 1434556,
      "write_ticks" : 0,
      "in_queue" : 822676,
      "util" : 99.938861
    }
  ]
}
