{
  "fio version" : "fio-3.16",
  "timestamp" : 1601063869,
  "timestamp_ms" : 1601063869680,
  "time" : "Fri Sep 25 15:57:49 2020",
  "global options" : {
    "unified_rw_reporting" : "1",
    "time_based" : "1",
    "runtime" : "90",
    "directory" : "/media/auto/work/tmp",
    "filename" : "testfile.dat",
    "filesize" : "20GiB",
    "direct" : "1",
    "ioengine" : "libaio"
  },
  "jobs" : [
    {
      "jobname" : "jobname",
      "groupid" : 0,
      "error" : 0,
      "eta" : 0,
      "elapsed" : 91,
      "job options" : {
        "name" : "jobname",
        "iodepth" : "1",
        "bs" : "4k",
        "rw" : "read"
      },
      "mixed" : {
        "io_bytes" : 27694817280,
        "io_kbytes" : 27045720,
        "bw_bytes" : 307716772,
        "bw" : 300504,
        "iops" : 75126.165265,
        "runtime" : 90001,
        "total_ios" : 6761430,
        "short_ios" : 0,
        "drop_ios" : 0,
        "slat_ns" : {
          "min" : 1472,
          "max" : 236163,
          "mean" : 2195.982607,
          "stddev" : 397.078461
        },
        "clat_ns" : {
          "min" : 390,
          "max" : 425489,
          "mean" : 10617.084810,
          "stddev" : 2699.585183,
          "percentile" : {
            "1.000000" : 9792,
            "5.000000" : 9920,
            "10.000000" : 9920,
            "20.000000" : 10048,
            "30.000000" : 10048,
            "40.000000" : 10176,
            "50.000000" : 10176,
            "60.000000" : 10304,
            "70.000000" : 10432,
            "80.000000" : 10560,
            "90.000000" : 11456,
            "95.000000" : 13120,
            "99.000000" : 13760,
            "99.500000" : 16768,
            "99.900000" : 25216,
            "99.950000" : 78336,
            "99.990000" : 138240
          }
        },
        "lat_ns" : {
          "min" : 10519,
          "max" : 427683,
          "mean" : 12900.332696,
          "stddev" : 2756.636065
        },
        "bw_min" : 294368,
        "bw_max" : 306496,
        "bw_agg" : 99.989017,
        "bw_mean" : 300470.994413,
        "bw_dev" : 2396.316718,
        "bw_samples" : 179,
        "iops_min" : 73592,
        "iops_max" : 76624,
        "iops_mean" : 75117.726257,
        "iops_stddev" : 599.090948,
        "iops_samples" : 179
      },
      "job_runtime" : 90000,
      "usr_cpu" : 8.925556,
      "sys_cpu" : 25.473333,
      "ctx" : 6761692,
      "majf" : 0,
      "minf" : 13,
      "iodepth_level" : {
        "1" : 100.000000,
        "2" : 0.000000,
        "4" : 0.000000,
        "8" : 0.000000,
        "16" : 0.000000,
        "32" : 0.000000,
        ">=64" : 0.000000
      },
      "iodepth_submit" : {
        "0" : 0.000000,
        "4" : 100.000000,
        "8" : 0.000000,
        "16" : 0.000000,
        "32" : 0.000000,
        "64" : 0.000000,
        ">=64" : 0.000000
      },
      "iodepth_complete" : {
        "0" : 0.000000,
        "4" : 100.000000,
        "8" : 0.000000,
        "16" : 0.000000,
        "32" : 0.000000,
        "64" : 0.000000,
        ">=64" : 0.000000
      },
      "latency_ns" : {
        "2" : 0.000000,
        "4" : 0.000000,
        "10" : 0.000000,
        "20" : 0.000000,
        "50" : 0.000000,
        "100" : 0.000000,
        "250" : 0.000000,
        "500" : 0.010000,
        "750" : 0.010000,
        "1000" : 0.010000
      },
      "latency_us" : {
        "2" : 0.010000,
        "4" : 0.010000,
        "10" : 17.356491,
        "20" : 82.185795,
        "50" : 0.369094,
        "100" : 0.071435,
        "250" : 0.013932,
        "500" : 0.010000,
        "750" : 0.000000,
        "1000" : 0.000000
      },
      "latency_ms" : {
        "2" : 0.000000,
        "4" : 0.000000,
        "10" : 0.000000,
        "20" : 0.000000,
        "50" : 0.000000,
        "100" : 0.000000,
        "250" : 0.000000,
        "500" : 0.000000,
        "750" : 0.000000,
        "1000" : 0.000000,
        "2000" : 0.000000,
        ">=2000" : 0.000000
      },
      "latency_depth" : 1,
      "latency_target" : 0,
      "latency_percentile" : 100.000000,
      "latency_window" : 0
    }
  ],
  "disk_util" : [
    {
      "name" : "nvme0n1",
      "read_ios" : 6753930,
      "write_ios" : 0,
      "read_merges" : 0,
      "write_merges" : 0,
      "read_ticks" : 70421,
      "write_ticks" : 0,
      "in_queue" : 0,
      "util" : 99.945527
    }
  ]
}
