{
  "fio version" : "fio-3.16",
  "timestamp" : 1601068729,
  "timestamp_ms" : 1601068729489,
  "time" : "Fri Sep 25 17:18:49 2020",
  "global options" : {
    "unified_rw_reporting" : "1",
    "time_based" : "1",
    "runtime" : "90",
    "directory" : "/media/auto/work/tmp",
    "filename" : "testfile.dat",
    "filesize" : "20GiB",
    "direct" : "1",
    "ioengine" : "libaio"
  },
  "jobs" : [
    {
      "jobname" : "jobname",
      "groupid" : 0,
      "error" : 0,
      "eta" : 0,
      "elapsed" : 91,
      "job options" : {
        "name" : "jobname",
        "iodepth" : "1",
        "bs" : "256k",
        "rw" : "read"
      },
      "mixed" : {
        "io_bytes" : 223374737408,
        "io_kbytes" : 218139392,
        "bw_bytes" : 2481941526,
        "bw" : 2423771,
        "iops" : 9467.855556,
        "runtime" : 90000,
        "total_ios" : 852107,
        "short_ios" : 0,
        "drop_ios" : 0,
        "slat_ns" : {
          "min" : 10510,
          "max" : 152065,
          "mean" : 12823.301599,
          "stddev" : 1802.485520
        },
        "clat_ns" : {
          "min" : 47169,
          "max" : 1922839,
          "mean" : 92195.926213,
          "stddev" : 29727.205794,
          "percentile" : {
            "1.000000" : 82432,
            "5.000000" : 83456,
            "10.000000" : 83456,
            "20.000000" : 83456,
            "30.000000" : 84480,
            "40.000000" : 84480,
            "50.000000" : 84480,
            "60.000000" : 84480,
            "70.000000" : 84480,
            "80.000000" : 85504,
            "90.000000" : 89600,
            "95.000000" : 162816,
            "99.000000" : 242688,
            "99.500000" : 264192,
            "99.900000" : 309248,
            "99.950000" : 329728,
            "99.990000" : 370688
          }
        },
        "lat_ns" : {
          "min" : 92814,
          "max" : 1937987,
          "mean" : 105127.709460,
          "stddev" : 29845.820000
        },
        "bw_min" : 2334208,
        "bw_max" : 2494976,
        "bw_agg" : 99.999935,
        "bw_mean" : 2423769.435754,
        "bw_dev" : 36482.240984,
        "bw_samples" : 179,
        "iops_min" : 9118,
        "iops_max" : 9746,
        "iops_mean" : 9467.837989,
        "iops_stddev" : 142.504254,
        "iops_samples" : 179
      },
      "job_runtime" : 90000,
      "usr_cpu" : 1.291111,
      "sys_cpu" : 13.623333,
      "ctx" : 852370,
      "majf" : 0,
      "minf" : 77,
      "iodepth_level" : {
        "1" : 100.000000,
        "2" : 0.000000,
        "4" : 0.000000,
        "8" : 0.000000,
        "16" : 0.000000,
        "32" : 0.000000,
        ">=64" : 0.000000
      },
      "iodepth_submit" : {
        "0" : 0.000000,
        "4" : 100.000000,
        "8" : 0.000000,
        "16" : 0.000000,
        "32" : 0.000000,
        "64" : 0.000000,
        ">=64" : 0.000000
      },
      "iodepth_complete" : {
        "0" : 0.000000,
        "4" : 100.000000,
        "8" : 0.000000,
        "16" : 0.000000,
        "32" : 0.000000,
        "64" : 0.000000,
        ">=64" : 0.000000
      },
      "latency_ns" : {
        "2" : 0.000000,
        "4" : 0.000000,
        "10" : 0.000000,
        "20" : 0.000000,
        "50" : 0.000000,
        "100" : 0.000000,
        "250" : 0.000000,
        "500" : 0.000000,
        "750" : 0.000000,
        "1000" : 0.000000
      },
      "latency_us" : {
        "2" : 0.000000,
        "4" : 0.000000,
        "10" : 0.000000,
        "20" : 0.000000,
        "50" : 0.010000,
        "100" : 91.658442,
        "250" : 7.504574,
        "500" : 0.836515,
        "750" : 0.010000,
        "1000" : 0.000000
      },
      "latency_ms" : {
        "2" : 0.010000,
        "4" : 0.000000,
        "10" : 0.000000,
        "20" : 0.000000,
        "50" : 0.000000,
        "100" : 0.000000,
        "250" : 0.000000,
        "500" : 0.000000,
        "750" : 0.000000,
        "1000" : 0.000000,
        "2000" : 0.000000,
        ">=2000" : 0.000000
      },
      "latency_depth" : 1,
      "latency_target" : 0,
      "latency_percentile" : 100.000000,
      "latency_window" : 0
    }
  ],
  "disk_util" : [
    {
      "name" : "nvme0n1",
      "read_ios" : 851235,
      "write_ios" : 0,
      "read_merges" : 0,
      "write_merges" : 0,
      "read_ticks" : 81964,
      "write_ticks" : 0,
      "in_queue" : 0,
      "util" : 99.934417
    }
  ]
}
