{
  "fio version" : "fio-3.16",
  "timestamp" : 1601045413,
  "timestamp_ms" : 1601045413039,
  "time" : "Fri Sep 25 10:50:13 2020",
  "global options" : {
    "unified_rw_reporting" : "1",
    "time_based" : "1",
    "runtime" : "90",
    "directory" : "/media/auto/work/tmp",
    "filename" : "testfile.dat",
    "filesize" : "20GiB",
    "direct" : "1",
    "ioengine" : "libaio"
  },
  "jobs" : [
    {
      "jobname" : "jobname",
      "groupid" : 0,
      "error" : 0,
      "eta" : 0,
      "elapsed" : 91,
      "job options" : {
        "name" : "jobname",
        "iodepth" : "20",
        "bs" : "8k",
        "rw" : "write"
      },
      "mixed" : {
        "io_bytes" : 72986370048,
        "io_kbytes" : 71275752,
        "bw_bytes" : 810473383,
        "bw" : 791477,
        "iops" : 98934.739157,
        "runtime" : 90054,
        "total_ios" : 8909469,
        "short_ios" : 0,
        "drop_ios" : 0,
        "slat_ns" : {
          "min" : 1533,
          "max" : 392546,
          "mean" : 3600.853420,
          "stddev" : 1449.566345
        },
        "clat_ns" : {
          "min" : 13155,
          "max" : 65523534,
          "mean" : 197975.541570,
          "stddev" : 474951.504092,
          "percentile" : {
            "1.000000" : 59136,
            "5.000000" : 61184,
            "10.000000" : 62720,
            "20.000000" : 72192,
            "30.000000" : 90624,
            "40.000000" : 95744,
            "50.000000" : 107008,
            "60.000000" : 122368,
            "70.000000" : 152576,
            "80.000000" : 240640,
            "90.000000" : 436224,
            "95.000000" : 651264,
            "99.000000" : 1253376,
            "99.500000" : 1466368,
            "99.900000" : 2039808,
            "99.950000" : 2146304,
            "99.990000" : 11730944
          }
        },
        "lat_ns" : {
          "min" : 18244,
          "max" : 65526881,
          "mean" : 201696.558340,
          "stddev" : 474926.928188
        },
        "bw_min" : 620623,
        "bw_max" : 2311216,
        "bw_agg" : 100.000000,
        "bw_mean" : 791913.888889,
        "bw_dev" : 411818.549149,
        "bw_samples" : 180,
        "iops_min" : 77577,
        "iops_max" : 288902,
        "iops_mean" : 98989.261111,
        "iops_stddev" : 51477.352562,
        "iops_samples" : 180
      },
      "job_runtime" : 90053,
      "usr_cpu" : 10.820295,
      "sys_cpu" : 36.555140,
      "ctx" : 755250,
      "majf" : 0,
      "minf" : 11,
      "iodepth_level" : {
        "1" : 0.100000,
        "2" : 0.100000,
        "4" : 0.100000,
        "8" : 0.100000,
        "16" : 99.999327,
        "32" : 0.000000,
        ">=64" : 0.000000
      },
      "iodepth_submit" : {
        "0" : 0.000000,
        "4" : 100.000000,
        "8" : 0.000000,
        "16" : 0.000000,
        "32" : 0.000000,
        "64" : 0.000000,
        ">=64" : 0.000000
      },
      "iodepth_complete" : {
        "0" : 0.000000,
        "4" : 99.999955,
        "8" : 0.000000,
        "16" : 0.000000,
        "32" : 0.100000,
        "64" : 0.000000,
        ">=64" : 0.000000
      },
      "latency_ns" : {
        "2" : 0.000000,
        "4" : 0.000000,
        "10" : 0.000000,
        "20" : 0.000000,
        "50" : 0.000000,
        "100" : 0.000000,
        "250" : 0.000000,
        "500" : 0.000000,
        "750" : 0.000000,
        "1000" : 0.000000
      },
      "latency_us" : {
        "2" : 0.000000,
        "4" : 0.000000,
        "10" : 0.000000,
        "20" : 0.010000,
        "50" : 0.010000,
        "100" : 44.010928,
        "250" : 36.622878,
        "500" : 11.261535,
        "750" : 4.315779,
        "1000" : 1.835530
      },
      "latency_ms" : {
        "2" : 1.828717,
        "4" : 0.108547,
        "10" : 0.010000,
        "20" : 0.010000,
        "50" : 0.010000,
        "100" : 0.010000,
        "250" : 0.000000,
        "500" : 0.000000,
        "750" : 0.000000,
        "1000" : 0.000000,
        "2000" : 0.000000,
        ">=2000" : 0.000000
      },
      "latency_depth" : 20,
      "latency_target" : 0,
      "latency_percentile" : 100.000000,
      "latency_window" : 0
    }
  ],
  "disk_util" : [
    {
      "name" : "nvme0n1",
      "read_ios" : 0,
      "write_ios" : 8902006,
      "read_merges" : 0,
      "write_merges" : 17,
      "read_ticks" : 0,
      "write_ticks" : 1475220,
      "in_queue" : 33504,
      "util" : 98.347025
    }
  ]
}
