{
  "fio version" : "fio-3.16",
  "timestamp" : 1600552624,
  "timestamp_ms" : 1600552624459,
  "time" : "Sat Sep 19 17:57:04 2020",
  "global options" : {
    "unified_rw_reporting" : "1",
    "time_based" : "1",
    "runtime" : "90",
    "directory" : "/media/auto/work/tmp",
    "filename" : "testfile.dat",
    "filesize" : "20GiB",
    "direct" : "1",
    "ioengine" : "libaio"
  },
  "jobs" : [
    {
      "jobname" : "jobname",
      "groupid" : 0,
      "error" : 0,
      "eta" : 0,
      "elapsed" : 91,
      "job options" : {
        "name" : "jobname",
        "iodepth" : "4",
        "bs" : "256k",
        "rw" : "randwrite"
      },
      "mixed" : {
        "io_bytes" : 65567457280,
        "io_kbytes" : 64030720,
        "bw_bytes" : 728058110,
        "bw" : 710994,
        "iops" : 2777.321282,
        "runtime" : 90058,
        "total_ios" : 250120,
        "short_ios" : 0,
        "drop_ios" : 0,
        "slat_ns" : {
          "min" : 7434,
          "max" : 97894,
          "mean" : 15497.654766,
          "stddev" : 2353.074966
        },
        "clat_ns" : {
          "min" : 90120,
          "max" : 129752388,
          "mean" : 1423854.486003,
          "stddev" : 1432458.678259,
          "percentile" : {
            "1.000000" : 317440,
            "5.000000" : 358400,
            "10.000000" : 432128,
            "20.000000" : 643072,
            "30.000000" : 970752,
            "40.000000" : 1220608,
            "50.000000" : 1433600,
            "60.000000" : 1630208,
            "70.000000" : 1794048,
            "80.000000" : 1974272,
            "90.000000" : 2179072,
            "95.000000" : 2408448,
            "99.000000" : 3391488,
            "99.500000" : 3817472,
            "99.900000" : 7045120,
            "99.950000" : 24248320,
            "99.990000" : 60555264
          }
        },
        "lat_ns" : {
          "min" : 130926,
          "max" : 129769119,
          "mean" : 1439486.704274,
          "stddev" : 1432643.306976
        },
        "bw_min" : 359423,
        "bw_max" : 2320896,
        "bw_agg" : 100.000000,
        "bw_mean" : 711404.300000,
        "bw_dev" : 313574.011609,
        "bw_samples" : 180,
        "iops_min" : 1403,
        "iops_max" : 9066,
        "iops_mean" : 2778.900000,
        "iops_stddev" : 1224.902491,
        "iops_samples" : 180
      },
      "job_runtime" : 90057,
      "usr_cpu" : 1.042673,
      "sys_cpu" : 4.320597,
      "ctx" : 250164,
      "majf" : 0,
      "minf" : 10,
      "iodepth_level" : {
        "1" : 0.100000,
        "2" : 0.100000,
        "4" : 99.998801,
        "8" : 0.000000,
        "16" : 0.000000,
        "32" : 0.000000,
        ">=64" : 0.000000
      },
      "iodepth_submit" : {
        "0" : 0.000000,
        "4" : 100.000000,
        "8" : 0.000000,
        "16" : 0.000000,
        "32" : 0.000000,
        "64" : 0.000000,
        ">=64" : 0.000000
      },
      "iodepth_complete" : {
        "0" : 0.000000,
        "4" : 100.000000,
        "8" : 0.000000,
        "16" : 0.000000,
        "32" : 0.000000,
        "64" : 0.000000,
        ">=64" : 0.000000
      },
      "latency_ns" : {
        "2" : 0.000000,
        "4" : 0.000000,
        "10" : 0.000000,
        "20" : 0.000000,
        "50" : 0.000000,
        "100" : 0.000000,
        "250" : 0.000000,
        "500" : 0.000000,
        "750" : 0.000000,
        "1000" : 0.000000
      },
      "latency_us" : {
        "2" : 0.000000,
        "4" : 0.000000,
        "10" : 0.000000,
        "20" : 0.000000,
        "50" : 0.000000,
        "100" : 0.010000,
        "250" : 0.010000,
        "500" : 14.737326,
        "750" : 8.308812,
        "1000" : 7.880217
      },
      "latency_ms" : {
        "2" : 50.796018,
        "4" : 17.916600,
        "10" : 0.273069,
        "20" : 0.018391,
        "50" : 0.042380,
        "100" : 0.015992,
        "250" : 0.010000,
        "500" : 0.000000,
        "750" : 0.000000,
        "1000" : 0.000000,
        "2000" : 0.000000,
        ">=2000" : 0.000000
      },
      "latency_depth" : 4,
      "latency_target" : 0,
      "latency_percentile" : 100.000000,
      "latency_window" : 0
    }
  ],
  "disk_util" : [
    {
      "name" : "nvme0n1",
      "read_ios" : 0,
      "write_ios" : 249884,
      "read_merges" : 0,
      "write_merges" : 17,
      "read_ticks" : 0,
      "write_ticks" : 357742,
      "in_queue" : 10920,
      "util" : 98.152471
    }
  ]
}
