{
  "fio version" : "fio-3.16",
  "timestamp" : 1601060335,
  "timestamp_ms" : 1601060335236,
  "time" : "Fri Sep 25 14:58:55 2020",
  "global options" : {
    "unified_rw_reporting" : "1",
    "time_based" : "1",
    "runtime" : "90",
    "directory" : "/media/auto/work/tmp",
    "filename" : "testfile.dat",
    "filesize" : "20GiB",
    "direct" : "1",
    "ioengine" : "libaio"
  },
  "jobs" : [
    {
      "jobname" : "jobname",
      "groupid" : 0,
      "error" : 0,
      "eta" : 0,
      "elapsed" : 91,
      "job options" : {
        "name" : "jobname",
        "iodepth" : "2",
        "bs" : "32k",
        "rw" : "randread"
      },
      "mixed" : {
        "io_bytes" : 33807564800,
        "io_kbytes" : 33015200,
        "bw_bytes" : 375635435,
        "bw" : 366831,
        "iops" : 11463.483739,
        "runtime" : 90001,
        "total_ios" : 1031725,
        "short_ios" : 0,
        "drop_ios" : 0,
        "slat_ns" : {
          "min" : 2224,
          "max" : 50224,
          "mean" : 4311.701878,
          "stddev" : 740.072885
        },
        "clat_ns" : {
          "min" : 19878,
          "max" : 1427549,
          "mean" : 169427.569800,
          "stddev" : 33536.925219,
          "percentile" : {
            "1.000000" : 128512,
            "5.000000" : 129536,
            "10.000000" : 132096,
            "20.000000" : 136192,
            "30.000000" : 158720,
            "40.000000" : 160768,
            "50.000000" : 160768,
            "60.000000" : 164864,
            "70.000000" : 173056,
            "80.000000" : 193536,
            "90.000000" : 220160,
            "95.000000" : 238592,
            "99.000000" : 268288,
            "99.500000" : 280576,
            "99.900000" : 313344,
            "99.950000" : 325632,
            "99.990000" : 354304
          }
        },
        "lat_ns" : {
          "min" : 24066,
          "max" : 1448859,
          "mean" : 173852.476051,
          "stddev" : 33524.022768
        },
        "bw_min" : 364032,
        "bw_max" : 381888,
        "bw_agg" : 99.992257,
        "bw_mean" : 366802.594444,
        "bw_dev" : 1711.617758,
        "bw_samples" : 180,
        "iops_min" : 11378,
        "iops_max" : 11934,
        "iops_mean" : 11462.572222,
        "iops_stddev" : 53.465807,
        "iops_samples" : 180
      },
      "job_runtime" : 90000,
      "usr_cpu" : 1.551111,
      "sys_cpu" : 7.008889,
      "ctx" : 1004880,
      "majf" : 0,
      "minf" : 28,
      "iodepth_level" : {
        "1" : 0.100000,
        "2" : 99.999903,
        "4" : 0.000000,
        "8" : 0.000000,
        "16" : 0.000000,
        "32" : 0.000000,
        ">=64" : 0.000000
      },
      "iodepth_submit" : {
        "0" : 0.000000,
        "4" : 100.000000,
        "8" : 0.000000,
        "16" : 0.000000,
        "32" : 0.000000,
        "64" : 0.000000,
        ">=64" : 0.000000
      },
      "iodepth_complete" : {
        "0" : 0.000000,
        "4" : 100.000000,
        "8" : 0.000000,
        "16" : 0.000000,
        "32" : 0.000000,
        "64" : 0.000000,
        ">=64" : 0.000000
      },
      "latency_ns" : {
        "2" : 0.000000,
        "4" : 0.000000,
        "10" : 0.000000,
        "20" : 0.000000,
        "50" : 0.000000,
        "100" : 0.000000,
        "250" : 0.000000,
        "500" : 0.000000,
        "750" : 0.000000,
        "1000" : 0.000000
      },
      "latency_us" : {
        "2" : 0.000000,
        "4" : 0.000000,
        "10" : 0.000000,
        "20" : 0.010000,
        "50" : 0.000000,
        "100" : 0.010000,
        "250" : 96.927185,
        "500" : 3.065158,
        "750" : 0.010000,
        "1000" : 0.000000
      },
      "latency_ms" : {
        "2" : 0.010000,
        "4" : 0.000000,
        "10" : 0.000000,
        "20" : 0.000000,
        "50" : 0.000000,
        "100" : 0.000000,
        "250" : 0.000000,
        "500" : 0.000000,
        "750" : 0.000000,
        "1000" : 0.000000,
        "2000" : 0.000000,
        ">=2000" : 0.000000
      },
      "latency_depth" : 2,
      "latency_target" : 0,
      "latency_percentile" : 100.000000,
      "latency_window" : 0
    }
  ],
  "disk_util" : [
    {
      "name" : "nvme0n1",
      "read_ios" : 1030579,
      "write_ios" : 0,
      "read_merges" : 0,
      "write_merges" : 0,
      "read_ticks" : 174865,
      "write_ticks" : 0,
      "in_queue" : 0,
      "util" : 99.935528
    }
  ]
}
