{
  "fio version" : "fio-3.16",
  "timestamp" : 1601050370,
  "timestamp_ms" : 1601050370699,
  "time" : "Fri Sep 25 12:12:50 2020",
  "global options" : {
    "unified_rw_reporting" : "1",
    "time_based" : "1",
    "runtime" : "90",
    "directory" : "/media/auto/work/tmp",
    "filename" : "testfile.dat",
    "filesize" : "20GiB",
    "direct" : "1",
    "ioengine" : "libaio"
  },
  "jobs" : [
    {
      "jobname" : "jobname",
      "groupid" : 0,
      "error" : 0,
      "eta" : 0,
      "elapsed" : 91,
      "job options" : {
        "name" : "jobname",
        "iodepth" : "6",
        "bs" : "32k",
        "rw" : "randwrite"
      },
      "mixed" : {
        "io_bytes" : 64539983872,
        "io_kbytes" : 63027328,
        "bw_bytes" : 716585435,
        "bw" : 699790,
        "iops" : 21868.452024,
        "runtime" : 90066,
        "total_ios" : 1969604,
        "short_ios" : 0,
        "drop_ios" : 0,
        "slat_ns" : {
          "min" : 2425,
          "max" : 237646,
          "mean" : 4660.053829,
          "stddev" : 1151.535386
        },
        "clat_ns" : {
          "min" : 26900,
          "max" : 69914855,
          "mean" : 268982.404512,
          "stddev" : 709682.624336,
          "percentile" : {
            "1.000000" : 51456,
            "5.000000" : 61184,
            "10.000000" : 66048,
            "20.000000" : 73216,
            "30.000000" : 84480,
            "40.000000" : 111104,
            "50.000000" : 146432,
            "60.000000" : 189440,
            "70.000000" : 257024,
            "80.000000" : 370688,
            "90.000000" : 593920,
            "95.000000" : 856064,
            "99.000000" : 1548288,
            "99.500000" : 1777664,
            "99.900000" : 2375680,
            "99.950000" : 3391488,
            "99.990000" : 36438016
          }
        },
        "lat_ns" : {
          "min" : 31158,
          "max" : 69960350,
          "mean" : 273759.425090,
          "stddev" : 709817.376242
        },
        "bw_min" : 7743,
        "bw_max" : 2177280,
        "bw_agg" : 100.000000,
        "bw_mean" : 700272.100000,
        "bw_dev" : 304193.131740,
        "bw_samples" : 180,
        "iops_min" : 241,
        "iops_max" : 68040,
        "iops_mean" : 21883.488889,
        "iops_stddev" : 9506.036941,
        "iops_samples" : 180
      },
      "job_runtime" : 90065,
      "usr_cpu" : 3.568534,
      "sys_cpu" : 13.050575,
      "ctx" : 1883630,
      "majf" : 0,
      "minf" : 10,
      "iodepth_level" : {
        "1" : 0.100000,
        "2" : 0.100000,
        "4" : 99.999848,
        "8" : 0.000000,
        "16" : 0.000000,
        "32" : 0.000000,
        ">=64" : 0.000000
      },
      "iodepth_submit" : {
        "0" : 0.000000,
        "4" : 100.000000,
        "8" : 0.000000,
        "16" : 0.000000,
        "32" : 0.000000,
        "64" : 0.000000,
        ">=64" : 0.000000
      },
      "iodepth_complete" : {
        "0" : 0.000000,
        "4" : 99.999949,
        "8" : 0.100000,
        "16" : 0.000000,
        "32" : 0.000000,
        "64" : 0.000000,
        ">=64" : 0.000000
      },
      "latency_ns" : {
        "2" : 0.000000,
        "4" : 0.000000,
        "10" : 0.000000,
        "20" : 0.000000,
        "50" : 0.000000,
        "100" : 0.000000,
        "250" : 0.000000,
        "500" : 0.000000,
        "750" : 0.000000,
        "1000" : 0.000000
      },
      "latency_us" : {
        "2" : 0.000000,
        "4" : 0.000000,
        "10" : 0.000000,
        "20" : 0.000000,
        "50" : 0.448821,
        "100" : 35.519170,
        "250" : 33.314057,
        "500" : 17.387251,
        "750" : 6.795630,
        "1000" : 2.996643
      },
      "latency_ms" : {
        "2" : 3.271064,
        "4" : 0.225121,
        "10" : 0.010000,
        "20" : 0.010000,
        "50" : 0.020715,
        "100" : 0.010000,
        "250" : 0.000000,
        "500" : 0.000000,
        "750" : 0.000000,
        "1000" : 0.000000,
        "2000" : 0.000000,
        ">=2000" : 0.000000
      },
      "latency_depth" : 6,
      "latency_target" : 0,
      "latency_percentile" : 100.000000,
      "latency_window" : 0
    }
  ],
  "disk_util" : [
    {
      "name" : "nvme0n1",
      "read_ios" : 0,
      "write_ios" : 1967508,
      "read_merges" : 0,
      "write_merges" : 17,
      "read_ticks" : 0,
      "write_ticks" : 530813,
      "in_queue" : 21900,
      "util" : 97.299941
    }
  ]
}
