{
  "fio version" : "fio-3.16",
  "timestamp" : 1600549101,
  "timestamp_ms" : 1600549101640,
  "time" : "Sat Sep 19 16:58:21 2020",
  "global options" : {
    "unified_rw_reporting" : "1",
    "time_based" : "1",
    "runtime" : "90",
    "directory" : "/media/auto/work/tmp",
    "filename" : "testfile.dat",
    "filesize" : "20GiB",
    "direct" : "1",
    "ioengine" : "libaio"
  },
  "jobs" : [
    {
      "jobname" : "jobname",
      "groupid" : 0,
      "error" : 0,
      "eta" : 0,
      "elapsed" : 91,
      "job options" : {
        "name" : "jobname",
        "iodepth" : "8",
        "bs" : "32k",
        "rw" : "write"
      },
      "mixed" : {
        "io_bytes" : 73508814848,
        "io_kbytes" : 71785952,
        "bw_bytes" : 816220462,
        "bw" : 797090,
        "iops" : 24909.071730,
        "runtime" : 90060,
        "total_ios" : 2243311,
        "short_ios" : 0,
        "drop_ios" : 0,
        "slat_ns" : {
          "min" : 2374,
          "max" : 82976,
          "mean" : 4448.678877,
          "stddev" : 1027.336637
        },
        "clat_ns" : {
          "min" : 33844,
          "max" : 68017255,
          "mean" : 316129.163388,
          "stddev" : 582651.731953,
          "percentile" : {
            "1.000000" : 71168,
            "5.000000" : 81408,
            "10.000000" : 86528,
            "20.000000" : 93696,
            "30.000000" : 104960,
            "40.000000" : 134144,
            "50.000000" : 179200,
            "60.000000" : 240640,
            "70.000000" : 333824,
            "80.000000" : 477184,
            "90.000000" : 716800,
            "95.000000" : 987136,
            "99.000000" : 1581056,
            "99.500000" : 1826816,
            "99.900000" : 2244608,
            "99.950000" : 2637824,
            "99.990000" : 20578304
          }
        },
        "lat_ns" : {
          "min" : 39203,
          "max" : 68022094,
          "mean" : 320685.960071,
          "stddev" : 582699.071163
        },
        "bw_min" : 616383,
        "bw_max" : 2474368,
        "bw_agg" : 100.000000,
        "bw_mean" : 797589.272222,
        "bw_dev" : 449458.121301,
        "bw_samples" : 180,
        "iops_min" : 19261,
        "iops_max" : 77324,
        "iops_mean" : 24924.650000,
        "iops_stddev" : 14045.570329,
        "iops_samples" : 180
      },
      "job_runtime" : 90059,
      "usr_cpu" : 3.764199,
      "sys_cpu" : 14.275086,
      "ctx" : 2155603,
      "majf" : 0,
      "minf" : 12,
      "iodepth_level" : {
        "1" : 0.100000,
        "2" : 0.100000,
        "4" : 0.100000,
        "8" : 99.998752,
        "16" : 0.000000,
        "32" : 0.000000,
        ">=64" : 0.000000
      },
      "iodepth_submit" : {
        "0" : 0.000000,
        "4" : 100.000000,
        "8" : 0.000000,
        "16" : 0.000000,
        "32" : 0.000000,
        "64" : 0.000000,
        ">=64" : 0.000000
      },
      "iodepth_complete" : {
        "0" : 0.000000,
        "4" : 99.999822,
        "8" : 0.100000,
        "16" : 0.000000,
        "32" : 0.000000,
        "64" : 0.000000,
        ">=64" : 0.000000
      },
      "latency_ns" : {
        "2" : 0.000000,
        "4" : 0.000000,
        "10" : 0.000000,
        "20" : 0.000000,
        "50" : 0.000000,
        "100" : 0.000000,
        "250" : 0.000000,
        "500" : 0.000000,
        "750" : 0.000000,
        "1000" : 0.000000
      },
      "latency_us" : {
        "2" : 0.000000,
        "4" : 0.000000,
        "10" : 0.000000,
        "20" : 0.000000,
        "50" : 0.010000,
        "100" : 26.826062,
        "250" : 34.507966,
        "500" : 20.024241,
        "750" : 9.429500,
        "1000" : 4.391544
      },
      "latency_ms" : {
        "2" : 4.494651,
        "4" : 0.300984,
        "10" : 0.010000,
        "20" : 0.010000,
        "50" : 0.010000,
        "100" : 0.010000,
        "250" : 0.000000,
        "500" : 0.000000,
        "750" : 0.000000,
        "1000" : 0.000000,
        "2000" : 0.000000,
        ">=2000" : 0.000000
      },
      "latency_depth" : 8,
      "latency_target" : 0,
      "latency_percentile" : 100.000000,
      "latency_window" : 0
    }
  ],
  "disk_util" : [
    {
      "name" : "nvme0n1",
      "read_ios" : 0,
      "write_ios" : 2241283,
      "read_merges" : 0,
      "write_merges" : 17,
      "read_ticks" : 0,
      "write_ticks" : 710078,
      "in_queue" : 12436,
      "util" : 98.588230
    }
  ]
}
