{
  "fio version" : "fio-3.16",
  "timestamp" : 1600550536,
  "timestamp_ms" : 1600550536860,
  "time" : "Sat Sep 19 17:22:16 2020",
  "global options" : {
    "unified_rw_reporting" : "1",
    "time_based" : "1",
    "runtime" : "90",
    "directory" : "/media/auto/work/tmp",
    "filename" : "testfile.dat",
    "filesize" : "20GiB",
    "direct" : "1",
    "ioengine" : "libaio"
  },
  "jobs" : [
    {
      "jobname" : "jobname",
      "groupid" : 0,
      "error" : 0,
      "eta" : 0,
      "elapsed" : 91,
      "job options" : {
        "name" : "jobname",
        "iodepth" : "4",
        "bs" : "4k",
        "rw" : "randwrite"
      },
      "mixed" : {
        "io_bytes" : 62619480064,
        "io_kbytes" : 61151836,
        "bw_bytes" : 695764269,
        "bw" : 679457,
        "iops" : 169864.323730,
        "runtime" : 90001,
        "total_ios" : 15287959,
        "short_ios" : 0,
        "drop_ios" : 0,
        "slat_ns" : {
          "min" : 1522,
          "max" : 305262,
          "mean" : 3184.747327,
          "stddev" : 1183.939870
        },
        "clat_ns" : {
          "min" : 6582,
          "max" : 277380086,
          "mean" : 19720.401317,
          "stddev" : 192164.656936,
          "percentile" : {
            "1.000000" : 9024,
            "5.000000" : 9408,
            "10.000000" : 10048,
            "20.000000" : 10176,
            "30.000000" : 10176,
            "40.000000" : 12480,
            "50.000000" : 14016,
            "60.000000" : 14144,
            "70.000000" : 14400,
            "80.000000" : 16512,
            "90.000000" : 19840,
            "95.000000" : 21888,
            "99.000000" : 177152,
            "99.500000" : 362496,
            "99.900000" : 897024,
            "99.950000" : 1171456,
            "99.990000" : 1925120
          }
        },
        "lat_ns" : {
          "min" : 9658,
          "max" : 277384394,
          "mean" : 23005.870663,
          "stddev" : 192159.791866
        },
        "bw_min" : 108415,
        "bw_max" : 1095296,
        "bw_agg" : 100.000000,
        "bw_mean" : 679473.558659,
        "bw_dev" : 129389.266001,
        "bw_samples" : 179,
        "iops_min" : 27103,
        "iops_max" : 273824,
        "iops_mean" : 169868.374302,
        "iops_stddev" : 32347.283092,
        "iops_samples" : 179
      },
      "job_runtime" : 90000,
      "usr_cpu" : 18.361111,
      "sys_cpu" : 54.698889,
      "ctx" : 425126,
      "majf" : 0,
      "minf" : 12,
      "iodepth_level" : {
        "1" : 0.100000,
        "2" : 0.100000,
        "4" : 99.999980,
        "8" : 0.000000,
        "16" : 0.000000,
        "32" : 0.000000,
        ">=64" : 0.000000
      },
      "iodepth_submit" : {
        "0" : 0.000000,
        "4" : 100.000000,
        "8" : 0.000000,
        "16" : 0.000000,
        "32" : 0.000000,
        "64" : 0.000000,
        ">=64" : 0.000000
      },
      "iodepth_complete" : {
        "0" : 0.000000,
        "4" : 100.000000,
        "8" : 0.000000,
        "16" : 0.000000,
        "32" : 0.000000,
        "64" : 0.000000,
        ">=64" : 0.000000
      },
      "latency_ns" : {
        "2" : 0.000000,
        "4" : 0.000000,
        "10" : 0.000000,
        "20" : 0.000000,
        "50" : 0.000000,
        "100" : 0.000000,
        "250" : 0.000000,
        "500" : 0.000000,
        "750" : 0.000000,
        "1000" : 0.000000
      },
      "latency_us" : {
        "2" : 0.000000,
        "4" : 0.000000,
        "10" : 8.984044,
        "20" : 81.661012,
        "50" : 7.295133,
        "100" : 0.627239,
        "250" : 0.680863,
        "500" : 0.437338,
        "750" : 0.163835,
        "1000" : 0.074922
      },
      "latency_ms" : {
        "2" : 0.066902,
        "4" : 0.010000,
        "10" : 0.010000,
        "20" : 0.010000,
        "50" : 0.010000,
        "100" : 0.010000,
        "250" : 0.000000,
        "500" : 0.010000,
        "750" : 0.000000,
        "1000" : 0.000000,
        "2000" : 0.000000,
        ">=2000" : 0.000000
      },
      "latency_depth" : 4,
      "latency_target" : 0,
      "latency_percentile" : 100.000000,
      "latency_window" : 0
    }
  ],
  "disk_util" : [
    {
      "name" : "nvme0n1",
      "read_ios" : 0,
      "write_ios" : 15271521,
      "read_merges" : 0,
      "write_merges" : 17,
      "read_ticks" : 0,
      "write_ticks" : 245594,
      "in_queue" : 8412,
      "util" : 98.286883
    }
  ]
}
