{
  "fio version" : "fio-3.16",
  "timestamp" : 1600547926,
  "timestamp_ms" : 1600547926896,
  "time" : "Sat Sep 19 16:38:46 2020",
  "global options" : {
    "unified_rw_reporting" : "1",
    "time_based" : "1",
    "runtime" : "90",
    "directory" : "/media/auto/work/tmp",
    "filename" : "testfile.dat",
    "filesize" : "20GiB",
    "direct" : "1",
    "ioengine" : "libaio"
  },
  "jobs" : [
    {
      "jobname" : "jobname",
      "groupid" : 0,
      "error" : 0,
      "eta" : 0,
      "elapsed" : 91,
      "job options" : {
        "name" : "jobname",
        "iodepth" : "4",
        "bs" : "8k",
        "rw" : "write"
      },
      "mixed" : {
        "io_bytes" : 69640175616,
        "io_kbytes" : 68007984,
        "bw_bytes" : 773771131,
        "bw" : 755635,
        "iops" : 94454.483839,
        "runtime" : 90001,
        "total_ios" : 8500998,
        "short_ios" : 0,
        "drop_ios" : 0,
        "slat_ns" : {
          "min" : 1533,
          "max" : 257223,
          "mean" : 3575.392879,
          "stddev" : 1431.511776
        },
        "clat_ns" : {
          "min" : 6643,
          "max" : 68088108,
          "mean" : 38208.893471,
          "stddev" : 198012.184988,
          "percentile" : {
            "1.000000" : 9664,
            "5.000000" : 11200,
            "10.000000" : 11840,
            "20.000000" : 12992,
            "30.000000" : 14144,
            "40.000000" : 14528,
            "50.000000" : 14784,
            "60.000000" : 15936,
            "70.000000" : 17536,
            "80.000000" : 20352,
            "90.000000" : 27264,
            "95.000000" : 77312,
            "99.000000" : 684032,
            "99.500000" : 1089536,
            "99.900000" : 1662976,
            "99.950000" : 1859584,
            "99.990000" : 2539520
          }
        },
        "lat_ns" : {
          "min" : 10660,
          "max" : 68092427,
          "mean" : 41902.279602,
          "stddev" : 197968.516966
        },
        "bw_min" : 530687,
        "bw_max" : 2060848,
        "bw_agg" : 100.000000,
        "bw_mean" : 756240.519553,
        "bw_dev" : 384129.430307,
        "bw_samples" : 179,
        "iops_min" : 66335,
        "iops_max" : 257606,
        "iops_mean" : 94530.055866,
        "iops_stddev" : 48016.126484,
        "iops_samples" : 179
      },
      "job_runtime" : 90000,
      "usr_cpu" : 10.452222,
      "sys_cpu" : 34.933333,
      "ctx" : 1081882,
      "majf" : 0,
      "minf" : 11,
      "iodepth_level" : {
        "1" : 0.100000,
        "2" : 0.100000,
        "4" : 99.999859,
        "8" : 0.000000,
        "16" : 0.000000,
        "32" : 0.000000,
        ">=64" : 0.000000
      },
      "iodepth_submit" : {
        "0" : 0.000000,
        "4" : 100.000000,
        "8" : 0.000000,
        "16" : 0.000000,
        "32" : 0.000000,
        "64" : 0.000000,
        ">=64" : 0.000000
      },
      "iodepth_complete" : {
        "0" : 0.000000,
        "4" : 100.000000,
        "8" : 0.000000,
        "16" : 0.000000,
        "32" : 0.000000,
        "64" : 0.000000,
        ">=64" : 0.000000
      },
      "latency_ns" : {
        "2" : 0.000000,
        "4" : 0.000000,
        "10" : 0.000000,
        "20" : 0.000000,
        "50" : 0.000000,
        "100" : 0.000000,
        "250" : 0.000000,
        "500" : 0.000000,
        "750" : 0.000000,
        "1000" : 0.000000
      },
      "latency_us" : {
        "2" : 0.000000,
        "4" : 0.000000,
        "10" : 2.768816,
        "20" : 72.989418,
        "50" : 18.067267,
        "100" : 1.762981,
        "250" : 1.796660,
        "500" : 1.211622,
        "750" : 0.501388,
        "1000" : 0.317880
      },
      "latency_ms" : {
        "2" : 0.553382,
        "4" : 0.027432,
        "10" : 0.010000,
        "20" : 0.010000,
        "50" : 0.010000,
        "100" : 0.010000,
        "250" : 0.000000,
        "500" : 0.000000,
        "750" : 0.000000,
        "1000" : 0.000000,
        "2000" : 0.000000,
        ">=2000" : 0.000000
      },
      "latency_depth" : 4,
      "latency_target" : 0,
      "latency_percentile" : 100.000000,
      "latency_window" : 0
    }
  ],
  "disk_util" : [
    {
      "name" : "nvme0n1",
      "read_ios" : 0,
      "write_ios" : 8493584,
      "read_merges" : 0,
      "write_merges" : 17,
      "read_ticks" : 0,
      "write_ticks" : 304057,
      "in_queue" : 5352,
      "util" : 98.909576
    }
  ]
}
