{
  "fio version" : "fio-3.16",
  "timestamp" : 1600571103,
  "timestamp_ms" : 1600571103669,
  "time" : "Sat Sep 19 23:05:03 2020",
  "global options" : {
    "unified_rw_reporting" : "1",
    "time_based" : "1",
    "runtime" : "90",
    "directory" : "/media/auto/work/tmp",
    "filename" : "testfile.dat",
    "filesize" : "20GiB",
    "direct" : "1",
    "ioengine" : "libaio"
  },
  "jobs" : [
    {
      "jobname" : "jobname",
      "groupid" : 0,
      "error" : 0,
      "eta" : 0,
      "elapsed" : 91,
      "job options" : {
        "name" : "jobname",
        "iodepth" : "2",
        "bs" : "8k",
        "rw" : "randwrite"
      },
      "mixed" : {
        "io_bytes" : 61854457856,
        "io_kbytes" : 60404744,
        "bw_bytes" : 686821504,
        "bw" : 670724,
        "iops" : 83840.515662,
        "runtime" : 90059,
        "total_ios" : 7550593,
        "short_ios" : 0,
        "drop_ios" : 0,
        "slat_ns" : {
          "min" : 1773,
          "max" : 183865,
          "mean" : 3262.388321,
          "stddev" : 934.177178
        },
        "clat_ns" : {
          "min" : 2816,
          "max" : 61523505,
          "mean" : 19845.540906,
          "stddev" : 126417.560558,
          "percentile" : {
            "1.000000" : 10176,
            "5.000000" : 11328,
            "10.000000" : 11456,
            "20.000000" : 11712,
            "30.000000" : 11840,
            "40.000000" : 12352,
            "50.000000" : 13120,
            "60.000000" : 13376,
            "70.000000" : 13632,
            "80.000000" : 14016,
            "90.000000" : 14912,
            "95.000000" : 17792,
            "99.000000" : 205824,
            "99.500000" : 415744,
            "99.900000" : 970752,
            "99.950000" : 1220608,
            "99.990000" : 1761280
          }
        },
        "lat_ns" : {
          "min" : 11462,
          "max" : 61526510,
          "mean" : 23205.972800,
          "stddev" : 126405.973552
        },
        "bw_min" : 552479,
        "bw_max" : 897232,
        "bw_agg" : 100.000000,
        "bw_mean" : 671111.394444,
        "bw_dev" : 79842.536441,
        "bw_samples" : 180,
        "iops_min" : 69059,
        "iops_max" : 112154,
        "iops_mean" : 83888.950000,
        "iops_stddev" : 9980.351948,
        "iops_samples" : 180
      },
      "job_runtime" : 90058,
      "usr_cpu" : 12.837283,
      "sys_cpu" : 32.633414,
      "ctx" : 4186004,
      "majf" : 0,
      "minf" : 12,
      "iodepth_level" : {
        "1" : 0.100000,
        "2" : 99.999987,
        "4" : 0.000000,
        "8" : 0.000000,
        "16" : 0.000000,
        "32" : 0.000000,
        ">=64" : 0.000000
      },
      "iodepth_submit" : {
        "0" : 0.000000,
        "4" : 100.000000,
        "8" : 0.000000,
        "16" : 0.000000,
        "32" : 0.000000,
        "64" : 0.000000,
        ">=64" : 0.000000
      },
      "iodepth_complete" : {
        "0" : 0.000000,
        "4" : 100.000000,
        "8" : 0.000000,
        "16" : 0.000000,
        "32" : 0.000000,
        "64" : 0.000000,
        ">=64" : 0.000000
      },
      "latency_ns" : {
        "2" : 0.000000,
        "4" : 0.000000,
        "10" : 0.000000,
        "20" : 0.000000,
        "50" : 0.000000,
        "100" : 0.000000,
        "250" : 0.000000,
        "500" : 0.000000,
        "750" : 0.000000,
        "1000" : 0.000000
      },
      "latency_us" : {
        "2" : 0.000000,
        "4" : 0.010000,
        "10" : 0.560102,
        "20" : 95.159241,
        "50" : 2.011537,
        "100" : 0.690317,
        "250" : 0.722486,
        "500" : 0.464957,
        "750" : 0.205282,
        "1000" : 0.092748
      },
      "latency_ms" : {
        "2" : 0.087847,
        "4" : 0.010000,
        "10" : 0.010000,
        "20" : 0.010000,
        "50" : 0.010000,
        "100" : 0.010000,
        "250" : 0.000000,
        "500" : 0.000000,
        "750" : 0.000000,
        "1000" : 0.000000,
        "2000" : 0.000000,
        ">=2000" : 0.000000
      },
      "latency_depth" : 2,
      "latency_target" : 0,
      "latency_percentile" : 100.000000,
      "latency_window" : 0
    }
  ],
  "disk_util" : [
    {
      "name" : "nvme0n1",
      "read_ios" : 0,
      "write_ios" : 7542058,
      "read_merges" : 0,
      "write_merges" : 17,
      "read_ticks" : 0,
      "write_ticks" : 141886,
      "in_queue" : 2900,
      "util" : 98.947345
    }
  ]
}
