{
  "fio version" : "fio-3.16",
  "timestamp" : 1601049848,
  "timestamp_ms" : 1601049848892,
  "time" : "Fri Sep 25 12:04:08 2020",
  "global options" : {
    "unified_rw_reporting" : "1",
    "time_based" : "1",
    "runtime" : "90",
    "directory" : "/media/auto/work/tmp",
    "filename" : "testfile.dat",
    "filesize" : "20GiB",
    "direct" : "1",
    "ioengine" : "libaio"
  },
  "jobs" : [
    {
      "jobname" : "jobname",
      "groupid" : 0,
      "error" : 0,
      "eta" : 0,
      "elapsed" : 91,
      "job options" : {
        "name" : "jobname",
        "iodepth" : "12",
        "bs" : "16k",
        "rw" : "randwrite"
      },
      "mixed" : {
        "io_bytes" : 67042066432,
        "io_kbytes" : 65470768,
        "bw_bytes" : 744390775,
        "bw" : 726944,
        "iops" : 45434.007306,
        "runtime" : 90063,
        "total_ios" : 4091923,
        "short_ios" : 0,
        "drop_ios" : 0,
        "slat_ns" : {
          "min" : 1954,
          "max" : 57868,
          "mean" : 4098.800702,
          "stddev" : 1423.489992
        },
        "clat_ns" : {
          "min" : 34054,
          "max" : 64337989,
          "mean" : 259385.482865,
          "stddev" : 518952.883930,
          "percentile" : {
            "1.000000" : 60672,
            "5.000000" : 68096,
            "10.000000" : 72192,
            "20.000000" : 79360,
            "30.000000" : 91648,
            "40.000000" : 115200,
            "50.000000" : 150528,
            "60.000000" : 193536,
            "70.000000" : 257024,
            "80.000000" : 370688,
            "90.000000" : 577536,
            "95.000000" : 815104,
            "99.000000" : 1384448,
            "99.500000" : 1613824,
            "99.900000" : 2113536,
            "99.950000" : 2408448,
            "99.990000" : 13172736
          }
        },
        "lat_ns" : {
          "min" : 36589,
          "max" : 64341205,
          "mean" : 263612.585795,
          "stddev" : 518911.031416
        },
        "bw_min" : 617855,
        "bw_max" : 2082016,
        "bw_agg" : 100.000000,
        "bw_mean" : 727346.094444,
        "bw_dev" : 282138.817246,
        "bw_samples" : 180,
        "iops_min" : 38615,
        "iops_max" : 130126,
        "iops_mean" : 45459.122222,
        "iops_stddev" : 17633.707438,
        "iops_samples" : 180
      },
      "job_runtime" : 90062,
      "usr_cpu" : 5.919256,
      "sys_cpu" : 22.008172,
      "ctx" : 2275333,
      "majf" : 0,
      "minf" : 11,
      "iodepth_level" : {
        "1" : 0.100000,
        "2" : 0.100000,
        "4" : 0.100000,
        "8" : 99.999829,
        "16" : 0.000000,
        "32" : 0.000000,
        ">=64" : 0.000000
      },
      "iodepth_submit" : {
        "0" : 0.000000,
        "4" : 100.000000,
        "8" : 0.000000,
        "16" : 0.000000,
        "32" : 0.000000,
        "64" : 0.000000,
        ">=64" : 0.000000
      },
      "iodepth_complete" : {
        "0" : 0.000000,
        "4" : 99.999976,
        "8" : 0.000000,
        "16" : 0.100000,
        "32" : 0.000000,
        "64" : 0.000000,
        ">=64" : 0.000000
      },
      "latency_ns" : {
        "2" : 0.000000,
        "4" : 0.000000,
        "10" : 0.000000,
        "20" : 0.000000,
        "50" : 0.000000,
        "100" : 0.000000,
        "250" : 0.000000,
        "500" : 0.000000,
        "750" : 0.000000,
        "1000" : 0.000000
      },
      "latency_us" : {
        "2" : 0.000000,
        "4" : 0.000000,
        "10" : 0.000000,
        "20" : 0.000000,
        "50" : 0.022092,
        "100" : 34.321980,
        "250" : 34.673600,
        "500" : 18.004298,
        "750" : 6.996808,
        "1000" : 2.992407
      },
      "latency_ms" : {
        "2" : 2.812590,
        "4" : 0.156406,
        "10" : 0.010000,
        "20" : 0.010000,
        "50" : 0.010000,
        "100" : 0.010000,
        "250" : 0.000000,
        "500" : 0.000000,
        "750" : 0.000000,
        "1000" : 0.000000,
        "2000" : 0.000000,
        ">=2000" : 0.000000
      },
      "latency_depth" : 12,
      "latency_target" : 0,
      "latency_percentile" : 100.000000,
      "latency_window" : 0
    }
  ],
  "disk_util" : [
    {
      "name" : "nvme0n1",
      "read_ios" : 0,
      "write_ios" : 4087759,
      "read_merges" : 0,
      "write_merges" : 17,
      "read_ticks" : 0,
      "write_ticks" : 1046606,
      "in_queue" : 18060,
      "util" : 98.564838
    }
  ]
}
