{
  "fio version" : "fio-3.16",
  "timestamp" : 1600548971,
  "timestamp_ms" : 1600548971124,
  "time" : "Sat Sep 19 16:56:11 2020",
  "global options" : {
    "unified_rw_reporting" : "1",
    "time_based" : "1",
    "runtime" : "90",
    "directory" : "/media/auto/work/tmp",
    "filename" : "testfile.dat",
    "filesize" : "20GiB",
    "direct" : "1",
    "ioengine" : "libaio"
  },
  "jobs" : [
    {
      "jobname" : "jobname",
      "groupid" : 0,
      "error" : 0,
      "eta" : 0,
      "elapsed" : 91,
      "job options" : {
        "name" : "jobname",
        "iodepth" : "4",
        "bs" : "32k",
        "rw" : "write"
      },
      "mixed" : {
        "io_bytes" : 73479585792,
        "io_kbytes" : 71757408,
        "bw_bytes" : 816430770,
        "bw" : 797295,
        "iops" : 24915.489828,
        "runtime" : 90001,
        "total_ios" : 2242419,
        "short_ios" : 0,
        "drop_ios" : 0,
        "slat_ns" : {
          "min" : 2264,
          "max" : 73017,
          "mean" : 4310.719248,
          "stddev" : 977.927965
        },
        "clat_ns" : {
          "min" : 14287,
          "max" : 67438961,
          "mean" : 155640.934461,
          "stddev" : 407684.608853,
          "percentile" : {
            "1.000000" : 32384,
            "5.000000" : 36608,
            "10.000000" : 39680,
            "20.000000" : 42752,
            "30.000000" : 45824,
            "40.000000" : 49920,
            "50.000000" : 60672,
            "60.000000" : 85504,
            "70.000000" : 121344,
            "80.000000" : 193536,
            "90.000000" : 370688,
            "95.000000" : 585728,
            "99.000000" : 1220608,
            "99.500000" : 1499136,
            "99.900000" : 2056192,
            "99.950000" : 2179072,
            "99.990000" : 3948544
          }
        },
        "lat_ns" : {
          "min" : 23304,
          "max" : 67443630,
          "mean" : 160062.288054,
          "stddev" : 407714.835618
        },
        "bw_min" : 608319,
        "bw_max" : 2463552,
        "bw_agg" : 100.000000,
        "bw_mean" : 797934.173184,
        "bw_dev" : 452017.231314,
        "bw_samples" : 179,
        "iops_min" : 19009,
        "iops_max" : 76986,
        "iops_mean" : 24935.430168,
        "iops_stddev" : 14125.542711,
        "iops_samples" : 179
      },
      "job_runtime" : 90000,
      "usr_cpu" : 3.714444,
      "sys_cpu" : 13.991111,
      "ctx" : 2171284,
      "majf" : 0,
      "minf" : 12,
      "iodepth_level" : {
        "1" : 0.100000,
        "2" : 0.100000,
        "4" : 99.999465,
        "8" : 0.000000,
        "16" : 0.000000,
        "32" : 0.000000,
        ">=64" : 0.000000
      },
      "iodepth_submit" : {
        "0" : 0.000000,
        "4" : 100.000000,
        "8" : 0.000000,
        "16" : 0.000000,
        "32" : 0.000000,
        "64" : 0.000000,
        ">=64" : 0.000000
      },
      "iodepth_complete" : {
        "0" : 0.000000,
        "4" : 100.000000,
        "8" : 0.000000,
        "16" : 0.000000,
        "32" : 0.000000,
        "64" : 0.000000,
        ">=64" : 0.000000
      },
      "latency_ns" : {
        "2" : 0.000000,
        "4" : 0.000000,
        "10" : 0.000000,
        "20" : 0.000000,
        "50" : 0.000000,
        "100" : 0.000000,
        "250" : 0.000000,
        "500" : 0.000000,
        "750" : 0.000000,
        "1000" : 0.000000
      },
      "latency_us" : {
        "2" : 0.000000,
        "4" : 0.000000,
        "10" : 0.000000,
        "20" : 0.010000,
        "50" : 40.393120,
        "100" : 24.627333,
        "250" : 19.280964,
        "500" : 9.146774,
        "750" : 3.368639,
        "1000" : 1.461502
      },
      "latency_ms" : {
        "2" : 1.592655,
        "4" : 0.115902,
        "10" : 0.010000,
        "20" : 0.010000,
        "50" : 0.010000,
        "100" : 0.010000,
        "250" : 0.000000,
        "500" : 0.000000,
        "750" : 0.000000,
        "1000" : 0.000000,
        "2000" : 0.000000,
        ">=2000" : 0.000000
      },
      "latency_depth" : 4,
      "latency_target" : 0,
      "latency_percentile" : 100.000000,
      "latency_window" : 0
    }
  ],
  "disk_util" : [
    {
      "name" : "nvme0n1",
      "read_ios" : 0,
      "write_ios" : 2240365,
      "read_merges" : 0,
      "write_merges" : 17,
      "read_ticks" : 0,
      "write_ticks" : 350800,
      "in_queue" : 6452,
      "util" : 98.633852
    }
  ]
}
