{
  "fio version" : "fio-3.16",
  "timestamp" : 1601066410,
  "timestamp_ms" : 1601066410026,
  "time" : "Fri Sep 25 16:40:10 2020",
  "global options" : {
    "unified_rw_reporting" : "1",
    "time_based" : "1",
    "runtime" : "90",
    "directory" : "/media/auto/work/tmp",
    "filename" : "testfile.dat",
    "filesize" : "20GiB",
    "direct" : "1",
    "ioengine" : "libaio"
  },
  "jobs" : [
    {
      "jobname" : "jobname",
      "groupid" : 0,
      "error" : 0,
      "eta" : 0,
      "elapsed" : 91,
      "job options" : {
        "name" : "jobname",
        "iodepth" : "2",
        "bs" : "16k",
        "rw" : "read"
      },
      "mixed" : {
        "io_bytes" : 172836028416,
        "io_kbytes" : 168785184,
        "bw_bytes" : 1920378978,
        "bw" : 1875370,
        "iops" : 117210.630993,
        "runtime" : 90001,
        "total_ios" : 10549074,
        "short_ios" : 0,
        "drop_ios" : 0,
        "slat_ns" : {
          "min" : 1683,
          "max" : 251422,
          "mean" : 2771.587669,
          "stddev" : 1043.137113
        },
        "clat_ns" : {
          "min" : 2595,
          "max" : 1734265,
          "mean" : 13793.693905,
          "stddev" : 7396.953743,
          "percentile" : {
            "1.000000" : 10688,
            "5.000000" : 11200,
            "10.000000" : 11712,
            "20.000000" : 12096,
            "30.000000" : 12352,
            "40.000000" : 12480,
            "50.000000" : 12608,
            "60.000000" : 12864,
            "70.000000" : 13376,
            "80.000000" : 14784,
            "90.000000" : 16768,
            "95.000000" : 17792,
            "99.000000" : 21120,
            "99.500000" : 25472,
            "99.900000" : 152576,
            "99.950000" : 160768,
            "99.990000" : 177152
          }
        },
        "lat_ns" : {
          "min" : 12143,
          "max" : 1736840,
          "mean" : 16656.282864,
          "stddev" : 7587.711812
        },
        "bw_min" : 1654816,
        "bw_max" : 2029856,
        "bw_agg" : 99.989148,
        "bw_mean" : 1875166.491620,
        "bw_dev" : 55393.498201,
        "bw_samples" : 179,
        "iops_min" : 103426,
        "iops_max" : 126868,
        "iops_mean" : 117197.882682,
        "iops_stddev" : 3462.098779,
        "iops_samples" : 179
      },
      "job_runtime" : 90000,
      "usr_cpu" : 13.273333,
      "sys_cpu" : 42.515556,
      "ctx" : 8218471,
      "majf" : 0,
      "minf" : 21,
      "iodepth_level" : {
        "1" : 0.100000,
        "2" : 99.999915,
        "4" : 0.000000,
        "8" : 0.000000,
        "16" : 0.000000,
        "32" : 0.000000,
        ">=64" : 0.000000
      },
      "iodepth_submit" : {
        "0" : 0.000000,
        "4" : 100.000000,
        "8" : 0.000000,
        "16" : 0.000000,
        "32" : 0.000000,
        "64" : 0.000000,
        ">=64" : 0.000000
      },
      "iodepth_complete" : {
        "0" : 0.000000,
        "4" : 100.000000,
        "8" : 0.000000,
        "16" : 0.000000,
        "32" : 0.000000,
        "64" : 0.000000,
        ">=64" : 0.000000
      },
      "latency_ns" : {
        "2" : 0.000000,
        "4" : 0.000000,
        "10" : 0.000000,
        "20" : 0.000000,
        "50" : 0.000000,
        "100" : 0.000000,
        "250" : 0.000000,
        "500" : 0.000000,
        "750" : 0.000000,
        "1000" : 0.000000
      },
      "latency_us" : {
        "2" : 0.000000,
        "4" : 0.016788,
        "10" : 0.040515,
        "20" : 98.061934,
        "50" : 1.549093,
        "100" : 0.090472,
        "250" : 0.240381,
        "500" : 0.010000,
        "750" : 0.010000,
        "1000" : 0.000000
      },
      "latency_ms" : {
        "2" : 0.010000,
        "4" : 0.000000,
        "10" : 0.000000,
        "20" : 0.000000,
        "50" : 0.000000,
        "100" : 0.000000,
        "250" : 0.000000,
        "500" : 0.000000,
        "750" : 0.000000,
        "1000" : 0.000000,
        "2000" : 0.000000,
        ">=2000" : 0.000000
      },
      "latency_depth" : 2,
      "latency_target" : 0,
      "latency_percentile" : 100.000000,
      "latency_window" : 0
    }
  ],
  "disk_util" : [
    {
      "name" : "nvme0n1",
      "read_ios" : 10537214,
      "write_ios" : 0,
      "read_merges" : 0,
      "write_merges" : 0,
      "read_ticks" : 144460,
      "write_ticks" : 0,
      "in_queue" : 0,
      "util" : 99.932193
    }
  ]
}
