{
  "fio version" : "fio-3.16",
  "timestamp" : 1600547535,
  "timestamp_ms" : 1600547535556,
  "time" : "Sat Sep 19 16:32:15 2020",
  "global options" : {
    "unified_rw_reporting" : "1",
    "time_based" : "1",
    "runtime" : "90",
    "directory" : "/media/auto/work/tmp",
    "filename" : "testfile.dat",
    "filesize" : "20GiB",
    "direct" : "1",
    "ioengine" : "libaio"
  },
  "jobs" : [
    {
      "jobname" : "jobname",
      "groupid" : 0,
      "error" : 0,
      "eta" : 0,
      "elapsed" : 91,
      "job options" : {
        "name" : "jobname",
        "iodepth" : "8",
        "bs" : "4k",
        "rw" : "write"
      },
      "mixed" : {
        "io_bytes" : 69188083712,
        "io_kbytes" : 67566488,
        "bw_bytes" : 768747944,
        "bw" : 750730,
        "iops" : 187682.603527,
        "runtime" : 90001,
        "total_ios" : 16891622,
        "short_ios" : 0,
        "drop_ios" : 0,
        "slat_ns" : {
          "min" : 1452,
          "max" : 272511,
          "mean" : 2980.517661,
          "stddev" : 1188.530764
        },
        "clat_ns" : {
          "min" : 9368,
          "max" : 65060680,
          "mean" : 39163.196490,
          "stddev" : 188149.862082,
          "percentile" : {
            "1.000000" : 19840,
            "5.000000" : 20864,
            "10.000000" : 21120,
            "20.000000" : 22400,
            "30.000000" : 22400,
            "40.000000" : 23424,
            "50.000000" : 27008,
            "60.000000" : 31104,
            "70.000000" : 31360,
            "80.000000" : 32384,
            "90.000000" : 39680,
            "95.000000" : 45824,
            "99.000000" : 374784,
            "99.500000" : 577536,
            "99.900000" : 1105920,
            "99.950000" : 1400832,
            "99.990000" : 1957888
          }
        },
        "lat_ns" : {
          "min" : 13135,
          "max" : 65063135,
          "mean" : 42238.450419,
          "stddev" : 188129.764822
        },
        "bw_min" : 611079,
        "bw_max" : 1291664,
        "bw_agg" : 100.000000,
        "bw_mean" : 751212.625698,
        "bw_dev" : 209558.628041,
        "bw_samples" : 179,
        "iops_min" : 152769,
        "iops_max" : 322916,
        "iops_mean" : 187803.184358,
        "iops_stddev" : 52389.685043,
        "iops_samples" : 179
      },
      "job_runtime" : 90000,
      "usr_cpu" : 17.175556,
      "sys_cpu" : 55.325556,
      "ctx" : 392528,
      "majf" : 0,
      "minf" : 12,
      "iodepth_level" : {
        "1" : 0.100000,
        "2" : 0.100000,
        "4" : 0.100000,
        "8" : 99.999834,
        "16" : 0.000000,
        "32" : 0.000000,
        ">=64" : 0.000000
      },
      "iodepth_submit" : {
        "0" : 0.000000,
        "4" : 100.000000,
        "8" : 0.000000,
        "16" : 0.000000,
        "32" : 0.000000,
        "64" : 0.000000,
        ">=64" : 0.000000
      },
      "iodepth_complete" : {
        "0" : 0.000000,
        "4" : 99.999976,
        "8" : 0.100000,
        "16" : 0.000000,
        "32" : 0.000000,
        "64" : 0.000000,
        ">=64" : 0.000000
      },
      "latency_ns" : {
        "2" : 0.000000,
        "4" : 0.000000,
        "10" : 0.000000,
        "20" : 0.000000,
        "50" : 0.000000,
        "100" : 0.000000,
        "250" : 0.000000,
        "500" : 0.000000,
        "750" : 0.000000,
        "1000" : 0.000000
      },
      "latency_us" : {
        "2" : 0.000000,
        "4" : 0.000000,
        "10" : 0.010000,
        "20" : 1.372864,
        "50" : 94.046273,
        "100" : 1.477330,
        "250" : 1.505551,
        "500" : 0.954438,
        "750" : 0.351553,
        "1000" : 0.149873
      },
      "latency_ms" : {
        "2" : 0.133617,
        "4" : 0.010000,
        "10" : 0.010000,
        "20" : 0.010000,
        "50" : 0.010000,
        "100" : 0.010000,
        "250" : 0.000000,
        "500" : 0.000000,
        "750" : 0.000000,
        "1000" : 0.000000,
        "2000" : 0.000000,
        ">=2000" : 0.000000
      },
      "latency_depth" : 8,
      "latency_target" : 0,
      "latency_percentile" : 100.000000,
      "latency_window" : 0
    }
  ],
  "disk_util" : [
    {
      "name" : "nvme0n1",
      "read_ios" : 0,
      "write_ios" : 16875938,
      "read_merges" : 0,
      "write_merges" : 17,
      "read_ticks" : 0,
      "write_ticks" : 386664,
      "in_queue" : 11824,
      "util" : 98.597248
    }
  ]
}
