{
  "fio version" : "fio-3.16",
  "timestamp" : 1601060776,
  "timestamp_ms" : 1601060776988,
  "time" : "Fri Sep 25 15:06:16 2020",
  "global options" : {
    "unified_rw_reporting" : "1",
    "time_based" : "1",
    "runtime" : "90",
    "directory" : "/media/auto/work/tmp",
    "filename" : "testfile.dat",
    "filesize" : "20GiB",
    "direct" : "1",
    "ioengine" : "libaio"
  },
  "jobs" : [
    {
      "jobname" : "jobname",
      "groupid" : 0,
      "error" : 0,
      "eta" : 0,
      "elapsed" : 91,
      "job options" : {
        "name" : "jobname",
        "iodepth" : "12",
        "bs" : "32k",
        "rw" : "randread"
      },
      "mixed" : {
        "io_bytes" : 84242104320,
        "io_kbytes" : 82267680,
        "bw_bytes" : 936012981,
        "bw" : 914075,
        "iops" : 28564.849279,
        "runtime" : 90001,
        "total_ios" : 2570865,
        "short_ios" : 0,
        "drop_ios" : 0,
        "slat_ns" : {
          "min" : 2154,
          "max" : 299903,
          "mean" : 3884.966083,
          "stddev" : 1049.939669
        },
        "clat_ns" : {
          "min" : 86622,
          "max" : 1716592,
          "mean" : 415567.341047,
          "stddev" : 171632.234403,
          "percentile" : {
            "1.000000" : 140288,
            "5.000000" : 175104,
            "10.000000" : 211968,
            "20.000000" : 261120,
            "30.000000" : 305152,
            "40.000000" : 346112,
            "50.000000" : 391168,
            "60.000000" : 436224,
            "70.000000" : 489472,
            "80.000000" : 552960,
            "90.000000" : 651264,
            "95.000000" : 733184,
            "99.000000" : 888832,
            "99.500000" : 954368,
            "99.900000" : 1073152,
            "99.950000" : 1122304,
            "99.990000" : 1220608
          }
        },
        "lat_ns" : {
          "min" : 90179,
          "max" : 1723665,
          "mean" : 419554.980034,
          "stddev" : 171608.303259
        },
        "bw_min" : 900416,
        "bw_max" : 985408,
        "bw_agg" : 99.996218,
        "bw_mean" : 914040.427778,
        "bw_dev" : 10777.664752,
        "bw_samples" : 180,
        "iops_min" : 28138,
        "iops_max" : 30794,
        "iops_mean" : 28563.761111,
        "iops_stddev" : 336.809005,
        "iops_samples" : 180
      },
      "job_runtime" : 90000,
      "usr_cpu" : 3.933333,
      "sys_cpu" : 14.673333,
      "ctx" : 2107285,
      "majf" : 0,
      "minf" : 107,
      "iodepth_level" : {
        "1" : 0.100000,
        "2" : 0.100000,
        "4" : 0.100000,
        "8" : 99.999728,
        "16" : 0.000000,
        "32" : 0.000000,
        ">=64" : 0.000000
      },
      "iodepth_submit" : {
        "0" : 0.000000,
        "4" : 100.000000,
        "8" : 0.000000,
        "16" : 0.000000,
        "32" : 0.000000,
        "64" : 0.000000,
        ">=64" : 0.000000
      },
      "iodepth_complete" : {
        "0" : 0.000000,
        "4" : 99.999961,
        "8" : 0.000000,
        "16" : 0.100000,
        "32" : 0.000000,
        "64" : 0.000000,
        ">=64" : 0.000000
      },
      "latency_ns" : {
        "2" : 0.000000,
        "4" : 0.000000,
        "10" : 0.000000,
        "20" : 0.000000,
        "50" : 0.000000,
        "100" : 0.000000,
        "250" : 0.000000,
        "500" : 0.000000,
        "750" : 0.000000,
        "1000" : 0.000000
      },
      "latency_us" : {
        "2" : 0.000000,
        "4" : 0.000000,
        "10" : 0.000000,
        "20" : 0.000000,
        "50" : 0.000000,
        "100" : 0.010000,
        "250" : 17.245908,
        "500" : 54.152085,
        "750" : 24.277821,
        "1000" : 4.056884
      },
      "latency_ms" : {
        "2" : 0.265592,
        "4" : 0.000000,
        "10" : 0.000000,
        "20" : 0.000000,
        "50" : 0.000000,
        "100" : 0.000000,
        "250" : 0.000000,
        "500" : 0.000000,
        "750" : 0.000000,
        "1000" : 0.000000,
        "2000" : 0.000000,
        ">=2000" : 0.000000
      },
      "latency_depth" : 12,
      "latency_target" : 0,
      "latency_percentile" : 100.000000,
      "latency_window" : 0
    }
  ],
  "disk_util" : [
    {
      "name" : "nvme0n1",
      "read_ios" : 2568003,
      "write_ios" : 0,
      "read_merges" : 0,
      "write_merges" : 0,
      "read_ticks" : 1066066,
      "write_ticks" : 0,
      "in_queue" : 0,
      "util" : 99.935528
    }
  ]
}
