{
  "fio version" : "fio-3.16",
  "timestamp" : 1601045543,
  "timestamp_ms" : 1601045543520,
  "time" : "Fri Sep 25 10:52:23 2020",
  "global options" : {
    "unified_rw_reporting" : "1",
    "time_based" : "1",
    "runtime" : "90",
    "directory" : "/media/auto/work/tmp",
    "filename" : "testfile.dat",
    "filesize" : "20GiB",
    "direct" : "1",
    "ioengine" : "libaio"
  },
  "jobs" : [
    {
      "jobname" : "jobname",
      "groupid" : 0,
      "error" : 0,
      "eta" : 0,
      "elapsed" : 91,
      "job options" : {
        "name" : "jobname",
        "iodepth" : "24",
        "bs" : "8k",
        "rw" : "write"
      },
      "mixed" : {
        "io_bytes" : 71264428032,
        "io_kbytes" : 69594168,
        "bw_bytes" : 791536747,
        "bw" : 772985,
        "iops" : 96623.138183,
        "runtime" : 90033,
        "total_ios" : 8699271,
        "short_ios" : 0,
        "drop_ios" : 0,
        "slat_ns" : {
          "min" : 1673,
          "max" : 348885,
          "mean" : 3666.039747,
          "stddev" : 1497.154299
        },
        "clat_ns" : {
          "min" : 18264,
          "max" : 65720023,
          "mean" : 244122.995575,
          "stddev" : 480446.260881,
          "percentile" : {
            "1.000000" : 73216,
            "5.000000" : 74240,
            "10.000000" : 76288,
            "20.000000" : 88576,
            "30.000000" : 110080,
            "40.000000" : 117248,
            "50.000000" : 129536,
            "60.000000" : 146432,
            "70.000000" : 189440,
            "80.000000" : 305152,
            "90.000000" : 544768,
            "95.000000" : 839680,
            "99.000000" : 1515520,
            "99.500000" : 1728512,
            "99.900000" : 2179072,
            "99.950000" : 2539520,
            "99.990000" : 10158080
          }
        },
        "lat_ns" : {
          "min" : 24085,
          "max" : 65722878,
          "mean" : 247908.087260,
          "stddev" : 480397.558589
        },
        "bw_min" : 566783,
        "bw_max" : 2348768,
        "bw_agg" : 100.000000,
        "bw_mean" : 773211.266667,
        "bw_dev" : 405325.919527,
        "bw_samples" : 180,
        "iops_min" : 70847,
        "iops_max" : 293596,
        "iops_mean" : 96651.405556,
        "iops_stddev" : 50665.729664,
        "iops_samples" : 180
      },
      "job_runtime" : 90032,
      "usr_cpu" : 11.061623,
      "sys_cpu" : 35.580682,
      "ctx" : 529594,
      "majf" : 0,
      "minf" : 12,
      "iodepth_level" : {
        "1" : 0.100000,
        "2" : 0.100000,
        "4" : 0.100000,
        "8" : 0.100000,
        "16" : 99.999310,
        "32" : 0.000000,
        ">=64" : 0.000000
      },
      "iodepth_submit" : {
        "0" : 0.000000,
        "4" : 100.000000,
        "8" : 0.000000,
        "16" : 0.000000,
        "32" : 0.000000,
        "64" : 0.000000,
        ">=64" : 0.000000
      },
      "iodepth_complete" : {
        "0" : 0.000000,
        "4" : 99.999954,
        "8" : 0.000000,
        "16" : 0.000000,
        "32" : 0.100000,
        "64" : 0.000000,
        ">=64" : 0.000000
      },
      "latency_ns" : {
        "2" : 0.000000,
        "4" : 0.000000,
        "10" : 0.000000,
        "20" : 0.000000,
        "50" : 0.000000,
        "100" : 0.000000,
        "250" : 0.000000,
        "500" : 0.000000,
        "750" : 0.000000,
        "1000" : 0.000000
      },
      "latency_us" : {
        "2" : 0.000000,
        "4" : 0.000000,
        "10" : 0.000000,
        "20" : 0.010000,
        "50" : 0.010000,
        "100" : 24.371571,
        "250" : 51.622027,
        "500" : 12.634691,
        "750" : 5.337183,
        "1000" : 2.469115
      },
      "latency_ms" : {
        "2" : 3.337889,
        "4" : 0.208086,
        "10" : 0.010000,
        "20" : 0.010000,
        "50" : 0.010000,
        "100" : 0.010000,
        "250" : 0.000000,
        "500" : 0.000000,
        "750" : 0.000000,
        "1000" : 0.000000,
        "2000" : 0.000000,
        ">=2000" : 0.000000
      },
      "latency_depth" : 24,
      "latency_target" : 0,
      "latency_percentile" : 100.000000,
      "latency_window" : 0
    }
  ],
  "disk_util" : [
    {
      "name" : "nvme0n1",
      "read_ios" : 0,
      "write_ios" : 8693378,
      "read_merges" : 0,
      "write_merges" : 17,
      "read_ticks" : 0,
      "write_ticks" : 1738801,
      "in_queue" : 30672,
      "util" : 98.769439
    }
  ]
}
