{
  "fio version" : "fio-3.16",
  "timestamp" : 1601058788,
  "timestamp_ms" : 1601058788882,
  "time" : "Fri Sep 25 14:33:08 2020",
  "global options" : {
    "unified_rw_reporting" : "1",
    "time_based" : "1",
    "runtime" : "90",
    "directory" : "/media/auto/work/tmp",
    "filename" : "testfile.dat",
    "filesize" : "20GiB",
    "direct" : "1",
    "ioengine" : "libaio"
  },
  "jobs" : [
    {
      "jobname" : "jobname",
      "groupid" : 0,
      "error" : 0,
      "eta" : 0,
      "elapsed" : 91,
      "job options" : {
        "name" : "jobname",
        "iodepth" : "28",
        "bs" : "8k",
        "rw" : "randread"
      },
      "mixed" : {
        "io_bytes" : 87188938752,
        "io_kbytes" : 85145448,
        "bw_bytes" : 968755222,
        "bw" : 946050,
        "iops" : 118256.252708,
        "runtime" : 90001,
        "total_ios" : 10643181,
        "short_ios" : 0,
        "drop_ios" : 0,
        "slat_ns" : {
          "min" : 1543,
          "max" : 289634,
          "mean" : 3194.530464,
          "stddev" : 1359.940248
        },
        "clat_ns" : {
          "min" : 49223,
          "max" : 2835461,
          "mean" : 232948.743621,
          "stddev" : 121515.562736,
          "percentile" : {
            "1.000000" : 77312,
            "5.000000" : 91648,
            "10.000000" : 103936,
            "20.000000" : 130560,
            "30.000000" : 152576,
            "40.000000" : 177152,
            "50.000000" : 203776,
            "60.000000" : 234496,
            "70.000000" : 272384,
            "80.000000" : 321536,
            "90.000000" : 399360,
            "95.000000" : 473088,
            "99.000000" : 618496,
            "99.500000" : 675840,
            "99.900000" : 798720,
            "99.950000" : 839680,
            "99.990000" : 937984
          }
        },
        "lat_ns" : {
          "min" : 51046,
          "max" : 2838146,
          "mean" : 236254.428262,
          "stddev" : 121494.213341
        },
        "bw_min" : 938944,
        "bw_max" : 953744,
        "bw_agg" : 99.997346,
        "bw_mean" : 946024.888268,
        "bw_dev" : 2888.029498,
        "bw_samples" : 179,
        "iops_min" : 117368,
        "iops_max" : 119218,
        "iops_mean" : 118253.139665,
        "iops_stddev" : 361.048360,
        "iops_samples" : 179
      },
      "job_runtime" : 90000,
      "usr_cpu" : 14.491111,
      "sys_cpu" : 46.041111,
      "ctx" : 4079726,
      "majf" : 0,
      "minf" : 68,
      "iodepth_level" : {
        "1" : 0.100000,
        "2" : 0.100000,
        "4" : 0.100000,
        "8" : 0.100000,
        "16" : 99.999859,
        "32" : 0.000000,
        ">=64" : 0.000000
      },
      "iodepth_submit" : {
        "0" : 0.000000,
        "4" : 100.000000,
        "8" : 0.000000,
        "16" : 0.000000,
        "32" : 0.000000,
        "64" : 0.000000,
        ">=64" : 0.000000
      },
      "iodepth_complete" : {
        "0" : 0.000000,
        "4" : 99.999991,
        "8" : 0.000000,
        "16" : 0.000000,
        "32" : 0.100000,
        "64" : 0.000000,
        ">=64" : 0.000000
      },
      "latency_ns" : {
        "2" : 0.000000,
        "4" : 0.000000,
        "10" : 0.000000,
        "20" : 0.000000,
        "50" : 0.000000,
        "100" : 0.000000,
        "250" : 0.000000,
        "500" : 0.000000,
        "750" : 0.000000,
        "1000" : 0.000000
      },
      "latency_us" : {
        "2" : 0.000000,
        "4" : 0.000000,
        "10" : 0.000000,
        "20" : 0.000000,
        "50" : 0.010000,
        "100" : 8.448837,
        "250" : 55.722674,
        "500" : 32.075194,
        "750" : 3.562863,
        "1000" : 0.186946
      },
      "latency_ms" : {
        "2" : 0.010000,
        "4" : 0.010000,
        "10" : 0.000000,
        "20" : 0.000000,
        "50" : 0.000000,
        "100" : 0.000000,
        "250" : 0.000000,
        "500" : 0.000000,
        "750" : 0.000000,
        "1000" : 0.000000,
        "2000" : 0.000000,
        ">=2000" : 0.000000
      },
      "latency_depth" : 28,
      "latency_target" : 0,
      "latency_percentile" : 100.000000,
      "latency_window" : 0
    }
  ],
  "disk_util" : [
    {
      "name" : "nvme0n1",
      "read_ios" : 10631225,
      "write_ios" : 0,
      "read_merges" : 0,
      "write_merges" : 0,
      "read_ticks" : 2439915,
      "write_ticks" : 0,
      "in_queue" : 0,
      "util" : 99.953309
    }
  ]
}
