{
  "fio version" : "fio-3.16",
  "timestamp" : 1600550145,
  "timestamp_ms" : 1600550145443,
  "time" : "Sat Sep 19 17:15:45 2020",
  "global options" : {
    "unified_rw_reporting" : "1",
    "time_based" : "1",
    "runtime" : "90",
    "directory" : "/media/auto/work/tmp",
    "filename" : "testfile.dat",
    "filesize" : "20GiB",
    "direct" : "1",
    "ioengine" : "libaio"
  },
  "jobs" : [
    {
      "jobname" : "jobname",
      "groupid" : 0,
      "error" : 0,
      "eta" : 0,
      "elapsed" : 91,
      "job options" : {
        "name" : "jobname",
        "iodepth" : "8",
        "bs" : "512k",
        "rw" : "write"
      },
      "mixed" : {
        "io_bytes" : 73471098880,
        "io_kbytes" : 71749120,
        "bw_bytes" : 816227643,
        "bw" : 797097,
        "iops" : 1556.830680,
        "runtime" : 90013,
        "total_ios" : 140135,
        "short_ios" : 0,
        "drop_ios" : 0,
        "slat_ns" : {
          "min" : 10861,
          "max" : 4492818,
          "mean" : 28422.485896,
          "stddev" : 24449.921010
        },
        "clat_ns" : {
          "min" : 178274,
          "max" : 72443097,
          "mean" : 5108369.014572,
          "stddev" : 2823299.494997,
          "percentile" : {
            "1.000000" : 1433600,
            "5.000000" : 1531904,
            "10.000000" : 1581056,
            "20.000000" : 1728512,
            "30.000000" : 5144576,
            "40.000000" : 5537792,
            "50.000000" : 5799936,
            "60.000000" : 6062080,
            "70.000000" : 6193152,
            "80.000000" : 6389760,
            "90.000000" : 6651904,
            "95.000000" : 6979584,
            "99.000000" : 9109504,
            "99.500000" : 11075584,
            "99.900000" : 49545216,
            "99.950000" : 58982400,
            "99.990000" : 67633152
          }
        },
        "lat_ns" : {
          "min" : 212248,
          "max" : 72464107,
          "mean" : 5136997.119485,
          "stddev" : 2826279.007636
        },
        "bw_min" : 614399,
        "bw_max" : 2458624,
        "bw_agg" : 100.000000,
        "bw_mean" : 797138.205556,
        "bw_dev" : 450697.016980,
        "bw_samples" : 180,
        "iops_min" : 1199,
        "iops_max" : 4802,
        "iops_mean" : 1556.900000,
        "iops_stddev" : 880.271220,
        "iops_samples" : 180
      },
      "job_runtime" : 90012,
      "usr_cpu" : 1.144292,
      "sys_cpu" : 4.370528,
      "ctx" : 140042,
      "majf" : 0,
      "minf" : 11,
      "iodepth_level" : {
        "1" : 0.100000,
        "2" : 0.100000,
        "4" : 0.100000,
        "8" : 99.980019,
        "16" : 0.000000,
        "32" : 0.000000,
        ">=64" : 0.000000
      },
      "iodepth_submit" : {
        "0" : 0.000000,
        "4" : 100.000000,
        "8" : 0.000000,
        "16" : 0.000000,
        "32" : 0.000000,
        "64" : 0.000000,
        ">=64" : 0.000000
      },
      "iodepth_complete" : {
        "0" : 0.000000,
        "4" : 99.997145,
        "8" : 0.100000,
        "16" : 0.000000,
        "32" : 0.000000,
        "64" : 0.000000,
        ">=64" : 0.000000
      },
      "latency_ns" : {
        "2" : 0.000000,
        "4" : 0.000000,
        "10" : 0.000000,
        "20" : 0.000000,
        "50" : 0.000000,
        "100" : 0.000000,
        "250" : 0.000000,
        "500" : 0.000000,
        "750" : 0.000000,
        "1000" : 0.000000
      },
      "latency_us" : {
        "2" : 0.000000,
        "4" : 0.000000,
        "10" : 0.000000,
        "20" : 0.000000,
        "50" : 0.000000,
        "100" : 0.000000,
        "250" : 0.010000,
        "500" : 0.010000,
        "750" : 0.010000,
        "1000" : 0.010000
      },
      "latency_ms" : {
        "2" : 21.914582,
        "4" : 2.320619,
        "10" : 75.017662,
        "20" : 0.520926,
        "50" : 0.102758,
        "100" : 0.098476,
        "250" : 0.000000,
        "500" : 0.000000,
        "750" : 0.000000,
        "1000" : 0.000000,
        "2000" : 0.000000,
        ">=2000" : 0.000000
      },
      "latency_depth" : 8,
      "latency_target" : 0,
      "latency_percentile" : 100.000000,
      "latency_window" : 0
    }
  ],
  "disk_util" : [
    {
      "name" : "nvme0n1",
      "read_ios" : 0,
      "write_ios" : 140027,
      "read_merges" : 0,
      "write_merges" : 17,
      "read_ticks" : 0,
      "write_ticks" : 717159,
      "in_queue" : 447416,
      "util" : 98.352565
    }
  ]
}
