{
  "fio version" : "fio-3.16",
  "timestamp" : 1601047109,
  "timestamp_ms" : 1601047109267,
  "time" : "Fri Sep 25 11:18:29 2020",
  "global options" : {
    "unified_rw_reporting" : "1",
    "time_based" : "1",
    "runtime" : "90",
    "directory" : "/media/auto/work/tmp",
    "filename" : "testfile.dat",
    "filesize" : "20GiB",
    "direct" : "1",
    "ioengine" : "libaio"
  },
  "jobs" : [
    {
      "jobname" : "jobname",
      "groupid" : 0,
      "error" : 0,
      "eta" : 0,
      "elapsed" : 91,
      "job options" : {
        "name" : "jobname",
        "iodepth" : "6",
        "bs" : "256k",
        "rw" : "write"
      },
      "mixed" : {
        "io_bytes" : 69534482432,
        "io_kbytes" : 67904768,
        "bw_bytes" : 772596775,
        "bw" : 754489,
        "iops" : 2947.222809,
        "runtime" : 90001,
        "total_ios" : 265253,
        "short_ios" : 0,
        "drop_ios" : 0,
        "slat_ns" : {
          "min" : 6402,
          "max" : 119464,
          "mean" : 13849.742389,
          "stddev" : 2964.423712
        },
        "clat_ns" : {
          "min" : 87324,
          "max" : 160691219,
          "mean" : 2021087.538569,
          "stddev" : 1563555.039748,
          "percentile" : {
            "1.000000" : 501760,
            "5.000000" : 552960,
            "10.000000" : 593920,
            "20.000000" : 733184,
            "30.000000" : 1515520,
            "40.000000" : 2056192,
            "50.000000" : 2211840,
            "60.000000" : 2310144,
            "70.000000" : 2441216,
            "80.000000" : 2670592,
            "90.000000" : 3129344,
            "95.000000" : 3588096,
            "99.000000" : 4177920,
            "99.500000" : 4489216,
            "99.900000" : 6717440,
            "99.950000" : 24248320,
            "99.990000" : 61603840
          }
        },
        "lat_ns" : {
          "min" : 104386,
          "max" : 160704234,
          "mean" : 2035075.051611,
          "stddev" : 1563780.440241
        },
        "bw_min" : 389119,
        "bw_max" : 2472448,
        "bw_agg" : 99.994767,
        "bw_mean" : 754449.516667,
        "bw_dev" : 426715.930825,
        "bw_samples" : 180,
        "iops_min" : 1519,
        "iops_max" : 9658,
        "iops_mean" : 2947.055556,
        "iops_stddev" : 1666.863745,
        "iops_samples" : 180
      },
      "job_runtime" : 90000,
      "usr_cpu" : 1.006667,
      "sys_cpu" : 4.241111,
      "ctx" : 265273,
      "majf" : 0,
      "minf" : 13,
      "iodepth_level" : {
        "1" : 0.100000,
        "2" : 0.100000,
        "4" : 99.995476,
        "8" : 0.000000,
        "16" : 0.000000,
        "32" : 0.000000,
        ">=64" : 0.000000
      },
      "iodepth_submit" : {
        "0" : 0.000000,
        "4" : 100.000000,
        "8" : 0.000000,
        "16" : 0.000000,
        "32" : 0.000000,
        "64" : 0.000000,
        ">=64" : 0.000000
      },
      "iodepth_complete" : {
        "0" : 0.000000,
        "4" : 99.998492,
        "8" : 0.100000,
        "16" : 0.000000,
        "32" : 0.000000,
        "64" : 0.000000,
        ">=64" : 0.000000
      },
      "latency_ns" : {
        "2" : 0.000000,
        "4" : 0.000000,
        "10" : 0.000000,
        "20" : 0.000000,
        "50" : 0.000000,
        "100" : 0.000000,
        "250" : 0.000000,
        "500" : 0.000000,
        "750" : 0.000000,
        "1000" : 0.000000
      },
      "latency_us" : {
        "2" : 0.000000,
        "4" : 0.000000,
        "10" : 0.000000,
        "20" : 0.000000,
        "50" : 0.000000,
        "100" : 0.010000,
        "250" : 0.010000,
        "500" : 0.861819,
        "750" : 19.619005,
        "1000" : 4.793537
      },
      "latency_ms" : {
        "2" : 12.711638,
        "4" : 60.246255,
        "10" : 1.676890,
        "20" : 0.021112,
        "50" : 0.045617,
        "100" : 0.012818,
        "250" : 0.010000,
        "500" : 0.000000,
        "750" : 0.000000,
        "1000" : 0.000000,
        "2000" : 0.000000,
        ">=2000" : 0.000000
      },
      "latency_depth" : 6,
      "latency_target" : 0,
      "latency_percentile" : 100.000000,
      "latency_window" : 0
    }
  ],
  "disk_util" : [
    {
      "name" : "nvme0n1",
      "read_ios" : 0,
      "write_ios" : 265052,
      "read_merges" : 0,
      "write_merges" : 17,
      "read_ticks" : 0,
      "write_ticks" : 537169,
      "in_queue" : 26092,
      "util" : 98.777234
    }
  ]
}
