{
  "fio version" : "fio-3.16",
  "timestamp" : 1601059562,
  "timestamp_ms" : 1601059562075,
  "time" : "Fri Sep 25 14:46:02 2020",
  "global options" : {
    "unified_rw_reporting" : "1",
    "time_based" : "1",
    "runtime" : "90",
    "directory" : "/media/auto/work/tmp",
    "filename" : "testfile.dat",
    "filesize" : "20GiB",
    "direct" : "1",
    "ioengine" : "libaio"
  },
  "jobs" : [
    {
      "jobname" : "jobname",
      "groupid" : 0,
      "error" : 0,
      "eta" : 0,
      "elapsed" : 91,
      "job options" : {
        "name" : "jobname",
        "iodepth" : "12",
        "bs" : "16k",
        "rw" : "randread"
      },
      "mixed" : {
        "io_bytes" : 81802641408,
        "io_kbytes" : 79885392,
        "bw_bytes" : 908908138,
        "bw" : 887605,
        "iops" : 55475.350274,
        "runtime" : 90001,
        "total_ios" : 4992837,
        "short_ios" : 0,
        "drop_ios" : 0,
        "slat_ns" : {
          "min" : 1833,
          "max" : 290936,
          "mean" : 3149.284469,
          "stddev" : 906.162164
        },
        "clat_ns" : {
          "min" : 60744,
          "max" : 941858,
          "mean" : 212562.635541,
          "stddev" : 84396.893710,
          "percentile" : {
            "1.000000" : 82432,
            "5.000000" : 98816,
            "10.000000" : 114176,
            "20.000000" : 140288,
            "30.000000" : 158720,
            "40.000000" : 177152,
            "50.000000" : 199680,
            "60.000000" : 220160,
            "70.000000" : 246784,
            "80.000000" : 280576,
            "90.000000" : 329728,
            "95.000000" : 370688,
            "99.000000" : 456704,
            "99.500000" : 489472,
            "99.900000" : 552960,
            "99.950000" : 585728,
            "99.990000" : 634880
          }
        },
        "lat_ns" : {
          "min" : 69791,
          "max" : 944703,
          "mean" : 215809.206252,
          "stddev" : 84365.917617
        },
        "bw_min" : 869536,
        "bw_max" : 894656,
        "bw_agg" : 99.992396,
        "bw_mean" : 887537.502793,
        "bw_dev" : 3478.671938,
        "bw_samples" : 179,
        "iops_min" : 54346,
        "iops_max" : 55916,
        "iops_mean" : 55471.083799,
        "iops_stddev" : 217.351987,
        "iops_samples" : 179
      },
      "job_runtime" : 90000,
      "usr_cpu" : 6.808889,
      "sys_cpu" : 23.654444,
      "ctx" : 3524339,
      "majf" : 0,
      "minf" : 59,
      "iodepth_level" : {
        "1" : 0.100000,
        "2" : 0.100000,
        "4" : 0.100000,
        "8" : 99.999860,
        "16" : 0.000000,
        "32" : 0.000000,
        ">=64" : 0.000000
      },
      "iodepth_submit" : {
        "0" : 0.000000,
        "4" : 100.000000,
        "8" : 0.000000,
        "16" : 0.000000,
        "32" : 0.000000,
        "64" : 0.000000,
        ">=64" : 0.000000
      },
      "iodepth_complete" : {
        "0" : 0.000000,
        "4" : 99.999980,
        "8" : 0.000000,
        "16" : 0.100000,
        "32" : 0.000000,
        "64" : 0.000000,
        ">=64" : 0.000000
      },
      "latency_ns" : {
        "2" : 0.000000,
        "4" : 0.000000,
        "10" : 0.000000,
        "20" : 0.000000,
        "50" : 0.000000,
        "100" : 0.000000,
        "250" : 0.000000,
        "500" : 0.000000,
        "750" : 0.000000,
        "1000" : 0.000000
      },
      "latency_us" : {
        "2" : 0.000000,
        "4" : 0.000000,
        "10" : 0.000000,
        "20" : 0.000000,
        "50" : 0.000000,
        "100" : 5.327032,
        "250" : 65.526754,
        "500" : 28.751610,
        "750" : 0.394385,
        "1000" : 0.010000
      },
      "latency_ms" : {
        "2" : 0.000000,
        "4" : 0.000000,
        "10" : 0.000000,
        "20" : 0.000000,
        "50" : 0.000000,
        "100" : 0.000000,
        "250" : 0.000000,
        "500" : 0.000000,
        "750" : 0.000000,
        "1000" : 0.000000,
        "2000" : 0.000000,
        ">=2000" : 0.000000
      },
      "latency_depth" : 12,
      "latency_target" : 0,
      "latency_percentile" : 100.000000,
      "latency_window" : 0
    }
  ],
  "disk_util" : [
    {
      "name" : "nvme0n1",
      "read_ios" : 4987289,
      "write_ios" : 0,
      "read_merges" : 0,
      "write_merges" : 0,
      "read_ticks" : 1055354,
      "write_ticks" : 0,
      "in_queue" : 0,
      "util" : 99.935525
    }
  ]
}
