{
  "fio version" : "fio-3.16",
  "timestamp" : 1601068950,
  "timestamp_ms" : 1601068950381,
  "time" : "Fri Sep 25 17:22:30 2020",
  "global options" : {
    "unified_rw_reporting" : "1",
    "time_based" : "1",
    "runtime" : "90",
    "directory" : "/media/auto/work/tmp",
    "filename" : "testfile.dat",
    "filesize" : "20GiB",
    "direct" : "1",
    "ioengine" : "libaio"
  },
  "jobs" : [
    {
      "jobname" : "jobname",
      "groupid" : 0,
      "error" : 0,
      "eta" : 0,
      "elapsed" : 91,
      "job options" : {
        "name" : "jobname",
        "iodepth" : "4",
        "bs" : "256k",
        "rw" : "read"
      },
      "mixed" : {
        "io_bytes" : 274040619008,
        "io_kbytes" : 267617792,
        "bw_bytes" : 3044861934,
        "bw" : 2973497,
        "iops" : 11615.226497,
        "runtime" : 90001,
        "total_ios" : 1045382,
        "short_ios" : 0,
        "drop_ios" : 0,
        "slat_ns" : {
          "min" : 6122,
          "max" : 104156,
          "mean" : 11161.909856,
          "stddev" : 2115.114203
        },
        "clat_ns" : {
          "min" : 71514,
          "max" : 1958656,
          "mean" : 332611.837187,
          "stddev" : 103718.249529,
          "percentile" : {
            "1.000000" : 144384,
            "5.000000" : 189440,
            "10.000000" : 207872,
            "20.000000" : 236544,
            "30.000000" : 268288,
            "40.000000" : 292864,
            "50.000000" : 321536,
            "60.000000" : 354304,
            "70.000000" : 387072,
            "80.000000" : 419840,
            "90.000000" : 464896,
            "95.000000" : 514048,
            "99.000000" : 618496,
            "99.500000" : 659456,
            "99.900000" : 716800,
            "99.950000" : 741376,
            "99.990000" : 790528
          }
        },
        "lat_ns" : {
          "min" : 90109,
          "max" : 1970478,
          "mean" : 343883.969954,
          "stddev" : 103474.566889
        },
        "bw_min" : 2949632,
        "bw_max" : 2993152,
        "bw_agg" : 99.996481,
        "bw_mean" : 2973392.374302,
        "bw_dev" : 9100.808901,
        "bw_samples" : 179,
        "iops_min" : 11522,
        "iops_max" : 11692,
        "iops_mean" : 11614.782123,
        "iops_stddev" : 35.572564,
        "iops_samples" : 179
      },
      "job_runtime" : 90000,
      "usr_cpu" : 1.453333,
      "sys_cpu" : 14.857778,
      "ctx" : 939722,
      "majf" : 0,
      "minf" : 268,
      "iodepth_level" : {
        "1" : 0.100000,
        "2" : 0.100000,
        "4" : 99.995982,
        "8" : 0.000000,
        "16" : 0.000000,
        "32" : 0.000000,
        ">=64" : 0.000000
      },
      "iodepth_submit" : {
        "0" : 0.000000,
        "4" : 100.000000,
        "8" : 0.000000,
        "16" : 0.000000,
        "32" : 0.000000,
        "64" : 0.000000,
        ">=64" : 0.000000
      },
      "iodepth_complete" : {
        "0" : 0.000000,
        "4" : 100.000000,
        "8" : 0.000000,
        "16" : 0.000000,
        "32" : 0.000000,
        "64" : 0.000000,
        ">=64" : 0.000000
      },
      "latency_ns" : {
        "2" : 0.000000,
        "4" : 0.000000,
        "10" : 0.000000,
        "20" : 0.000000,
        "50" : 0.000000,
        "100" : 0.000000,
        "250" : 0.000000,
        "500" : 0.000000,
        "750" : 0.000000,
        "1000" : 0.000000
      },
      "latency_us" : {
        "2" : 0.000000,
        "4" : 0.000000,
        "10" : 0.000000,
        "20" : 0.000000,
        "50" : 0.000000,
        "100" : 0.135740,
        "250" : 24.324218,
        "500" : 69.583846,
        "750" : 5.923289,
        "1000" : 0.032524
      },
      "latency_ms" : {
        "2" : 0.010000,
        "4" : 0.000000,
        "10" : 0.000000,
        "20" : 0.000000,
        "50" : 0.000000,
        "100" : 0.000000,
        "250" : 0.000000,
        "500" : 0.000000,
        "750" : 0.000000,
        "1000" : 0.000000,
        "2000" : 0.000000,
        ">=2000" : 0.000000
      },
      "latency_depth" : 4,
      "latency_target" : 0,
      "latency_percentile" : 100.000000,
      "latency_window" : 0
    }
  ],
  "disk_util" : [
    {
      "name" : "nvme0n1",
      "read_ios" : 1044230,
      "write_ios" : 0,
      "read_merges" : 0,
      "write_merges" : 0,
      "read_ticks" : 349057,
      "write_ticks" : 0,
      "in_queue" : 0,
      "util" : 99.929971
    }
  ]
}
