{
  "fio version" : "fio-3.16",
  "timestamp" : 1600549884,
  "timestamp_ms" : 1600549884459,
  "time" : "Sat Sep 19 17:11:24 2020",
  "global options" : {
    "unified_rw_reporting" : "1",
    "time_based" : "1",
    "runtime" : "90",
    "directory" : "/media/auto/work/tmp",
    "filename" : "testfile.dat",
    "filesize" : "20GiB",
    "direct" : "1",
    "ioengine" : "libaio"
  },
  "jobs" : [
    {
      "jobname" : "jobname",
      "groupid" : 0,
      "error" : 0,
      "eta" : 0,
      "elapsed" : 91,
      "job options" : {
        "name" : "jobname",
        "iodepth" : "32",
        "bs" : "256k",
        "rw" : "write"
      },
      "mixed" : {
        "io_bytes" : 70487900160,
        "io_kbytes" : 68835840,
        "bw_bytes" : 783085778,
        "bw" : 764732,
        "iops" : 2987.235177,
        "runtime" : 90013,
        "total_ios" : 268890,
        "short_ios" : 0,
        "drop_ios" : 0,
        "slat_ns" : {
          "min" : 7153,
          "max" : 12194424,
          "mean" : 15567.445416,
          "stddev" : 66856.583162
        },
        "clat_ns" : {
          "min" : 452589,
          "max" : 545916412,
          "mean" : 10695297.533802,
          "stddev" : 7818870.926142,
          "percentile" : {
            "1.000000" : 3129344,
            "5.000000" : 3162112,
            "10.000000" : 3227648,
            "20.000000" : 3850240,
            "30.000000" : 11337728,
            "40.000000" : 11730944,
            "50.000000" : 11993088,
            "60.000000" : 12255232,
            "70.000000" : 12517376,
            "80.000000" : 13172736,
            "90.000000" : 14352384,
            "95.000000" : 15138816,
            "99.000000" : 18481152,
            "99.500000" : 23724032,
            "99.900000" : 64225280,
            "99.950000" : 117964800,
            "99.990000" : 362807296
          }
        },
        "lat_ns" : {
          "min" : 478838,
          "max" : 545931580,
          "mean" : 10711011.996910,
          "stddev" : 7819587.677975
        },
        "bw_min" : 181907,
        "bw_max" : 2464256,
        "bw_agg" : 99.999647,
        "bw_mean" : 764729.300000,
        "bw_dev" : 441399.297394,
        "bw_samples" : 180,
        "iops_min" : 709,
        "iops_max" : 9626,
        "iops_mean" : 2987.211111,
        "iops_stddev" : 1724.224664,
        "iops_samples" : 180
      },
      "job_runtime" : 90012,
      "usr_cpu" : 1.277607,
      "sys_cpu" : 4.612718,
      "ctx" : 268354,
      "majf" : 0,
      "minf" : 13,
      "iodepth_level" : {
        "1" : 0.100000,
        "2" : 0.100000,
        "4" : 0.100000,
        "8" : 0.100000,
        "16" : 0.100000,
        "32" : 99.953884,
        ">=64" : 0.000000
      },
      "iodepth_submit" : {
        "0" : 0.000000,
        "4" : 100.000000,
        "8" : 0.000000,
        "16" : 0.000000,
        "32" : 0.000000,
        "64" : 0.000000,
        ">=64" : 0.000000
      },
      "iodepth_complete" : {
        "0" : 0.000000,
        "4" : 99.998512,
        "8" : 0.000000,
        "16" : 0.000000,
        "32" : 0.100000,
        "64" : 0.000000,
        ">=64" : 0.000000
      },
      "latency_ns" : {
        "2" : 0.000000,
        "4" : 0.000000,
        "10" : 0.000000,
        "20" : 0.000000,
        "50" : 0.000000,
        "100" : 0.000000,
        "250" : 0.000000,
        "500" : 0.000000,
        "750" : 0.000000,
        "1000" : 0.000000
      },
      "latency_us" : {
        "2" : 0.000000,
        "4" : 0.000000,
        "10" : 0.000000,
        "20" : 0.000000,
        "50" : 0.000000,
        "100" : 0.000000,
        "250" : 0.000000,
        "500" : 0.010000,
        "750" : 0.010000,
        "1000" : 0.010000
      },
      "latency_ms" : {
        "2" : 0.014504,
        "4" : 20.759790,
        "10" : 4.661014,
        "20" : 73.822381,
        "50" : 0.561940,
        "100" : 0.121611,
        "250" : 0.039049,
        "500" : 0.010000,
        "750" : 0.010000,
        "1000" : 0.000000,
        "2000" : 0.000000,
        ">=2000" : 0.000000
      },
      "latency_depth" : 32,
      "latency_target" : 0,
      "latency_percentile" : 100.000000,
      "latency_window" : 0
    }
  ],
  "disk_util" : [
    {
      "name" : "nvme0n1",
      "read_ios" : 0,
      "write_ios" : 268622,
      "read_merges" : 0,
      "write_merges" : 17,
      "read_ticks" : 0,
      "write_ticks" : 2871890,
      "in_queue" : 2274864,
      "util" : 97.612272
    }
  ]
}
