{
  "fio version" : "fio-3.16",
  "timestamp" : 1600548318,
  "timestamp_ms" : 1600548318684,
  "time" : "Sat Sep 19 16:45:18 2020",
  "global options" : {
    "unified_rw_reporting" : "1",
    "time_based" : "1",
    "runtime" : "90",
    "directory" : "/media/auto/work/tmp",
    "filename" : "testfile.dat",
    "filesize" : "20GiB",
    "direct" : "1",
    "ioengine" : "libaio"
  },
  "jobs" : [
    {
      "jobname" : "jobname",
      "groupid" : 0,
      "error" : 0,
      "eta" : 0,
      "elapsed" : 91,
      "job options" : {
        "name" : "jobname",
        "iodepth" : "32",
        "bs" : "8k",
        "rw" : "write"
      },
      "mixed" : {
        "io_bytes" : 72979202048,
        "io_kbytes" : 71268752,
        "bw_bytes" : 810871013,
        "bw" : 791866,
        "iops" : 98983.277964,
        "runtime" : 90001,
        "total_ios" : 8908594,
        "short_ios" : 0,
        "drop_ios" : 0,
        "slat_ns" : {
          "min" : 1553,
          "max" : 264396,
          "mean" : 3612.304061,
          "stddev" : 1432.064934
        },
        "clat_ns" : {
          "min" : 13365,
          "max" : 69371246,
          "mean" : 319108.536278,
          "stddev" : 595750.650447,
          "percentile" : {
            "1.000000" : 96768,
            "5.000000" : 99840,
            "10.000000" : 101888,
            "20.000000" : 119296,
            "30.000000" : 148480,
            "40.000000" : 164864,
            "50.000000" : 185344,
            "60.000000" : 228352,
            "70.000000" : 309248,
            "80.000000" : 452608,
            "90.000000" : 692224,
            "95.000000" : 946176,
            "99.000000" : 1499136,
            "99.500000" : 1761280,
            "99.900000" : 2211840,
            "99.950000" : 2637824,
            "99.990000" : 24248320
          }
        },
        "lat_ns" : {
          "min" : 15890,
          "max" : 69373941,
          "mean" : 322836.595896,
          "stddev" : 595742.862981
        },
        "bw_min" : 614383,
        "bw_max" : 2240352,
        "bw_agg" : 100.000000,
        "bw_mean" : 792600.837989,
        "bw_dev" : 405456.315221,
        "bw_samples" : 179,
        "iops_min" : 76797,
        "iops_max" : 280044,
        "iops_mean" : 99075.117318,
        "iops_stddev" : 50682.034716,
        "iops_samples" : 179
      },
      "job_runtime" : 90000,
      "usr_cpu" : 11.195556,
      "sys_cpu" : 36.121111,
      "ctx" : 735008,
      "majf" : 0,
      "minf" : 12,
      "iodepth_level" : {
        "1" : 0.100000,
        "2" : 0.100000,
        "4" : 0.100000,
        "8" : 0.100000,
        "16" : 0.100000,
        "32" : 99.998608,
        ">=64" : 0.000000
      },
      "iodepth_submit" : {
        "0" : 0.000000,
        "4" : 100.000000,
        "8" : 0.000000,
        "16" : 0.000000,
        "32" : 0.000000,
        "64" : 0.000000,
        ">=64" : 0.000000
      },
      "iodepth_complete" : {
        "0" : 0.000000,
        "4" : 99.999955,
        "8" : 0.000000,
        "16" : 0.000000,
        "32" : 0.100000,
        "64" : 0.000000,
        ">=64" : 0.000000
      },
      "latency_ns" : {
        "2" : 0.000000,
        "4" : 0.000000,
        "10" : 0.000000,
        "20" : 0.000000,
        "50" : 0.000000,
        "100" : 0.000000,
        "250" : 0.000000,
        "500" : 0.000000,
        "750" : 0.000000,
        "1000" : 0.000000
      },
      "latency_us" : {
        "2" : 0.000000,
        "4" : 0.000000,
        "10" : 0.000000,
        "20" : 0.010000,
        "50" : 0.010000,
        "100" : 6.032007,
        "250" : 57.456463,
        "500" : 19.147724,
        "750" : 8.890943,
        "1000" : 4.136410
      },
      "latency_ms" : {
        "2" : 4.061292,
        "4" : 0.252980,
        "10" : 0.010000,
        "20" : 0.010000,
        "50" : 0.010000,
        "100" : 0.010000,
        "250" : 0.000000,
        "500" : 0.000000,
        "750" : 0.000000,
        "1000" : 0.000000,
        "2000" : 0.000000,
        ">=2000" : 0.000000
      },
      "latency_depth" : 32,
      "latency_target" : 0,
      "latency_percentile" : 100.000000,
      "latency_window" : 0
    }
  ],
  "disk_util" : [
    {
      "name" : "nvme0n1",
      "read_ios" : 0,
      "write_ios" : 8900404,
      "read_merges" : 0,
      "write_merges" : 17,
      "read_ticks" : 0,
      "write_ticks" : 2455895,
      "in_queue" : 51268,
      "util" : 98.404900
    }
  ]
}
