{
  "fio version" : "fio-3.16",
  "timestamp" : 1601059782,
  "timestamp_ms" : 1601059782966,
  "time" : "Fri Sep 25 14:49:42 2020",
  "global options" : {
    "unified_rw_reporting" : "1",
    "time_based" : "1",
    "runtime" : "90",
    "directory" : "/media/auto/work/tmp",
    "filename" : "testfile.dat",
    "filesize" : "20GiB",
    "direct" : "1",
    "ioengine" : "libaio"
  },
  "jobs" : [
    {
      "jobname" : "jobname",
      "groupid" : 0,
      "error" : 0,
      "eta" : 0,
      "elapsed" : 91,
      "job options" : {
        "name" : "jobname",
        "iodepth" : "20",
        "bs" : "16k",
        "rw" : "randread"
      },
      "mixed" : {
        "io_bytes" : 91941142528,
        "io_kbytes" : 89786272,
        "bw_bytes" : 1021556899,
        "bw" : 997614,
        "iops" : 62350.884990,
        "runtime" : 90001,
        "total_ios" : 5611642,
        "short_ios" : 0,
        "drop_ios" : 0,
        "slat_ns" : {
          "min" : 1823,
          "max" : 309591,
          "mean" : 3334.638146,
          "stddev" : 1045.355110
        },
        "clat_ns" : {
          "min" : 58410,
          "max" : 2854427,
          "mean" : 316818.137713,
          "stddev" : 138521.238412,
          "percentile" : {
            "1.000000" : 94720,
            "5.000000" : 127488,
            "10.000000" : 152576,
            "20.000000" : 191488,
            "30.000000" : 228352,
            "40.000000" : 261120,
            "50.000000" : 296960,
            "60.000000" : 333824,
            "70.000000" : 378880,
            "80.000000" : 432128,
            "90.000000" : 509952,
            "95.000000" : 577536,
            "99.000000" : 700416,
            "99.500000" : 741376,
            "99.900000" : 839680,
            "99.950000" : 872448,
            "99.990000" : 946176
          }
        },
        "lat_ns" : {
          "min" : 71013,
          "max" : 2860829,
          "mean" : 320255.119112,
          "stddev" : 138499.137322
        },
        "bw_min" : 985248,
        "bw_max" : 1008416,
        "bw_agg" : 99.997460,
        "bw_mean" : 997588.661111,
        "bw_dev" : 3975.953344,
        "bw_samples" : 180,
        "iops_min" : 61578,
        "iops_max" : 63026,
        "iops_mean" : 62349.283333,
        "iops_stddev" : 248.525827,
        "iops_samples" : 180
      },
      "job_runtime" : 90000,
      "usr_cpu" : 7.825556,
      "sys_cpu" : 27.297778,
      "ctx" : 3684938,
      "majf" : 0,
      "minf" : 90,
      "iodepth_level" : {
        "1" : 0.100000,
        "2" : 0.100000,
        "4" : 0.100000,
        "8" : 0.100000,
        "16" : 99.999733,
        "32" : 0.000000,
        ">=64" : 0.000000
      },
      "iodepth_submit" : {
        "0" : 0.000000,
        "4" : 100.000000,
        "8" : 0.000000,
        "16" : 0.000000,
        "32" : 0.000000,
        "64" : 0.000000,
        ">=64" : 0.000000
      },
      "iodepth_complete" : {
        "0" : 0.000000,
        "4" : 99.999982,
        "8" : 0.000000,
        "16" : 0.000000,
        "32" : 0.100000,
        "64" : 0.000000,
        ">=64" : 0.000000
      },
      "latency_ns" : {
        "2" : 0.000000,
        "4" : 0.000000,
        "10" : 0.000000,
        "20" : 0.000000,
        "50" : 0.000000,
        "100" : 0.000000,
        "250" : 0.000000,
        "500" : 0.000000,
        "750" : 0.000000,
        "1000" : 0.000000
      },
      "latency_us" : {
        "2" : 0.000000,
        "4" : 0.000000,
        "10" : 0.000000,
        "20" : 0.000000,
        "50" : 0.000000,
        "100" : 1.559633,
        "250" : 34.840355,
        "500" : 52.778046,
        "750" : 10.374610,
        "1000" : 0.444576
      },
      "latency_ms" : {
        "2" : 0.010000,
        "4" : 0.010000,
        "10" : 0.000000,
        "20" : 0.000000,
        "50" : 0.000000,
        "100" : 0.000000,
        "250" : 0.000000,
        "500" : 0.000000,
        "750" : 0.000000,
        "1000" : 0.000000,
        "2000" : 0.000000,
        ">=2000" : 0.000000
      },
      "latency_depth" : 20,
      "latency_target" : 0,
      "latency_percentile" : 100.000000,
      "latency_window" : 0
    }
  ],
  "disk_util" : [
    {
      "name" : "nvme0n1",
      "read_ios" : 5605365,
      "write_ios" : 0,
      "read_merges" : 0,
      "write_merges" : 0,
      "read_ticks" : 1769560,
      "write_ticks" : 0,
      "in_queue" : 0,
      "util" : 99.928864
    }
  ]
}
