{
  "fio version" : "fio-3.16",
  "timestamp" : 1601056580,
  "timestamp_ms" : 1601056580030,
  "time" : "Fri Sep 25 13:56:20 2020",
  "global options" : {
    "unified_rw_reporting" : "1",
    "time_based" : "1",
    "runtime" : "90",
    "directory" : "/media/auto/work/tmp",
    "filename" : "testfile.dat",
    "filesize" : "20GiB",
    "direct" : "1",
    "ioengine" : "libaio"
  },
  "jobs" : [
    {
      "jobname" : "jobname",
      "groupid" : 0,
      "error" : 0,
      "eta" : 0,
      "elapsed" : 91,
      "job options" : {
        "name" : "jobname",
        "iodepth" : "1",
        "bs" : "4k",
        "rw" : "randread"
      },
      "mixed" : {
        "io_bytes" : 4832468992,
        "io_kbytes" : 4719208,
        "bw_bytes" : 53693503,
        "bw" : 52435,
        "iops" : 13108.765458,
        "runtime" : 90001,
        "total_ios" : 1179802,
        "short_ios" : 0,
        "drop_ios" : 0,
        "slat_ns" : {
          "min" : 1443,
          "max" : 205336,
          "mean" : 2810.519265,
          "stddev" : 604.062108
        },
        "clat_ns" : {
          "min" : 6482,
          "max" : 3093034,
          "mean" : 72771.254949,
          "stddev" : 8627.133125,
          "percentile" : {
            "1.000000" : 51968,
            "5.000000" : 66048,
            "10.000000" : 67072,
            "20.000000" : 67072,
            "30.000000" : 68096,
            "40.000000" : 68096,
            "50.000000" : 68096,
            "60.000000" : 69120,
            "70.000000" : 82432,
            "80.000000" : 82432,
            "90.000000" : 83456,
            "95.000000" : 84480,
            "99.000000" : 85504,
            "99.500000" : 87552,
            "99.900000" : 109056,
            "99.950000" : 120320,
            "99.990000" : 146432
          }
        },
        "lat_ns" : {
          "min" : 48832,
          "max" : 3096020,
          "mean" : 75690.467784,
          "stddev" : 8702.540678
        },
        "bw_min" : 51680,
        "bw_max" : 52712,
        "bw_agg" : 99.995642,
        "bw_mean" : 52432.715084,
        "bw_dev" : 155.470154,
        "bw_samples" : 179,
        "iops_min" : 12920,
        "iops_max" : 13178,
        "iops_mean" : 13108.156425,
        "iops_stddev" : 38.882538,
        "iops_samples" : 179
      },
      "job_runtime" : 90000,
      "usr_cpu" : 2.111111,
      "sys_cpu" : 5.611111,
      "ctx" : 1179944,
      "majf" : 0,
      "minf" : 12,
      "iodepth_level" : {
        "1" : 100.000000,
        "2" : 0.000000,
        "4" : 0.000000,
        "8" : 0.000000,
        "16" : 0.000000,
        "32" : 0.000000,
        ">=64" : 0.000000
      },
      "iodepth_submit" : {
        "0" : 0.000000,
        "4" : 100.000000,
        "8" : 0.000000,
        "16" : 0.000000,
        "32" : 0.000000,
        "64" : 0.000000,
        ">=64" : 0.000000
      },
      "iodepth_complete" : {
        "0" : 0.000000,
        "4" : 100.000000,
        "8" : 0.000000,
        "16" : 0.000000,
        "32" : 0.000000,
        "64" : 0.000000,
        ">=64" : 0.000000
      },
      "latency_ns" : {
        "2" : 0.000000,
        "4" : 0.000000,
        "10" : 0.000000,
        "20" : 0.000000,
        "50" : 0.000000,
        "100" : 0.000000,
        "250" : 0.000000,
        "500" : 0.000000,
        "750" : 0.000000,
        "1000" : 0.000000
      },
      "latency_us" : {
        "2" : 0.000000,
        "4" : 0.000000,
        "10" : 0.010000,
        "20" : 0.000000,
        "50" : 0.523393,
        "100" : 99.308952,
        "250" : 0.167062,
        "500" : 0.010000,
        "750" : 0.000000,
        "1000" : 0.000000
      },
      "latency_ms" : {
        "2" : 0.010000,
        "4" : 0.010000,
        "10" : 0.000000,
        "20" : 0.000000,
        "50" : 0.000000,
        "100" : 0.000000,
        "250" : 0.000000,
        "500" : 0.000000,
        "750" : 0.000000,
        "1000" : 0.000000,
        "2000" : 0.000000,
        ">=2000" : 0.000000
      },
      "latency_depth" : 1,
      "latency_target" : 0,
      "latency_percentile" : 100.000000,
      "latency_window" : 0
    }
  ],
  "disk_util" : [
    {
      "name" : "nvme0n1",
      "read_ios" : 1178492,
      "write_ios" : 3,
      "read_merges" : 0,
      "write_merges" : 1,
      "read_ticks" : 85380,
      "write_ticks" : 7,
      "in_queue" : 4,
      "util" : 99.938861
    }
  ]
}
