{
  "fio version" : "fio-3.16",
  "timestamp" : 1600569537,
  "timestamp_ms" : 1600569537844,
  "time" : "Sat Sep 19 22:38:57 2020",
  "global options" : {
    "unified_rw_reporting" : "1",
    "time_based" : "1",
    "runtime" : "90",
    "directory" : "/media/auto/work/tmp",
    "filename" : "testfile.dat",
    "filesize" : "20GiB",
    "direct" : "1",
    "ioengine" : "libaio"
  },
  "jobs" : [
    {
      "jobname" : "jobname",
      "groupid" : 0,
      "error" : 0,
      "eta" : 0,
      "elapsed" : 91,
      "job options" : {
        "name" : "jobname",
        "iodepth" : "2",
        "bs" : "8k",
        "rw" : "write"
      },
      "mixed" : {
        "io_bytes" : 65187209216,
        "io_kbytes" : 63659384,
        "bw_bytes" : 724294276,
        "bw" : 707318,
        "iops" : 88414.828724,
        "runtime" : 90001,
        "total_ios" : 7957423,
        "short_ios" : 0,
        "drop_ios" : 0,
        "slat_ns" : {
          "min" : 1703,
          "max" : 225042,
          "mean" : 2985.395189,
          "stddev" : 817.195717
        },
        "clat_ns" : {
          "min" : 2725,
          "max" : 64947167,
          "mean" : 18949.474429,
          "stddev" : 128115.118195,
          "percentile" : {
            "1.000000" : 11072,
            "5.000000" : 11456,
            "10.000000" : 11584,
            "20.000000" : 11840,
            "30.000000" : 12608,
            "40.000000" : 13248,
            "50.000000" : 13376,
            "60.000000" : 13760,
            "70.000000" : 14016,
            "80.000000" : 14400,
            "90.000000" : 15552,
            "95.000000" : 17792,
            "99.000000" : 181248,
            "99.500000" : 337920,
            "99.900000" : 716800,
            "99.950000" : 921600,
            "99.990000" : 1531904
          }
        },
        "lat_ns" : {
          "min" : 11722,
          "max" : 64950052,
          "mean" : 22026.437367,
          "stddev" : 128111.874855
        },
        "bw_min" : 617407,
        "bw_max" : 899088,
        "bw_agg" : 99.854079,
        "bw_mean" : 706285.871508,
        "bw_dev" : 86231.045242,
        "bw_samples" : 179,
        "iops_min" : 77175,
        "iops_max" : 112386,
        "iops_mean" : 88285.731844,
        "iops_stddev" : 10778.860909,
        "iops_samples" : 179
      },
      "job_runtime" : 90000,
      "usr_cpu" : 11.268889,
      "sys_cpu" : 34.301111,
      "ctx" : 4388590,
      "majf" : 0,
      "minf" : 14,
      "iodepth_level" : {
        "1" : 0.100000,
        "2" : 99.999950,
        "4" : 0.000000,
        "8" : 0.000000,
        "16" : 0.000000,
        "32" : 0.000000,
        ">=64" : 0.000000
      },
      "iodepth_submit" : {
        "0" : 0.000000,
        "4" : 100.000000,
        "8" : 0.000000,
        "16" : 0.000000,
        "32" : 0.000000,
        "64" : 0.000000,
        ">=64" : 0.000000
      },
      "iodepth_complete" : {
        "0" : 0.000000,
        "4" : 100.000000,
        "8" : 0.000000,
        "16" : 0.000000,
        "32" : 0.000000,
        "64" : 0.000000,
        ">=64" : 0.000000
      },
      "latency_ns" : {
        "2" : 0.000000,
        "4" : 0.000000,
        "10" : 0.000000,
        "20" : 0.000000,
        "50" : 0.000000,
        "100" : 0.000000,
        "250" : 0.000000,
        "500" : 0.000000,
        "750" : 0.000000,
        "1000" : 0.000000
      },
      "latency_us" : {
        "2" : 0.000000,
        "4" : 0.010000,
        "10" : 0.155226,
        "20" : 96.066918,
        "50" : 1.704949,
        "100" : 0.571994,
        "250" : 0.763978,
        "500" : 0.479439,
        "750" : 0.165179,
        "1000" : 0.049514
      },
      "latency_ms" : {
        "2" : 0.037047,
        "4" : 0.010000,
        "10" : 0.010000,
        "20" : 0.010000,
        "50" : 0.010000,
        "100" : 0.010000,
        "250" : 0.000000,
        "500" : 0.000000,
        "750" : 0.000000,
        "1000" : 0.000000,
        "2000" : 0.000000,
        ">=2000" : 0.000000
      },
      "latency_depth" : 2,
      "latency_target" : 0,
      "latency_percentile" : 100.000000,
      "latency_window" : 0
    }
  ],
  "disk_util" : [
    {
      "name" : "nvme0n1",
      "read_ios" : 0,
      "write_ios" : 7949592,
      "read_merges" : 0,
      "write_merges" : 17,
      "read_ticks" : 0,
      "write_ticks" : 141113,
      "in_queue" : 3360,
      "util" : 98.671794
    }
  ]
}
