{
  "fio version" : "fio-3.16",
  "timestamp" : 1600552754,
  "timestamp_ms" : 1600552754931,
  "time" : "Sat Sep 19 17:59:14 2020",
  "global options" : {
    "unified_rw_reporting" : "1",
    "time_based" : "1",
    "runtime" : "90",
    "directory" : "/media/auto/work/tmp",
    "filename" : "testfile.dat",
    "filesize" : "20GiB",
    "direct" : "1",
    "ioengine" : "libaio"
  },
  "jobs" : [
    {
      "jobname" : "jobname",
      "groupid" : 0,
      "error" : 0,
      "eta" : 0,
      "elapsed" : 91,
      "job options" : {
        "name" : "jobname",
        "iodepth" : "8",
        "bs" : "256k",
        "rw" : "randwrite"
      },
      "mixed" : {
        "io_bytes" : 67373629440,
        "io_kbytes" : 65794560,
        "bw_bytes" : 748579247,
        "bw" : 731034,
        "iops" : 2855.603209,
        "runtime" : 90002,
        "total_ios" : 257010,
        "short_ios" : 0,
        "drop_ios" : 0,
        "slat_ns" : {
          "min" : 6802,
          "max" : 284734,
          "mean" : 14930.266709,
          "stddev" : 2594.006233
        },
        "clat_ns" : {
          "min" : 131056,
          "max" : 67552985,
          "mean" : 2785664.604650,
          "stddev" : 1678840.740630,
          "percentile" : {
            "1.000000" : 708608,
            "5.000000" : 798720,
            "10.000000" : 880640,
            "20.000000" : 2277376,
            "30.000000" : 2539520,
            "40.000000" : 2703360,
            "50.000000" : 2867200,
            "60.000000" : 3031040,
            "70.000000" : 3194880,
            "80.000000" : 3457024,
            "90.000000" : 3817472,
            "95.000000" : 4112384,
            "99.000000" : 5013504,
            "99.500000" : 6062080,
            "99.900000" : 20054016,
            "99.950000" : 38535168,
            "99.990000" : 62128128
          }
        },
        "lat_ns" : {
          "min" : 167414,
          "max" : 67581168,
          "mean" : 2800726.100447,
          "stddev" : 1678951.699925
        },
        "bw_min" : 613172,
        "bw_max" : 2335744,
        "bw_agg" : 99.991474,
        "bw_mean" : 730971.672222,
        "bw_dev" : 313542.009084,
        "bw_samples" : 180,
        "iops_min" : 2394,
        "iops_max" : 9124,
        "iops_mean" : 2855.327778,
        "iops_stddev" : 1224.779373,
        "iops_samples" : 180
      },
      "job_runtime" : 90001,
      "usr_cpu" : 1.083321,
      "sys_cpu" : 4.293286,
      "ctx" : 256976,
      "majf" : 0,
      "minf" : 11,
      "iodepth_level" : {
        "1" : 0.100000,
        "2" : 0.100000,
        "4" : 0.100000,
        "8" : 99.997276,
        "16" : 0.000000,
        "32" : 0.000000,
        ">=64" : 0.000000
      },
      "iodepth_submit" : {
        "0" : 0.000000,
        "4" : 100.000000,
        "8" : 0.000000,
        "16" : 0.000000,
        "32" : 0.000000,
        "64" : 0.000000,
        ">=64" : 0.000000
      },
      "iodepth_complete" : {
        "0" : 0.000000,
        "4" : 99.999611,
        "8" : 0.100000,
        "16" : 0.000000,
        "32" : 0.000000,
        "64" : 0.000000,
        ">=64" : 0.000000
      },
      "latency_ns" : {
        "2" : 0.000000,
        "4" : 0.000000,
        "10" : 0.000000,
        "20" : 0.000000,
        "50" : 0.000000,
        "100" : 0.000000,
        "250" : 0.000000,
        "500" : 0.000000,
        "750" : 0.000000,
        "1000" : 0.000000
      },
      "latency_us" : {
        "2" : 0.000000,
        "4" : 0.000000,
        "10" : 0.000000,
        "20" : 0.000000,
        "50" : 0.000000,
        "100" : 0.000000,
        "250" : 0.010000,
        "500" : 0.017120,
        "750" : 1.423680,
        "1000" : 11.735730
      },
      "latency_ms" : {
        "2" : 3.309599,
        "4" : 77.198553,
        "10" : 6.150344,
        "20" : 0.055251,
        "50" : 0.061087,
        "100" : 0.040465,
        "250" : 0.000000,
        "500" : 0.000000,
        "750" : 0.000000,
        "1000" : 0.000000,
        "2000" : 0.000000,
        ">=2000" : 0.000000
      },
      "latency_depth" : 8,
      "latency_target" : 0,
      "latency_percentile" : 100.000000,
      "latency_window" : 0
    }
  ],
  "disk_util" : [
    {
      "name" : "nvme0n1",
      "read_ios" : 0,
      "write_ios" : 256773,
      "read_merges" : 0,
      "write_merges" : 17,
      "read_ticks" : 0,
      "write_ticks" : 717385,
      "in_queue" : 77156,
      "util" : 98.470431
    }
  ]
}
