{
  "fio version" : "fio-3.16",
  "timestamp" : 1600552493,
  "timestamp_ms" : 1600552493950,
  "time" : "Sat Sep 19 17:54:53 2020",
  "global options" : {
    "unified_rw_reporting" : "1",
    "time_based" : "1",
    "runtime" : "90",
    "directory" : "/media/auto/work/tmp",
    "filename" : "testfile.dat",
    "filesize" : "20GiB",
    "direct" : "1",
    "ioengine" : "libaio"
  },
  "jobs" : [
    {
      "jobname" : "jobname",
      "groupid" : 0,
      "error" : 0,
      "eta" : 0,
      "elapsed" : 91,
      "job options" : {
        "name" : "jobname",
        "iodepth" : "32",
        "bs" : "32k",
        "rw" : "randwrite"
      },
      "mixed" : {
        "io_bytes" : 63865225216,
        "io_kbytes" : 62368384,
        "bw_bytes" : 709589960,
        "bw" : 692958,
        "iops" : 21654.967057,
        "runtime" : 90003,
        "total_ios" : 1949012,
        "short_ios" : 0,
        "drop_ios" : 0,
        "slat_ns" : {
          "min" : 2465,
          "max" : 130838615,
          "mean" : 4768.473460,
          "stddev" : 93722.007509
        },
        "clat_ns" : {
          "min" : 232846,
          "max" : 252756317,
          "mean" : 1472253.516707,
          "stddev" : 2573367.650180,
          "percentile" : {
            "1.000000" : 346112,
            "5.000000" : 395264,
            "10.000000" : 464896,
            "20.000000" : 675840,
            "30.000000" : 1011712,
            "40.000000" : 1253376,
            "50.000000" : 1449984,
            "60.000000" : 1630208,
            "70.000000" : 1794048,
            "80.000000" : 1957888,
            "90.000000" : 2179072,
            "95.000000" : 2408448,
            "99.000000" : 3457024,
            "99.500000" : 3981312,
            "99.900000" : 15007744,
            "99.950000" : 52166656,
            "99.990000" : 129499136
          }
        },
        "lat_ns" : {
          "min" : 240761,
          "max" : 252762348,
          "mean" : 1477138.991944,
          "stddev" : 2575206.529488
        },
        "bw_min" : 7999,
        "bw_max" : 2173568,
        "bw_agg" : 99.993384,
        "bw_mean" : 692912.155556,
        "bw_dev" : 316100.904432,
        "bw_samples" : 180,
        "iops_min" : 249,
        "iops_max" : 67924,
        "iops_mean" : 21653.488889,
        "iops_stddev" : 9878.157355,
        "iops_samples" : 180
      },
      "job_runtime" : 90002,
      "usr_cpu" : 3.705473,
      "sys_cpu" : 12.745272,
      "ctx" : 1856459,
      "majf" : 0,
      "minf" : 11,
      "iodepth_level" : {
        "1" : 0.100000,
        "2" : 0.100000,
        "4" : 0.100000,
        "8" : 0.100000,
        "16" : 0.100000,
        "32" : 99.998409,
        ">=64" : 0.000000
      },
      "iodepth_submit" : {
        "0" : 0.000000,
        "4" : 100.000000,
        "8" : 0.000000,
        "16" : 0.000000,
        "32" : 0.000000,
        "64" : 0.000000,
        ">=64" : 0.000000
      },
      "iodepth_complete" : {
        "0" : 0.000000,
        "4" : 99.999949,
        "8" : 0.000000,
        "16" : 0.000000,
        "32" : 0.100000,
        "64" : 0.000000,
        ">=64" : 0.000000
      },
      "latency_ns" : {
        "2" : 0.000000,
        "4" : 0.000000,
        "10" : 0.000000,
        "20" : 0.000000,
        "50" : 0.000000,
        "100" : 0.000000,
        "250" : 0.000000,
        "500" : 0.000000,
        "750" : 0.000000,
        "1000" : 0.000000
      },
      "latency_us" : {
        "2" : 0.000000,
        "4" : 0.000000,
        "10" : 0.000000,
        "20" : 0.000000,
        "50" : 0.000000,
        "100" : 0.000000,
        "250" : 0.010000,
        "500" : 12.576321,
        "750" : 9.322416,
        "1000" : 7.732123
      },
      "latency_ms" : {
        "2" : 52.790491,
        "4" : 17.089428,
        "10" : 0.373933,
        "20" : 0.019394,
        "50" : 0.038840,
        "100" : 0.031195,
        "250" : 0.020267,
        "500" : 0.010000,
        "750" : 0.000000,
        "1000" : 0.000000,
        "2000" : 0.000000,
        ">=2000" : 0.000000
      },
      "latency_depth" : 32,
      "latency_target" : 0,
      "latency_percentile" : 100.000000,
      "latency_window" : 0
    }
  ],
  "disk_util" : [
    {
      "name" : "nvme0n1",
      "read_ios" : 0,
      "write_ios" : 1946791,
      "read_merges" : 0,
      "write_merges" : 17,
      "read_ticks" : 0,
      "write_ticks" : 2866560,
      "in_queue" : 152712,
      "util" : 97.030870
    }
  ]
}
