{
  "fio version" : "fio-3.16",
  "timestamp" : 1601056800,
  "timestamp_ms" : 1601056800875,
  "time" : "Fri Sep 25 14:00:00 2020",
  "global options" : {
    "unified_rw_reporting" : "1",
    "time_based" : "1",
    "runtime" : "90",
    "directory" : "/media/auto/work/tmp",
    "filename" : "testfile.dat",
    "filesize" : "20GiB",
    "direct" : "1",
    "ioengine" : "libaio"
  },
  "jobs" : [
    {
      "jobname" : "jobname",
      "groupid" : 0,
      "error" : 0,
      "eta" : 0,
      "elapsed" : 91,
      "job options" : {
        "name" : "jobname",
        "iodepth" : "4",
        "bs" : "4k",
        "rw" : "randread"
      },
      "mixed" : {
        "io_bytes" : 18069647360,
        "io_kbytes" : 17646140,
        "bw_bytes" : 200771628,
        "bw" : 196066,
        "iops" : 49016.510928,
        "runtime" : 90001,
        "total_ios" : 4411535,
        "short_ios" : 0,
        "drop_ios" : 0,
        "slat_ns" : {
          "min" : 1452,
          "max" : 85400,
          "mean" : 2420.802737,
          "stddev" : 626.077143
        },
        "clat_ns" : {
          "min" : 28764,
          "max" : 1959768,
          "mean" : 78574.582270,
          "stddev" : 17306.334291,
          "percentile" : {
            "1.000000" : 55040,
            "5.000000" : 65280,
            "10.000000" : 66048,
            "20.000000" : 67072,
            "30.000000" : 67072,
            "40.000000" : 69120,
            "50.000000" : 72192,
            "60.000000" : 80384,
            "70.000000" : 82432,
            "80.000000" : 84480,
            "90.000000" : 96768,
            "95.000000" : 117248,
            "99.000000" : 142336,
            "99.500000" : 152576,
            "99.900000" : 177152,
            "99.950000" : 189440,
            "99.990000" : 216064
          }
        },
        "lat_ns" : {
          "min" : 47840,
          "max" : 1964306,
          "mean" : 81091.962626,
          "stddev" : 17307.668584
        },
        "bw_min" : 194784,
        "bw_max" : 197352,
        "bw_agg" : 99.994390,
        "bw_mean" : 196055.000000,
        "bw_dev" : 505.123614,
        "bw_samples" : 179,
        "iops_min" : 48696,
        "iops_max" : 49338,
        "iops_mean" : 49013.737430,
        "iops_stddev" : 126.280735,
        "iops_samples" : 179
      },
      "job_runtime" : 90000,
      "usr_cpu" : 6.408889,
      "sys_cpu" : 17.006667,
      "ctx" : 3473939,
      "majf" : 0,
      "minf" : 14,
      "iodepth_level" : {
        "1" : 0.100000,
        "2" : 0.100000,
        "4" : 99.999932,
        "8" : 0.000000,
        "16" : 0.000000,
        "32" : 0.000000,
        ">=64" : 0.000000
      },
      "iodepth_submit" : {
        "0" : 0.000000,
        "4" : 100.000000,
        "8" : 0.000000,
        "16" : 0.000000,
        "32" : 0.000000,
        "64" : 0.000000,
        ">=64" : 0.000000
      },
      "iodepth_complete" : {
        "0" : 0.000000,
        "4" : 100.000000,
        "8" : 0.000000,
        "16" : 0.000000,
        "32" : 0.000000,
        "64" : 0.000000,
        ">=64" : 0.000000
      },
      "latency_ns" : {
        "2" : 0.000000,
        "4" : 0.000000,
        "10" : 0.000000,
        "20" : 0.000000,
        "50" : 0.000000,
        "100" : 0.000000,
        "250" : 0.000000,
        "500" : 0.000000,
        "750" : 0.000000,
        "1000" : 0.000000
      },
      "latency_us" : {
        "2" : 0.000000,
        "4" : 0.000000,
        "10" : 0.000000,
        "20" : 0.000000,
        "50" : 0.534576,
        "100" : 90.359705,
        "250" : 9.103407,
        "500" : 0.010000,
        "750" : 0.000000,
        "1000" : 0.010000
      },
      "latency_ms" : {
        "2" : 0.010000,
        "4" : 0.000000,
        "10" : 0.000000,
        "20" : 0.000000,
        "50" : 0.000000,
        "100" : 0.000000,
        "250" : 0.000000,
        "500" : 0.000000,
        "750" : 0.000000,
        "1000" : 0.000000,
        "2000" : 0.000000,
        ">=2000" : 0.000000
      },
      "latency_depth" : 4,
      "latency_target" : 0,
      "latency_percentile" : 100.000000,
      "latency_window" : 0
    }
  ],
  "disk_util" : [
    {
      "name" : "nvme0n1",
      "read_ios" : 4406687,
      "write_ios" : 0,
      "read_merges" : 0,
      "write_merges" : 0,
      "read_ticks" : 342737,
      "write_ticks" : 0,
      "in_queue" : 0,
      "util" : 99.939972
    }
  ]
}
