{
  "fio version" : "fio-3.16",
  "timestamp" : 1601058899,
  "timestamp_ms" : 1601058899338,
  "time" : "Fri Sep 25 14:34:59 2020",
  "global options" : {
    "unified_rw_reporting" : "1",
    "time_based" : "1",
    "runtime" : "90",
    "directory" : "/media/auto/work/tmp",
    "filename" : "testfile.dat",
    "filesize" : "20GiB",
    "direct" : "1",
    "ioengine" : "libaio"
  },
  "jobs" : [
    {
      "jobname" : "jobname",
      "groupid" : 0,
      "error" : 0,
      "eta" : 0,
      "elapsed" : 91,
      "job options" : {
        "name" : "jobname",
        "iodepth" : "32",
        "bs" : "8k",
        "rw" : "randread"
      },
      "mixed" : {
        "io_bytes" : 89802022912,
        "io_kbytes" : 87697288,
        "bw_bytes" : 997789168,
        "bw" : 974403,
        "iops" : 121800.435551,
        "runtime" : 90001,
        "total_ios" : 10962161,
        "short_ios" : 0,
        "drop_ios" : 0,
        "slat_ns" : {
          "min" : 1392,
          "max" : 430929,
          "mean" : 3100.249341,
          "stddev" : 1429.816853
        },
        "clat_ns" : {
          "min" : 34525,
          "max" : 1441294,
          "mean" : 258987.906397,
          "stddev" : 139579.846034,
          "percentile" : {
            "1.000000" : 78336,
            "5.000000" : 94720,
            "10.000000" : 111104,
            "20.000000" : 140288,
            "30.000000" : 166912,
            "40.000000" : 195584,
            "50.000000" : 226304,
            "60.000000" : 264192,
            "70.000000" : 305152,
            "80.000000" : 362496,
            "90.000000" : 452608,
            "95.000000" : 536576,
            "99.000000" : 700416,
            "99.500000" : 765952,
            "99.900000" : 905216,
            "99.950000" : 954368,
            "99.990000" : 1073152
          }
        },
        "lat_ns" : {
          "min" : 52869,
          "max" : 1443789,
          "mean" : 262195.760245,
          "stddev" : 139560.476325
        },
        "bw_min" : 965792,
        "bw_max" : 984208,
        "bw_agg" : 99.996442,
        "bw_mean" : 974368.333333,
        "bw_dev" : 3135.161432,
        "bw_samples" : 180,
        "iops_min" : 120724,
        "iops_max" : 123026,
        "iops_mean" : 121796.027778,
        "iops_stddev" : 391.893005,
        "iops_samples" : 180
      },
      "job_runtime" : 90000,
      "usr_cpu" : 15.085556,
      "sys_cpu" : 45.971111,
      "ctx" : 4134312,
      "majf" : 0,
      "minf" : 74,
      "iodepth_level" : {
        "1" : 0.100000,
        "2" : 0.100000,
        "4" : 0.100000,
        "8" : 0.100000,
        "16" : 0.100000,
        "32" : 99.999717,
        ">=64" : 0.000000
      },
      "iodepth_submit" : {
        "0" : 0.000000,
        "4" : 100.000000,
        "8" : 0.000000,
        "16" : 0.000000,
        "32" : 0.000000,
        "64" : 0.000000,
        ">=64" : 0.000000
      },
      "iodepth_complete" : {
        "0" : 0.000000,
        "4" : 99.999991,
        "8" : 0.000000,
        "16" : 0.000000,
        "32" : 0.100000,
        "64" : 0.000000,
        ">=64" : 0.000000
      },
      "latency_ns" : {
        "2" : 0.000000,
        "4" : 0.000000,
        "10" : 0.000000,
        "20" : 0.000000,
        "50" : 0.000000,
        "100" : 0.000000,
        "250" : 0.000000,
        "500" : 0.000000,
        "750" : 0.000000,
        "1000" : 0.000000
      },
      "latency_us" : {
        "2" : 0.000000,
        "4" : 0.000000,
        "10" : 0.000000,
        "20" : 0.000000,
        "50" : 0.010000,
        "100" : 6.699281,
        "250" : 49.992141,
        "500" : 36.643432,
        "750" : 6.072717,
        "1000" : 0.565409
      },
      "latency_ms" : {
        "2" : 0.026975,
        "4" : 0.000000,
        "10" : 0.000000,
        "20" : 0.000000,
        "50" : 0.000000,
        "100" : 0.000000,
        "250" : 0.000000,
        "500" : 0.000000,
        "750" : 0.000000,
        "1000" : 0.000000,
        "2000" : 0.000000,
        ">=2000" : 0.000000
      },
      "latency_depth" : 32,
      "latency_target" : 0,
      "latency_percentile" : 100.000000,
      "latency_window" : 0
    }
  ],
  "disk_util" : [
    {
      "name" : "nvme0n1",
      "read_ios" : 10949942,
      "write_ios" : 0,
      "read_merges" : 0,
      "write_merges" : 0,
      "read_ticks" : 2795544,
      "write_ticks" : 0,
      "in_queue" : 0,
      "util" : 99.928864
    }
  ]
}
