{
  "fio version" : "fio-3.16",
  "timestamp" : 1601057021,
  "timestamp_ms" : 1601057021751,
  "time" : "Fri Sep 25 14:03:41 2020",
  "global options" : {
    "unified_rw_reporting" : "1",
    "time_based" : "1",
    "runtime" : "90",
    "directory" : "/media/auto/work/tmp",
    "filename" : "testfile.dat",
    "filesize" : "20GiB",
    "direct" : "1",
    "ioengine" : "libaio"
  },
  "jobs" : [
    {
      "jobname" : "jobname",
      "groupid" : 0,
      "error" : 0,
      "eta" : 0,
      "elapsed" : 91,
      "job options" : {
        "name" : "jobname",
        "iodepth" : "8",
        "bs" : "4k",
        "rw" : "randread"
      },
      "mixed" : {
        "io_bytes" : 32296046592,
        "io_kbytes" : 31539108,
        "bw_bytes" : 358840975,
        "bw" : 350430,
        "iops" : 87607.659915,
        "runtime" : 90001,
        "total_ios" : 7884777,
        "short_ios" : 0,
        "drop_ios" : 0,
        "slat_ns" : {
          "min" : 1342,
          "max" : 730050,
          "mean" : 2638.553792,
          "stddev" : 1043.155760
        },
        "clat_ns" : {
          "min" : 7574,
          "max" : 2942482,
          "mean" : 88038.902121,
          "stddev" : 25735.947995,
          "percentile" : {
            "1.000000" : 58112,
            "5.000000" : 66048,
            "10.000000" : 67072,
            "20.000000" : 68096,
            "30.000000" : 71168,
            "40.000000" : 76288,
            "50.000000" : 81408,
            "60.000000" : 84480,
            "70.000000" : 91648,
            "80.000000" : 101888,
            "90.000000" : 124416,
            "95.000000" : 140288,
            "99.000000" : 177152,
            "99.500000" : 193536,
            "99.900000" : 232448,
            "99.950000" : 250880,
            "99.990000" : 296960
          }
        },
        "lat_ns" : {
          "min" : 11041,
          "max" : 2945568,
          "mean" : 90782.369559,
          "stddev" : 25738.047414
        },
        "bw_min" : 336224,
        "bw_max" : 353784,
        "bw_agg" : 99.999169,
        "bw_mean" : 350427.089385,
        "bw_dev" : 1761.967613,
        "bw_samples" : 179,
        "iops_min" : 84056,
        "iops_max" : 88446,
        "iops_mean" : 87606.770950,
        "iops_stddev" : 440.482624,
        "iops_samples" : 179
      },
      "job_runtime" : 90000,
      "usr_cpu" : 11.880000,
      "sys_cpu" : 30.493333,
      "ctx" : 4576654,
      "majf" : 0,
      "minf" : 18,
      "iodepth_level" : {
        "1" : 0.100000,
        "2" : 0.100000,
        "4" : 0.100000,
        "8" : 99.999911,
        "16" : 0.000000,
        "32" : 0.000000,
        ">=64" : 0.000000
      },
      "iodepth_submit" : {
        "0" : 0.000000,
        "4" : 100.000000,
        "8" : 0.000000,
        "16" : 0.000000,
        "32" : 0.000000,
        "64" : 0.000000,
        ">=64" : 0.000000
      },
      "iodepth_complete" : {
        "0" : 0.000000,
        "4" : 99.999987,
        "8" : 0.100000,
        "16" : 0.000000,
        "32" : 0.000000,
        "64" : 0.000000,
        ">=64" : 0.000000
      },
      "latency_ns" : {
        "2" : 0.000000,
        "4" : 0.000000,
        "10" : 0.000000,
        "20" : 0.000000,
        "50" : 0.000000,
        "100" : 0.000000,
        "250" : 0.000000,
        "500" : 0.000000,
        "750" : 0.000000,
        "1000" : 0.000000
      },
      "latency_us" : {
        "2" : 0.000000,
        "4" : 0.000000,
        "10" : 0.010000,
        "20" : 0.010000,
        "50" : 0.244801,
        "100" : 78.628831,
        "250" : 21.076233,
        "500" : 0.048752,
        "750" : 0.010000,
        "1000" : 0.010000
      },
      "latency_ms" : {
        "2" : 0.010000,
        "4" : 0.010000,
        "10" : 0.000000,
        "20" : 0.000000,
        "50" : 0.000000,
        "100" : 0.000000,
        "250" : 0.000000,
        "500" : 0.000000,
        "750" : 0.000000,
        "1000" : 0.000000,
        "2000" : 0.000000,
        ">=2000" : 0.000000
      },
      "latency_depth" : 8,
      "latency_target" : 0,
      "latency_percentile" : 100.000000,
      "latency_window" : 0
    }
  ],
  "disk_util" : [
    {
      "name" : "nvme0n1",
      "read_ios" : 7876088,
      "write_ios" : 0,
      "read_merges" : 0,
      "write_merges" : 0,
      "read_ticks" : 679503,
      "write_ticks" : 0,
      "in_queue" : 0,
      "util" : 99.935528
    }
  ]
}
