{
  "fio version" : "fio-3.16",
  "timestamp" : 1601048544,
  "timestamp_ms" : 1601048544177,
  "time" : "Fri Sep 25 11:42:24 2020",
  "global options" : {
    "unified_rw_reporting" : "1",
    "time_based" : "1",
    "runtime" : "90",
    "directory" : "/media/auto/work/tmp",
    "filename" : "testfile.dat",
    "filesize" : "20GiB",
    "direct" : "1",
    "ioengine" : "libaio"
  },
  "jobs" : [
    {
      "jobname" : "jobname",
      "groupid" : 0,
      "error" : 0,
      "eta" : 0,
      "elapsed" : 91,
      "job options" : {
        "name" : "jobname",
        "iodepth" : "12",
        "bs" : "4k",
        "rw" : "randwrite"
      },
      "mixed" : {
        "io_bytes" : 63031214080,
        "io_kbytes" : 61553920,
        "bw_bytes" : 700339041,
        "bw" : 683924,
        "iops" : 170981.211320,
        "runtime" : 90001,
        "total_ios" : 15388480,
        "short_ios" : 0,
        "drop_ios" : 0,
        "slat_ns" : {
          "min" : 1463,
          "max" : 250581,
          "mean" : 3046.726554,
          "stddev" : 1186.491493
        },
        "clat_ns" : {
          "min" : 24306,
          "max" : 59299845,
          "mean" : 66517.527836,
          "stddev" : 251312.793471,
          "percentile" : {
            "1.000000" : 31104,
            "5.000000" : 34048,
            "10.000000" : 35584,
            "20.000000" : 36608,
            "30.000000" : 37120,
            "40.000000" : 39168,
            "50.000000" : 49408,
            "60.000000" : 50944,
            "70.000000" : 51456,
            "80.000000" : 52480,
            "90.000000" : 68096,
            "95.000000" : 122368,
            "99.000000" : 577536,
            "99.500000" : 831488,
            "99.900000" : 1482752,
            "99.950000" : 1794048,
            "99.990000" : 7503872
          }
        },
        "lat_ns" : {
          "min" : 26179,
          "max" : 59302550,
          "mean" : 69669.759736,
          "stddev" : 251285.258756
        },
        "bw_min" : 120783,
        "bw_max" : 1242208,
        "bw_agg" : 100.000000,
        "bw_mean" : 684003.391061,
        "bw_dev" : 172957.389569,
        "bw_samples" : 179,
        "iops_min" : 30195,
        "iops_max" : 310552,
        "iops_mean" : 171000.843575,
        "iops_stddev" : 43239.340078,
        "iops_samples" : 179
      },
      "job_runtime" : 90000,
      "usr_cpu" : 18.397778,
      "sys_cpu" : 51.578889,
      "ctx" : 191267,
      "majf" : 0,
      "minf" : 11,
      "iodepth_level" : {
        "1" : 0.100000,
        "2" : 0.100000,
        "4" : 0.100000,
        "8" : 99.999955,
        "16" : 0.000000,
        "32" : 0.000000,
        ">=64" : 0.000000
      },
      "iodepth_submit" : {
        "0" : 0.000000,
        "4" : 100.000000,
        "8" : 0.000000,
        "16" : 0.000000,
        "32" : 0.000000,
        "64" : 0.000000,
        ">=64" : 0.000000
      },
      "iodepth_complete" : {
        "0" : 0.000000,
        "4" : 99.999994,
        "8" : 0.000000,
        "16" : 0.100000,
        "32" : 0.000000,
        "64" : 0.000000,
        ">=64" : 0.000000
      },
      "latency_ns" : {
        "2" : 0.000000,
        "4" : 0.000000,
        "10" : 0.000000,
        "20" : 0.000000,
        "50" : 0.000000,
        "100" : 0.000000,
        "250" : 0.000000,
        "500" : 0.000000,
        "750" : 0.000000,
        "1000" : 0.000000
      },
      "latency_us" : {
        "2" : 0.000000,
        "4" : 0.000000,
        "10" : 0.000000,
        "20" : 0.000000,
        "50" : 51.007851,
        "100" : 43.293925,
        "250" : 2.775258,
        "500" : 1.658936,
        "750" : 0.640726,
        "1000" : 0.305748
      },
      "latency_ms" : {
        "2" : 0.284544,
        "4" : 0.016324,
        "10" : 0.012002,
        "20" : 0.010000,
        "50" : 0.010000,
        "100" : 0.010000,
        "250" : 0.000000,
        "500" : 0.000000,
        "750" : 0.000000,
        "1000" : 0.000000,
        "2000" : 0.000000,
        ">=2000" : 0.000000
      },
      "latency_depth" : 12,
      "latency_target" : 0,
      "latency_percentile" : 100.000000,
      "latency_window" : 0
    }
  ],
  "disk_util" : [
    {
      "name" : "nvme0n1",
      "read_ios" : 0,
      "write_ios" : 15371625,
      "read_merges" : 0,
      "write_merges" : 17,
      "read_ticks" : 0,
      "write_ticks" : 519434,
      "in_queue" : 28072,
      "util" : 98.422545
    }
  ]
}
