{
  "fio version" : "fio-3.16",
  "timestamp" : 1601048413,
  "timestamp_ms" : 1601048413750,
  "time" : "Fri Sep 25 11:40:13 2020",
  "global options" : {
    "unified_rw_reporting" : "1",
    "time_based" : "1",
    "runtime" : "90",
    "directory" : "/media/auto/work/tmp",
    "filename" : "testfile.dat",
    "filesize" : "20GiB",
    "direct" : "1",
    "ioengine" : "libaio"
  },
  "jobs" : [
    {
      "jobname" : "jobname",
      "groupid" : 0,
      "error" : 0,
      "eta" : 0,
      "elapsed" : 91,
      "job options" : {
        "name" : "jobname",
        "iodepth" : "6",
        "bs" : "4k",
        "rw" : "randwrite"
      },
      "mixed" : {
        "io_bytes" : 64927354880,
        "io_kbytes" : 63405620,
        "bw_bytes" : 721407038,
        "bw" : 704499,
        "iops" : 176124.765280,
        "runtime" : 90001,
        "total_ios" : 15851405,
        "short_ios" : 0,
        "drop_ios" : 0,
        "slat_ns" : {
          "min" : 1493,
          "max" : 280456,
          "mean" : 3078.968146,
          "stddev" : 1161.451283
        },
        "clat_ns" : {
          "min" : 10630,
          "max" : 66388377,
          "mean" : 30363.541565,
          "stddev" : 153164.574067,
          "percentile" : {
            "1.000000" : 15040,
            "5.000000" : 15680,
            "10.000000" : 16512,
            "20.000000" : 16768,
            "30.000000" : 16768,
            "40.000000" : 17792,
            "50.000000" : 21888,
            "60.000000" : 23168,
            "70.000000" : 23424,
            "80.000000" : 24704,
            "90.000000" : 30080,
            "95.000000" : 36096,
            "99.000000" : 301056,
            "99.500000" : 464896,
            "99.900000" : 913408,
            "99.950000" : 1138688,
            "99.990000" : 1810432
          }
        },
        "lat_ns" : {
          "min" : 13455,
          "max" : 66390972,
          "mean" : 33540.611281,
          "stddev" : 153144.392548
        },
        "bw_min" : 613511,
        "bw_max" : 1225056,
        "bw_agg" : 100.000000,
        "bw_mean" : 704624.184358,
        "bw_dev" : 138304.654104,
        "bw_samples" : 179,
        "iops_min" : 153377,
        "iops_max" : 306264,
        "iops_mean" : 176156.106145,
        "iops_stddev" : 34576.148285,
        "iops_samples" : 179
      },
      "job_runtime" : 90000,
      "usr_cpu" : 18.761111,
      "sys_cpu" : 53.953333,
      "ctx" : 223464,
      "majf" : 0,
      "minf" : 11,
      "iodepth_level" : {
        "1" : 0.100000,
        "2" : 0.100000,
        "4" : 99.999981,
        "8" : 0.000000,
        "16" : 0.000000,
        "32" : 0.000000,
        ">=64" : 0.000000
      },
      "iodepth_submit" : {
        "0" : 0.000000,
        "4" : 100.000000,
        "8" : 0.000000,
        "16" : 0.000000,
        "32" : 0.000000,
        "64" : 0.000000,
        ">=64" : 0.000000
      },
      "iodepth_complete" : {
        "0" : 0.000000,
        "4" : 99.999994,
        "8" : 0.100000,
        "16" : 0.000000,
        "32" : 0.000000,
        "64" : 0.000000,
        ">=64" : 0.000000
      },
      "latency_ns" : {
        "2" : 0.000000,
        "4" : 0.000000,
        "10" : 0.000000,
        "20" : 0.000000,
        "50" : 0.000000,
        "100" : 0.000000,
        "250" : 0.000000,
        "500" : 0.000000,
        "750" : 0.000000,
        "1000" : 0.000000
      },
      "latency_us" : {
        "2" : 0.000000,
        "4" : 0.000000,
        "10" : 0.000000,
        "20" : 47.333388,
        "50" : 48.728545,
        "100" : 1.286593,
        "250" : 1.398936,
        "500" : 0.816022,
        "750" : 0.262664,
        "1000" : 0.098780
      },
      "latency_ms" : {
        "2" : 0.069521,
        "4" : 0.010000,
        "10" : 0.010000,
        "20" : 0.010000,
        "50" : 0.010000,
        "100" : 0.010000,
        "250" : 0.000000,
        "500" : 0.000000,
        "750" : 0.000000,
        "1000" : 0.000000,
        "2000" : 0.000000,
        ">=2000" : 0.000000
      },
      "latency_depth" : 6,
      "latency_target" : 0,
      "latency_percentile" : 100.000000,
      "latency_window" : 0
    }
  ],
  "disk_util" : [
    {
      "name" : "nvme0n1",
      "read_ios" : 0,
      "write_ios" : 15834540,
      "read_merges" : 0,
      "write_merges" : 17,
      "read_ticks" : 0,
      "write_ticks" : 309577,
      "in_queue" : 8412,
      "util" : 98.792824
    }
  ]
}
