{
  "fio version" : "fio-3.16",
  "timestamp" : 1601064532,
  "timestamp_ms" : 1601064532362,
  "time" : "Fri Sep 25 16:08:52 2020",
  "global options" : {
    "unified_rw_reporting" : "1",
    "time_based" : "1",
    "runtime" : "90",
    "directory" : "/media/auto/work/tmp",
    "filename" : "testfile.dat",
    "filesize" : "20GiB",
    "direct" : "1",
    "ioengine" : "libaio"
  },
  "jobs" : [
    {
      "jobname" : "jobname",
      "groupid" : 0,
      "error" : 0,
      "eta" : 0,
      "elapsed" : 91,
      "job options" : {
        "name" : "jobname",
        "iodepth" : "16",
        "bs" : "4k",
        "rw" : "read"
      },
      "mixed" : {
        "io_bytes" : 127909310464,
        "io_kbytes" : 124911436,
        "bw_bytes" : 1421198769,
        "bw" : 1387889,
        "iops" : 346972.355863,
        "runtime" : 90001,
        "total_ios" : 31227859,
        "short_ios" : 0,
        "drop_ios" : 0,
        "slat_ns" : {
          "min" : 1262,
          "max" : 167704,
          "mean" : 1907.836684,
          "stddev" : 720.951869
        },
        "clat_ns" : {
          "min" : 7514,
          "max" : 479720,
          "mean" : 43684.242115,
          "stddev" : 5866.172693,
          "percentile" : {
            "1.000000" : 40192,
            "5.000000" : 40704,
            "10.000000" : 41216,
            "20.000000" : 41216,
            "30.000000" : 41728,
            "40.000000" : 42240,
            "50.000000" : 42752,
            "60.000000" : 44288,
            "70.000000" : 44800,
            "80.000000" : 45312,
            "90.000000" : 46336,
            "95.000000" : 47872,
            "99.000000" : 54016,
            "99.500000" : 56064,
            "99.900000" : 138240,
            "99.950000" : 191488,
            "99.990000" : 248832
          }
        },
        "lat_ns" : {
          "min" : 8906,
          "max" : 481073,
          "mean" : 45690.752431,
          "stddev" : 5901.112428
        },
        "bw_min" : 1350128,
        "bw_max" : 1405152,
        "bw_agg" : 99.993732,
        "bw_mean" : 1387802.011173,
        "bw_dev" : 8273.753848,
        "bw_samples" : 179,
        "iops_min" : 337532,
        "iops_max" : 351288,
        "iops_mean" : 346950.497207,
        "iops_stddev" : 2068.420652,
        "iops_samples" : 179
      },
      "job_runtime" : 90000,
      "usr_cpu" : 32.960000,
      "sys_cpu" : 66.648889,
      "ctx" : 15895,
      "majf" : 0,
      "minf" : 28,
      "iodepth_level" : {
        "1" : 0.100000,
        "2" : 0.100000,
        "4" : 0.100000,
        "8" : 0.100000,
        "16" : 99.999664,
        "32" : 0.000000,
        ">=64" : 0.000000
      },
      "iodepth_submit" : {
        "0" : 0.000000,
        "4" : 100.000000,
        "8" : 0.000000,
        "16" : 0.000000,
        "32" : 0.000000,
        "64" : 0.000000,
        ">=64" : 0.000000
      },
      "iodepth_complete" : {
        "0" : 0.000000,
        "4" : 99.999978,
        "8" : 0.000000,
        "16" : 0.100000,
        "32" : 0.000000,
        "64" : 0.000000,
        ">=64" : 0.000000
      },
      "latency_ns" : {
        "2" : 0.000000,
        "4" : 0.000000,
        "10" : 0.000000,
        "20" : 0.000000,
        "50" : 0.000000,
        "100" : 0.000000,
        "250" : 0.000000,
        "500" : 0.000000,
        "750" : 0.000000,
        "1000" : 0.000000
      },
      "latency_us" : {
        "2" : 0.000000,
        "4" : 0.000000,
        "10" : 0.010000,
        "20" : 0.010000,
        "50" : 96.865648,
        "100" : 3.016841,
        "250" : 0.101595,
        "500" : 0.010000,
        "750" : 0.000000,
        "1000" : 0.000000
      },
      "latency_ms" : {
        "2" : 0.000000,
        "4" : 0.000000,
        "10" : 0.000000,
        "20" : 0.000000,
        "50" : 0.000000,
        "100" : 0.000000,
        "250" : 0.000000,
        "500" : 0.000000,
        "750" : 0.000000,
        "1000" : 0.000000,
        "2000" : 0.000000,
        ">=2000" : 0.000000
      },
      "latency_depth" : 16,
      "latency_target" : 0,
      "latency_percentile" : 100.000000,
      "latency_window" : 0
    }
  ],
  "disk_util" : [
    {
      "name" : "nvme0n1",
      "read_ios" : 31192646,
      "write_ios" : 0,
      "read_merges" : 0,
      "write_merges" : 0,
      "read_ticks" : 244157,
      "write_ticks" : 0,
      "in_queue" : 0,
      "util" : 99.991107
    }
  ]
}
