{
  "fio version" : "fio-3.16",
  "timestamp" : 1601082376,
  "timestamp_ms" : 1601082376684,
  "time" : "Fri Sep 25 21:06:16 2020",
  "global options" : {
    "unified_rw_reporting" : "1",
    "time_based" : "1",
    "runtime" : "90",
    "directory" : "/media/auto/work/tmp",
    "filename" : "testfile.dat",
    "filesize" : "20GiB",
    "direct" : "1",
    "ioengine" : "libaio"
  },
  "jobs" : [
    {
      "jobname" : "jobname",
      "groupid" : 0,
      "error" : 0,
      "eta" : 0,
      "elapsed" : 91,
      "job options" : {
        "name" : "jobname",
        "iodepth" : "2",
        "bs" : "512k",
        "rw" : "randread"
      },
      "mixed" : {
        "io_bytes" : 102724272128,
        "io_kbytes" : 100316672,
        "bw_bytes" : 1141368119,
        "bw" : 1114617,
        "iops" : 2176.986922,
        "runtime" : 90001,
        "total_ios" : 195931,
        "short_ios" : 0,
        "drop_ios" : 0,
        "slat_ns" : {
          "min" : 11752,
          "max" : 190407,
          "mean" : 24234.012346,
          "stddev" : 2806.431025
        },
        "clat_ns" : {
          "min" : 239760,
          "max" : 2495353,
          "mean" : 893575.757425,
          "stddev" : 146029.412128,
          "percentile" : {
            "1.000000" : 292864,
            "5.000000" : 700416,
            "10.000000" : 749568,
            "20.000000" : 790528,
            "30.000000" : 831488,
            "40.000000" : 872448,
            "50.000000" : 880640,
            "60.000000" : 913408,
            "70.000000" : 962560,
            "80.000000" : 1003520,
            "90.000000" : 1073152,
            "95.000000" : 1122304,
            "99.000000" : 1236992,
            "99.500000" : 1302528,
            "99.900000" : 1417216,
            "99.950000" : 1466368,
            "99.990000" : 1613824
          }
        },
        "lat_ns" : {
          "min" : 262383,
          "max" : 2518737,
          "mean" : 917944.246939,
          "stddev" : 146011.071593
        },
        "bw_min" : 1077248,
        "bw_max" : 1486848,
        "bw_agg" : 99.991823,
        "bw_mean" : 1114525.855556,
        "bw_dev" : 48050.658287,
        "bw_samples" : 180,
        "iops_min" : 2104,
        "iops_max" : 2904,
        "iops_mean" : 2176.777778,
        "iops_stddev" : 93.856872,
        "iops_samples" : 180
      },
      "job_runtime" : 90000,
      "usr_cpu" : 0.357778,
      "sys_cpu" : 5.765556,
      "ctx" : 194627,
      "majf" : 0,
      "minf" : 267,
      "iodepth_level" : {
        "1" : 0.100000,
        "2" : 99.999490,
        "4" : 0.000000,
        "8" : 0.000000,
        "16" : 0.000000,
        "32" : 0.000000,
        ">=64" : 0.000000
      },
      "iodepth_submit" : {
        "0" : 0.000000,
        "4" : 100.000000,
        "8" : 0.000000,
        "16" : 0.000000,
        "32" : 0.000000,
        "64" : 0.000000,
        ">=64" : 0.000000
      },
      "iodepth_complete" : {
        "0" : 0.000000,
        "4" : 100.000000,
        "8" : 0.000000,
        "16" : 0.000000,
        "32" : 0.000000,
        "64" : 0.000000,
        ">=64" : 0.000000
      },
      "latency_ns" : {
        "2" : 0.000000,
        "4" : 0.000000,
        "10" : 0.000000,
        "20" : 0.000000,
        "50" : 0.000000,
        "100" : 0.000000,
        "250" : 0.000000,
        "500" : 0.000000,
        "750" : 0.000000,
        "1000" : 0.000000
      },
      "latency_us" : {
        "2" : 0.000000,
        "4" : 0.000000,
        "10" : 0.000000,
        "20" : 0.000000,
        "50" : 0.000000,
        "100" : 0.000000,
        "250" : 0.016332,
        "500" : 1.696516,
        "750" : 7.698629,
        "1000" : 69.771501
      },
      "latency_ms" : {
        "2" : 20.816002,
        "4" : 0.010000,
        "10" : 0.000000,
        "20" : 0.000000,
        "50" : 0.000000,
        "100" : 0.000000,
        "250" : 0.000000,
        "500" : 0.000000,
        "750" : 0.000000,
        "1000" : 0.000000,
        "2000" : 0.000000,
        ">=2000" : 0.000000
      },
      "latency_depth" : 2,
      "latency_target" : 0,
      "latency_percentile" : 100.000000,
      "latency_window" : 0
    }
  ],
  "disk_util" : [
    {
      "name" : "nvme0n1",
      "read_ios" : 195713,
      "write_ios" : 0,
      "read_merges" : 0,
      "write_merges" : 0,
      "read_ticks" : 176370,
      "write_ticks" : 0,
      "in_queue" : 0,
      "util" : 99.934415
    }
  ]
}
