{
  "fio version" : "fio-3.16",
  "timestamp" : 1601059893,
  "timestamp_ms" : 1601059893423,
  "time" : "Fri Sep 25 14:51:33 2020",
  "global options" : {
    "unified_rw_reporting" : "1",
    "time_based" : "1",
    "runtime" : "90",
    "directory" : "/media/auto/work/tmp",
    "filename" : "testfile.dat",
    "filesize" : "20GiB",
    "direct" : "1",
    "ioengine" : "libaio"
  },
  "jobs" : [
    {
      "jobname" : "jobname",
      "groupid" : 0,
      "error" : 0,
      "eta" : 0,
      "elapsed" : 91,
      "job options" : {
        "name" : "jobname",
        "iodepth" : "24",
        "bs" : "16k",
        "rw" : "randread"
      },
      "mixed" : {
        "io_bytes" : 94587617280,
        "io_kbytes" : 92370720,
        "bw_bytes" : 1050961847,
        "bw" : 1026329,
        "iops" : 64145.620604,
        "runtime" : 90001,
        "total_ios" : 5773170,
        "short_ios" : 0,
        "drop_ios" : 0,
        "slat_ns" : {
          "min" : 1744,
          "max" : 289032,
          "mean" : 3249.026105,
          "stddev" : 1023.218795
        },
        "clat_ns" : {
          "min" : 60914,
          "max" : 1413102,
          "mean" : 370282.669610,
          "stddev" : 164955.764674,
          "percentile" : {
            "1.000000" : 100864,
            "5.000000" : 142336,
            "10.000000" : 173056,
            "20.000000" : 220160,
            "30.000000" : 264192,
            "40.000000" : 305152,
            "50.000000" : 350208,
            "60.000000" : 395264,
            "70.000000" : 444416,
            "80.000000" : 505856,
            "90.000000" : 593920,
            "95.000000" : 675840,
            "99.000000" : 815104,
            "99.500000" : 872448,
            "99.900000" : 978944,
            "99.950000" : 1019904,
            "99.990000" : 1105920
          }
        },
        "lat_ns" : {
          "min" : 70803,
          "max" : 1415867,
          "mean" : 373636.696705,
          "stddev" : 164935.839244
        },
        "bw_min" : 1012320,
        "bw_max" : 1038048,
        "bw_agg" : 99.998384,
        "bw_mean" : 1026312.413408,
        "bw_dev" : 4452.509079,
        "bw_samples" : 179,
        "iops_min" : 63270,
        "iops_max" : 64878,
        "iops_mean" : 64144.502793,
        "iops_stddev" : 278.288658,
        "iops_samples" : 179
      },
      "job_runtime" : 90000,
      "usr_cpu" : 8.273333,
      "sys_cpu" : 27.320000,
      "ctx" : 3760945,
      "majf" : 0,
      "minf" : 107,
      "iodepth_level" : {
        "1" : 0.100000,
        "2" : 0.100000,
        "4" : 0.100000,
        "8" : 0.100000,
        "16" : 99.999740,
        "32" : 0.000000,
        ">=64" : 0.000000
      },
      "iodepth_submit" : {
        "0" : 0.000000,
        "4" : 100.000000,
        "8" : 0.000000,
        "16" : 0.000000,
        "32" : 0.000000,
        "64" : 0.000000,
        ">=64" : 0.000000
      },
      "iodepth_complete" : {
        "0" : 0.000000,
        "4" : 99.999983,
        "8" : 0.000000,
        "16" : 0.000000,
        "32" : 0.100000,
        "64" : 0.000000,
        ">=64" : 0.000000
      },
      "latency_ns" : {
        "2" : 0.000000,
        "4" : 0.000000,
        "10" : 0.000000,
        "20" : 0.000000,
        "50" : 0.000000,
        "100" : 0.000000,
        "250" : 0.000000,
        "500" : 0.000000,
        "750" : 0.000000,
        "1000" : 0.000000
      },
      "latency_us" : {
        "2" : 0.000000,
        "4" : 0.000000,
        "10" : 0.000000,
        "20" : 0.000000,
        "50" : 0.000000,
        "100" : 0.951609,
        "250" : 25.569661,
        "500" : 52.390333,
        "750" : 18.812230,
        "1000" : 2.203590
      },
      "latency_ms" : {
        "2" : 0.072577,
        "4" : 0.000000,
        "10" : 0.000000,
        "20" : 0.000000,
        "50" : 0.000000,
        "100" : 0.000000,
        "250" : 0.000000,
        "500" : 0.000000,
        "750" : 0.000000,
        "1000" : 0.000000,
        "2000" : 0.000000,
        ">=2000" : 0.000000
      },
      "latency_depth" : 24,
      "latency_target" : 0,
      "latency_percentile" : 100.000000,
      "latency_window" : 0
    }
  ],
  "disk_util" : [
    {
      "name" : "nvme0n1",
      "read_ios" : 5766825,
      "write_ios" : 0,
      "read_merges" : 0,
      "write_merges" : 0,
      "read_ticks" : 2128241,
      "write_ticks" : 0,
      "in_queue" : 0,
      "util" : 99.932196
    }
  ]
}
