{
  "fio version" : "fio-3.16",
  "timestamp" : 1601060445,
  "timestamp_ms" : 1601060445678,
  "time" : "Fri Sep 25 15:00:45 2020",
  "global options" : {
    "unified_rw_reporting" : "1",
    "time_based" : "1",
    "runtime" : "90",
    "directory" : "/media/auto/work/tmp",
    "filename" : "testfile.dat",
    "filesize" : "20GiB",
    "direct" : "1",
    "ioengine" : "libaio"
  },
  "jobs" : [
    {
      "jobname" : "jobname",
      "groupid" : 0,
      "error" : 0,
      "eta" : 0,
      "elapsed" : 91,
      "job options" : {
        "name" : "jobname",
        "iodepth" : "4",
        "bs" : "32k",
        "rw" : "randread"
      },
      "mixed" : {
        "io_bytes" : 53798076416,
        "io_kbytes" : 52537184,
        "bw_bytes" : 597749762,
        "bw" : 583740,
        "iops" : 18241.875090,
        "runtime" : 90001,
        "total_ios" : 1641787,
        "short_ios" : 0,
        "drop_ios" : 0,
        "slat_ns" : {
          "min" : 2084,
          "max" : 208041,
          "mean" : 4163.574696,
          "stddev" : 797.141220
        },
        "clat_ns" : {
          "min" : 17283,
          "max" : 933963,
          "mean" : 214387.777455,
          "stddev" : 63963.516193,
          "percentile" : {
            "1.000000" : 129536,
            "5.000000" : 132096,
            "10.000000" : 140288,
            "20.000000" : 160768,
            "30.000000" : 166912,
            "40.000000" : 183296,
            "50.000000" : 201728,
            "60.000000" : 222208,
            "70.000000" : 240640,
            "80.000000" : 264192,
            "90.000000" : 305152,
            "95.000000" : 337920,
            "99.000000" : 407552,
            "99.500000" : 432128,
            "99.900000" : 477184,
            "99.950000" : 497664,
            "99.990000" : 544768
          }
        },
        "lat_ns" : {
          "min" : 26159,
          "max" : 940405,
          "mean" : 218666.475919,
          "stddev" : 63924.993407
        },
        "bw_min" : 577664,
        "bw_max" : 626560,
        "bw_agg" : 99.999912,
        "bw_mean" : 583739.486034,
        "bw_dev" : 5229.922810,
        "bw_samples" : 179,
        "iops_min" : 18052,
        "iops_max" : 19580,
        "iops_mean" : 18241.849162,
        "iops_stddev" : 163.437631,
        "iops_samples" : 179
      },
      "job_runtime" : 90000,
      "usr_cpu" : 2.785556,
      "sys_cpu" : 10.382222,
      "ctx" : 1485096,
      "majf" : 0,
      "minf" : 42,
      "iodepth_level" : {
        "1" : 0.100000,
        "2" : 0.100000,
        "4" : 99.999817,
        "8" : 0.000000,
        "16" : 0.000000,
        "32" : 0.000000,
        ">=64" : 0.000000
      },
      "iodepth_submit" : {
        "0" : 0.000000,
        "4" : 100.000000,
        "8" : 0.000000,
        "16" : 0.000000,
        "32" : 0.000000,
        "64" : 0.000000,
        ">=64" : 0.000000
      },
      "iodepth_complete" : {
        "0" : 0.000000,
        "4" : 100.000000,
        "8" : 0.000000,
        "16" : 0.000000,
        "32" : 0.000000,
        "64" : 0.000000,
        ">=64" : 0.000000
      },
      "latency_ns" : {
        "2" : 0.000000,
        "4" : 0.000000,
        "10" : 0.000000,
        "20" : 0.000000,
        "50" : 0.000000,
        "100" : 0.000000,
        "250" : 0.000000,
        "500" : 0.000000,
        "750" : 0.000000,
        "1000" : 0.000000
      },
      "latency_us" : {
        "2" : 0.000000,
        "4" : 0.000000,
        "10" : 0.000000,
        "20" : 0.010000,
        "50" : 0.010000,
        "100" : 0.011755,
        "250" : 73.947960,
        "500" : 25.993871,
        "750" : 0.045986,
        "1000" : 0.010000
      },
      "latency_ms" : {
        "2" : 0.000000,
        "4" : 0.000000,
        "10" : 0.000000,
        "20" : 0.000000,
        "50" : 0.000000,
        "100" : 0.000000,
        "250" : 0.000000,
        "500" : 0.000000,
        "750" : 0.000000,
        "1000" : 0.000000,
        "2000" : 0.000000,
        ">=2000" : 0.000000
      },
      "latency_depth" : 4,
      "latency_target" : 0,
      "latency_percentile" : 100.000000,
      "latency_window" : 0
    }
  ],
  "disk_util" : [
    {
      "name" : "nvme0n1",
      "read_ios" : 1639982,
      "write_ios" : 0,
      "read_merges" : 0,
      "write_merges" : 0,
      "read_ticks" : 351304,
      "write_ticks" : 0,
      "in_queue" : 0,
      "util" : 99.935528
    }
  ]
}
