{
  "fio version" : "fio-3.16",
  "timestamp" : 1600570581,
  "timestamp_ms" : 1600570581747,
  "time" : "Sat Sep 19 22:56:21 2020",
  "global options" : {
    "unified_rw_reporting" : "1",
    "time_based" : "1",
    "runtime" : "90",
    "directory" : "/media/auto/work/tmp",
    "filename" : "testfile.dat",
    "filesize" : "20GiB",
    "direct" : "1",
    "ioengine" : "libaio"
  },
  "jobs" : [
    {
      "jobname" : "jobname",
      "groupid" : 0,
      "error" : 0,
      "eta" : 0,
      "elapsed" : 91,
      "job options" : {
        "name" : "jobname",
        "iodepth" : "2",
        "bs" : "512k",
        "rw" : "write"
      },
      "mixed" : {
        "io_bytes" : 73620520960,
        "io_kbytes" : 71895040,
        "bw_bytes" : 817469891,
        "bw" : 798310,
        "iops" : 1559.200080,
        "runtime" : 90059,
        "total_ios" : 140420,
        "short_ios" : 0,
        "drop_ios" : 0,
        "slat_ns" : {
          "min" : 14126,
          "max" : 93716,
          "mean" : 28485.116002,
          "stddev" : 2772.332298
        },
        "clat_ns" : {
          "min" : 200045,
          "max" : 64850626,
          "mean" : 1253349.673458,
          "stddev" : 1182839.838515,
          "percentile" : {
            "1.000000" : 296960,
            "5.000000" : 325632,
            "10.000000" : 350208,
            "20.000000" : 428032,
            "30.000000" : 749568,
            "40.000000" : 1073152,
            "50.000000" : 1302528,
            "60.000000" : 1482752,
            "70.000000" : 1646592,
            "80.000000" : 1810432,
            "90.000000" : 2023424,
            "95.000000" : 2179072,
            "99.000000" : 2801664,
            "99.500000" : 3325952,
            "99.900000" : 5210112,
            "99.950000" : 19005440,
            "99.990000" : 58458112
          }
        },
        "lat_ns" : {
          "min" : 234951,
          "max" : 64878047,
          "mean" : 1281968.818309,
          "stddev" : 1182968.748177
        },
        "bw_min" : 616238,
        "bw_max" : 2479104,
        "bw_agg" : 100.000000,
        "bw_mean" : 798752.094444,
        "bw_dev" : 445270.322315,
        "bw_samples" : 180,
        "iops_min" : 1202,
        "iops_max" : 4842,
        "iops_mean" : 1560.044444,
        "iops_stddev" : 869.663486,
        "iops_samples" : 180
      },
      "job_runtime" : 90058,
      "usr_cpu" : 0.719536,
      "sys_cpu" : 4.332763,
      "ctx" : 140481,
      "majf" : 0,
      "minf" : 12,
      "iodepth_level" : {
        "1" : 0.100000,
        "2" : 99.997151,
        "4" : 0.000000,
        "8" : 0.000000,
        "16" : 0.000000,
        "32" : 0.000000,
        ">=64" : 0.000000
      },
      "iodepth_submit" : {
        "0" : 0.000000,
        "4" : 100.000000,
        "8" : 0.000000,
        "16" : 0.000000,
        "32" : 0.000000,
        "64" : 0.000000,
        ">=64" : 0.000000
      },
      "iodepth_complete" : {
        "0" : 0.000000,
        "4" : 100.000000,
        "8" : 0.000000,
        "16" : 0.000000,
        "32" : 0.000000,
        "64" : 0.000000,
        ">=64" : 0.000000
      },
      "latency_ns" : {
        "2" : 0.000000,
        "4" : 0.000000,
        "10" : 0.000000,
        "20" : 0.000000,
        "50" : 0.000000,
        "100" : 0.000000,
        "250" : 0.000000,
        "500" : 0.000000,
        "750" : 0.000000,
        "1000" : 0.000000
      },
      "latency_us" : {
        "2" : 0.000000,
        "4" : 0.000000,
        "10" : 0.000000,
        "20" : 0.000000,
        "50" : 0.000000,
        "100" : 0.000000,
        "250" : 0.010000,
        "500" : 23.986612,
        "750" : 5.993448,
        "1000" : 7.105825
      },
      "latency_ms" : {
        "2" : 52.093719,
        "4" : 10.607463,
        "10" : 0.139581,
        "20" : 0.021364,
        "50" : 0.031335,
        "100" : 0.017092,
        "250" : 0.000000,
        "500" : 0.000000,
        "750" : 0.000000,
        "1000" : 0.000000,
        "2000" : 0.000000,
        ">=2000" : 0.000000
      },
      "latency_depth" : 2,
      "latency_target" : 0,
      "latency_percentile" : 100.000000,
      "latency_window" : 0
    }
  ],
  "disk_util" : [
    {
      "name" : "nvme0n1",
      "read_ios" : 0,
      "write_ios" : 280598,
      "read_merges" : 0,
      "write_merges" : 17,
      "read_ticks" : 0,
      "write_ticks" : 352529,
      "in_queue" : 8848,
      "util" : 98.382525
    }
  ]
}
