{
  "fio version" : "fio-3.16",
  "timestamp" : 1601044499,
  "timestamp_ms" : 1601044499741,
  "time" : "Fri Sep 25 10:34:59 2020",
  "global options" : {
    "unified_rw_reporting" : "1",
    "time_based" : "1",
    "runtime" : "90",
    "directory" : "/media/auto/work/tmp",
    "filename" : "testfile.dat",
    "filesize" : "20GiB",
    "direct" : "1",
    "ioengine" : "libaio"
  },
  "jobs" : [
    {
      "jobname" : "jobname",
      "groupid" : 0,
      "error" : 0,
      "eta" : 0,
      "elapsed" : 91,
      "job options" : {
        "name" : "jobname",
        "iodepth" : "6",
        "bs" : "4k",
        "rw" : "write"
      },
      "mixed" : {
        "io_bytes" : 68591104000,
        "io_kbytes" : 66983500,
        "bw_bytes" : 761649462,
        "bw" : 743798,
        "iops" : 185949.575819,
        "runtime" : 90056,
        "total_ios" : 16745875,
        "short_ios" : 0,
        "drop_ios" : 0,
        "slat_ns" : {
          "min" : 1423,
          "max" : 714250,
          "mean" : 3006.962358,
          "stddev" : 1295.749168
        },
        "clat_ns" : {
          "min" : 10049,
          "max" : 61538646,
          "mean" : 28754.183793,
          "stddev" : 159294.929050,
          "percentile" : {
            "1.000000" : 14016,
            "5.000000" : 14912,
            "10.000000" : 15040,
            "20.000000" : 15936,
            "30.000000" : 16064,
            "40.000000" : 17024,
            "50.000000" : 20864,
            "60.000000" : 22144,
            "70.000000" : 22656,
            "80.000000" : 23936,
            "90.000000" : 28800,
            "95.000000" : 33024,
            "99.000000" : 280576,
            "99.500000" : 452608,
            "99.900000" : 929792,
            "99.950000" : 1155072,
            "99.990000" : 1826816
          }
        },
        "lat_ns" : {
          "min" : 12603,
          "max" : 61542193,
          "mean" : 31861.215267,
          "stddev" : 159278.594456
        },
        "bw_min" : 573671,
        "bw_max" : 1251808,
        "bw_agg" : 100.000000,
        "bw_mean" : 744225.933333,
        "bw_dev" : 190326.305097,
        "bw_samples" : 180,
        "iops_min" : 143417,
        "iops_max" : 312952,
        "iops_mean" : 186056.522222,
        "iops_stddev" : 47581.621492,
        "iops_samples" : 180
      },
      "job_runtime" : 90055,
      "usr_cpu" : 17.248348,
      "sys_cpu" : 55.670424,
      "ctx" : 461694,
      "majf" : 0,
      "minf" : 11,
      "iodepth_level" : {
        "1" : 0.100000,
        "2" : 0.100000,
        "4" : 99.999928,
        "8" : 0.000000,
        "16" : 0.000000,
        "32" : 0.000000,
        ">=64" : 0.000000
      },
      "iodepth_submit" : {
        "0" : 0.000000,
        "4" : 100.000000,
        "8" : 0.000000,
        "16" : 0.000000,
        "32" : 0.000000,
        "64" : 0.000000,
        ">=64" : 0.000000
      },
      "iodepth_complete" : {
        "0" : 0.000000,
        "4" : 99.999976,
        "8" : 0.100000,
        "16" : 0.000000,
        "32" : 0.000000,
        "64" : 0.000000,
        ">=64" : 0.000000
      },
      "latency_ns" : {
        "2" : 0.000000,
        "4" : 0.000000,
        "10" : 0.000000,
        "20" : 0.000000,
        "50" : 0.000000,
        "100" : 0.000000,
        "250" : 0.000000,
        "500" : 0.000000,
        "750" : 0.000000,
        "1000" : 0.000000
      },
      "latency_us" : {
        "2" : 0.000000,
        "4" : 0.000000,
        "10" : 0.000000,
        "20" : 48.823958,
        "50" : 47.798744,
        "100" : 1.014106,
        "250" : 1.215738,
        "500" : 0.731326,
        "750" : 0.239504,
        "1000" : 0.096842
      },
      "latency_ms" : {
        "2" : 0.074233,
        "4" : 0.010000,
        "10" : 0.010000,
        "20" : 0.010000,
        "50" : 0.010000,
        "100" : 0.010000,
        "250" : 0.000000,
        "500" : 0.000000,
        "750" : 0.000000,
        "1000" : 0.000000,
        "2000" : 0.000000,
        ">=2000" : 0.000000
      },
      "latency_depth" : 6,
      "latency_target" : 0,
      "latency_percentile" : 100.000000,
      "latency_window" : 0
    }
  ],
  "disk_util" : [
    {
      "name" : "nvme0n1",
      "read_ios" : 0,
      "write_ios" : 16729470,
      "read_merges" : 0,
      "write_merges" : 17,
      "read_ticks" : 0,
      "write_ticks" : 323054,
      "in_queue" : 8784,
      "util" : 98.671735
    }
  ]
}
