{
  "fio version" : "fio-3.16",
  "timestamp" : 1600550406,
  "timestamp_ms" : 1600550406412,
  "time" : "Sat Sep 19 17:20:06 2020",
  "global options" : {
    "unified_rw_reporting" : "1",
    "time_based" : "1",
    "runtime" : "90",
    "directory" : "/media/auto/work/tmp",
    "filename" : "testfile.dat",
    "filesize" : "20GiB",
    "direct" : "1",
    "ioengine" : "libaio"
  },
  "jobs" : [
    {
      "jobname" : "jobname",
      "groupid" : 0,
      "error" : 0,
      "eta" : 0,
      "elapsed" : 91,
      "job options" : {
        "name" : "jobname",
        "iodepth" : "32",
        "bs" : "512k",
        "rw" : "write"
      },
      "mixed" : {
        "io_bytes" : 72924266496,
        "io_kbytes" : 71215104,
        "bw_bytes" : 810017622,
        "bw" : 791032,
        "iops" : 1544.986004,
        "runtime" : 90028,
        "total_ios" : 139092,
        "short_ios" : 0,
        "drop_ios" : 0,
        "slat_ns" : {
          "min" : 13555,
          "max" : 23929918,
          "mean" : 33549.270325,
          "stddev" : 225080.209789
        },
        "clat_ns" : {
          "min" : 783440,
          "max" : 74235630,
          "mean" : 20675893.464009,
          "stddev" : 8170936.636959,
          "percentile" : {
            "1.000000" : 6324224,
            "5.000000" : 6389760,
            "10.000000" : 6455296,
            "20.000000" : 7766016,
            "30.000000" : 23199744,
            "40.000000" : 23724032,
            "50.000000" : 23986176,
            "60.000000" : 24248320,
            "70.000000" : 24510464,
            "80.000000" : 24772608,
            "90.000000" : 25821184,
            "95.000000" : 27131904,
            "99.000000" : 36438016,
            "99.500000" : 47448064,
            "99.900000" : 66846720,
            "99.950000" : 69730304,
            "99.990000" : 72876032
          }
        },
        "lat_ns" : {
          "min" : 823154,
          "max" : 86330989,
          "mean" : 20709644.425258,
          "stddev" : 8181304.490617
        },
        "bw_min" : 612351,
        "bw_max" : 2465792,
        "bw_agg" : 100.000000,
        "bw_mean" : 791045.255556,
        "bw_dev" : 439377.956884,
        "bw_samples" : 180,
        "iops_min" : 1195,
        "iops_max" : 4816,
        "iops_mean" : 1544.994444,
        "iops_stddev" : 858.164720,
        "iops_samples" : 180
      },
      "job_runtime" : 90027,
      "usr_cpu" : 1.988292,
      "sys_cpu" : 3.969920,
      "ctx" : 138512,
      "majf" : 0,
      "minf" : 12,
      "iodepth_level" : {
        "1" : 0.100000,
        "2" : 0.100000,
        "4" : 0.100000,
        "8" : 0.100000,
        "16" : 0.100000,
        "32" : 99.910850,
        ">=64" : 0.000000
      },
      "iodepth_submit" : {
        "0" : 0.000000,
        "4" : 100.000000,
        "8" : 0.000000,
        "16" : 0.000000,
        "32" : 0.000000,
        "64" : 0.000000,
        ">=64" : 0.000000
      },
      "iodepth_complete" : {
        "0" : 0.000000,
        "4" : 99.997122,
        "8" : 0.000000,
        "16" : 0.000000,
        "32" : 0.100000,
        "64" : 0.000000,
        ">=64" : 0.000000
      },
      "latency_ns" : {
        "2" : 0.000000,
        "4" : 0.000000,
        "10" : 0.000000,
        "20" : 0.000000,
        "50" : 0.000000,
        "100" : 0.000000,
        "250" : 0.000000,
        "500" : 0.000000,
        "750" : 0.000000,
        "1000" : 0.000000
      },
      "latency_us" : {
        "2" : 0.000000,
        "4" : 0.000000,
        "10" : 0.000000,
        "20" : 0.000000,
        "50" : 0.000000,
        "100" : 0.000000,
        "250" : 0.000000,
        "500" : 0.000000,
        "750" : 0.000000,
        "1000" : 0.010000
      },
      "latency_ms" : {
        "2" : 0.010000,
        "4" : 0.015817,
        "10" : 22.106951,
        "20" : 1.693843,
        "50" : 75.706008,
        "100" : 0.463003,
        "250" : 0.000000,
        "500" : 0.000000,
        "750" : 0.000000,
        "1000" : 0.000000,
        "2000" : 0.000000,
        ">=2000" : 0.000000
      },
      "latency_depth" : 32,
      "latency_target" : 0,
      "latency_percentile" : 100.000000,
      "latency_window" : 0
    }
  ],
  "disk_util" : [
    {
      "name" : "nvme0n1",
      "read_ios" : 0,
      "write_ios" : 138968,
      "read_merges" : 0,
      "write_merges" : 17,
      "read_ticks" : 0,
      "write_ticks" : 2867825,
      "in_queue" : 2582588,
      "util" : 98.307007
    }
  ]
}
