{
  "fio version" : "fio-3.16",
  "timestamp" : 1601069060,
  "timestamp_ms" : 1601069060847,
  "time" : "Fri Sep 25 17:24:20 2020",
  "global options" : {
    "unified_rw_reporting" : "1",
    "time_based" : "1",
    "runtime" : "90",
    "directory" : "/media/auto/work/tmp",
    "filename" : "testfile.dat",
    "filesize" : "20GiB",
    "direct" : "1",
    "ioengine" : "libaio"
  },
  "jobs" : [
    {
      "jobname" : "jobname",
      "groupid" : 0,
      "error" : 0,
      "eta" : 0,
      "elapsed" : 91,
      "job options" : {
        "name" : "jobname",
        "iodepth" : "6",
        "bs" : "256k",
        "rw" : "read"
      },
      "mixed" : {
        "io_bytes" : 310359097344,
        "io_kbytes" : 303085056,
        "bw_bytes" : 3448396099,
        "bw" : 3367574,
        "iops" : 13154.587171,
        "runtime" : 90001,
        "total_ios" : 1183926,
        "short_ios" : 0,
        "drop_ios" : 0,
        "slat_ns" : {
          "min" : 6011,
          "max" : 390072,
          "mean" : 11272.396519,
          "stddev" : 2366.242102
        },
        "clat_ns" : {
          "min" : 75521,
          "max" : 2484442,
          "mean" : 444238.293395,
          "stddev" : 92925.989167,
          "percentile" : {
            "1.000000" : 234496,
            "5.000000" : 342016,
            "10.000000" : 374784,
            "20.000000" : 399360,
            "30.000000" : 411648,
            "40.000000" : 419840,
            "50.000000" : 423936,
            "60.000000" : 432128,
            "70.000000" : 444416,
            "80.000000" : 468992,
            "90.000000" : 552960,
            "95.000000" : 643072,
            "99.000000" : 806912,
            "99.500000" : 847872,
            "99.900000" : 921600,
            "99.950000" : 946176,
            "99.990000" : 1011712
          }
        },
        "lat_ns" : {
          "min" : 98966,
          "max" : 2493850,
          "mean" : 455618.638107,
          "stddev" : 92781.890758
        },
        "bw_min" : 3342848,
        "bw_max" : 3392000,
        "bw_agg" : 99.998481,
        "bw_mean" : 3367522.844444,
        "bw_dev" : 9804.042906,
        "bw_samples" : 180,
        "iops_min" : 13058,
        "iops_max" : 13250,
        "iops_mean" : 13154.377778,
        "iops_stddev" : 38.304011,
        "iops_samples" : 180
      },
      "job_runtime" : 90000,
      "usr_cpu" : 1.510000,
      "sys_cpu" : 16.953333,
      "ctx" : 1139261,
      "majf" : 0,
      "minf" : 395,
      "iodepth_level" : {
        "1" : 0.100000,
        "2" : 0.100000,
        "4" : 99.995946,
        "8" : 0.000000,
        "16" : 0.000000,
        "32" : 0.000000,
        ">=64" : 0.000000
      },
      "iodepth_submit" : {
        "0" : 0.000000,
        "4" : 100.000000,
        "8" : 0.000000,
        "16" : 0.000000,
        "32" : 0.000000,
        "64" : 0.000000,
        ">=64" : 0.000000
      },
      "iodepth_complete" : {
        "0" : 0.000000,
        "4" : 99.998648,
        "8" : 0.100000,
        "16" : 0.000000,
        "32" : 0.000000,
        "64" : 0.000000,
        ">=64" : 0.000000
      },
      "latency_ns" : {
        "2" : 0.000000,
        "4" : 0.000000,
        "10" : 0.000000,
        "20" : 0.000000,
        "50" : 0.000000,
        "100" : 0.000000,
        "250" : 0.000000,
        "500" : 0.000000,
        "750" : 0.000000,
        "1000" : 0.000000
      },
      "latency_us" : {
        "2" : 0.000000,
        "4" : 0.000000,
        "10" : 0.000000,
        "20" : 0.000000,
        "50" : 0.000000,
        "100" : 0.010000,
        "250" : 1.363683,
        "500" : 84.089208,
        "750" : 12.540987,
        "1000" : 1.990074
      },
      "latency_ms" : {
        "2" : 0.014359,
        "4" : 0.010000,
        "10" : 0.000000,
        "20" : 0.000000,
        "50" : 0.000000,
        "100" : 0.000000,
        "250" : 0.000000,
        "500" : 0.000000,
        "750" : 0.000000,
        "1000" : 0.000000,
        "2000" : 0.000000,
        ">=2000" : 0.000000
      },
      "latency_depth" : 6,
      "latency_target" : 0,
      "latency_percentile" : 100.000000,
      "latency_window" : 0
    }
  ],
  "disk_util" : [
    {
      "name" : "nvme0n1",
      "read_ios" : 1182611,
      "write_ios" : 0,
      "read_merges" : 0,
      "write_merges" : 0,
      "read_ticks" : 528504,
      "write_ticks" : 0,
      "in_queue" : 0,
      "util" : 99.939972
    }
  ]
}
