{
  "fio version" : "fio-3.16",
  "timestamp" : 1601059009,
  "timestamp_ms" : 1601059009798,
  "time" : "Fri Sep 25 14:36:49 2020",
  "global options" : {
    "unified_rw_reporting" : "1",
    "time_based" : "1",
    "runtime" : "90",
    "directory" : "/media/auto/work/tmp",
    "filename" : "testfile.dat",
    "filesize" : "20GiB",
    "direct" : "1",
    "ioengine" : "libaio"
  },
  "jobs" : [
    {
      "jobname" : "jobname",
      "groupid" : 0,
      "error" : 0,
      "eta" : 0,
      "elapsed" : 91,
      "job options" : {
        "name" : "jobname",
        "iodepth" : "1",
        "bs" : "16k",
        "rw" : "randread"
      },
      "mixed" : {
        "io_bytes" : 17189273600,
        "io_kbytes" : 16786400,
        "bw_bytes" : 190989806,
        "bw" : 186513,
        "iops" : 11657.092699,
        "runtime" : 90001,
        "total_ios" : 1049150,
        "short_ios" : 0,
        "drop_ios" : 0,
        "slat_ns" : {
          "min" : 1943,
          "max" : 110187,
          "mean" : 3623.372102,
          "stddev" : 781.335288
        },
        "clat_ns" : {
          "min" : 27331,
          "max" : 1450743,
          "mean" : 81416.454572,
          "stddev" : 8493.283640,
          "percentile" : {
            "1.000000" : 70144,
            "5.000000" : 71168,
            "10.000000" : 71168,
            "20.000000" : 72192,
            "30.000000" : 73216,
            "40.000000" : 83456,
            "50.000000" : 85504,
            "60.000000" : 86528,
            "70.000000" : 86528,
            "80.000000" : 87552,
            "90.000000" : 88576,
            "95.000000" : 88576,
            "99.000000" : 98816,
            "99.500000" : 118272,
            "99.900000" : 142336,
            "99.950000" : 148480,
            "99.990000" : 162816
          }
        },
        "lat_ns" : {
          "min" : 70392,
          "max" : 1457726,
          "mean" : 85154.428392,
          "stddev" : 8619.178169
        },
        "bw_min" : 184864,
        "bw_max" : 187648,
        "bw_agg" : 99.996870,
        "bw_mean" : 186507.162011,
        "bw_dev" : 548.451048,
        "bw_samples" : 179,
        "iops_min" : 11554,
        "iops_max" : 11728,
        "iops_mean" : 11656.681564,
        "iops_stddev" : 34.295547,
        "iops_samples" : 179
      },
      "job_runtime" : 90000,
      "usr_cpu" : 1.971111,
      "sys_cpu" : 6.016667,
      "ctx" : 1049292,
      "majf" : 0,
      "minf" : 15,
      "iodepth_level" : {
        "1" : 100.000000,
        "2" : 0.000000,
        "4" : 0.000000,
        "8" : 0.000000,
        "16" : 0.000000,
        "32" : 0.000000,
        ">=64" : 0.000000
      },
      "iodepth_submit" : {
        "0" : 0.000000,
        "4" : 100.000000,
        "8" : 0.000000,
        "16" : 0.000000,
        "32" : 0.000000,
        "64" : 0.000000,
        ">=64" : 0.000000
      },
      "iodepth_complete" : {
        "0" : 0.000000,
        "4" : 100.000000,
        "8" : 0.000000,
        "16" : 0.000000,
        "32" : 0.000000,
        "64" : 0.000000,
        ">=64" : 0.000000
      },
      "latency_ns" : {
        "2" : 0.000000,
        "4" : 0.000000,
        "10" : 0.000000,
        "20" : 0.000000,
        "50" : 0.000000,
        "100" : 0.000000,
        "250" : 0.000000,
        "500" : 0.000000,
        "750" : 0.000000,
        "1000" : 0.000000
      },
      "latency_us" : {
        "2" : 0.000000,
        "4" : 0.000000,
        "10" : 0.000000,
        "20" : 0.000000,
        "50" : 0.010000,
        "100" : 99.020922,
        "250" : 0.977077,
        "500" : 0.010000,
        "750" : 0.010000,
        "1000" : 0.000000
      },
      "latency_ms" : {
        "2" : 0.010000,
        "4" : 0.000000,
        "10" : 0.000000,
        "20" : 0.000000,
        "50" : 0.000000,
        "100" : 0.000000,
        "250" : 0.000000,
        "500" : 0.000000,
        "750" : 0.000000,
        "1000" : 0.000000,
        "2000" : 0.000000,
        ">=2000" : 0.000000
      },
      "latency_depth" : 1,
      "latency_target" : 0,
      "latency_percentile" : 100.000000,
      "latency_window" : 0
    }
  ],
  "disk_util" : [
    {
      "name" : "nvme0n1",
      "read_ios" : 1047973,
      "write_ios" : 0,
      "read_merges" : 0,
      "write_merges" : 0,
      "read_ticks" : 85396,
      "write_ticks" : 0,
      "in_queue" : 0,
      "util" : 99.934415
    }
  ]
}
