{
  "fio version" : "fio-3.16",
  "timestamp" : 1601066851,
  "timestamp_ms" : 1601066851812,
  "time" : "Fri Sep 25 16:47:31 2020",
  "global options" : {
    "unified_rw_reporting" : "1",
    "time_based" : "1",
    "runtime" : "90",
    "directory" : "/media/auto/work/tmp",
    "filename" : "testfile.dat",
    "filesize" : "20GiB",
    "direct" : "1",
    "ioengine" : "libaio"
  },
  "jobs" : [
    {
      "jobname" : "jobname",
      "groupid" : 0,
      "error" : 0,
      "eta" : 0,
      "elapsed" : 91,
      "job options" : {
        "name" : "jobname",
        "iodepth" : "12",
        "bs" : "16k",
        "rw" : "read"
      },
      "mixed" : {
        "io_bytes" : 210853937152,
        "io_kbytes" : 205912048,
        "bw_bytes" : 2342795492,
        "bw" : 2287886,
        "iops" : 142992.888968,
        "runtime" : 90001,
        "total_ios" : 12869503,
        "short_ios" : 0,
        "drop_ios" : 0,
        "slat_ns" : {
          "min" : 1683,
          "max" : 258926,
          "mean" : 3489.805246,
          "stddev" : 1501.482558
        },
        "clat_ns" : {
          "min" : 11562,
          "max" : 599666,
          "mean" : 79897.488888,
          "stddev" : 49460.365264,
          "percentile" : {
            "1.000000" : 37632,
            "5.000000" : 46848,
            "10.000000" : 50432,
            "20.000000" : 51456,
            "30.000000" : 52480,
            "40.000000" : 53504,
            "50.000000" : 55552,
            "60.000000" : 65280,
            "70.000000" : 74240,
            "80.000000" : 93696,
            "90.000000" : 166912,
            "95.000000" : 199680,
            "99.000000" : 248832,
            "99.500000" : 268288,
            "99.900000" : 317440,
            "99.950000" : 337920,
            "99.990000" : 395264
          }
        },
        "lat_ns" : {
          "min" : 14598,
          "max" : 602531,
          "mean" : 83505.292804,
          "stddev" : 49276.264999
        },
        "bw_min" : 2272224,
        "bw_max" : 2303232,
        "bw_agg" : 99.995486,
        "bw_mean" : 2287782.731844,
        "bw_dev" : 4824.327748,
        "bw_samples" : 179,
        "iops_min" : 142014,
        "iops_max" : 143952,
        "iops_mean" : 142986.418994,
        "iops_stddev" : 301.536082,
        "iops_samples" : 179
      },
      "job_runtime" : 90000,
      "usr_cpu" : 14.942222,
      "sys_cpu" : 52.885556,
      "ctx" : 2345101,
      "majf" : 0,
      "minf" : 60,
      "iodepth_level" : {
        "1" : 0.100000,
        "2" : 0.100000,
        "4" : 0.100000,
        "8" : 99.999402,
        "16" : 0.000000,
        "32" : 0.000000,
        ">=64" : 0.000000
      },
      "iodepth_submit" : {
        "0" : 0.000000,
        "4" : 100.000000,
        "8" : 0.000000,
        "16" : 0.000000,
        "32" : 0.000000,
        "64" : 0.000000,
        ">=64" : 0.000000
      },
      "iodepth_complete" : {
        "0" : 0.000000,
        "4" : 99.999915,
        "8" : 0.000000,
        "16" : 0.100000,
        "32" : 0.000000,
        "64" : 0.000000,
        ">=64" : 0.000000
      },
      "latency_ns" : {
        "2" : 0.000000,
        "4" : 0.000000,
        "10" : 0.000000,
        "20" : 0.000000,
        "50" : 0.000000,
        "100" : 0.000000,
        "250" : 0.000000,
        "500" : 0.000000,
        "750" : 0.000000,
        "1000" : 0.000000
      },
      "latency_us" : {
        "2" : 0.000000,
        "4" : 0.000000,
        "10" : 0.000000,
        "20" : 0.010000,
        "50" : 9.450932,
        "100" : 72.280880,
        "250" : 17.284117,
        "500" : 0.980799,
        "750" : 0.010000,
        "1000" : 0.000000
      },
      "latency_ms" : {
        "2" : 0.000000,
        "4" : 0.000000,
        "10" : 0.000000,
        "20" : 0.000000,
        "50" : 0.000000,
        "100" : 0.000000,
        "250" : 0.000000,
        "500" : 0.000000,
        "750" : 0.000000,
        "1000" : 0.000000,
        "2000" : 0.000000,
        ">=2000" : 0.000000
      },
      "latency_depth" : 12,
      "latency_target" : 0,
      "latency_percentile" : 100.000000,
      "latency_window" : 0
    }
  ],
  "disk_util" : [
    {
      "name" : "nvme0n1",
      "read_ios" : 12855123,
      "write_ios" : 0,
      "read_merges" : 0,
      "write_merges" : 0,
      "read_ticks" : 840530,
      "write_ticks" : 0,
      "in_queue" : 0,
      "util" : 99.948867
    }
  ]
}
