{
  "fio version" : "fio-3.16",
  "timestamp" : 1601066189,
  "timestamp_ms" : 1601066189106,
  "time" : "Fri Sep 25 16:36:29 2020",
  "global options" : {
    "unified_rw_reporting" : "1",
    "time_based" : "1",
    "runtime" : "90",
    "directory" : "/media/auto/work/tmp",
    "filename" : "testfile.dat",
    "filesize" : "20GiB",
    "direct" : "1",
    "ioengine" : "libaio"
  },
  "jobs" : [
    {
      "jobname" : "jobname",
      "groupid" : 0,
      "error" : 0,
      "eta" : 0,
      "elapsed" : 91,
      "job options" : {
        "name" : "jobname",
        "iodepth" : "32",
        "bs" : "8k",
        "rw" : "read"
      },
      "mixed" : {
        "io_bytes" : 182301286400,
        "io_kbytes" : 178028600,
        "bw_bytes" : 2025547342,
        "bw" : 1978073,
        "iops" : 247259.197120,
        "runtime" : 90001,
        "total_ios" : 22253575,
        "short_ios" : 0,
        "drop_ios" : 0,
        "slat_ns" : {
          "min" : 1452,
          "max" : 250089,
          "mean" : 2494.935949,
          "stddev" : 1132.067061
        },
        "clat_ns" : {
          "min" : 15519,
          "max" : 943811,
          "mean" : 126503.901626,
          "stddev" : 58361.379220,
          "percentile" : {
            "1.000000" : 70144,
            "5.000000" : 75264,
            "10.000000" : 81408,
            "20.000000" : 91648,
            "30.000000" : 94720,
            "40.000000" : 96768,
            "50.000000" : 100864,
            "60.000000" : 108032,
            "70.000000" : 120320,
            "80.000000" : 168960,
            "90.000000" : 230400,
            "95.000000" : 264192,
            "99.000000" : 309248,
            "99.500000" : 325632,
            "99.900000" : 370688,
            "99.950000" : 387072,
            "99.990000" : 432128
          }
        },
        "lat_ns" : {
          "min" : 17212,
          "max" : 945404,
          "mean" : 129086.029047,
          "stddev" : 58280.955804
        },
        "bw_min" : 1911936,
        "bw_max" : 2034762,
        "bw_agg" : 99.992621,
        "bw_mean" : 1977927.039106,
        "bw_dev" : 22232.771793,
        "bw_samples" : 179,
        "iops_min" : 238992,
        "iops_max" : 254345,
        "iops_mean" : 247240.871508,
        "iops_stddev" : 2779.097501,
        "iops_samples" : 179
      },
      "job_runtime" : 90000,
      "usr_cpu" : 19.193333,
      "sys_cpu" : 62.040000,
      "ctx" : 504566,
      "majf" : 0,
      "minf" : 76,
      "iodepth_level" : {
        "1" : 0.100000,
        "2" : 0.100000,
        "4" : 0.100000,
        "8" : 0.100000,
        "16" : 0.100000,
        "32" : 99.998607,
        ">=64" : 0.000000
      },
      "iodepth_submit" : {
        "0" : 0.000000,
        "4" : 100.000000,
        "8" : 0.000000,
        "16" : 0.000000,
        "32" : 0.000000,
        "64" : 0.000000,
        ">=64" : 0.000000
      },
      "iodepth_complete" : {
        "0" : 0.000000,
        "4" : 99.999955,
        "8" : 0.000000,
        "16" : 0.000000,
        "32" : 0.100000,
        "64" : 0.000000,
        ">=64" : 0.000000
      },
      "latency_ns" : {
        "2" : 0.000000,
        "4" : 0.000000,
        "10" : 0.000000,
        "20" : 0.000000,
        "50" : 0.000000,
        "100" : 0.000000,
        "250" : 0.000000,
        "500" : 0.000000,
        "750" : 0.000000,
        "1000" : 0.000000
      },
      "latency_us" : {
        "2" : 0.000000,
        "4" : 0.000000,
        "10" : 0.000000,
        "20" : 0.010000,
        "50" : 0.010000,
        "100" : 48.714923,
        "250" : 44.460910,
        "500" : 6.821605,
        "750" : 0.010000,
        "1000" : 0.010000
      },
      "latency_ms" : {
        "2" : 0.000000,
        "4" : 0.000000,
        "10" : 0.000000,
        "20" : 0.000000,
        "50" : 0.000000,
        "100" : 0.000000,
        "250" : 0.000000,
        "500" : 0.000000,
        "750" : 0.000000,
        "1000" : 0.000000,
        "2000" : 0.000000,
        ">=2000" : 0.000000
      },
      "latency_depth" : 32,
      "latency_target" : 0,
      "latency_percentile" : 100.000000,
      "latency_window" : 0
    }
  ],
  "disk_util" : [
    {
      "name" : "nvme0n1",
      "read_ios" : 22229923,
      "write_ios" : 0,
      "read_merges" : 0,
      "write_merges" : 0,
      "read_ticks" : 1370151,
      "write_ticks" : 0,
      "in_queue" : 0,
      "util" : 99.948865
    }
  ]
}
