{
  "fio version" : "fio-3.16",
  "timestamp" : 1601045282,
  "timestamp_ms" : 1601045282535,
  "time" : "Fri Sep 25 10:48:02 2020",
  "global options" : {
    "unified_rw_reporting" : "1",
    "time_based" : "1",
    "runtime" : "90",
    "directory" : "/media/auto/work/tmp",
    "filename" : "testfile.dat",
    "filesize" : "20GiB",
    "direct" : "1",
    "ioengine" : "libaio"
  },
  "jobs" : [
    {
      "jobname" : "jobname",
      "groupid" : 0,
      "error" : 0,
      "eta" : 0,
      "elapsed" : 91,
      "job options" : {
        "name" : "jobname",
        "iodepth" : "12",
        "bs" : "8k",
        "rw" : "write"
      },
      "mixed" : {
        "io_bytes" : 71412727808,
        "io_kbytes" : 69738992,
        "bw_bytes" : 793457121,
        "bw" : 774860,
        "iops" : 96857.558721,
        "runtime" : 90002,
        "total_ios" : 8717374,
        "short_ios" : 0,
        "drop_ios" : 0,
        "slat_ns" : {
          "min" : 1543,
          "max" : 376186,
          "mean" : 3671.897984,
          "stddev" : 1457.357895
        },
        "clat_ns" : {
          "min" : 16321,
          "max" : 64649433,
          "mean" : 119625.077838,
          "stddev" : 334841.434908,
          "percentile" : {
            "1.000000" : 34048,
            "5.000000" : 35584,
            "10.000000" : 36608,
            "20.000000" : 45312,
            "30.000000" : 51968,
            "40.000000" : 53504,
            "50.000000" : 56064,
            "60.000000" : 61696,
            "70.000000" : 68096,
            "80.000000" : 88576,
            "90.000000" : 228352,
            "95.000000" : 452608,
            "99.000000" : 1220608,
            "99.500000" : 1466368,
            "99.900000" : 1990656,
            "99.950000" : 2211840,
            "99.990000" : 3784704
          }
        },
        "lat_ns" : {
          "min" : 22202,
          "max" : 64652178,
          "mean" : 123419.070351,
          "stddev" : 334780.460812
        },
        "bw_min" : 509103,
        "bw_max" : 2177488,
        "bw_agg" : 99.997196,
        "bw_mean" : 774838.272222,
        "bw_dev" : 385854.613685,
        "bw_samples" : 180,
        "iops_min" : 63637,
        "iops_max" : 272186,
        "iops_mean" : 96854.783333,
        "iops_stddev" : 48231.818758,
        "iops_samples" : 180
      },
      "job_runtime" : 90001,
      "usr_cpu" : 10.996544,
      "sys_cpu" : 35.980711,
      "ctx" : 568339,
      "majf" : 0,
      "minf" : 12,
      "iodepth_level" : {
        "1" : 0.100000,
        "2" : 0.100000,
        "4" : 0.100000,
        "8" : 99.999679,
        "16" : 0.000000,
        "32" : 0.000000,
        ">=64" : 0.000000
      },
      "iodepth_submit" : {
        "0" : 0.000000,
        "4" : 100.000000,
        "8" : 0.000000,
        "16" : 0.000000,
        "32" : 0.000000,
        "64" : 0.000000,
        ">=64" : 0.000000
      },
      "iodepth_complete" : {
        "0" : 0.000000,
        "4" : 99.999954,
        "8" : 0.000000,
        "16" : 0.100000,
        "32" : 0.000000,
        "64" : 0.000000,
        ">=64" : 0.000000
      },
      "latency_ns" : {
        "2" : 0.000000,
        "4" : 0.000000,
        "10" : 0.000000,
        "20" : 0.000000,
        "50" : 0.000000,
        "100" : 0.000000,
        "250" : 0.000000,
        "500" : 0.000000,
        "750" : 0.000000,
        "1000" : 0.000000
      },
      "latency_us" : {
        "2" : 0.000000,
        "4" : 0.000000,
        "10" : 0.000000,
        "20" : 0.010000,
        "50" : 25.347519,
        "100" : 56.563571,
        "250" : 8.799565,
        "500" : 4.899285,
        "750" : 1.839442,
        "1000" : 0.983599
      },
      "latency_ms" : {
        "2" : 1.470902,
        "4" : 0.086838,
        "10" : 0.010000,
        "20" : 0.010000,
        "50" : 0.010000,
        "100" : 0.010000,
        "250" : 0.000000,
        "500" : 0.000000,
        "750" : 0.000000,
        "1000" : 0.000000,
        "2000" : 0.000000,
        ">=2000" : 0.000000
      },
      "latency_depth" : 12,
      "latency_target" : 0,
      "latency_percentile" : 100.000000,
      "latency_window" : 0
    }
  ],
  "disk_util" : [
    {
      "name" : "nvme0n1",
      "read_ios" : 0,
      "write_ios" : 8708612,
      "read_merges" : 0,
      "write_merges" : 17,
      "read_ticks" : 0,
      "write_ticks" : 832388,
      "in_queue" : 15836,
      "util" : 98.787279
    }
  ]
}
