{
  "fio version" : "fio-3.16",
  "timestamp" : 1601059451,
  "timestamp_ms" : 1601059451613,
  "time" : "Fri Sep 25 14:44:11 2020",
  "global options" : {
    "unified_rw_reporting" : "1",
    "time_based" : "1",
    "runtime" : "90",
    "directory" : "/media/auto/work/tmp",
    "filename" : "testfile.dat",
    "filesize" : "20GiB",
    "direct" : "1",
    "ioengine" : "libaio"
  },
  "jobs" : [
    {
      "jobname" : "jobname",
      "groupid" : 0,
      "error" : 0,
      "eta" : 0,
      "elapsed" : 91,
      "job options" : {
        "name" : "jobname",
        "iodepth" : "8",
        "bs" : "16k",
        "rw" : "randread"
      },
      "mixed" : {
        "io_bytes" : 70876413952,
        "io_kbytes" : 69215248,
        "bw_bytes" : 787506960,
        "bw" : 769049,
        "iops" : 48065.610382,
        "runtime" : 90001,
        "total_ios" : 4325953,
        "short_ios" : 0,
        "drop_ios" : 0,
        "slat_ns" : {
          "min" : 1873,
          "max" : 277090,
          "mean" : 3228.026757,
          "stddev" : 902.170989
        },
        "clat_ns" : {
          "min" : 41708,
          "max" : 1103902,
          "mean" : 162602.225063,
          "stddev" : 57425.133935,
          "percentile" : {
            "1.000000" : 76288,
            "5.000000" : 87552,
            "10.000000" : 96768,
            "20.000000" : 112128,
            "30.000000" : 127488,
            "40.000000" : 140288,
            "50.000000" : 152576,
            "60.000000" : 166912,
            "70.000000" : 185344,
            "80.000000" : 205824,
            "90.000000" : 240640,
            "95.000000" : 272384,
            "99.000000" : 333824,
            "99.500000" : 362496,
            "99.900000" : 415744,
            "99.950000" : 440320,
            "99.990000" : 481280
          }
        },
        "lat_ns" : {
          "min" : 70372,
          "max" : 1106867,
          "mean" : 165928.398268,
          "stddev" : 57387.968258
        },
        "bw_min" : 760576,
        "bw_max" : 774944,
        "bw_agg" : 99.996608,
        "bw_mean" : 769022.911111,
        "bw_dev" : 2814.585706,
        "bw_samples" : 180,
        "iops_min" : 47536,
        "iops_max" : 48434,
        "iops_mean" : 48063.911111,
        "iops_stddev" : 175.932322,
        "iops_samples" : 180
      },
      "job_runtime" : 90000,
      "usr_cpu" : 6.290000,
      "sys_cpu" : 20.815556,
      "ctx" : 3251598,
      "majf" : 0,
      "minf" : 43,
      "iodepth_level" : {
        "1" : 0.100000,
        "2" : 0.100000,
        "4" : 0.100000,
        "8" : 99.999838,
        "16" : 0.000000,
        "32" : 0.000000,
        ">=64" : 0.000000
      },
      "iodepth_submit" : {
        "0" : 0.000000,
        "4" : 100.000000,
        "8" : 0.000000,
        "16" : 0.000000,
        "32" : 0.000000,
        "64" : 0.000000,
        ">=64" : 0.000000
      },
      "iodepth_complete" : {
        "0" : 0.000000,
        "4" : 99.999977,
        "8" : 0.100000,
        "16" : 0.000000,
        "32" : 0.000000,
        "64" : 0.000000,
        ">=64" : 0.000000
      },
      "latency_ns" : {
        "2" : 0.000000,
        "4" : 0.000000,
        "10" : 0.000000,
        "20" : 0.000000,
        "50" : 0.000000,
        "100" : 0.000000,
        "250" : 0.000000,
        "500" : 0.000000,
        "750" : 0.000000,
        "1000" : 0.000000
      },
      "latency_us" : {
        "2" : 0.000000,
        "4" : 0.000000,
        "10" : 0.000000,
        "20" : 0.000000,
        "50" : 0.010000,
        "100" : 12.471333,
        "250" : 79.355555,
        "500" : 8.168119,
        "750" : 0.010000,
        "1000" : 0.010000
      },
      "latency_ms" : {
        "2" : 0.010000,
        "4" : 0.000000,
        "10" : 0.000000,
        "20" : 0.000000,
        "50" : 0.000000,
        "100" : 0.000000,
        "250" : 0.000000,
        "500" : 0.000000,
        "750" : 0.000000,
        "1000" : 0.000000,
        "2000" : 0.000000,
        ">=2000" : 0.000000
      },
      "latency_depth" : 8,
      "latency_target" : 0,
      "latency_percentile" : 100.000000,
      "latency_window" : 0
    }
  ],
  "disk_util" : [
    {
      "name" : "nvme0n1",
      "read_ios" : 4321141,
      "write_ios" : 0,
      "read_merges" : 0,
      "write_merges" : 0,
      "read_ticks" : 699611,
      "write_ticks" : 0,
      "in_queue" : 0,
      "util" : 99.944421
    }
  ]
}
