{
  "fio version" : "fio-3.16",
  "timestamp" : 1601064642,
  "timestamp_ms" : 1601064642819,
  "time" : "Fri Sep 25 16:10:42 2020",
  "global options" : {
    "unified_rw_reporting" : "1",
    "time_based" : "1",
    "runtime" : "90",
    "directory" : "/media/auto/work/tmp",
    "filename" : "testfile.dat",
    "filesize" : "20GiB",
    "direct" : "1",
    "ioengine" : "libaio"
  },
  "jobs" : [
    {
      "jobname" : "jobname",
      "groupid" : 0,
      "error" : 0,
      "eta" : 0,
      "elapsed" : 91,
      "job options" : {
        "name" : "jobname",
        "iodepth" : "20",
        "bs" : "4k",
        "rw" : "read"
      },
      "mixed" : {
        "io_bytes" : 127851134976,
        "io_kbytes" : 124854624,
        "bw_bytes" : 1420552382,
        "bw" : 1387258,
        "iops" : 346814.546505,
        "runtime" : 90001,
        "total_ios" : 31213656,
        "short_ios" : 0,
        "drop_ios" : 0,
        "slat_ns" : {
          "min" : 1262,
          "max" : 232887,
          "mean" : 1892.863066,
          "stddev" : 764.553031
        },
        "clat_ns" : {
          "min" : 6322,
          "max" : 814679,
          "mean" : 55241.109414,
          "stddev" : 6763.811536,
          "percentile" : {
            "1.000000" : 50944,
            "5.000000" : 51456,
            "10.000000" : 51968,
            "20.000000" : 52480,
            "30.000000" : 52992,
            "40.000000" : 52992,
            "50.000000" : 54016,
            "60.000000" : 56064,
            "70.000000" : 56576,
            "80.000000" : 57600,
            "90.000000" : 58112,
            "95.000000" : 59648,
            "99.000000" : 66048,
            "99.500000" : 69120,
            "99.900000" : 168960,
            "99.950000" : 218112,
            "99.990000" : 264192
          }
        },
        "lat_ns" : {
          "min" : 8666,
          "max" : 817013,
          "mean" : 57242.042119,
          "stddev" : 6804.725804
        },
        "bw_min" : 1365344,
        "bw_max" : 1407272,
        "bw_agg" : 100.000000,
        "bw_mean" : 1387265.592179,
        "bw_dev" : 6891.019826,
        "bw_samples" : 179,
        "iops_min" : 341336,
        "iops_max" : 351818,
        "iops_mean" : 346816.413408,
        "iops_stddev" : 1722.749187,
        "iops_samples" : 179
      },
      "job_runtime" : 90000,
      "usr_cpu" : 32.965556,
      "sys_cpu" : 66.606667,
      "ctx" : 16972,
      "majf" : 0,
      "minf" : 32,
      "iodepth_level" : {
        "1" : 0.100000,
        "2" : 0.100000,
        "4" : 0.100000,
        "8" : 0.100000,
        "16" : 99.999664,
        "32" : 0.000000,
        ">=64" : 0.000000
      },
      "iodepth_submit" : {
        "0" : 0.000000,
        "4" : 100.000000,
        "8" : 0.000000,
        "16" : 0.000000,
        "32" : 0.000000,
        "64" : 0.000000,
        ">=64" : 0.000000
      },
      "iodepth_complete" : {
        "0" : 0.000000,
        "4" : 99.999978,
        "8" : 0.000000,
        "16" : 0.000000,
        "32" : 0.100000,
        "64" : 0.000000,
        ">=64" : 0.000000
      },
      "latency_ns" : {
        "2" : 0.000000,
        "4" : 0.000000,
        "10" : 0.000000,
        "20" : 0.000000,
        "50" : 0.000000,
        "100" : 0.000000,
        "250" : 0.000000,
        "500" : 0.000000,
        "750" : 0.000000,
        "1000" : 0.000000
      },
      "latency_us" : {
        "2" : 0.000000,
        "4" : 0.000000,
        "10" : 0.010000,
        "20" : 0.010000,
        "50" : 0.266214,
        "100" : 99.547871,
        "250" : 0.163243,
        "500" : 0.022490,
        "750" : 0.000000,
        "1000" : 0.010000
      },
      "latency_ms" : {
        "2" : 0.000000,
        "4" : 0.000000,
        "10" : 0.000000,
        "20" : 0.000000,
        "50" : 0.000000,
        "100" : 0.000000,
        "250" : 0.000000,
        "500" : 0.000000,
        "750" : 0.000000,
        "1000" : 0.000000,
        "2000" : 0.000000,
        ">=2000" : 0.000000
      },
      "latency_depth" : 20,
      "latency_target" : 0,
      "latency_percentile" : 100.000000,
      "latency_window" : 0
    }
  ],
  "disk_util" : [
    {
      "name" : "nvme0n1",
      "read_ios" : 31178789,
      "write_ios" : 0,
      "read_merges" : 0,
      "write_merges" : 0,
      "read_ticks" : 245704,
      "write_ticks" : 0,
      "in_queue" : 0,
      "util" : 99.953316
    }
  ]
}
