{
  "fio version" : "fio-3.16",
  "timestamp" : 1601046978,
  "timestamp_ms" : 1601046978831,
  "time" : "Fri Sep 25 11:16:18 2020",
  "global options" : {
    "unified_rw_reporting" : "1",
    "time_based" : "1",
    "runtime" : "90",
    "directory" : "/media/auto/work/tmp",
    "filename" : "testfile.dat",
    "filesize" : "20GiB",
    "direct" : "1",
    "ioengine" : "libaio"
  },
  "jobs" : [
    {
      "jobname" : "jobname",
      "groupid" : 0,
      "error" : 0,
      "eta" : 0,
      "elapsed" : 91,
      "job options" : {
        "name" : "jobname",
        "iodepth" : "28",
        "bs" : "32k",
        "rw" : "write"
      },
      "mixed" : {
        "io_bytes" : 71542112256,
        "io_kbytes" : 69865344,
        "bw_bytes" : 794338669,
        "bw" : 775721,
        "iops" : 24241.292400,
        "runtime" : 90065,
        "total_ios" : 2183292,
        "short_ios" : 0,
        "drop_ios" : 0,
        "slat_ns" : {
          "min" : 2315,
          "max" : 645983,
          "mean" : 4526.148571,
          "stddev" : 1241.584276
        },
        "clat_ns" : {
          "min" : 19606,
          "max" : 65941268,
          "mean" : 1149864.410945,
          "stddev" : 1148071.700939,
          "percentile" : {
            "1.000000" : 292864,
            "5.000000" : 317440,
            "10.000000" : 333824,
            "20.000000" : 391168,
            "30.000000" : 569344,
            "40.000000" : 831488,
            "50.000000" : 1089536,
            "60.000000" : 1302528,
            "70.000000" : 1531904,
            "80.000000" : 1744896,
            "90.000000" : 2007040,
            "95.000000" : 2211840,
            "99.000000" : 3031040,
            "99.500000" : 3522560,
            "99.900000" : 5013504,
            "99.950000" : 14876672,
            "99.990000" : 57409536
          }
        },
        "lat_ns" : {
          "min" : 24466,
          "max" : 65946428,
          "mean" : 1154504.022779,
          "stddev" : 1148163.573367
        },
        "bw_min" : 541311,
        "bw_max" : 2470912,
        "bw_agg" : 100.000000,
        "bw_mean" : 776202.383333,
        "bw_dev" : 425928.563732,
        "bw_samples" : 180,
        "iops_min" : 16915,
        "iops_max" : 77216,
        "iops_mean" : 24256.316667,
        "iops_stddev" : 13310.268661,
        "iops_samples" : 180
      },
      "job_runtime" : 90064,
      "usr_cpu" : 3.744004,
      "sys_cpu" : 14.102194,
      "ctx" : 2075746,
      "majf" : 0,
      "minf" : 12,
      "iodepth_level" : {
        "1" : 0.100000,
        "2" : 0.100000,
        "4" : 0.100000,
        "8" : 0.100000,
        "16" : 99.997252,
        "32" : 0.000000,
        ">=64" : 0.000000
      },
      "iodepth_submit" : {
        "0" : 0.000000,
        "4" : 100.000000,
        "8" : 0.000000,
        "16" : 0.000000,
        "32" : 0.000000,
        "64" : 0.000000,
        ">=64" : 0.000000
      },
      "iodepth_complete" : {
        "0" : 0.000000,
        "4" : 99.999817,
        "8" : 0.000000,
        "16" : 0.000000,
        "32" : 0.100000,
        "64" : 0.000000,
        ">=64" : 0.000000
      },
      "latency_ns" : {
        "2" : 0.000000,
        "4" : 0.000000,
        "10" : 0.000000,
        "20" : 0.000000,
        "50" : 0.000000,
        "100" : 0.000000,
        "250" : 0.000000,
        "500" : 0.000000,
        "750" : 0.000000,
        "1000" : 0.000000
      },
      "latency_us" : {
        "2" : 0.000000,
        "4" : 0.000000,
        "10" : 0.000000,
        "20" : 0.010000,
        "50" : 0.010000,
        "100" : 0.000000,
        "250" : 0.019374,
        "500" : 27.519040,
        "750" : 9.402590,
        "1000" : 9.576914
      },
      "latency_ms" : {
        "2" : 43.063411,
        "4" : 10.208850,
        "10" : 0.154949,
        "20" : 0.015893,
        "50" : 0.020748,
        "100" : 0.017909,
        "250" : 0.000000,
        "500" : 0.000000,
        "750" : 0.000000,
        "1000" : 0.000000,
        "2000" : 0.000000,
        ">=2000" : 0.000000
      },
      "latency_depth" : 28,
      "latency_target" : 0,
      "latency_percentile" : 100.000000,
      "latency_window" : 0
    }
  ],
  "disk_util" : [
    {
      "name" : "nvme0n1",
      "read_ios" : 0,
      "write_ios" : 2181189,
      "read_merges" : 0,
      "write_merges" : 17,
      "read_ticks" : 0,
      "write_ticks" : 2507759,
      "in_queue" : 54136,
      "util" : 98.472688
    }
  ]
}
