{
  "fio version" : "fio-3.16",
  "timestamp" : 1601065747,
  "timestamp_ms" : 1601065747294,
  "time" : "Fri Sep 25 16:29:07 2020",
  "global options" : {
    "unified_rw_reporting" : "1",
    "time_based" : "1",
    "runtime" : "90",
    "directory" : "/media/auto/work/tmp",
    "filename" : "testfile.dat",
    "filesize" : "20GiB",
    "direct" : "1",
    "ioengine" : "libaio"
  },
  "jobs" : [
    {
      "jobname" : "jobname",
      "groupid" : 0,
      "error" : 0,
      "eta" : 0,
      "elapsed" : 91,
      "job options" : {
        "name" : "jobname",
        "iodepth" : "16",
        "bs" : "8k",
        "rw" : "read"
      },
      "mixed" : {
        "io_bytes" : 178747129856,
        "io_kbytes" : 174557744,
        "bw_bytes" : 1986057153,
        "bw" : 1939508,
        "iops" : 242438.617349,
        "runtime" : 90001,
        "total_ios" : 21819718,
        "short_ios" : 0,
        "drop_ios" : 0,
        "slat_ns" : {
          "min" : 1322,
          "max" : 277872,
          "mean" : 2423.742044,
          "stddev" : 1047.576233
        },
        "clat_ns" : {
          "min" : 9668,
          "max" : 529694,
          "mean" : 63150.771561,
          "stddev" : 35895.565029,
          "percentile" : {
            "1.000000" : 35072,
            "5.000000" : 38656,
            "10.000000" : 42240,
            "20.000000" : 43776,
            "30.000000" : 44800,
            "40.000000" : 46848,
            "50.000000" : 47872,
            "60.000000" : 51456,
            "70.000000" : 58624,
            "80.000000" : 79360,
            "90.000000" : 100864,
            "95.000000" : 154624,
            "99.000000" : 205824,
            "99.500000" : 222208,
            "99.900000" : 268288,
            "99.950000" : 288768,
            "99.990000" : 321536
          }
        },
        "lat_ns" : {
          "min" : 12474,
          "max" : 532299,
          "mean" : 65659.867951,
          "stddev" : 35782.608214
        },
        "bw_min" : 1869440,
        "bw_max" : 1988512,
        "bw_agg" : 99.989765,
        "bw_mean" : 1939309.491620,
        "bw_dev" : 19164.250898,
        "bw_samples" : 179,
        "iops_min" : 233680,
        "iops_max" : 248564,
        "iops_mean" : 242413.698324,
        "iops_stddev" : 2395.452543,
        "iops_samples" : 179
      },
      "job_runtime" : 90000,
      "usr_cpu" : 19.037778,
      "sys_cpu" : 59.527778,
      "ctx" : 806538,
      "majf" : 0,
      "minf" : 43,
      "iodepth_level" : {
        "1" : 0.100000,
        "2" : 0.100000,
        "4" : 0.100000,
        "8" : 0.100000,
        "16" : 99.999381,
        "32" : 0.000000,
        ">=64" : 0.000000
      },
      "iodepth_submit" : {
        "0" : 0.000000,
        "4" : 100.000000,
        "8" : 0.000000,
        "16" : 0.000000,
        "32" : 0.000000,
        "64" : 0.000000,
        ">=64" : 0.000000
      },
      "iodepth_complete" : {
        "0" : 0.000000,
        "4" : 99.999959,
        "8" : 0.000000,
        "16" : 0.100000,
        "32" : 0.000000,
        "64" : 0.000000,
        ">=64" : 0.000000
      },
      "latency_ns" : {
        "2" : 0.000000,
        "4" : 0.000000,
        "10" : 0.000000,
        "20" : 0.000000,
        "50" : 0.000000,
        "100" : 0.000000,
        "250" : 0.000000,
        "500" : 0.000000,
        "750" : 0.000000,
        "1000" : 0.000000
      },
      "latency_us" : {
        "2" : 0.000000,
        "4" : 0.000000,
        "10" : 0.010000,
        "20" : 0.010000,
        "50" : 56.699518,
        "100" : 33.184201,
        "250" : 9.941370,
        "500" : 0.173907,
        "750" : 0.010000,
        "1000" : 0.000000
      },
      "latency_ms" : {
        "2" : 0.000000,
        "4" : 0.000000,
        "10" : 0.000000,
        "20" : 0.000000,
        "50" : 0.000000,
        "100" : 0.000000,
        "250" : 0.000000,
        "500" : 0.000000,
        "750" : 0.000000,
        "1000" : 0.000000,
        "2000" : 0.000000,
        ">=2000" : 0.000000
      },
      "latency_depth" : 16,
      "latency_target" : 0,
      "latency_percentile" : 100.000000,
      "latency_window" : 0
    }
  ],
  "disk_util" : [
    {
      "name" : "nvme0n1",
      "read_ios" : 21795168,
      "write_ios" : 0,
      "read_merges" : 0,
      "write_merges" : 0,
      "read_ticks" : 786737,
      "write_ticks" : 0,
      "in_queue" : 0,
      "util" : 100.000000
    }
  ]
}
