{
  "fio version" : "fio-3.16",
  "timestamp" : 1600552885,
  "timestamp_ms" : 1600552885387,
  "time" : "Sat Sep 19 18:01:25 2020",
  "global options" : {
    "unified_rw_reporting" : "1",
    "time_based" : "1",
    "runtime" : "90",
    "directory" : "/media/auto/work/tmp",
    "filename" : "testfile.dat",
    "filesize" : "20GiB",
    "direct" : "1",
    "ioengine" : "libaio"
  },
  "jobs" : [
    {
      "jobname" : "jobname",
      "groupid" : 0,
      "error" : 0,
      "eta" : 0,
      "elapsed" : 91,
      "job options" : {
        "name" : "jobname",
        "iodepth" : "16",
        "bs" : "256k",
        "rw" : "randwrite"
      },
      "mixed" : {
        "io_bytes" : 62092738560,
        "io_kbytes" : 60637440,
        "bw_bytes" : 689903986,
        "bw" : 673734,
        "iops" : 2631.774849,
        "runtime" : 90002,
        "total_ios" : 236865,
        "short_ios" : 0,
        "drop_ios" : 0,
        "slat_ns" : {
          "min" : 6873,
          "max" : 2842511542,
          "mean" : 27569.328533,
          "stddev" : 5840542.780349
        },
        "clat_ns" : {
          "min" : 268304,
          "max" : 3437980494,
          "mean" : 6050913.607679,
          "stddev" : 28423101.210878,
          "percentile" : {
            "1.000000" : 1548288,
            "5.000000" : 1646592,
            "10.000000" : 1761280,
            "20.000000" : 5079040,
            "30.000000" : 5537792,
            "40.000000" : 5799936,
            "50.000000" : 5996544,
            "60.000000" : 6193152,
            "70.000000" : 6389760,
            "80.000000" : 6586368,
            "90.000000" : 6979584,
            "95.000000" : 7569408,
            "99.000000" : 10551296,
            "99.500000" : 13434880,
            "99.900000" : 65798144,
            "99.950000" : 147849216,
            "99.990000" : 492830720
          }
        },
        "lat_ns" : {
          "min" : 284393,
          "max" : 3438004118,
          "mean" : 6078630.181086,
          "stddev" : 29015258.082549
        },
        "bw_min" : 509,
        "bw_max" : 2334208,
        "bw_agg" : 100.000000,
        "bw_mean" : 688986.801136,
        "bw_dev" : 347074.934163,
        "bw_samples" : 176,
        "iops_min" : 0,
        "iops_max" : 9118,
        "iops_mean" : 2691.329545,
        "iops_stddev" : 1355.777131,
        "iops_samples" : 176
      },
      "job_runtime" : 90001,
      "usr_cpu" : 1.003322,
      "sys_cpu" : 4.226620,
      "ctx" : 236619,
      "majf" : 0,
      "minf" : 12,
      "iodepth_level" : {
        "1" : 0.100000,
        "2" : 0.100000,
        "4" : 0.100000,
        "8" : 0.100000,
        "16" : 99.993667,
        "32" : 0.000000,
        ">=64" : 0.000000
      },
      "iodepth_submit" : {
        "0" : 0.000000,
        "4" : 100.000000,
        "8" : 0.000000,
        "16" : 0.000000,
        "32" : 0.000000,
        "64" : 0.000000,
        ">=64" : 0.000000
      },
      "iodepth_complete" : {
        "0" : 0.000000,
        "4" : 99.999578,
        "8" : 0.000000,
        "16" : 0.100000,
        "32" : 0.000000,
        "64" : 0.000000,
        ">=64" : 0.000000
      },
      "latency_ns" : {
        "2" : 0.000000,
        "4" : 0.000000,
        "10" : 0.000000,
        "20" : 0.000000,
        "50" : 0.000000,
        "100" : 0.000000,
        "250" : 0.000000,
        "500" : 0.000000,
        "750" : 0.000000,
        "1000" : 0.000000
      },
      "latency_us" : {
        "2" : 0.000000,
        "4" : 0.000000,
        "10" : 0.000000,
        "20" : 0.000000,
        "50" : 0.000000,
        "100" : 0.000000,
        "250" : 0.000000,
        "500" : 0.010000,
        "750" : 0.010000,
        "1000" : 0.016465
      },
      "latency_ms" : {
        "2" : 12.933528,
        "4" : 2.117240,
        "10" : 83.782323,
        "20" : 0.792012,
        "50" : 0.182382,
        "100" : 0.095835,
        "250" : 0.034197,
        "500" : 0.029975,
        "750" : 0.010000,
        "1000" : 0.000000,
        "2000" : 0.000000,
        ">=2000" : 0.010000
      },
      "latency_depth" : 16,
      "latency_target" : 0,
      "latency_percentile" : 100.000000,
      "latency_window" : 0
    }
  ],
  "disk_util" : [
    {
      "name" : "nvme0n1",
      "read_ios" : 0,
      "write_ios" : 236640,
      "read_merges" : 0,
      "write_merges" : 17,
      "read_ticks" : 0,
      "write_ticks" : 1428043,
      "in_queue" : 948888,
      "util" : 92.199260
    }
  ]
}
