{
  "fio version" : "fio-3.16",
  "timestamp" : 1600553015,
  "timestamp_ms" : 1600553015851,
  "time" : "Sat Sep 19 18:03:35 2020",
  "global options" : {
    "unified_rw_reporting" : "1",
    "time_based" : "1",
    "runtime" : "90",
    "directory" : "/media/auto/work/tmp",
    "filename" : "testfile.dat",
    "filesize" : "20GiB",
    "direct" : "1",
    "ioengine" : "libaio"
  },
  "jobs" : [
    {
      "jobname" : "jobname",
      "groupid" : 0,
      "error" : 0,
      "eta" : 0,
      "elapsed" : 91,
      "job options" : {
        "name" : "jobname",
        "iodepth" : "32",
        "bs" : "256k",
        "rw" : "randwrite"
      },
      "mixed" : {
        "io_bytes" : 63785664512,
        "io_kbytes" : 62290688,
        "bw_bytes" : 708619376,
        "bw" : 692011,
        "iops" : 2703.168396,
        "runtime" : 90014,
        "total_ios" : 243323,
        "short_ios" : 0,
        "drop_ios" : 0,
        "slat_ns" : {
          "min" : 7023,
          "max" : 10682889,
          "mean" : 16402.086231,
          "stddev" : 71777.491520
        },
        "clat_ns" : {
          "min" : 608932,
          "max" : 523285461,
          "mean" : 11820252.353333,
          "stddev" : 7148085.908831,
          "percentile" : {
            "1.000000" : 3325952,
            "5.000000" : 3358720,
            "10.000000" : 3457024,
            "20.000000" : 11337728,
            "30.000000" : 11730944,
            "40.000000" : 11993088,
            "50.000000" : 12255232,
            "60.000000" : 12648448,
            "70.000000" : 13172736,
            "80.000000" : 13959168,
            "90.000000" : 14745600,
            "95.000000" : 15663104,
            "99.000000" : 19529728,
            "99.500000" : 24248320,
            "99.900000" : 65273856,
            "99.950000" : 69730304,
            "99.990000" : 383778816
          }
        },
        "lat_ns" : {
          "min" : 624922,
          "max" : 523300680,
          "mean" : 11836804.782446,
          "stddev" : 7148599.062278
        },
        "bw_min" : 220159,
        "bw_max" : 2332672,
        "bw_agg" : 99.996117,
        "bw_mean" : 691984.127778,
        "bw_dev" : 328811.377797,
        "bw_samples" : 180,
        "iops_min" : 859,
        "iops_max" : 9112,
        "iops_mean" : 2703.038889,
        "iops_stddev" : 1284.429397,
        "iops_samples" : 180
      },
      "job_runtime" : 90013,
      "usr_cpu" : 1.237599,
      "sys_cpu" : 4.344928,
      "ctx" : 242765,
      "majf" : 0,
      "minf" : 12,
      "iodepth_level" : {
        "1" : 0.100000,
        "2" : 0.100000,
        "4" : 0.100000,
        "8" : 0.100000,
        "16" : 0.100000,
        "32" : 99.987260,
        ">=64" : 0.000000
      },
      "iodepth_submit" : {
        "0" : 0.000000,
        "4" : 100.000000,
        "8" : 0.000000,
        "16" : 0.000000,
        "32" : 0.000000,
        "64" : 0.000000,
        ">=64" : 0.000000
      },
      "iodepth_complete" : {
        "0" : 0.000000,
        "4" : 99.999589,
        "8" : 0.000000,
        "16" : 0.000000,
        "32" : 0.100000,
        "64" : 0.000000,
        ">=64" : 0.000000
      },
      "latency_ns" : {
        "2" : 0.000000,
        "4" : 0.000000,
        "10" : 0.000000,
        "20" : 0.000000,
        "50" : 0.000000,
        "100" : 0.000000,
        "250" : 0.000000,
        "500" : 0.000000,
        "750" : 0.000000,
        "1000" : 0.000000
      },
      "latency_us" : {
        "2" : 0.000000,
        "4" : 0.000000,
        "10" : 0.000000,
        "20" : 0.000000,
        "50" : 0.000000,
        "100" : 0.000000,
        "250" : 0.000000,
        "500" : 0.000000,
        "750" : 0.010000,
        "1000" : 0.010000
      },
      "latency_ms" : {
        "2" : 0.010000,
        "4" : 12.588206,
        "10" : 2.343798,
        "20" : 84.161382,
        "50" : 0.731538,
        "100" : 0.128225,
        "250" : 0.016850,
        "500" : 0.010000,
        "750" : 0.010000,
        "1000" : 0.000000,
        "2000" : 0.000000,
        ">=2000" : 0.000000
      },
      "latency_depth" : 32,
      "latency_target" : 0,
      "latency_percentile" : 100.000000,
      "latency_window" : 0
    }
  ],
  "disk_util" : [
    {
      "name" : "nvme0n1",
      "read_ios" : 0,
      "write_ios" : 243046,
      "read_merges" : 0,
      "write_merges" : 17,
      "read_ticks" : 0,
      "write_ticks" : 2872644,
      "in_queue" : 2337528,
      "util" : 97.995754
    }
  ]
}
