{
  "fio version" : "fio-3.16",
  "timestamp" : 1601052066,
  "timestamp_ms" : 1601052066550,
  "time" : "Fri Sep 25 12:41:06 2020",
  "global options" : {
    "unified_rw_reporting" : "1",
    "time_based" : "1",
    "runtime" : "90",
    "directory" : "/media/auto/work/tmp",
    "filename" : "testfile.dat",
    "filesize" : "20GiB",
    "direct" : "1",
    "ioengine" : "libaio"
  },
  "jobs" : [
    {
      "jobname" : "jobname",
      "groupid" : 0,
      "error" : 0,
      "eta" : 0,
      "elapsed" : 91,
      "job options" : {
        "name" : "jobname",
        "iodepth" : "24",
        "bs" : "512k",
        "rw" : "randwrite"
      },
      "mixed" : {
        "io_bytes" : 64304971776,
        "io_kbytes" : 62797824,
        "bw_bytes" : 714348879,
        "bw" : 697606,
        "iops" : 1362.512359,
        "runtime" : 90019,
        "total_ios" : 122652,
        "short_ios" : 0,
        "drop_ios" : 0,
        "slat_ns" : {
          "min" : 16622,
          "max" : 25816518,
          "mean" : 33003.279661,
          "stddev" : 181724.174299
        },
        "clat_ns" : {
          "min" : 553629,
          "max" : 538030961,
          "mean" : 17579083.905521,
          "stddev" : 12464066.059080,
          "percentile" : {
            "1.000000" : 4882432,
            "5.000000" : 5013504,
            "10.000000" : 5210112,
            "20.000000" : 17170432,
            "30.000000" : 17694720,
            "40.000000" : 17956864,
            "50.000000" : 18219008,
            "60.000000" : 18481152,
            "70.000000" : 18743296,
            "80.000000" : 19529728,
            "90.000000" : 21364736,
            "95.000000" : 22675456,
            "99.000000" : 30801920,
            "99.500000" : 45350912,
            "99.900000" : 183500800,
            "99.950000" : 337641472,
            "99.990000" : 517996544
          }
        },
        "lat_ns" : {
          "min" : 575580,
          "max" : 538070806,
          "mean" : 17612331.942161,
          "stddev" : 12468300.876040
        },
        "bw_min" : 32767,
        "bw_max" : 2357248,
        "bw_agg" : 99.994108,
        "bw_mean" : 697564.894444,
        "bw_dev" : 335595.801739,
        "bw_samples" : 180,
        "iops_min" : 63,
        "iops_max" : 4604,
        "iops_mean" : 1362.411111,
        "iops_stddev" : 655.464122,
        "iops_samples" : 180
      },
      "job_runtime" : 90018,
      "usr_cpu" : 1.605235,
      "sys_cpu" : 3.772579,
      "ctx" : 122100,
      "majf" : 0,
      "minf" : 11,
      "iodepth_level" : {
        "1" : 0.100000,
        "2" : 0.100000,
        "4" : 0.100000,
        "8" : 0.100000,
        "16" : 99.987770,
        "32" : 0.000000,
        ">=64" : 0.000000
      },
      "iodepth_submit" : {
        "0" : 0.000000,
        "4" : 100.000000,
        "8" : 0.000000,
        "16" : 0.000000,
        "32" : 0.000000,
        "64" : 0.000000,
        ">=64" : 0.000000
      },
      "iodepth_complete" : {
        "0" : 0.000000,
        "4" : 99.999185,
        "8" : 0.000000,
        "16" : 0.000000,
        "32" : 0.100000,
        "64" : 0.000000,
        ">=64" : 0.000000
      },
      "latency_ns" : {
        "2" : 0.000000,
        "4" : 0.000000,
        "10" : 0.000000,
        "20" : 0.000000,
        "50" : 0.000000,
        "100" : 0.000000,
        "250" : 0.000000,
        "500" : 0.000000,
        "750" : 0.000000,
        "1000" : 0.000000
      },
      "latency_us" : {
        "2" : 0.000000,
        "4" : 0.000000,
        "10" : 0.000000,
        "20" : 0.000000,
        "50" : 0.000000,
        "100" : 0.000000,
        "250" : 0.000000,
        "500" : 0.000000,
        "750" : 0.010000,
        "1000" : 0.010000
      },
      "latency_ms" : {
        "2" : 0.010000,
        "4" : 0.109252,
        "10" : 13.513844,
        "20" : 68.312787,
        "50" : 17.590418,
        "100" : 0.331833,
        "250" : 0.054626,
        "500" : 0.061149,
        "750" : 0.013860,
        "1000" : 0.000000,
        "2000" : 0.000000,
        ">=2000" : 0.000000
      },
      "latency_depth" : 24,
      "latency_target" : 0,
      "latency_percentile" : 100.000000,
      "latency_window" : 0
    }
  ],
  "disk_util" : [
    {
      "name" : "nvme0n1",
      "read_ios" : 0,
      "write_ios" : 122519,
      "read_merges" : 0,
      "write_merges" : 17,
      "read_ticks" : 0,
      "write_ticks" : 2152777,
      "in_queue" : 1921380,
      "util" : 96.510477
    }
  ]
}
