{
  "fio version" : "fio-3.16",
  "timestamp" : 1600572017,
  "timestamp_ms" : 1600572017171,
  "time" : "Sat Sep 19 23:20:17 2020",
  "global options" : {
    "unified_rw_reporting" : "1",
    "time_based" : "1",
    "runtime" : "90",
    "directory" : "/media/auto/work/tmp",
    "filename" : "testfile.dat",
    "filesize" : "20GiB",
    "direct" : "1",
    "ioengine" : "libaio"
  },
  "jobs" : [
    {
      "jobname" : "jobname",
      "groupid" : 0,
      "error" : 0,
      "eta" : 0,
      "elapsed" : 91,
      "job options" : {
        "name" : "jobname",
        "iodepth" : "1",
        "bs" : "512k",
        "rw" : "randwrite"
      },
      "mixed" : {
        "io_bytes" : 64910524416,
        "io_kbytes" : 63389184,
        "bw_bytes" : 721220035,
        "bw" : 704316,
        "iops" : 1375.618049,
        "runtime" : 90001,
        "total_ios" : 123807,
        "short_ios" : 0,
        "drop_ios" : 0,
        "slat_ns" : {
          "min" : 14257,
          "max" : 153629,
          "mean" : 28575.113604,
          "stddev" : 2714.346772
        },
        "clat_ns" : {
          "min" : 157224,
          "max" : 98910885,
          "mean" : 697447.807709,
          "stddev" : 1336783.410664,
          "percentile" : {
            "1.000000" : 160768,
            "5.000000" : 171008,
            "10.000000" : 181248,
            "20.000000" : 205824,
            "30.000000" : 280576,
            "40.000000" : 399360,
            "50.000000" : 528384,
            "60.000000" : 675840,
            "70.000000" : 839680,
            "80.000000" : 1056768,
            "90.000000" : 1400832,
            "95.000000" : 1679360,
            "99.000000" : 2244608,
            "99.500000" : 2637824,
            "99.900000" : 3883008,
            "99.950000" : 21626880,
            "99.990000" : 62652416
          }
        },
        "lat_ns" : {
          "min" : 181110,
          "max" : 98990525,
          "mean" : 726163.709314,
          "stddev" : 1337241.758168
        },
        "bw_min" : 46079,
        "bw_max" : 2363392,
        "bw_agg" : 100.000000,
        "bw_mean" : 704518.888268,
        "bw_dev" : 328418.534525,
        "bw_samples" : 179,
        "iops_min" : 89,
        "iops_max" : 4616,
        "iops_mean" : 1375.983240,
        "iops_stddev" : 641.455530,
        "iops_samples" : 179
      },
      "job_runtime" : 90000,
      "usr_cpu" : 0.755556,
      "sys_cpu" : 3.716667,
      "ctx" : 123855,
      "majf" : 0,
      "minf" : 11,
      "iodepth_level" : {
        "1" : 100.000000,
        "2" : 0.000000,
        "4" : 0.000000,
        "8" : 0.000000,
        "16" : 0.000000,
        "32" : 0.000000,
        ">=64" : 0.000000
      },
      "iodepth_submit" : {
        "0" : 0.000000,
        "4" : 100.000000,
        "8" : 0.000000,
        "16" : 0.000000,
        "32" : 0.000000,
        "64" : 0.000000,
        ">=64" : 0.000000
      },
      "iodepth_complete" : {
        "0" : 0.000000,
        "4" : 100.000000,
        "8" : 0.000000,
        "16" : 0.000000,
        "32" : 0.000000,
        "64" : 0.000000,
        ">=64" : 0.000000
      },
      "latency_ns" : {
        "2" : 0.000000,
        "4" : 0.000000,
        "10" : 0.000000,
        "20" : 0.000000,
        "50" : 0.000000,
        "100" : 0.000000,
        "250" : 0.000000,
        "500" : 0.000000,
        "750" : 0.000000,
        "1000" : 0.000000
      },
      "latency_us" : {
        "2" : 0.000000,
        "4" : 0.000000,
        "10" : 0.000000,
        "20" : 0.000000,
        "50" : 0.000000,
        "100" : 0.000000,
        "250" : 26.900741,
        "500" : 20.739538,
        "750" : 17.355238,
        "1000" : 12.715759
      },
      "latency_ms" : {
        "2" : 20.297721,
        "4" : 1.902962,
        "10" : 0.022616,
        "20" : 0.014539,
        "50" : 0.014539,
        "100" : 0.036347,
        "250" : 0.000000,
        "500" : 0.000000,
        "750" : 0.000000,
        "1000" : 0.000000,
        "2000" : 0.000000,
        ">=2000" : 0.000000
      },
      "latency_depth" : 1,
      "latency_target" : 0,
      "latency_percentile" : 100.000000,
      "latency_window" : 0
    }
  ],
  "disk_util" : [
    {
      "name" : "nvme0n1",
      "read_ios" : 0,
      "write_ios" : 247380,
      "read_merges" : 0,
      "write_merges" : 17,
      "read_ticks" : 0,
      "write_ticks" : 174857,
      "in_queue" : 8264,
      "util" : 96.275874
    }
  ]
}
