{
  "fio version" : "fio-3.16",
  "timestamp" : 1601057684,
  "timestamp_ms" : 1601057684345,
  "time" : "Fri Sep 25 14:14:44 2020",
  "global options" : {
    "unified_rw_reporting" : "1",
    "time_based" : "1",
    "runtime" : "90",
    "directory" : "/media/auto/work/tmp",
    "filename" : "testfile.dat",
    "filesize" : "20GiB",
    "direct" : "1",
    "ioengine" : "libaio"
  },
  "jobs" : [
    {
      "jobname" : "jobname",
      "groupid" : 0,
      "error" : 0,
      "eta" : 0,
      "elapsed" : 91,
      "job options" : {
        "name" : "jobname",
        "iodepth" : "32",
        "bs" : "4k",
        "rw" : "randread"
      },
      "mixed" : {
        "io_bytes" : 75797397504,
        "io_kbytes" : 74020896,
        "bw_bytes" : 842183948,
        "bw" : 822445,
        "iops" : 205611.315430,
        "runtime" : 90001,
        "total_ios" : 18505224,
        "short_ios" : 0,
        "drop_ios" : 0,
        "slat_ns" : {
          "min" : 1293,
          "max" : 422984,
          "mean" : 2423.860512,
          "stddev" : 1421.199515
        },
        "clat_ns" : {
          "min" : 29826,
          "max" : 1197317,
          "mean" : 152700.704523,
          "stddev" : 77487.042933,
          "percentile" : {
            "1.000000" : 66048,
            "5.000000" : 72192,
            "10.000000" : 78336,
            "20.000000" : 89600,
            "30.000000" : 102912,
            "40.000000" : 118272,
            "50.000000" : 132096,
            "60.000000" : 150528,
            "70.000000" : 171008,
            "80.000000" : 201728,
            "90.000000" : 252928,
            "95.000000" : 305152,
            "99.000000" : 423936,
            "99.500000" : 473088,
            "99.900000" : 585728,
            "99.950000" : 634880,
            "99.990000" : 733184
          }
        },
        "lat_ns" : {
          "min" : 46357,
          "max" : 1198870,
          "mean" : 155212.419535,
          "stddev" : 77546.138748
        },
        "bw_min" : 807216,
        "bw_max" : 848872,
        "bw_agg" : 100.000000,
        "bw_mean" : 822469.463687,
        "bw_dev" : 6062.289651,
        "bw_samples" : 179,
        "iops_min" : 201804,
        "iops_max" : 212218,
        "iops_mean" : 205617.379888,
        "iops_stddev" : 1515.628427,
        "iops_samples" : 179
      },
      "job_runtime" : 90000,
      "usr_cpu" : 19.532222,
      "sys_cpu" : 55.903333,
      "ctx" : 4231734,
      "majf" : 0,
      "minf" : 43,
      "iodepth_level" : {
        "1" : 0.100000,
        "2" : 0.100000,
        "4" : 0.100000,
        "8" : 0.100000,
        "16" : 0.100000,
        "32" : 99.999832,
        ">=64" : 0.000000
      },
      "iodepth_submit" : {
        "0" : 0.000000,
        "4" : 100.000000,
        "8" : 0.000000,
        "16" : 0.000000,
        "32" : 0.000000,
        "64" : 0.000000,
        ">=64" : 0.000000
      },
      "iodepth_complete" : {
        "0" : 0.000000,
        "4" : 99.999995,
        "8" : 0.000000,
        "16" : 0.000000,
        "32" : 0.100000,
        "64" : 0.000000,
        ">=64" : 0.000000
      },
      "latency_ns" : {
        "2" : 0.000000,
        "4" : 0.000000,
        "10" : 0.000000,
        "20" : 0.000000,
        "50" : 0.000000,
        "100" : 0.000000,
        "250" : 0.000000,
        "500" : 0.000000,
        "750" : 0.000000,
        "1000" : 0.000000
      },
      "latency_us" : {
        "2" : 0.000000,
        "4" : 0.000000,
        "10" : 0.000000,
        "20" : 0.000000,
        "50" : 0.028419,
        "100" : 28.257275,
        "250" : 61.199340,
        "500" : 10.164314,
        "750" : 0.342849,
        "1000" : 0.010000
      },
      "latency_ms" : {
        "2" : 0.010000,
        "4" : 0.000000,
        "10" : 0.000000,
        "20" : 0.000000,
        "50" : 0.000000,
        "100" : 0.000000,
        "250" : 0.000000,
        "500" : 0.000000,
        "750" : 0.000000,
        "1000" : 0.000000,
        "2000" : 0.000000,
        ">=2000" : 0.000000
      },
      "latency_depth" : 32,
      "latency_target" : 0,
      "latency_percentile" : 100.000000,
      "latency_window" : 0
    }
  ],
  "disk_util" : [
    {
      "name" : "nvme0n1",
      "read_ios" : 18484380,
      "write_ios" : 0,
      "read_merges" : 0,
      "write_merges" : 0,
      "read_ticks" : 2633077,
      "write_ticks" : 0,
      "in_queue" : 0,
      "util" : 99.962206
    }
  ]
}
