{
  "fio version" : "fio-3.16",
  "timestamp" : 1601048152,
  "timestamp_ms" : 1601048152856,
  "time" : "Fri Sep 25 11:35:52 2020",
  "global options" : {
    "unified_rw_reporting" : "1",
    "time_based" : "1",
    "runtime" : "90",
    "directory" : "/media/auto/work/tmp",
    "filename" : "testfile.dat",
    "filesize" : "20GiB",
    "direct" : "1",
    "ioengine" : "libaio"
  },
  "jobs" : [
    {
      "jobname" : "jobname",
      "groupid" : 0,
      "error" : 0,
      "eta" : 0,
      "elapsed" : 91,
      "job options" : {
        "name" : "jobname",
        "iodepth" : "24",
        "bs" : "512k",
        "rw" : "write"
      },
      "mixed" : {
        "io_bytes" : 71680131072,
        "io_kbytes" : 70000128,
        "bw_bytes" : 796277797,
        "bw" : 777615,
        "iops" : 1518.779369,
        "runtime" : 90019,
        "total_ios" : 136719,
        "short_ios" : 0,
        "drop_ios" : 0,
        "slat_ns" : {
          "min" : 12513,
          "max" : 17571716,
          "mean" : 31958.409160,
          "stddev" : 155872.370812
        },
        "clat_ns" : {
          "min" : 579087,
          "max" : 74778463,
          "mean" : 15767520.237004,
          "stddev" : 6453979.681015,
          "percentile" : {
            "1.000000" : 4685824,
            "5.000000" : 4751360,
            "10.000000" : 4816896,
            "20.000000" : 6914048,
            "30.000000" : 17170432,
            "40.000000" : 17694720,
            "50.000000" : 17956864,
            "60.000000" : 18219008,
            "70.000000" : 18481152,
            "80.000000" : 19005440,
            "90.000000" : 20840448,
            "95.000000" : 21626880,
            "99.000000" : 27394048,
            "99.500000" : 33816576,
            "99.900000" : 62128128,
            "99.950000" : 65273856,
            "99.990000" : 71827456
          }
        },
        "lat_ns" : {
          "min" : 614102,
          "max" : 78306323,
          "mean" : 15799703.422173,
          "stddev" : 6463950.022994
        },
        "bw_min" : 567295,
        "bw_max" : 2459648,
        "bw_agg" : 100.000000,
        "bw_mean" : 777620.527778,
        "bw_dev" : 424361.207617,
        "bw_samples" : 180,
        "iops_min" : 1107,
        "iops_max" : 4804,
        "iops_mean" : 1518.794444,
        "iops_stddev" : 828.829724,
        "iops_samples" : 180
      },
      "job_runtime" : 90018,
      "usr_cpu" : 1.627452,
      "sys_cpu" : 4.128063,
      "ctx" : 136312,
      "majf" : 0,
      "minf" : 12,
      "iodepth_level" : {
        "1" : 0.100000,
        "2" : 0.100000,
        "4" : 0.100000,
        "8" : 0.100000,
        "16" : 99.956114,
        "32" : 0.000000,
        ">=64" : 0.000000
      },
      "iodepth_submit" : {
        "0" : 0.000000,
        "4" : 100.000000,
        "8" : 0.000000,
        "16" : 0.000000,
        "32" : 0.000000,
        "64" : 0.000000,
        ">=64" : 0.000000
      },
      "iodepth_complete" : {
        "0" : 0.000000,
        "4" : 99.997072,
        "8" : 0.000000,
        "16" : 0.000000,
        "32" : 0.100000,
        "64" : 0.000000,
        ">=64" : 0.000000
      },
      "latency_ns" : {
        "2" : 0.000000,
        "4" : 0.000000,
        "10" : 0.000000,
        "20" : 0.000000,
        "50" : 0.000000,
        "100" : 0.000000,
        "250" : 0.000000,
        "500" : 0.000000,
        "750" : 0.000000,
        "1000" : 0.000000
      },
      "latency_us" : {
        "2" : 0.000000,
        "4" : 0.000000,
        "10" : 0.000000,
        "20" : 0.000000,
        "50" : 0.000000,
        "100" : 0.000000,
        "250" : 0.000000,
        "500" : 0.000000,
        "750" : 0.010000,
        "1000" : 0.010000
      },
      "latency_ms" : {
        "2" : 0.010000,
        "4" : 0.097280,
        "10" : 23.437854,
        "20" : 61.339682,
        "50" : 14.831150,
        "100" : 0.279405,
        "250" : 0.000000,
        "500" : 0.000000,
        "750" : 0.000000,
        "1000" : 0.000000,
        "2000" : 0.000000,
        ">=2000" : 0.000000
      },
      "latency_depth" : 24,
      "latency_target" : 0,
      "latency_percentile" : 100.000000,
      "latency_window" : 0
    }
  ],
  "disk_util" : [
    {
      "name" : "nvme0n1",
      "read_ios" : 0,
      "write_ios" : 136591,
      "read_merges" : 0,
      "write_merges" : 17,
      "read_ticks" : 0,
      "write_ticks" : 2151957,
      "in_queue" : 1901500,
      "util" : 98.518181
    }
  ]
}
