{
  "fio version" : "fio-3.16",
  "timestamp" : 1601061329,
  "timestamp_ms" : 1601061329206,
  "time" : "Fri Sep 25 15:15:29 2020",
  "global options" : {
    "unified_rw_reporting" : "1",
    "time_based" : "1",
    "runtime" : "90",
    "directory" : "/media/auto/work/tmp",
    "filename" : "testfile.dat",
    "filesize" : "20GiB",
    "direct" : "1",
    "ioengine" : "libaio"
  },
  "jobs" : [
    {
      "jobname" : "jobname",
      "groupid" : 0,
      "error" : 0,
      "eta" : 0,
      "elapsed" : 91,
      "job options" : {
        "name" : "jobname",
        "iodepth" : "32",
        "bs" : "32k",
        "rw" : "randread"
      },
      "mixed" : {
        "io_bytes" : 97550630912,
        "io_kbytes" : 95264288,
        "bw_bytes" : 1083871812,
        "bw" : 1058468,
        "iops" : 33077.142730,
        "runtime" : 90002,
        "total_ios" : 2977009,
        "short_ios" : 0,
        "drop_ios" : 0,
        "slat_ns" : {
          "min" : 2114,
          "max" : 129283,
          "mean" : 3895.365082,
          "stddev" : 1011.108025
        },
        "clat_ns" : {
          "min" : 93645,
          "max" : 3840637,
          "mean" : 962910.748856,
          "stddev" : 411091.941931,
          "percentile" : {
            "1.000000" : 244736,
            "5.000000" : 370688,
            "10.000000" : 464896,
            "20.000000" : 602112,
            "30.000000" : 716800,
            "40.000000" : 815104,
            "50.000000" : 921600,
            "60.000000" : 1028096,
            "70.000000" : 1155072,
            "80.000000" : 1302528,
            "90.000000" : 1515520,
            "95.000000" : 1712128,
            "99.000000" : 2088960,
            "99.500000" : 2244608,
            "99.900000" : 2605056,
            "99.950000" : 2736128,
            "99.990000" : 3063808
          }
        },
        "lat_ns" : {
          "min" : 97603,
          "max" : 3844414,
          "mean" : 966906.845251,
          "stddev" : 411078.353979
        },
        "bw_min" : 1016576,
        "bw_max" : 1141184,
        "bw_agg" : 99.996719,
        "bw_mean" : 1058433.266667,
        "bw_dev" : 12666.901575,
        "bw_samples" : 180,
        "iops_min" : 31768,
        "iops_max" : 35662,
        "iops_mean" : 33076.033333,
        "iops_stddev" : 395.838025,
        "iops_samples" : 180
      },
      "job_runtime" : 90001,
      "usr_cpu" : 4.246619,
      "sys_cpu" : 16.774258,
      "ctx" : 2328885,
      "majf" : 0,
      "minf" : 266,
      "iodepth_level" : {
        "1" : 0.100000,
        "2" : 0.100000,
        "4" : 0.100000,
        "8" : 0.100000,
        "16" : 0.100000,
        "32" : 99.998959,
        ">=64" : 0.000000
      },
      "iodepth_submit" : {
        "0" : 0.000000,
        "4" : 100.000000,
        "8" : 0.000000,
        "16" : 0.000000,
        "32" : 0.000000,
        "64" : 0.000000,
        ">=64" : 0.000000
      },
      "iodepth_complete" : {
        "0" : 0.000000,
        "4" : 99.999966,
        "8" : 0.000000,
        "16" : 0.000000,
        "32" : 0.100000,
        "64" : 0.000000,
        ">=64" : 0.000000
      },
      "latency_ns" : {
        "2" : 0.000000,
        "4" : 0.000000,
        "10" : 0.000000,
        "20" : 0.000000,
        "50" : 0.000000,
        "100" : 0.000000,
        "250" : 0.000000,
        "500" : 0.000000,
        "750" : 0.000000,
        "1000" : 0.000000
      },
      "latency_us" : {
        "2" : 0.000000,
        "4" : 0.000000,
        "10" : 0.000000,
        "20" : 0.000000,
        "50" : 0.000000,
        "100" : 0.010000,
        "250" : 1.107454,
        "500" : 11.176419,
        "750" : 21.257242,
        "1000" : 24.142520
      },
      "latency_ms" : {
        "2" : 40.814153,
        "4" : 1.502145,
        "10" : 0.000000,
        "20" : 0.000000,
        "50" : 0.000000,
        "100" : 0.000000,
        "250" : 0.000000,
        "500" : 0.000000,
        "750" : 0.000000,
        "1000" : 0.000000,
        "2000" : 0.000000,
        ">=2000" : 0.000000
      },
      "latency_depth" : 32,
      "latency_target" : 0,
      "latency_percentile" : 100.000000,
      "latency_window" : 0
    }
  ],
  "disk_util" : [
    {
      "name" : "nvme0n1",
      "read_ios" : 2973640,
      "write_ios" : 0,
      "read_merges" : 0,
      "write_merges" : 0,
      "read_ticks" : 2861957,
      "write_ticks" : 0,
      "in_queue" : 0,
      "util" : 99.938861
    }
  ]
}
