{
  "fio version" : "fio-3.16",
  "timestamp" : 1600550275,
  "timestamp_ms" : 1600550275927,
  "time" : "Sat Sep 19 17:17:55 2020",
  "global options" : {
    "unified_rw_reporting" : "1",
    "time_based" : "1",
    "runtime" : "90",
    "directory" : "/media/auto/work/tmp",
    "filename" : "testfile.dat",
    "filesize" : "20GiB",
    "direct" : "1",
    "ioengine" : "libaio"
  },
  "jobs" : [
    {
      "jobname" : "jobname",
      "groupid" : 0,
      "error" : 0,
      "eta" : 0,
      "elapsed" : 91,
      "job options" : {
        "name" : "jobname",
        "iodepth" : "16",
        "bs" : "512k",
        "rw" : "write"
      },
      "mixed" : {
        "io_bytes" : 73453273088,
        "io_kbytes" : 71731712,
        "bw_bytes" : 816038673,
        "bw" : 796912,
        "iops" : 1556.470248,
        "runtime" : 90012,
        "total_ios" : 140101,
        "short_ios" : 0,
        "drop_ios" : 0,
        "slat_ns" : {
          "min" : 16030,
          "max" : 9245953,
          "mean" : 29134.087501,
          "stddev" : 81861.326228
        },
        "clat_ns" : {
          "min" : 377498,
          "max" : 70629666,
          "mean" : 10248350.580460,
          "stddev" : 4685842.164654,
          "percentile" : {
            "1.000000" : 3129344,
            "5.000000" : 3162112,
            "10.000000" : 3194880,
            "20.000000" : 3588096,
            "30.000000" : 11206656,
            "40.000000" : 11599872,
            "50.000000" : 11730944,
            "60.000000" : 11993088,
            "70.000000" : 12255232,
            "80.000000" : 12517376,
            "90.000000" : 12910592,
            "95.000000" : 13434880,
            "99.000000" : 18219008,
            "99.500000" : 23199744,
            "99.900000" : 59506688,
            "99.950000" : 63176704,
            "99.990000" : 69730304
          }
        },
        "lat_ns" : {
          "min" : 412243,
          "max" : 73655382,
          "mean" : 10277692.411881,
          "stddev" : 4693663.497461
        },
        "bw_min" : 617471,
        "bw_max" : 2471936,
        "bw_agg" : 99.997144,
        "bw_mean" : 796889.238889,
        "bw_dev" : 450583.203940,
        "bw_samples" : 180,
        "iops_min" : 1205,
        "iops_max" : 4828,
        "iops_mean" : 1556.411111,
        "iops_stddev" : 880.049223,
        "iops_samples" : 180
      },
      "job_runtime" : 90011,
      "usr_cpu" : 1.498706,
      "sys_cpu" : 4.086167,
      "ctx" : 139789,
      "majf" : 0,
      "minf" : 13,
      "iodepth_level" : {
        "1" : 0.100000,
        "2" : 0.100000,
        "4" : 0.100000,
        "8" : 0.100000,
        "16" : 99.957174,
        "32" : 0.000000,
        ">=64" : 0.000000
      },
      "iodepth_submit" : {
        "0" : 0.000000,
        "4" : 100.000000,
        "8" : 0.000000,
        "16" : 0.000000,
        "32" : 0.000000,
        "64" : 0.000000,
        ">=64" : 0.000000
      },
      "iodepth_complete" : {
        "0" : 0.000000,
        "4" : 99.997144,
        "8" : 0.000000,
        "16" : 0.100000,
        "32" : 0.000000,
        "64" : 0.000000,
        ">=64" : 0.000000
      },
      "latency_ns" : {
        "2" : 0.000000,
        "4" : 0.000000,
        "10" : 0.000000,
        "20" : 0.000000,
        "50" : 0.000000,
        "100" : 0.000000,
        "250" : 0.000000,
        "500" : 0.000000,
        "750" : 0.000000,
        "1000" : 0.000000
      },
      "latency_us" : {
        "2" : 0.000000,
        "4" : 0.000000,
        "10" : 0.000000,
        "20" : 0.000000,
        "50" : 0.000000,
        "100" : 0.000000,
        "250" : 0.000000,
        "500" : 0.010000,
        "750" : 0.010000,
        "1000" : 0.010000
      },
      "latency_ms" : {
        "2" : 0.014989,
        "4" : 21.582287,
        "10" : 3.094910,
        "20" : 74.593329,
        "50" : 0.507491,
        "100" : 0.201997,
        "250" : 0.000000,
        "500" : 0.000000,
        "750" : 0.000000,
        "1000" : 0.000000,
        "2000" : 0.000000,
        ">=2000" : 0.000000
      },
      "latency_depth" : 16,
      "latency_target" : 0,
      "latency_percentile" : 100.000000,
      "latency_window" : 0
    }
  ],
  "disk_util" : [
    {
      "name" : "nvme0n1",
      "read_ios" : 0,
      "write_ios" : 139979,
      "read_merges" : 0,
      "write_merges" : 17,
      "read_ticks" : 0,
      "write_ticks" : 1435122,
      "in_queue" : 1116552,
      "util" : 98.308099
    }
  ]
}
