{
  "fio version" : "fio-3.16",
  "timestamp" : 1601070275,
  "timestamp_ms" : 1601070275814,
  "time" : "Fri Sep 25 17:44:35 2020",
  "global options" : {
    "unified_rw_reporting" : "1",
    "time_based" : "1",
    "runtime" : "90",
    "directory" : "/media/auto/work/tmp",
    "filename" : "testfile.dat",
    "filesize" : "20GiB",
    "direct" : "1",
    "ioengine" : "libaio"
  },
  "jobs" : [
    {
      "jobname" : "jobname",
      "groupid" : 0,
      "error" : 0,
      "eta" : 0,
      "elapsed" : 91,
      "job options" : {
        "name" : "jobname",
        "iodepth" : "6",
        "bs" : "512k",
        "rw" : "read"
      },
      "mixed" : {
        "io_bytes" : 326000705536,
        "io_kbytes" : 318360064,
        "bw_bytes" : 3622189814,
        "bw" : 3537294,
        "iops" : 6908.778791,
        "runtime" : 90001,
        "total_ios" : 621797,
        "short_ios" : 0,
        "drop_ios" : 0,
        "slat_ns" : {
          "min" : 10640,
          "max" : 162976,
          "mean" : 19640.934850,
          "stddev" : 2629.022466
        },
        "clat_ns" : {
          "min" : 165872,
          "max" : 2013638,
          "mean" : 848125.265920,
          "stddev" : 98030.438976,
          "percentile" : {
            "1.000000" : 634880,
            "5.000000" : 675840,
            "10.000000" : 716800,
            "20.000000" : 774144,
            "30.000000" : 815104,
            "40.000000" : 839680,
            "50.000000" : 847872,
            "60.000000" : 856064,
            "70.000000" : 872448,
            "80.000000" : 905216,
            "90.000000" : 987136,
            "95.000000" : 1036288,
            "99.000000" : 1105920,
            "99.500000" : 1122304,
            "99.900000" : 1155072,
            "99.950000" : 1187840,
            "99.990000" : 1351680
          }
        },
        "lat_ns" : {
          "min" : 191530,
          "max" : 2034618,
          "mean" : 867889.554152,
          "stddev" : 97959.812564
        },
        "bw_min" : 3525632,
        "bw_max" : 3543040,
        "bw_agg" : 99.990344,
        "bw_mean" : 3536952.444444,
        "bw_dev" : 3677.298611,
        "bw_samples" : 180,
        "iops_min" : 6886,
        "iops_max" : 6920,
        "iops_mean" : 6908.100000,
        "iops_stddev" : 7.197998,
        "iops_samples" : 180
      },
      "job_runtime" : 90000,
      "usr_cpu" : 0.844444,
      "sys_cpu" : 14.883333,
      "ctx" : 621991,
      "majf" : 0,
      "minf" : 778,
      "iodepth_level" : {
        "1" : 0.100000,
        "2" : 0.100000,
        "4" : 99.991798,
        "8" : 0.000000,
        "16" : 0.000000,
        "32" : 0.000000,
        ">=64" : 0.000000
      },
      "iodepth_submit" : {
        "0" : 0.000000,
        "4" : 100.000000,
        "8" : 0.000000,
        "16" : 0.000000,
        "32" : 0.000000,
        "64" : 0.000000,
        ">=64" : 0.000000
      },
      "iodepth_complete" : {
        "0" : 0.000000,
        "4" : 99.997266,
        "8" : 0.100000,
        "16" : 0.000000,
        "32" : 0.000000,
        "64" : 0.000000,
        ">=64" : 0.000000
      },
      "latency_ns" : {
        "2" : 0.000000,
        "4" : 0.000000,
        "10" : 0.000000,
        "20" : 0.000000,
        "50" : 0.000000,
        "100" : 0.000000,
        "250" : 0.000000,
        "500" : 0.000000,
        "750" : 0.000000,
        "1000" : 0.000000
      },
      "latency_us" : {
        "2" : 0.000000,
        "4" : 0.000000,
        "10" : 0.000000,
        "20" : 0.000000,
        "50" : 0.000000,
        "100" : 0.000000,
        "250" : 0.010000,
        "500" : 0.010000,
        "750" : 15.104608,
        "1000" : 76.393099
      },
      "latency_ms" : {
        "2" : 8.492482,
        "4" : 0.010000,
        "10" : 0.000000,
        "20" : 0.000000,
        "50" : 0.000000,
        "100" : 0.000000,
        "250" : 0.000000,
        "500" : 0.000000,
        "750" : 0.000000,
        "1000" : 0.000000,
        "2000" : 0.000000,
        ">=2000" : 0.000000
      },
      "latency_depth" : 6,
      "latency_target" : 0,
      "latency_percentile" : 100.000000,
      "latency_window" : 0
    }
  ],
  "disk_util" : [
    {
      "name" : "nvme0n1",
      "read_ios" : 621100,
      "write_ios" : 0,
      "read_merges" : 0,
      "write_merges" : 0,
      "read_ticks" : 530190,
      "write_ticks" : 0,
      "in_queue" : 0,
      "util" : 99.933304
    }
  ]
}
