{
  "fio version" : "fio-3.16",
  "timestamp" : 1601082286,
  "timestamp_ms" : 1601082286249,
  "time" : "Fri Sep 25 21:04:46 2020",
  "global options" : {
    "unified_rw_reporting" : "1",
    "time_based" : "1",
    "runtime" : "90",
    "directory" : "/media/auto/work/tmp",
    "filename" : "testfile.dat",
    "filesize" : "20GiB",
    "direct" : "1",
    "ioengine" : "libaio"
  },
  "jobs" : [
    {
      "jobname" : "jobname",
      "groupid" : 0,
      "error" : 0,
      "eta" : 0,
      "elapsed" : 91,
      "job options" : {
        "name" : "jobname",
        "iodepth" : "1",
        "bs" : "512k",
        "rw" : "randread"
      },
      "mixed" : {
        "io_bytes" : 75593940992,
        "io_kbytes" : 73822208,
        "bw_bytes" : 839923345,
        "bw" : 820237,
        "iops" : 1602.026644,
        "runtime" : 90001,
        "total_ios" : 144184,
        "short_ios" : 0,
        "drop_ios" : 0,
        "slat_ns" : {
          "min" : 11982,
          "max" : 514957,
          "mean" : 24454.113605,
          "stddev" : 3974.274422
        },
        "clat_ns" : {
          "min" : 232938,
          "max" : 1744784,
          "mean" : 598656.745700,
          "stddev" : 81779.767292,
          "percentile" : {
            "1.000000" : 272384,
            "5.000000" : 493568,
            "10.000000" : 497664,
            "20.000000" : 509952,
            "30.000000" : 569344,
            "40.000000" : 610304,
            "50.000000" : 610304,
            "60.000000" : 618496,
            "70.000000" : 626688,
            "80.000000" : 634880,
            "90.000000" : 684032,
            "95.000000" : 733184,
            "99.000000" : 798720,
            "99.500000" : 831488,
            "99.900000" : 897024,
            "99.950000" : 929792,
            "99.990000" : 987136
          }
        },
        "lat_ns" : {
          "min" : 247204,
          "max" : 1790380,
          "mean" : 623254.273338,
          "stddev" : 82122.503057
        },
        "bw_min" : 737280,
        "bw_max" : 1026048,
        "bw_agg" : 100.000000,
        "bw_mean" : 820274.430168,
        "bw_dev" : 33252.508822,
        "bw_samples" : 179,
        "iops_min" : 1440,
        "iops_max" : 2004,
        "iops_mean" : 1602.067039,
        "iops_stddev" : 64.949038,
        "iops_samples" : 179
      },
      "job_runtime" : 90000,
      "usr_cpu" : 0.347778,
      "sys_cpu" : 4.282222,
      "ctx" : 144299,
      "majf" : 0,
      "minf" : 139,
      "iodepth_level" : {
        "1" : 100.000000,
        "2" : 0.000000,
        "4" : 0.000000,
        "8" : 0.000000,
        "16" : 0.000000,
        "32" : 0.000000,
        ">=64" : 0.000000
      },
      "iodepth_submit" : {
        "0" : 0.000000,
        "4" : 100.000000,
        "8" : 0.000000,
        "16" : 0.000000,
        "32" : 0.000000,
        "64" : 0.000000,
        ">=64" : 0.000000
      },
      "iodepth_complete" : {
        "0" : 0.000000,
        "4" : 100.000000,
        "8" : 0.000000,
        "16" : 0.000000,
        "32" : 0.000000,
        "64" : 0.000000,
        ">=64" : 0.000000
      },
      "latency_ns" : {
        "2" : 0.000000,
        "4" : 0.000000,
        "10" : 0.000000,
        "20" : 0.000000,
        "50" : 0.000000,
        "100" : 0.000000,
        "250" : 0.000000,
        "500" : 0.000000,
        "750" : 0.000000,
        "1000" : 0.000000
      },
      "latency_us" : {
        "2" : 0.000000,
        "4" : 0.000000,
        "10" : 0.000000,
        "20" : 0.000000,
        "50" : 0.000000,
        "100" : 0.000000,
        "250" : 0.303779,
        "500" : 10.447761,
        "750" : 85.516423,
        "1000" : 3.722327
      },
      "latency_ms" : {
        "2" : 0.010000,
        "4" : 0.000000,
        "10" : 0.000000,
        "20" : 0.000000,
        "50" : 0.000000,
        "100" : 0.000000,
        "250" : 0.000000,
        "500" : 0.000000,
        "750" : 0.000000,
        "1000" : 0.000000,
        "2000" : 0.000000,
        ">=2000" : 0.000000
      },
      "latency_depth" : 1,
      "latency_target" : 0,
      "latency_percentile" : 100.000000,
      "latency_window" : 0
    }
  ],
  "disk_util" : [
    {
      "name" : "nvme0n1",
      "read_ios" : 144020,
      "write_ios" : 0,
      "read_merges" : 0,
      "write_merges" : 0,
      "read_ticks" : 87237,
      "write_ticks" : 0,
      "in_queue" : 0,
      "util" : 99.941083
    }
  ]
}
