{
  "fio version" : "fio-3.16",
  "timestamp" : 1601063980,
  "timestamp_ms" : 1601063980123,
  "time" : "Fri Sep 25 15:59:40 2020",
  "global options" : {
    "unified_rw_reporting" : "1",
    "time_based" : "1",
    "runtime" : "90",
    "directory" : "/media/auto/work/tmp",
    "filename" : "testfile.dat",
    "filesize" : "20GiB",
    "direct" : "1",
    "ioengine" : "libaio"
  },
  "jobs" : [
    {
      "jobname" : "jobname",
      "groupid" : 0,
      "error" : 0,
      "eta" : 0,
      "elapsed" : 91,
      "job options" : {
        "name" : "jobname",
        "iodepth" : "2",
        "bs" : "4k",
        "rw" : "read"
      },
      "mixed" : {
        "io_bytes" : 50602999808,
        "io_kbytes" : 49416992,
        "bw_bytes" : 562249306,
        "bw" : 549071,
        "iops" : 137267.897023,
        "runtime" : 90001,
        "total_ios" : 12354248,
        "short_ios" : 0,
        "drop_ios" : 0,
        "slat_ns" : {
          "min" : 1392,
          "max" : 738797,
          "mean" : 2105.906942,
          "stddev" : 405.110618
        },
        "clat_ns" : {
          "min" : 2354,
          "max" : 753253,
          "mean" : 12030.896386,
          "stddev" : 2976.103708,
          "percentile" : {
            "1.000000" : 10432,
            "5.000000" : 11200,
            "10.000000" : 11200,
            "20.000000" : 11328,
            "30.000000" : 11456,
            "40.000000" : 11584,
            "50.000000" : 11584,
            "60.000000" : 11712,
            "70.000000" : 11840,
            "80.000000" : 12096,
            "90.000000" : 13120,
            "95.000000" : 14272,
            "99.000000" : 16768,
            "99.500000" : 21888,
            "99.900000" : 29568,
            "99.950000" : 79360,
            "99.990000" : 148480
          }
        },
        "lat_ns" : {
          "min" : 8806,
          "max" : 756279,
          "mean" : 14218.605543,
          "stddev" : 3024.545172
        },
        "bw_min" : 540952,
        "bw_max" : 568776,
        "bw_agg" : 99.987536,
        "bw_mean" : 549002.564246,
        "bw_dev" : 3149.741605,
        "bw_samples" : 179,
        "iops_min" : 135238,
        "iops_max" : 142194,
        "iops_mean" : 137250.636872,
        "iops_stddev" : 787.438628,
        "iops_samples" : 179
      },
      "job_runtime" : 90000,
      "usr_cpu" : 15.305556,
      "sys_cpu" : 43.250000,
      "ctx" : 6179486,
      "majf" : 0,
      "minf" : 14,
      "iodepth_level" : {
        "1" : 0.100000,
        "2" : 99.999976,
        "4" : 0.000000,
        "8" : 0.000000,
        "16" : 0.000000,
        "32" : 0.000000,
        ">=64" : 0.000000
      },
      "iodepth_submit" : {
        "0" : 0.000000,
        "4" : 100.000000,
        "8" : 0.000000,
        "16" : 0.000000,
        "32" : 0.000000,
        "64" : 0.000000,
        ">=64" : 0.000000
      },
      "iodepth_complete" : {
        "0" : 0.000000,
        "4" : 100.000000,
        "8" : 0.000000,
        "16" : 0.000000,
        "32" : 0.000000,
        "64" : 0.000000,
        ">=64" : 0.000000
      },
      "latency_ns" : {
        "2" : 0.000000,
        "4" : 0.000000,
        "10" : 0.000000,
        "20" : 0.000000,
        "50" : 0.000000,
        "100" : 0.000000,
        "250" : 0.000000,
        "500" : 0.000000,
        "750" : 0.000000,
        "1000" : 0.000000
      },
      "latency_us" : {
        "2" : 0.000000,
        "4" : 0.010000,
        "10" : 0.079438,
        "20" : 99.053807,
        "50" : 0.772544,
        "100" : 0.071773,
        "250" : 0.019856,
        "500" : 0.010000,
        "750" : 0.010000,
        "1000" : 0.010000
      },
      "latency_ms" : {
        "2" : 0.000000,
        "4" : 0.000000,
        "10" : 0.000000,
        "20" : 0.000000,
        "50" : 0.000000,
        "100" : 0.000000,
        "250" : 0.000000,
        "500" : 0.000000,
        "750" : 0.000000,
        "1000" : 0.000000,
        "2000" : 0.000000,
        ">=2000" : 0.000000
      },
      "latency_depth" : 2,
      "latency_target" : 0,
      "latency_percentile" : 100.000000,
      "latency_window" : 0
    }
  ],
  "disk_util" : [
    {
      "name" : "nvme0n1",
      "read_ios" : 12340572,
      "write_ios" : 0,
      "read_merges" : 0,
      "write_merges" : 0,
      "read_ticks" : 120542,
      "write_ticks" : 0,
      "in_queue" : 0,
      "util" : 99.944416
    }
  ]
}
