{
  "fio version" : "fio-3.16",
  "timestamp" : 1601056690,
  "timestamp_ms" : 1601056690447,
  "time" : "Fri Sep 25 13:58:10 2020",
  "global options" : {
    "unified_rw_reporting" : "1",
    "time_based" : "1",
    "runtime" : "90",
    "directory" : "/media/auto/work/tmp",
    "filename" : "testfile.dat",
    "filesize" : "20GiB",
    "direct" : "1",
    "ioengine" : "libaio"
  },
  "jobs" : [
    {
      "jobname" : "jobname",
      "groupid" : 0,
      "error" : 0,
      "eta" : 0,
      "elapsed" : 91,
      "job options" : {
        "name" : "jobname",
        "iodepth" : "2",
        "bs" : "4k",
        "rw" : "randread"
      },
      "mixed" : {
        "io_bytes" : 9424306176,
        "io_kbytes" : 9203424,
        "bw_bytes" : 104713349,
        "bw" : 102259,
        "iops" : 25564.782614,
        "runtime" : 90001,
        "total_ios" : 2300856,
        "short_ios" : 0,
        "drop_ios" : 0,
        "slat_ns" : {
          "min" : 1493,
          "max" : 50355,
          "mean" : 2833.336872,
          "stddev" : 484.786555
        },
        "clat_ns" : {
          "min" : 31028,
          "max" : 984137,
          "mean" : 74706.700998,
          "stddev" : 11918.325525,
          "percentile" : {
            "1.000000" : 54528,
            "5.000000" : 66048,
            "10.000000" : 66048,
            "20.000000" : 67072,
            "30.000000" : 67072,
            "40.000000" : 68096,
            "50.000000" : 69120,
            "60.000000" : 72192,
            "70.000000" : 82432,
            "80.000000" : 83456,
            "90.000000" : 84480,
            "95.000000" : 91648,
            "99.000000" : 124416,
            "99.500000" : 134144,
            "99.900000" : 148480,
            "99.950000" : 154624,
            "99.990000" : 168960
          }
        },
        "lat_ns" : {
          "min" : 48901,
          "max" : 999756,
          "mean" : 77648.285406,
          "stddev" : 11937.596506
        },
        "bw_min" : 101552,
        "bw_max" : 102736,
        "bw_agg" : 99.997110,
        "bw_mean" : 102256.044693,
        "bw_dev" : 208.702191,
        "bw_samples" : 179,
        "iops_min" : 25388,
        "iops_max" : 25684,
        "iops_mean" : 25564.005587,
        "iops_stddev" : 52.214822,
        "iops_samples" : 179
      },
      "job_runtime" : 90000,
      "usr_cpu" : 4.160000,
      "sys_cpu" : 10.674444,
      "ctx" : 2081919,
      "majf" : 0,
      "minf" : 14,
      "iodepth_level" : {
        "1" : 0.100000,
        "2" : 99.999957,
        "4" : 0.000000,
        "8" : 0.000000,
        "16" : 0.000000,
        "32" : 0.000000,
        ">=64" : 0.000000
      },
      "iodepth_submit" : {
        "0" : 0.000000,
        "4" : 100.000000,
        "8" : 0.000000,
        "16" : 0.000000,
        "32" : 0.000000,
        "64" : 0.000000,
        ">=64" : 0.000000
      },
      "iodepth_complete" : {
        "0" : 0.000000,
        "4" : 100.000000,
        "8" : 0.000000,
        "16" : 0.000000,
        "32" : 0.000000,
        "64" : 0.000000,
        ">=64" : 0.000000
      },
      "latency_ns" : {
        "2" : 0.000000,
        "4" : 0.000000,
        "10" : 0.000000,
        "20" : 0.000000,
        "50" : 0.000000,
        "100" : 0.000000,
        "250" : 0.000000,
        "500" : 0.000000,
        "750" : 0.000000,
        "1000" : 0.000000
      },
      "latency_us" : {
        "2" : 0.000000,
        "4" : 0.000000,
        "10" : 0.000000,
        "20" : 0.000000,
        "50" : 0.607165,
        "100" : 96.201023,
        "250" : 3.191291,
        "500" : 0.010000,
        "750" : 0.000000,
        "1000" : 0.010000
      },
      "latency_ms" : {
        "2" : 0.000000,
        "4" : 0.000000,
        "10" : 0.000000,
        "20" : 0.000000,
        "50" : 0.000000,
        "100" : 0.000000,
        "250" : 0.000000,
        "500" : 0.000000,
        "750" : 0.000000,
        "1000" : 0.000000,
        "2000" : 0.000000,
        ">=2000" : 0.000000
      },
      "latency_depth" : 2,
      "latency_target" : 0,
      "latency_percentile" : 100.000000,
      "latency_window" : 0
    }
  ],
  "disk_util" : [
    {
      "name" : "nvme0n1",
      "read_ios" : 2298310,
      "write_ios" : 0,
      "read_merges" : 0,
      "write_merges" : 0,
      "read_ticks" : 170127,
      "write_ticks" : 0,
      "in_queue" : 0,
      "util" : 99.938861
    }
  ]
}
