{
  "fio version" : "fio-3.16",
  "timestamp" : 1600569146,
  "timestamp_ms" : 1600569146455,
  "time" : "Sat Sep 19 22:32:26 2020",
  "global options" : {
    "unified_rw_reporting" : "1",
    "time_based" : "1",
    "runtime" : "90",
    "directory" : "/media/auto/work/tmp",
    "filename" : "testfile.dat",
    "filesize" : "20GiB",
    "direct" : "1",
    "ioengine" : "libaio"
  },
  "jobs" : [
    {
      "jobname" : "jobname",
      "groupid" : 0,
      "error" : 0,
      "eta" : 0,
      "elapsed" : 91,
      "job options" : {
        "name" : "jobname",
        "iodepth" : "1",
        "bs" : "4k",
        "rw" : "write"
      },
      "mixed" : {
        "io_bytes" : 23215030272,
        "io_kbytes" : 22670928,
        "bw_bytes" : 257941914,
        "bw" : 251896,
        "iops" : 62974.100288,
        "runtime" : 90001,
        "total_ios" : 5667732,
        "short_ios" : 0,
        "drop_ios" : 0,
        "slat_ns" : {
          "min" : 1653,
          "max" : 199354,
          "mean" : 2514.734198,
          "stddev" : 353.788267
        },
        "clat_ns" : {
          "min" : 381,
          "max" : 142923905,
          "mean" : 12867.664314,
          "stddev" : 75437.076529,
          "percentile" : {
            "1.000000" : 10944,
            "5.000000" : 11200,
            "10.000000" : 11328,
            "20.000000" : 11456,
            "30.000000" : 11584,
            "40.000000" : 11584,
            "50.000000" : 11840,
            "60.000000" : 12608,
            "70.000000" : 14016,
            "80.000000" : 14400,
            "90.000000" : 14656,
            "95.000000" : 14912,
            "99.000000" : 15808,
            "99.500000" : 17280,
            "99.900000" : 24960,
            "99.950000" : 25472,
            "99.990000" : 34048
          }
        },
        "lat_ns" : {
          "min" : 11732,
          "max" : 142927321,
          "mean" : 15468.724749,
          "stddev" : 75439.876664
        },
        "bw_min" : 138943,
        "bw_max" : 266088,
        "bw_agg" : 99.993298,
        "bw_mean" : 251879.117318,
        "bw_dev" : 15203.594918,
        "bw_samples" : 179,
        "iops_min" : 34735,
        "iops_max" : 66522,
        "iops_mean" : 62969.782123,
        "iops_stddev" : 3800.904358,
        "iops_samples" : 179
      },
      "job_runtime" : 90000,
      "usr_cpu" : 7.681111,
      "sys_cpu" : 23.306667,
      "ctx" : 5667917,
      "majf" : 0,
      "minf" : 14,
      "iodepth_level" : {
        "1" : 100.000000,
        "2" : 0.000000,
        "4" : 0.000000,
        "8" : 0.000000,
        "16" : 0.000000,
        "32" : 0.000000,
        ">=64" : 0.000000
      },
      "iodepth_submit" : {
        "0" : 0.000000,
        "4" : 100.000000,
        "8" : 0.000000,
        "16" : 0.000000,
        "32" : 0.000000,
        "64" : 0.000000,
        ">=64" : 0.000000
      },
      "iodepth_complete" : {
        "0" : 0.000000,
        "4" : 100.000000,
        "8" : 0.000000,
        "16" : 0.000000,
        "32" : 0.000000,
        "64" : 0.000000,
        ">=64" : 0.000000
      },
      "latency_ns" : {
        "2" : 0.000000,
        "4" : 0.000000,
        "10" : 0.000000,
        "20" : 0.000000,
        "50" : 0.000000,
        "100" : 0.000000,
        "250" : 0.000000,
        "500" : 0.010000,
        "750" : 0.010000,
        "1000" : 0.010000
      },
      "latency_us" : {
        "2" : 0.000000,
        "4" : 0.010000,
        "10" : 0.010000,
        "20" : 99.587948,
        "50" : 0.393861,
        "100" : 0.010000,
        "250" : 0.010000,
        "500" : 0.010000,
        "750" : 0.010000,
        "1000" : 0.010000
      },
      "latency_ms" : {
        "2" : 0.010000,
        "4" : 0.010000,
        "10" : 0.010000,
        "20" : 0.010000,
        "50" : 0.010000,
        "100" : 0.000000,
        "250" : 0.010000,
        "500" : 0.000000,
        "750" : 0.000000,
        "1000" : 0.000000,
        "2000" : 0.000000,
        ">=2000" : 0.000000
      },
      "latency_depth" : 1,
      "latency_target" : 0,
      "latency_percentile" : 100.000000,
      "latency_window" : 0
    }
  ],
  "disk_util" : [
    {
      "name" : "nvme0n1",
      "read_ios" : 0,
      "write_ios" : 5661136,
      "read_merges" : 0,
      "write_merges" : 17,
      "read_ticks" : 0,
      "write_ticks" : 72437,
      "in_queue" : 924,
      "util" : 99.351898
    }
  ]
}
