{
  "fio version" : "fio-3.16",
  "timestamp" : 1601048022,
  "timestamp_ms" : 1601048022390,
  "time" : "Fri Sep 25 11:33:42 2020",
  "global options" : {
    "unified_rw_reporting" : "1",
    "time_based" : "1",
    "runtime" : "90",
    "directory" : "/media/auto/work/tmp",
    "filename" : "testfile.dat",
    "filesize" : "20GiB",
    "direct" : "1",
    "ioengine" : "libaio"
  },
  "jobs" : [
    {
      "jobname" : "jobname",
      "groupid" : 0,
      "error" : 0,
      "eta" : 0,
      "elapsed" : 91,
      "job options" : {
        "name" : "jobname",
        "iodepth" : "20",
        "bs" : "512k",
        "rw" : "write"
      },
      "mixed" : {
        "io_bytes" : 72636956672,
        "io_kbytes" : 70934528,
        "bw_bytes" : 806924877,
        "bw" : 788012,
        "iops" : 1539.087061,
        "runtime" : 90017,
        "total_ios" : 138544,
        "short_ios" : 0,
        "drop_ios" : 0,
        "slat_ns" : {
          "min" : 11712,
          "max" : 19360392,
          "mean" : 30783.702217,
          "stddev" : 131092.434640
        },
        "clat_ns" : {
          "min" : 464502,
          "max" : 70638864,
          "mean" : 12961544.118555,
          "stddev" : 5513057.322783,
          "percentile" : {
            "1.000000" : 3883008,
            "5.000000" : 3948544,
            "10.000000" : 4046848,
            "20.000000" : 4882432,
            "30.000000" : 14090240,
            "40.000000" : 14614528,
            "50.000000" : 14876672,
            "60.000000" : 15138816,
            "70.000000" : 15400960,
            "80.000000" : 15663104,
            "90.000000" : 16318464,
            "95.000000" : 17694720,
            "99.000000" : 23199744,
            "99.500000" : 30539776,
            "99.900000" : 62652416,
            "99.950000" : 65273856,
            "99.990000" : 69730304
          }
        },
        "lat_ns" : {
          "min" : 487876,
          "max" : 78705242,
          "mean" : 12992562.912757,
          "stddev" : 5520667.691376
        },
        "bw_min" : 543743,
        "bw_max" : 2470912,
        "bw_agg" : 99.999177,
        "bw_mean" : 788005.511111,
        "bw_dev" : 437732.556438,
        "bw_samples" : 180,
        "iops_min" : 1061,
        "iops_max" : 4826,
        "iops_mean" : 1539.066667,
        "iops_stddev" : 854.938245,
        "iops_samples" : 180
      },
      "job_runtime" : 90016,
      "usr_cpu" : 1.470850,
      "sys_cpu" : 4.242579,
      "ctx" : 138212,
      "majf" : 0,
      "minf" : 12,
      "iodepth_level" : {
        "1" : 0.100000,
        "2" : 0.100000,
        "4" : 0.100000,
        "8" : 0.100000,
        "16" : 99.956692,
        "32" : 0.000000,
        ">=64" : 0.000000
      },
      "iodepth_submit" : {
        "0" : 0.000000,
        "4" : 100.000000,
        "8" : 0.000000,
        "16" : 0.000000,
        "32" : 0.000000,
        "64" : 0.000000,
        ">=64" : 0.000000
      },
      "iodepth_complete" : {
        "0" : 0.000000,
        "4" : 99.997111,
        "8" : 0.000000,
        "16" : 0.000000,
        "32" : 0.100000,
        "64" : 0.000000,
        ">=64" : 0.000000
      },
      "latency_ns" : {
        "2" : 0.000000,
        "4" : 0.000000,
        "10" : 0.000000,
        "20" : 0.000000,
        "50" : 0.000000,
        "100" : 0.000000,
        "250" : 0.000000,
        "500" : 0.000000,
        "750" : 0.000000,
        "1000" : 0.000000
      },
      "latency_us" : {
        "2" : 0.000000,
        "4" : 0.000000,
        "10" : 0.000000,
        "20" : 0.000000,
        "50" : 0.000000,
        "100" : 0.000000,
        "250" : 0.000000,
        "500" : 0.010000,
        "750" : 0.010000,
        "1000" : 0.010000
      },
      "latency_ms" : {
        "2" : 0.010000,
        "4" : 7.772982,
        "10" : 15.846229,
        "20" : 74.507016,
        "50" : 1.653626,
        "100" : 0.202824,
        "250" : 0.000000,
        "500" : 0.000000,
        "750" : 0.000000,
        "1000" : 0.000000,
        "2000" : 0.000000,
        ">=2000" : 0.000000
      },
      "latency_depth" : 20,
      "latency_target" : 0,
      "latency_percentile" : 100.000000,
      "latency_window" : 0
    }
  ],
  "disk_util" : [
    {
      "name" : "nvme0n1",
      "read_ios" : 0,
      "write_ios" : 138440,
      "read_merges" : 0,
      "write_merges" : 17,
      "read_ticks" : 0,
      "write_ticks" : 1793597,
      "in_queue" : 1459868,
      "util" : 98.421450
    }
  ]
}
