{
  "fio version" : "fio-3.16",
  "timestamp" : 1600570320,
  "timestamp_ms" : 1600570320728,
  "time" : "Sat Sep 19 22:52:00 2020",
  "global options" : {
    "unified_rw_reporting" : "1",
    "time_based" : "1",
    "runtime" : "90",
    "directory" : "/media/auto/work/tmp",
    "filename" : "testfile.dat",
    "filesize" : "20GiB",
    "direct" : "1",
    "ioengine" : "libaio"
  },
  "jobs" : [
    {
      "jobname" : "jobname",
      "groupid" : 0,
      "error" : 0,
      "eta" : 0,
      "elapsed" : 91,
      "job options" : {
        "name" : "jobname",
        "iodepth" : "2",
        "bs" : "256k",
        "rw" : "write"
      },
      "mixed" : {
        "io_bytes" : 73367027712,
        "io_kbytes" : 71647488,
        "bw_bytes" : 814682283,
        "bw" : 795588,
        "iops" : 3107.766279,
        "runtime" : 90056,
        "total_ios" : 279873,
        "short_ios" : 0,
        "drop_ios" : 0,
        "slat_ns" : {
          "min" : 7554,
          "max" : 95469,
          "mean" : 14953.591043,
          "stddev" : 2005.004038
        },
        "clat_ns" : {
          "min" : 87224,
          "max" : 65479185,
          "mean" : 627670.034008,
          "stddev" : 837265.732140,
          "percentile" : {
            "1.000000" : 136192,
            "5.000000" : 152576,
            "10.000000" : 164864,
            "20.000000" : 189440,
            "30.000000" : 242688,
            "40.000000" : 342016,
            "50.000000" : 473088,
            "60.000000" : 618496,
            "70.000000" : 782336,
            "80.000000" : 995328,
            "90.000000" : 1318912,
            "95.000000" : 1597440,
            "99.000000" : 2113536,
            "99.500000" : 2277376,
            "99.900000" : 3162112,
            "99.950000" : 4177920,
            "99.990000" : 49020928
          }
        },
        "lat_ns" : {
          "min" : 102763,
          "max" : 65494614,
          "mean" : 642757.336596,
          "stddev" : 837442.728501
        },
        "bw_min" : 605695,
        "bw_max" : 2469376,
        "bw_agg" : 100.000000,
        "bw_mean" : 796043.738889,
        "bw_dev" : 443836.057261,
        "bw_samples" : 180,
        "iops_min" : 2365,
        "iops_max" : 9646,
        "iops_mean" : 3109.527778,
        "iops_stddev" : 1733.739931,
        "iops_samples" : 180
      },
      "job_runtime" : 90055,
      "usr_cpu" : 0.970518,
      "sys_cpu" : 4.742657,
      "ctx" : 279951,
      "majf" : 0,
      "minf" : 13,
      "iodepth_level" : {
        "1" : 0.100000,
        "2" : 99.998571,
        "4" : 0.000000,
        "8" : 0.000000,
        "16" : 0.000000,
        "32" : 0.000000,
        ">=64" : 0.000000
      },
      "iodepth_submit" : {
        "0" : 0.000000,
        "4" : 100.000000,
        "8" : 0.000000,
        "16" : 0.000000,
        "32" : 0.000000,
        "64" : 0.000000,
        ">=64" : 0.000000
      },
      "iodepth_complete" : {
        "0" : 0.000000,
        "4" : 100.000000,
        "8" : 0.000000,
        "16" : 0.000000,
        "32" : 0.000000,
        "64" : 0.000000,
        ">=64" : 0.000000
      },
      "latency_ns" : {
        "2" : 0.000000,
        "4" : 0.000000,
        "10" : 0.000000,
        "20" : 0.000000,
        "50" : 0.000000,
        "100" : 0.000000,
        "250" : 0.000000,
        "500" : 0.000000,
        "750" : 0.000000,
        "1000" : 0.000000
      },
      "latency_us" : {
        "2" : 0.000000,
        "4" : 0.000000,
        "10" : 0.000000,
        "20" : 0.000000,
        "50" : 0.000000,
        "100" : 0.010000,
        "250" : 30.835772,
        "500" : 21.127440,
        "750" : 16.362779,
        "1000" : 11.881103
      },
      "latency_ms" : {
        "2" : 18.440507,
        "4" : 1.297731,
        "10" : 0.022153,
        "20" : 0.010000,
        "50" : 0.013220,
        "100" : 0.010000,
        "250" : 0.000000,
        "500" : 0.000000,
        "750" : 0.000000,
        "1000" : 0.000000,
        "2000" : 0.000000,
        ">=2000" : 0.000000
      },
      "latency_depth" : 2,
      "latency_target" : 0,
      "latency_percentile" : 100.000000,
      "latency_window" : 0
    }
  ],
  "disk_util" : [
    {
      "name" : "nvme0n1",
      "read_ios" : 0,
      "write_ios" : 279650,
      "read_merges" : 0,
      "write_merges" : 17,
      "read_ticks" : 0,
      "write_ticks" : 177893,
      "in_queue" : 4220,
      "util" : 98.472621
    }
  ]
}
