{
  "fio version" : "fio-3.16",
  "timestamp" : 1601051283,
  "timestamp_ms" : 1601051283802,
  "time" : "Fri Sep 25 12:28:03 2020",
  "global options" : {
    "unified_rw_reporting" : "1",
    "time_based" : "1",
    "runtime" : "90",
    "directory" : "/media/auto/work/tmp",
    "filename" : "testfile.dat",
    "filesize" : "20GiB",
    "direct" : "1",
    "ioengine" : "libaio"
  },
  "jobs" : [
    {
      "jobname" : "jobname",
      "groupid" : 0,
      "error" : 0,
      "eta" : 0,
      "elapsed" : 91,
      "job options" : {
        "name" : "jobname",
        "iodepth" : "20",
        "bs" : "256k",
        "rw" : "randwrite"
      },
      "mixed" : {
        "io_bytes" : 64852590592,
        "io_kbytes" : 63332608,
        "bw_bytes" : 720528298,
        "bw" : 703640,
        "iops" : 2748.597331,
        "runtime" : 90007,
        "total_ios" : 247393,
        "short_ios" : 0,
        "drop_ios" : 0,
        "slat_ns" : {
          "min" : 6653,
          "max" : 8905252,
          "mean" : 15411.771117,
          "stddev" : 34817.505840
        },
        "clat_ns" : {
          "min" : 312868,
          "max" : 533052318,
          "mean" : 7259842.162943,
          "stddev" : 7976076.981121,
          "percentile" : {
            "1.000000" : 1974272,
            "5.000000" : 2088960,
            "10.000000" : 2211840,
            "20.000000" : 6717440,
            "30.000000" : 7045120,
            "40.000000" : 7241728,
            "50.000000" : 7438336,
            "60.000000" : 7634944,
            "70.000000" : 7831552,
            "80.000000" : 8159232,
            "90.000000" : 8716288,
            "95.000000" : 9633792,
            "99.000000" : 12910592,
            "99.500000" : 15663104,
            "99.900000" : 64225280,
            "99.950000" : 145752064,
            "99.990000" : 396361728
          }
        },
        "lat_ns" : {
          "min" : 330751,
          "max" : 533065452,
          "mean" : 7275404.128411,
          "stddev" : 7977115.130468
        },
        "bw_min" : 89599,
        "bw_max" : 2331136,
        "bw_agg" : 99.993632,
        "bw_mean" : 703595.194444,
        "bw_dev" : 329534.700561,
        "bw_samples" : 180,
        "iops_min" : 349,
        "iops_max" : 9106,
        "iops_mean" : 2748.400000,
        "iops_stddev" : 1287.248413,
        "iops_samples" : 180
      },
      "job_runtime" : 90006,
      "usr_cpu" : 1.289914,
      "sys_cpu" : 4.170833,
      "ctx" : 246984,
      "majf" : 0,
      "minf" : 11,
      "iodepth_level" : {
        "1" : 0.100000,
        "2" : 0.100000,
        "4" : 0.100000,
        "8" : 0.100000,
        "16" : 99.993937,
        "32" : 0.000000,
        ">=64" : 0.000000
      },
      "iodepth_submit" : {
        "0" : 0.000000,
        "4" : 100.000000,
        "8" : 0.000000,
        "16" : 0.000000,
        "32" : 0.000000,
        "64" : 0.000000,
        ">=64" : 0.000000
      },
      "iodepth_complete" : {
        "0" : 0.000000,
        "4" : 99.999596,
        "8" : 0.000000,
        "16" : 0.000000,
        "32" : 0.100000,
        "64" : 0.000000,
        ">=64" : 0.000000
      },
      "latency_ns" : {
        "2" : 0.000000,
        "4" : 0.000000,
        "10" : 0.000000,
        "20" : 0.000000,
        "50" : 0.000000,
        "100" : 0.000000,
        "250" : 0.000000,
        "500" : 0.000000,
        "750" : 0.000000,
        "1000" : 0.000000
      },
      "latency_us" : {
        "2" : 0.000000,
        "4" : 0.000000,
        "10" : 0.000000,
        "20" : 0.000000,
        "50" : 0.000000,
        "100" : 0.000000,
        "250" : 0.000000,
        "500" : 0.010000,
        "750" : 0.010000,
        "1000" : 0.010000
      },
      "latency_ms" : {
        "2" : 1.684769,
        "4" : 12.345943,
        "10" : 82.069420,
        "20" : 3.500503,
        "50" : 0.215447,
        "100" : 0.114393,
        "250" : 0.027891,
        "500" : 0.033550,
        "750" : 0.010000,
        "1000" : 0.000000,
        "2000" : 0.000000,
        ">=2000" : 0.000000
      },
      "latency_depth" : 20,
      "latency_target" : 0,
      "latency_percentile" : 100.000000,
      "latency_window" : 0
    }
  ],
  "disk_util" : [
    {
      "name" : "nvme0n1",
      "read_ios" : 0,
      "write_ios" : 247136,
      "read_merges" : 0,
      "write_merges" : 17,
      "read_ticks" : 0,
      "write_ticks" : 1795624,
      "in_queue" : 1172188,
      "util" : 96.369417
    }
  ]
}
