{
  "fio version" : "fio-3.16",
  "timestamp" : 1600549232,
  "timestamp_ms" : 1600549232132,
  "time" : "Sat Sep 19 17:00:32 2020",
  "global options" : {
    "unified_rw_reporting" : "1",
    "time_based" : "1",
    "runtime" : "90",
    "directory" : "/media/auto/work/tmp",
    "filename" : "testfile.dat",
    "filesize" : "20GiB",
    "direct" : "1",
    "ioengine" : "libaio"
  },
  "jobs" : [
    {
      "jobname" : "jobname",
      "groupid" : 0,
      "error" : 0,
      "eta" : 0,
      "elapsed" : 91,
      "job options" : {
        "name" : "jobname",
        "iodepth" : "16",
        "bs" : "32k",
        "rw" : "write"
      },
      "mixed" : {
        "io_bytes" : 72266809344,
        "io_kbytes" : 70573056,
        "bw_bytes" : 802714814,
        "bw" : 783901,
        "iops" : 24496.912072,
        "runtime" : 90028,
        "total_ios" : 2205408,
        "short_ios" : 0,
        "drop_ios" : 0,
        "slat_ns" : {
          "min" : 2344,
          "max" : 46528,
          "mean" : 4420.642699,
          "stddev" : 956.654246
        },
        "clat_ns" : {
          "min" : 87424,
          "max" : 66087226,
          "mean" : 648117.185383,
          "stddev" : 864795.550302,
          "percentile" : {
            "1.000000" : 156672,
            "5.000000" : 173056,
            "10.000000" : 183296,
            "20.000000" : 205824,
            "30.000000" : 264192,
            "40.000000" : 362496,
            "50.000000" : 493568,
            "60.000000" : 634880,
            "70.000000" : 798720,
            "80.000000" : 1011712,
            "90.000000" : 1335296,
            "95.000000" : 1630208,
            "99.000000" : 2146304,
            "99.500000" : 2310144,
            "99.900000" : 3293184,
            "99.950000" : 4227072,
            "99.990000" : 48496640
          }
        },
        "lat_ns" : {
          "min" : 95198,
          "max" : 66091113,
          "mean" : 652647.738881,
          "stddev" : 864862.828363
        },
        "bw_min" : 573759,
        "bw_max" : 2471552,
        "bw_agg" : 100.000000,
        "bw_mean" : 784110.855556,
        "bw_dev" : 428667.396346,
        "bw_samples" : 180,
        "iops_min" : 17929,
        "iops_max" : 77236,
        "iops_mean" : 24503.455556,
        "iops_stddev" : 13395.858890,
        "iops_samples" : 180
      },
      "job_runtime" : 90027,
      "usr_cpu" : 3.771091,
      "sys_cpu" : 13.865840,
      "ctx" : 2122404,
      "majf" : 0,
      "minf" : 12,
      "iodepth_level" : {
        "1" : 0.100000,
        "2" : 0.100000,
        "4" : 0.100000,
        "8" : 0.100000,
        "16" : 99.997279,
        "32" : 0.000000,
        ">=64" : 0.000000
      },
      "iodepth_submit" : {
        "0" : 0.000000,
        "4" : 100.000000,
        "8" : 0.000000,
        "16" : 0.000000,
        "32" : 0.000000,
        "64" : 0.000000,
        ">=64" : 0.000000
      },
      "iodepth_complete" : {
        "0" : 0.000000,
        "4" : 99.999819,
        "8" : 0.000000,
        "16" : 0.100000,
        "32" : 0.000000,
        "64" : 0.000000,
        ">=64" : 0.000000
      },
      "latency_ns" : {
        "2" : 0.000000,
        "4" : 0.000000,
        "10" : 0.000000,
        "20" : 0.000000,
        "50" : 0.000000,
        "100" : 0.000000,
        "250" : 0.000000,
        "500" : 0.000000,
        "750" : 0.000000,
        "1000" : 0.000000
      },
      "latency_us" : {
        "2" : 0.000000,
        "4" : 0.000000,
        "10" : 0.000000,
        "20" : 0.000000,
        "50" : 0.000000,
        "100" : 0.010000,
        "250" : 28.202355,
        "500" : 22.351420,
        "750" : 16.912381,
        "1000" : 12.202867
      },
      "latency_ms" : {
        "2" : 18.713272,
        "4" : 1.561117,
        "10" : 0.026344,
        "20" : 0.010000,
        "50" : 0.013013,
        "100" : 0.010000,
        "250" : 0.000000,
        "500" : 0.000000,
        "750" : 0.000000,
        "1000" : 0.000000,
        "2000" : 0.000000,
        ">=2000" : 0.000000
      },
      "latency_depth" : 16,
      "latency_target" : 0,
      "latency_percentile" : 100.000000,
      "latency_window" : 0
    }
  ],
  "disk_util" : [
    {
      "name" : "nvme0n1",
      "read_ios" : 0,
      "write_ios" : 2203351,
      "read_merges" : 0,
      "write_merges" : 17,
      "read_ticks" : 0,
      "write_ticks" : 1429628,
      "in_queue" : 26560,
      "util" : 98.441495
    }
  ]
}
