{
  "fio version" : "fio-3.16",
  "timestamp" : 1601047370,
  "timestamp_ms" : 1601047370162,
  "time" : "Fri Sep 25 11:22:50 2020",
  "global options" : {
    "unified_rw_reporting" : "1",
    "time_based" : "1",
    "runtime" : "90",
    "directory" : "/media/auto/work/tmp",
    "filename" : "testfile.dat",
    "filesize" : "20GiB",
    "direct" : "1",
    "ioengine" : "libaio"
  },
  "jobs" : [
    {
      "jobname" : "jobname",
      "groupid" : 0,
      "error" : 0,
      "eta" : 0,
      "elapsed" : 91,
      "job options" : {
        "name" : "jobname",
        "iodepth" : "20",
        "bs" : "256k",
        "rw" : "write"
      },
      "mixed" : {
        "io_bytes" : 73164390400,
        "io_kbytes" : 71449600,
        "bw_bytes" : 812865416,
        "bw" : 793813,
        "iops" : 3100.835481,
        "runtime" : 90008,
        "total_ios" : 279100,
        "short_ios" : 0,
        "drop_ios" : 0,
        "slat_ns" : {
          "min" : 7624,
          "max" : 8544695,
          "mean" : 14632.205894,
          "stddev" : 31289.613031
        },
        "clat_ns" : {
          "min" : 260509,
          "max" : 71963480,
          "mean" : 6434094.782945,
          "stddev" : 3215062.126581,
          "percentile" : {
            "1.000000" : 1843200,
            "5.000000" : 1941504,
            "10.000000" : 2007040,
            "20.000000" : 2244608,
            "30.000000" : 6782976,
            "40.000000" : 7110656,
            "50.000000" : 7307264,
            "60.000000" : 7438336,
            "70.000000" : 7700480,
            "80.000000" : 7962624,
            "90.000000" : 8355840,
            "95.000000" : 8716288,
            "99.000000" : 11468800,
            "99.500000" : 13959168,
            "99.900000" : 54788096,
            "99.950000" : 61079552,
            "99.990000" : 69730304
          }
        },
        "lat_ns" : {
          "min" : 276178,
          "max" : 71976014,
          "mean" : 6448873.264167,
          "stddev" : 3216430.812618
        },
        "bw_min" : 609279,
        "bw_max" : 2469888,
        "bw_agg" : 100.000000,
        "bw_mean" : 793823.561111,
        "bw_dev" : 440220.060247,
        "bw_samples" : 180,
        "iops_min" : 2379,
        "iops_max" : 9648,
        "iops_mean" : 3100.872222,
        "iops_stddev" : 1719.610044,
        "iops_samples" : 180
      },
      "job_runtime" : 90007,
      "usr_cpu" : 1.257680,
      "sys_cpu" : 4.601864,
      "ctx" : 278904,
      "majf" : 0,
      "minf" : 12,
      "iodepth_level" : {
        "1" : 0.100000,
        "2" : 0.100000,
        "4" : 0.100000,
        "8" : 0.100000,
        "16" : 99.978502,
        "32" : 0.000000,
        ">=64" : 0.000000
      },
      "iodepth_submit" : {
        "0" : 0.000000,
        "4" : 100.000000,
        "8" : 0.000000,
        "16" : 0.000000,
        "32" : 0.000000,
        "64" : 0.000000,
        ">=64" : 0.000000
      },
      "iodepth_complete" : {
        "0" : 0.000000,
        "4" : 99.998566,
        "8" : 0.000000,
        "16" : 0.000000,
        "32" : 0.100000,
        "64" : 0.000000,
        ">=64" : 0.000000
      },
      "latency_ns" : {
        "2" : 0.000000,
        "4" : 0.000000,
        "10" : 0.000000,
        "20" : 0.000000,
        "50" : 0.000000,
        "100" : 0.000000,
        "250" : 0.000000,
        "500" : 0.000000,
        "750" : 0.000000,
        "1000" : 0.000000
      },
      "latency_us" : {
        "2" : 0.000000,
        "4" : 0.000000,
        "10" : 0.000000,
        "20" : 0.000000,
        "50" : 0.000000,
        "100" : 0.000000,
        "250" : 0.000000,
        "500" : 0.010000,
        "750" : 0.010000,
        "1000" : 0.010000
      },
      "latency_ms" : {
        "2" : 9.600143,
        "4" : 13.552848,
        "10" : 74.957721,
        "20" : 1.620566,
        "50" : 0.147259,
        "100" : 0.112504,
        "250" : 0.000000,
        "500" : 0.000000,
        "750" : 0.000000,
        "1000" : 0.000000,
        "2000" : 0.000000,
        ">=2000" : 0.000000
      },
      "latency_depth" : 20,
      "latency_target" : 0,
      "latency_percentile" : 100.000000,
      "latency_window" : 0
    }
  ],
  "disk_util" : [
    {
      "name" : "nvme0n1",
      "read_ios" : 0,
      "write_ios" : 278852,
      "read_merges" : 0,
      "write_merges" : 17,
      "read_ticks" : 0,
      "write_ticks" : 1795168,
      "in_queue" : 1094048,
      "util" : 98.533842
    }
  ]
}
