{
  "fio version" : "fio-3.16",
  "timestamp" : 1600551711,
  "timestamp_ms" : 1600551711050,
  "time" : "Sat Sep 19 17:41:51 2020",
  "global options" : {
    "unified_rw_reporting" : "1",
    "time_based" : "1",
    "runtime" : "90",
    "directory" : "/media/auto/work/tmp",
    "filename" : "testfile.dat",
    "filesize" : "20GiB",
    "direct" : "1",
    "ioengine" : "libaio"
  },
  "jobs" : [
    {
      "jobname" : "jobname",
      "groupid" : 0,
      "error" : 0,
      "eta" : 0,
      "elapsed" : 91,
      "job options" : {
        "name" : "jobname",
        "iodepth" : "8",
        "bs" : "16k",
        "rw" : "randwrite"
      },
      "mixed" : {
        "io_bytes" : 63343509504,
        "io_kbytes" : 61858896,
        "bw_bytes" : 703808952,
        "bw" : 687313,
        "iops" : 42957.089366,
        "runtime" : 90001,
        "total_ios" : 3866181,
        "short_ios" : 0,
        "drop_ios" : 0,
        "slat_ns" : {
          "min" : 1964,
          "max" : 244508,
          "mean" : 4115.585522,
          "stddev" : 1504.467069
        },
        "clat_ns" : {
          "min" : 20789,
          "max" : 63339321,
          "mean" : 181486.929573,
          "stddev" : 501732.307788,
          "percentile" : {
            "1.000000" : 37632,
            "5.000000" : 41728,
            "10.000000" : 44800,
            "20.000000" : 48384,
            "30.000000" : 51968,
            "40.000000" : 56576,
            "50.000000" : 66048,
            "60.000000" : 89600,
            "70.000000" : 132096,
            "80.000000" : 207872,
            "90.000000" : 428032,
            "95.000000" : 716800,
            "99.000000" : 1482752,
            "99.500000" : 1728512,
            "99.900000" : 2179072,
            "99.950000" : 2670592,
            "99.990000" : 17694720
          }
        },
        "lat_ns" : {
          "min" : 23925,
          "max" : 63342577,
          "mean" : 185730.801391,
          "stddev" : 501707.079539
        },
        "bw_min" : 159039,
        "bw_max" : 2078272,
        "bw_agg" : 99.993779,
        "bw_mean" : 687270.244444,
        "bw_dev" : 307768.876664,
        "bw_samples" : 180,
        "iops_min" : 9939,
        "iops_max" : 129892,
        "iops_mean" : 42954.383333,
        "iops_stddev" : 19235.559102,
        "iops_samples" : 180
      },
      "job_runtime" : 90000,
      "usr_cpu" : 5.867778,
      "sys_cpu" : 20.197778,
      "ctx" : 1991426,
      "majf" : 0,
      "minf" : 11,
      "iodepth_level" : {
        "1" : 0.100000,
        "2" : 0.100000,
        "4" : 0.100000,
        "8" : 99.999819,
        "16" : 0.000000,
        "32" : 0.000000,
        ">=64" : 0.000000
      },
      "iodepth_submit" : {
        "0" : 0.000000,
        "4" : 100.000000,
        "8" : 0.000000,
        "16" : 0.000000,
        "32" : 0.000000,
        "64" : 0.000000,
        ">=64" : 0.000000
      },
      "iodepth_complete" : {
        "0" : 0.000000,
        "4" : 99.999974,
        "8" : 0.100000,
        "16" : 0.000000,
        "32" : 0.000000,
        "64" : 0.000000,
        ">=64" : 0.000000
      },
      "latency_ns" : {
        "2" : 0.000000,
        "4" : 0.000000,
        "10" : 0.000000,
        "20" : 0.000000,
        "50" : 0.000000,
        "100" : 0.000000,
        "250" : 0.000000,
        "500" : 0.000000,
        "750" : 0.000000,
        "1000" : 0.000000
      },
      "latency_us" : {
        "2" : 0.000000,
        "4" : 0.000000,
        "10" : 0.000000,
        "20" : 0.000000,
        "50" : 25.154280,
        "100" : 38.095578,
        "250" : 19.802384,
        "500" : 8.698455,
        "750" : 3.552550,
        "1000" : 1.822625
      },
      "latency_ms" : {
        "2" : 2.675690,
        "4" : 0.165305,
        "10" : 0.010000,
        "20" : 0.017718,
        "50" : 0.010000,
        "100" : 0.010000,
        "250" : 0.000000,
        "500" : 0.000000,
        "750" : 0.000000,
        "1000" : 0.000000,
        "2000" : 0.000000,
        ">=2000" : 0.000000
      },
      "latency_depth" : 8,
      "latency_target" : 0,
      "latency_percentile" : 100.000000,
      "latency_window" : 0
    }
  ],
  "disk_util" : [
    {
      "name" : "nvme0n1",
      "read_ios" : 0,
      "write_ios" : 3862036,
      "read_merges" : 0,
      "write_merges" : 17,
      "read_ticks" : 0,
      "write_ticks" : 692205,
      "in_queue" : 22984,
      "util" : 98.075876
    }
  ]
}
