{
  "fio version" : "fio-3.16",
  "timestamp" : 1600571495,
  "timestamp_ms" : 1600571495213,
  "time" : "Sat Sep 19 23:11:35 2020",
  "global options" : {
    "unified_rw_reporting" : "1",
    "time_based" : "1",
    "runtime" : "90",
    "directory" : "/media/auto/work/tmp",
    "filename" : "testfile.dat",
    "filesize" : "20GiB",
    "direct" : "1",
    "ioengine" : "libaio"
  },
  "jobs" : [
    {
      "jobname" : "jobname",
      "groupid" : 0,
      "error" : 0,
      "eta" : 0,
      "elapsed" : 91,
      "job options" : {
        "name" : "jobname",
        "iodepth" : "1",
        "bs" : "32k",
        "rw" : "randwrite"
      },
      "mixed" : {
        "io_bytes" : 65324515328,
        "io_kbytes" : 63793472,
        "bw_bytes" : 725328277,
        "bw" : 708328,
        "iops" : 22135.262375,
        "runtime" : 90062,
        "total_ios" : 1993546,
        "short_ios" : 0,
        "drop_ios" : 0,
        "slat_ns" : {
          "min" : 2564,
          "max" : 190116,
          "mean" : 4431.061019,
          "stddev" : 724.083582
        },
        "clat_ns" : {
          "min" : 541,
          "max" : 64846308,
          "mean" : 40059.138539,
          "stddev" : 217979.941600,
          "percentile" : {
            "1.000000" : 18304,
            "5.000000" : 18560,
            "10.000000" : 18816,
            "20.000000" : 19072,
            "30.000000" : 19328,
            "40.000000" : 19584,
            "50.000000" : 19584,
            "60.000000" : 19840,
            "70.000000" : 20096,
            "80.000000" : 21120,
            "90.000000" : 34048,
            "95.000000" : 107008,
            "99.000000" : 522240,
            "99.500000" : 757760,
            "99.900000" : 1286144,
            "99.950000" : 1581056,
            "99.990000" : 2023424
          }
        },
        "lat_ns" : {
          "min" : 20118,
          "max" : 64851648,
          "mean" : 44594.982979,
          "stddev" : 217988.049928
        },
        "bw_min" : 607487,
        "bw_max" : 1297984,
        "bw_agg" : 100.000000,
        "bw_mean" : 708800.644444,
        "bw_dev" : 158336.118567,
        "bw_samples" : 180,
        "iops_min" : 18983,
        "iops_max" : 40562,
        "iops_mean" : 22150.027778,
        "iops_stddev" : 4948.002473,
        "iops_samples" : 180
      },
      "job_runtime" : 90061,
      "usr_cpu" : 3.480974,
      "sys_cpu" : 12.761351,
      "ctx" : 1993734,
      "majf" : 0,
      "minf" : 11,
      "iodepth_level" : {
        "1" : 100.000000,
        "2" : 0.000000,
        "4" : 0.000000,
        "8" : 0.000000,
        "16" : 0.000000,
        "32" : 0.000000,
        ">=64" : 0.000000
      },
      "iodepth_submit" : {
        "0" : 0.000000,
        "4" : 100.000000,
        "8" : 0.000000,
        "16" : 0.000000,
        "32" : 0.000000,
        "64" : 0.000000,
        ">=64" : 0.000000
      },
      "iodepth_complete" : {
        "0" : 0.000000,
        "4" : 100.000000,
        "8" : 0.000000,
        "16" : 0.000000,
        "32" : 0.000000,
        "64" : 0.000000,
        ">=64" : 0.000000
      },
      "latency_ns" : {
        "2" : 0.000000,
        "4" : 0.000000,
        "10" : 0.000000,
        "20" : 0.000000,
        "50" : 0.000000,
        "100" : 0.000000,
        "250" : 0.000000,
        "500" : 0.000000,
        "750" : 0.010000,
        "1000" : 0.010000
      },
      "latency_us" : {
        "2" : 0.010000,
        "4" : 0.000000,
        "10" : 0.010000,
        "20" : 68.460873,
        "50" : 23.781894,
        "100" : 2.541501,
        "250" : 2.633599,
        "500" : 1.500041,
        "750" : 0.563920,
        "1000" : 0.276492
      },
      "latency_ms" : {
        "2" : 0.227885,
        "4" : 0.010000,
        "10" : 0.010000,
        "20" : 0.010000,
        "50" : 0.010000,
        "100" : 0.010000,
        "250" : 0.000000,
        "500" : 0.000000,
        "750" : 0.000000,
        "1000" : 0.000000,
        "2000" : 0.000000,
        ">=2000" : 0.000000
      },
      "latency_depth" : 1,
      "latency_target" : 0,
      "latency_percentile" : 100.000000,
      "latency_window" : 0
    }
  ],
  "disk_util" : [
    {
      "name" : "nvme0n1",
      "read_ios" : 0,
      "write_ios" : 1991497,
      "read_merges" : 0,
      "write_merges" : 17,
      "read_ticks" : 0,
      "write_ticks" : 81854,
      "in_queue" : 2608,
      "util" : 98.379316
    }
  ]
}
