{
  "fio version" : "fio-3.16",
  "timestamp" : 1601082557,
  "timestamp_ms" : 1601082557577,
  "time" : "Fri Sep 25 21:09:17 2020",
  "global options" : {
    "unified_rw_reporting" : "1",
    "time_based" : "1",
    "runtime" : "90",
    "directory" : "/media/auto/work/tmp",
    "filename" : "testfile.dat",
    "filesize" : "20GiB",
    "direct" : "1",
    "ioengine" : "libaio"
  },
  "jobs" : [
    {
      "jobname" : "jobname",
      "groupid" : 0,
      "error" : 0,
      "eta" : 0,
      "elapsed" : 91,
      "job options" : {
        "name" : "jobname",
        "iodepth" : "6",
        "bs" : "512k",
        "rw" : "randread"
      },
      "mixed" : {
        "io_bytes" : 109042991104,
        "io_kbytes" : 106487296,
        "bw_bytes" : 1211548405,
        "bw" : 1183152,
        "iops" : 2310.845194,
        "runtime" : 90003,
        "total_ios" : 207983,
        "short_ios" : 0,
        "drop_ios" : 0,
        "slat_ns" : {
          "min" : 10450,
          "max" : 226855,
          "mean" : 22954.166946,
          "stddev" : 3959.752747
        },
        "clat_ns" : {
          "min" : 525096,
          "max" : 6282149,
          "mean" : 2572515.632845,
          "stddev" : 374311.913144,
          "percentile" : {
            "1.000000" : 839680,
            "5.000000" : 2072576,
            "10.000000" : 2179072,
            "20.000000" : 2342912,
            "30.000000" : 2441216,
            "40.000000" : 2506752,
            "50.000000" : 2572288,
            "60.000000" : 2670592,
            "70.000000" : 2736128,
            "80.000000" : 2834432,
            "90.000000" : 2998272,
            "95.000000" : 3096576,
            "99.000000" : 3358720,
            "99.500000" : 3457024,
            "99.900000" : 3653632,
            "99.950000" : 3751936,
            "99.990000" : 3948544
          }
        },
        "lat_ns" : {
          "min" : 549942,
          "max" : 6303339,
          "mean" : 2595611.217989,
          "stddev" : 374205.433400
        },
        "bw_min" : 1158144,
        "bw_max" : 1607680,
        "bw_agg" : 99.996569,
        "bw_mean" : 1183111.405556,
        "bw_dev" : 59670.026864,
        "bw_samples" : 180,
        "iops_min" : 2262,
        "iops_max" : 3140,
        "iops_mean" : 2310.755556,
        "iops_stddev" : 116.544313,
        "iops_samples" : 180
      },
      "job_runtime" : 90002,
      "usr_cpu" : 0.388880,
      "sys_cpu" : 5.884314,
      "ctx" : 204105,
      "majf" : 0,
      "minf" : 777,
      "iodepth_level" : {
        "1" : 0.100000,
        "2" : 0.100000,
        "4" : 99.998558,
        "8" : 0.000000,
        "16" : 0.000000,
        "32" : 0.000000,
        ">=64" : 0.000000
      },
      "iodepth_submit" : {
        "0" : 0.000000,
        "4" : 100.000000,
        "8" : 0.000000,
        "16" : 0.000000,
        "32" : 0.000000,
        "64" : 0.000000,
        ">=64" : 0.000000
      },
      "iodepth_complete" : {
        "0" : 0.000000,
        "4" : 99.999519,
        "8" : 0.100000,
        "16" : 0.000000,
        "32" : 0.000000,
        "64" : 0.000000,
        ">=64" : 0.000000
      },
      "latency_ns" : {
        "2" : 0.000000,
        "4" : 0.000000,
        "10" : 0.000000,
        "20" : 0.000000,
        "50" : 0.000000,
        "100" : 0.000000,
        "250" : 0.000000,
        "500" : 0.000000,
        "750" : 0.000000,
        "1000" : 0.000000
      },
      "latency_us" : {
        "2" : 0.000000,
        "4" : 0.000000,
        "10" : 0.000000,
        "20" : 0.000000,
        "50" : 0.000000,
        "100" : 0.000000,
        "250" : 0.000000,
        "500" : 0.000000,
        "750" : 0.666401,
        "1000" : 0.664958
      },
      "latency_ms" : {
        "2" : 2.337210,
        "4" : 96.324700,
        "10" : 0.010000,
        "20" : 0.000000,
        "50" : 0.000000,
        "100" : 0.000000,
        "250" : 0.000000,
        "500" : 0.000000,
        "750" : 0.000000,
        "1000" : 0.000000,
        "2000" : 0.000000,
        ">=2000" : 0.000000
      },
      "latency_depth" : 6,
      "latency_target" : 0,
      "latency_percentile" : 100.000000,
      "latency_window" : 0
    }
  ],
  "disk_util" : [
    {
      "name" : "nvme0n1",
      "read_ios" : 207747,
      "write_ios" : 0,
      "read_merges" : 0,
      "write_merges" : 0,
      "read_ticks" : 535667,
      "write_ticks" : 0,
      "in_queue" : 24,
      "util" : 99.928860
    }
  ]
}
