{
  "fio version" : "fio-3.16",
  "timestamp" : 1600548449,
  "timestamp_ms" : 1600548449146,
  "time" : "Sat Sep 19 16:47:29 2020",
  "global options" : {
    "unified_rw_reporting" : "1",
    "time_based" : "1",
    "runtime" : "90",
    "directory" : "/media/auto/work/tmp",
    "filename" : "testfile.dat",
    "filesize" : "20GiB",
    "direct" : "1",
    "ioengine" : "libaio"
  },
  "jobs" : [
    {
      "jobname" : "jobname",
      "groupid" : 0,
      "error" : 0,
      "eta" : 0,
      "elapsed" : 91,
      "job options" : {
        "name" : "jobname",
        "iodepth" : "4",
        "bs" : "16k",
        "rw" : "write"
      },
      "mixed" : {
        "io_bytes" : 71520927744,
        "io_kbytes" : 69844656,
        "bw_bytes" : 794668145,
        "bw" : 776043,
        "iops" : 48502.694415,
        "runtime" : 90001,
        "total_ios" : 4365291,
        "short_ios" : 0,
        "drop_ios" : 0,
        "slat_ns" : {
          "min" : 1933,
          "max" : 289914,
          "mean" : 3770.685032,
          "stddev" : 1431.660657
        },
        "clat_ns" : {
          "min" : 8637,
          "max" : 67116536,
          "mean" : 78168.658227,
          "stddev" : 295216.104026,
          "percentile" : {
            "1.000000" : 15680,
            "5.000000" : 17792,
            "10.000000" : 18816,
            "20.000000" : 20352,
            "30.000000" : 21888,
            "40.000000" : 23168,
            "50.000000" : 24704,
            "60.000000" : 28288,
            "70.000000" : 35584,
            "80.000000" : 55040,
            "90.000000" : 148480,
            "95.000000" : 329728,
            "99.000000" : 995328,
            "99.500000" : 1351680,
            "99.900000" : 1941504,
            "99.950000" : 2146304,
            "99.990000" : 3162112
          }
        },
        "lat_ns" : {
          "min" : 14086,
          "max" : 67120103,
          "mean" : 82063.072665,
          "stddev" : 295166.730561
        },
        "bw_min" : 472575,
        "bw_max" : 2459744,
        "bw_agg" : 100.000000,
        "bw_mean" : 776799.290503,
        "bw_dev" : 434105.230035,
        "bw_samples" : 179,
        "iops_min" : 29535,
        "iops_max" : 153734,
        "iops_mean" : 48549.960894,
        "iops_stddev" : 27131.611883,
        "iops_samples" : 179
      },
      "job_runtime" : 90000,
      "usr_cpu" : 5.654444,
      "sys_cpu" : 21.815556,
      "ctx" : 2529308,
      "majf" : 0,
      "minf" : 12,
      "iodepth_level" : {
        "1" : 0.100000,
        "2" : 0.100000,
        "4" : 99.999725,
        "8" : 0.000000,
        "16" : 0.000000,
        "32" : 0.000000,
        ">=64" : 0.000000
      },
      "iodepth_submit" : {
        "0" : 0.000000,
        "4" : 100.000000,
        "8" : 0.000000,
        "16" : 0.000000,
        "32" : 0.000000,
        "64" : 0.000000,
        ">=64" : 0.000000
      },
      "iodepth_complete" : {
        "0" : 0.000000,
        "4" : 100.000000,
        "8" : 0.000000,
        "16" : 0.000000,
        "32" : 0.000000,
        "64" : 0.000000,
        ">=64" : 0.000000
      },
      "latency_ns" : {
        "2" : 0.000000,
        "4" : 0.000000,
        "10" : 0.000000,
        "20" : 0.000000,
        "50" : 0.000000,
        "100" : 0.000000,
        "250" : 0.000000,
        "500" : 0.000000,
        "750" : 0.000000,
        "1000" : 0.000000
      },
      "latency_us" : {
        "2" : 0.000000,
        "4" : 0.000000,
        "10" : 0.010000,
        "20" : 16.565127,
        "50" : 62.075243,
        "100" : 8.005973,
        "250" : 6.783923,
        "500" : 3.577081,
        "750" : 1.356450,
        "1000" : 0.651136
      },
      "latency_ms" : {
        "2" : 0.901841,
        "4" : 0.076742,
        "10" : 0.010000,
        "20" : 0.010000,
        "50" : 0.010000,
        "100" : 0.010000,
        "250" : 0.000000,
        "500" : 0.000000,
        "750" : 0.000000,
        "1000" : 0.000000,
        "2000" : 0.000000,
        ">=2000" : 0.000000
      },
      "latency_depth" : 4,
      "latency_target" : 0,
      "latency_percentile" : 100.000000,
      "latency_window" : 0
    }
  ],
  "disk_util" : [
    {
      "name" : "nvme0n1",
      "read_ios" : 0,
      "write_ios" : 4361299,
      "read_merges" : 0,
      "write_merges" : 17,
      "read_ticks" : 0,
      "write_ticks" : 341190,
      "in_queue" : 6644,
      "util" : 98.598344
    }
  ]
}
