{
  "fio version" : "fio-3.16",
  "timestamp" : 1600550014,
  "timestamp_ms" : 1600550014965,
  "time" : "Sat Sep 19 17:13:34 2020",
  "global options" : {
    "unified_rw_reporting" : "1",
    "time_based" : "1",
    "runtime" : "90",
    "directory" : "/media/auto/work/tmp",
    "filename" : "testfile.dat",
    "filesize" : "20GiB",
    "direct" : "1",
    "ioengine" : "libaio"
  },
  "jobs" : [
    {
      "jobname" : "jobname",
      "groupid" : 0,
      "error" : 0,
      "eta" : 0,
      "elapsed" : 91,
      "job options" : {
        "name" : "jobname",
        "iodepth" : "4",
        "bs" : "512k",
        "rw" : "write"
      },
      "mixed" : {
        "io_bytes" : 71525466112,
        "io_kbytes" : 69849088,
        "bw_bytes" : 794206754,
        "bw" : 775592,
        "iops" : 1514.829168,
        "runtime" : 90059,
        "total_ios" : 136424,
        "short_ios" : 0,
        "drop_ios" : 0,
        "slat_ns" : {
          "min" : 11071,
          "max" : 503424,
          "mean" : 24153.251986,
          "stddev" : 4713.061718
        },
        "clat_ns" : {
          "min" : 168907,
          "max" : 69318687,
          "mean" : 2614861.959413,
          "stddev" : 1719647.159924,
          "percentile" : {
            "1.000000" : 675840,
            "5.000000" : 733184,
            "10.000000" : 765952,
            "20.000000" : 913408,
            "30.000000" : 2310144,
            "40.000000" : 2572288,
            "50.000000" : 2768896,
            "60.000000" : 2965504,
            "70.000000" : 3227648,
            "80.000000" : 3555328,
            "90.000000" : 4014080,
            "95.000000" : 4292608,
            "99.000000" : 5406720,
            "99.500000" : 5996544,
            "99.900000" : 11337728,
            "99.950000" : 29229056,
            "99.990000" : 65273856
          }
        },
        "lat_ns" : {
          "min" : 201909,
          "max" : 69350196,
          "mean" : 2639174.317041,
          "stddev" : 1720258.662908
        },
        "bw_min" : 528383,
        "bw_max" : 2464768,
        "bw_agg" : 100.000000,
        "bw_mean" : 776006.416667,
        "bw_dev" : 438601.858271,
        "bw_samples" : 180,
        "iops_min" : 1031,
        "iops_max" : 4814,
        "iops_mean" : 1515.622222,
        "iops_stddev" : 856.625699,
        "iops_samples" : 180
      },
      "job_runtime" : 90058,
      "usr_cpu" : 0.869440,
      "sys_cpu" : 3.532168,
      "ctx" : 136371,
      "majf" : 0,
      "minf" : 13,
      "iodepth_level" : {
        "1" : 0.100000,
        "2" : 0.100000,
        "4" : 99.991204,
        "8" : 0.000000,
        "16" : 0.000000,
        "32" : 0.000000,
        ">=64" : 0.000000
      },
      "iodepth_submit" : {
        "0" : 0.000000,
        "4" : 100.000000,
        "8" : 0.000000,
        "16" : 0.000000,
        "32" : 0.000000,
        "64" : 0.000000,
        ">=64" : 0.000000
      },
      "iodepth_complete" : {
        "0" : 0.000000,
        "4" : 100.000000,
        "8" : 0.000000,
        "16" : 0.000000,
        "32" : 0.000000,
        "64" : 0.000000,
        ">=64" : 0.000000
      },
      "latency_ns" : {
        "2" : 0.000000,
        "4" : 0.000000,
        "10" : 0.000000,
        "20" : 0.000000,
        "50" : 0.000000,
        "100" : 0.000000,
        "250" : 0.000000,
        "500" : 0.000000,
        "750" : 0.000000,
        "1000" : 0.000000
      },
      "latency_us" : {
        "2" : 0.000000,
        "4" : 0.000000,
        "10" : 0.000000,
        "20" : 0.000000,
        "50" : 0.000000,
        "100" : 0.000000,
        "250" : 0.010000,
        "500" : 0.015393,
        "750" : 7.586642,
        "1000" : 14.333255
      },
      "latency_ms" : {
        "2" : 4.712514,
        "4" : 63.365683,
        "10" : 9.874362,
        "20" : 0.036650,
        "50" : 0.034451,
        "100" : 0.034451,
        "250" : 0.000000,
        "500" : 0.000000,
        "750" : 0.000000,
        "1000" : 0.000000,
        "2000" : 0.000000,
        ">=2000" : 0.000000
      },
      "latency_depth" : 4,
      "latency_target" : 0,
      "latency_percentile" : 100.000000,
      "latency_window" : 0
    }
  ],
  "disk_util" : [
    {
      "name" : "nvme0n1",
      "read_ios" : 0,
      "write_ios" : 136323,
      "read_merges" : 0,
      "write_merges" : 17,
      "read_ticks" : 0,
      "write_ticks" : 358152,
      "in_queue" : 60412,
      "util" : 98.790574
    }
  ]
}
