{
  "fio version" : "fio-3.16",
  "timestamp" : 1601067183,
  "timestamp_ms" : 1601067183153,
  "time" : "Fri Sep 25 16:53:03 2020",
  "global options" : {
    "unified_rw_reporting" : "1",
    "time_based" : "1",
    "runtime" : "90",
    "directory" : "/media/auto/work/tmp",
    "filename" : "testfile.dat",
    "filesize" : "20GiB",
    "direct" : "1",
    "ioengine" : "libaio"
  },
  "jobs" : [
    {
      "jobname" : "jobname",
      "groupid" : 0,
      "error" : 0,
      "eta" : 0,
      "elapsed" : 91,
      "job options" : {
        "name" : "jobname",
        "iodepth" : "24",
        "bs" : "16k",
        "rw" : "read"
      },
      "mixed" : {
        "io_bytes" : 220177727488,
        "io_kbytes" : 215017312,
        "bw_bytes" : 2446392012,
        "bw" : 2389054,
        "iops" : 149315.918712,
        "runtime" : 90001,
        "total_ios" : 13438582,
        "short_ios" : 0,
        "drop_ios" : 0,
        "slat_ns" : {
          "min" : 1613,
          "max" : 69981,
          "mean" : 3296.690573,
          "stddev" : 1598.653734
        },
        "clat_ns" : {
          "min" : 40035,
          "max" : 771257,
          "mean" : 156915.407799,
          "stddev" : 72838.821428,
          "percentile" : {
            "1.000000" : 76288,
            "5.000000" : 89600,
            "10.000000" : 95744,
            "20.000000" : 104960,
            "30.000000" : 109056,
            "40.000000" : 114176,
            "50.000000" : 125440,
            "60.000000" : 140288,
            "70.000000" : 158720,
            "80.000000" : 232448,
            "90.000000" : 276480,
            "95.000000" : 305152,
            "99.000000" : 366592,
            "99.500000" : 391168,
            "99.900000" : 452608,
            "99.950000" : 477184,
            "99.990000" : 528384
          }
        },
        "lat_ns" : {
          "min" : 44975,
          "max" : 774233,
          "mean" : 160327.062788,
          "stddev" : 72651.392248
        },
        "bw_min" : 2370363,
        "bw_max" : 2416960,
        "bw_agg" : 99.989930,
        "bw_mean" : 2388813.413408,
        "bw_dev" : 8224.015896,
        "bw_samples" : 179,
        "iops_min" : 148147,
        "iops_max" : 151060,
        "iops_mean" : 149300.804469,
        "iops_stddev" : 513.997279,
        "iops_samples" : 179
      },
      "job_runtime" : 90000,
      "usr_cpu" : 15.236667,
      "sys_cpu" : 52.791111,
      "ctx" : 2735406,
      "majf" : 0,
      "minf" : 107,
      "iodepth_level" : {
        "1" : 0.100000,
        "2" : 0.100000,
        "4" : 0.100000,
        "8" : 0.100000,
        "16" : 99.998661,
        "32" : 0.000000,
        ">=64" : 0.000000
      },
      "iodepth_submit" : {
        "0" : 0.000000,
        "4" : 100.000000,
        "8" : 0.000000,
        "16" : 0.000000,
        "32" : 0.000000,
        "64" : 0.000000,
        ">=64" : 0.000000
      },
      "iodepth_complete" : {
        "0" : 0.000000,
        "4" : 99.999911,
        "8" : 0.000000,
        "16" : 0.000000,
        "32" : 0.100000,
        "64" : 0.000000,
        ">=64" : 0.000000
      },
      "latency_ns" : {
        "2" : 0.000000,
        "4" : 0.000000,
        "10" : 0.000000,
        "20" : 0.000000,
        "50" : 0.000000,
        "100" : 0.000000,
        "250" : 0.000000,
        "500" : 0.000000,
        "750" : 0.000000,
        "1000" : 0.000000
      },
      "latency_us" : {
        "2" : 0.000000,
        "4" : 0.000000,
        "10" : 0.000000,
        "20" : 0.000000,
        "50" : 0.010000,
        "100" : 14.472866,
        "250" : 69.251094,
        "500" : 16.251015,
        "750" : 0.024809,
        "1000" : 0.010000
      },
      "latency_ms" : {
        "2" : 0.000000,
        "4" : 0.000000,
        "10" : 0.000000,
        "20" : 0.000000,
        "50" : 0.000000,
        "100" : 0.000000,
        "250" : 0.000000,
        "500" : 0.000000,
        "750" : 0.000000,
        "1000" : 0.000000,
        "2000" : 0.000000,
        ">=2000" : 0.000000
      },
      "latency_depth" : 24,
      "latency_target" : 0,
      "latency_percentile" : 100.000000,
      "latency_window" : 0
    }
  ],
  "disk_util" : [
    {
      "name" : "nvme0n1",
      "read_ios" : 13423721,
      "write_ios" : 0,
      "read_merges" : 0,
      "write_merges" : 0,
      "read_ticks" : 1722764,
      "write_ticks" : 0,
      "in_queue" : 0,
      "util" : 99.985547
    }
  ]
}
