{
  "fio version" : "fio-3.16",
  "timestamp" : 1601071048,
  "timestamp_ms" : 1601071048976,
  "time" : "Fri Sep 25 17:57:28 2020",
  "global options" : {
    "unified_rw_reporting" : "1",
    "time_based" : "1",
    "runtime" : "90",
    "directory" : "/media/auto/work/tmp",
    "filename" : "testfile.dat",
    "filesize" : "20GiB",
    "direct" : "1",
    "ioengine" : "libaio"
  },
  "jobs" : [
    {
      "jobname" : "jobname",
      "groupid" : 0,
      "error" : 0,
      "eta" : 0,
      "elapsed" : 91,
      "job options" : {
        "name" : "jobname",
        "iodepth" : "32",
        "bs" : "512k",
        "rw" : "read"
      },
      "mixed" : {
        "io_bytes" : 326059950080,
        "io_kbytes" : 318417920,
        "bw_bytes" : 3622687073,
        "bw" : 3537780,
        "iops" : 6909.727237,
        "runtime" : 90005,
        "total_ios" : 621910,
        "short_ios" : 0,
        "drop_ios" : 0,
        "slat_ns" : {
          "min" : 10089,
          "max" : 348814,
          "mean" : 19747.163607,
          "stddev" : 2708.520551
        },
        "clat_ns" : {
          "min" : 421000,
          "max" : 8990241,
          "mean" : 4610152.090433,
          "stddev" : 161009.384795,
          "percentile" : {
            "1.000000" : 4358144,
            "5.000000" : 4423680,
            "10.000000" : 4423680,
            "20.000000" : 4489216,
            "30.000000" : 4554752,
            "40.000000" : 4620288,
            "50.000000" : 4620288,
            "60.000000" : 4620288,
            "70.000000" : 4685824,
            "80.000000" : 4685824,
            "90.000000" : 4751360,
            "95.000000" : 4816896,
            "99.000000" : 4882432,
            "99.500000" : 4882432,
            "99.900000" : 5013504,
            "99.950000" : 6324224,
            "99.990000" : 8454144
          }
        },
        "lat_ns" : {
          "min" : 449694,
          "max" : 9011010,
          "mean" : 4630023.977487,
          "stddev" : 160860.312730
        },
        "bw_min" : 3527680,
        "bw_max" : 3542016,
        "bw_agg" : 99.996143,
        "bw_mean" : 3537643.555556,
        "bw_dev" : 3394.532867,
        "bw_samples" : 180,
        "iops_min" : 6890,
        "iops_max" : 6918,
        "iops_mean" : 6909.455556,
        "iops_stddev" : 6.637730,
        "iops_samples" : 180
      },
      "job_runtime" : 90004,
      "usr_cpu" : 0.881072,
      "sys_cpu" : 15.008222,
      "ctx" : 622099,
      "majf" : 0,
      "minf" : 4107,
      "iodepth_level" : {
        "1" : 0.100000,
        "2" : 0.100000,
        "4" : 0.100000,
        "8" : 0.100000,
        "16" : 0.100000,
        "32" : 99.915261,
        ">=64" : 0.000000
      },
      "iodepth_submit" : {
        "0" : 0.000000,
        "4" : 100.000000,
        "8" : 0.000000,
        "16" : 0.000000,
        "32" : 0.000000,
        "64" : 0.000000,
        ">=64" : 0.000000
      },
      "iodepth_complete" : {
        "0" : 0.000000,
        "4" : 99.997264,
        "8" : 0.000000,
        "16" : 0.000000,
        "32" : 0.100000,
        "64" : 0.000000,
        ">=64" : 0.000000
      },
      "latency_ns" : {
        "2" : 0.000000,
        "4" : 0.000000,
        "10" : 0.000000,
        "20" : 0.000000,
        "50" : 0.000000,
        "100" : 0.000000,
        "250" : 0.000000,
        "500" : 0.000000,
        "750" : 0.000000,
        "1000" : 0.000000
      },
      "latency_us" : {
        "2" : 0.000000,
        "4" : 0.000000,
        "10" : 0.000000,
        "20" : 0.000000,
        "50" : 0.000000,
        "100" : 0.000000,
        "250" : 0.000000,
        "500" : 0.010000,
        "750" : 0.010000,
        "1000" : 0.010000
      },
      "latency_ms" : {
        "2" : 0.022190,
        "4" : 0.047435,
        "10" : 99.917995,
        "20" : 0.000000,
        "50" : 0.000000,
        "100" : 0.000000,
        "250" : 0.000000,
        "500" : 0.000000,
        "750" : 0.000000,
        "1000" : 0.000000,
        "2000" : 0.000000,
        ">=2000" : 0.000000
      },
      "latency_depth" : 32,
      "latency_target" : 0,
      "latency_percentile" : 100.000000,
      "latency_window" : 0
    }
  ],
  "disk_util" : [
    {
      "name" : "nvme0n1",
      "read_ios" : 621184,
      "write_ios" : 0,
      "read_merges" : 0,
      "write_merges" : 0,
      "read_ticks" : 2865829,
      "write_ticks" : 0,
      "in_queue" : 2482696,
      "util" : 99.936639
    }
  ]
}
