{
  "fio version" : "fio-3.16",
  "timestamp" : 1601047500,
  "timestamp_ms" : 1601047500609,
  "time" : "Fri Sep 25 11:25:00 2020",
  "global options" : {
    "unified_rw_reporting" : "1",
    "time_based" : "1",
    "runtime" : "90",
    "directory" : "/media/auto/work/tmp",
    "filename" : "testfile.dat",
    "filesize" : "20GiB",
    "direct" : "1",
    "ioengine" : "libaio"
  },
  "jobs" : [
    {
      "jobname" : "jobname",
      "groupid" : 0,
      "error" : 0,
      "eta" : 0,
      "elapsed" : 91,
      "job options" : {
        "name" : "jobname",
        "iodepth" : "24",
        "bs" : "256k",
        "rw" : "write"
      },
      "mixed" : {
        "io_bytes" : 73423650816,
        "io_kbytes" : 71702784,
        "bw_bytes" : 815745831,
        "bw" : 796626,
        "iops" : 3111.823393,
        "runtime" : 90008,
        "total_ios" : 280089,
        "short_ios" : 0,
        "drop_ios" : 0,
        "slat_ns" : {
          "min" : 6352,
          "max" : 7534069,
          "mean" : 14285.939398,
          "stddev" : 38969.106310
        },
        "clat_ns" : {
          "min" : 303940,
          "max" : 74245532,
          "mean" : 7697074.963654,
          "stddev" : 3671661.694315,
          "percentile" : {
            "1.000000" : 2277376,
            "5.000000" : 2342912,
            "10.000000" : 2408448,
            "20.000000" : 2703360,
            "30.000000" : 8355840,
            "40.000000" : 8716288,
            "50.000000" : 8847360,
            "60.000000" : 8978432,
            "70.000000" : 9109504,
            "80.000000" : 9371648,
            "90.000000" : 9633792,
            "95.000000" : 10289152,
            "99.000000" : 13828096,
            "99.500000" : 16908288,
            "99.900000" : 53739520,
            "99.950000" : 61603840,
            "99.990000" : 67633152
          }
        },
        "lat_ns" : {
          "min" : 329538,
          "max" : 74258627,
          "mean" : 7711509.087765,
          "stddev" : 3672087.535699
        },
        "bw_min" : 614705,
        "bw_max" : 2463744,
        "bw_agg" : 99.994081,
        "bw_mean" : 796578.850000,
        "bw_dev" : 447971.821197,
        "bw_samples" : 180,
        "iops_min" : 2400,
        "iops_max" : 9624,
        "iops_mean" : 3111.611111,
        "iops_stddev" : 1749.897764,
        "iops_samples" : 180
      },
      "job_runtime" : 90007,
      "usr_cpu" : 1.367671,
      "sys_cpu" : 4.322997,
      "ctx" : 279723,
      "majf" : 0,
      "minf" : 12,
      "iodepth_level" : {
        "1" : 0.100000,
        "2" : 0.100000,
        "4" : 0.100000,
        "8" : 0.100000,
        "16" : 99.978578,
        "32" : 0.000000,
        ">=64" : 0.000000
      },
      "iodepth_submit" : {
        "0" : 0.000000,
        "4" : 100.000000,
        "8" : 0.000000,
        "16" : 0.000000,
        "32" : 0.000000,
        "64" : 0.000000,
        ">=64" : 0.000000
      },
      "iodepth_complete" : {
        "0" : 0.000000,
        "4" : 99.998571,
        "8" : 0.000000,
        "16" : 0.000000,
        "32" : 0.100000,
        "64" : 0.000000,
        ">=64" : 0.000000
      },
      "latency_ns" : {
        "2" : 0.000000,
        "4" : 0.000000,
        "10" : 0.000000,
        "20" : 0.000000,
        "50" : 0.000000,
        "100" : 0.000000,
        "250" : 0.000000,
        "500" : 0.000000,
        "750" : 0.000000,
        "1000" : 0.000000
      },
      "latency_us" : {
        "2" : 0.000000,
        "4" : 0.000000,
        "10" : 0.000000,
        "20" : 0.000000,
        "50" : 0.000000,
        "100" : 0.000000,
        "250" : 0.000000,
        "500" : 0.010000,
        "750" : 0.010000,
        "1000" : 0.010000
      },
      "latency_ms" : {
        "2" : 0.274556,
        "4" : 23.012328,
        "10" : 70.311580,
        "20" : 6.034153,
        "50" : 0.244208,
        "100" : 0.116749,
        "250" : 0.000000,
        "500" : 0.000000,
        "750" : 0.000000,
        "1000" : 0.000000,
        "2000" : 0.000000,
        ">=2000" : 0.000000
      },
      "latency_depth" : 24,
      "latency_target" : 0,
      "latency_percentile" : 100.000000,
      "latency_window" : 0
    }
  ],
  "disk_util" : [
    {
      "name" : "nvme0n1",
      "read_ios" : 0,
      "write_ios" : 279831,
      "read_merges" : 0,
      "write_merges" : 17,
      "read_ticks" : 0,
      "write_ticks" : 2154422,
      "in_queue" : 1725096,
      "util" : 98.523788
    }
  ]
}
