{
  "fio version" : "fio-3.16",
  "timestamp" : 1601058015,
  "timestamp_ms" : 1601058015687,
  "time" : "Fri Sep 25 14:20:15 2020",
  "global options" : {
    "unified_rw_reporting" : "1",
    "time_based" : "1",
    "runtime" : "90",
    "directory" : "/media/auto/work/tmp",
    "filename" : "testfile.dat",
    "filesize" : "20GiB",
    "direct" : "1",
    "ioengine" : "libaio"
  },
  "jobs" : [
    {
      "jobname" : "jobname",
      "groupid" : 0,
      "error" : 0,
      "eta" : 0,
      "elapsed" : 91,
      "job options" : {
        "name" : "jobname",
        "iodepth" : "4",
        "bs" : "8k",
        "rw" : "randread"
      },
      "mixed" : {
        "io_bytes" : 30872363008,
        "io_kbytes" : 30148792,
        "bw_bytes" : 343022444,
        "bw" : 334982,
        "iops" : 41872.856968,
        "runtime" : 90001,
        "total_ios" : 3768599,
        "short_ios" : 0,
        "drop_ios" : 0,
        "slat_ns" : {
          "min" : 1503,
          "max" : 40135,
          "mean" : 2449.624829,
          "stddev" : 595.097040
        },
        "clat_ns" : {
          "min" : 46688,
          "max" : 456376,
          "mean" : 92503.448854,
          "stddev" : 24128.195661,
          "percentile" : {
            "1.000000" : 67072,
            "5.000000" : 68096,
            "10.000000" : 68096,
            "20.000000" : 71168,
            "30.000000" : 78336,
            "40.000000" : 83456,
            "50.000000" : 84480,
            "60.000000" : 90624,
            "70.000000" : 95744,
            "80.000000" : 110080,
            "90.000000" : 127488,
            "95.000000" : 140288,
            "99.000000" : 171008,
            "99.500000" : 183296,
            "99.900000" : 214016,
            "99.950000" : 230400,
            "99.990000" : 264192
          }
        },
        "lat_ns" : {
          "min" : 50274,
          "max" : 460985,
          "mean" : 95041.332201,
          "stddev" : 24114.655901
        },
        "bw_min" : 316848,
        "bw_max" : 338080,
        "bw_agg" : 99.993189,
        "bw_mean" : 334959.184358,
        "bw_dev" : 1599.893773,
        "bw_samples" : 179,
        "iops_min" : 39606,
        "iops_max" : 42260,
        "iops_mean" : 41869.882682,
        "iops_stddev" : 199.987226,
        "iops_samples" : 179
      },
      "job_runtime" : 90000,
      "usr_cpu" : 5.112222,
      "sys_cpu" : 15.048889,
      "ctx" : 3167746,
      "majf" : 0,
      "minf" : 19,
      "iodepth_level" : {
        "1" : 0.100000,
        "2" : 0.100000,
        "4" : 99.999920,
        "8" : 0.000000,
        "16" : 0.000000,
        "32" : 0.000000,
        ">=64" : 0.000000
      },
      "iodepth_submit" : {
        "0" : 0.000000,
        "4" : 100.000000,
        "8" : 0.000000,
        "16" : 0.000000,
        "32" : 0.000000,
        "64" : 0.000000,
        ">=64" : 0.000000
      },
      "iodepth_complete" : {
        "0" : 0.000000,
        "4" : 100.000000,
        "8" : 0.000000,
        "16" : 0.000000,
        "32" : 0.000000,
        "64" : 0.000000,
        ">=64" : 0.000000
      },
      "latency_ns" : {
        "2" : 0.000000,
        "4" : 0.000000,
        "10" : 0.000000,
        "20" : 0.000000,
        "50" : 0.000000,
        "100" : 0.000000,
        "250" : 0.000000,
        "500" : 0.000000,
        "750" : 0.000000,
        "1000" : 0.000000
      },
      "latency_us" : {
        "2" : 0.000000,
        "4" : 0.000000,
        "10" : 0.000000,
        "20" : 0.000000,
        "50" : 0.010000,
        "100" : 73.754491,
        "250" : 26.224016,
        "500" : 0.020910,
        "750" : 0.000000,
        "1000" : 0.000000
      },
      "latency_ms" : {
        "2" : 0.000000,
        "4" : 0.000000,
        "10" : 0.000000,
        "20" : 0.000000,
        "50" : 0.000000,
        "100" : 0.000000,
        "250" : 0.000000,
        "500" : 0.000000,
        "750" : 0.000000,
        "1000" : 0.000000,
        "2000" : 0.000000,
        ">=2000" : 0.000000
      },
      "latency_depth" : 4,
      "latency_target" : 0,
      "latency_percentile" : 100.000000,
      "latency_window" : 0
    }
  ],
  "disk_util" : [
    {
      "name" : "nvme0n1",
      "read_ios" : 3764410,
      "write_ios" : 0,
      "read_merges" : 0,
      "write_merges" : 0,
      "read_ticks" : 345767,
      "write_ticks" : 0,
      "in_queue" : 0,
      "util" : 99.936639
    }
  ]
}
