{
  "fio version" : "fio-3.16",
  "timestamp" : 1600571364,
  "timestamp_ms" : 1600571364690,
  "time" : "Sat Sep 19 23:09:24 2020",
  "global options" : {
    "unified_rw_reporting" : "1",
    "time_based" : "1",
    "runtime" : "90",
    "directory" : "/media/auto/work/tmp",
    "filename" : "testfile.dat",
    "filesize" : "20GiB",
    "direct" : "1",
    "ioengine" : "libaio"
  },
  "jobs" : [
    {
      "jobname" : "jobname",
      "groupid" : 0,
      "error" : 0,
      "eta" : 0,
      "elapsed" : 91,
      "job options" : {
        "name" : "jobname",
        "iodepth" : "2",
        "bs" : "16k",
        "rw" : "randwrite"
      },
      "mixed" : {
        "io_bytes" : 65380057088,
        "io_kbytes" : 63847712,
        "bw_bytes" : 726178813,
        "bw" : 709158,
        "iops" : 44322.437329,
        "runtime" : 90033,
        "total_ios" : 3990482,
        "short_ios" : 0,
        "drop_ios" : 0,
        "slat_ns" : {
          "min" : 1993,
          "max" : 220093,
          "mean" : 3692.442548,
          "stddev" : 1053.124080
        },
        "clat_ns" : {
          "min" : 4278,
          "max" : 65054057,
          "mean" : 40837.294961,
          "stddev" : 218143.461217,
          "percentile" : {
            "1.000000" : 13504,
            "5.000000" : 14144,
            "10.000000" : 14272,
            "20.000000" : 14656,
            "30.000000" : 14912,
            "40.000000" : 15168,
            "50.000000" : 15680,
            "60.000000" : 16192,
            "70.000000" : 17280,
            "80.000000" : 20096,
            "90.000000" : 42240,
            "95.000000" : 127488,
            "99.000000" : 610304,
            "99.500000" : 921600,
            "99.900000" : 1531904,
            "99.950000" : 1761280,
            "99.990000" : 2375680
          }
        },
        "lat_ns" : {
          "min" : 14297,
          "max" : 65057333,
          "mean" : 44627.973302,
          "stddev" : 218117.614357
        },
        "bw_min" : 573284,
        "bw_max" : 1577568,
        "bw_agg" : 100.000000,
        "bw_mean" : 709338.144444,
        "bw_dev" : 211320.063556,
        "bw_samples" : 180,
        "iops_min" : 35829,
        "iops_max" : 98598,
        "iops_mean" : 44333.611111,
        "iops_stddev" : 13207.498347,
        "iops_samples" : 180
      },
      "job_runtime" : 90032,
      "usr_cpu" : 5.632442,
      "sys_cpu" : 20.982540,
      "ctx" : 3243923,
      "majf" : 0,
      "minf" : 10,
      "iodepth_level" : {
        "1" : 0.100000,
        "2" : 99.999975,
        "4" : 0.000000,
        "8" : 0.000000,
        "16" : 0.000000,
        "32" : 0.000000,
        ">=64" : 0.000000
      },
      "iodepth_submit" : {
        "0" : 0.000000,
        "4" : 100.000000,
        "8" : 0.000000,
        "16" : 0.000000,
        "32" : 0.000000,
        "64" : 0.000000,
        ">=64" : 0.000000
      },
      "iodepth_complete" : {
        "0" : 0.000000,
        "4" : 100.000000,
        "8" : 0.000000,
        "16" : 0.000000,
        "32" : 0.000000,
        "64" : 0.000000,
        ">=64" : 0.000000
      },
      "latency_ns" : {
        "2" : 0.000000,
        "4" : 0.000000,
        "10" : 0.000000,
        "20" : 0.000000,
        "50" : 0.000000,
        "100" : 0.000000,
        "250" : 0.000000,
        "500" : 0.000000,
        "750" : 0.000000,
        "1000" : 0.000000
      },
      "latency_us" : {
        "2" : 0.000000,
        "4" : 0.000000,
        "10" : 0.010000,
        "20" : 79.838451,
        "50" : 11.111114,
        "100" : 3.126239,
        "250" : 3.003622,
        "500" : 1.589607,
        "750" : 0.600003,
        "1000" : 0.301918
      },
      "latency_ms" : {
        "2" : 0.400729,
        "4" : 0.016915,
        "10" : 0.010000,
        "20" : 0.010000,
        "50" : 0.010000,
        "100" : 0.010000,
        "250" : 0.000000,
        "500" : 0.000000,
        "750" : 0.000000,
        "1000" : 0.000000,
        "2000" : 0.000000,
        ">=2000" : 0.000000
      },
      "latency_depth" : 2,
      "latency_target" : 0,
      "latency_percentile" : 100.000000,
      "latency_window" : 0
    }
  ],
  "disk_util" : [
    {
      "name" : "nvme0n1",
      "read_ios" : 0,
      "write_ios" : 3986927,
      "read_merges" : 0,
      "write_merges" : 17,
      "read_ticks" : 0,
      "write_ticks" : 163764,
      "in_queue" : 3908,
      "util" : 98.522693
    }
  ]
}
