{
  "fio version" : "fio-3.16",
  "timestamp" : 1601046326,
  "timestamp_ms" : 1601046326342,
  "time" : "Fri Sep 25 11:05:26 2020",
  "global options" : {
    "unified_rw_reporting" : "1",
    "time_based" : "1",
    "runtime" : "90",
    "directory" : "/media/auto/work/tmp",
    "filename" : "testfile.dat",
    "filesize" : "20GiB",
    "direct" : "1",
    "ioengine" : "libaio"
  },
  "jobs" : [
    {
      "jobname" : "jobname",
      "groupid" : 0,
      "error" : 0,
      "eta" : 0,
      "elapsed" : 91,
      "job options" : {
        "name" : "jobname",
        "iodepth" : "28",
        "bs" : "16k",
        "rw" : "write"
      },
      "mixed" : {
        "io_bytes" : 71637549056,
        "io_kbytes" : 69958544,
        "bw_bytes" : 795963923,
        "bw" : 777308,
        "iops" : 48581.782425,
        "runtime" : 90001,
        "total_ios" : 4372409,
        "short_ios" : 0,
        "drop_ios" : 0,
        "slat_ns" : {
          "min" : 1893,
          "max" : 563508,
          "mean" : 4008.337215,
          "stddev" : 1657.445295
        },
        "clat_ns" : {
          "min" : 15188,
          "max" : 65742365,
          "mean" : 571770.845342,
          "stddev" : 724715.315901,
          "percentile" : {
            "1.000000" : 142336,
            "5.000000" : 162816,
            "10.000000" : 171008,
            "20.000000" : 189440,
            "30.000000" : 222208,
            "40.000000" : 288768,
            "50.000000" : 391168,
            "60.000000" : 522240,
            "70.000000" : 675840,
            "80.000000" : 888832,
            "90.000000" : 1253376,
            "95.000000" : 1564672,
            "99.000000" : 2039808,
            "99.500000" : 2211840,
            "99.900000" : 3096576,
            "99.950000" : 3751936,
            "99.990000" : 28966912
          }
        },
        "lat_ns" : {
          "min" : 21871,
          "max" : 65745761,
          "mean" : 575907.785977,
          "stddev" : 724743.252982
        },
        "bw_min" : 562911,
        "bw_max" : 2461504,
        "bw_agg" : 99.995966,
        "bw_mean" : 777276.644444,
        "bw_dev" : 418603.142948,
        "bw_samples" : 180,
        "iops_min" : 35181,
        "iops_max" : 153844,
        "iops_mean" : 48579.788889,
        "iops_stddev" : 26162.697258,
        "iops_samples" : 180
      },
      "job_runtime" : 90000,
      "usr_cpu" : 6.305556,
      "sys_cpu" : 22.291111,
      "ctx" : 2241894,
      "majf" : 0,
      "minf" : 12,
      "iodepth_level" : {
        "1" : 0.100000,
        "2" : 0.100000,
        "4" : 0.100000,
        "8" : 0.100000,
        "16" : 99.998628,
        "32" : 0.000000,
        ">=64" : 0.000000
      },
      "iodepth_submit" : {
        "0" : 0.000000,
        "4" : 100.000000,
        "8" : 0.000000,
        "16" : 0.000000,
        "32" : 0.000000,
        "64" : 0.000000,
        ">=64" : 0.000000
      },
      "iodepth_complete" : {
        "0" : 0.000000,
        "4" : 99.999909,
        "8" : 0.000000,
        "16" : 0.000000,
        "32" : 0.100000,
        "64" : 0.000000,
        ">=64" : 0.000000
      },
      "latency_ns" : {
        "2" : 0.000000,
        "4" : 0.000000,
        "10" : 0.000000,
        "20" : 0.000000,
        "50" : 0.000000,
        "100" : 0.000000,
        "250" : 0.000000,
        "500" : 0.000000,
        "750" : 0.000000,
        "1000" : 0.000000
      },
      "latency_us" : {
        "2" : 0.000000,
        "4" : 0.000000,
        "10" : 0.000000,
        "20" : 0.010000,
        "50" : 0.010000,
        "100" : 0.044415,
        "250" : 34.906204,
        "500" : 23.525224,
        "750" : 15.538551,
        "1000" : 9.697011
      },
      "latency_ms" : {
        "2" : 15.164913,
        "4" : 1.083362,
        "10" : 0.015872,
        "20" : 0.010000,
        "50" : 0.012350,
        "100" : 0.010000,
        "250" : 0.000000,
        "500" : 0.000000,
        "750" : 0.000000,
        "1000" : 0.000000,
        "2000" : 0.000000,
        ">=2000" : 0.000000
      },
      "latency_depth" : 28,
      "latency_target" : 0,
      "latency_percentile" : 100.000000,
      "latency_window" : 0
    }
  ],
  "disk_util" : [
    {
      "name" : "nvme0n1",
      "read_ios" : 0,
      "write_ios" : 4368779,
      "read_merges" : 0,
      "write_merges" : 17,
      "read_ticks" : 0,
      "write_ticks" : 2455282,
      "in_queue" : 36156,
      "util" : 98.782779
    }
  ]
}
