{
  "fio version" : "fio-3.16",
  "timestamp" : 1601065857,
  "timestamp_ms" : 1601065857739,
  "time" : "Fri Sep 25 16:30:57 2020",
  "global options" : {
    "unified_rw_reporting" : "1",
    "time_based" : "1",
    "runtime" : "90",
    "directory" : "/media/auto/work/tmp",
    "filename" : "testfile.dat",
    "filesize" : "20GiB",
    "direct" : "1",
    "ioengine" : "libaio"
  },
  "jobs" : [
    {
      "jobname" : "jobname",
      "groupid" : 0,
      "error" : 0,
      "eta" : 0,
      "elapsed" : 91,
      "job options" : {
        "name" : "jobname",
        "iodepth" : "20",
        "bs" : "8k",
        "rw" : "read"
      },
      "mixed" : {
        "io_bytes" : 179666911232,
        "io_kbytes" : 175455968,
        "bw_bytes" : 1996276832,
        "bw" : 1949489,
        "iops" : 243686.136821,
        "runtime" : 90001,
        "total_ios" : 21931996,
        "short_ios" : 0,
        "drop_ios" : 0,
        "slat_ns" : {
          "min" : 1452,
          "max" : 266500,
          "mean" : 2483.967869,
          "stddev" : 1078.090877
        },
        "clat_ns" : {
          "min" : 14688,
          "max" : 526648,
          "mean" : 79164.439257,
          "stddev" : 41591.849348,
          "percentile" : {
            "1.000000" : 44288,
            "5.000000" : 48896,
            "10.000000" : 53504,
            "20.000000" : 56576,
            "30.000000" : 57600,
            "40.000000" : 59136,
            "50.000000" : 61184,
            "60.000000" : 66048,
            "70.000000" : 74240,
            "80.000000" : 97792,
            "90.000000" : 124416,
            "95.000000" : 185344,
            "99.000000" : 234496,
            "99.500000" : 250880,
            "99.900000" : 292864,
            "99.950000" : 313344,
            "99.990000" : 346112
          }
        },
        "lat_ns" : {
          "min" : 17543,
          "max" : 528311,
          "mean" : 81739.507293,
          "stddev" : 41493.908787
        },
        "bw_min" : 1884496,
        "bw_max" : 2000720,
        "bw_agg" : 99.995378,
        "bw_mean" : 1949398.893855,
        "bw_dev" : 23749.849041,
        "bw_samples" : 179,
        "iops_min" : 235562,
        "iops_max" : 250090,
        "iops_mean" : 243674.843575,
        "iops_stddev" : 2968.745359,
        "iops_samples" : 179
      },
      "job_runtime" : 90000,
      "usr_cpu" : 18.878889,
      "sys_cpu" : 61.335556,
      "ctx" : 703532,
      "majf" : 0,
      "minf" : 51,
      "iodepth_level" : {
        "1" : 0.100000,
        "2" : 0.100000,
        "4" : 0.100000,
        "8" : 0.100000,
        "16" : 99.999384,
        "32" : 0.000000,
        ">=64" : 0.000000
      },
      "iodepth_submit" : {
        "0" : 0.000000,
        "4" : 100.000000,
        "8" : 0.000000,
        "16" : 0.000000,
        "32" : 0.000000,
        "64" : 0.000000,
        ">=64" : 0.000000
      },
      "iodepth_complete" : {
        "0" : 0.000000,
        "4" : 99.999959,
        "8" : 0.000000,
        "16" : 0.000000,
        "32" : 0.100000,
        "64" : 0.000000,
        ">=64" : 0.000000
      },
      "latency_ns" : {
        "2" : 0.000000,
        "4" : 0.000000,
        "10" : 0.000000,
        "20" : 0.000000,
        "50" : 0.000000,
        "100" : 0.000000,
        "250" : 0.000000,
        "500" : 0.000000,
        "750" : 0.000000,
        "1000" : 0.000000
      },
      "latency_us" : {
        "2" : 0.000000,
        "4" : 0.000000,
        "10" : 0.000000,
        "20" : 0.010000,
        "50" : 6.347110,
        "100" : 74.189627,
        "250" : 18.957445,
        "500" : 0.505700,
        "750" : 0.010000,
        "1000" : 0.000000
      },
      "latency_ms" : {
        "2" : 0.000000,
        "4" : 0.000000,
        "10" : 0.000000,
        "20" : 0.000000,
        "50" : 0.000000,
        "100" : 0.000000,
        "250" : 0.000000,
        "500" : 0.000000,
        "750" : 0.000000,
        "1000" : 0.000000,
        "2000" : 0.000000,
        ">=2000" : 0.000000
      },
      "latency_depth" : 20,
      "latency_target" : 0,
      "latency_percentile" : 100.000000,
      "latency_window" : 0
    }
  ],
  "disk_util" : [
    {
      "name" : "nvme0n1",
      "read_ios" : 21907459,
      "write_ios" : 0,
      "read_merges" : 0,
      "write_merges" : 0,
      "read_ticks" : 912443,
      "write_ticks" : 0,
      "in_queue" : 0,
      "util" : 99.986660
    }
  ]
}
