{
  "fio version" : "fio-3.16",
  "timestamp" : 1601068177,
  "timestamp_ms" : 1601068177216,
  "time" : "Fri Sep 25 17:09:37 2020",
  "global options" : {
    "unified_rw_reporting" : "1",
    "time_based" : "1",
    "runtime" : "90",
    "directory" : "/media/auto/work/tmp",
    "filename" : "testfile.dat",
    "filesize" : "20GiB",
    "direct" : "1",
    "ioengine" : "libaio"
  },
  "jobs" : [
    {
      "jobname" : "jobname",
      "groupid" : 0,
      "error" : 0,
      "eta" : 0,
      "elapsed" : 91,
      "job options" : {
        "name" : "jobname",
        "iodepth" : "16",
        "bs" : "32k",
        "rw" : "read"
      },
      "mixed" : {
        "io_bytes" : 244145553408,
        "io_kbytes" : 238423392,
        "bw_bytes" : 2712698230,
        "bw" : 2649119,
        "iops" : 82784.980167,
        "runtime" : 90001,
        "total_ios" : 7450731,
        "short_ios" : 0,
        "drop_ios" : 0,
        "slat_ns" : {
          "min" : 1953,
          "max" : 62417,
          "mean" : 3952.965734,
          "stddev" : 1507.073957
        },
        "clat_ns" : {
          "min" : 51828,
          "max" : 1598580,
          "mean" : 188749.811506,
          "stddev" : 83660.523036,
          "percentile" : {
            "1.000000" : 98816,
            "5.000000" : 109056,
            "10.000000" : 114176,
            "20.000000" : 122368,
            "30.000000" : 129536,
            "40.000000" : 136192,
            "50.000000" : 144384,
            "60.000000" : 164864,
            "70.000000" : 240640,
            "80.000000" : 276480,
            "90.000000" : 313344,
            "95.000000" : 342016,
            "99.000000" : 411648,
            "99.500000" : 444416,
            "99.900000" : 509952,
            "99.950000" : 528384,
            "99.990000" : 577536
          }
        },
        "lat_ns" : {
          "min" : 56536,
          "max" : 1600734,
          "mean" : 192817.467029,
          "stddev" : 83453.234774
        },
        "bw_min" : 2632640,
        "bw_max" : 2664000,
        "bw_agg" : 99.992024,
        "bw_mean" : 2648907.711111,
        "bw_dev" : 6395.397928,
        "bw_samples" : 180,
        "iops_min" : 82270,
        "iops_max" : 83250,
        "iops_mean" : 82778.350000,
        "iops_stddev" : 199.876987,
        "iops_samples" : 180
      },
      "job_runtime" : 90000,
      "usr_cpu" : 10.111111,
      "sys_cpu" : 39.831111,
      "ctx" : 4163975,
      "majf" : 0,
      "minf" : 140,
      "iodepth_level" : {
        "1" : 0.100000,
        "2" : 0.100000,
        "4" : 0.100000,
        "8" : 0.100000,
        "16" : 99.997383,
        "32" : 0.000000,
        ">=64" : 0.000000
      },
      "iodepth_submit" : {
        "0" : 0.000000,
        "4" : 100.000000,
        "8" : 0.000000,
        "16" : 0.000000,
        "32" : 0.000000,
        "64" : 0.000000,
        ">=64" : 0.000000
      },
      "iodepth_complete" : {
        "0" : 0.000000,
        "4" : 99.999826,
        "8" : 0.000000,
        "16" : 0.100000,
        "32" : 0.000000,
        "64" : 0.000000,
        ">=64" : 0.000000
      },
      "latency_ns" : {
        "2" : 0.000000,
        "4" : 0.000000,
        "10" : 0.000000,
        "20" : 0.000000,
        "50" : 0.000000,
        "100" : 0.000000,
        "250" : 0.000000,
        "500" : 0.000000,
        "750" : 0.000000,
        "1000" : 0.000000
      },
      "latency_us" : {
        "2" : 0.000000,
        "4" : 0.000000,
        "10" : 0.000000,
        "20" : 0.000000,
        "50" : 0.000000,
        "100" : 1.226779,
        "250" : 70.841895,
        "500" : 27.808828,
        "750" : 0.122283,
        "1000" : 0.000000
      },
      "latency_ms" : {
        "2" : 0.010000,
        "4" : 0.000000,
        "10" : 0.000000,
        "20" : 0.000000,
        "50" : 0.000000,
        "100" : 0.000000,
        "250" : 0.000000,
        "500" : 0.000000,
        "750" : 0.000000,
        "1000" : 0.000000,
        "2000" : 0.000000,
        ">=2000" : 0.000000
      },
      "latency_depth" : 16,
      "latency_target" : 0,
      "latency_percentile" : 100.000000,
      "latency_window" : 0
    }
  ],
  "disk_util" : [
    {
      "name" : "nvme0n1",
      "read_ios" : 7442564,
      "write_ios" : 0,
      "read_merges" : 0,
      "write_merges" : 0,
      "read_ticks" : 1382566,
      "write_ticks" : 0,
      "in_queue" : 0,
      "util" : 99.951087
    }
  ]
}
