{
  "fio version" : "fio-3.16",
  "timestamp" : 1601046065,
  "timestamp_ms" : 1601046065363,
  "time" : "Fri Sep 25 11:01:05 2020",
  "global options" : {
    "unified_rw_reporting" : "1",
    "time_based" : "1",
    "runtime" : "90",
    "directory" : "/media/auto/work/tmp",
    "filename" : "testfile.dat",
    "filesize" : "20GiB",
    "direct" : "1",
    "ioengine" : "libaio"
  },
  "jobs" : [
    {
      "jobname" : "jobname",
      "groupid" : 0,
      "error" : 0,
      "eta" : 0,
      "elapsed" : 91,
      "job options" : {
        "name" : "jobname",
        "iodepth" : "20",
        "bs" : "16k",
        "rw" : "write"
      },
      "mixed" : {
        "io_bytes" : 73426796544,
        "io_kbytes" : 71705856,
        "bw_bytes" : 815844229,
        "bw" : 796722,
        "iops" : 49795.180054,
        "runtime" : 90001,
        "total_ios" : 4481616,
        "short_ios" : 0,
        "drop_ios" : 0,
        "slat_ns" : {
          "min" : 1883,
          "max" : 409558,
          "mean" : 3812.165283,
          "stddev" : 1527.325064
        },
        "clat_ns" : {
          "min" : 56036,
          "max" : 64755523,
          "mean" : 397250.971634,
          "stddev" : 665814.635666,
          "percentile" : {
            "1.000000" : 97792,
            "5.000000" : 111104,
            "10.000000" : 119296,
            "20.000000" : 127488,
            "30.000000" : 140288,
            "40.000000" : 177152,
            "50.000000" : 242688,
            "60.000000" : 325632,
            "70.000000" : 448512,
            "80.000000" : 610304,
            "90.000000" : 880640,
            "95.000000" : 1155072,
            "99.000000" : 1712128,
            "99.500000" : 1957888,
            "99.900000" : 2310144,
            "99.950000" : 2768896,
            "99.990000" : 32899072
          }
        },
        "lat_ns" : {
          "min" : 58329,
          "max" : 64758679,
          "mean" : 401210.415688,
          "stddev" : 665854.467511
        },
        "bw_min" : 615359,
        "bw_max" : 2470272,
        "bw_agg" : 99.996435,
        "bw_mean" : 796693.594444,
        "bw_dev" : 451246.097739,
        "bw_samples" : 180,
        "iops_min" : 38459,
        "iops_max" : 154392,
        "iops_mean" : 49793.355556,
        "iops_stddev" : 28202.878083,
        "iops_samples" : 180
      },
      "job_runtime" : 90000,
      "usr_cpu" : 6.415556,
      "sys_cpu" : 22.205556,
      "ctx" : 2553568,
      "majf" : 0,
      "minf" : 11,
      "iodepth_level" : {
        "1" : 0.100000,
        "2" : 0.100000,
        "4" : 0.100000,
        "8" : 0.100000,
        "16" : 99.998661,
        "32" : 0.000000,
        ">=64" : 0.000000
      },
      "iodepth_submit" : {
        "0" : 0.000000,
        "4" : 100.000000,
        "8" : 0.000000,
        "16" : 0.000000,
        "32" : 0.000000,
        "64" : 0.000000,
        ">=64" : 0.000000
      },
      "iodepth_complete" : {
        "0" : 0.000000,
        "4" : 99.999911,
        "8" : 0.000000,
        "16" : 0.000000,
        "32" : 0.100000,
        "64" : 0.000000,
        ">=64" : 0.000000
      },
      "latency_ns" : {
        "2" : 0.000000,
        "4" : 0.000000,
        "10" : 0.000000,
        "20" : 0.000000,
        "50" : 0.000000,
        "100" : 0.000000,
        "250" : 0.000000,
        "500" : 0.000000,
        "750" : 0.000000,
        "1000" : 0.000000
      },
      "latency_us" : {
        "2" : 0.000000,
        "4" : 0.000000,
        "10" : 0.000000,
        "20" : 0.000000,
        "50" : 0.000000,
        "100" : 1.352057,
        "250" : 49.644972,
        "500" : 22.645938,
        "750" : 12.524210,
        "1000" : 6.460304
      },
      "latency_ms" : {
        "2" : 6.922191,
        "4" : 0.418778,
        "10" : 0.010000,
        "20" : 0.010000,
        "50" : 0.012049,
        "100" : 0.010000,
        "250" : 0.000000,
        "500" : 0.000000,
        "750" : 0.000000,
        "1000" : 0.000000,
        "2000" : 0.000000,
        ">=2000" : 0.000000
      },
      "latency_depth" : 20,
      "latency_target" : 0,
      "latency_percentile" : 100.000000,
      "latency_window" : 0
    }
  ],
  "disk_util" : [
    {
      "name" : "nvme0n1",
      "read_ios" : 0,
      "write_ios" : 4477339,
      "read_merges" : 0,
      "write_merges" : 17,
      "read_ticks" : 0,
      "write_ticks" : 1745227,
      "in_queue" : 35456,
      "util" : 98.291558
    }
  ]
}
