{
  "fio version" : "fio-3.16",
  "timestamp" : 1601083009,
  "timestamp_ms" : 1601083009892,
  "time" : "Fri Sep 25 21:16:49 2020",
  "global options" : {
    "unified_rw_reporting" : "1",
    "time_based" : "1",
    "runtime" : "90",
    "directory" : "/media/auto/work/tmp",
    "filename" : "testfile.dat",
    "filesize" : "20GiB",
    "direct" : "1",
    "ioengine" : "libaio"
  },
  "jobs" : [
    {
      "jobname" : "jobname",
      "groupid" : 0,
      "error" : 0,
      "eta" : 0,
      "elapsed" : 91,
      "job options" : {
        "name" : "jobname",
        "iodepth" : "24",
        "bs" : "512k",
        "rw" : "randread"
      },
      "mixed" : {
        "io_bytes" : 171305336832,
        "io_kbytes" : 167290368,
        "bw_bytes" : 1903265747,
        "bw" : 1858657,
        "iops" : 3630.191321,
        "runtime" : 90006,
        "total_ios" : 326739,
        "short_ios" : 0,
        "drop_ios" : 0,
        "slat_ns" : {
          "min" : 11712,
          "max" : 437250,
          "mean" : 23829.255950,
          "stddev" : 3265.104307
        },
        "clat_ns" : {
          "min" : 1448909,
          "max" : 11886958,
          "mean" : 6586384.626050,
          "stddev" : 457541.980633,
          "percentile" : {
            "1.000000" : 4145152,
            "5.000000" : 6127616,
            "10.000000" : 6258688,
            "20.000000" : 6389760,
            "30.000000" : 6455296,
            "40.000000" : 6520832,
            "50.000000" : 6586368,
            "60.000000" : 6717440,
            "70.000000" : 6782976,
            "80.000000" : 6848512,
            "90.000000" : 6979584,
            "95.000000" : 7110656,
            "99.000000" : 7372800,
            "99.500000" : 7438336,
            "99.900000" : 7700480,
            "99.950000" : 7766016,
            "99.990000" : 8159232
          }
        },
        "lat_ns" : {
          "min" : 1576358,
          "max" : 11919389,
          "mean" : 6610350.313734,
          "stddev" : 457493.459174
        },
        "bw_min" : 1819648,
        "bw_max" : 2204672,
        "bw_agg" : 99.990445,
        "bw_mean" : 1858479.400000,
        "bw_dev" : 49055.328647,
        "bw_samples" : 180,
        "iops_min" : 3554,
        "iops_max" : 4306,
        "iops_mean" : 3629.811111,
        "iops_stddev" : 95.822624,
        "iops_samples" : 180
      },
      "job_runtime" : 90005,
      "usr_cpu" : 0.547747,
      "sys_cpu" : 9.510583,
      "ctx" : 321872,
      "majf" : 0,
      "minf" : 3082,
      "iodepth_level" : {
        "1" : 0.100000,
        "2" : 0.100000,
        "4" : 0.100000,
        "8" : 0.100000,
        "16" : 99.995409,
        "32" : 0.000000,
        ">=64" : 0.000000
      },
      "iodepth_submit" : {
        "0" : 0.000000,
        "4" : 100.000000,
        "8" : 0.000000,
        "16" : 0.000000,
        "32" : 0.000000,
        "64" : 0.000000,
        ">=64" : 0.000000
      },
      "iodepth_complete" : {
        "0" : 0.000000,
        "4" : 99.999694,
        "8" : 0.000000,
        "16" : 0.000000,
        "32" : 0.100000,
        "64" : 0.000000,
        ">=64" : 0.000000
      },
      "latency_ns" : {
        "2" : 0.000000,
        "4" : 0.000000,
        "10" : 0.000000,
        "20" : 0.000000,
        "50" : 0.000000,
        "100" : 0.000000,
        "250" : 0.000000,
        "500" : 0.000000,
        "750" : 0.000000,
        "1000" : 0.000000
      },
      "latency_us" : {
        "2" : 0.000000,
        "4" : 0.000000,
        "10" : 0.000000,
        "20" : 0.000000,
        "50" : 0.000000,
        "100" : 0.000000,
        "250" : 0.000000,
        "500" : 0.000000,
        "750" : 0.000000,
        "1000" : 0.000000
      },
      "latency_ms" : {
        "2" : 0.010000,
        "4" : 0.919082,
        "10" : 99.076021,
        "20" : 0.010000,
        "50" : 0.000000,
        "100" : 0.000000,
        "250" : 0.000000,
        "500" : 0.000000,
        "750" : 0.000000,
        "1000" : 0.000000,
        "2000" : 0.000000,
        ">=2000" : 0.000000
      },
      "latency_depth" : 24,
      "latency_target" : 0,
      "latency_percentile" : 100.000000,
      "latency_window" : 0
    }
  ],
  "disk_util" : [
    {
      "name" : "nvme0n1",
      "read_ios" : 353409,
      "write_ios" : 0,
      "read_merges" : 0,
      "write_merges" : 0,
      "read_ticks" : 2314893,
      "write_ticks" : 0,
      "in_queue" : 1400512,
      "util" : 99.935525
    }
  ]
}
