{
  "fio version" : "fio-3.16",
  "timestamp" : 1600547666,
  "timestamp_ms" : 1600547666002,
  "time" : "Sat Sep 19 16:34:26 2020",
  "global options" : {
    "unified_rw_reporting" : "1",
    "time_based" : "1",
    "runtime" : "90",
    "directory" : "/media/auto/work/tmp",
    "filename" : "testfile.dat",
    "filesize" : "20GiB",
    "direct" : "1",
    "ioengine" : "libaio"
  },
  "jobs" : [
    {
      "jobname" : "jobname",
      "groupid" : 0,
      "error" : 0,
      "eta" : 0,
      "elapsed" : 91,
      "job options" : {
        "name" : "jobname",
        "iodepth" : "16",
        "bs" : "4k",
        "rw" : "write"
      },
      "mixed" : {
        "io_bytes" : 69281402880,
        "io_kbytes" : 67657620,
        "bw_bytes" : 769784812,
        "bw" : 751742,
        "iops" : 187935.745158,
        "runtime" : 90001,
        "total_ios" : 16914405,
        "short_ios" : 0,
        "drop_ios" : 0,
        "slat_ns" : {
          "min" : 1462,
          "max" : 319239,
          "mean" : 2938.412971,
          "stddev" : 1194.626591
        },
        "clat_ns" : {
          "min" : 9478,
          "max" : 64955312,
          "mean" : 81719.387514,
          "stddev" : 263325.924187,
          "percentile" : {
            "1.000000" : 39680,
            "5.000000" : 44288,
            "10.000000" : 44800,
            "20.000000" : 47872,
            "30.000000" : 48384,
            "40.000000" : 49920,
            "50.000000" : 58624,
            "60.000000" : 66048,
            "70.000000" : 67072,
            "80.000000" : 69120,
            "90.000000" : 93696,
            "95.000000" : 191488,
            "99.000000" : 585728,
            "99.500000" : 798720,
            "99.900000" : 1384448,
            "99.950000" : 1679360,
            "99.990000" : 2539520
          }
        },
        "lat_ns" : {
          "min" : 13556,
          "max" : 64957005,
          "mean" : 84751.759956,
          "stddev" : 263288.576994
        },
        "bw_min" : 606095,
        "bw_max" : 1296296,
        "bw_agg" : 100.000000,
        "bw_mean" : 752255.726257,
        "bw_dev" : 209393.378186,
        "bw_samples" : 179,
        "iops_min" : 151523,
        "iops_max" : 324074,
        "iops_mean" : 188064.027933,
        "iops_stddev" : 52348.339304,
        "iops_samples" : 179
      },
      "job_runtime" : 90000,
      "usr_cpu" : 16.683333,
      "sys_cpu" : 55.135556,
      "ctx" : 341617,
      "majf" : 0,
      "minf" : 12,
      "iodepth_level" : {
        "1" : 0.100000,
        "2" : 0.100000,
        "4" : 0.100000,
        "8" : 0.100000,
        "16" : 99.999645,
        "32" : 0.000000,
        ">=64" : 0.000000
      },
      "iodepth_submit" : {
        "0" : 0.000000,
        "4" : 100.000000,
        "8" : 0.000000,
        "16" : 0.000000,
        "32" : 0.000000,
        "64" : 0.000000,
        ">=64" : 0.000000
      },
      "iodepth_complete" : {
        "0" : 0.000000,
        "4" : 99.999976,
        "8" : 0.000000,
        "16" : 0.100000,
        "32" : 0.000000,
        "64" : 0.000000,
        ">=64" : 0.000000
      },
      "latency_ns" : {
        "2" : 0.000000,
        "4" : 0.000000,
        "10" : 0.000000,
        "20" : 0.000000,
        "50" : 0.000000,
        "100" : 0.000000,
        "250" : 0.000000,
        "500" : 0.000000,
        "750" : 0.000000,
        "1000" : 0.000000
      },
      "latency_us" : {
        "2" : 0.000000,
        "4" : 0.000000,
        "10" : 0.010000,
        "20" : 0.010000,
        "50" : 40.441884,
        "100" : 51.127462,
        "250" : 4.588521,
        "500" : 2.458727,
        "750" : 0.808831,
        "1000" : 0.299490
      },
      "latency_ms" : {
        "2" : 0.256078,
        "4" : 0.013474,
        "10" : 0.010000,
        "20" : 0.010000,
        "50" : 0.010000,
        "100" : 0.010000,
        "250" : 0.000000,
        "500" : 0.000000,
        "750" : 0.000000,
        "1000" : 0.000000,
        "2000" : 0.000000,
        ">=2000" : 0.000000
      },
      "latency_depth" : 16,
      "latency_target" : 0,
      "latency_percentile" : 100.000000,
      "latency_window" : 0
    }
  ],
  "disk_util" : [
    {
      "name" : "nvme0n1",
      "read_ios" : 0,
      "write_ios" : 16899104,
      "read_merges" : 0,
      "write_merges" : 17,
      "read_ticks" : 0,
      "write_ticks" : 676848,
      "in_queue" : 22536,
      "util" : 98.617163
    }
  ]
}
