{
  "fio version" : "fio-3.16",
  "timestamp" : 1601064863,
  "timestamp_ms" : 1601064863707,
  "time" : "Fri Sep 25 16:14:23 2020",
  "global options" : {
    "unified_rw_reporting" : "1",
    "time_based" : "1",
    "runtime" : "90",
    "directory" : "/media/auto/work/tmp",
    "filename" : "testfile.dat",
    "filesize" : "20GiB",
    "direct" : "1",
    "ioengine" : "libaio"
  },
  "jobs" : [
    {
      "jobname" : "jobname",
      "groupid" : 0,
      "error" : 0,
      "eta" : 0,
      "elapsed" : 91,
      "job options" : {
        "name" : "jobname",
        "iodepth" : "28",
        "bs" : "4k",
        "rw" : "read"
      },
      "mixed" : {
        "io_bytes" : 128202911744,
        "io_kbytes" : 125198156,
        "bw_bytes" : 1424460969,
        "bw" : 1391075,
        "iops" : 347768.791458,
        "runtime" : 90001,
        "total_ios" : 31299539,
        "short_ios" : 0,
        "drop_ios" : 0,
        "slat_ns" : {
          "min" : 1252,
          "max" : 187171,
          "mean" : 1901.271698,
          "stddev" : 743.855948
        },
        "clat_ns" : {
          "min" : 6863,
          "max" : 398548,
          "mean" : 78080.374549,
          "stddev" : 8546.143438,
          "percentile" : {
            "1.000000" : 72192,
            "5.000000" : 73216,
            "10.000000" : 73216,
            "20.000000" : 74240,
            "30.000000" : 74240,
            "40.000000" : 75264,
            "50.000000" : 76288,
            "60.000000" : 79360,
            "70.000000" : 80384,
            "80.000000" : 80384,
            "90.000000" : 81408,
            "95.000000" : 85504,
            "99.000000" : 91648,
            "99.500000" : 104960,
            "99.900000" : 232448,
            "99.950000" : 259072,
            "99.990000" : 305152
          }
        },
        "lat_ns" : {
          "min" : 9207,
          "max" : 400031,
          "mean" : 80085.230919,
          "stddev" : 8587.203200
        },
        "bw_min" : 1368072,
        "bw_max" : 1408008,
        "bw_agg" : 99.987489,
        "bw_mean" : 1390900.966480,
        "bw_dev" : 7736.242296,
        "bw_samples" : 179,
        "iops_min" : 342018,
        "iops_max" : 352002,
        "iops_mean" : 347725.251397,
        "iops_stddev" : 1934.134245,
        "iops_samples" : 179
      },
      "job_runtime" : 90000,
      "usr_cpu" : 32.173333,
      "sys_cpu" : 67.385556,
      "ctx" : 18327,
      "majf" : 0,
      "minf" : 40,
      "iodepth_level" : {
        "1" : 0.100000,
        "2" : 0.100000,
        "4" : 0.100000,
        "8" : 0.100000,
        "16" : 99.999665,
        "32" : 0.000000,
        ">=64" : 0.000000
      },
      "iodepth_submit" : {
        "0" : 0.000000,
        "4" : 100.000000,
        "8" : 0.000000,
        "16" : 0.000000,
        "32" : 0.000000,
        "64" : 0.000000,
        ">=64" : 0.000000
      },
      "iodepth_complete" : {
        "0" : 0.000000,
        "4" : 99.999978,
        "8" : 0.000000,
        "16" : 0.000000,
        "32" : 0.100000,
        "64" : 0.000000,
        ">=64" : 0.000000
      },
      "latency_ns" : {
        "2" : 0.000000,
        "4" : 0.000000,
        "10" : 0.000000,
        "20" : 0.000000,
        "50" : 0.000000,
        "100" : 0.000000,
        "250" : 0.000000,
        "500" : 0.000000,
        "750" : 0.000000,
        "1000" : 0.000000
      },
      "latency_us" : {
        "2" : 0.000000,
        "4" : 0.000000,
        "10" : 0.010000,
        "20" : 0.010000,
        "50" : 0.010000,
        "100" : 99.406966,
        "250" : 0.525129,
        "500" : 0.064541,
        "750" : 0.000000,
        "1000" : 0.000000
      },
      "latency_ms" : {
        "2" : 0.000000,
        "4" : 0.000000,
        "10" : 0.000000,
        "20" : 0.000000,
        "50" : 0.000000,
        "100" : 0.000000,
        "250" : 0.000000,
        "500" : 0.000000,
        "750" : 0.000000,
        "1000" : 0.000000,
        "2000" : 0.000000,
        ">=2000" : 0.000000
      },
      "latency_depth" : 28,
      "latency_target" : 0,
      "latency_percentile" : 100.000000,
      "latency_window" : 0
    }
  ],
  "disk_util" : [
    {
      "name" : "nvme0n1",
      "read_ios" : 31264483,
      "write_ios" : 0,
      "read_merges" : 0,
      "write_merges" : 0,
      "read_ticks" : 250501,
      "write_ticks" : 0,
      "in_queue" : 0,
      "util" : 99.967762
    }
  ]
}
