{
  "fio version" : "fio-3.16",
  "timestamp" : 1601066520,
  "timestamp_ms" : 1601066520474,
  "time" : "Fri Sep 25 16:42:00 2020",
  "global options" : {
    "unified_rw_reporting" : "1",
    "time_based" : "1",
    "runtime" : "90",
    "directory" : "/media/auto/work/tmp",
    "filename" : "testfile.dat",
    "filesize" : "20GiB",
    "direct" : "1",
    "ioengine" : "libaio"
  },
  "jobs" : [
    {
      "jobname" : "jobname",
      "groupid" : 0,
      "error" : 0,
      "eta" : 0,
      "elapsed" : 91,
      "job options" : {
        "name" : "jobname",
        "iodepth" : "4",
        "bs" : "16k",
        "rw" : "read"
      },
      "mixed" : {
        "io_bytes" : 201924771840,
        "io_kbytes" : 197192160,
        "bw_bytes" : 2243583647,
        "bw" : 2190999,
        "iops" : 136937.478472,
        "runtime" : 90001,
        "total_ios" : 12324510,
        "short_ios" : 0,
        "drop_ios" : 0,
        "slat_ns" : {
          "min" : 1683,
          "max" : 235903,
          "mean" : 3377.496757,
          "stddev" : 1536.776186
        },
        "clat_ns" : {
          "min" : 4027,
          "max" : 729228,
          "mean" : 25314.912886,
          "stddev" : 20991.406435,
          "percentile" : {
            "1.000000" : 13888,
            "5.000000" : 14272,
            "10.000000" : 14528,
            "20.000000" : 16064,
            "30.000000" : 16768,
            "40.000000" : 18048,
            "50.000000" : 18816,
            "60.000000" : 20096,
            "70.000000" : 20864,
            "80.000000" : 24960,
            "90.000000" : 43264,
            "95.000000" : 64256,
            "99.000000" : 132096,
            "99.500000" : 154624,
            "99.900000" : 183296,
            "99.950000" : 195584,
            "99.990000" : 254976
          }
        },
        "lat_ns" : {
          "min" : 12263,
          "max" : 736783,
          "mean" : 28801.554888,
          "stddev" : 20873.684788
        },
        "bw_min" : 2170624,
        "bw_max" : 2205792,
        "bw_agg" : 99.990464,
        "bw_mean" : 2190790.061453,
        "bw_dev" : 7550.802148,
        "bw_samples" : 179,
        "iops_min" : 135664,
        "iops_max" : 137862,
        "iops_mean" : 136924.363128,
        "iops_stddev" : 471.935861,
        "iops_samples" : 179
      },
      "job_runtime" : 90000,
      "usr_cpu" : 14.201111,
      "sys_cpu" : 51.491111,
      "ctx" : 4187731,
      "majf" : 0,
      "minf" : 27,
      "iodepth_level" : {
        "1" : 0.100000,
        "2" : 0.100000,
        "4" : 99.999732,
        "8" : 0.000000,
        "16" : 0.000000,
        "32" : 0.000000,
        ">=64" : 0.000000
      },
      "iodepth_submit" : {
        "0" : 0.000000,
        "4" : 100.000000,
        "8" : 0.000000,
        "16" : 0.000000,
        "32" : 0.000000,
        "64" : 0.000000,
        ">=64" : 0.000000
      },
      "iodepth_complete" : {
        "0" : 0.000000,
        "4" : 100.000000,
        "8" : 0.000000,
        "16" : 0.000000,
        "32" : 0.000000,
        "64" : 0.000000,
        ">=64" : 0.000000
      },
      "latency_ns" : {
        "2" : 0.000000,
        "4" : 0.000000,
        "10" : 0.000000,
        "20" : 0.000000,
        "50" : 0.000000,
        "100" : 0.000000,
        "250" : 0.000000,
        "500" : 0.000000,
        "750" : 0.000000,
        "1000" : 0.000000
      },
      "latency_us" : {
        "2" : 0.000000,
        "4" : 0.000000,
        "10" : 0.010000,
        "20" : 59.757467,
        "50" : 32.369141,
        "100" : 5.999938,
        "250" : 1.853818,
        "500" : 0.012536,
        "750" : 0.010000,
        "1000" : 0.000000
      },
      "latency_ms" : {
        "2" : 0.000000,
        "4" : 0.000000,
        "10" : 0.000000,
        "20" : 0.000000,
        "50" : 0.000000,
        "100" : 0.000000,
        "250" : 0.000000,
        "500" : 0.000000,
        "750" : 0.000000,
        "1000" : 0.000000,
        "2000" : 0.000000,
        ">=2000" : 0.000000
      },
      "latency_depth" : 4,
      "latency_target" : 0,
      "latency_percentile" : 100.000000,
      "latency_window" : 0
    }
  ],
  "disk_util" : [
    {
      "name" : "nvme0n1",
      "read_ios" : 12310834,
      "write_ios" : 0,
      "read_merges" : 0,
      "write_merges" : 0,
      "read_ticks" : 297057,
      "write_ticks" : 0,
      "in_queue" : 0,
      "util" : 99.981101
    }
  ]
}
