{
  "fio version" : "fio-3.16",
  "timestamp" : 1601057353,
  "timestamp_ms" : 1601057353054,
  "time" : "Fri Sep 25 14:09:13 2020",
  "global options" : {
    "unified_rw_reporting" : "1",
    "time_based" : "1",
    "runtime" : "90",
    "directory" : "/media/auto/work/tmp",
    "filename" : "testfile.dat",
    "filesize" : "20GiB",
    "direct" : "1",
    "ioengine" : "libaio"
  },
  "jobs" : [
    {
      "jobname" : "jobname",
      "groupid" : 0,
      "error" : 0,
      "eta" : 0,
      "elapsed" : 91,
      "job options" : {
        "name" : "jobname",
        "iodepth" : "20",
        "bs" : "4k",
        "rw" : "randread"
      },
      "mixed" : {
        "io_bytes" : 61119176704,
        "io_kbytes" : 59686696,
        "bw_bytes" : 679094417,
        "bw" : 663178,
        "iops" : 165794.535616,
        "runtime" : 90001,
        "total_ios" : 14921674,
        "short_ios" : 0,
        "drop_ios" : 0,
        "slat_ns" : {
          "min" : 1332,
          "max" : 433363,
          "mean" : 2620.690453,
          "stddev" : 1407.240238
        },
        "clat_ns" : {
          "min" : 22702,
          "max" : 770246,
          "mean" : 117425.239825,
          "stddev" : 49289.499977,
          "percentile" : {
            "1.000000" : 65280,
            "5.000000" : 68096,
            "10.000000" : 72192,
            "20.000000" : 79360,
            "30.000000" : 85504,
            "40.000000" : 92672,
            "50.000000" : 101888,
            "60.000000" : 115200,
            "70.000000" : 130560,
            "80.000000" : 148480,
            "90.000000" : 181248,
            "95.000000" : 214016,
            "99.000000" : 292864,
            "99.500000" : 321536,
            "99.900000" : 399360,
            "99.950000" : 428032,
            "99.990000" : 497664
          }
        },
        "lat_ns" : {
          "min" : 31559,
          "max" : 772380,
          "mean" : 120147.440747,
          "stddev" : 49301.342455
        },
        "bw_min" : 653040,
        "bw_max" : 671048,
        "bw_agg" : 99.995460,
        "bw_mean" : 663147.894444,
        "bw_dev" : 2582.179666,
        "bw_samples" : 180,
        "iops_min" : 163260,
        "iops_max" : 167762,
        "iops_mean" : 165786.972222,
        "iops_stddev" : 645.527072,
        "iops_samples" : 180
      },
      "job_runtime" : 90000,
      "usr_cpu" : 18.768889,
      "sys_cpu" : 50.423333,
      "ctx" : 4406967,
      "majf" : 0,
      "minf" : 31,
      "iodepth_level" : {
        "1" : 0.100000,
        "2" : 0.100000,
        "4" : 0.100000,
        "8" : 0.100000,
        "16" : 99.999899,
        "32" : 0.000000,
        ">=64" : 0.000000
      },
      "iodepth_submit" : {
        "0" : 0.000000,
        "4" : 100.000000,
        "8" : 0.000000,
        "16" : 0.000000,
        "32" : 0.000000,
        "64" : 0.000000,
        ">=64" : 0.000000
      },
      "iodepth_complete" : {
        "0" : 0.000000,
        "4" : 99.999993,
        "8" : 0.000000,
        "16" : 0.000000,
        "32" : 0.100000,
        "64" : 0.000000,
        ">=64" : 0.000000
      },
      "latency_ns" : {
        "2" : 0.000000,
        "4" : 0.000000,
        "10" : 0.000000,
        "20" : 0.000000,
        "50" : 0.000000,
        "100" : 0.000000,
        "250" : 0.000000,
        "500" : 0.000000,
        "750" : 0.000000,
        "1000" : 0.000000
      },
      "latency_us" : {
        "2" : 0.000000,
        "4" : 0.000000,
        "10" : 0.000000,
        "20" : 0.000000,
        "50" : 0.061347,
        "100" : 48.371188,
        "250" : 49.177324,
        "500" : 2.380249,
        "750" : 0.010000,
        "1000" : 0.010000
      },
      "latency_ms" : {
        "2" : 0.000000,
        "4" : 0.000000,
        "10" : 0.000000,
        "20" : 0.000000,
        "50" : 0.000000,
        "100" : 0.000000,
        "250" : 0.000000,
        "500" : 0.000000,
        "750" : 0.000000,
        "1000" : 0.000000,
        "2000" : 0.000000,
        ">=2000" : 0.000000
      },
      "latency_depth" : 20,
      "latency_target" : 0,
      "latency_percentile" : 100.000000,
      "latency_window" : 0
    }
  ],
  "disk_util" : [
    {
      "name" : "nvme0n1",
      "read_ios" : 14905094,
      "write_ios" : 0,
      "read_merges" : 0,
      "write_merges" : 0,
      "read_ticks" : 1681554,
      "write_ticks" : 0,
      "in_queue" : 0,
      "util" : 99.942202
    }
  ]
}
