{
  "fio version" : "fio-3.16",
  "timestamp" : 1601052197,
  "timestamp_ms" : 1601052197002,
  "time" : "Fri Sep 25 12:43:17 2020",
  "global options" : {
    "unified_rw_reporting" : "1",
    "time_based" : "1",
    "runtime" : "90",
    "directory" : "/media/auto/work/tmp",
    "filename" : "testfile.dat",
    "filesize" : "20GiB",
    "direct" : "1",
    "ioengine" : "libaio"
  },
  "jobs" : [
    {
      "jobname" : "jobname",
      "groupid" : 0,
      "error" : 0,
      "eta" : 0,
      "elapsed" : 91,
      "job options" : {
        "name" : "jobname",
        "iodepth" : "28",
        "bs" : "512k",
        "rw" : "randwrite"
      },
      "mixed" : {
        "io_bytes" : 67375726592,
        "io_kbytes" : 65796608,
        "bw_bytes" : 748452861,
        "bw" : 730910,
        "iops" : 1427.560542,
        "runtime" : 90020,
        "total_ios" : 128509,
        "short_ios" : 0,
        "drop_ios" : 0,
        "slat_ns" : {
          "min" : 14527,
          "max" : 22377454,
          "mean" : 33616.042814,
          "stddev" : 197276.863824
        },
        "clat_ns" : {
          "min" : 760286,
          "max" : 69438401,
          "mean" : 19578066.057615,
          "stddev" : 6061068.919502,
          "percentile" : {
            "1.000000" : 5734400,
            "5.000000" : 5865472,
            "10.000000" : 6258688,
            "20.000000" : 20054016,
            "30.000000" : 20578304,
            "40.000000" : 20840448,
            "50.000000" : 21102592,
            "60.000000" : 21102592,
            "70.000000" : 21364736,
            "80.000000" : 21626880,
            "90.000000" : 22151168,
            "95.000000" : 23199744,
            "99.000000" : 32899072,
            "99.500000" : 43778048,
            "99.900000" : 62652416,
            "99.950000" : 65273856,
            "99.990000" : 68681728
          }
        },
        "lat_ns" : {
          "min" : 790454,
          "max" : 83406283,
          "mean" : 19611917.321316,
          "stddev" : 6077097.908458
        },
        "bw_min" : 615423,
        "bw_max" : 2363392,
        "bw_agg" : 99.995271,
        "bw_mean" : 730875.433333,
        "bw_dev" : 316119.256792,
        "bw_samples" : 180,
        "iops_min" : 1201,
        "iops_max" : 4616,
        "iops_mean" : 1427.477778,
        "iops_stddev" : 617.423322,
        "iops_samples" : 180
      },
      "job_runtime" : 90019,
      "usr_cpu" : 1.872938,
      "sys_cpu" : 3.781424,
      "ctx" : 128044,
      "majf" : 0,
      "minf" : 10,
      "iodepth_level" : {
        "1" : 0.100000,
        "2" : 0.100000,
        "4" : 0.100000,
        "8" : 0.100000,
        "16" : 99.988328,
        "32" : 0.000000,
        ">=64" : 0.000000
      },
      "iodepth_submit" : {
        "0" : 0.000000,
        "4" : 100.000000,
        "8" : 0.000000,
        "16" : 0.000000,
        "32" : 0.000000,
        "64" : 0.000000,
        ">=64" : 0.000000
      },
      "iodepth_complete" : {
        "0" : 0.000000,
        "4" : 99.999222,
        "8" : 0.000000,
        "16" : 0.000000,
        "32" : 0.100000,
        "64" : 0.000000,
        ">=64" : 0.000000
      },
      "latency_ns" : {
        "2" : 0.000000,
        "4" : 0.000000,
        "10" : 0.000000,
        "20" : 0.000000,
        "50" : 0.000000,
        "100" : 0.000000,
        "250" : 0.000000,
        "500" : 0.000000,
        "750" : 0.000000,
        "1000" : 0.000000
      },
      "latency_us" : {
        "2" : 0.000000,
        "4" : 0.000000,
        "10" : 0.000000,
        "20" : 0.000000,
        "50" : 0.000000,
        "100" : 0.000000,
        "250" : 0.000000,
        "500" : 0.000000,
        "750" : 0.000000,
        "1000" : 0.010000
      },
      "latency_ms" : {
        "2" : 0.010000,
        "4" : 0.010894,
        "10" : 12.823226,
        "20" : 6.008918,
        "50" : 80.771775,
        "100" : 0.374293,
        "250" : 0.000000,
        "500" : 0.000000,
        "750" : 0.000000,
        "1000" : 0.000000,
        "2000" : 0.000000,
        ">=2000" : 0.000000
      },
      "latency_depth" : 28,
      "latency_target" : 0,
      "latency_percentile" : 100.000000,
      "latency_window" : 0
    }
  ],
  "disk_util" : [
    {
      "name" : "nvme0n1",
      "read_ios" : 0,
      "write_ios" : 128371,
      "read_merges" : 0,
      "write_merges" : 17,
      "read_ticks" : 0,
      "write_ticks" : 2511074,
      "in_queue" : 2321096,
      "util" : 98.505936
    }
  ]
}
