{
  "fio version" : "fio-3.16",
  "timestamp" : 1601051153,
  "timestamp_ms" : 1601051153354,
  "time" : "Fri Sep 25 12:25:53 2020",
  "global options" : {
    "unified_rw_reporting" : "1",
    "time_based" : "1",
    "runtime" : "90",
    "directory" : "/media/auto/work/tmp",
    "filename" : "testfile.dat",
    "filesize" : "20GiB",
    "direct" : "1",
    "ioengine" : "libaio"
  },
  "jobs" : [
    {
      "jobname" : "jobname",
      "groupid" : 0,
      "error" : 0,
      "eta" : 0,
      "elapsed" : 91,
      "job options" : {
        "name" : "jobname",
        "iodepth" : "12",
        "bs" : "256k",
        "rw" : "randwrite"
      },
      "mixed" : {
        "io_bytes" : 67348463616,
        "io_kbytes" : 65769984,
        "bw_bytes" : 748274691,
        "bw" : 730737,
        "iops" : 2854.441420,
        "runtime" : 90005,
        "total_ios" : 256914,
        "short_ios" : 0,
        "drop_ios" : 0,
        "slat_ns" : {
          "min" : 6722,
          "max" : 1268671,
          "mean" : 14627.121589,
          "stddev" : 5854.090757
        },
        "clat_ns" : {
          "min" : 193082,
          "max" : 70100233,
          "mean" : 4188268.783383,
          "stddev" : 2170778.128522,
          "percentile" : {
            "1.000000" : 1105920,
            "5.000000" : 1220608,
            "10.000000" : 1351680,
            "20.000000" : 3751936,
            "30.000000" : 4227072,
            "40.000000" : 4358144,
            "50.000000" : 4489216,
            "60.000000" : 4554752,
            "70.000000" : 4685824,
            "80.000000" : 4816896,
            "90.000000" : 5144576,
            "95.000000" : 5668864,
            "99.000000" : 7241728,
            "99.500000" : 8716288,
            "99.900000" : 35913728,
            "99.950000" : 56360960,
            "99.990000" : 66322432
          }
        },
        "lat_ns" : {
          "min" : 210105,
          "max" : 70113858,
          "mean" : 4203046.947554,
          "stddev" : 2171151.124927
        },
        "bw_min" : 616447,
        "bw_max" : 2331648,
        "bw_agg" : 99.992856,
        "bw_mean" : 730684.794444,
        "bw_dev" : 311407.924342,
        "bw_samples" : 180,
        "iops_min" : 2407,
        "iops_max" : 9108,
        "iops_mean" : 2854.211111,
        "iops_stddev" : 1216.442588,
        "iops_samples" : 180
      },
      "job_runtime" : 90004,
      "usr_cpu" : 1.071064,
      "sys_cpu" : 4.358695,
      "ctx" : 256812,
      "majf" : 0,
      "minf" : 11,
      "iodepth_level" : {
        "1" : 0.100000,
        "2" : 0.100000,
        "4" : 0.100000,
        "8" : 99.997275,
        "16" : 0.000000,
        "32" : 0.000000,
        ">=64" : 0.000000
      },
      "iodepth_submit" : {
        "0" : 0.000000,
        "4" : 100.000000,
        "8" : 0.000000,
        "16" : 0.000000,
        "32" : 0.000000,
        "64" : 0.000000,
        ">=64" : 0.000000
      },
      "iodepth_complete" : {
        "0" : 0.000000,
        "4" : 99.999611,
        "8" : 0.000000,
        "16" : 0.100000,
        "32" : 0.000000,
        "64" : 0.000000,
        ">=64" : 0.000000
      },
      "latency_ns" : {
        "2" : 0.000000,
        "4" : 0.000000,
        "10" : 0.000000,
        "20" : 0.000000,
        "50" : 0.000000,
        "100" : 0.000000,
        "250" : 0.000000,
        "500" : 0.000000,
        "750" : 0.000000,
        "1000" : 0.000000
      },
      "latency_us" : {
        "2" : 0.000000,
        "4" : 0.000000,
        "10" : 0.000000,
        "20" : 0.000000,
        "50" : 0.000000,
        "100" : 0.000000,
        "250" : 0.010000,
        "500" : 0.010000,
        "750" : 0.014402,
        "1000" : 0.451513
      },
      "latency_ms" : {
        "2" : 13.248013,
        "4" : 10.241559,
        "10" : 75.753365,
        "20" : 0.131951,
        "50" : 0.092638,
        "100" : 0.060721,
        "250" : 0.000000,
        "500" : 0.000000,
        "750" : 0.000000,
        "1000" : 0.000000,
        "2000" : 0.000000,
        ">=2000" : 0.000000
      },
      "latency_depth" : 12,
      "latency_target" : 0,
      "latency_percentile" : 100.000000,
      "latency_window" : 0
    }
  ],
  "disk_util" : [
    {
      "name" : "nvme0n1",
      "read_ios" : 0,
      "write_ios" : 256667,
      "read_merges" : 0,
      "write_merges" : 17,
      "read_ticks" : 0,
      "write_ticks" : 1076844,
      "in_queue" : 804260,
      "util" : 98.468174
    }
  ]
}
