{
  "fio version" : "fio-3.16",
  "timestamp" : 1600570451,
  "timestamp_ms" : 1600570451224,
  "time" : "Sat Sep 19 22:54:11 2020",
  "global options" : {
    "unified_rw_reporting" : "1",
    "time_based" : "1",
    "runtime" : "90",
    "directory" : "/media/auto/work/tmp",
    "filename" : "testfile.dat",
    "filesize" : "20GiB",
    "direct" : "1",
    "ioengine" : "libaio"
  },
  "jobs" : [
    {
      "jobname" : "jobname",
      "groupid" : 0,
      "error" : 0,
      "eta" : 0,
      "elapsed" : 91,
      "job options" : {
        "name" : "jobname",
        "iodepth" : "1",
        "bs" : "512k",
        "rw" : "write"
      },
      "mixed" : {
        "io_bytes" : 72839331840,
        "io_kbytes" : 71132160,
        "bw_bytes" : 809020279,
        "bw" : 790058,
        "iops" : 1543.083724,
        "runtime" : 90034,
        "total_ios" : 138930,
        "short_ios" : 0,
        "drop_ios" : 0,
        "slat_ns" : {
          "min" : 14708,
          "max" : 88687,
          "mean" : 28627.344706,
          "stddev" : 2561.337383
        },
        "clat_ns" : {
          "min" : 140704,
          "max" : 66612941,
          "mean" : 618563.731037,
          "stddev" : 808876.304390,
          "percentile" : {
            "1.000000" : 160768,
            "5.000000" : 162816,
            "10.000000" : 173056,
            "20.000000" : 187392,
            "30.000000" : 218112,
            "40.000000" : 317440,
            "50.000000" : 444416,
            "60.000000" : 593920,
            "70.000000" : 757760,
            "80.000000" : 987136,
            "90.000000" : 1318912,
            "95.000000" : 1630208,
            "99.000000" : 2113536,
            "99.500000" : 2342912,
            "99.900000" : 3489792,
            "99.950000" : 4292608,
            "99.990000" : 42729472
          }
        },
        "lat_ns" : {
          "min" : 173125,
          "max" : 66640783,
          "mean" : 647324.737400,
          "stddev" : 808994.758775
        },
        "bw_min" : 567295,
        "bw_max" : 2459648,
        "bw_agg" : 100.000000,
        "bw_mean" : 790268.755556,
        "bw_dev" : 433486.266172,
        "bw_samples" : 180,
        "iops_min" : 1107,
        "iops_max" : 4804,
        "iops_mean" : 1543.477778,
        "iops_stddev" : 846.636628,
        "iops_samples" : 180
      },
      "job_runtime" : 90033,
      "usr_cpu" : 0.695301,
      "sys_cpu" : 4.318417,
      "ctx" : 139004,
      "majf" : 0,
      "minf" : 13,
      "iodepth_level" : {
        "1" : 100.000000,
        "2" : 0.000000,
        "4" : 0.000000,
        "8" : 0.000000,
        "16" : 0.000000,
        "32" : 0.000000,
        ">=64" : 0.000000
      },
      "iodepth_submit" : {
        "0" : 0.000000,
        "4" : 100.000000,
        "8" : 0.000000,
        "16" : 0.000000,
        "32" : 0.000000,
        "64" : 0.000000,
        ">=64" : 0.000000
      },
      "iodepth_complete" : {
        "0" : 0.000000,
        "4" : 100.000000,
        "8" : 0.000000,
        "16" : 0.000000,
        "32" : 0.000000,
        "64" : 0.000000,
        ">=64" : 0.000000
      },
      "latency_ns" : {
        "2" : 0.000000,
        "4" : 0.000000,
        "10" : 0.000000,
        "20" : 0.000000,
        "50" : 0.000000,
        "100" : 0.000000,
        "250" : 0.000000,
        "500" : 0.000000,
        "750" : 0.000000,
        "1000" : 0.000000
      },
      "latency_us" : {
        "2" : 0.000000,
        "4" : 0.000000,
        "10" : 0.000000,
        "20" : 0.000000,
        "50" : 0.000000,
        "100" : 0.000000,
        "250" : 33.908443,
        "500" : 19.953214,
        "750" : 15.554596,
        "1000" : 11.212121
      },
      "latency_ms" : {
        "2" : 17.876629,
        "4" : 1.441013,
        "10" : 0.020874,
        "20" : 0.012236,
        "50" : 0.015116,
        "100" : 0.010000,
        "250" : 0.000000,
        "500" : 0.000000,
        "750" : 0.000000,
        "1000" : 0.000000,
        "2000" : 0.000000,
        ">=2000" : 0.000000
      },
      "latency_depth" : 1,
      "latency_target" : 0,
      "latency_percentile" : 100.000000,
      "latency_window" : 0
    }
  ],
  "disk_util" : [
    {
      "name" : "nvme0n1",
      "read_ios" : 0,
      "write_ios" : 277654,
      "read_merges" : 0,
      "write_merges" : 17,
      "read_ticks" : 0,
      "write_ticks" : 173805,
      "in_queue" : 3932,
      "util" : 98.514896
    }
  ]
}
