{
  "fio version" : "fio-3.16",
  "timestamp" : 1601058678,
  "timestamp_ms" : 1601058678443,
  "time" : "Fri Sep 25 14:31:18 2020",
  "global options" : {
    "unified_rw_reporting" : "1",
    "time_based" : "1",
    "runtime" : "90",
    "directory" : "/media/auto/work/tmp",
    "filename" : "testfile.dat",
    "filesize" : "20GiB",
    "direct" : "1",
    "ioengine" : "libaio"
  },
  "jobs" : [
    {
      "jobname" : "jobname",
      "groupid" : 0,
      "error" : 0,
      "eta" : 0,
      "elapsed" : 91,
      "job options" : {
        "name" : "jobname",
        "iodepth" : "24",
        "bs" : "8k",
        "rw" : "randread"
      },
      "mixed" : {
        "io_bytes" : 83785752576,
        "io_kbytes" : 81822024,
        "bw_bytes" : 930942462,
        "bw" : 909123,
        "iops" : 113640.437328,
        "runtime" : 90001,
        "total_ios" : 10227753,
        "short_ios" : 0,
        "drop_ios" : 0,
        "slat_ns" : {
          "min" : 1603,
          "max" : 59932,
          "mean" : 3180.076362,
          "stddev" : 1291.035288
        },
        "clat_ns" : {
          "min" : 48300,
          "max" : 1187008,
          "mean" : 207363.556510,
          "stddev" : 103498.250350,
          "percentile" : {
            "1.000000" : 75264,
            "5.000000" : 87552,
            "10.000000" : 97792,
            "20.000000" : 120320,
            "30.000000" : 140288,
            "40.000000" : 160768,
            "50.000000" : 183296,
            "60.000000" : 209920,
            "70.000000" : 240640,
            "80.000000" : 284672,
            "90.000000" : 350208,
            "95.000000" : 411648,
            "99.000000" : 536576,
            "99.500000" : 585728,
            "99.900000" : 692224,
            "99.950000" : 733184,
            "99.990000" : 823296
          }
        },
        "lat_ns" : {
          "min" : 50805,
          "max" : 1189583,
          "mean" : 210652.837349,
          "stddev" : 103475.036752
        },
        "bw_min" : 902176,
        "bw_max" : 916416,
        "bw_agg" : 99.990320,
        "bw_mean" : 909034.994413,
        "bw_dev" : 2823.187050,
        "bw_samples" : 179,
        "iops_min" : 112772,
        "iops_max" : 114552,
        "iops_mean" : 113629.357542,
        "iops_stddev" : 352.859102,
        "iops_samples" : 179
      },
      "job_runtime" : 90000,
      "usr_cpu" : 14.068889,
      "sys_cpu" : 44.332222,
      "ctx" : 4154499,
      "majf" : 0,
      "minf" : 58,
      "iodepth_level" : {
        "1" : 0.100000,
        "2" : 0.100000,
        "4" : 0.100000,
        "8" : 0.100000,
        "16" : 99.999853,
        "32" : 0.000000,
        ">=64" : 0.000000
      },
      "iodepth_submit" : {
        "0" : 0.000000,
        "4" : 100.000000,
        "8" : 0.000000,
        "16" : 0.000000,
        "32" : 0.000000,
        "64" : 0.000000,
        ">=64" : 0.000000
      },
      "iodepth_complete" : {
        "0" : 0.000000,
        "4" : 99.999990,
        "8" : 0.000000,
        "16" : 0.000000,
        "32" : 0.100000,
        "64" : 0.000000,
        ">=64" : 0.000000
      },
      "latency_ns" : {
        "2" : 0.000000,
        "4" : 0.000000,
        "10" : 0.000000,
        "20" : 0.000000,
        "50" : 0.000000,
        "100" : 0.000000,
        "250" : 0.000000,
        "500" : 0.000000,
        "750" : 0.000000,
        "1000" : 0.000000
      },
      "latency_us" : {
        "2" : 0.000000,
        "4" : 0.000000,
        "10" : 0.000000,
        "20" : 0.000000,
        "50" : 0.010000,
        "100" : 11.043872,
        "250" : 61.413587,
        "500" : 25.864430,
        "750" : 1.639705,
        "1000" : 0.038249
      },
      "latency_ms" : {
        "2" : 0.010000,
        "4" : 0.000000,
        "10" : 0.000000,
        "20" : 0.000000,
        "50" : 0.000000,
        "100" : 0.000000,
        "250" : 0.000000,
        "500" : 0.000000,
        "750" : 0.000000,
        "1000" : 0.000000,
        "2000" : 0.000000,
        ">=2000" : 0.000000
      },
      "latency_depth" : 24,
      "latency_target" : 0,
      "latency_percentile" : 100.000000,
      "latency_window" : 0
    }
  ],
  "disk_util" : [
    {
      "name" : "nvme0n1",
      "read_ios" : 10216317,
      "write_ios" : 0,
      "read_merges" : 0,
      "write_merges" : 0,
      "read_ticks" : 2086778,
      "write_ticks" : 0,
      "in_queue" : 0,
      "util" : 99.954423
    }
  ]
}
