{
  "fio version" : "fio-3.16",
  "timestamp" : 1601069613,
  "timestamp_ms" : 1601069613099,
  "time" : "Fri Sep 25 17:33:33 2020",
  "global options" : {
    "unified_rw_reporting" : "1",
    "time_based" : "1",
    "runtime" : "90",
    "directory" : "/media/auto/work/tmp",
    "filename" : "testfile.dat",
    "filesize" : "20GiB",
    "direct" : "1",
    "ioengine" : "libaio"
  },
  "jobs" : [
    {
      "jobname" : "jobname",
      "groupid" : 0,
      "error" : 0,
      "eta" : 0,
      "elapsed" : 91,
      "job options" : {
        "name" : "jobname",
        "iodepth" : "24",
        "bs" : "256k",
        "rw" : "read"
      },
      "mixed" : {
        "io_bytes" : 325991530496,
        "io_kbytes" : 318351104,
        "bw_bytes" : 3622047626,
        "bw" : 3537155,
        "iops" : 13817.015177,
        "runtime" : 90002,
        "total_ios" : 1243559,
        "short_ios" : 0,
        "drop_ios" : 0,
        "slat_ns" : {
          "min" : 5861,
          "max" : 190958,
          "mean" : 10324.731128,
          "stddev" : 2076.644110
        },
        "clat_ns" : {
          "min" : 226034,
          "max" : 3387858,
          "mean" : 1725968.793534,
          "stddev" : 121688.077853,
          "percentile" : {
            "1.000000" : 1449984,
            "5.000000" : 1515520,
            "10.000000" : 1564672,
            "20.000000" : 1630208,
            "30.000000" : 1679360,
            "40.000000" : 1712128,
            "50.000000" : 1728512,
            "60.000000" : 1728512,
            "70.000000" : 1761280,
            "80.000000" : 1826816,
            "90.000000" : 1892352,
            "95.000000" : 1941504,
            "99.000000" : 1990656,
            "99.500000" : 2023424,
            "99.900000" : 2072576,
            "99.950000" : 2113536,
            "99.990000" : 2768896
          }
        },
        "lat_ns" : {
          "min" : 239520,
          "max" : 3399309,
          "mean" : 1736398.305233,
          "stddev" : 121634.138018
        },
        "bw_min" : 3525120,
        "bw_max" : 3541504,
        "bw_agg" : 99.993743,
        "bw_mean" : 3536933.677778,
        "bw_dev" : 3596.076059,
        "bw_samples" : 180,
        "iops_min" : 13770,
        "iops_max" : 13834,
        "iops_mean" : 13816.133333,
        "iops_stddev" : 14.071803,
        "iops_samples" : 180
      },
      "job_runtime" : 90001,
      "usr_cpu" : 1.542205,
      "sys_cpu" : 16.486483,
      "ctx" : 1238186,
      "majf" : 0,
      "minf" : 1547,
      "iodepth_level" : {
        "1" : 0.100000,
        "2" : 0.100000,
        "4" : 0.100000,
        "8" : 0.100000,
        "16" : 99.979494,
        "32" : 0.000000,
        ">=64" : 0.000000
      },
      "iodepth_submit" : {
        "0" : 0.000000,
        "4" : 100.000000,
        "8" : 0.000000,
        "16" : 0.000000,
        "32" : 0.000000,
        "64" : 0.000000,
        ">=64" : 0.000000
      },
      "iodepth_complete" : {
        "0" : 0.000000,
        "4" : 99.998633,
        "8" : 0.000000,
        "16" : 0.000000,
        "32" : 0.100000,
        "64" : 0.000000,
        ">=64" : 0.000000
      },
      "latency_ns" : {
        "2" : 0.000000,
        "4" : 0.000000,
        "10" : 0.000000,
        "20" : 0.000000,
        "50" : 0.000000,
        "100" : 0.000000,
        "250" : 0.000000,
        "500" : 0.000000,
        "750" : 0.000000,
        "1000" : 0.000000
      },
      "latency_us" : {
        "2" : 0.000000,
        "4" : 0.000000,
        "10" : 0.000000,
        "20" : 0.000000,
        "50" : 0.000000,
        "100" : 0.000000,
        "250" : 0.010000,
        "500" : 0.010000,
        "750" : 0.010000,
        "1000" : 0.010000
      },
      "latency_ms" : {
        "2" : 99.040496,
        "4" : 0.949372,
        "10" : 0.000000,
        "20" : 0.000000,
        "50" : 0.000000,
        "100" : 0.000000,
        "250" : 0.000000,
        "500" : 0.000000,
        "750" : 0.000000,
        "1000" : 0.000000,
        "2000" : 0.000000,
        ">=2000" : 0.000000
      },
      "latency_depth" : 24,
      "latency_target" : 0,
      "latency_percentile" : 100.000000,
      "latency_window" : 0
    }
  ],
  "disk_util" : [
    {
      "name" : "nvme0n1",
      "read_ios" : 1242151,
      "write_ios" : 0,
      "read_merges" : 0,
      "write_merges" : 0,
      "read_ticks" : 2146878,
      "write_ticks" : 0,
      "in_queue" : 0,
      "util" : 99.936639
    }
  ]
}
