{
  "fio version" : "fio-3.16",
  "timestamp" : 1601060997,
  "timestamp_ms" : 1601060997872,
  "time" : "Fri Sep 25 15:09:57 2020",
  "global options" : {
    "unified_rw_reporting" : "1",
    "time_based" : "1",
    "runtime" : "90",
    "directory" : "/media/auto/work/tmp",
    "filename" : "testfile.dat",
    "filesize" : "20GiB",
    "direct" : "1",
    "ioengine" : "libaio"
  },
  "jobs" : [
    {
      "jobname" : "jobname",
      "groupid" : 0,
      "error" : 0,
      "eta" : 0,
      "elapsed" : 91,
      "job options" : {
        "name" : "jobname",
        "iodepth" : "20",
        "bs" : "32k",
        "rw" : "randread"
      },
      "mixed" : {
        "io_bytes" : 92554362880,
        "io_kbytes" : 90385120,
        "bw_bytes" : 1028358957,
        "bw" : 1004256,
        "iops" : 31383.024822,
        "runtime" : 90002,
        "total_ios" : 2824535,
        "short_ios" : 0,
        "drop_ios" : 0,
        "slat_ns" : {
          "min" : 2194,
          "max" : 54061,
          "mean" : 3852.901517,
          "stddev" : 908.365182
        },
        "clat_ns" : {
          "min" : 52829,
          "max" : 2788823,
          "mean" : 632830.382566,
          "stddev" : 272838.363998,
          "percentile" : {
            "1.000000" : 168960,
            "5.000000" : 246784,
            "10.000000" : 305152,
            "20.000000" : 391168,
            "30.000000" : 460800,
            "40.000000" : 528384,
            "50.000000" : 602112,
            "60.000000" : 675840,
            "70.000000" : 757760,
            "80.000000" : 856064,
            "90.000000" : 1003520,
            "95.000000" : 1138688,
            "99.000000" : 1384448,
            "99.500000" : 1482752,
            "99.900000" : 1679360,
            "99.950000" : 1777664,
            "99.990000" : 2007040
          }
        },
        "lat_ns" : {
          "min" : 57889,
          "max" : 2794073,
          "mean" : 636780.546190,
          "stddev" : 272820.891596
        },
        "bw_min" : 984576,
        "bw_max" : 1084096,
        "bw_agg" : 99.997191,
        "bw_mean" : 1004227.788889,
        "bw_dev" : 11868.281137,
        "bw_samples" : 180,
        "iops_min" : 30768,
        "iops_max" : 33878,
        "iops_mean" : 31382.111111,
        "iops_stddev" : 370.886886,
        "iops_samples" : 180
      },
      "job_runtime" : 90001,
      "usr_cpu" : 3.867735,
      "sys_cpu" : 15.838713,
      "ctx" : 2267719,
      "majf" : 0,
      "minf" : 171,
      "iodepth_level" : {
        "1" : 0.100000,
        "2" : 0.100000,
        "4" : 0.100000,
        "8" : 0.100000,
        "16" : 99.999469,
        "32" : 0.000000,
        ">=64" : 0.000000
      },
      "iodepth_submit" : {
        "0" : 0.000000,
        "4" : 100.000000,
        "8" : 0.000000,
        "16" : 0.000000,
        "32" : 0.000000,
        "64" : 0.000000,
        ">=64" : 0.000000
      },
      "iodepth_complete" : {
        "0" : 0.000000,
        "4" : 99.999965,
        "8" : 0.000000,
        "16" : 0.000000,
        "32" : 0.100000,
        "64" : 0.000000,
        ">=64" : 0.000000
      },
      "latency_ns" : {
        "2" : 0.000000,
        "4" : 0.000000,
        "10" : 0.000000,
        "20" : 0.000000,
        "50" : 0.000000,
        "100" : 0.000000,
        "250" : 0.000000,
        "500" : 0.000000,
        "750" : 0.000000,
        "1000" : 0.000000
      },
      "latency_us" : {
        "2" : 0.000000,
        "4" : 0.000000,
        "10" : 0.000000,
        "20" : 0.000000,
        "50" : 0.000000,
        "100" : 0.010000,
        "250" : 5.210026,
        "500" : 30.061585,
        "750" : 34.208463,
        "1000" : 20.353120
      },
      "latency_ms" : {
        "2" : 10.156008,
        "4" : 0.010303,
        "10" : 0.000000,
        "20" : 0.000000,
        "50" : 0.000000,
        "100" : 0.000000,
        "250" : 0.000000,
        "500" : 0.000000,
        "750" : 0.000000,
        "1000" : 0.000000,
        "2000" : 0.000000,
        ">=2000" : 0.000000
      },
      "latency_depth" : 20,
      "latency_target" : 0,
      "latency_percentile" : 100.000000,
      "latency_window" : 0
    }
  ],
  "disk_util" : [
    {
      "name" : "nvme0n1",
      "read_ios" : 2821391,
      "write_ios" : 0,
      "read_merges" : 0,
      "write_merges" : 0,
      "read_ticks" : 1784571,
      "write_ticks" : 0,
      "in_queue" : 0,
      "util" : 99.932193
    }
  ]
}
