{
  "fio version" : "fio-3.16",
  "timestamp" : 1601044630,
  "timestamp_ms" : 1601044630176,
  "time" : "Fri Sep 25 10:37:10 2020",
  "global options" : {
    "unified_rw_reporting" : "1",
    "time_based" : "1",
    "runtime" : "90",
    "directory" : "/media/auto/work/tmp",
    "filename" : "testfile.dat",
    "filesize" : "20GiB",
    "direct" : "1",
    "ioengine" : "libaio"
  },
  "jobs" : [
    {
      "jobname" : "jobname",
      "groupid" : 0,
      "error" : 0,
      "eta" : 0,
      "elapsed" : 91,
      "job options" : {
        "name" : "jobname",
        "iodepth" : "12",
        "bs" : "4k",
        "rw" : "write"
      },
      "mixed" : {
        "io_bytes" : 69382062080,
        "io_kbytes" : 67755920,
        "bw_bytes" : 770903235,
        "bw" : 752835,
        "iops" : 188208.797680,
        "runtime" : 90001,
        "total_ios" : 16938980,
        "short_ios" : 0,
        "drop_ios" : 0,
        "slat_ns" : {
          "min" : 1432,
          "max" : 413777,
          "mean" : 2933.339611,
          "stddev" : 1224.585569
        },
        "clat_ns" : {
          "min" : 9308,
          "max" : 67190252,
          "mean" : 60334.327570,
          "stddev" : 231335.526646,
          "percentile" : {
            "1.000000" : 29824,
            "5.000000" : 32384,
            "10.000000" : 33024,
            "20.000000" : 34560,
            "30.000000" : 35072,
            "40.000000" : 36096,
            "50.000000" : 43264,
            "60.000000" : 48384,
            "70.000000" : 48896,
            "80.000000" : 50432,
            "90.000000" : 63232,
            "95.000000" : 111104,
            "99.000000" : 501760,
            "99.500000" : 708608,
            "99.900000" : 1302528,
            "99.950000" : 1613824,
            "99.990000" : 2056192
          }
        },
        "lat_ns" : {
          "min" : 13035,
          "max" : 67192617,
          "mean" : 63371.090515,
          "stddev" : 231307.279339
        },
        "bw_min" : 600895,
        "bw_max" : 1300480,
        "bw_agg" : 100.000000,
        "bw_mean" : 753290.525140,
        "bw_dev" : 211072.102653,
        "bw_samples" : 179,
        "iops_min" : 150223,
        "iops_max" : 325120,
        "iops_mean" : 188322.670391,
        "iops_stddev" : 52768.075043,
        "iops_samples" : 179
      },
      "job_runtime" : 90000,
      "usr_cpu" : 16.848889,
      "sys_cpu" : 55.158889,
      "ctx" : 397165,
      "majf" : 0,
      "minf" : 12,
      "iodepth_level" : {
        "1" : 0.100000,
        "2" : 0.100000,
        "4" : 0.100000,
        "8" : 99.999835,
        "16" : 0.000000,
        "32" : 0.000000,
        ">=64" : 0.000000
      },
      "iodepth_submit" : {
        "0" : 0.000000,
        "4" : 100.000000,
        "8" : 0.000000,
        "16" : 0.000000,
        "32" : 0.000000,
        "64" : 0.000000,
        ">=64" : 0.000000
      },
      "iodepth_complete" : {
        "0" : 0.000000,
        "4" : 99.999976,
        "8" : 0.000000,
        "16" : 0.100000,
        "32" : 0.000000,
        "64" : 0.000000,
        ">=64" : 0.000000
      },
      "latency_ns" : {
        "2" : 0.000000,
        "4" : 0.000000,
        "10" : 0.000000,
        "20" : 0.000000,
        "50" : 0.000000,
        "100" : 0.000000,
        "250" : 0.000000,
        "500" : 0.000000,
        "750" : 0.000000,
        "1000" : 0.000000
      },
      "latency_us" : {
        "2" : 0.000000,
        "4" : 0.000000,
        "10" : 0.010000,
        "20" : 0.010000,
        "50" : 78.558054,
        "100" : 16.092563,
        "250" : 2.758053,
        "500" : 1.578861,
        "750" : 0.564881,
        "1000" : 0.225385
      },
      "latency_ms" : {
        "2" : 0.209747,
        "4" : 0.010000,
        "10" : 0.010000,
        "20" : 0.010000,
        "50" : 0.010000,
        "100" : 0.010000,
        "250" : 0.000000,
        "500" : 0.000000,
        "750" : 0.000000,
        "1000" : 0.000000,
        "2000" : 0.000000,
        ">=2000" : 0.000000
      },
      "latency_depth" : 12,
      "latency_target" : 0,
      "latency_percentile" : 100.000000,
      "latency_window" : 0
    }
  ],
  "disk_util" : [
    {
      "name" : "nvme0n1",
      "read_ios" : 0,
      "write_ios" : 16922466,
      "read_merges" : 0,
      "write_merges" : 17,
      "read_ticks" : 0,
      "write_ticks" : 528933,
      "in_queue" : 16772,
      "util" : 98.659255
    }
  ]
}
