{
  "fio version" : "fio-3.16",
  "timestamp" : 1601066078,
  "timestamp_ms" : 1601066078653,
  "time" : "Fri Sep 25 16:34:38 2020",
  "global options" : {
    "unified_rw_reporting" : "1",
    "time_based" : "1",
    "runtime" : "90",
    "directory" : "/media/auto/work/tmp",
    "filename" : "testfile.dat",
    "filesize" : "20GiB",
    "direct" : "1",
    "ioengine" : "libaio"
  },
  "jobs" : [
    {
      "jobname" : "jobname",
      "groupid" : 0,
      "error" : 0,
      "eta" : 0,
      "elapsed" : 91,
      "job options" : {
        "name" : "jobname",
        "iodepth" : "28",
        "bs" : "8k",
        "rw" : "read"
      },
      "mixed" : {
        "io_bytes" : 184156807168,
        "io_kbytes" : 179840632,
        "bw_bytes" : 2046164011,
        "bw" : 1998207,
        "iops" : 249775.880268,
        "runtime" : 90001,
        "total_ios" : 22480079,
        "short_ios" : 0,
        "drop_ios" : 0,
        "slat_ns" : {
          "min" : 1302,
          "max" : 239118,
          "mean" : 2307.084945,
          "stddev" : 1040.813054
        },
        "clat_ns" : {
          "min" : 12613,
          "max" : 645632,
          "mean" : 109367.019327,
          "stddev" : 54898.827736,
          "percentile" : {
            "1.000000" : 57088,
            "5.000000" : 62720,
            "10.000000" : 69120,
            "20.000000" : 76288,
            "30.000000" : 79360,
            "40.000000" : 81408,
            "50.000000" : 86528,
            "60.000000" : 91648,
            "70.000000" : 102912,
            "80.000000" : 140288,
            "90.000000" : 205824,
            "95.000000" : 240640,
            "99.000000" : 284672,
            "99.500000" : 296960,
            "99.900000" : 337920,
            "99.950000" : 354304,
            "99.990000" : 403456
          }
        },
        "lat_ns" : {
          "min" : 14146,
          "max" : 647265,
          "mean" : 111757.540845,
          "stddev" : 54737.587702
        },
        "bw_min" : 1940448,
        "bw_max" : 2041920,
        "bw_agg" : 99.995635,
        "bw_mean" : 1998119.770950,
        "bw_dev" : 19896.449305,
        "bw_samples" : 179,
        "iops_min" : 242554,
        "iops_max" : 255240,
        "iops_mean" : 249764.960894,
        "iops_stddev" : 2487.029410,
        "iops_samples" : 179
      },
      "job_runtime" : 90000,
      "usr_cpu" : 19.404444,
      "sys_cpu" : 58.394444,
      "ctx" : 671723,
      "majf" : 0,
      "minf" : 67,
      "iodepth_level" : {
        "1" : 0.100000,
        "2" : 0.100000,
        "4" : 0.100000,
        "8" : 0.100000,
        "16" : 99.999333,
        "32" : 0.000000,
        ">=64" : 0.000000
      },
      "iodepth_submit" : {
        "0" : 0.000000,
        "4" : 100.000000,
        "8" : 0.000000,
        "16" : 0.000000,
        "32" : 0.000000,
        "64" : 0.000000,
        ">=64" : 0.000000
      },
      "iodepth_complete" : {
        "0" : 0.000000,
        "4" : 99.999956,
        "8" : 0.000000,
        "16" : 0.000000,
        "32" : 0.100000,
        "64" : 0.000000,
        ">=64" : 0.000000
      },
      "latency_ns" : {
        "2" : 0.000000,
        "4" : 0.000000,
        "10" : 0.000000,
        "20" : 0.000000,
        "50" : 0.000000,
        "100" : 0.000000,
        "250" : 0.000000,
        "500" : 0.000000,
        "750" : 0.000000,
        "1000" : 0.000000
      },
      "latency_us" : {
        "2" : 0.000000,
        "4" : 0.000000,
        "10" : 0.000000,
        "20" : 0.010000,
        "50" : 0.012958,
        "100" : 68.372745,
        "250" : 27.743217,
        "500" : 3.870698,
        "750" : 0.010000,
        "1000" : 0.000000
      },
      "latency_ms" : {
        "2" : 0.000000,
        "4" : 0.000000,
        "10" : 0.000000,
        "20" : 0.000000,
        "50" : 0.000000,
        "100" : 0.000000,
        "250" : 0.000000,
        "500" : 0.000000,
        "750" : 0.000000,
        "1000" : 0.000000,
        "2000" : 0.000000,
        ">=2000" : 0.000000
      },
      "latency_depth" : 28,
      "latency_target" : 0,
      "latency_percentile" : 100.000000,
      "latency_window" : 0
    }
  ],
  "disk_util" : [
    {
      "name" : "nvme0n1",
      "read_ios" : 22456188,
      "write_ios" : 0,
      "read_merges" : 0,
      "write_merges" : 0,
      "read_ticks" : 1343662,
      "write_ticks" : 0,
      "in_queue" : 0,
      "util" : 99.976656
    }
  ]
}
