{
  "fio version" : "fio-3.16",
  "timestamp" : 1601061991,
  "timestamp_ms" : 1601061991911,
  "time" : "Fri Sep 25 15:26:31 2020",
  "global options" : {
    "unified_rw_reporting" : "1",
    "time_based" : "1",
    "runtime" : "90",
    "directory" : "/media/auto/work/tmp",
    "filename" : "testfile.dat",
    "filesize" : "20GiB",
    "direct" : "1",
    "ioengine" : "libaio"
  },
  "jobs" : [
    {
      "jobname" : "jobname",
      "groupid" : 0,
      "error" : 0,
      "eta" : 0,
      "elapsed" : 91,
      "job options" : {
        "name" : "jobname",
        "iodepth" : "12",
        "bs" : "256k",
        "rw" : "randread"
      },
      "mixed" : {
        "io_bytes" : 108240568320,
        "io_kbytes" : 105703680,
        "bw_bytes" : 1202632893,
        "bw" : 1174446,
        "iops" : 4587.680411,
        "runtime" : 90003,
        "total_ios" : 412905,
        "short_ios" : 0,
        "drop_ios" : 0,
        "slat_ns" : {
          "min" : 6944,
          "max" : 107402,
          "mean" : 13760.538109,
          "stddev" : 1895.962013
        },
        "clat_ns" : {
          "min" : 373591,
          "max" : 5698915,
          "mean" : 2601105.530202,
          "stddev" : 370850.442329,
          "percentile" : {
            "1.000000" : 1236992,
            "5.000000" : 2088960,
            "10.000000" : 2211840,
            "20.000000" : 2342912,
            "30.000000" : 2441216,
            "40.000000" : 2506752,
            "50.000000" : 2605056,
            "60.000000" : 2670592,
            "70.000000" : 2768896,
            "80.000000" : 2867200,
            "90.000000" : 3031040,
            "95.000000" : 3162112,
            "99.000000" : 3457024,
            "99.500000" : 3588096,
            "99.900000" : 3883008,
            "99.950000" : 4046848,
            "99.990000" : 4489216
          }
        },
        "lat_ns" : {
          "min" : 387016,
          "max" : 5712210,
          "mean" : 2614992.738930,
          "stddev" : 370828.359004
        },
        "bw_min" : 1067008,
        "bw_max" : 1581056,
        "bw_agg" : 99.994072,
        "bw_mean" : 1174376.383333,
        "bw_dev" : 46465.687199,
        "bw_samples" : 180,
        "iops_min" : 4168,
        "iops_max" : 6176,
        "iops_mean" : 4587.377778,
        "iops_stddev" : 181.514459,
        "iops_samples" : 180
      },
      "job_runtime" : 90002,
      "usr_cpu" : 0.765539,
      "sys_cpu" : 7.155397,
      "ctx" : 395905,
      "majf" : 0,
      "minf" : 778,
      "iodepth_level" : {
        "1" : 0.100000,
        "2" : 0.100000,
        "4" : 0.100000,
        "8" : 99.998305,
        "16" : 0.000000,
        "32" : 0.000000,
        ">=64" : 0.000000
      },
      "iodepth_submit" : {
        "0" : 0.000000,
        "4" : 100.000000,
        "8" : 0.000000,
        "16" : 0.000000,
        "32" : 0.000000,
        "64" : 0.000000,
        ">=64" : 0.000000
      },
      "iodepth_complete" : {
        "0" : 0.000000,
        "4" : 99.999758,
        "8" : 0.000000,
        "16" : 0.100000,
        "32" : 0.000000,
        "64" : 0.000000,
        ">=64" : 0.000000
      },
      "latency_ns" : {
        "2" : 0.000000,
        "4" : 0.000000,
        "10" : 0.000000,
        "20" : 0.000000,
        "50" : 0.000000,
        "100" : 0.000000,
        "250" : 0.000000,
        "500" : 0.000000,
        "750" : 0.000000,
        "1000" : 0.000000
      },
      "latency_us" : {
        "2" : 0.000000,
        "4" : 0.000000,
        "10" : 0.000000,
        "20" : 0.000000,
        "50" : 0.000000,
        "100" : 0.000000,
        "250" : 0.000000,
        "500" : 0.010000,
        "750" : 0.284569,
        "1000" : 0.556544
      },
      "latency_ms" : {
        "2" : 2.085710,
        "4" : 97.011903,
        "10" : 0.060547,
        "20" : 0.000000,
        "50" : 0.000000,
        "100" : 0.000000,
        "250" : 0.000000,
        "500" : 0.000000,
        "750" : 0.000000,
        "1000" : 0.000000,
        "2000" : 0.000000,
        ">=2000" : 0.000000
      },
      "latency_depth" : 12,
      "latency_target" : 0,
      "latency_percentile" : 100.000000,
      "latency_window" : 0
    }
  ],
  "disk_util" : [
    {
      "name" : "nvme0n1",
      "read_ios" : 412437,
      "write_ios" : 0,
      "read_merges" : 0,
      "write_merges" : 0,
      "read_ticks" : 1074167,
      "write_ticks" : 0,
      "in_queue" : 1020,
      "util" : 99.931082
    }
  ]
}
