{
  "fio version" : "fio-3.16",
  "timestamp" : 1600548188,
  "timestamp_ms" : 1600548188230,
  "time" : "Sat Sep 19 16:43:08 2020",
  "global options" : {
    "unified_rw_reporting" : "1",
    "time_based" : "1",
    "runtime" : "90",
    "directory" : "/media/auto/work/tmp",
    "filename" : "testfile.dat",
    "filesize" : "20GiB",
    "direct" : "1",
    "ioengine" : "libaio"
  },
  "jobs" : [
    {
      "jobname" : "jobname",
      "groupid" : 0,
      "error" : 0,
      "eta" : 0,
      "elapsed" : 91,
      "job options" : {
        "name" : "jobname",
        "iodepth" : "16",
        "bs" : "8k",
        "rw" : "write"
      },
      "mixed" : {
        "io_bytes" : 67707912192,
        "io_kbytes" : 66121008,
        "bw_bytes" : 752301776,
        "bw" : 734669,
        "iops" : 91833.712959,
        "runtime" : 90001,
        "total_ios" : 8265126,
        "short_ios" : 0,
        "drop_ios" : 0,
        "slat_ns" : {
          "min" : 1693,
          "max" : 227567,
          "mean" : 3681.143693,
          "stddev" : 1430.323178
        },
        "clat_ns" : {
          "min" : 11872,
          "max" : 65761425,
          "mean" : 169978.184239,
          "stddev" : 409573.099963,
          "percentile" : {
            "1.000000" : 47360,
            "5.000000" : 48896,
            "10.000000" : 50432,
            "20.000000" : 59648,
            "30.000000" : 70144,
            "40.000000" : 74240,
            "50.000000" : 79360,
            "60.000000" : 87552,
            "70.000000" : 102912,
            "80.000000" : 160768,
            "90.000000" : 378880,
            "95.000000" : 659456,
            "99.000000" : 1433600,
            "99.500000" : 1662976,
            "99.900000" : 2113536,
            "99.950000" : 2375680,
            "99.990000" : 5210112
          }
        },
        "lat_ns" : {
          "min" : 16000,
          "max" : 65764230,
          "mean" : 173778.647771,
          "stddev" : 409508.462108
        },
        "bw_min" : 442415,
        "bw_max" : 2289392,
        "bw_agg" : 100.000000,
        "bw_mean" : 736355.944134,
        "bw_dev" : 393189.822331,
        "bw_samples" : 179,
        "iops_min" : 55301,
        "iops_max" : 286174,
        "iops_mean" : 92044.491620,
        "iops_stddev" : 49148.722718,
        "iops_samples" : 179
      },
      "job_runtime" : 90000,
      "usr_cpu" : 10.222222,
      "sys_cpu" : 33.992222,
      "ctx" : 516060,
      "majf" : 0,
      "minf" : 12,
      "iodepth_level" : {
        "1" : 0.100000,
        "2" : 0.100000,
        "4" : 0.100000,
        "8" : 0.100000,
        "16" : 99.999274,
        "32" : 0.000000,
        ">=64" : 0.000000
      },
      "iodepth_submit" : {
        "0" : 0.000000,
        "4" : 100.000000,
        "8" : 0.000000,
        "16" : 0.000000,
        "32" : 0.000000,
        "64" : 0.000000,
        ">=64" : 0.000000
      },
      "iodepth_complete" : {
        "0" : 0.000000,
        "4" : 99.999952,
        "8" : 0.000000,
        "16" : 0.100000,
        "32" : 0.000000,
        "64" : 0.000000,
        ">=64" : 0.000000
      },
      "latency_ns" : {
        "2" : 0.000000,
        "4" : 0.000000,
        "10" : 0.000000,
        "20" : 0.000000,
        "50" : 0.000000,
        "100" : 0.000000,
        "250" : 0.000000,
        "500" : 0.000000,
        "750" : 0.000000,
        "1000" : 0.000000
      },
      "latency_us" : {
        "2" : 0.000000,
        "4" : 0.000000,
        "10" : 0.000000,
        "20" : 0.010000,
        "50" : 8.864523,
        "100" : 60.228555,
        "250" : 16.449937,
        "500" : 7.266810,
        "750" : 3.007625,
        "1000" : 1.552209
      },
      "latency_ms" : {
        "2" : 2.469424,
        "4" : 0.148249,
        "10" : 0.010000,
        "20" : 0.010000,
        "50" : 0.010000,
        "100" : 0.010000,
        "250" : 0.000000,
        "500" : 0.000000,
        "750" : 0.000000,
        "1000" : 0.000000,
        "2000" : 0.000000,
        ">=2000" : 0.000000
      },
      "latency_depth" : 16,
      "latency_target" : 0,
      "latency_percentile" : 100.000000,
      "latency_window" : 0
    }
  ],
  "disk_util" : [
    {
      "name" : "nvme0n1",
      "read_ios" : 0,
      "write_ios" : 8256654,
      "read_merges" : 0,
      "write_merges" : 17,
      "read_ticks" : 0,
      "write_ticks" : 1145457,
      "in_queue" : 22424,
      "util" : 98.731673
    }
  ]
}
