{
  "fio version" : "fio-3.16",
  "timestamp" : 1601083190,
  "timestamp_ms" : 1601083190838,
  "time" : "Fri Sep 25 21:19:50 2020",
  "global options" : {
    "unified_rw_reporting" : "1",
    "time_based" : "1",
    "runtime" : "90",
    "directory" : "/media/auto/work/tmp",
    "filename" : "testfile.dat",
    "filesize" : "20GiB",
    "direct" : "1",
    "ioengine" : "libaio"
  },
  "jobs" : [
    {
      "jobname" : "jobname",
      "groupid" : 0,
      "error" : 0,
      "eta" : 0,
      "elapsed" : 91,
      "job options" : {
        "name" : "jobname",
        "iodepth" : "32",
        "bs" : "512k",
        "rw" : "randread"
      },
      "mixed" : {
        "io_bytes" : 109113769984,
        "io_kbytes" : 106556416,
        "bw_bytes" : 1212173193,
        "bw" : 1183762,
        "iops" : 2312.036883,
        "runtime" : 90015,
        "total_ios" : 208118,
        "short_ios" : 0,
        "drop_ios" : 0,
        "slat_ns" : {
          "min" : 12052,
          "max" : 184116,
          "mean" : 24118.618899,
          "stddev" : 3390.233111
        },
        "clat_ns" : {
          "min" : 3509647,
          "max" : 27943440,
          "mean" : 13815006.720346,
          "stddev" : 1063685.678704,
          "percentile" : {
            "1.000000" : 8290304,
            "5.000000" : 13172736,
            "10.000000" : 13434880,
            "20.000000" : 13565952,
            "30.000000" : 13697024,
            "40.000000" : 13828096,
            "50.000000" : 13959168,
            "60.000000" : 14090240,
            "70.000000" : 14221312,
            "80.000000" : 14352384,
            "90.000000" : 14483456,
            "95.000000" : 14614528,
            "99.000000" : 15007744,
            "99.500000" : 15138816,
            "99.900000" : 15400960,
            "99.950000" : 15532032,
            "99.990000" : 18481152
          }
        },
        "lat_ns" : {
          "min" : 3664297,
          "max" : 27967004,
          "mean" : 13839271.970526,
          "stddev" : 1063612.014225
        },
        "bw_min" : 1160192,
        "bw_max" : 1604608,
        "bw_agg" : 99.996961,
        "bw_mean" : 1183726.022222,
        "bw_dev" : 59532.568761,
        "bw_samples" : 180,
        "iops_min" : 2266,
        "iops_max" : 3134,
        "iops_mean" : 2311.955556,
        "iops_stddev" : 116.276391,
        "iops_samples" : 180
      },
      "job_runtime" : 90014,
      "usr_cpu" : 0.403271,
      "sys_cpu" : 6.179039,
      "ctx" : 204202,
      "majf" : 0,
      "minf" : 4108,
      "iodepth_level" : {
        "1" : 0.100000,
        "2" : 0.100000,
        "4" : 0.100000,
        "8" : 0.100000,
        "16" : 0.100000,
        "32" : 99.985105,
        ">=64" : 0.000000
      },
      "iodepth_submit" : {
        "0" : 0.000000,
        "4" : 100.000000,
        "8" : 0.000000,
        "16" : 0.000000,
        "32" : 0.000000,
        "64" : 0.000000,
        ">=64" : 0.000000
      },
      "iodepth_complete" : {
        "0" : 0.000000,
        "4" : 99.999519,
        "8" : 0.000000,
        "16" : 0.000000,
        "32" : 0.100000,
        "64" : 0.000000,
        ">=64" : 0.000000
      },
      "latency_ns" : {
        "2" : 0.000000,
        "4" : 0.000000,
        "10" : 0.000000,
        "20" : 0.000000,
        "50" : 0.000000,
        "100" : 0.000000,
        "250" : 0.000000,
        "500" : 0.000000,
        "750" : 0.000000,
        "1000" : 0.000000
      },
      "latency_us" : {
        "2" : 0.000000,
        "4" : 0.000000,
        "10" : 0.000000,
        "20" : 0.000000,
        "50" : 0.000000,
        "100" : 0.000000,
        "250" : 0.000000,
        "500" : 0.000000,
        "750" : 0.000000,
        "1000" : 0.000000
      },
      "latency_ms" : {
        "2" : 0.000000,
        "4" : 0.010000,
        "10" : 2.179052,
        "20" : 97.808935,
        "50" : 0.010000,
        "100" : 0.000000,
        "250" : 0.000000,
        "500" : 0.000000,
        "750" : 0.000000,
        "1000" : 0.000000,
        "2000" : 0.000000,
        ">=2000" : 0.000000
      },
      "latency_depth" : 32,
      "latency_target" : 0,
      "latency_percentile" : 100.000000,
      "latency_window" : 0
    }
  ],
  "disk_util" : [
    {
      "name" : "nvme0n1",
      "read_ios" : 207859,
      "write_ios" : 0,
      "read_merges" : 0,
      "write_merges" : 0,
      "read_ticks" : 2872618,
      "write_ticks" : 0,
      "in_queue" : 2462748,
      "util" : 99.931082
    }
  ]
}
