{
  "fio version" : "fio-3.16",
  "timestamp" : 1601044891,
  "timestamp_ms" : 1601044891128,
  "time" : "Fri Sep 25 10:41:31 2020",
  "global options" : {
    "unified_rw_reporting" : "1",
    "time_based" : "1",
    "runtime" : "90",
    "directory" : "/media/auto/work/tmp",
    "filename" : "testfile.dat",
    "filesize" : "20GiB",
    "direct" : "1",
    "ioengine" : "libaio"
  },
  "jobs" : [
    {
      "jobname" : "jobname",
      "groupid" : 0,
      "error" : 0,
      "eta" : 0,
      "elapsed" : 91,
      "job options" : {
        "name" : "jobname",
        "iodepth" : "24",
        "bs" : "4k",
        "rw" : "write"
      },
      "mixed" : {
        "io_bytes" : 69309390848,
        "io_kbytes" : 67684952,
        "bw_bytes" : 769625464,
        "bw" : 751587,
        "iops" : 187896.841965,
        "runtime" : 90056,
        "total_ios" : 16921238,
        "short_ios" : 0,
        "drop_ios" : 0,
        "slat_ns" : {
          "min" : 1442,
          "max" : 323828,
          "mean" : 2909.521174,
          "stddev" : 1231.039500
        },
        "clat_ns" : {
          "min" : 9709,
          "max" : 65152117,
          "mean" : 124334.626977,
          "stddev" : 336863.832578,
          "percentile" : {
            "1.000000" : 58624,
            "5.000000" : 67072,
            "10.000000" : 68096,
            "20.000000" : 72192,
            "30.000000" : 73216,
            "40.000000" : 78336,
            "50.000000" : 94720,
            "60.000000" : 100864,
            "70.000000" : 102912,
            "80.000000" : 112128,
            "90.000000" : 166912,
            "95.000000" : 321536,
            "99.000000" : 757760,
            "99.500000" : 978944,
            "99.900000" : 1581056,
            "99.950000" : 1843200,
            "99.990000" : 2637824
          }
        },
        "lat_ns" : {
          "min" : 12454,
          "max" : 65154401,
          "mean" : 127342.512609,
          "stddev" : 336820.680175
        },
        "bw_min" : 620927,
        "bw_max" : 1304408,
        "bw_agg" : 100.000000,
        "bw_mean" : 752024.150000,
        "bw_dev" : 211555.016871,
        "bw_samples" : 180,
        "iops_min" : 155231,
        "iops_max" : 326102,
        "iops_mean" : 188006.066667,
        "iops_stddev" : 52888.809227,
        "iops_samples" : 180
      },
      "job_runtime" : 90055,
      "usr_cpu" : 17.009605,
      "sys_cpu" : 54.330132,
      "ctx" : 359501,
      "majf" : 0,
      "minf" : 11,
      "iodepth_level" : {
        "1" : 0.100000,
        "2" : 0.100000,
        "4" : 0.100000,
        "8" : 0.100000,
        "16" : 99.999645,
        "32" : 0.000000,
        ">=64" : 0.000000
      },
      "iodepth_submit" : {
        "0" : 0.000000,
        "4" : 100.000000,
        "8" : 0.000000,
        "16" : 0.000000,
        "32" : 0.000000,
        "64" : 0.000000,
        ">=64" : 0.000000
      },
      "iodepth_complete" : {
        "0" : 0.000000,
        "4" : 99.999976,
        "8" : 0.000000,
        "16" : 0.000000,
        "32" : 0.100000,
        "64" : 0.000000,
        ">=64" : 0.000000
      },
      "latency_ns" : {
        "2" : 0.000000,
        "4" : 0.000000,
        "10" : 0.000000,
        "20" : 0.000000,
        "50" : 0.000000,
        "100" : 0.000000,
        "250" : 0.000000,
        "500" : 0.000000,
        "750" : 0.000000,
        "1000" : 0.000000
      },
      "latency_us" : {
        "2" : 0.000000,
        "4" : 0.000000,
        "10" : 0.010000,
        "20" : 0.010000,
        "50" : 0.010000,
        "100" : 54.145388,
        "250" : 39.139418,
        "500" : 4.229761,
        "750" : 1.466577,
        "1000" : 0.547696
      },
      "latency_ms" : {
        "2" : 0.444241,
        "4" : 0.019437,
        "10" : 0.010000,
        "20" : 0.010000,
        "50" : 0.010000,
        "100" : 0.010000,
        "250" : 0.000000,
        "500" : 0.000000,
        "750" : 0.000000,
        "1000" : 0.000000,
        "2000" : 0.000000,
        ">=2000" : 0.000000
      },
      "latency_depth" : 24,
      "latency_target" : 0,
      "latency_percentile" : 100.000000,
      "latency_window" : 0
    }
  ],
  "disk_util" : [
    {
      "name" : "nvme0n1",
      "read_ios" : 0,
      "write_ios" : 16904619,
      "read_merges" : 0,
      "write_merges" : 17,
      "read_ticks" : 0,
      "write_ticks" : 1014630,
      "in_queue" : 33664,
      "util" : 98.585005
    }
  ]
}
