{
  "fio version" : "fio-3.16",
  "timestamp" : 1601082467,
  "timestamp_ms" : 1601082467123,
  "time" : "Fri Sep 25 21:07:47 2020",
  "global options" : {
    "unified_rw_reporting" : "1",
    "time_based" : "1",
    "runtime" : "90",
    "directory" : "/media/auto/work/tmp",
    "filename" : "testfile.dat",
    "filesize" : "20GiB",
    "direct" : "1",
    "ioengine" : "libaio"
  },
  "jobs" : [
    {
      "jobname" : "jobname",
      "groupid" : 0,
      "error" : 0,
      "eta" : 0,
      "elapsed" : 91,
      "job options" : {
        "name" : "jobname",
        "iodepth" : "4",
        "bs" : "512k",
        "rw" : "randread"
      },
      "mixed" : {
        "io_bytes" : 108159565824,
        "io_kbytes" : 105624576,
        "bw_bytes" : 1201746248,
        "bw" : 1173580,
        "iops" : 2292.149063,
        "runtime" : 90002,
        "total_ios" : 206298,
        "short_ios" : 0,
        "drop_ios" : 0,
        "slat_ns" : {
          "min" : 10740,
          "max" : 153158,
          "mean" : 23270.845132,
          "stddev" : 3305.053822
        },
        "clat_ns" : {
          "min" : 279885,
          "max" : 3169177,
          "mean" : 1720909.566006,
          "stddev" : 294621.541713,
          "percentile" : {
            "1.000000" : 552960,
            "5.000000" : 1302528,
            "10.000000" : 1400832,
            "20.000000" : 1515520,
            "30.000000" : 1597440,
            "40.000000" : 1662976,
            "50.000000" : 1728512,
            "60.000000" : 1794048,
            "70.000000" : 1859584,
            "80.000000" : 1941504,
            "90.000000" : 2072576,
            "95.000000" : 2179072,
            "99.000000" : 2375680,
            "99.500000" : 2441216,
            "99.900000" : 2605056,
            "99.950000" : 2670592,
            "99.990000" : 2834432
          }
        },
        "lat_ns" : {
          "min" : 304161,
          "max" : 3199494,
          "mean" : 1744312.375214,
          "stddev" : 294497.159475
        },
        "bw_min" : 1149952,
        "bw_max" : 1582080,
        "bw_agg" : 99.993726,
        "bw_mean" : 1173506.372222,
        "bw_dev" : 53297.707212,
        "bw_samples" : 180,
        "iops_min" : 2246,
        "iops_max" : 3090,
        "iops_mean" : 2291.988889,
        "iops_stddev" : 104.101529,
        "iops_samples" : 180
      },
      "job_runtime" : 90001,
      "usr_cpu" : 0.331107,
      "sys_cpu" : 5.909934,
      "ctx" : 202479,
      "majf" : 0,
      "minf" : 524,
      "iodepth_level" : {
        "1" : 0.100000,
        "2" : 0.100000,
        "4" : 99.998546,
        "8" : 0.000000,
        "16" : 0.000000,
        "32" : 0.000000,
        ">=64" : 0.000000
      },
      "iodepth_submit" : {
        "0" : 0.000000,
        "4" : 100.000000,
        "8" : 0.000000,
        "16" : 0.000000,
        "32" : 0.000000,
        "64" : 0.000000,
        ">=64" : 0.000000
      },
      "iodepth_complete" : {
        "0" : 0.000000,
        "4" : 100.000000,
        "8" : 0.000000,
        "16" : 0.000000,
        "32" : 0.000000,
        "64" : 0.000000,
        ">=64" : 0.000000
      },
      "latency_ns" : {
        "2" : 0.000000,
        "4" : 0.000000,
        "10" : 0.000000,
        "20" : 0.000000,
        "50" : 0.000000,
        "100" : 0.000000,
        "250" : 0.000000,
        "500" : 0.000000,
        "750" : 0.000000,
        "1000" : 0.000000
      },
      "latency_us" : {
        "2" : 0.000000,
        "4" : 0.000000,
        "10" : 0.000000,
        "20" : 0.000000,
        "50" : 0.000000,
        "100" : 0.000000,
        "250" : 0.000000,
        "500" : 0.553083,
        "750" : 0.958807,
        "1000" : 0.195348
      },
      "latency_ms" : {
        "2" : 83.315398,
        "4" : 14.977363,
        "10" : 0.000000,
        "20" : 0.000000,
        "50" : 0.000000,
        "100" : 0.000000,
        "250" : 0.000000,
        "500" : 0.000000,
        "750" : 0.000000,
        "1000" : 0.000000,
        "2000" : 0.000000,
        ">=2000" : 0.000000
      },
      "latency_depth" : 4,
      "latency_target" : 0,
      "latency_percentile" : 100.000000,
      "latency_window" : 0
    }
  ],
  "disk_util" : [
    {
      "name" : "nvme0n1",
      "read_ios" : 206066,
      "write_ios" : 0,
      "read_merges" : 0,
      "write_merges" : 0,
      "read_ticks" : 355944,
      "write_ticks" : 0,
      "in_queue" : 0,
      "util" : 99.935528
    }
  ]
}
