{
  "fio version" : "fio-3.16",
  "timestamp" : 1601067956,
  "timestamp_ms" : 1601067956322,
  "time" : "Fri Sep 25 17:05:56 2020",
  "global options" : {
    "unified_rw_reporting" : "1",
    "time_based" : "1",
    "runtime" : "90",
    "directory" : "/media/auto/work/tmp",
    "filename" : "testfile.dat",
    "filesize" : "20GiB",
    "direct" : "1",
    "ioengine" : "libaio"
  },
  "jobs" : [
    {
      "jobname" : "jobname",
      "groupid" : 0,
      "error" : 0,
      "eta" : 0,
      "elapsed" : 91,
      "job options" : {
        "name" : "jobname",
        "iodepth" : "8",
        "bs" : "32k",
        "rw" : "read"
      },
      "mixed" : {
        "io_bytes" : 227378561024,
        "io_kbytes" : 222049376,
        "bw_bytes" : 2526400384,
        "bw" : 2467187,
        "iops" : 77099.621115,
        "runtime" : 90001,
        "total_ios" : 6939043,
        "short_ios" : 0,
        "drop_ios" : 0,
        "slat_ns" : {
          "min" : 1994,
          "max" : 237837,
          "mean" : 4007.916972,
          "stddev" : 1491.473210
        },
        "clat_ns" : {
          "min" : 19596,
          "max" : 642496,
          "mean" : 99197.273383,
          "stddev" : 58401.169256,
          "percentile" : {
            "1.000000" : 44800,
            "5.000000" : 52992,
            "10.000000" : 56064,
            "20.000000" : 63232,
            "30.000000" : 68096,
            "40.000000" : 69120,
            "50.000000" : 69120,
            "60.000000" : 72192,
            "70.000000" : 96768,
            "80.000000" : 138240,
            "90.000000" : 201728,
            "95.000000" : 232448,
            "99.000000" : 276480,
            "99.500000" : 292864,
            "99.900000" : 333824,
            "99.950000" : 354304,
            "99.990000" : 399360
          }
        },
        "lat_ns" : {
          "min" : 22873,
          "max" : 649499,
          "mean" : 103322.203365,
          "stddev" : 58252.523594
        },
        "bw_min" : 2451968,
        "bw_max" : 2479104,
        "bw_agg" : 99.993965,
        "bw_mean" : 2467038.111732,
        "bw_dev" : 5127.996822,
        "bw_samples" : 179,
        "iops_min" : 76624,
        "iops_max" : 77472,
        "iops_mean" : 77094.938547,
        "iops_stddev" : 160.293907,
        "iops_samples" : 179
      },
      "job_runtime" : 90000,
      "usr_cpu" : 9.362222,
      "sys_cpu" : 38.617778,
      "ctx" : 4810662,
      "majf" : 0,
      "minf" : 75,
      "iodepth_level" : {
        "1" : 0.100000,
        "2" : 0.100000,
        "4" : 0.100000,
        "8" : 99.998789,
        "16" : 0.000000,
        "32" : 0.000000,
        ">=64" : 0.000000
      },
      "iodepth_submit" : {
        "0" : 0.000000,
        "4" : 100.000000,
        "8" : 0.000000,
        "16" : 0.000000,
        "32" : 0.000000,
        "64" : 0.000000,
        ">=64" : 0.000000
      },
      "iodepth_complete" : {
        "0" : 0.000000,
        "4" : 99.999827,
        "8" : 0.100000,
        "16" : 0.000000,
        "32" : 0.000000,
        "64" : 0.000000,
        ">=64" : 0.000000
      },
      "latency_ns" : {
        "2" : 0.000000,
        "4" : 0.000000,
        "10" : 0.000000,
        "20" : 0.000000,
        "50" : 0.000000,
        "100" : 0.000000,
        "250" : 0.000000,
        "500" : 0.000000,
        "750" : 0.000000,
        "1000" : 0.000000
      },
      "latency_us" : {
        "2" : 0.000000,
        "4" : 0.000000,
        "10" : 0.000000,
        "20" : 0.010000,
        "50" : 2.332512,
        "100" : 68.641958,
        "250" : 26.271043,
        "500" : 2.753910,
        "750" : 0.010000,
        "1000" : 0.000000
      },
      "latency_ms" : {
        "2" : 0.000000,
        "4" : 0.000000,
        "10" : 0.000000,
        "20" : 0.000000,
        "50" : 0.000000,
        "100" : 0.000000,
        "250" : 0.000000,
        "500" : 0.000000,
        "750" : 0.000000,
        "1000" : 0.000000,
        "2000" : 0.000000,
        ">=2000" : 0.000000
      },
      "latency_depth" : 8,
      "latency_target" : 0,
      "latency_percentile" : 100.000000,
      "latency_window" : 0
    }
  ],
  "disk_util" : [
    {
      "name" : "nvme0n1",
      "read_ios" : 6931276,
      "write_ios" : 0,
      "read_merges" : 0,
      "write_merges" : 0,
      "read_ticks" : 679484,
      "write_ticks" : 0,
      "in_queue" : 0,
      "util" : 99.944421
    }
  ]
}
