{
  "fio version" : "fio-3.16",
  "timestamp" : 1601068287,
  "timestamp_ms" : 1601068287682,
  "time" : "Fri Sep 25 17:11:27 2020",
  "global options" : {
    "unified_rw_reporting" : "1",
    "time_based" : "1",
    "runtime" : "90",
    "directory" : "/media/auto/work/tmp",
    "filename" : "testfile.dat",
    "filesize" : "20GiB",
    "direct" : "1",
    "ioengine" : "libaio"
  },
  "jobs" : [
    {
      "jobname" : "jobname",
      "groupid" : 0,
      "error" : 0,
      "eta" : 0,
      "elapsed" : 91,
      "job options" : {
        "name" : "jobname",
        "iodepth" : "20",
        "bs" : "32k",
        "rw" : "read"
      },
      "mixed" : {
        "io_bytes" : 259191439360,
        "io_kbytes" : 253116640,
        "bw_bytes" : 2879872883,
        "bw" : 2812375,
        "iops" : 87886.745703,
        "runtime" : 90001,
        "total_ios" : 7909895,
        "short_ios" : 0,
        "drop_ios" : 0,
        "slat_ns" : {
          "min" : 2024,
          "max" : 66194,
          "mean" : 4117.840907,
          "stddev" : 1616.120449
        },
        "clat_ns" : {
          "min" : 74279,
          "max" : 917442,
          "mean" : 222894.079423,
          "stddev" : 82247.539806,
          "percentile" : {
            "1.000000" : 124416,
            "5.000000" : 138240,
            "10.000000" : 144384,
            "20.000000" : 154624,
            "30.000000" : 162816,
            "40.000000" : 171008,
            "50.000000" : 185344,
            "60.000000" : 220160,
            "70.000000" : 272384,
            "80.000000" : 301056,
            "90.000000" : 337920,
            "95.000000" : 370688,
            "99.000000" : 464896,
            "99.500000" : 505856,
            "99.900000" : 569344,
            "99.950000" : 593920,
            "99.990000" : 651264
          }
        },
        "lat_ns" : {
          "min" : 78167,
          "max" : 924646,
          "mean" : 227126.320825,
          "stddev" : 82055.809782
        },
        "bw_min" : 2792768,
        "bw_max" : 2829952,
        "bw_agg" : 99.987724,
        "bw_mean" : 2812029.754190,
        "bw_dev" : 7997.023226,
        "bw_samples" : 179,
        "iops_min" : 87274,
        "iops_max" : 88436,
        "iops_mean" : 87875.927374,
        "iops_stddev" : 249.921629,
        "iops_samples" : 179
      },
      "job_runtime" : 90000,
      "usr_cpu" : 10.035556,
      "sys_cpu" : 43.091111,
      "ctx" : 3885843,
      "majf" : 0,
      "minf" : 173,
      "iodepth_level" : {
        "1" : 0.100000,
        "2" : 0.100000,
        "4" : 0.100000,
        "8" : 0.100000,
        "16" : 99.997535,
        "32" : 0.000000,
        ">=64" : 0.000000
      },
      "iodepth_submit" : {
        "0" : 0.000000,
        "4" : 100.000000,
        "8" : 0.000000,
        "16" : 0.000000,
        "32" : 0.000000,
        "64" : 0.000000,
        ">=64" : 0.000000
      },
      "iodepth_complete" : {
        "0" : 0.000000,
        "4" : 99.999836,
        "8" : 0.000000,
        "16" : 0.000000,
        "32" : 0.100000,
        "64" : 0.000000,
        ">=64" : 0.000000
      },
      "latency_ns" : {
        "2" : 0.000000,
        "4" : 0.000000,
        "10" : 0.000000,
        "20" : 0.000000,
        "50" : 0.000000,
        "100" : 0.000000,
        "250" : 0.000000,
        "500" : 0.000000,
        "750" : 0.000000,
        "1000" : 0.000000
      },
      "latency_us" : {
        "2" : 0.000000,
        "4" : 0.000000,
        "10" : 0.000000,
        "20" : 0.000000,
        "50" : 0.000000,
        "100" : 0.011871,
        "250" : 64.529908,
        "500" : 34.901753,
        "750" : 0.556265,
        "1000" : 0.010000
      },
      "latency_ms" : {
        "2" : 0.000000,
        "4" : 0.000000,
        "10" : 0.000000,
        "20" : 0.000000,
        "50" : 0.000000,
        "100" : 0.000000,
        "250" : 0.000000,
        "500" : 0.000000,
        "750" : 0.000000,
        "1000" : 0.000000,
        "2000" : 0.000000,
        ">=2000" : 0.000000
      },
      "latency_depth" : 20,
      "latency_target" : 0,
      "latency_percentile" : 100.000000,
      "latency_window" : 0
    }
  ],
  "disk_util" : [
    {
      "name" : "nvme0n1",
      "read_ios" : 7901132,
      "write_ios" : 0,
      "read_merges" : 0,
      "write_merges" : 0,
      "read_ticks" : 1732626,
      "write_ticks" : 0,
      "in_queue" : 0,
      "util" : 99.956643
    }
  ]
}
