{
  "fio version" : "fio-3.16",
  "timestamp" : 1601060666,
  "timestamp_ms" : 1601060666560,
  "time" : "Fri Sep 25 15:04:26 2020",
  "global options" : {
    "unified_rw_reporting" : "1",
    "time_based" : "1",
    "runtime" : "90",
    "directory" : "/media/auto/work/tmp",
    "filename" : "testfile.dat",
    "filesize" : "20GiB",
    "direct" : "1",
    "ioengine" : "libaio"
  },
  "jobs" : [
    {
      "jobname" : "jobname",
      "groupid" : 0,
      "error" : 0,
      "eta" : 0,
      "elapsed" : 91,
      "job options" : {
        "name" : "jobname",
        "iodepth" : "8",
        "bs" : "32k",
        "rw" : "randread"
      },
      "mixed" : {
        "io_bytes" : 74528292864,
        "io_kbytes" : 72781536,
        "bw_bytes" : 828082942,
        "bw" : 808674,
        "iops" : 25271.085877,
        "runtime" : 90001,
        "total_ios" : 2274423,
        "short_ios" : 0,
        "drop_ios" : 0,
        "slat_ns" : {
          "min" : 2124,
          "max" : 98315,
          "mean" : 3928.865762,
          "stddev" : 939.589277
        },
        "clat_ns" : {
          "min" : 80701,
          "max" : 1464619,
          "mean" : 311966.164671,
          "stddev" : 118635.129586,
          "percentile" : {
            "1.000000" : 132096,
            "5.000000" : 158720,
            "10.000000" : 168960,
            "20.000000" : 205824,
            "30.000000" : 236544,
            "40.000000" : 264192,
            "50.000000" : 292864,
            "60.000000" : 325632,
            "70.000000" : 362496,
            "80.000000" : 411648,
            "90.000000" : 477184,
            "95.000000" : 536576,
            "99.000000" : 651264,
            "99.500000" : 692224,
            "99.900000" : 782336,
            "99.950000" : 815104,
            "99.990000" : 880640
          }
        },
        "lat_ns" : {
          "min" : 92023,
          "max" : 1467825,
          "mean" : 316003.759767,
          "stddev" : 118605.475496
        },
        "bw_min" : 797824,
        "bw_max" : 884416,
        "bw_agg" : 100.000000,
        "bw_mean" : 808682.547486,
        "bw_dev" : 9174.251272,
        "bw_samples" : 179,
        "iops_min" : 24932,
        "iops_max" : 27638,
        "iops_mean" : 25271.312849,
        "iops_stddev" : 286.703077,
        "iops_samples" : 179
      },
      "job_runtime" : 90000,
      "usr_cpu" : 3.798889,
      "sys_cpu" : 13.117778,
      "ctx" : 1920946,
      "majf" : 0,
      "minf" : 74,
      "iodepth_level" : {
        "1" : 0.100000,
        "2" : 0.100000,
        "4" : 0.100000,
        "8" : 99.999692,
        "16" : 0.000000,
        "32" : 0.000000,
        ">=64" : 0.000000
      },
      "iodepth_submit" : {
        "0" : 0.000000,
        "4" : 100.000000,
        "8" : 0.000000,
        "16" : 0.000000,
        "32" : 0.000000,
        "64" : 0.000000,
        ">=64" : 0.000000
      },
      "iodepth_complete" : {
        "0" : 0.000000,
        "4" : 99.999956,
        "8" : 0.100000,
        "16" : 0.000000,
        "32" : 0.000000,
        "64" : 0.000000,
        ">=64" : 0.000000
      },
      "latency_ns" : {
        "2" : 0.000000,
        "4" : 0.000000,
        "10" : 0.000000,
        "20" : 0.000000,
        "50" : 0.000000,
        "100" : 0.000000,
        "250" : 0.000000,
        "500" : 0.000000,
        "750" : 0.000000,
        "1000" : 0.000000
      },
      "latency_us" : {
        "2" : 0.000000,
        "4" : 0.000000,
        "10" : 0.000000,
        "20" : 0.000000,
        "50" : 0.000000,
        "100" : 0.010000,
        "250" : 34.768598,
        "500" : 57.509091,
        "750" : 7.537824,
        "1000" : 0.180661
      },
      "latency_ms" : {
        "2" : 0.010000,
        "4" : 0.000000,
        "10" : 0.000000,
        "20" : 0.000000,
        "50" : 0.000000,
        "100" : 0.000000,
        "250" : 0.000000,
        "500" : 0.000000,
        "750" : 0.000000,
        "1000" : 0.000000,
        "2000" : 0.000000,
        ">=2000" : 0.000000
      },
      "latency_depth" : 8,
      "latency_target" : 0,
      "latency_percentile" : 100.000000,
      "latency_window" : 0
    }
  ],
  "disk_util" : [
    {
      "name" : "nvme0n1",
      "read_ios" : 2271921,
      "write_ios" : 0,
      "read_merges" : 0,
      "write_merges" : 0,
      "read_ticks" : 707857,
      "write_ticks" : 0,
      "in_queue" : 0,
      "util" : 99.937750
    }
  ]
}
