{
  "fio version" : "fio-3.16",
  "timestamp" : 1601069723,
  "timestamp_ms" : 1601069723546,
  "time" : "Fri Sep 25 17:35:23 2020",
  "global options" : {
    "unified_rw_reporting" : "1",
    "time_based" : "1",
    "runtime" : "90",
    "directory" : "/media/auto/work/tmp",
    "filename" : "testfile.dat",
    "filesize" : "20GiB",
    "direct" : "1",
    "ioengine" : "libaio"
  },
  "jobs" : [
    {
      "jobname" : "jobname",
      "groupid" : 0,
      "error" : 0,
      "eta" : 0,
      "elapsed" : 91,
      "job options" : {
        "name" : "jobname",
        "iodepth" : "28",
        "bs" : "256k",
        "rw" : "read"
      },
      "mixed" : {
        "io_bytes" : 325997297664,
        "io_kbytes" : 318356736,
        "bw_bytes" : 3622071460,
        "bw" : 3537179,
        "iops" : 13817.106096,
        "runtime" : 90003,
        "total_ios" : 1243581,
        "short_ios" : 0,
        "drop_ios" : 0,
        "slat_ns" : {
          "min" : 5951,
          "max" : 288722,
          "mean" : 10183.357200,
          "stddev" : 1925.542207
        },
        "clat_ns" : {
          "min" : 266299,
          "max" : 3987323,
          "mean" : 2015563.687185,
          "stddev" : 123597.301460,
          "percentile" : {
            "1.000000" : 1744896,
            "5.000000" : 1810432,
            "10.000000" : 1843200,
            "20.000000" : 1908736,
            "30.000000" : 1974272,
            "40.000000" : 2007040,
            "50.000000" : 2023424,
            "60.000000" : 2023424,
            "70.000000" : 2056192,
            "80.000000" : 2113536,
            "90.000000" : 2179072,
            "95.000000" : 2211840,
            "99.000000" : 2277376,
            "99.500000" : 2310144,
            "99.900000" : 2375680,
            "99.950000" : 2408448,
            "99.990000" : 3391488
          }
        },
        "lat_ns" : {
          "min" : 278753,
          "max" : 3996620,
          "mean" : 2025856.013475,
          "stddev" : 123541.879849
        },
        "bw_min" : 3526656,
        "bw_max" : 3541504,
        "bw_agg" : 99.996648,
        "bw_mean" : 3537060.422222,
        "bw_dev" : 3311.532321,
        "bw_samples" : 180,
        "iops_min" : 13776,
        "iops_max" : 13834,
        "iops_mean" : 13816.644444,
        "iops_stddev" : 12.953989,
        "iops_samples" : 180
      },
      "job_runtime" : 90002,
      "usr_cpu" : 1.645519,
      "sys_cpu" : 16.119642,
      "ctx" : 1238609,
      "majf" : 0,
      "minf" : 1802,
      "iodepth_level" : {
        "1" : 0.100000,
        "2" : 0.100000,
        "4" : 0.100000,
        "8" : 0.100000,
        "16" : 99.979495,
        "32" : 0.000000,
        ">=64" : 0.000000
      },
      "iodepth_submit" : {
        "0" : 0.000000,
        "4" : 100.000000,
        "8" : 0.000000,
        "16" : 0.000000,
        "32" : 0.000000,
        "64" : 0.000000,
        ">=64" : 0.000000
      },
      "iodepth_complete" : {
        "0" : 0.000000,
        "4" : 99.998632,
        "8" : 0.000000,
        "16" : 0.000000,
        "32" : 0.100000,
        "64" : 0.000000,
        ">=64" : 0.000000
      },
      "latency_ns" : {
        "2" : 0.000000,
        "4" : 0.000000,
        "10" : 0.000000,
        "20" : 0.000000,
        "50" : 0.000000,
        "100" : 0.000000,
        "250" : 0.000000,
        "500" : 0.000000,
        "750" : 0.000000,
        "1000" : 0.000000
      },
      "latency_us" : {
        "2" : 0.000000,
        "4" : 0.000000,
        "10" : 0.000000,
        "20" : 0.000000,
        "50" : 0.000000,
        "100" : 0.000000,
        "250" : 0.000000,
        "500" : 0.010000,
        "750" : 0.010000,
        "1000" : 0.010000
      },
      "latency_ms" : {
        "2" : 38.476384,
        "4" : 61.513243,
        "10" : 0.000000,
        "20" : 0.000000,
        "50" : 0.000000,
        "100" : 0.000000,
        "250" : 0.000000,
        "500" : 0.000000,
        "750" : 0.000000,
        "1000" : 0.000000,
        "2000" : 0.000000,
        ">=2000" : 0.000000
      },
      "latency_depth" : 28,
      "latency_target" : 0,
      "latency_percentile" : 100.000000,
      "latency_window" : 0
    }
  ],
  "disk_util" : [
    {
      "name" : "nvme0n1",
      "read_ios" : 1242180,
      "write_ios" : 0,
      "read_merges" : 0,
      "write_merges" : 0,
      "read_ticks" : 2506473,
      "write_ticks" : 0,
      "in_queue" : 0,
      "util" : 99.936639
    }
  ]
}
