{
  "fio version" : "fio-3.16",
  "timestamp" : 1601061550,
  "timestamp_ms" : 1601061550118,
  "time" : "Fri Sep 25 15:19:10 2020",
  "global options" : {
    "unified_rw_reporting" : "1",
    "time_based" : "1",
    "runtime" : "90",
    "directory" : "/media/auto/work/tmp",
    "filename" : "testfile.dat",
    "filesize" : "20GiB",
    "direct" : "1",
    "ioengine" : "libaio"
  },
  "jobs" : [
    {
      "jobname" : "jobname",
      "groupid" : 0,
      "error" : 0,
      "eta" : 0,
      "elapsed" : 91,
      "job options" : {
        "name" : "jobname",
        "iodepth" : "2",
        "bs" : "256k",
        "rw" : "randread"
      },
      "mixed" : {
        "io_bytes" : 97093943296,
        "io_kbytes" : 94818304,
        "bw_bytes" : 1078809605,
        "bw" : 1053525,
        "iops" : 4115.332052,
        "runtime" : 90001,
        "total_ios" : 370384,
        "short_ios" : 0,
        "drop_ios" : 0,
        "slat_ns" : {
          "min" : 6783,
          "max" : 96281,
          "mean" : 13453.957806,
          "stddev" : 1533.533350
        },
        "clat_ns" : {
          "min" : 137138,
          "max" : 1546803,
          "mean" : 471747.217083,
          "stddev" : 87589.422328,
          "percentile" : {
            "1.000000" : 232448,
            "5.000000" : 370688,
            "10.000000" : 374784,
            "20.000000" : 399360,
            "30.000000" : 436224,
            "40.000000" : 440320,
            "50.000000" : 452608,
            "60.000000" : 477184,
            "70.000000" : 501760,
            "80.000000" : 536576,
            "90.000000" : 585728,
            "95.000000" : 634880,
            "99.000000" : 733184,
            "99.500000" : 765952,
            "99.900000" : 880640,
            "99.950000" : 897024,
            "99.990000" : 987136
          }
        },
        "lat_ns" : {
          "min" : 149922,
          "max" : 1560018,
          "mean" : 485323.240680,
          "stddev" : 87585.357427
        },
        "bw_min" : 899072,
        "bw_max" : 1265152,
        "bw_agg" : 100.000000,
        "bw_mean" : 1053598.156425,
        "bw_dev" : 34655.276909,
        "bw_samples" : 179,
        "iops_min" : 3512,
        "iops_max" : 4942,
        "iops_mean" : 4115.608939,
        "iops_stddev" : 135.373114,
        "iops_samples" : 179
      },
      "job_runtime" : 90000,
      "usr_cpu" : 0.582222,
      "sys_cpu" : 6.371111,
      "ctx" : 370496,
      "majf" : 0,
      "minf" : 138,
      "iodepth_level" : {
        "1" : 0.100000,
        "2" : 99.999730,
        "4" : 0.000000,
        "8" : 0.000000,
        "16" : 0.000000,
        "32" : 0.000000,
        ">=64" : 0.000000
      },
      "iodepth_submit" : {
        "0" : 0.000000,
        "4" : 100.000000,
        "8" : 0.000000,
        "16" : 0.000000,
        "32" : 0.000000,
        "64" : 0.000000,
        ">=64" : 0.000000
      },
      "iodepth_complete" : {
        "0" : 0.000000,
        "4" : 100.000000,
        "8" : 0.000000,
        "16" : 0.000000,
        "32" : 0.000000,
        "64" : 0.000000,
        ">=64" : 0.000000
      },
      "latency_ns" : {
        "2" : 0.000000,
        "4" : 0.000000,
        "10" : 0.000000,
        "20" : 0.000000,
        "50" : 0.000000,
        "100" : 0.000000,
        "250" : 0.000000,
        "500" : 0.000000,
        "750" : 0.000000,
        "1000" : 0.000000
      },
      "latency_us" : {
        "2" : 0.000000,
        "4" : 0.000000,
        "10" : 0.000000,
        "20" : 0.000000,
        "50" : 0.000000,
        "100" : 0.000000,
        "250" : 1.075640,
        "500" : 66.846030,
        "750" : 31.334237,
        "1000" : 0.735723
      },
      "latency_ms" : {
        "2" : 0.010000,
        "4" : 0.000000,
        "10" : 0.000000,
        "20" : 0.000000,
        "50" : 0.000000,
        "100" : 0.000000,
        "250" : 0.000000,
        "500" : 0.000000,
        "750" : 0.000000,
        "1000" : 0.000000,
        "2000" : 0.000000,
        ">=2000" : 0.000000
      },
      "latency_depth" : 2,
      "latency_target" : 0,
      "latency_percentile" : 100.000000,
      "latency_window" : 0
    }
  ],
  "disk_util" : [
    {
      "name" : "nvme0n1",
      "read_ios" : 369983,
      "write_ios" : 0,
      "read_merges" : 0,
      "write_merges" : 0,
      "read_ticks" : 175922,
      "write_ticks" : 0,
      "in_queue" : 0,
      "util" : 99.929971
    }
  ]
}
