{
  "fio version" : "fio-3.16",
  "timestamp" : 1601050109,
  "timestamp_ms" : 1601050109758,
  "time" : "Fri Sep 25 12:08:29 2020",
  "global options" : {
    "unified_rw_reporting" : "1",
    "time_based" : "1",
    "runtime" : "90",
    "directory" : "/media/auto/work/tmp",
    "filename" : "testfile.dat",
    "filesize" : "20GiB",
    "direct" : "1",
    "ioengine" : "libaio"
  },
  "jobs" : [
    {
      "jobname" : "jobname",
      "groupid" : 0,
      "error" : 0,
      "eta" : 0,
      "elapsed" : 91,
      "job options" : {
        "name" : "jobname",
        "iodepth" : "24",
        "bs" : "16k",
        "rw" : "randwrite"
      },
      "mixed" : {
        "io_bytes" : 65018626048,
        "io_kbytes" : 63494752,
        "bw_bytes" : 722421151,
        "bw" : 705489,
        "iops" : 44093.087855,
        "runtime" : 90001,
        "total_ios" : 3968422,
        "short_ios" : 0,
        "drop_ios" : 0,
        "slat_ns" : {
          "min" : 1914,
          "max" : 243447,
          "mean" : 4116.874976,
          "stddev" : 1505.170296
        },
        "clat_ns" : {
          "min" : 67636,
          "max" : 98543110,
          "mean" : 539541.148471,
          "stddev" : 1040149.983860,
          "percentile" : {
            "1.000000" : 129536,
            "5.000000" : 148480,
            "10.000000" : 160768,
            "20.000000" : 187392,
            "30.000000" : 232448,
            "40.000000" : 296960,
            "50.000000" : 378880,
            "60.000000" : 485376,
            "70.000000" : 610304,
            "80.000000" : 790528,
            "90.000000" : 1105920,
            "95.000000" : 1384448,
            "99.000000" : 1941504,
            "99.500000" : 2146304,
            "99.900000" : 2867200,
            "99.950000" : 8454144,
            "99.990000" : 55836672
          }
        },
        "lat_ns" : {
          "min" : 70682,
          "max" : 98550875,
          "mean" : 543788.238365,
          "stddev" : 1040218.237839
        },
        "bw_min" : 160607,
        "bw_max" : 2065152,
        "bw_agg" : 99.987883,
        "bw_mean" : 705403.516667,
        "bw_dev" : 299501.949185,
        "bw_samples" : 180,
        "iops_min" : 10037,
        "iops_max" : 129072,
        "iops_mean" : 44087.716667,
        "iops_stddev" : 18718.841538,
        "iops_samples" : 180
      },
      "job_runtime" : 90000,
      "usr_cpu" : 5.908889,
      "sys_cpu" : 21.163333,
      "ctx" : 2110448,
      "majf" : 0,
      "minf" : 11,
      "iodepth_level" : {
        "1" : 0.100000,
        "2" : 0.100000,
        "4" : 0.100000,
        "8" : 0.100000,
        "16" : 99.999622,
        "32" : 0.000000,
        ">=64" : 0.000000
      },
      "iodepth_submit" : {
        "0" : 0.000000,
        "4" : 100.000000,
        "8" : 0.000000,
        "16" : 0.000000,
        "32" : 0.000000,
        "64" : 0.000000,
        ">=64" : 0.000000
      },
      "iodepth_complete" : {
        "0" : 0.000000,
        "4" : 99.999975,
        "8" : 0.000000,
        "16" : 0.000000,
        "32" : 0.100000,
        "64" : 0.000000,
        ">=64" : 0.000000
      },
      "latency_ns" : {
        "2" : 0.000000,
        "4" : 0.000000,
        "10" : 0.000000,
        "20" : 0.000000,
        "50" : 0.000000,
        "100" : 0.000000,
        "250" : 0.000000,
        "500" : 0.000000,
        "750" : 0.000000,
        "1000" : 0.000000
      },
      "latency_us" : {
        "2" : 0.000000,
        "4" : 0.000000,
        "10" : 0.000000,
        "20" : 0.000000,
        "50" : 0.000000,
        "100" : 0.027366,
        "250" : 32.936769,
        "500" : 28.253648,
        "750" : 16.819431,
        "1000" : 9.440679
      },
      "latency_ms" : {
        "2" : 11.663654,
        "4" : 0.800671,
        "10" : 0.010000,
        "20" : 0.012070,
        "50" : 0.020663,
        "100" : 0.016631,
        "250" : 0.000000,
        "500" : 0.000000,
        "750" : 0.000000,
        "1000" : 0.000000,
        "2000" : 0.000000,
        ">=2000" : 0.000000
      },
      "latency_depth" : 24,
      "latency_target" : 0,
      "latency_percentile" : 100.000000,
      "latency_window" : 0
    }
  ],
  "disk_util" : [
    {
      "name" : "nvme0n1",
      "read_ios" : 0,
      "write_ios" : 3964171,
      "read_merges" : 0,
      "write_merges" : 17,
      "read_ticks" : 0,
      "write_ticks" : 2116364,
      "in_queue" : 75184,
      "util" : 97.605656
    }
  ]
}
