{
  "fio version" : "fio-3.16",
  "timestamp" : 1600548057,
  "timestamp_ms" : 1600548057779,
  "time" : "Sat Sep 19 16:40:57 2020",
  "global options" : {
    "unified_rw_reporting" : "1",
    "time_based" : "1",
    "runtime" : "90",
    "directory" : "/media/auto/work/tmp",
    "filename" : "testfile.dat",
    "filesize" : "20GiB",
    "direct" : "1",
    "ioengine" : "libaio"
  },
  "jobs" : [
    {
      "jobname" : "jobname",
      "groupid" : 0,
      "error" : 0,
      "eta" : 0,
      "elapsed" : 91,
      "job options" : {
        "name" : "jobname",
        "iodepth" : "8",
        "bs" : "8k",
        "rw" : "write"
      },
      "mixed" : {
        "io_bytes" : 70981058560,
        "io_kbytes" : 69317440,
        "bw_bytes" : 788669665,
        "bw" : 770185,
        "iops" : 96273.152521,
        "runtime" : 90001,
        "total_ios" : 8664680,
        "short_ios" : 0,
        "drop_ios" : 0,
        "slat_ns" : {
          "min" : 1693,
          "max" : 275006,
          "mean" : 3721.318376,
          "stddev" : 1414.072251
        },
        "clat_ns" : {
          "min" : 11572,
          "max" : 67076290,
          "mean" : 78805.880513,
          "stddev" : 281099.382042,
          "percentile" : {
            "1.000000" : 21888,
            "5.000000" : 22912,
            "10.000000" : 23936,
            "20.000000" : 30848,
            "30.000000" : 33024,
            "40.000000" : 34560,
            "50.000000" : 35584,
            "60.000000" : 37632,
            "70.000000" : 42240,
            "80.000000" : 49408,
            "90.000000" : 120320,
            "95.000000" : 292864,
            "99.000000" : 962560,
            "99.500000" : 1269760,
            "99.900000" : 1810432,
            "99.950000" : 1990656,
            "99.990000" : 3096576
          }
        },
        "lat_ns" : {
          "min" : 14718,
          "max" : 67079046,
          "mean" : 82650.030439,
          "stddev" : 281049.280640
        },
        "bw_min" : 574223,
        "bw_max" : 2249504,
        "bw_agg" : 100.000000,
        "bw_mean" : 770731.162011,
        "bw_dev" : 388198.599969,
        "bw_samples" : 179,
        "iops_min" : 71777,
        "iops_max" : 281188,
        "iops_mean" : 96341.379888,
        "iops_stddev" : 48524.829739,
        "iops_samples" : 179
      },
      "job_runtime" : 90000,
      "usr_cpu" : 10.996667,
      "sys_cpu" : 36.080000,
      "ctx" : 689977,
      "majf" : 0,
      "minf" : 12,
      "iodepth_level" : {
        "1" : 0.100000,
        "2" : 0.100000,
        "4" : 0.100000,
        "8" : 99.999677,
        "16" : 0.000000,
        "32" : 0.000000,
        ">=64" : 0.000000
      },
      "iodepth_submit" : {
        "0" : 0.000000,
        "4" : 100.000000,
        "8" : 0.000000,
        "16" : 0.000000,
        "32" : 0.000000,
        "64" : 0.000000,
        ">=64" : 0.000000
      },
      "iodepth_complete" : {
        "0" : 0.000000,
        "4" : 99.999954,
        "8" : 0.100000,
        "16" : 0.000000,
        "32" : 0.000000,
        "64" : 0.000000,
        ">=64" : 0.000000
      },
      "latency_ns" : {
        "2" : 0.000000,
        "4" : 0.000000,
        "10" : 0.000000,
        "20" : 0.000000,
        "50" : 0.000000,
        "100" : 0.000000,
        "250" : 0.000000,
        "500" : 0.000000,
        "750" : 0.000000,
        "1000" : 0.000000
      },
      "latency_us" : {
        "2" : 0.000000,
        "4" : 0.000000,
        "10" : 0.000000,
        "20" : 0.010000,
        "50" : 80.799095,
        "100" : 7.975782,
        "250" : 5.414614,
        "500" : 3.140912,
        "750" : 1.135241,
        "1000" : 0.599964
      },
      "latency_ms" : {
        "2" : 0.878336,
        "4" : 0.041767,
        "10" : 0.010000,
        "20" : 0.010000,
        "50" : 0.010000,
        "100" : 0.010000,
        "250" : 0.000000,
        "500" : 0.000000,
        "750" : 0.000000,
        "1000" : 0.000000,
        "2000" : 0.000000,
        ">=2000" : 0.000000
      },
      "latency_depth" : 8,
      "latency_target" : 0,
      "latency_percentile" : 100.000000,
      "latency_window" : 0
    }
  ],
  "disk_util" : [
    {
      "name" : "nvme0n1",
      "read_ios" : 0,
      "write_ios" : 8654877,
      "read_merges" : 0,
      "write_merges" : 17,
      "read_ticks" : 0,
      "write_ticks" : 558577,
      "in_queue" : 11352,
      "util" : 98.740991
    }
  ]
}
