{
  "fio version" : "fio-3.16",
  "timestamp" : 1601066962,
  "timestamp_ms" : 1601066962257,
  "time" : "Fri Sep 25 16:49:22 2020",
  "global options" : {
    "unified_rw_reporting" : "1",
    "time_based" : "1",
    "runtime" : "90",
    "directory" : "/media/auto/work/tmp",
    "filename" : "testfile.dat",
    "filesize" : "20GiB",
    "direct" : "1",
    "ioengine" : "libaio"
  },
  "jobs" : [
    {
      "jobname" : "jobname",
      "groupid" : 0,
      "error" : 0,
      "eta" : 0,
      "elapsed" : 91,
      "job options" : {
        "name" : "jobname",
        "iodepth" : "16",
        "bs" : "16k",
        "rw" : "read"
      },
      "mixed" : {
        "io_bytes" : 210461343744,
        "io_kbytes" : 205528656,
        "bw_bytes" : 2338433392,
        "bw" : 2283626,
        "iops" : 142726.647482,
        "runtime" : 90001,
        "total_ios" : 12845541,
        "short_ios" : 0,
        "drop_ios" : 0,
        "slat_ns" : {
          "min" : 1683,
          "max" : 241113,
          "mean" : 3492.873075,
          "stddev" : 1518.310283
        },
        "clat_ns" : {
          "min" : 16181,
          "max" : 656773,
          "mean" : 108074.541431,
          "stddev" : 63141.249113,
          "percentile" : {
            "1.000000" : 49920,
            "5.000000" : 60672,
            "10.000000" : 66048,
            "20.000000" : 70144,
            "30.000000" : 72192,
            "40.000000" : 73216,
            "50.000000" : 76288,
            "60.000000" : 89600,
            "70.000000" : 101888,
            "80.000000" : 132096,
            "90.000000" : 224256,
            "95.000000" : 257024,
            "99.000000" : 305152,
            "99.500000" : 321536,
            "99.900000" : 362496,
            "99.950000" : 378880,
            "99.990000" : 432128
          }
        },
        "lat_ns" : {
          "min" : 18134,
          "max" : 660910,
          "mean" : 111686.890306,
          "stddev" : 62900.098589
        },
        "bw_min" : 2269280,
        "bw_max" : 2302720,
        "bw_agg" : 99.999019,
        "bw_mean" : 2283603.608939,
        "bw_dev" : 5796.927865,
        "bw_samples" : 179,
        "iops_min" : 141830,
        "iops_max" : 143920,
        "iops_mean" : 142725.223464,
        "iops_stddev" : 362.358016,
        "iops_samples" : 179
      },
      "job_runtime" : 90000,
      "usr_cpu" : 14.878889,
      "sys_cpu" : 52.638889,
      "ctx" : 2137732,
      "majf" : 0,
      "minf" : 77,
      "iodepth_level" : {
        "1" : 0.100000,
        "2" : 0.100000,
        "4" : 0.100000,
        "8" : 0.100000,
        "16" : 99.998716,
        "32" : 0.000000,
        ">=64" : 0.000000
      },
      "iodepth_submit" : {
        "0" : 0.000000,
        "4" : 100.000000,
        "8" : 0.000000,
        "16" : 0.000000,
        "32" : 0.000000,
        "64" : 0.000000,
        ">=64" : 0.000000
      },
      "iodepth_complete" : {
        "0" : 0.000000,
        "4" : 99.999914,
        "8" : 0.000000,
        "16" : 0.100000,
        "32" : 0.000000,
        "64" : 0.000000,
        ">=64" : 0.000000
      },
      "latency_ns" : {
        "2" : 0.000000,
        "4" : 0.000000,
        "10" : 0.000000,
        "20" : 0.000000,
        "50" : 0.000000,
        "100" : 0.000000,
        "250" : 0.000000,
        "500" : 0.000000,
        "750" : 0.000000,
        "1000" : 0.000000
      },
      "latency_us" : {
        "2" : 0.000000,
        "4" : 0.000000,
        "10" : 0.000000,
        "20" : 0.010000,
        "50" : 1.017450,
        "100" : 66.659388,
        "250" : 26.456013,
        "500" : 5.865981,
        "750" : 0.010000,
        "1000" : 0.000000
      },
      "latency_ms" : {
        "2" : 0.000000,
        "4" : 0.000000,
        "10" : 0.000000,
        "20" : 0.000000,
        "50" : 0.000000,
        "100" : 0.000000,
        "250" : 0.000000,
        "500" : 0.000000,
        "750" : 0.000000,
        "1000" : 0.000000,
        "2000" : 0.000000,
        ">=2000" : 0.000000
      },
      "latency_depth" : 16,
      "latency_target" : 0,
      "latency_percentile" : 100.000000,
      "latency_window" : 0
    }
  ],
  "disk_util" : [
    {
      "name" : "nvme0n1",
      "read_ios" : 12831189,
      "write_ios" : 0,
      "read_merges" : 0,
      "write_merges" : 0,
      "read_ticks" : 1103585,
      "write_ticks" : 0,
      "in_queue" : 0,
      "util" : 99.944416
    }
  ]
}
