{
  "fio version" : "fio-3.16",
  "timestamp" : 1600548579,
  "timestamp_ms" : 1600548579651,
  "time" : "Sat Sep 19 16:49:39 2020",
  "global options" : {
    "unified_rw_reporting" : "1",
    "time_based" : "1",
    "runtime" : "90",
    "directory" : "/media/auto/work/tmp",
    "filename" : "testfile.dat",
    "filesize" : "20GiB",
    "direct" : "1",
    "ioengine" : "libaio"
  },
  "jobs" : [
    {
      "jobname" : "jobname",
      "groupid" : 0,
      "error" : 0,
      "eta" : 0,
      "elapsed" : 91,
      "job options" : {
        "name" : "jobname",
        "iodepth" : "8",
        "bs" : "16k",
        "rw" : "write"
      },
      "mixed" : {
        "io_bytes" : 71608614912,
        "io_kbytes" : 69930288,
        "bw_bytes" : 795174172,
        "bw" : 776537,
        "iops" : 48533.579852,
        "runtime" : 90054,
        "total_ios" : 4370643,
        "short_ios" : 0,
        "drop_ios" : 0,
        "slat_ns" : {
          "min" : 1884,
          "max" : 268834,
          "mean" : 3807.926466,
          "stddev" : 1471.935423
        },
        "clat_ns" : {
          "min" : 19597,
          "max" : 63079223,
          "mean" : 160468.467557,
          "stddev" : 432768.683014,
          "percentile" : {
            "1.000000" : 36096,
            "5.000000" : 40704,
            "10.000000" : 43264,
            "20.000000" : 46336,
            "30.000000" : 48896,
            "40.000000" : 52480,
            "50.000000" : 58112,
            "60.000000" : 79360,
            "70.000000" : 114176,
            "80.000000" : 185344,
            "90.000000" : 374784,
            "95.000000" : 610304,
            "99.000000" : 1400832,
            "99.500000" : 1662976,
            "99.900000" : 2146304,
            "99.950000" : 2473984,
            "99.990000" : 5931008
          }
        },
        "lat_ns" : {
          "min" : 22642,
          "max" : 63082589,
          "mean" : 164419.608879,
          "stddev" : 432739.319251
        },
        "bw_min" : 465407,
        "bw_max" : 2470016,
        "bw_agg" : 100.000000,
        "bw_mean" : 776961.805556,
        "bw_dev" : 440805.092963,
        "bw_samples" : 180,
        "iops_min" : 29087,
        "iops_max" : 154376,
        "iops_mean" : 48560.094444,
        "iops_stddev" : 27550.321366,
        "iops_samples" : 180
      },
      "job_runtime" : 90053,
      "usr_cpu" : 5.985364,
      "sys_cpu" : 21.692781,
      "ctx" : 2459096,
      "majf" : 0,
      "minf" : 12,
      "iodepth_level" : {
        "1" : 0.100000,
        "2" : 0.100000,
        "4" : 0.100000,
        "8" : 99.999359,
        "16" : 0.000000,
        "32" : 0.000000,
        ">=64" : 0.000000
      },
      "iodepth_submit" : {
        "0" : 0.000000,
        "4" : 100.000000,
        "8" : 0.000000,
        "16" : 0.000000,
        "32" : 0.000000,
        "64" : 0.000000,
        ">=64" : 0.000000
      },
      "iodepth_complete" : {
        "0" : 0.000000,
        "4" : 99.999908,
        "8" : 0.100000,
        "16" : 0.000000,
        "32" : 0.000000,
        "64" : 0.000000,
        ">=64" : 0.000000
      },
      "latency_ns" : {
        "2" : 0.000000,
        "4" : 0.000000,
        "10" : 0.000000,
        "20" : 0.000000,
        "50" : 0.000000,
        "100" : 0.000000,
        "250" : 0.000000,
        "500" : 0.000000,
        "750" : 0.000000,
        "1000" : 0.000000
      },
      "latency_us" : {
        "2" : 0.000000,
        "4" : 0.000000,
        "10" : 0.000000,
        "20" : 0.010000,
        "50" : 33.620179,
        "100" : 33.000133,
        "250" : 18.061919,
        "500" : 8.536273,
        "750" : 3.173606,
        "1000" : 1.449466
      },
      "latency_ms" : {
        "2" : 1.973531,
        "4" : 0.172355,
        "10" : 0.010000,
        "20" : 0.010000,
        "50" : 0.010000,
        "100" : 0.010000,
        "250" : 0.000000,
        "500" : 0.000000,
        "750" : 0.000000,
        "1000" : 0.000000,
        "2000" : 0.000000,
        ">=2000" : 0.000000
      },
      "latency_depth" : 8,
      "latency_target" : 0,
      "latency_percentile" : 100.000000,
      "latency_window" : 0
    }
  ],
  "disk_util" : [
    {
      "name" : "nvme0n1",
      "read_ios" : 0,
      "write_ios" : 4366578,
      "read_merges" : 0,
      "write_merges" : 17,
      "read_ticks" : 0,
      "write_ticks" : 689402,
      "in_queue" : 13180,
      "util" : 98.428225
    }
  ]
}
