{
  "fio version" : "fio-3.16",
  "timestamp" : 1601049457,
  "timestamp_ms" : 1601049457436,
  "time" : "Fri Sep 25 11:57:37 2020",
  "global options" : {
    "unified_rw_reporting" : "1",
    "time_based" : "1",
    "runtime" : "90",
    "directory" : "/media/auto/work/tmp",
    "filename" : "testfile.dat",
    "filesize" : "20GiB",
    "direct" : "1",
    "ioengine" : "libaio"
  },
  "jobs" : [
    {
      "jobname" : "jobname",
      "groupid" : 0,
      "error" : 0,
      "eta" : 0,
      "elapsed" : 91,
      "job options" : {
        "name" : "jobname",
        "iodepth" : "24",
        "bs" : "8k",
        "rw" : "randwrite"
      },
      "mixed" : {
        "io_bytes" : 64218955776,
        "io_kbytes" : 62713824,
        "bw_bytes" : 713036904,
        "bw" : 696325,
        "iops" : 87040.637769,
        "runtime" : 90064,
        "total_ios" : 7839228,
        "short_ios" : 0,
        "drop_ios" : 0,
        "slat_ns" : {
          "min" : 1523,
          "max" : 265749,
          "mean" : 3591.268273,
          "stddev" : 1465.678034
        },
        "clat_ns" : {
          "min" : 52379,
          "max" : 75057226,
          "mean" : 271456.303120,
          "stddev" : 705296.325556,
          "percentile" : {
            "1.000000" : 71168,
            "5.000000" : 78336,
            "10.000000" : 90624,
            "20.000000" : 108032,
            "30.000000" : 116224,
            "40.000000" : 127488,
            "50.000000" : 140288,
            "60.000000" : 173056,
            "70.000000" : 236544,
            "80.000000" : 350208,
            "90.000000" : 577536,
            "95.000000" : 839680,
            "99.000000" : 1499136,
            "99.500000" : 1761280,
            "99.900000" : 2277376,
            "99.950000" : 3457024,
            "99.990000" : 34865152
          }
        },
        "lat_ns" : {
          "min" : 54803,
          "max" : 75061123,
          "mean" : 275176.424583,
          "stddev" : 705275.138843
        },
        "bw_min" : 7855,
        "bw_max" : 2009664,
        "bw_agg" : 100.000000,
        "bw_mean" : 696782.533333,
        "bw_dev" : 289234.259798,
        "bw_samples" : 180,
        "iops_min" : 981,
        "iops_max" : 251208,
        "iops_mean" : 87097.838889,
        "iops_stddev" : 36154.279563,
        "iops_samples" : 180
      },
      "job_runtime" : 90063,
      "usr_cpu" : 10.631447,
      "sys_cpu" : 32.240765,
      "ctx" : 789397,
      "majf" : 0,
      "minf" : 10,
      "iodepth_level" : {
        "1" : 0.100000,
        "2" : 0.100000,
        "4" : 0.100000,
        "8" : 0.100000,
        "16" : 99.999809,
        "32" : 0.000000,
        ">=64" : 0.000000
      },
      "iodepth_submit" : {
        "0" : 0.000000,
        "4" : 100.000000,
        "8" : 0.000000,
        "16" : 0.000000,
        "32" : 0.000000,
        "64" : 0.000000,
        ">=64" : 0.000000
      },
      "iodepth_complete" : {
        "0" : 0.000000,
        "4" : 99.999987,
        "8" : 0.000000,
        "16" : 0.000000,
        "32" : 0.100000,
        "64" : 0.000000,
        ">=64" : 0.000000
      },
      "latency_ns" : {
        "2" : 0.000000,
        "4" : 0.000000,
        "10" : 0.000000,
        "20" : 0.000000,
        "50" : 0.000000,
        "100" : 0.000000,
        "250" : 0.000000,
        "500" : 0.000000,
        "750" : 0.000000,
        "1000" : 0.000000
      },
      "latency_us" : {
        "2" : 0.000000,
        "4" : 0.000000,
        "10" : 0.000000,
        "20" : 0.000000,
        "50" : 0.000000,
        "100" : 13.875907,
        "250" : 57.726067,
        "500" : 15.794935,
        "750" : 6.327600,
        "1000" : 2.886088
      },
      "latency_ms" : {
        "2" : 3.137337,
        "4" : 0.206002,
        "10" : 0.010000,
        "20" : 0.010116,
        "50" : 0.023102,
        "100" : 0.010000,
        "250" : 0.000000,
        "500" : 0.000000,
        "750" : 0.000000,
        "1000" : 0.000000,
        "2000" : 0.000000,
        ">=2000" : 0.000000
      },
      "latency_depth" : 24,
      "latency_target" : 0,
      "latency_percentile" : 100.000000,
      "latency_window" : 0
    }
  ],
  "disk_util" : [
    {
      "name" : "nvme0n1",
      "read_ios" : 0,
      "write_ios" : 7830913,
      "read_merges" : 0,
      "write_merges" : 17,
      "read_ticks" : 0,
      "write_ticks" : 1839142,
      "in_queue" : 85932,
      "util" : 97.468903
    }
  ]
}
