{
  "fio version" : "fio-3.16",
  "timestamp" : 1600553537,
  "timestamp_ms" : 1600553537730,
  "time" : "Sat Sep 19 18:12:17 2020",
  "global options" : {
    "unified_rw_reporting" : "1",
    "time_based" : "1",
    "runtime" : "90",
    "directory" : "/media/auto/work/tmp",
    "filename" : "testfile.dat",
    "filesize" : "20GiB",
    "direct" : "1",
    "ioengine" : "libaio"
  },
  "jobs" : [
    {
      "jobname" : "jobname",
      "groupid" : 0,
      "error" : 0,
      "eta" : 0,
      "elapsed" : 91,
      "job options" : {
        "name" : "jobname",
        "iodepth" : "32",
        "bs" : "512k",
        "rw" : "randwrite"
      },
      "mixed" : {
        "io_bytes" : 65056276480,
        "io_kbytes" : 63531520,
        "bw_bytes" : 722606647,
        "bw" : 705670,
        "iops" : 1378.262801,
        "runtime" : 90030,
        "total_ios" : 124085,
        "short_ios" : 0,
        "drop_ios" : 0,
        "slat_ns" : {
          "min" : 15259,
          "max" : 28585730,
          "mean" : 35630.234267,
          "stddev" : 242924.282419
        },
        "clat_ns" : {
          "min" : 950453,
          "max" : 511643824,
          "mean" : 23179603.653576,
          "stddev" : 12412324.387242,
          "percentile" : {
            "1.000000" : 6586368,
            "5.000000" : 6651904,
            "10.000000" : 6848512,
            "20.000000" : 23199744,
            "30.000000" : 23724032,
            "40.000000" : 23986176,
            "50.000000" : 24248320,
            "60.000000" : 24510464,
            "70.000000" : 24772608,
            "80.000000" : 25559040,
            "90.000000" : 28442624,
            "95.000000" : 30801920,
            "99.000000" : 39059456,
            "99.500000" : 53739520,
            "99.900000" : 71827456,
            "99.950000" : 274726912,
            "99.990000" : 509607936
          }
        },
        "lat_ns" : {
          "min" : 989215,
          "max" : 511671666,
          "mean" : 23215438.397333,
          "stddev" : 12418833.407447
        },
        "bw_min" : 117759,
        "bw_max" : 2360320,
        "bw_agg" : 100.000000,
        "bw_mean" : 705710.772222,
        "bw_dev" : 329985.952957,
        "bw_samples" : 180,
        "iops_min" : 229,
        "iops_max" : 4610,
        "iops_mean" : 1378.333333,
        "iops_stddev" : 644.506125,
        "iops_samples" : 180
      },
      "job_runtime" : 90029,
      "usr_cpu" : 1.943818,
      "sys_cpu" : 3.656600,
      "ctx" : 123512,
      "majf" : 0,
      "minf" : 10,
      "iodepth_level" : {
        "1" : 0.100000,
        "2" : 0.100000,
        "4" : 0.100000,
        "8" : 0.100000,
        "16" : 0.100000,
        "32" : 99.975017,
        ">=64" : 0.000000
      },
      "iodepth_submit" : {
        "0" : 0.000000,
        "4" : 100.000000,
        "8" : 0.000000,
        "16" : 0.000000,
        "32" : 0.000000,
        "64" : 0.000000,
        ">=64" : 0.000000
      },
      "iodepth_complete" : {
        "0" : 0.000000,
        "4" : 99.999194,
        "8" : 0.000000,
        "16" : 0.000000,
        "32" : 0.100000,
        "64" : 0.000000,
        ">=64" : 0.000000
      },
      "latency_ns" : {
        "2" : 0.000000,
        "4" : 0.000000,
        "10" : 0.000000,
        "20" : 0.000000,
        "50" : 0.000000,
        "100" : 0.000000,
        "250" : 0.000000,
        "500" : 0.000000,
        "750" : 0.000000,
        "1000" : 0.000000
      },
      "latency_us" : {
        "2" : 0.000000,
        "4" : 0.000000,
        "10" : 0.000000,
        "20" : 0.000000,
        "50" : 0.000000,
        "100" : 0.000000,
        "250" : 0.000000,
        "500" : 0.000000,
        "750" : 0.000000,
        "1000" : 0.010000
      },
      "latency_ms" : {
        "2" : 0.010000,
        "4" : 0.010000,
        "10" : 13.240924,
        "20" : 0.659226,
        "50" : 85.518798,
        "100" : 0.474675,
        "250" : 0.033042,
        "500" : 0.033042,
        "750" : 0.019342,
        "1000" : 0.000000,
        "2000" : 0.000000,
        ">=2000" : 0.000000
      },
      "latency_depth" : 32,
      "latency_target" : 0,
      "latency_percentile" : 100.000000,
      "latency_window" : 0
    }
  ],
  "disk_util" : [
    {
      "name" : "nvme0n1",
      "read_ios" : 0,
      "write_ios" : 123957,
      "read_merges" : 0,
      "write_merges" : 17,
      "read_ticks" : 0,
      "write_ticks" : 2869169,
      "in_queue" : 2624224,
      "util" : 97.354380
    }
  ]
}
