{
  "fio version" : "fio-3.16",
  "timestamp" : 1601065305,
  "timestamp_ms" : 1601065305502,
  "time" : "Fri Sep 25 16:21:45 2020",
  "global options" : {
    "unified_rw_reporting" : "1",
    "time_based" : "1",
    "runtime" : "90",
    "directory" : "/media/auto/work/tmp",
    "filename" : "testfile.dat",
    "filesize" : "20GiB",
    "direct" : "1",
    "ioengine" : "libaio"
  },
  "jobs" : [
    {
      "jobname" : "jobname",
      "groupid" : 0,
      "error" : 0,
      "eta" : 0,
      "elapsed" : 91,
      "job options" : {
        "name" : "jobname",
        "iodepth" : "4",
        "bs" : "8k",
        "rw" : "read"
      },
      "mixed" : {
        "io_bytes" : 168533417984,
        "io_kbytes" : 164583416,
        "bw_bytes" : 1872572726,
        "bw" : 1828684,
        "iops" : 228585.537938,
        "runtime" : 90001,
        "total_ios" : 20572927,
        "short_ios" : 0,
        "drop_ios" : 0,
        "slat_ns" : {
          "min" : 1352,
          "max" : 253466,
          "mean" : 2435.449272,
          "stddev" : 1174.293506
        },
        "clat_ns" : {
          "min" : 6102,
          "max" : 333456,
          "mean" : 14617.181379,
          "stddev" : 6194.717120,
          "percentile" : {
            "1.000000" : 10944,
            "5.000000" : 11968,
            "10.000000" : 12480,
            "20.000000" : 12992,
            "30.000000" : 13504,
            "40.000000" : 13888,
            "50.000000" : 14272,
            "60.000000" : 14528,
            "70.000000" : 14912,
            "80.000000" : 15296,
            "90.000000" : 16512,
            "95.000000" : 17024,
            "99.000000" : 21632,
            "99.500000" : 23936,
            "99.900000" : 150528,
            "99.950000" : 162816,
            "99.990000" : 211968
          }
        },
        "lat_ns" : {
          "min" : 9708,
          "max" : 335069,
          "mean" : 17141.496671,
          "stddev" : 6338.101158
        },
        "bw_min" : 1772848,
        "bw_max" : 1890336,
        "bw_agg" : 99.998735,
        "bw_mean" : 1828660.860335,
        "bw_dev" : 23007.590434,
        "bw_samples" : 179,
        "iops_min" : 221606,
        "iops_max" : 236292,
        "iops_mean" : 228582.592179,
        "iops_stddev" : 2875.927355,
        "iops_samples" : 179
      },
      "job_runtime" : 90000,
      "usr_cpu" : 19.621111,
      "sys_cpu" : 59.863333,
      "ctx" : 4189626,
      "majf" : 0,
      "minf" : 20,
      "iodepth_level" : {
        "1" : 0.100000,
        "2" : 0.100000,
        "4" : 99.999869,
        "8" : 0.000000,
        "16" : 0.000000,
        "32" : 0.000000,
        ">=64" : 0.000000
      },
      "iodepth_submit" : {
        "0" : 0.000000,
        "4" : 100.000000,
        "8" : 0.000000,
        "16" : 0.000000,
        "32" : 0.000000,
        "64" : 0.000000,
        ">=64" : 0.000000
      },
      "iodepth_complete" : {
        "0" : 0.000000,
        "4" : 100.000000,
        "8" : 0.000000,
        "16" : 0.000000,
        "32" : 0.000000,
        "64" : 0.000000,
        ">=64" : 0.000000
      },
      "latency_ns" : {
        "2" : 0.000000,
        "4" : 0.000000,
        "10" : 0.000000,
        "20" : 0.000000,
        "50" : 0.000000,
        "100" : 0.000000,
        "250" : 0.000000,
        "500" : 0.000000,
        "750" : 0.000000,
        "1000" : 0.000000
      },
      "latency_us" : {
        "2" : 0.000000,
        "4" : 0.000000,
        "10" : 0.480646,
        "20" : 97.997543,
        "50" : 1.326394,
        "100" : 0.047149,
        "250" : 0.147723,
        "500" : 0.010000,
        "750" : 0.000000,
        "1000" : 0.000000
      },
      "latency_ms" : {
        "2" : 0.000000,
        "4" : 0.000000,
        "10" : 0.000000,
        "20" : 0.000000,
        "50" : 0.000000,
        "100" : 0.000000,
        "250" : 0.000000,
        "500" : 0.000000,
        "750" : 0.000000,
        "1000" : 0.000000,
        "2000" : 0.000000,
        ">=2000" : 0.000000
      },
      "latency_depth" : 4,
      "latency_target" : 0,
      "latency_percentile" : 100.000000,
      "latency_window" : 0
    }
  ],
  "disk_util" : [
    {
      "name" : "nvme0n1",
      "read_ios" : 20550416,
      "write_ios" : 0,
      "read_merges" : 0,
      "write_merges" : 0,
      "read_ticks" : 255978,
      "write_ticks" : 0,
      "in_queue" : 0,
      "util" : 99.976657
    }
  ]
}
