{
  "fio version" : "fio-3.16",
  "timestamp" : 1601050762,
  "timestamp_ms" : 1601050762046,
  "time" : "Fri Sep 25 12:19:22 2020",
  "global options" : {
    "unified_rw_reporting" : "1",
    "time_based" : "1",
    "runtime" : "90",
    "directory" : "/media/auto/work/tmp",
    "filename" : "testfile.dat",
    "filesize" : "20GiB",
    "direct" : "1",
    "ioengine" : "libaio"
  },
  "jobs" : [
    {
      "jobname" : "jobname",
      "groupid" : 0,
      "error" : 0,
      "eta" : 0,
      "elapsed" : 91,
      "job options" : {
        "name" : "jobname",
        "iodepth" : "24",
        "bs" : "32k",
        "rw" : "randwrite"
      },
      "mixed" : {
        "io_bytes" : 64692224000,
        "io_kbytes" : 63176000,
        "bw_bytes" : 718786515,
        "bw" : 701939,
        "iops" : 21935.623653,
        "runtime" : 90002,
        "total_ios" : 1974250,
        "short_ios" : 0,
        "drop_ios" : 0,
        "slat_ns" : {
          "min" : 2454,
          "max" : 276729,
          "mean" : 4735.170256,
          "stddev" : 1242.182535
        },
        "clat_ns" : {
          "min" : 165460,
          "max" : 136918236,
          "mean" : 1088680.307093,
          "stddev" : 1800454.879839,
          "percentile" : {
            "1.000000" : 250880,
            "5.000000" : 280576,
            "10.000000" : 325632,
            "20.000000" : 444416,
            "30.000000" : 618496,
            "40.000000" : 806912,
            "50.000000" : 987136,
            "60.000000" : 1171456,
            "70.000000" : 1351680,
            "80.000000" : 1564672,
            "90.000000" : 1843200,
            "95.000000" : 2056192,
            "99.000000" : 2670592,
            "99.500000" : 3096576,
            "99.900000" : 5799936,
            "99.950000" : 35389440,
            "99.990000" : 94896128
          }
        },
        "lat_ns" : {
          "min" : 173295,
          "max" : 136934777,
          "mean" : 1093534.983276,
          "stddev" : 1800631.379749
        },
        "bw_min" : 9855,
        "bw_max" : 2162560,
        "bw_agg" : 99.996628,
        "bw_mean" : 701915.333333,
        "bw_dev" : 306970.252541,
        "bw_samples" : 180,
        "iops_min" : 307,
        "iops_max" : 67580,
        "iops_mean" : 21934.855556,
        "iops_stddev" : 9592.821315,
        "iops_samples" : 180
      },
      "job_runtime" : 90001,
      "usr_cpu" : 3.451073,
      "sys_cpu" : 13.392073,
      "ctx" : 1869752,
      "majf" : 0,
      "minf" : 11,
      "iodepth_level" : {
        "1" : 0.100000,
        "2" : 0.100000,
        "4" : 0.100000,
        "8" : 0.100000,
        "16" : 99.999240,
        "32" : 0.000000,
        ">=64" : 0.000000
      },
      "iodepth_submit" : {
        "0" : 0.000000,
        "4" : 100.000000,
        "8" : 0.000000,
        "16" : 0.000000,
        "32" : 0.000000,
        "64" : 0.000000,
        ">=64" : 0.000000
      },
      "iodepth_complete" : {
        "0" : 0.000000,
        "4" : 99.999949,
        "8" : 0.000000,
        "16" : 0.000000,
        "32" : 0.100000,
        "64" : 0.000000,
        ">=64" : 0.000000
      },
      "latency_ns" : {
        "2" : 0.000000,
        "4" : 0.000000,
        "10" : 0.000000,
        "20" : 0.000000,
        "50" : 0.000000,
        "100" : 0.000000,
        "250" : 0.000000,
        "500" : 0.000000,
        "750" : 0.000000,
        "1000" : 0.000000
      },
      "latency_us" : {
        "2" : 0.000000,
        "4" : 0.000000,
        "10" : 0.000000,
        "20" : 0.000000,
        "50" : 0.000000,
        "100" : 0.000000,
        "250" : 0.861086,
        "500" : 22.804964,
        "750" : 13.214588,
        "1000" : 13.742788
      },
      "latency_ms" : {
        "2" : 43.385438,
        "4" : 5.826719,
        "10" : 0.078308,
        "20" : 0.019501,
        "50" : 0.026086,
        "100" : 0.034393,
        "250" : 0.010000,
        "500" : 0.000000,
        "750" : 0.000000,
        "1000" : 0.000000,
        "2000" : 0.000000,
        ">=2000" : 0.000000
      },
      "latency_depth" : 24,
      "latency_target" : 0,
      "latency_percentile" : 100.000000,
      "latency_window" : 0
    }
  ],
  "disk_util" : [
    {
      "name" : "nvme0n1",
      "read_ios" : 0,
      "write_ios" : 1972082,
      "read_merges" : 0,
      "write_merges" : 17,
      "read_ticks" : 0,
      "write_ticks" : 2148935,
      "in_queue" : 89192,
      "util" : 97.268695
    }
  ]
}
