{
  "fio version" : "fio-3.16",
  "timestamp" : 1601070054,
  "timestamp_ms" : 1601070054898,
  "time" : "Fri Sep 25 17:40:54 2020",
  "global options" : {
    "unified_rw_reporting" : "1",
    "time_based" : "1",
    "runtime" : "90",
    "directory" : "/media/auto/work/tmp",
    "filename" : "testfile.dat",
    "filesize" : "20GiB",
    "direct" : "1",
    "ioengine" : "libaio"
  },
  "jobs" : [
    {
      "jobname" : "jobname",
      "groupid" : 0,
      "error" : 0,
      "eta" : 0,
      "elapsed" : 91,
      "job options" : {
        "name" : "jobname",
        "iodepth" : "2",
        "bs" : "512k",
        "rw" : "read"
      },
      "mixed" : {
        "io_bytes" : 258426273792,
        "io_kbytes" : 252369408,
        "bw_bytes" : 2871371138,
        "bw" : 2804073,
        "iops" : 5476.705814,
        "runtime" : 90001,
        "total_ios" : 492909,
        "short_ios" : 0,
        "drop_ios" : 0,
        "slat_ns" : {
          "min" : 13515,
          "max" : 296877,
          "mean" : 25274.990162,
          "stddev" : 3277.972683
        },
        "clat_ns" : {
          "min" : 102742,
          "max" : 944392,
          "mean" : 339229.911939,
          "stddev" : 105567.033017,
          "percentile" : {
            "1.000000" : 160768,
            "5.000000" : 181248,
            "10.000000" : 201728,
            "20.000000" : 222208,
            "30.000000" : 268288,
            "40.000000" : 317440,
            "50.000000" : 350208,
            "60.000000" : 374784,
            "70.000000" : 395264,
            "80.000000" : 423936,
            "90.000000" : 468992,
            "95.000000" : 505856,
            "99.000000" : 610304,
            "99.500000" : 651264,
            "99.900000" : 716800,
            "99.950000" : 741376,
            "99.990000" : 798720
          }
        },
        "lat_ns" : {
          "min" : 169428,
          "max" : 971734,
          "mean" : 364628.353988,
          "stddev" : 105190.127766
        },
        "bw_min" : 2775040,
        "bw_max" : 2829312,
        "bw_agg" : 99.995125,
        "bw_mean" : 2803936.290503,
        "bw_dev" : 9833.505160,
        "bw_samples" : 179,
        "iops_min" : 5420,
        "iops_max" : 5526,
        "iops_mean" : 5476.435754,
        "iops_stddev" : 19.208497,
        "iops_samples" : 179
      },
      "job_runtime" : 90000,
      "usr_cpu" : 0.672222,
      "sys_cpu" : 14.992222,
      "ctx" : 476964,
      "majf" : 0,
      "minf" : 268,
      "iodepth_level" : {
        "1" : 0.100000,
        "2" : 99.997363,
        "4" : 0.000000,
        "8" : 0.000000,
        "16" : 0.000000,
        "32" : 0.000000,
        ">=64" : 0.000000
      },
      "iodepth_submit" : {
        "0" : 0.000000,
        "4" : 100.000000,
        "8" : 0.000000,
        "16" : 0.000000,
        "32" : 0.000000,
        "64" : 0.000000,
        ">=64" : 0.000000
      },
      "iodepth_complete" : {
        "0" : 0.000000,
        "4" : 100.000000,
        "8" : 0.000000,
        "16" : 0.000000,
        "32" : 0.000000,
        "64" : 0.000000,
        ">=64" : 0.000000
      },
      "latency_ns" : {
        "2" : 0.000000,
        "4" : 0.000000,
        "10" : 0.000000,
        "20" : 0.000000,
        "50" : 0.000000,
        "100" : 0.000000,
        "250" : 0.000000,
        "500" : 0.000000,
        "750" : 0.000000,
        "1000" : 0.000000
      },
      "latency_us" : {
        "2" : 0.000000,
        "4" : 0.000000,
        "10" : 0.000000,
        "20" : 0.000000,
        "50" : 0.000000,
        "100" : 0.000000,
        "250" : 27.564317,
        "500" : 66.802392,
        "750" : 5.588861,
        "1000" : 0.044430
      },
      "latency_ms" : {
        "2" : 0.000000,
        "4" : 0.000000,
        "10" : 0.000000,
        "20" : 0.000000,
        "50" : 0.000000,
        "100" : 0.000000,
        "250" : 0.000000,
        "500" : 0.000000,
        "750" : 0.000000,
        "1000" : 0.000000,
        "2000" : 0.000000,
        ">=2000" : 0.000000
      },
      "latency_depth" : 2,
      "latency_target" : 0,
      "latency_percentile" : 100.000000,
      "latency_window" : 0
    }
  ],
  "disk_util" : [
    {
      "name" : "nvme0n1",
      "read_ios" : 984720,
      "write_ios" : 0,
      "read_merges" : 0,
      "write_merges" : 0,
      "read_ticks" : 332204,
      "write_ticks" : 0,
      "in_queue" : 0,
      "util" : 99.937750
    }
  ]
}
