{
  "fio version" : "fio-3.16",
  "timestamp" : 1601061660,
  "timestamp_ms" : 1601061660566,
  "time" : "Fri Sep 25 15:21:00 2020",
  "global options" : {
    "unified_rw_reporting" : "1",
    "time_based" : "1",
    "runtime" : "90",
    "directory" : "/media/auto/work/tmp",
    "filename" : "testfile.dat",
    "filesize" : "20GiB",
    "direct" : "1",
    "ioengine" : "libaio"
  },
  "jobs" : [
    {
      "jobname" : "jobname",
      "groupid" : 0,
      "error" : 0,
      "eta" : 0,
      "elapsed" : 91,
      "job options" : {
        "name" : "jobname",
        "iodepth" : "4",
        "bs" : "256k",
        "rw" : "randread"
      },
      "mixed" : {
        "io_bytes" : 104427421696,
        "io_kbytes" : 101979904,
        "bw_bytes" : 1160291793,
        "bw" : 1133097,
        "iops" : 4426.161932,
        "runtime" : 90001,
        "total_ios" : 398359,
        "short_ios" : 0,
        "drop_ios" : 0,
        "slat_ns" : {
          "min" : 6943,
          "max" : 156073,
          "mean" : 13403.468505,
          "stddev" : 1660.452758
        },
        "clat_ns" : {
          "min" : 170490,
          "max" : 2820533,
          "mean" : 889514.743621,
          "stddev" : 173595.933563,
          "percentile" : {
            "1.000000" : 333824,
            "5.000000" : 634880,
            "10.000000" : 692224,
            "20.000000" : 765952,
            "30.000000" : 815104,
            "40.000000" : 839680,
            "50.000000" : 888832,
            "60.000000" : 921600,
            "70.000000" : 962560,
            "80.000000" : 1019904,
            "90.000000" : 1105920,
            "95.000000" : 1171456,
            "99.000000" : 1335296,
            "99.500000" : 1400832,
            "99.900000" : 1581056,
            "99.950000" : 1662976,
            "99.990000" : 1875968
          }
        },
        "lat_ns" : {
          "min" : 183555,
          "max" : 2833638,
          "mean" : 903045.702020,
          "stddev" : 173528.769871
        },
        "bw_min" : 1011200,
        "bw_max" : 1525760,
        "bw_agg" : 99.994873,
        "bw_mean" : 1133038.905556,
        "bw_dev" : 48246.389460,
        "bw_samples" : 180,
        "iops_min" : 3950,
        "iops_max" : 5960,
        "iops_mean" : 4425.927778,
        "iops_stddev" : 188.463355,
        "iops_samples" : 180
      },
      "job_runtime" : 90000,
      "usr_cpu" : 0.676667,
      "sys_cpu" : 6.782222,
      "ctx" : 387055,
      "majf" : 0,
      "minf" : 265,
      "iodepth_level" : {
        "1" : 0.100000,
        "2" : 0.100000,
        "4" : 99.999247,
        "8" : 0.000000,
        "16" : 0.000000,
        "32" : 0.000000,
        ">=64" : 0.000000
      },
      "iodepth_submit" : {
        "0" : 0.000000,
        "4" : 100.000000,
        "8" : 0.000000,
        "16" : 0.000000,
        "32" : 0.000000,
        "64" : 0.000000,
        ">=64" : 0.000000
      },
      "iodepth_complete" : {
        "0" : 0.000000,
        "4" : 100.000000,
        "8" : 0.000000,
        "16" : 0.000000,
        "32" : 0.000000,
        "64" : 0.000000,
        ">=64" : 0.000000
      },
      "latency_ns" : {
        "2" : 0.000000,
        "4" : 0.000000,
        "10" : 0.000000,
        "20" : 0.000000,
        "50" : 0.000000,
        "100" : 0.000000,
        "250" : 0.000000,
        "500" : 0.000000,
        "750" : 0.000000,
        "1000" : 0.000000
      },
      "latency_us" : {
        "2" : 0.000000,
        "4" : 0.000000,
        "10" : 0.000000,
        "20" : 0.000000,
        "50" : 0.000000,
        "100" : 0.000000,
        "250" : 0.234462,
        "500" : 1.423339,
        "750" : 15.355496,
        "1000" : 59.378350
      },
      "latency_ms" : {
        "2" : 23.604588,
        "4" : 0.010000,
        "10" : 0.000000,
        "20" : 0.000000,
        "50" : 0.000000,
        "100" : 0.000000,
        "250" : 0.000000,
        "500" : 0.000000,
        "750" : 0.000000,
        "1000" : 0.000000,
        "2000" : 0.000000,
        ">=2000" : 0.000000
      },
      "latency_depth" : 4,
      "latency_target" : 0,
      "latency_percentile" : 100.000000,
      "latency_window" : 0
    }
  ],
  "disk_util" : [
    {
      "name" : "nvme0n1",
      "read_ios" : 397919,
      "write_ios" : 0,
      "read_merges" : 0,
      "write_merges" : 0,
      "read_ticks" : 355286,
      "write_ticks" : 0,
      "in_queue" : 0,
      "util" : 99.929971
    }
  ]
}
