{
  "fio version" : "fio-3.16",
  "timestamp" : 1601051936,
  "timestamp_ms" : 1601051936079,
  "time" : "Fri Sep 25 12:38:56 2020",
  "global options" : {
    "unified_rw_reporting" : "1",
    "time_based" : "1",
    "runtime" : "90",
    "directory" : "/media/auto/work/tmp",
    "filename" : "testfile.dat",
    "filesize" : "20GiB",
    "direct" : "1",
    "ioengine" : "libaio"
  },
  "jobs" : [
    {
      "jobname" : "jobname",
      "groupid" : 0,
      "error" : 0,
      "eta" : 0,
      "elapsed" : 91,
      "job options" : {
        "name" : "jobname",
        "iodepth" : "20",
        "bs" : "512k",
        "rw" : "randwrite"
      },
      "mixed" : {
        "io_bytes" : 67395649536,
        "io_kbytes" : 65816064,
        "bw_bytes" : 748724082,
        "bw" : 731175,
        "iops" : 1428.077855,
        "runtime" : 90014,
        "total_ios" : 128547,
        "short_ios" : 0,
        "drop_ios" : 0,
        "slat_ns" : {
          "min" : 17092,
          "max" : 12098264,
          "mean" : 31430.044272,
          "stddev" : 120532.540994
        },
        "clat_ns" : {
          "min" : 500169,
          "max" : 71665590,
          "mean" : 13971265.280574,
          "stddev" : 4823324.220936,
          "percentile" : {
            "1.000000" : 4079616,
            "5.000000" : 4145152,
            "10.000000" : 4358144,
            "20.000000" : 13959168,
            "30.000000" : 14483456,
            "40.000000" : 14745600,
            "50.000000" : 15007744,
            "60.000000" : 15138816,
            "70.000000" : 15400960,
            "80.000000" : 15663104,
            "90.000000" : 16056320,
            "95.000000" : 16908288,
            "99.000000" : 24248320,
            "99.500000" : 33423360,
            "99.900000" : 64225280,
            "99.950000" : 67633152,
            "99.990000" : 70778880
          }
        },
        "lat_ns" : {
          "min" : 523001,
          "max" : 79186414,
          "mean" : 14002935.038056,
          "stddev" : 4835355.508572
        },
        "bw_min" : 612351,
        "bw_max" : 2361344,
        "bw_agg" : 99.999875,
        "bw_mean" : 731174.083333,
        "bw_dev" : 316770.290078,
        "bw_samples" : 180,
        "iops_min" : 1195,
        "iops_max" : 4612,
        "iops_mean" : 1428.072222,
        "iops_stddev" : 618.692404,
        "iops_samples" : 180
      },
      "job_runtime" : 90013,
      "usr_cpu" : 1.500894,
      "sys_cpu" : 3.972759,
      "ctx" : 128174,
      "majf" : 0,
      "minf" : 12,
      "iodepth_level" : {
        "1" : 0.100000,
        "2" : 0.100000,
        "4" : 0.100000,
        "8" : 0.100000,
        "16" : 99.988331,
        "32" : 0.000000,
        ">=64" : 0.000000
      },
      "iodepth_submit" : {
        "0" : 0.000000,
        "4" : 100.000000,
        "8" : 0.000000,
        "16" : 0.000000,
        "32" : 0.000000,
        "64" : 0.000000,
        ">=64" : 0.000000
      },
      "iodepth_complete" : {
        "0" : 0.000000,
        "4" : 99.999222,
        "8" : 0.000000,
        "16" : 0.000000,
        "32" : 0.100000,
        "64" : 0.000000,
        ">=64" : 0.000000
      },
      "latency_ns" : {
        "2" : 0.000000,
        "4" : 0.000000,
        "10" : 0.000000,
        "20" : 0.000000,
        "50" : 0.000000,
        "100" : 0.000000,
        "250" : 0.000000,
        "500" : 0.000000,
        "750" : 0.000000,
        "1000" : 0.000000
      },
      "latency_us" : {
        "2" : 0.000000,
        "4" : 0.000000,
        "10" : 0.000000,
        "20" : 0.000000,
        "50" : 0.000000,
        "100" : 0.000000,
        "250" : 0.000000,
        "500" : 0.000000,
        "750" : 0.010000,
        "1000" : 0.010000
      },
      "latency_ms" : {
        "2" : 0.010000,
        "4" : 0.252826,
        "10" : 13.171058,
        "20" : 84.451601,
        "50" : 1.864688,
        "100" : 0.248936,
        "250" : 0.000000,
        "500" : 0.000000,
        "750" : 0.000000,
        "1000" : 0.000000,
        "2000" : 0.000000,
        ">=2000" : 0.000000
      },
      "latency_depth" : 20,
      "latency_target" : 0,
      "latency_percentile" : 100.000000,
      "latency_window" : 0
    }
  ],
  "disk_util" : [
    {
      "name" : "nvme0n1",
      "read_ios" : 0,
      "write_ios" : 128425,
      "read_merges" : 0,
      "write_merges" : 17,
      "read_ticks" : 0,
      "write_ticks" : 1794330,
      "in_queue" : 1483980,
      "util" : 98.308099
    }
  ]
}
