{
  "fio version" : "fio-3.16",
  "timestamp" : 1600569929,
  "timestamp_ms" : 1600569929278,
  "time" : "Sat Sep 19 22:45:29 2020",
  "global options" : {
    "unified_rw_reporting" : "1",
    "time_based" : "1",
    "runtime" : "90",
    "directory" : "/media/auto/work/tmp",
    "filename" : "testfile.dat",
    "filesize" : "20GiB",
    "direct" : "1",
    "ioengine" : "libaio"
  },
  "jobs" : [
    {
      "jobname" : "jobname",
      "groupid" : 0,
      "error" : 0,
      "eta" : 0,
      "elapsed" : 91,
      "job options" : {
        "name" : "jobname",
        "iodepth" : "1",
        "bs" : "32k",
        "rw" : "write"
      },
      "mixed" : {
        "io_bytes" : 69564071936,
        "io_kbytes" : 67933664,
        "bw_bytes" : 772444917,
        "bw" : 754340,
        "iops" : 23573.148117,
        "runtime" : 90057,
        "total_ios" : 2122927,
        "short_ios" : 0,
        "drop_ios" : 0,
        "slat_ns" : {
          "min" : 2374,
          "max" : 263485,
          "mean" : 4220.068546,
          "stddev" : 699.654602
        },
        "clat_ns" : {
          "min" : 451,
          "max" : 65080056,
          "mean" : 37625.070506,
          "stddev" : 199109.629158,
          "percentile" : {
            "1.000000" : 18304,
            "5.000000" : 18560,
            "10.000000" : 18816,
            "20.000000" : 19328,
            "30.000000" : 19328,
            "40.000000" : 19584,
            "50.000000" : 19584,
            "60.000000" : 19840,
            "70.000000" : 20096,
            "80.000000" : 21376,
            "90.000000" : 31104,
            "95.000000" : 87552,
            "99.000000" : 473088,
            "99.500000" : 692224,
            "99.900000" : 1204224,
            "99.950000" : 1499136,
            "99.990000" : 1974272
          }
        },
        "lat_ns" : {
          "min" : 19978,
          "max" : 65083933,
          "mean" : 41947.486155,
          "stddev" : 199125.099485
        },
        "bw_min" : 621503,
        "bw_max" : 1318080,
        "bw_agg" : 100.000000,
        "bw_mean" : 754765.772222,
        "bw_dev" : 218062.459291,
        "bw_samples" : 180,
        "iops_min" : 19421,
        "iops_max" : 41190,
        "iops_mean" : 23586.422222,
        "iops_stddev" : 6814.474962,
        "iops_samples" : 180
      },
      "job_runtime" : 90056,
      "usr_cpu" : 3.267967,
      "sys_cpu" : 13.146265,
      "ctx" : 2123161,
      "majf" : 0,
      "minf" : 14,
      "iodepth_level" : {
        "1" : 100.000000,
        "2" : 0.000000,
        "4" : 0.000000,
        "8" : 0.000000,
        "16" : 0.000000,
        "32" : 0.000000,
        ">=64" : 0.000000
      },
      "iodepth_submit" : {
        "0" : 0.000000,
        "4" : 100.000000,
        "8" : 0.000000,
        "16" : 0.000000,
        "32" : 0.000000,
        "64" : 0.000000,
        ">=64" : 0.000000
      },
      "iodepth_complete" : {
        "0" : 0.000000,
        "4" : 100.000000,
        "8" : 0.000000,
        "16" : 0.000000,
        "32" : 0.000000,
        "64" : 0.000000,
        ">=64" : 0.000000
      },
      "latency_ns" : {
        "2" : 0.000000,
        "4" : 0.000000,
        "10" : 0.000000,
        "20" : 0.000000,
        "50" : 0.000000,
        "100" : 0.000000,
        "250" : 0.000000,
        "500" : 0.010000,
        "750" : 0.010000,
        "1000" : 0.000000
      },
      "latency_us" : {
        "2" : 0.000000,
        "4" : 0.010000,
        "10" : 0.010000,
        "20" : 66.693485,
        "50" : 26.674775,
        "100" : 2.006051,
        "250" : 2.334795,
        "500" : 1.381866,
        "750" : 0.485179,
        "1000" : 0.226197
      },
      "latency_ms" : {
        "2" : 0.186205,
        "4" : 0.010000,
        "10" : 0.010000,
        "20" : 0.010000,
        "50" : 0.010000,
        "100" : 0.010000,
        "250" : 0.000000,
        "500" : 0.000000,
        "750" : 0.000000,
        "1000" : 0.000000,
        "2000" : 0.000000,
        ">=2000" : 0.000000
      },
      "latency_depth" : 1,
      "latency_target" : 0,
      "latency_percentile" : 100.000000,
      "latency_window" : 0
    }
  ],
  "disk_util" : [
    {
      "name" : "nvme0n1",
      "read_ios" : 0,
      "write_ios" : 2120859,
      "read_merges" : 0,
      "write_merges" : 17,
      "read_ticks" : 0,
      "write_ticks" : 81792,
      "in_queue" : 2280,
      "util" : 98.569348
    }
  ]
}
