{
  "fio version" : "fio-3.16",
  "timestamp" : 1601082738,
  "timestamp_ms" : 1601082738513,
  "time" : "Fri Sep 25 21:12:18 2020",
  "global options" : {
    "unified_rw_reporting" : "1",
    "time_based" : "1",
    "runtime" : "90",
    "directory" : "/media/auto/work/tmp",
    "filename" : "testfile.dat",
    "filesize" : "20GiB",
    "direct" : "1",
    "ioengine" : "libaio"
  },
  "jobs" : [
    {
      "jobname" : "jobname",
      "groupid" : 0,
      "error" : 0,
      "eta" : 0,
      "elapsed" : 91,
      "job options" : {
        "name" : "jobname",
        "iodepth" : "12",
        "bs" : "512k",
        "rw" : "randread"
      },
      "mixed" : {
        "io_bytes" : 109106429952,
        "io_kbytes" : 106549248,
        "bw_bytes" : 1212226320,
        "bw" : 1183814,
        "iops" : 2312.138215,
        "runtime" : 90005,
        "total_ios" : 208104,
        "short_ios" : 0,
        "drop_ios" : 0,
        "slat_ns" : {
          "min" : 11001,
          "max" : 160481,
          "mean" : 22118.675850,
          "stddev" : 3331.562076
        },
        "clat_ns" : {
          "min" : 1213949,
          "max" : 9145313,
          "mean" : 5166829.046020,
          "stddev" : 540044.230272,
          "percentile" : {
            "1.000000" : 1974272,
            "5.000000" : 4620288,
            "10.000000" : 4751360,
            "20.000000" : 4947968,
            "30.000000" : 5013504,
            "40.000000" : 5144576,
            "50.000000" : 5210112,
            "60.000000" : 5275648,
            "70.000000" : 5406720,
            "80.000000" : 5472256,
            "90.000000" : 5668864,
            "95.000000" : 5799936,
            "99.000000" : 6062080,
            "99.500000" : 6193152,
            "99.900000" : 6389760,
            "99.950000" : 6520832,
            "99.990000" : 6782976
          }
        },
        "lat_ns" : {
          "min" : 1234978,
          "max" : 9166312,
          "mean" : 5189092.071551,
          "stddev" : 540013.389685
        },
        "bw_min" : 1155072,
        "bw_max" : 1610752,
        "bw_agg" : 99.995668,
        "bw_mean" : 1183762.722222,
        "bw_dev" : 59169.283885,
        "bw_samples" : 180,
        "iops_min" : 2256,
        "iops_max" : 3146,
        "iops_mean" : 2312.027778,
        "iops_stddev" : 115.559143,
        "iops_samples" : 180
      },
      "job_runtime" : 90004,
      "usr_cpu" : 0.417759,
      "sys_cpu" : 5.708635,
      "ctx" : 204134,
      "majf" : 0,
      "minf" : 1546,
      "iodepth_level" : {
        "1" : 0.100000,
        "2" : 0.100000,
        "4" : 0.100000,
        "8" : 99.996636,
        "16" : 0.000000,
        "32" : 0.000000,
        ">=64" : 0.000000
      },
      "iodepth_submit" : {
        "0" : 0.000000,
        "4" : 100.000000,
        "8" : 0.000000,
        "16" : 0.000000,
        "32" : 0.000000,
        "64" : 0.000000,
        ">=64" : 0.000000
      },
      "iodepth_complete" : {
        "0" : 0.000000,
        "4" : 99.999519,
        "8" : 0.000000,
        "16" : 0.100000,
        "32" : 0.000000,
        "64" : 0.000000,
        ">=64" : 0.000000
      },
      "latency_ns" : {
        "2" : 0.000000,
        "4" : 0.000000,
        "10" : 0.000000,
        "20" : 0.000000,
        "50" : 0.000000,
        "100" : 0.000000,
        "250" : 0.000000,
        "500" : 0.000000,
        "750" : 0.000000,
        "1000" : 0.000000
      },
      "latency_us" : {
        "2" : 0.000000,
        "4" : 0.000000,
        "10" : 0.000000,
        "20" : 0.000000,
        "50" : 0.000000,
        "100" : 0.000000,
        "250" : 0.000000,
        "500" : 0.000000,
        "750" : 0.000000,
        "1000" : 0.000000
      },
      "latency_ms" : {
        "2" : 1.010552,
        "4" : 0.964422,
        "10" : 98.025026,
        "20" : 0.000000,
        "50" : 0.000000,
        "100" : 0.000000,
        "250" : 0.000000,
        "500" : 0.000000,
        "750" : 0.000000,
        "1000" : 0.000000,
        "2000" : 0.000000,
        ">=2000" : 0.000000
      },
      "latency_depth" : 12,
      "latency_target" : 0,
      "latency_percentile" : 100.000000,
      "latency_window" : 0
    }
  ],
  "disk_util" : [
    {
      "name" : "nvme0n1",
      "read_ios" : 207861,
      "write_ios" : 0,
      "read_merges" : 0,
      "write_merges" : 0,
      "read_ticks" : 1075061,
      "write_ticks" : 0,
      "in_queue" : 815024,
      "util" : 99.937750
    }
  ]
}
