{
  "fio version" : "fio-3.16",
  "timestamp" : 1601045804,
  "timestamp_ms" : 1601045804463,
  "time" : "Fri Sep 25 10:56:44 2020",
  "global options" : {
    "unified_rw_reporting" : "1",
    "time_based" : "1",
    "runtime" : "90",
    "directory" : "/media/auto/work/tmp",
    "filename" : "testfile.dat",
    "filesize" : "20GiB",
    "direct" : "1",
    "ioengine" : "libaio"
  },
  "jobs" : [
    {
      "jobname" : "jobname",
      "groupid" : 0,
      "error" : 0,
      "eta" : 0,
      "elapsed" : 91,
      "job options" : {
        "name" : "jobname",
        "iodepth" : "6",
        "bs" : "16k",
        "rw" : "write"
      },
      "mixed" : {
        "io_bytes" : 73411526656,
        "io_kbytes" : 71690944,
        "bw_bytes" : 815656440,
        "bw" : 796539,
        "iops" : 49783.718321,
        "runtime" : 90003,
        "total_ios" : 4480684,
        "short_ios" : 0,
        "drop_ios" : 0,
        "slat_ns" : {
          "min" : 1913,
          "max" : 410831,
          "mean" : 3691.282502,
          "stddev" : 1426.610315
        },
        "clat_ns" : {
          "min" : 13255,
          "max" : 63937077,
          "mean" : 116290.688095,
          "stddev" : 354805.964051,
          "percentile" : {
            "1.000000" : 25472,
            "5.000000" : 29056,
            "10.000000" : 31104,
            "20.000000" : 33536,
            "30.000000" : 35584,
            "40.000000" : 37632,
            "50.000000" : 41216,
            "60.000000" : 50432,
            "70.000000" : 73216,
            "80.000000" : 122368,
            "90.000000" : 268288,
            "95.000000" : 464896,
            "99.000000" : 1089536,
            "99.500000" : 1384448,
            "99.900000" : 1941504,
            "99.950000" : 2072576,
            "99.990000" : 3293184
          }
        },
        "lat_ns" : {
          "min" : 16451,
          "max" : 63940824,
          "mean" : 120110.482767,
          "stddev" : 354776.479170
        },
        "bw_min" : 616991,
        "bw_max" : 2459880,
        "bw_agg" : 99.994333,
        "bw_mean" : 796493.861111,
        "bw_dev" : 449956.121641,
        "bw_samples" : 180,
        "iops_min" : 38561,
        "iops_max" : 153742,
        "iops_mean" : 49780.861111,
        "iops_stddev" : 28122.248196,
        "iops_samples" : 180
      },
      "job_runtime" : 90002,
      "usr_cpu" : 5.965423,
      "sys_cpu" : 22.031733,
      "ctx" : 2685916,
      "majf" : 0,
      "minf" : 12,
      "iodepth_level" : {
        "1" : 0.100000,
        "2" : 0.100000,
        "4" : 99.999732,
        "8" : 0.000000,
        "16" : 0.000000,
        "32" : 0.000000,
        ">=64" : 0.000000
      },
      "iodepth_submit" : {
        "0" : 0.000000,
        "4" : 100.000000,
        "8" : 0.000000,
        "16" : 0.000000,
        "32" : 0.000000,
        "64" : 0.000000,
        ">=64" : 0.000000
      },
      "iodepth_complete" : {
        "0" : 0.000000,
        "4" : 99.999911,
        "8" : 0.100000,
        "16" : 0.000000,
        "32" : 0.000000,
        "64" : 0.000000,
        ">=64" : 0.000000
      },
      "latency_ns" : {
        "2" : 0.000000,
        "4" : 0.000000,
        "10" : 0.000000,
        "20" : 0.000000,
        "50" : 0.000000,
        "100" : 0.000000,
        "250" : 0.000000,
        "500" : 0.000000,
        "750" : 0.000000,
        "1000" : 0.000000
      },
      "latency_us" : {
        "2" : 0.000000,
        "4" : 0.000000,
        "10" : 0.000000,
        "20" : 0.018859,
        "50" : 59.461457,
        "100" : 16.999503,
        "250" : 12.827171,
        "500" : 6.226460,
        "750" : 2.243385,
        "1000" : 1.004556
      },
      "latency_ms" : {
        "2" : 1.137081,
        "4" : 0.073270,
        "10" : 0.010000,
        "20" : 0.010000,
        "50" : 0.010000,
        "100" : 0.010000,
        "250" : 0.000000,
        "500" : 0.000000,
        "750" : 0.000000,
        "1000" : 0.000000,
        "2000" : 0.000000,
        ">=2000" : 0.000000
      },
      "latency_depth" : 6,
      "latency_target" : 0,
      "latency_percentile" : 100.000000,
      "latency_window" : 0
    }
  ],
  "disk_util" : [
    {
      "name" : "nvme0n1",
      "read_ios" : 0,
      "write_ios" : 4476416,
      "read_merges" : 0,
      "write_merges" : 17,
      "read_ticks" : 0,
      "write_ticks" : 515759,
      "in_queue" : 10308,
      "util" : 98.438282
    }
  ]
}
