{
  "fio version" : "fio-3.16",
  "timestamp" : 1601048935,
  "timestamp_ms" : 1601048935586,
  "time" : "Fri Sep 25 11:48:55 2020",
  "global options" : {
    "unified_rw_reporting" : "1",
    "time_based" : "1",
    "runtime" : "90",
    "directory" : "/media/auto/work/tmp",
    "filename" : "testfile.dat",
    "filesize" : "20GiB",
    "direct" : "1",
    "ioengine" : "libaio"
  },
  "jobs" : [
    {
      "jobname" : "jobname",
      "groupid" : 0,
      "error" : 0,
      "eta" : 0,
      "elapsed" : 91,
      "job options" : {
        "name" : "jobname",
        "iodepth" : "28",
        "bs" : "4k",
        "rw" : "randwrite"
      },
      "mixed" : {
        "io_bytes" : 62765330432,
        "io_kbytes" : 61294268,
        "bw_bytes" : 696912465,
        "bw" : 680578,
        "iops" : 170144.644800,
        "runtime" : 90062,
        "total_ios" : 15323567,
        "short_ios" : 0,
        "drop_ios" : 0,
        "slat_ns" : {
          "min" : 1483,
          "max" : 13494614,
          "mean" : 3019.545058,
          "stddev" : 3676.028993
        },
        "clat_ns" : {
          "min" : 59331,
          "max" : 459809057,
          "mean" : 160933.856067,
          "stddev" : 766599.592966,
          "percentile" : {
            "1.000000" : 70144,
            "5.000000" : 82432,
            "10.000000" : 85504,
            "20.000000" : 89600,
            "30.000000" : 91648,
            "40.000000" : 103936,
            "50.000000" : 123392,
            "60.000000" : 125440,
            "70.000000" : 126464,
            "80.000000" : 142336,
            "90.000000" : 232448,
            "95.000000" : 415744,
            "99.000000" : 929792,
            "99.500000" : 1187840,
            "99.900000" : 1859584,
            "99.950000" : 2179072,
            "99.990000" : 17170432
          }
        },
        "lat_ns" : {
          "min" : 61936,
          "max" : 459812192,
          "mean" : 164057.061423,
          "stddev" : 766590.354955
        },
        "bw_min" : 37951,
        "bw_max" : 1243752,
        "bw_agg" : 100.000000,
        "bw_mean" : 681016.722222,
        "bw_dev" : 177766.667063,
        "bw_samples" : 180,
        "iops_min" : 9487,
        "iops_max" : 310938,
        "iops_mean" : 170254.216667,
        "iops_stddev" : 44441.657472,
        "iops_samples" : 180
      },
      "job_runtime" : 90061,
      "usr_cpu" : 18.148810,
      "sys_cpu" : 50.731171,
      "ctx" : 153626,
      "majf" : 0,
      "minf" : 12,
      "iodepth_level" : {
        "1" : 0.100000,
        "2" : 0.100000,
        "4" : 0.100000,
        "8" : 0.100000,
        "16" : 99.999902,
        "32" : 0.000000,
        ">=64" : 0.000000
      },
      "iodepth_submit" : {
        "0" : 0.000000,
        "4" : 100.000000,
        "8" : 0.000000,
        "16" : 0.000000,
        "32" : 0.000000,
        "64" : 0.000000,
        ">=64" : 0.000000
      },
      "iodepth_complete" : {
        "0" : 0.000000,
        "4" : 99.999993,
        "8" : 0.000000,
        "16" : 0.000000,
        "32" : 0.100000,
        "64" : 0.000000,
        ">=64" : 0.000000
      },
      "latency_ns" : {
        "2" : 0.000000,
        "4" : 0.000000,
        "10" : 0.000000,
        "20" : 0.000000,
        "50" : 0.000000,
        "100" : 0.000000,
        "250" : 0.000000,
        "500" : 0.000000,
        "750" : 0.000000,
        "1000" : 0.000000
      },
      "latency_us" : {
        "2" : 0.000000,
        "4" : 0.000000,
        "10" : 0.000000,
        "20" : 0.000000,
        "50" : 0.000000,
        "100" : 37.769581,
        "250" : 52.955869,
        "500" : 5.595525,
        "750" : 2.002386,
        "1000" : 0.845508
      },
      "latency_ms" : {
        "2" : 0.764195,
        "4" : 0.039475,
        "10" : 0.010000,
        "20" : 0.011734,
        "50" : 0.010000,
        "100" : 0.010000,
        "250" : 0.000000,
        "500" : 0.010000,
        "750" : 0.000000,
        "1000" : 0.000000,
        "2000" : 0.000000,
        ">=2000" : 0.000000
      },
      "latency_depth" : 28,
      "latency_target" : 0,
      "latency_percentile" : 100.000000,
      "latency_window" : 0
    }
  ],
  "disk_util" : [
    {
      "name" : "nvme0n1",
      "read_ios" : 0,
      "write_ios" : 15306851,
      "read_merges" : 0,
      "write_merges" : 17,
      "read_ticks" : 0,
      "write_ticks" : 1203723,
      "in_queue" : 87316,
      "util" : 97.553384
    }
  ]
}
