{
  "fio version" : "fio-3.16",
  "timestamp" : 1601069392,
  "timestamp_ms" : 1601069392194,
  "time" : "Fri Sep 25 17:29:52 2020",
  "global options" : {
    "unified_rw_reporting" : "1",
    "time_based" : "1",
    "runtime" : "90",
    "directory" : "/media/auto/work/tmp",
    "filename" : "testfile.dat",
    "filesize" : "20GiB",
    "direct" : "1",
    "ioengine" : "libaio"
  },
  "jobs" : [
    {
      "jobname" : "jobname",
      "groupid" : 0,
      "error" : 0,
      "eta" : 0,
      "elapsed" : 91,
      "job options" : {
        "name" : "jobname",
        "iodepth" : "16",
        "bs" : "256k",
        "rw" : "read"
      },
      "mixed" : {
        "io_bytes" : 325994414080,
        "io_kbytes" : 318353920,
        "bw_bytes" : 3622119910,
        "bw" : 3537226,
        "iops" : 13817.290919,
        "runtime" : 90001,
        "total_ios" : 1243570,
        "short_ios" : 0,
        "drop_ios" : 0,
        "slat_ns" : {
          "min" : 5931,
          "max" : 292800,
          "mean" : 10409.515320,
          "stddev" : 1917.745073
        },
        "clat_ns" : {
          "min" : 209413,
          "max" : 2207162,
          "mean" : 1146929.894890,
          "stddev" : 110216.193915,
          "percentile" : {
            "1.000000" : 897024,
            "5.000000" : 954368,
            "10.000000" : 995328,
            "20.000000" : 1073152,
            "30.000000" : 1105920,
            "40.000000" : 1138688,
            "50.000000" : 1138688,
            "60.000000" : 1155072,
            "70.000000" : 1171456,
            "80.000000" : 1220608,
            "90.000000" : 1302528,
            "95.000000" : 1351680,
            "99.000000" : 1417216,
            "99.500000" : 1433600,
            "99.900000" : 1482752,
            "99.950000" : 1499136,
            "99.990000" : 1597440
          }
        },
        "lat_ns" : {
          "min" : 222237,
          "max" : 2216830,
          "mean" : 1157444.628577,
          "stddev" : 110174.344246
        },
        "bw_min" : 3527168,
        "bw_max" : 3541504,
        "bw_agg" : 99.994371,
        "bw_mean" : 3537026.905556,
        "bw_dev" : 3355.383863,
        "bw_samples" : 180,
        "iops_min" : 13778,
        "iops_max" : 13834,
        "iops_mean" : 13816.500000,
        "iops_stddev" : 13.125735,
        "iops_samples" : 180
      },
      "job_runtime" : 90000,
      "usr_cpu" : 1.708889,
      "sys_cpu" : 16.474444,
      "ctx" : 1238595,
      "majf" : 0,
      "minf" : 1034,
      "iodepth_level" : {
        "1" : 0.100000,
        "2" : 0.100000,
        "4" : 0.100000,
        "8" : 0.100000,
        "16" : 99.979495,
        "32" : 0.000000,
        ">=64" : 0.000000
      },
      "iodepth_submit" : {
        "0" : 0.000000,
        "4" : 100.000000,
        "8" : 0.000000,
        "16" : 0.000000,
        "32" : 0.000000,
        "64" : 0.000000,
        ">=64" : 0.000000
      },
      "iodepth_complete" : {
        "0" : 0.000000,
        "4" : 99.998633,
        "8" : 0.000000,
        "16" : 0.100000,
        "32" : 0.000000,
        "64" : 0.000000,
        ">=64" : 0.000000
      },
      "latency_ns" : {
        "2" : 0.000000,
        "4" : 0.000000,
        "10" : 0.000000,
        "20" : 0.000000,
        "50" : 0.000000,
        "100" : 0.000000,
        "250" : 0.000000,
        "500" : 0.000000,
        "750" : 0.000000,
        "1000" : 0.000000
      },
      "latency_us" : {
        "2" : 0.000000,
        "4" : 0.000000,
        "10" : 0.000000,
        "20" : 0.000000,
        "50" : 0.000000,
        "100" : 0.000000,
        "250" : 0.010000,
        "500" : 0.010000,
        "750" : 0.010000,
        "1000" : 10.182861
      },
      "latency_ms" : {
        "2" : 89.808294,
        "4" : 0.010000,
        "10" : 0.000000,
        "20" : 0.000000,
        "50" : 0.000000,
        "100" : 0.000000,
        "250" : 0.000000,
        "500" : 0.000000,
        "750" : 0.000000,
        "1000" : 0.000000,
        "2000" : 0.000000,
        ">=2000" : 0.000000
      },
      "latency_depth" : 16,
      "latency_target" : 0,
      "latency_percentile" : 100.000000,
      "latency_window" : 0
    }
  ],
  "disk_util" : [
    {
      "name" : "nvme0n1",
      "read_ios" : 1242172,
      "write_ios" : 0,
      "read_merges" : 0,
      "write_merges" : 0,
      "read_ticks" : 1427666,
      "write_ticks" : 0,
      "in_queue" : 0,
      "util" : 99.928860
    }
  ]
}
