{
  "fio version" : "fio-3.16",
  "timestamp" : 1601047631,
  "timestamp_ms" : 1601047631047,
  "time" : "Fri Sep 25 11:27:11 2020",
  "global options" : {
    "unified_rw_reporting" : "1",
    "time_based" : "1",
    "runtime" : "90",
    "directory" : "/media/auto/work/tmp",
    "filename" : "testfile.dat",
    "filesize" : "20GiB",
    "direct" : "1",
    "ioengine" : "libaio"
  },
  "jobs" : [
    {
      "jobname" : "jobname",
      "groupid" : 0,
      "error" : 0,
      "eta" : 0,
      "elapsed" : 91,
      "job options" : {
        "name" : "jobname",
        "iodepth" : "28",
        "bs" : "256k",
        "rw" : "write"
      },
      "mixed" : {
        "io_bytes" : 73478963200,
        "io_kbytes" : 71756800,
        "bw_bytes" : 816333150,
        "bw" : 797200,
        "iops" : 3114.063837,
        "runtime" : 90011,
        "total_ios" : 280300,
        "short_ios" : 0,
        "drop_ios" : 0,
        "slat_ns" : {
          "min" : 9227,
          "max" : 8187324,
          "mean" : 14399.395473,
          "stddev" : 53301.861371
        },
        "clat_ns" : {
          "min" : 370576,
          "max" : 71477497,
          "mean" : 8975927.345480,
          "stddev" : 4142370.409478,
          "percentile" : {
            "1.000000" : 2670592,
            "5.000000" : 2768896,
            "10.000000" : 2801664,
            "20.000000" : 3129344,
            "30.000000" : 9633792,
            "40.000000" : 10027008,
            "50.000000" : 10289152,
            "60.000000" : 10551296,
            "70.000000" : 10813440,
            "80.000000" : 10944512,
            "90.000000" : 11337728,
            "95.000000" : 11730944,
            "99.000000" : 16449536,
            "99.500000" : 20316160,
            "99.900000" : 53739520,
            "99.950000" : 58982400,
            "99.990000" : 67633152
          }
        },
        "lat_ns" : {
          "min" : 384712,
          "max" : 72183412,
          "mean" : 8990467.142190,
          "stddev" : 4143394.581678
        },
        "bw_min" : 618495,
        "bw_max" : 2466304,
        "bw_agg" : 99.995550,
        "bw_mean" : 797164.527778,
        "bw_dev" : 449877.596662,
        "bw_samples" : 180,
        "iops_min" : 2415,
        "iops_max" : 9634,
        "iops_mean" : 3113.905556,
        "iops_stddev" : 1757.321355,
        "iops_samples" : 180
      },
      "job_runtime" : 90010,
      "usr_cpu" : 1.323186,
      "sys_cpu" : 4.313965,
      "ctx" : 279911,
      "majf" : 0,
      "minf" : 11,
      "iodepth_level" : {
        "1" : 0.100000,
        "2" : 0.100000,
        "4" : 0.100000,
        "8" : 0.100000,
        "16" : 99.978594,
        "32" : 0.000000,
        ">=64" : 0.000000
      },
      "iodepth_submit" : {
        "0" : 0.000000,
        "4" : 100.000000,
        "8" : 0.000000,
        "16" : 0.000000,
        "32" : 0.000000,
        "64" : 0.000000,
        ">=64" : 0.000000
      },
      "iodepth_complete" : {
        "0" : 0.000000,
        "4" : 99.998572,
        "8" : 0.000000,
        "16" : 0.000000,
        "32" : 0.100000,
        "64" : 0.000000,
        ">=64" : 0.000000
      },
      "latency_ns" : {
        "2" : 0.000000,
        "4" : 0.000000,
        "10" : 0.000000,
        "20" : 0.000000,
        "50" : 0.000000,
        "100" : 0.000000,
        "250" : 0.000000,
        "500" : 0.000000,
        "750" : 0.000000,
        "1000" : 0.000000
      },
      "latency_us" : {
        "2" : 0.000000,
        "4" : 0.000000,
        "10" : 0.000000,
        "20" : 0.000000,
        "50" : 0.000000,
        "100" : 0.000000,
        "250" : 0.000000,
        "500" : 0.010000,
        "750" : 0.010000,
        "1000" : 0.010000
      },
      "latency_ms" : {
        "2" : 0.014627,
        "4" : 22.983589,
        "10" : 14.504816,
        "20" : 61.973956,
        "50" : 0.385301,
        "100" : 0.129861,
        "250" : 0.000000,
        "500" : 0.000000,
        "750" : 0.000000,
        "1000" : 0.000000,
        "2000" : 0.000000,
        ">=2000" : 0.000000
      },
      "latency_depth" : 28,
      "latency_target" : 0,
      "latency_percentile" : 100.000000,
      "latency_window" : 0
    }
  ],
  "disk_util" : [
    {
      "name" : "nvme0n1",
      "read_ios" : 0,
      "write_ios" : 280033,
      "read_merges" : 0,
      "write_merges" : 17,
      "read_ticks" : 0,
      "write_ticks" : 2513312,
      "in_queue" : 1796268,
      "util" : 98.414816
    }
  ]
}
